L 12/08/2021 - 02:39:29: SourceMod error session started
L 12/08/2021 - 02:39:29: Info (map "de_mirage") (file "E:\retake\csgoserver\csgo\addons\sourcemod\logs\errors_20211208.log")
L 12/08/2021 - 02:39:29: [SM] Unable to load extension "PhysHooks.ext": Could not find patch signature for symbol: Physics_RunThinkFunctions
L 12/08/2021 - 02:39:31: [SM] Unable to load plugin "bot_inventory.smx": Native "eItems_AreItemsSynced" was not found
L 12/08/2021 - 02:39:31: [SM] Unable to load plugin "bot_stuff.smx": Could not find required plugin "navmesh"
L 12/08/2021 - 02:39:32: [SM] Unable to load plugin "LagCompensation.smx": Required extension "PhysHooks" file("PhysHooks.ext") not running
L 12/08/2021 - 02:39:33: [SM] Fatal error encountered parsing translation file "ranks_matchmaking.phrases.txt"
L 12/08/2021 - 02:39:33: [SM] Error (line 0, column 0): Stream failed to open
L 12/08/2021 - 02:39:33: [SM] Fatal error encountered parsing translation file "instadefuse.phrases.txt"
L 12/08/2021 - 02:39:33: [SM] Error (line 0, column 0): Stream failed to open
L 12/08/2021 - 02:39:54: [SM] Exception reported: Language phrase "Unranked" not found (arg 5)
L 12/08/2021 - 02:39:54: [SM] Blaming: ranks_matchmaking.smx
L 12/08/2021 - 02:39:54: [SM] Call stack trace:
L 12/08/2021 - 02:39:54: [SM]   [0] FormatEx
L 12/08/2021 - 02:39:54: [SM]   [1] Line 174, ranks_matchmaking.sp::GetRanksNames
L 12/08/2021 - 02:39:54: [SM]   [2] Line 169, ranks_matchmaking.sp::OnMapStart
L 12/08/2021 - 02:40:55: Error log file session closed.
L 12/08/2021 - 02:40:55: SourceMod error session started
L 12/08/2021 - 02:40:55: Info (map "de_mirage") (file "E:\retake\csgoserver\csgo\addons\sourcemod\logs\errors_20211208.log")
L 12/08/2021 - 02:40:55: [SM] Fatal error encountered parsing translation file "ranks_matchmaking.phrases.txt"
L 12/08/2021 - 02:40:55: [SM] Error (line 0, column 0): Stream failed to open
L 12/08/2021 - 02:40:55: [SM] Fatal error encountered parsing translation file "instadefuse.phrases.txt"
L 12/08/2021 - 02:40:55: [SM] Error (line 0, column 0): Stream failed to open
L 12/08/2021 - 02:40:56: [SM] Exception reported: Language phrase "Unranked" not found (arg 5)
L 12/08/2021 - 02:40:56: [SM] Blaming: ranks_matchmaking.smx
L 12/08/2021 - 02:40:56: [SM] Call stack trace:
L 12/08/2021 - 02:40:56: [SM]   [0] FormatEx
L 12/08/2021 - 02:40:56: [SM]   [1] Line 174, ranks_matchmaking.sp::GetRanksNames
L 12/08/2021 - 02:40:56: [SM]   [2] Line 169, ranks_matchmaking.sp::OnMapStart
L 12/08/2021 - 02:44:07: [SM] Exception reported: Language phrase "InstaDefuseSuccessful" not found (arg 5)
L 12/08/2021 - 02:44:07: [SM] Blaming: retakes-instadefuse.smx
L 12/08/2021 - 02:44:07: [SM] Call stack trace:
L 12/08/2021 - 02:44:07: [SM]   [0] PrintToChat
L 12/08/2021 - 02:44:07: [SM]   [1] Line 197, plugin.sp::AttemptInstantDefuse
L 12/08/2021 - 02:44:07: [SM]   [2] Line 104, plugin.sp::Event_BombBeginDefusePlusFrame
L 12/08/2021 - 02:44:26: [SM] Exception reported: Language phrase "InstaDefuseSuccessful" not found (arg 5)
L 12/08/2021 - 02:44:26: [SM] Blaming: retakes-instadefuse.smx
L 12/08/2021 - 02:44:26: [SM] Call stack trace:
L 12/08/2021 - 02:44:26: [SM]   [0] PrintToChat
L 12/08/2021 - 02:44:26: [SM]   [1] Line 197, plugin.sp::AttemptInstantDefuse
L 12/08/2021 - 02:44:26: [SM]   [2] Line 104, plugin.sp::Event_BombBeginDefusePlusFrame
L 12/08/2021 - 02:44:42: [SM] Exception reported: Language phrase "InstaDefuseSuccessful" not found (arg 5)
L 12/08/2021 - 02:44:42: [SM] Blaming: retakes-instadefuse.smx
L 12/08/2021 - 02:44:42: [SM] Call stack trace:
L 12/08/2021 - 02:44:42: [SM]   [0] PrintToChat
L 12/08/2021 - 02:44:42: [SM]   [1] Line 197, plugin.sp::AttemptInstantDefuse
L 12/08/2021 - 02:44:42: [SM]   [2] Line 104, plugin.sp::Event_BombBeginDefusePlusFrame
L 12/08/2021 - 02:45:06: [SM] Exception reported: Language phrase "InstaDefuseSuccessful" not found (arg 5)
L 12/08/2021 - 02:45:06: [SM] Blaming: retakes-instadefuse.smx
L 12/08/2021 - 02:45:06: [SM] Call stack trace:
L 12/08/2021 - 02:45:06: [SM]   [0] PrintToChat
L 12/08/2021 - 02:45:06: [SM]   [1] Line 197, plugin.sp::AttemptInstantDefuse
L 12/08/2021 - 02:45:06: [SM]   [2] Line 104, plugin.sp::Event_BombBeginDefusePlusFrame
L 12/08/2021 - 02:45:31: [SM] Exception reported: Language phrase "InstaDefuseSuccessful" not found (arg 5)
L 12/08/2021 - 02:45:31: [SM] Blaming: retakes-instadefuse.smx
L 12/08/2021 - 02:45:31: [SM] Call stack trace:
L 12/08/2021 - 02:45:31: [SM]   [0] PrintToChat
L 12/08/2021 - 02:45:31: [SM]   [1] Line 197, plugin.sp::AttemptInstantDefuse
L 12/08/2021 - 02:45:31: [SM]   [2] Line 104, plugin.sp::Event_BombBeginDefusePlusFrame
L 12/08/2021 - 02:45:44: [SM] Exception reported: Language phrase "InstaDefuseSuccessful" not found (arg 5)
L 12/08/2021 - 02:45:44: [SM] Blaming: retakes-instadefuse.smx
L 12/08/2021 - 02:45:44: [SM] Call stack trace:
L 12/08/2021 - 02:45:44: [SM]   [0] PrintToChat
L 12/08/2021 - 02:45:44: [SM]   [1] Line 197, plugin.sp::AttemptInstantDefuse
L 12/08/2021 - 02:45:44: [SM]   [2] Line 104, plugin.sp::Event_BombBeginDefusePlusFrame
L 12/08/2021 - 02:46:03: [SM] Exception reported: Language phrase "InstaDefuseSuccessful" not found (arg 5)
L 12/08/2021 - 02:46:03: [SM] Blaming: retakes-instadefuse.smx
L 12/08/2021 - 02:46:03: [SM] Call stack trace:
L 12/08/2021 - 02:46:03: [SM]   [0] PrintToChat
L 12/08/2021 - 02:46:03: [SM]   [1] Line 197, plugin.sp::AttemptInstantDefuse
L 12/08/2021 - 02:46:03: [SM]   [2] Line 104, plugin.sp::Event_BombBeginDefusePlusFrame
L 12/08/2021 - 02:46:23: [SM] Exception reported: Language phrase "InstaDefuseSuccessful" not found (arg 5)
L 12/08/2021 - 02:46:23: [SM] Blaming: retakes-instadefuse.smx
L 12/08/2021 - 02:46:23: [SM] Call stack trace:
L 12/08/2021 - 02:46:23: [SM]   [0] PrintToChat
L 12/08/2021 - 02:46:23: [SM]   [1] Line 197, plugin.sp::AttemptInstantDefuse
L 12/08/2021 - 02:46:23: [SM]   [2] Line 104, plugin.sp::Event_BombBeginDefusePlusFrame
L 12/08/2021 - 02:46:43: [SM] Exception reported: Language phrase "InstaDefuseSuccessful" not found (arg 5)
L 12/08/2021 - 02:46:43: [SM] Blaming: retakes-instadefuse.smx
L 12/08/2021 - 02:46:43: [SM] Call stack trace:
L 12/08/2021 - 02:46:43: [SM]   [0] PrintToChat
L 12/08/2021 - 02:46:43: [SM]   [1] Line 197, plugin.sp::AttemptInstantDefuse
L 12/08/2021 - 02:46:43: [SM]   [2] Line 104, plugin.sp::Event_BombBeginDefusePlusFrame
L 12/08/2021 - 02:47:04: [SM] Exception reported: Language phrase "InstaDefuseSuccessful" not found (arg 5)
L 12/08/2021 - 02:47:04: [SM] Blaming: retakes-instadefuse.smx
L 12/08/2021 - 02:47:04: [SM] Call stack trace:
L 12/08/2021 - 02:47:04: [SM]   [0] PrintToChat
L 12/08/2021 - 02:47:04: [SM]   [1] Line 197, plugin.sp::AttemptInstantDefuse
L 12/08/2021 - 02:47:04: [SM]   [2] Line 104, plugin.sp::Event_BombBeginDefusePlusFrame
L 12/08/2021 - 02:47:28: [SM] Exception reported: Language phrase "InstaDefuseSuccessful" not found (arg 5)
L 12/08/2021 - 02:47:28: [SM] Blaming: retakes-instadefuse.smx
L 12/08/2021 - 02:47:28: [SM] Call stack trace:
L 12/08/2021 - 02:47:28: [SM]   [0] PrintToChat
L 12/08/2021 - 02:47:28: [SM]   [1] Line 197, plugin.sp::AttemptInstantDefuse
L 12/08/2021 - 02:47:28: [SM]   [2] Line 104, plugin.sp::Event_BombBeginDefusePlusFrame
L 12/08/2021 - 02:48:01: [SM] Exception reported: Language phrase "InstaDefuseSuccessful" not found (arg 5)
L 12/08/2021 - 02:48:01: [SM] Blaming: retakes-instadefuse.smx
L 12/08/2021 - 02:48:01: [SM] Call stack trace:
L 12/08/2021 - 02:48:01: [SM]   [0] PrintToChat
L 12/08/2021 - 02:48:01: [SM]   [1] Line 197, plugin.sp::AttemptInstantDefuse
L 12/08/2021 - 02:48:01: [SM]   [2] Line 104, plugin.sp::Event_BombBeginDefusePlusFrame
L 12/08/2021 - 02:48:38: [SM] Exception reported: Language phrase "InstaDefuseSuccessful" not found (arg 5)
L 12/08/2021 - 02:48:38: [SM] Blaming: retakes-instadefuse.smx
L 12/08/2021 - 02:48:38: [SM] Call stack trace:
L 12/08/2021 - 02:48:38: [SM]   [0] PrintToChat
L 12/08/2021 - 02:48:38: [SM]   [1] Line 197, plugin.sp::AttemptInstantDefuse
L 12/08/2021 - 02:48:38: [SM]   [2] Line 104, plugin.sp::Event_BombBeginDefusePlusFrame
L 12/08/2021 - 02:48:57: [SM] Exception reported: Language phrase "InstaDefuseSuccessful" not found (arg 5)
L 12/08/2021 - 02:48:57: [SM] Blaming: retakes-instadefuse.smx
L 12/08/2021 - 02:48:57: [SM] Call stack trace:
L 12/08/2021 - 02:48:57: [SM]   [0] PrintToChat
L 12/08/2021 - 02:48:57: [SM]   [1] Line 197, plugin.sp::AttemptInstantDefuse
L 12/08/2021 - 02:48:57: [SM]   [2] Line 104, plugin.sp::Event_BombBeginDefusePlusFrame
L 12/08/2021 - 02:49:14: [SM] Exception reported: Language phrase "InstaDefuseSuccessful" not found (arg 5)
L 12/08/2021 - 02:49:14: [SM] Blaming: retakes-instadefuse.smx
L 12/08/2021 - 02:49:14: [SM] Call stack trace:
L 12/08/2021 - 02:49:14: [SM]   [0] PrintToChat
L 12/08/2021 - 02:49:14: [SM]   [1] Line 197, plugin.sp::AttemptInstantDefuse
L 12/08/2021 - 02:49:14: [SM]   [2] Line 104, plugin.sp::Event_BombBeginDefusePlusFrame
L 12/08/2021 - 02:49:29: [SM] Exception reported: Language phrase "InstaDefuseSuccessful" not found (arg 5)
L 12/08/2021 - 02:49:29: [SM] Blaming: retakes-instadefuse.smx
L 12/08/2021 - 02:49:29: [SM] Call stack trace:
L 12/08/2021 - 02:49:29: [SM]   [0] PrintToChat
L 12/08/2021 - 02:49:29: [SM]   [1] Line 197, plugin.sp::AttemptInstantDefuse
L 12/08/2021 - 02:49:29: [SM]   [2] Line 104, plugin.sp::Event_BombBeginDefusePlusFrame
L 12/08/2021 - 02:49:55: [SM] Exception reported: Language phrase "InstaDefuseSuccessful" not found (arg 5)
L 12/08/2021 - 02:49:55: [SM] Blaming: retakes-instadefuse.smx
L 12/08/2021 - 02:49:55: [SM] Call stack trace:
L 12/08/2021 - 02:49:55: [SM]   [0] PrintToChat
L 12/08/2021 - 02:49:55: [SM]   [1] Line 197, plugin.sp::AttemptInstantDefuse
L 12/08/2021 - 02:49:55: [SM]   [2] Line 104, plugin.sp::Event_BombBeginDefusePlusFrame
L 12/08/2021 - 02:50:20: [SM] Exception reported: Language phrase "InstaDefuseSuccessful" not found (arg 5)
L 12/08/2021 - 02:50:20: [SM] Blaming: retakes-instadefuse.smx
L 12/08/2021 - 02:50:20: [SM] Call stack trace:
L 12/08/2021 - 02:50:20: [SM]   [0] PrintToChat
L 12/08/2021 - 02:50:20: [SM]   [1] Line 197, plugin.sp::AttemptInstantDefuse
L 12/08/2021 - 02:50:20: [SM]   [2] Line 104, plugin.sp::Event_BombBeginDefusePlusFrame
L 12/08/2021 - 02:51:15: [SM] Exception reported: Language phrase "InstaDefuseSuccessful" not found (arg 5)
L 12/08/2021 - 02:51:15: [SM] Blaming: retakes-instadefuse.smx
L 12/08/2021 - 02:51:15: [SM] Call stack trace:
L 12/08/2021 - 02:51:15: [SM]   [0] PrintToChat
L 12/08/2021 - 02:51:15: [SM]   [1] Line 197, plugin.sp::AttemptInstantDefuse
L 12/08/2021 - 02:51:15: [SM]   [2] Line 104, plugin.sp::Event_BombBeginDefusePlusFrame
L 12/08/2021 - 02:51:41: [SM] Exception reported: Language phrase "InstaDefuseSuccessful" not found (arg 5)
L 12/08/2021 - 02:51:41: [SM] Blaming: retakes-instadefuse.smx
L 12/08/2021 - 02:51:41: [SM] Call stack trace:
L 12/08/2021 - 02:51:41: [SM]   [0] PrintToChat
L 12/08/2021 - 02:51:41: [SM]   [1] Line 197, plugin.sp::AttemptInstantDefuse
L 12/08/2021 - 02:51:41: [SM]   [2] Line 104, plugin.sp::Event_BombBeginDefusePlusFrame
L 12/08/2021 - 02:51:55: [SM] Exception reported: Language phrase "InstaDefuseSuccessful" not found (arg 5)
L 12/08/2021 - 02:51:55: [SM] Blaming: retakes-instadefuse.smx
L 12/08/2021 - 02:51:55: [SM] Call stack trace:
L 12/08/2021 - 02:51:55: [SM]   [0] PrintToChat
L 12/08/2021 - 02:51:55: [SM]   [1] Line 197, plugin.sp::AttemptInstantDefuse
L 12/08/2021 - 02:51:55: [SM]   [2] Line 104, plugin.sp::Event_BombBeginDefusePlusFrame
L 12/08/2021 - 02:51:56: [SM] Exception reported: Language phrase "InstaDefuseSuccessful" not found (arg 5)
L 12/08/2021 - 02:51:56: [SM] Blaming: retakes-instadefuse.smx
L 12/08/2021 - 02:51:56: [SM] Call stack trace:
L 12/08/2021 - 02:51:56: [SM]   [0] PrintToChat
L 12/08/2021 - 02:51:56: [SM]   [1] Line 197, plugin.sp::AttemptInstantDefuse
L 12/08/2021 - 02:51:56: [SM]   [2] Line 104, plugin.sp::Event_BombBeginDefusePlusFrame
L 12/08/2021 - 02:52:59: [SM] Exception reported: Language phrase "InstaDefuseSuccessful" not found (arg 5)
L 12/08/2021 - 02:52:59: [SM] Blaming: retakes-instadefuse.smx
L 12/08/2021 - 02:52:59: [SM] Call stack trace:
L 12/08/2021 - 02:52:59: [SM]   [0] PrintToChat
L 12/08/2021 - 02:52:59: [SM]   [1] Line 197, plugin.sp::AttemptInstantDefuse
L 12/08/2021 - 02:52:59: [SM]   [2] Line 104, plugin.sp::Event_BombBeginDefusePlusFrame
L 12/08/2021 - 02:53:36: [SM] Exception reported: Language phrase "InstaDefuseSuccessful" not found (arg 5)
L 12/08/2021 - 02:53:36: [SM] Blaming: retakes-instadefuse.smx
L 12/08/2021 - 02:53:36: [SM] Call stack trace:
L 12/08/2021 - 02:53:36: [SM]   [0] PrintToChat
L 12/08/2021 - 02:53:36: [SM]   [1] Line 197, plugin.sp::AttemptInstantDefuse
L 12/08/2021 - 02:53:36: [SM]   [2] Line 104, plugin.sp::Event_BombBeginDefusePlusFrame
L 12/08/2021 - 02:54:17: [SM] Exception reported: Language phrase "InstaDefuseSuccessful" not found (arg 5)
L 12/08/2021 - 02:54:17: [SM] Blaming: retakes-instadefuse.smx
L 12/08/2021 - 02:54:17: [SM] Call stack trace:
L 12/08/2021 - 02:54:17: [SM]   [0] PrintToChat
L 12/08/2021 - 02:54:17: [SM]   [1] Line 197, plugin.sp::AttemptInstantDefuse
L 12/08/2021 - 02:54:17: [SM]   [2] Line 104, plugin.sp::Event_BombBeginDefusePlusFrame
L 12/08/2021 - 02:54:35: [SM] Exception reported: Language phrase "InstaDefuseSuccessful" not found (arg 5)
L 12/08/2021 - 02:54:35: [SM] Blaming: retakes-instadefuse.smx
L 12/08/2021 - 02:54:35: [SM] Call stack trace:
L 12/08/2021 - 02:54:35: [SM]   [0] PrintToChat
L 12/08/2021 - 02:54:35: [SM]   [1] Line 197, plugin.sp::AttemptInstantDefuse
L 12/08/2021 - 02:54:35: [SM]   [2] Line 104, plugin.sp::Event_BombBeginDefusePlusFrame
L 12/08/2021 - 02:54:58: [SM] Exception reported: Language phrase "InstaDefuseSuccessful" not found (arg 5)
L 12/08/2021 - 02:54:58: [SM] Blaming: retakes-instadefuse.smx
L 12/08/2021 - 02:54:58: [SM] Call stack trace:
L 12/08/2021 - 02:54:58: [SM]   [0] PrintToChat
L 12/08/2021 - 02:54:58: [SM]   [1] Line 197, plugin.sp::AttemptInstantDefuse
L 12/08/2021 - 02:54:58: [SM]   [2] Line 104, plugin.sp::Event_BombBeginDefusePlusFrame
L 12/08/2021 - 02:55:13: [SM] Exception reported: Language phrase "InstaDefuseSuccessful" not found (arg 5)
L 12/08/2021 - 02:55:13: [SM] Blaming: retakes-instadefuse.smx
L 12/08/2021 - 02:55:13: [SM] Call stack trace:
L 12/08/2021 - 02:55:13: [SM]   [0] PrintToChat
L 12/08/2021 - 02:55:13: [SM]   [1] Line 197, plugin.sp::AttemptInstantDefuse
L 12/08/2021 - 02:55:13: [SM]   [2] Line 104, plugin.sp::Event_BombBeginDefusePlusFrame
L 12/08/2021 - 02:55:46: [SM] Exception reported: Language phrase "InstaDefuseSuccessful" not found (arg 5)
L 12/08/2021 - 02:55:46: [SM] Blaming: retakes-instadefuse.smx
L 12/08/2021 - 02:55:46: [SM] Call stack trace:
L 12/08/2021 - 02:55:46: [SM]   [0] PrintToChat
L 12/08/2021 - 02:55:46: [SM]   [1] Line 197, plugin.sp::AttemptInstantDefuse
L 12/08/2021 - 02:55:46: [SM]   [2] Line 104, plugin.sp::Event_BombBeginDefusePlusFrame
L 12/08/2021 - 02:56:22: [SM] Exception reported: Language phrase "InstaDefuseSuccessful" not found (arg 5)
L 12/08/2021 - 02:56:22: [SM] Blaming: retakes-instadefuse.smx
L 12/08/2021 - 02:56:22: [SM] Call stack trace:
L 12/08/2021 - 02:56:22: [SM]   [0] PrintToChat
L 12/08/2021 - 02:56:22: [SM]   [1] Line 197, plugin.sp::AttemptInstantDefuse
L 12/08/2021 - 02:56:22: [SM]   [2] Line 104, plugin.sp::Event_BombBeginDefusePlusFrame
L 12/08/2021 - 02:56:38: [SM] Exception reported: Language phrase "InstaDefuseSuccessful" not found (arg 5)
L 12/08/2021 - 02:56:38: [SM] Blaming: retakes-instadefuse.smx
L 12/08/2021 - 02:56:38: [SM] Call stack trace:
L 12/08/2021 - 02:56:38: [SM]   [0] PrintToChat
L 12/08/2021 - 02:56:38: [SM]   [1] Line 197, plugin.sp::AttemptInstantDefuse
L 12/08/2021 - 02:56:38: [SM]   [2] Line 104, plugin.sp::Event_BombBeginDefusePlusFrame
L 12/08/2021 - 02:56:54: [SM] Exception reported: Language phrase "InstaDefuseSuccessful" not found (arg 5)
L 12/08/2021 - 02:56:54: [SM] Blaming: retakes-instadefuse.smx
L 12/08/2021 - 02:56:54: [SM] Call stack trace:
L 12/08/2021 - 02:56:54: [SM]   [0] PrintToChat
L 12/08/2021 - 02:56:54: [SM]   [1] Line 197, plugin.sp::AttemptInstantDefuse
L 12/08/2021 - 02:56:54: [SM]   [2] Line 104, plugin.sp::Event_BombBeginDefusePlusFrame
L 12/08/2021 - 02:57:12: [SM] Exception reported: Language phrase "InstaDefuseSuccessful" not found (arg 5)
L 12/08/2021 - 02:57:12: [SM] Blaming: retakes-instadefuse.smx
L 12/08/2021 - 02:57:12: [SM] Call stack trace:
L 12/08/2021 - 02:57:12: [SM]   [0] PrintToChat
L 12/08/2021 - 02:57:12: [SM]   [1] Line 197, plugin.sp::AttemptInstantDefuse
L 12/08/2021 - 02:57:12: [SM]   [2] Line 104, plugin.sp::Event_BombBeginDefusePlusFrame
L 12/08/2021 - 02:57:27: [SM] Exception reported: Language phrase "InstaDefuseSuccessful" not found (arg 5)
L 12/08/2021 - 02:57:27: [SM] Blaming: retakes-instadefuse.smx
L 12/08/2021 - 02:57:27: [SM] Call stack trace:
L 12/08/2021 - 02:57:27: [SM]   [0] PrintToChat
L 12/08/2021 - 02:57:27: [SM]   [1] Line 197, plugin.sp::AttemptInstantDefuse
L 12/08/2021 - 02:57:27: [SM]   [2] Line 104, plugin.sp::Event_BombBeginDefusePlusFrame
L 12/08/2021 - 02:57:29: [SM] Exception reported: Language phrase "InstaDefuseSuccessful" not found (arg 5)
L 12/08/2021 - 02:57:29: [SM] Blaming: retakes-instadefuse.smx
L 12/08/2021 - 02:57:29: [SM] Call stack trace:
L 12/08/2021 - 02:57:29: [SM]   [0] PrintToChat
L 12/08/2021 - 02:57:29: [SM]   [1] Line 197, plugin.sp::AttemptInstantDefuse
L 12/08/2021 - 02:57:29: [SM]   [2] Line 104, plugin.sp::Event_BombBeginDefusePlusFrame
L 12/08/2021 - 02:57:56: [SM] Exception reported: Language phrase "InstaDefuseSuccessful" not found (arg 5)
L 12/08/2021 - 02:57:56: [SM] Blaming: retakes-instadefuse.smx
L 12/08/2021 - 02:57:56: [SM] Call stack trace:
L 12/08/2021 - 02:57:56: [SM]   [0] PrintToChat
L 12/08/2021 - 02:57:56: [SM]   [1] Line 197, plugin.sp::AttemptInstantDefuse
L 12/08/2021 - 02:57:56: [SM]   [2] Line 104, plugin.sp::Event_BombBeginDefusePlusFrame
L 12/08/2021 - 02:58:11: [SM] Exception reported: Language phrase "InstaDefuseSuccessful" not found (arg 5)
L 12/08/2021 - 02:58:11: [SM] Blaming: retakes-instadefuse.smx
L 12/08/2021 - 02:58:11: [SM] Call stack trace:
L 12/08/2021 - 02:58:11: [SM]   [0] PrintToChat
L 12/08/2021 - 02:58:11: [SM]   [1] Line 197, plugin.sp::AttemptInstantDefuse
L 12/08/2021 - 02:58:11: [SM]   [2] Line 104, plugin.sp::Event_BombBeginDefusePlusFrame
L 12/08/2021 - 02:58:28: [SM] Exception reported: Language phrase "InstaDefuseSuccessful" not found (arg 5)
L 12/08/2021 - 02:58:28: [SM] Blaming: retakes-instadefuse.smx
L 12/08/2021 - 02:58:28: [SM] Call stack trace:
L 12/08/2021 - 02:58:28: [SM]   [0] PrintToChat
L 12/08/2021 - 02:58:28: [SM]   [1] Line 197, plugin.sp::AttemptInstantDefuse
L 12/08/2021 - 02:58:28: [SM]   [2] Line 104, plugin.sp::Event_BombBeginDefusePlusFrame
