L 03/24/2023 - 01:06:59: SourceMod error session started
L 03/24/2023 - 01:06:59: Info (map "de_dust2") (file "F:\CSRetake\csgo_server\csgo\addons\sourcemod\logs\errors_20230324.log")
L 03/24/2023 - 01:06:59: [SM] Unable to load extension "PhysHooks.ext": Could not find patch signature for symbol: Physics_RunThinkFunctions
L 03/24/2023 - 01:07:00: [SM] Unable to load plugin "bot_inventory.smx": Native "eItems_AreItemsSynced" was not found
L 03/24/2023 - 01:07:00: [SM] Unable to load plugin "bot_stuff.smx": Could not find required plugin "navmesh"
L 03/24/2023 - 01:07:00: [SM] Unable to load plugin "LagCompensation.smx": Required extension "PhysHooks" file("PhysHooks.ext") not running
L 03/24/2023 - 01:07:01: [SM] Fatal error encountered parsing translation file "ranks_matchmaking.phrases.txt"
L 03/24/2023 - 01:07:01: [SM] Error (line 0, column 0): Stream failed to open
L 03/24/2023 - 01:07:01: [SM] Fatal error encountered parsing translation file "instadefuse.phrases.txt"
L 03/24/2023 - 01:07:01: [SM] Error (line 0, column 0): Stream failed to open
L 03/24/2023 - 01:07:23: [SM] Exception reported: Language phrase "Unranked" not found (arg 5)
L 03/24/2023 - 01:07:23: [SM] Blaming: ranks_matchmaking.smx
L 03/24/2023 - 01:07:23: [SM] Call stack trace:
L 03/24/2023 - 01:07:23: [SM]   [0] FormatEx
L 03/24/2023 - 01:07:23: [SM]   [1] Line 174, ranks_matchmaking.sp::GetRanksNames
L 03/24/2023 - 01:07:23: [SM]   [2] Line 169, ranks_matchmaking.sp::OnMapStart
L 03/24/2023 - 01:12:26: SourceMod error session started
L 03/24/2023 - 01:12:26: Info (map "de_dust2") (file "F:\CSRetake\csgo_server\csgo\addons\sourcemod\logs\errors_20230324.log")
L 03/24/2023 - 01:12:26: [SM] Unable to load extension "PhysHooks.ext": Could not find patch signature for symbol: Physics_RunThinkFunctions
L 03/24/2023 - 01:12:26: [SM] Unable to load plugin "bot_inventory.smx": Native "eItems_AreItemsSynced" was not found
L 03/24/2023 - 01:12:26: [SM] Unable to load plugin "bot_stuff.smx": Could not find required plugin "navmesh"
L 03/24/2023 - 01:12:26: [SM] Unable to load plugin "LagCompensation.smx": Required extension "PhysHooks" file("PhysHooks.ext") not running
L 03/24/2023 - 01:12:26: [SM] Fatal error encountered parsing translation file "ranks_matchmaking.phrases.txt"
L 03/24/2023 - 01:12:26: [SM] Error (line 0, column 0): Stream failed to open
L 03/24/2023 - 01:12:26: [SM] Fatal error encountered parsing translation file "instadefuse.phrases.txt"
L 03/24/2023 - 01:12:26: [SM] Error (line 0, column 0): Stream failed to open
L 03/24/2023 - 01:12:30: [SM] Exception reported: Language phrase "Unranked" not found (arg 5)
L 03/24/2023 - 01:12:30: [SM] Blaming: ranks_matchmaking.smx
L 03/24/2023 - 01:12:30: [SM] Call stack trace:
L 03/24/2023 - 01:12:30: [SM]   [0] FormatEx
L 03/24/2023 - 01:12:30: [SM]   [1] Line 174, ranks_matchmaking.sp::GetRanksNames
L 03/24/2023 - 01:12:30: [SM]   [2] Line 169, ranks_matchmaking.sp::OnMapStart
L 03/24/2023 - 01:12:52: SourceMod error session started
L 03/24/2023 - 01:12:52: Info (map "de_dust2") (file "F:\CSRetake\csgo_server\csgo\addons\sourcemod\logs\errors_20230324.log")
L 03/24/2023 - 01:12:52: [SM] Unable to load extension "PhysHooks.ext": Could not find patch signature for symbol: Physics_RunThinkFunctions
L 03/24/2023 - 01:12:52: [SM] Unable to load plugin "bot_inventory.smx": Native "eItems_AreItemsSynced" was not found
L 03/24/2023 - 01:12:52: [SM] Unable to load plugin "bot_stuff.smx": Could not find required plugin "navmesh"
L 03/24/2023 - 01:12:52: [SM] Unable to load plugin "LagCompensation.smx": Required extension "PhysHooks" file("PhysHooks.ext") not running
L 03/24/2023 - 01:12:52: [SM] Fatal error encountered parsing translation file "ranks_matchmaking.phrases.txt"
L 03/24/2023 - 01:12:52: [SM] Error (line 0, column 0): Stream failed to open
L 03/24/2023 - 01:12:52: [SM] Fatal error encountered parsing translation file "instadefuse.phrases.txt"
L 03/24/2023 - 01:12:52: [SM] Error (line 0, column 0): Stream failed to open
L 03/24/2023 - 01:12:55: [SM] Exception reported: Language phrase "Unranked" not found (arg 5)
L 03/24/2023 - 01:12:55: [SM] Blaming: ranks_matchmaking.smx
L 03/24/2023 - 01:12:55: [SM] Call stack trace:
L 03/24/2023 - 01:12:55: [SM]   [0] FormatEx
L 03/24/2023 - 01:12:55: [SM]   [1] Line 174, ranks_matchmaking.sp::GetRanksNames
L 03/24/2023 - 01:12:55: [SM]   [2] Line 169, ranks_matchmaking.sp::OnMapStart
L 03/24/2023 - 01:13:21: SourceMod error session started
L 03/24/2023 - 01:13:21: Info (map "de_dust2") (file "F:\CSRetake\csgo_server\csgo\addons\sourcemod\logs\errors_20230324.log")
L 03/24/2023 - 01:13:21: [SM] Unable to load extension "PhysHooks.ext": Could not find patch signature for symbol: Physics_RunThinkFunctions
L 03/24/2023 - 01:13:21: [SM] Unable to load plugin "bot_inventory.smx": Native "eItems_AreItemsSynced" was not found
L 03/24/2023 - 01:13:21: [SM] Unable to load plugin "bot_stuff.smx": Could not find required plugin "navmesh"
L 03/24/2023 - 01:13:21: [SM] Unable to load plugin "LagCompensation.smx": Required extension "PhysHooks" file("PhysHooks.ext") not running
L 03/24/2023 - 01:13:21: [SM] Fatal error encountered parsing translation file "ranks_matchmaking.phrases.txt"
L 03/24/2023 - 01:13:21: [SM] Error (line 0, column 0): Stream failed to open
L 03/24/2023 - 01:13:21: [SM] Fatal error encountered parsing translation file "instadefuse.phrases.txt"
L 03/24/2023 - 01:13:21: [SM] Error (line 0, column 0): Stream failed to open
L 03/24/2023 - 01:13:23: [SM] Exception reported: Language phrase "Unranked" not found (arg 5)
L 03/24/2023 - 01:13:23: [SM] Blaming: ranks_matchmaking.smx
L 03/24/2023 - 01:13:23: [SM] Call stack trace:
L 03/24/2023 - 01:13:23: [SM]   [0] FormatEx
L 03/24/2023 - 01:13:23: [SM]   [1] Line 174, ranks_matchmaking.sp::GetRanksNames
L 03/24/2023 - 01:13:23: [SM]   [2] Line 169, ranks_matchmaking.sp::OnMapStart
L 03/24/2023 - 01:16:04: SourceMod error session started
L 03/24/2023 - 01:16:04: Info (map "de_dust2") (file "F:\CSRetake\csgo_server\csgo\addons\sourcemod\logs\errors_20230324.log")
L 03/24/2023 - 01:16:04: [SM] Unable to load extension "PhysHooks.ext": Could not find patch signature for symbol: Physics_RunThinkFunctions
L 03/24/2023 - 01:16:04: [SM] Unable to load plugin "bot_inventory.smx": Native "eItems_AreItemsSynced" was not found
L 03/24/2023 - 01:16:04: [SM] Unable to load plugin "bot_stuff.smx": Could not find required plugin "navmesh"
L 03/24/2023 - 01:16:04: [SM] Unable to load plugin "LagCompensation.smx": Required extension "PhysHooks" file("PhysHooks.ext") not running
L 03/24/2023 - 01:16:05: [SM] Fatal error encountered parsing translation file "ranks_matchmaking.phrases.txt"
L 03/24/2023 - 01:16:05: [SM] Error (line 0, column 0): Stream failed to open
L 03/24/2023 - 01:16:05: [SM] Fatal error encountered parsing translation file "instadefuse.phrases.txt"
L 03/24/2023 - 01:16:05: [SM] Error (line 0, column 0): Stream failed to open
L 03/24/2023 - 01:16:07: [SM] Exception reported: Language phrase "Unranked" not found (arg 5)
L 03/24/2023 - 01:16:07: [SM] Blaming: ranks_matchmaking.smx
L 03/24/2023 - 01:16:07: [SM] Call stack trace:
L 03/24/2023 - 01:16:07: [SM]   [0] FormatEx
L 03/24/2023 - 01:16:07: [SM]   [1] Line 174, ranks_matchmaking.sp::GetRanksNames
L 03/24/2023 - 01:16:07: [SM]   [2] Line 169, ranks_matchmaking.sp::OnMapStart
L 03/24/2023 - 23:59:13: SourceMod error session started
L 03/24/2023 - 23:59:13: Info (map "de_dust2") (file "F:\CSRetake\csgo_server\csgo\addons\sourcemod\logs\errors_20230324.log")
L 03/24/2023 - 23:59:13: [SM] Unable to load extension "PhysHooks.ext": Could not find patch signature for symbol: Physics_RunThinkFunctions
L 03/24/2023 - 23:59:13: [SM] Unable to load plugin "bot_inventory.smx": Native "eItems_AreItemsSynced" was not found
L 03/24/2023 - 23:59:13: [SM] Unable to load plugin "bot_stuff.smx": Could not find required plugin "navmesh"
L 03/24/2023 - 23:59:14: [SM] Unable to load plugin "LagCompensation.smx": Required extension "PhysHooks" file("PhysHooks.ext") not running
L 03/24/2023 - 23:59:14: [SM] Fatal error encountered parsing translation file "ranks_matchmaking.phrases.txt"
L 03/24/2023 - 23:59:14: [SM] Error (line 0, column 0): Stream failed to open
L 03/24/2023 - 23:59:14: [SM] Fatal error encountered parsing translation file "instadefuse.phrases.txt"
L 03/24/2023 - 23:59:14: [SM] Error (line 0, column 0): Stream failed to open
L 03/24/2023 - 23:59:31: [SM] Exception reported: Language phrase "Unranked" not found (arg 5)
L 03/24/2023 - 23:59:31: [SM] Blaming: ranks_matchmaking.smx
L 03/24/2023 - 23:59:31: [SM] Call stack trace:
L 03/24/2023 - 23:59:31: [SM]   [0] FormatEx
L 03/24/2023 - 23:59:31: [SM]   [1] Line 174, ranks_matchmaking.sp::GetRanksNames
L 03/24/2023 - 23:59:31: [SM]   [2] Line 169, ranks_matchmaking.sp::OnMapStart
