L 09/27/2021 - 00:02:24: SourceMod error session started
L 09/27/2021 - 00:02:24: Info (map "de_mirage") (file "E:\retake\csgoserver\csgo\addons\sourcemod\logs\errors_20210927.log")
L 09/27/2021 - 00:02:24: [SM] Exception reported: Language phrase "InstaDefuseSuccessful" not found (arg 5)
L 09/27/2021 - 00:02:24: [SM] Blaming: retakes-instadefuse.smx
L 09/27/2021 - 00:02:24: [SM] Call stack trace:
L 09/27/2021 - 00:02:24: [SM]   [0] PrintToChat
L 09/27/2021 - 00:02:24: [SM]   [1] Line 197, plugin.sp::AttemptInstantDefuse
L 09/27/2021 - 00:02:24: [SM]   [2] Line 104, plugin.sp::Event_BombBeginDefusePlusFrame
L 09/27/2021 - 00:02:42: [SM] Exception reported: Language phrase "InstaDefuseSuccessful" not found (arg 5)
L 09/27/2021 - 00:02:42: [SM] Blaming: retakes-instadefuse.smx
L 09/27/2021 - 00:02:42: [SM] Call stack trace:
L 09/27/2021 - 00:02:42: [SM]   [0] PrintToChat
L 09/27/2021 - 00:02:42: [SM]   [1] Line 197, plugin.sp::AttemptInstantDefuse
L 09/27/2021 - 00:02:42: [SM]   [2] Line 104, plugin.sp::Event_BombBeginDefusePlusFrame
L 09/27/2021 - 00:03:53: [SM] Exception reported: Language phrase "InstaDefuseSuccessful" not found (arg 5)
L 09/27/2021 - 00:03:53: [SM] Blaming: retakes-instadefuse.smx
L 09/27/2021 - 00:03:53: [SM] Call stack trace:
L 09/27/2021 - 00:03:53: [SM]   [0] PrintToChat
L 09/27/2021 - 00:03:53: [SM]   [1] Line 197, plugin.sp::AttemptInstantDefuse
L 09/27/2021 - 00:03:53: [SM]   [2] Line 104, plugin.sp::Event_BombBeginDefusePlusFrame
L 09/27/2021 - 00:04:56: [SM] Exception reported: Language phrase "InstaDefuseSuccessful" not found (arg 5)
L 09/27/2021 - 00:04:56: [SM] Blaming: retakes-instadefuse.smx
L 09/27/2021 - 00:04:56: [SM] Call stack trace:
L 09/27/2021 - 00:04:56: [SM]   [0] PrintToChat
L 09/27/2021 - 00:04:56: [SM]   [1] Line 197, plugin.sp::AttemptInstantDefuse
L 09/27/2021 - 00:04:56: [SM]   [2] Line 104, plugin.sp::Event_BombBeginDefusePlusFrame
L 09/27/2021 - 00:06:22: [SM] Exception reported: Language phrase "InstaDefuseSuccessful" not found (arg 5)
L 09/27/2021 - 00:06:22: [SM] Blaming: retakes-instadefuse.smx
L 09/27/2021 - 00:06:22: [SM] Call stack trace:
L 09/27/2021 - 00:06:22: [SM]   [0] PrintToChat
L 09/27/2021 - 00:06:22: [SM]   [1] Line 197, plugin.sp::AttemptInstantDefuse
L 09/27/2021 - 00:06:22: [SM]   [2] Line 104, plugin.sp::Event_BombBeginDefusePlusFrame
L 09/27/2021 - 00:06:43: [SM] Exception reported: Language phrase "InstaDefuseSuccessful" not found (arg 5)
L 09/27/2021 - 00:06:43: [SM] Blaming: retakes-instadefuse.smx
L 09/27/2021 - 00:06:43: [SM] Call stack trace:
L 09/27/2021 - 00:06:43: [SM]   [0] PrintToChat
L 09/27/2021 - 00:06:43: [SM]   [1] Line 197, plugin.sp::AttemptInstantDefuse
L 09/27/2021 - 00:06:43: [SM]   [2] Line 104, plugin.sp::Event_BombBeginDefusePlusFrame
L 09/27/2021 - 00:07:14: [SM] Exception reported: Language phrase "InstaDefuseSuccessful" not found (arg 5)
L 09/27/2021 - 00:07:14: [SM] Blaming: retakes-instadefuse.smx
L 09/27/2021 - 00:07:14: [SM] Call stack trace:
L 09/27/2021 - 00:07:14: [SM]   [0] PrintToChat
L 09/27/2021 - 00:07:14: [SM]   [1] Line 197, plugin.sp::AttemptInstantDefuse
L 09/27/2021 - 00:07:14: [SM]   [2] Line 104, plugin.sp::Event_BombBeginDefusePlusFrame
L 09/27/2021 - 00:08:13: [SM] Exception reported: Language phrase "InstaDefuseSuccessful" not found (arg 5)
L 09/27/2021 - 00:08:13: [SM] Blaming: retakes-instadefuse.smx
L 09/27/2021 - 00:08:13: [SM] Call stack trace:
L 09/27/2021 - 00:08:13: [SM]   [0] PrintToChat
L 09/27/2021 - 00:08:13: [SM]   [1] Line 197, plugin.sp::AttemptInstantDefuse
L 09/27/2021 - 00:08:13: [SM]   [2] Line 104, plugin.sp::Event_BombBeginDefusePlusFrame
L 09/27/2021 - 00:08:59: [SM] Exception reported: Language phrase "InstaDefuseSuccessful" not found (arg 5)
L 09/27/2021 - 00:08:59: [SM] Blaming: retakes-instadefuse.smx
L 09/27/2021 - 00:08:59: [SM] Call stack trace:
L 09/27/2021 - 00:08:59: [SM]   [0] PrintToChat
L 09/27/2021 - 00:08:59: [SM]   [1] Line 197, plugin.sp::AttemptInstantDefuse
L 09/27/2021 - 00:08:59: [SM]   [2] Line 104, plugin.sp::Event_BombBeginDefusePlusFrame
L 09/27/2021 - 00:09:41: [SM] Exception reported: Language phrase "InstaDefuseUnsuccessful" not found (arg 5)
L 09/27/2021 - 00:09:41: [SM] Blaming: retakes-instadefuse.smx
L 09/27/2021 - 00:09:41: [SM] Call stack trace:
L 09/27/2021 - 00:09:41: [SM]   [0] PrintToChat
L 09/27/2021 - 00:09:41: [SM]   [1] Line 143, plugin.sp::AttemptInstantDefuse
L 09/27/2021 - 00:09:41: [SM]   [2] Line 104, plugin.sp::Event_BombBeginDefusePlusFrame
L 09/27/2021 - 00:09:41: [SM] Exception reported: Language phrase "InstaDefuseUnsuccessful" not found (arg 5)
L 09/27/2021 - 00:09:41: [SM] Blaming: retakes-instadefuse.smx
L 09/27/2021 - 00:09:41: [SM] Call stack trace:
L 09/27/2021 - 00:09:41: [SM]   [0] PrintToChat
L 09/27/2021 - 00:09:41: [SM]   [1] Line 143, plugin.sp::AttemptInstantDefuse
L 09/27/2021 - 00:09:41: [SM]   [2] Line 104, plugin.sp::Event_BombBeginDefusePlusFrame
L 09/27/2021 - 00:10:19: [SM] Exception reported: Language phrase "InstaDefuseSuccessful" not found (arg 5)
L 09/27/2021 - 00:10:19: [SM] Blaming: retakes-instadefuse.smx
L 09/27/2021 - 00:10:19: [SM] Call stack trace:
L 09/27/2021 - 00:10:19: [SM]   [0] PrintToChat
L 09/27/2021 - 00:10:19: [SM]   [1] Line 197, plugin.sp::AttemptInstantDefuse
L 09/27/2021 - 00:10:19: [SM]   [2] Line 104, plugin.sp::Event_BombBeginDefusePlusFrame
L 09/27/2021 - 00:11:53: [SM] Exception reported: Language phrase "InstaDefuseSuccessful" not found (arg 5)
L 09/27/2021 - 00:11:53: [SM] Blaming: retakes-instadefuse.smx
L 09/27/2021 - 00:11:53: [SM] Call stack trace:
L 09/27/2021 - 00:11:53: [SM]   [0] PrintToChat
L 09/27/2021 - 00:11:53: [SM]   [1] Line 197, plugin.sp::AttemptInstantDefuse
L 09/27/2021 - 00:11:53: [SM]   [2] Line 104, plugin.sp::Event_BombBeginDefusePlusFrame
L 09/27/2021 - 00:12:58: [SM] Exception reported: Language phrase "InstaDefuseSuccessful" not found (arg 5)
L 09/27/2021 - 00:12:58: [SM] Blaming: retakes-instadefuse.smx
L 09/27/2021 - 00:12:58: [SM] Call stack trace:
L 09/27/2021 - 00:12:58: [SM]   [0] PrintToChat
L 09/27/2021 - 00:12:58: [SM]   [1] Line 197, plugin.sp::AttemptInstantDefuse
L 09/27/2021 - 00:12:58: [SM]   [2] Line 104, plugin.sp::Event_BombBeginDefusePlusFrame
L 09/27/2021 - 00:13:23: [SM] Exception reported: Language phrase "InstaDefuseSuccessful" not found (arg 5)
L 09/27/2021 - 00:13:23: [SM] Blaming: retakes-instadefuse.smx
L 09/27/2021 - 00:13:23: [SM] Call stack trace:
L 09/27/2021 - 00:13:23: [SM]   [0] PrintToChat
L 09/27/2021 - 00:13:23: [SM]   [1] Line 197, plugin.sp::AttemptInstantDefuse
L 09/27/2021 - 00:13:23: [SM]   [2] Line 104, plugin.sp::Event_BombBeginDefusePlusFrame
L 09/27/2021 - 00:13:58: [SM] Exception reported: Language phrase "InstaDefuseSuccessful" not found (arg 5)
L 09/27/2021 - 00:13:58: [SM] Blaming: retakes-instadefuse.smx
L 09/27/2021 - 00:13:58: [SM] Call stack trace:
L 09/27/2021 - 00:13:58: [SM]   [0] PrintToChat
L 09/27/2021 - 00:13:58: [SM]   [1] Line 197, plugin.sp::AttemptInstantDefuse
L 09/27/2021 - 00:13:58: [SM]   [2] Line 104, plugin.sp::Event_BombBeginDefusePlusFrame
L 09/27/2021 - 00:14:58: [SM] Exception reported: Language phrase "InstaDefuseSuccessful" not found (arg 5)
L 09/27/2021 - 00:14:58: [SM] Blaming: retakes-instadefuse.smx
L 09/27/2021 - 00:14:58: [SM] Call stack trace:
L 09/27/2021 - 00:14:58: [SM]   [0] PrintToChat
L 09/27/2021 - 00:14:58: [SM]   [1] Line 197, plugin.sp::AttemptInstantDefuse
L 09/27/2021 - 00:14:58: [SM]   [2] Line 104, plugin.sp::Event_BombBeginDefusePlusFrame
L 09/27/2021 - 00:14:58: [SM] Exception reported: Language phrase "InstaDefuseSuccessful" not found (arg 5)
L 09/27/2021 - 00:14:58: [SM] Blaming: retakes-instadefuse.smx
L 09/27/2021 - 00:14:58: [SM] Call stack trace:
L 09/27/2021 - 00:14:58: [SM]   [0] PrintToChat
L 09/27/2021 - 00:14:58: [SM]   [1] Line 197, plugin.sp::AttemptInstantDefuse
L 09/27/2021 - 00:14:58: [SM]   [2] Line 104, plugin.sp::Event_BombBeginDefusePlusFrame
L 09/27/2021 - 00:14:58: [SM] Exception reported: Language phrase "InstaDefuseSuccessful" not found (arg 5)
L 09/27/2021 - 00:14:58: [SM] Blaming: retakes-instadefuse.smx
L 09/27/2021 - 00:14:58: [SM] Call stack trace:
L 09/27/2021 - 00:14:58: [SM]   [0] PrintToChat
L 09/27/2021 - 00:14:58: [SM]   [1] Line 197, plugin.sp::AttemptInstantDefuse
L 09/27/2021 - 00:14:58: [SM]   [2] Line 104, plugin.sp::Event_BombBeginDefusePlusFrame
L 09/27/2021 - 00:15:00: [SM] Exception reported: Language phrase "InstaDefuseSuccessful" not found (arg 5)
L 09/27/2021 - 00:15:00: [SM] Blaming: retakes-instadefuse.smx
L 09/27/2021 - 00:15:00: [SM] Call stack trace:
L 09/27/2021 - 00:15:00: [SM]   [0] PrintToChat
L 09/27/2021 - 00:15:00: [SM]   [1] Line 197, plugin.sp::AttemptInstantDefuse
L 09/27/2021 - 00:15:00: [SM]   [2] Line 104, plugin.sp::Event_BombBeginDefusePlusFrame
L 09/27/2021 - 00:15:04: [SM] Exception reported: Language phrase "InstaDefuseSuccessful" not found (arg 5)
L 09/27/2021 - 00:15:04: [SM] Blaming: retakes-instadefuse.smx
L 09/27/2021 - 00:15:04: [SM] Call stack trace:
L 09/27/2021 - 00:15:04: [SM]   [0] PrintToChat
L 09/27/2021 - 00:15:04: [SM]   [1] Line 197, plugin.sp::AttemptInstantDefuse
L 09/27/2021 - 00:15:04: [SM]   [2] Line 104, plugin.sp::Event_BombBeginDefusePlusFrame
L 09/27/2021 - 00:15:25: [SM] Exception reported: Language phrase "InstaDefuseSuccessful" not found (arg 5)
L 09/27/2021 - 00:15:25: [SM] Blaming: retakes-instadefuse.smx
L 09/27/2021 - 00:15:25: [SM] Call stack trace:
L 09/27/2021 - 00:15:25: [SM]   [0] PrintToChat
L 09/27/2021 - 00:15:25: [SM]   [1] Line 197, plugin.sp::AttemptInstantDefuse
L 09/27/2021 - 00:15:25: [SM]   [2] Line 104, plugin.sp::Event_BombBeginDefusePlusFrame
L 09/27/2021 - 00:15:50: [SM] Exception reported: Language phrase "InstaDefuseSuccessful" not found (arg 5)
L 09/27/2021 - 00:15:50: [SM] Blaming: retakes-instadefuse.smx
L 09/27/2021 - 00:15:50: [SM] Call stack trace:
L 09/27/2021 - 00:15:50: [SM]   [0] PrintToChat
L 09/27/2021 - 00:15:50: [SM]   [1] Line 197, plugin.sp::AttemptInstantDefuse
L 09/27/2021 - 00:15:50: [SM]   [2] Line 104, plugin.sp::Event_BombBeginDefusePlusFrame
L 09/27/2021 - 00:16:11: [SM] Exception reported: Language phrase "InstaDefuseSuccessful" not found (arg 5)
L 09/27/2021 - 00:16:11: [SM] Blaming: retakes-instadefuse.smx
L 09/27/2021 - 00:16:11: [SM] Call stack trace:
L 09/27/2021 - 00:16:11: [SM]   [0] PrintToChat
L 09/27/2021 - 00:16:11: [SM]   [1] Line 197, plugin.sp::AttemptInstantDefuse
L 09/27/2021 - 00:16:11: [SM]   [2] Line 104, plugin.sp::Event_BombBeginDefusePlusFrame
L 09/27/2021 - 00:16:45: [SM] Exception reported: Language phrase "InstaDefuseSuccessful" not found (arg 5)
L 09/27/2021 - 00:16:45: [SM] Blaming: retakes-instadefuse.smx
L 09/27/2021 - 00:16:45: [SM] Call stack trace:
L 09/27/2021 - 00:16:45: [SM]   [0] PrintToChat
L 09/27/2021 - 00:16:45: [SM]   [1] Line 197, plugin.sp::AttemptInstantDefuse
L 09/27/2021 - 00:16:45: [SM]   [2] Line 104, plugin.sp::Event_BombBeginDefusePlusFrame
L 09/27/2021 - 00:17:41: [SM] Exception reported: Language phrase "InstaDefuseSuccessful" not found (arg 5)
L 09/27/2021 - 00:17:41: [SM] Blaming: retakes-instadefuse.smx
L 09/27/2021 - 00:17:41: [SM] Call stack trace:
L 09/27/2021 - 00:17:41: [SM]   [0] PrintToChat
L 09/27/2021 - 00:17:41: [SM]   [1] Line 197, plugin.sp::AttemptInstantDefuse
L 09/27/2021 - 00:17:41: [SM]   [2] Line 104, plugin.sp::Event_BombBeginDefusePlusFrame
L 09/27/2021 - 00:18:41: [SM] Exception reported: Language phrase "InstaDefuseSuccessful" not found (arg 5)
L 09/27/2021 - 00:18:41: [SM] Blaming: retakes-instadefuse.smx
L 09/27/2021 - 00:18:41: [SM] Call stack trace:
L 09/27/2021 - 00:18:41: [SM]   [0] PrintToChat
L 09/27/2021 - 00:18:41: [SM]   [1] Line 197, plugin.sp::AttemptInstantDefuse
L 09/27/2021 - 00:18:41: [SM]   [2] Line 104, plugin.sp::Event_BombBeginDefusePlusFrame
L 09/27/2021 - 00:19:10: [SM] Exception reported: Language phrase "InstaDefuseSuccessful" not found (arg 5)
L 09/27/2021 - 00:19:10: [SM] Blaming: retakes-instadefuse.smx
L 09/27/2021 - 00:19:10: [SM] Call stack trace:
L 09/27/2021 - 00:19:10: [SM]   [0] PrintToChat
L 09/27/2021 - 00:19:10: [SM]   [1] Line 197, plugin.sp::AttemptInstantDefuse
L 09/27/2021 - 00:19:10: [SM]   [2] Line 104, plugin.sp::Event_BombBeginDefusePlusFrame
L 09/27/2021 - 00:20:53: [SM] Exception reported: Language phrase "InstaDefuseSuccessful" not found (arg 5)
L 09/27/2021 - 00:20:53: [SM] Blaming: retakes-instadefuse.smx
L 09/27/2021 - 00:20:53: [SM] Call stack trace:
L 09/27/2021 - 00:20:53: [SM]   [0] PrintToChat
L 09/27/2021 - 00:20:53: [SM]   [1] Line 197, plugin.sp::AttemptInstantDefuse
L 09/27/2021 - 00:20:53: [SM]   [2] Line 104, plugin.sp::Event_BombBeginDefusePlusFrame
L 09/27/2021 - 00:22:17: [SM] Exception reported: Language phrase "InstaDefuseSuccessful" not found (arg 5)
L 09/27/2021 - 00:22:17: [SM] Blaming: retakes-instadefuse.smx
L 09/27/2021 - 00:22:17: [SM] Call stack trace:
L 09/27/2021 - 00:22:17: [SM]   [0] PrintToChat
L 09/27/2021 - 00:22:17: [SM]   [1] Line 197, plugin.sp::AttemptInstantDefuse
L 09/27/2021 - 00:22:17: [SM]   [2] Line 104, plugin.sp::Event_BombBeginDefusePlusFrame
L 09/27/2021 - 00:23:31: [SM] Exception reported: Language phrase "InstaDefuseSuccessful" not found (arg 5)
L 09/27/2021 - 00:23:31: [SM] Blaming: retakes-instadefuse.smx
L 09/27/2021 - 00:23:31: [SM] Call stack trace:
L 09/27/2021 - 00:23:31: [SM]   [0] PrintToChat
L 09/27/2021 - 00:23:31: [SM]   [1] Line 197, plugin.sp::AttemptInstantDefuse
L 09/27/2021 - 00:23:31: [SM]   [2] Line 104, plugin.sp::Event_BombBeginDefusePlusFrame
L 09/27/2021 - 00:26:25: [SM] Exception reported: Language phrase "InstaDefuseSuccessful" not found (arg 5)
L 09/27/2021 - 00:26:25: [SM] Blaming: retakes-instadefuse.smx
L 09/27/2021 - 00:26:25: [SM] Call stack trace:
L 09/27/2021 - 00:26:25: [SM]   [0] PrintToChat
L 09/27/2021 - 00:26:25: [SM]   [1] Line 197, plugin.sp::AttemptInstantDefuse
L 09/27/2021 - 00:26:25: [SM]   [2] Line 104, plugin.sp::Event_BombBeginDefusePlusFrame
L 09/27/2021 - 00:28:41: [SM] Exception reported: Language phrase "InstaDefuseSuccessful" not found (arg 5)
L 09/27/2021 - 00:28:41: [SM] Blaming: retakes-instadefuse.smx
L 09/27/2021 - 00:28:41: [SM] Call stack trace:
L 09/27/2021 - 00:28:41: [SM]   [0] PrintToChat
L 09/27/2021 - 00:28:41: [SM]   [1] Line 197, plugin.sp::AttemptInstantDefuse
L 09/27/2021 - 00:28:41: [SM]   [2] Line 104, plugin.sp::Event_BombBeginDefusePlusFrame
L 09/27/2021 - 00:36:07: [SM] Exception reported: Language phrase "InstaDefuseSuccessful" not found (arg 5)
L 09/27/2021 - 00:36:07: [SM] Blaming: retakes-instadefuse.smx
L 09/27/2021 - 00:36:07: [SM] Call stack trace:
L 09/27/2021 - 00:36:07: [SM]   [0] PrintToChat
L 09/27/2021 - 00:36:07: [SM]   [1] Line 197, plugin.sp::AttemptInstantDefuse
L 09/27/2021 - 00:36:07: [SM]   [2] Line 104, plugin.sp::Event_BombBeginDefusePlusFrame
L 09/27/2021 - 00:43:13: [SM] Exception reported: Language phrase "InstaDefuseSuccessful" not found (arg 5)
L 09/27/2021 - 00:43:13: [SM] Blaming: retakes-instadefuse.smx
L 09/27/2021 - 00:43:13: [SM] Call stack trace:
L 09/27/2021 - 00:43:13: [SM]   [0] PrintToChat
L 09/27/2021 - 00:43:13: [SM]   [1] Line 197, plugin.sp::AttemptInstantDefuse
L 09/27/2021 - 00:43:13: [SM]   [2] Line 104, plugin.sp::Event_BombBeginDefusePlusFrame
L 09/27/2021 - 00:46:47: [SM] Exception reported: Language phrase "InstaDefuseSuccessful" not found (arg 5)
L 09/27/2021 - 00:46:47: [SM] Blaming: retakes-instadefuse.smx
L 09/27/2021 - 00:46:47: [SM] Call stack trace:
L 09/27/2021 - 00:46:47: [SM]   [0] PrintToChat
L 09/27/2021 - 00:46:47: [SM]   [1] Line 197, plugin.sp::AttemptInstantDefuse
L 09/27/2021 - 00:46:47: [SM]   [2] Line 104, plugin.sp::Event_BombBeginDefusePlusFrame
L 09/27/2021 - 00:48:36: [SM] Exception reported: Language phrase "InstaDefuseSuccessful" not found (arg 5)
L 09/27/2021 - 00:48:36: [SM] Blaming: retakes-instadefuse.smx
L 09/27/2021 - 00:48:36: [SM] Call stack trace:
L 09/27/2021 - 00:48:36: [SM]   [0] PrintToChat
L 09/27/2021 - 00:48:36: [SM]   [1] Line 197, plugin.sp::AttemptInstantDefuse
L 09/27/2021 - 00:48:36: [SM]   [2] Line 104, plugin.sp::Event_BombBeginDefusePlusFrame
L 09/27/2021 - 00:50:40: [SM] Exception reported: Language phrase "InstaDefuseSuccessful" not found (arg 5)
L 09/27/2021 - 00:50:40: [SM] Blaming: retakes-instadefuse.smx
L 09/27/2021 - 00:50:40: [SM] Call stack trace:
L 09/27/2021 - 00:50:40: [SM]   [0] PrintToChat
L 09/27/2021 - 00:50:40: [SM]   [1] Line 197, plugin.sp::AttemptInstantDefuse
L 09/27/2021 - 00:50:40: [SM]   [2] Line 104, plugin.sp::Event_BombBeginDefusePlusFrame
