L 07/16/2021 - 00:03:08: SourceMod error session started
L 07/16/2021 - 00:03:08: Info (map "de_dust2") (file "C:\ESLSERVER\csgoserver\csgo\addons\sourcemod\logs\errors_20210716.log")
L 07/16/2021 - 00:03:08: [SM] Unable to load plugin "bot_inventory.smx": Native "eItems_AreItemsSynced" was not found
L 07/16/2021 - 00:03:08: [SM] Unable to load plugin "bot_stuff.smx": Could not find required plugin "navmesh"
L 07/16/2021 - 00:03:08: [SM] Fatal error encountered parsing translation file "ranks_matchmaking.phrases.txt"
L 07/16/2021 - 00:03:08: [SM] Error (line 0, column 0): Stream failed to open
L 07/16/2021 - 00:03:14: [SM] Exception reported: Language phrase "Unranked" not found (arg 5)
L 07/16/2021 - 00:03:14: [SM] Blaming: ranks_matchmaking.smx
L 07/16/2021 - 00:03:14: [SM] Call stack trace:
L 07/16/2021 - 00:03:14: [SM]   [0] FormatEx
L 07/16/2021 - 00:03:14: [SM]   [1] Line 174, ranks_matchmaking.sp::GetRanksNames
L 07/16/2021 - 00:03:14: [SM]   [2] Line 169, ranks_matchmaking.sp::OnMapStart
L 07/16/2021 - 00:05:20: [nextmap.smx] FATAL: Cannot load map cycle. Nextmap not loaded.
L 07/16/2021 - 00:05:20: [SM] Exception reported: Mapcycle Not Found
L 07/16/2021 - 00:05:20: [SM] Blaming: nextmap.smx
L 07/16/2021 - 00:05:20: [SM] Call stack trace:
L 07/16/2021 - 00:05:20: [SM]   [0] SetFailState
L 07/16/2021 - 00:05:20: [SM]   [1] Line 143, D:\builds\build-sourcemod-msvc12\windows-1.11\build\plugins\nextmap.sp::FindAndSetNextMap
L 07/16/2021 - 00:05:20: [SM]   [2] Line 113, D:\builds\build-sourcemod-msvc12\windows-1.11\build\plugins\nextmap.sp::OnConfigsExecuted
L 07/16/2021 - 00:05:24: Error log file session closed.
L 07/16/2021 - 00:05:24: SourceMod error session started
L 07/16/2021 - 00:05:24: Info (map "de_dust2") (file "C:\ESLSERVER\csgoserver\csgo\addons\sourcemod\logs\errors_20210716.log")
L 07/16/2021 - 00:05:24: [SM] Fatal error encountered parsing translation file "ranks_matchmaking.phrases.txt"
L 07/16/2021 - 00:05:24: [SM] Error (line 0, column 0): Stream failed to open
L 07/16/2021 - 00:05:24: [SM] Exception reported: Language phrase "Unranked" not found (arg 5)
L 07/16/2021 - 00:05:25: [SM] Blaming: ranks_matchmaking.smx
L 07/16/2021 - 00:05:25: [SM] Call stack trace:
L 07/16/2021 - 00:05:25: [SM]   [0] FormatEx
L 07/16/2021 - 00:05:25: [SM]   [1] Line 174, ranks_matchmaking.sp::GetRanksNames
L 07/16/2021 - 00:05:25: [SM]   [2] Line 169, ranks_matchmaking.sp::OnMapStart
L 07/16/2021 - 00:05:25: [nextmap.smx] FATAL: Cannot load map cycle. Nextmap not loaded.
L 07/16/2021 - 00:05:25: [SM] Exception reported: Mapcycle Not Found
L 07/16/2021 - 00:05:25: [SM] Blaming: nextmap.smx
L 07/16/2021 - 00:05:25: [SM] Call stack trace:
L 07/16/2021 - 00:05:25: [SM]   [0] SetFailState
L 07/16/2021 - 00:05:25: [SM]   [1] Line 143, D:\builds\build-sourcemod-msvc12\windows-1.11\build\plugins\nextmap.sp::FindAndSetNextMap
L 07/16/2021 - 00:05:25: [SM]   [2] Line 113, D:\builds\build-sourcemod-msvc12\windows-1.11\build\plugins\nextmap.sp::OnConfigsExecuted
L 07/16/2021 - 00:08:03: Error log file session closed.
L 07/16/2021 - 00:08:03: SourceMod error session started
L 07/16/2021 - 00:08:03: Info (map "de_inferno") (file "C:\ESLSERVER\csgoserver\csgo\addons\sourcemod\logs\errors_20210716.log")
L 07/16/2021 - 00:08:03: [SM] Fatal error encountered parsing translation file "ranks_matchmaking.phrases.txt"
L 07/16/2021 - 00:08:03: [SM] Error (line 0, column 0): Stream failed to open
L 07/16/2021 - 00:08:04: [SM] Exception reported: Language phrase "Unranked" not found (arg 5)
L 07/16/2021 - 00:08:04: [SM] Blaming: ranks_matchmaking.smx
L 07/16/2021 - 00:08:04: [SM] Call stack trace:
L 07/16/2021 - 00:08:04: [SM]   [0] FormatEx
L 07/16/2021 - 00:08:04: [SM]   [1] Line 174, ranks_matchmaking.sp::GetRanksNames
L 07/16/2021 - 00:08:04: [SM]   [2] Line 169, ranks_matchmaking.sp::OnMapStart
L 07/16/2021 - 00:08:05: [nextmap.smx] FATAL: Cannot load map cycle. Nextmap not loaded.
L 07/16/2021 - 00:08:05: [SM] Exception reported: Mapcycle Not Found
L 07/16/2021 - 00:08:05: [SM] Blaming: nextmap.smx
L 07/16/2021 - 00:08:05: [SM] Call stack trace:
L 07/16/2021 - 00:08:05: [SM]   [0] SetFailState
L 07/16/2021 - 00:08:05: [SM]   [1] Line 143, D:\builds\build-sourcemod-msvc12\windows-1.11\build\plugins\nextmap.sp::FindAndSetNextMap
L 07/16/2021 - 00:08:05: [SM]   [2] Line 113, D:\builds\build-sourcemod-msvc12\windows-1.11\build\plugins\nextmap.sp::OnConfigsExecuted
L 07/16/2021 - 02:38:23: SourceMod error session started
L 07/16/2021 - 02:38:23: Info (map "de_dust2") (file "C:\ESLSERVER\csgoserver\csgo\addons\sourcemod\logs\errors_20210716.log")
L 07/16/2021 - 02:38:23: [SM] Unable to load plugin "bot_inventory.smx": Native "eItems_AreItemsSynced" was not found
L 07/16/2021 - 02:38:23: [SM] Unable to load plugin "bot_stuff.smx": Could not find required plugin "navmesh"
L 07/16/2021 - 02:38:23: [SM] Fatal error encountered parsing translation file "ranks_matchmaking.phrases.txt"
L 07/16/2021 - 02:38:23: [SM] Error (line 0, column 0): Stream failed to open
L 07/16/2021 - 02:38:28: [SM] Exception reported: Language phrase "Unranked" not found (arg 5)
L 07/16/2021 - 02:38:28: [SM] Blaming: ranks_matchmaking.smx
L 07/16/2021 - 02:38:28: [SM] Call stack trace:
L 07/16/2021 - 02:38:28: [SM]   [0] FormatEx
L 07/16/2021 - 02:38:28: [SM]   [1] Line 174, ranks_matchmaking.sp::GetRanksNames
L 07/16/2021 - 02:38:28: [SM]   [2] Line 169, ranks_matchmaking.sp::OnMapStart
L 07/16/2021 - 02:38:37: [nextmap.smx] FATAL: Cannot load map cycle. Nextmap not loaded.
L 07/16/2021 - 02:38:37: [SM] Exception reported: Mapcycle Not Found
L 07/16/2021 - 02:38:37: [SM] Blaming: nextmap.smx
L 07/16/2021 - 02:38:37: [SM] Call stack trace:
L 07/16/2021 - 02:38:37: [SM]   [0] SetFailState
L 07/16/2021 - 02:38:37: [SM]   [1] Line 143, D:\builds\build-sourcemod-msvc12\windows-1.11\build\plugins\nextmap.sp::FindAndSetNextMap
L 07/16/2021 - 02:38:37: [SM]   [2] Line 113, D:\builds\build-sourcemod-msvc12\windows-1.11\build\plugins\nextmap.sp::OnConfigsExecuted
L 07/16/2021 - 02:38:40: Error log file session closed.
L 07/16/2021 - 02:38:41: SourceMod error session started
L 07/16/2021 - 02:38:41: Info (map "de_dust2") (file "C:\ESLSERVER\csgoserver\csgo\addons\sourcemod\logs\errors_20210716.log")
L 07/16/2021 - 02:38:41: [SM] Fatal error encountered parsing translation file "ranks_matchmaking.phrases.txt"
L 07/16/2021 - 02:38:41: [SM] Error (line 0, column 0): Stream failed to open
L 07/16/2021 - 02:38:41: [SM] Exception reported: Language phrase "Unranked" not found (arg 5)
L 07/16/2021 - 02:38:41: [SM] Blaming: ranks_matchmaking.smx
L 07/16/2021 - 02:38:41: [SM] Call stack trace:
L 07/16/2021 - 02:38:41: [SM]   [0] FormatEx
L 07/16/2021 - 02:38:41: [SM]   [1] Line 174, ranks_matchmaking.sp::GetRanksNames
L 07/16/2021 - 02:38:41: [SM]   [2] Line 169, ranks_matchmaking.sp::OnMapStart
L 07/16/2021 - 02:38:42: [nextmap.smx] FATAL: Cannot load map cycle. Nextmap not loaded.
L 07/16/2021 - 02:38:42: [SM] Exception reported: Mapcycle Not Found
L 07/16/2021 - 02:38:42: [SM] Blaming: nextmap.smx
L 07/16/2021 - 02:38:42: [SM] Call stack trace:
L 07/16/2021 - 02:38:42: [SM]   [0] SetFailState
L 07/16/2021 - 02:38:42: [SM]   [1] Line 143, D:\builds\build-sourcemod-msvc12\windows-1.11\build\plugins\nextmap.sp::FindAndSetNextMap
L 07/16/2021 - 02:38:42: [SM]   [2] Line 113, D:\builds\build-sourcemod-msvc12\windows-1.11\build\plugins\nextmap.sp::OnConfigsExecuted
L 07/16/2021 - 16:11:34: SourceMod error session started
L 07/16/2021 - 16:11:34: Info (map "de_dust2") (file "C:\ESLSERVER\csgoserver\csgo\addons\sourcemod\logs\errors_20210716.log")
L 07/16/2021 - 16:11:34: [SM] Unable to load plugin "bot_inventory.smx": Native "eItems_AreItemsSynced" was not found
L 07/16/2021 - 16:11:34: [SM] Unable to load plugin "bot_stuff.smx": Could not find required plugin "navmesh"
L 07/16/2021 - 16:11:35: [SM] Fatal error encountered parsing translation file "ranks_matchmaking.phrases.txt"
L 07/16/2021 - 16:11:35: [SM] Error (line 0, column 0): Stream failed to open
L 07/16/2021 - 16:11:41: [SM] Exception reported: Language phrase "Unranked" not found (arg 5)
L 07/16/2021 - 16:11:41: [SM] Blaming: ranks_matchmaking.smx
L 07/16/2021 - 16:11:41: [SM] Call stack trace:
L 07/16/2021 - 16:11:41: [SM]   [0] FormatEx
L 07/16/2021 - 16:11:41: [SM]   [1] Line 174, ranks_matchmaking.sp::GetRanksNames
L 07/16/2021 - 16:11:41: [SM]   [2] Line 169, ranks_matchmaking.sp::OnMapStart
L 07/16/2021 - 16:11:55: Error log file session closed.
L 07/16/2021 - 16:11:55: SourceMod error session started
L 07/16/2021 - 16:11:55: Info (map "de_dust2") (file "C:\ESLSERVER\csgoserver\csgo\addons\sourcemod\logs\errors_20210716.log")
L 07/16/2021 - 16:11:55: [SM] Fatal error encountered parsing translation file "ranks_matchmaking.phrases.txt"
L 07/16/2021 - 16:11:55: [SM] Error (line 0, column 0): Stream failed to open
L 07/16/2021 - 16:11:56: [nextmap.smx] FATAL: Cannot load map cycle. Nextmap not loaded.
L 07/16/2021 - 16:11:56: [SM] Exception reported: Mapcycle Not Found
L 07/16/2021 - 16:11:56: [SM] Blaming: nextmap.smx
L 07/16/2021 - 16:11:56: [SM] Call stack trace:
L 07/16/2021 - 16:11:56: [SM]   [0] SetFailState
L 07/16/2021 - 16:11:56: [SM]   [1] Line 143, D:\builds\build-sourcemod-msvc12\windows-1.11\build\plugins\nextmap.sp::FindAndSetNextMap
L 07/16/2021 - 16:11:56: [SM]   [2] Line 113, D:\builds\build-sourcemod-msvc12\windows-1.11\build\plugins\nextmap.sp::OnConfigsExecuted
L 07/16/2021 - 16:11:57: [SM] Exception reported: Language phrase "Unranked" not found (arg 5)
L 07/16/2021 - 16:11:57: [SM] Blaming: ranks_matchmaking.smx
L 07/16/2021 - 16:11:57: [SM] Call stack trace:
L 07/16/2021 - 16:11:57: [SM]   [0] FormatEx
L 07/16/2021 - 16:11:57: [SM]   [1] Line 174, ranks_matchmaking.sp::GetRanksNames
L 07/16/2021 - 16:11:57: [SM]   [2] Line 169, ranks_matchmaking.sp::OnMapStart
L 07/16/2021 - 16:14:58: SourceMod error session started
L 07/16/2021 - 16:14:58: Info (map "de_dust2") (file "C:\ESLSERVER\csgoserver\csgo\addons\sourcemod\logs\errors_20210716.log")
L 07/16/2021 - 16:14:58: [SM] Unable to load plugin "bot_inventory.smx": Native "eItems_AreItemsSynced" was not found
L 07/16/2021 - 16:14:58: [SM] Unable to load plugin "bot_stuff.smx": Could not find required plugin "navmesh"
L 07/16/2021 - 16:14:58: [SM] Fatal error encountered parsing translation file "ranks_matchmaking.phrases.txt"
L 07/16/2021 - 16:14:58: [SM] Error (line 0, column 0): Stream failed to open
L 07/16/2021 - 16:15:00: [SM] Exception reported: Language phrase "Unranked" not found (arg 5)
L 07/16/2021 - 16:15:00: [SM] Blaming: ranks_matchmaking.smx
L 07/16/2021 - 16:15:00: [SM] Call stack trace:
L 07/16/2021 - 16:15:00: [SM]   [0] FormatEx
L 07/16/2021 - 16:15:00: [SM]   [1] Line 174, ranks_matchmaking.sp::GetRanksNames
L 07/16/2021 - 16:15:00: [SM]   [2] Line 169, ranks_matchmaking.sp::OnMapStart
L 07/16/2021 - 16:15:04: [nextmap.smx] FATAL: Cannot load map cycle. Nextmap not loaded.
L 07/16/2021 - 16:15:04: [SM] Exception reported: Mapcycle Not Found
L 07/16/2021 - 16:15:04: [SM] Blaming: nextmap.smx
L 07/16/2021 - 16:15:04: [SM] Call stack trace:
L 07/16/2021 - 16:15:05: [SM]   [0] SetFailState
L 07/16/2021 - 16:15:05: [SM]   [1] Line 143, D:\builds\build-sourcemod-msvc12\windows-1.11\build\plugins\nextmap.sp::FindAndSetNextMap
L 07/16/2021 - 16:15:05: [SM]   [2] Line 113, D:\builds\build-sourcemod-msvc12\windows-1.11\build\plugins\nextmap.sp::OnConfigsExecuted
L 07/16/2021 - 16:15:08: Error log file session closed.
L 07/16/2021 - 16:15:08: SourceMod error session started
L 07/16/2021 - 16:15:08: Info (map "de_dust2") (file "C:\ESLSERVER\csgoserver\csgo\addons\sourcemod\logs\errors_20210716.log")
L 07/16/2021 - 16:15:08: [SM] Fatal error encountered parsing translation file "ranks_matchmaking.phrases.txt"
L 07/16/2021 - 16:15:08: [SM] Error (line 0, column 0): Stream failed to open
L 07/16/2021 - 16:15:08: [SM] Exception reported: Language phrase "Unranked" not found (arg 5)
L 07/16/2021 - 16:15:09: [SM] Blaming: ranks_matchmaking.smx
L 07/16/2021 - 16:15:09: [SM] Call stack trace:
L 07/16/2021 - 16:15:09: [SM]   [0] FormatEx
L 07/16/2021 - 16:15:09: [SM]   [1] Line 174, ranks_matchmaking.sp::GetRanksNames
L 07/16/2021 - 16:15:09: [SM]   [2] Line 169, ranks_matchmaking.sp::OnMapStart
L 07/16/2021 - 16:15:09: [nextmap.smx] FATAL: Cannot load map cycle. Nextmap not loaded.
L 07/16/2021 - 16:15:09: [SM] Exception reported: Mapcycle Not Found
L 07/16/2021 - 16:15:09: [SM] Blaming: nextmap.smx
L 07/16/2021 - 16:15:09: [SM] Call stack trace:
L 07/16/2021 - 16:15:09: [SM]   [0] SetFailState
L 07/16/2021 - 16:15:09: [SM]   [1] Line 143, D:\builds\build-sourcemod-msvc12\windows-1.11\build\plugins\nextmap.sp::FindAndSetNextMap
L 07/16/2021 - 16:15:09: [SM]   [2] Line 113, D:\builds\build-sourcemod-msvc12\windows-1.11\build\plugins\nextmap.sp::OnConfigsExecuted
L 07/16/2021 - 16:25:30: SourceMod error session started
L 07/16/2021 - 16:25:30: Info (map "de_dust2") (file "C:\ESLSERVER\csgoserver\csgo\addons\sourcemod\logs\errors_20210716.log")
L 07/16/2021 - 16:25:30: [SM] Unable to load plugin "bot_inventory.smx": Native "eItems_AreItemsSynced" was not found
L 07/16/2021 - 16:25:30: [SM] Unable to load plugin "bot_stuff.smx": Could not find required plugin "navmesh"
L 07/16/2021 - 16:25:30: [SM] Fatal error encountered parsing translation file "ranks_matchmaking.phrases.txt"
L 07/16/2021 - 16:25:30: [SM] Error (line 0, column 0): Stream failed to open
L 07/16/2021 - 16:25:33: [SM] Exception reported: Language phrase "Unranked" not found (arg 5)
L 07/16/2021 - 16:25:33: [SM] Blaming: ranks_matchmaking.smx
L 07/16/2021 - 16:25:33: [SM] Call stack trace:
L 07/16/2021 - 16:25:33: [SM]   [0] FormatEx
L 07/16/2021 - 16:25:33: [SM]   [1] Line 174, ranks_matchmaking.sp::GetRanksNames
L 07/16/2021 - 16:25:33: [SM]   [2] Line 169, ranks_matchmaking.sp::OnMapStart
L 07/16/2021 - 16:25:58: [nextmap.smx] FATAL: Cannot load map cycle. Nextmap not loaded.
L 07/16/2021 - 16:25:58: [SM] Exception reported: Mapcycle Not Found
L 07/16/2021 - 16:25:58: [SM] Blaming: nextmap.smx
L 07/16/2021 - 16:25:58: [SM] Call stack trace:
L 07/16/2021 - 16:25:58: [SM]   [0] SetFailState
L 07/16/2021 - 16:25:58: [SM]   [1] Line 143, D:\builds\build-sourcemod-msvc12\windows-1.11\build\plugins\nextmap.sp::FindAndSetNextMap
L 07/16/2021 - 16:25:58: [SM]   [2] Line 113, D:\builds\build-sourcemod-msvc12\windows-1.11\build\plugins\nextmap.sp::OnConfigsExecuted
L 07/16/2021 - 16:26:01: Error log file session closed.
L 07/16/2021 - 16:26:01: SourceMod error session started
L 07/16/2021 - 16:26:01: Info (map "de_dust2") (file "C:\ESLSERVER\csgoserver\csgo\addons\sourcemod\logs\errors_20210716.log")
L 07/16/2021 - 16:26:01: [SM] Fatal error encountered parsing translation file "ranks_matchmaking.phrases.txt"
L 07/16/2021 - 16:26:01: [SM] Error (line 0, column 0): Stream failed to open
L 07/16/2021 - 16:26:02: [SM] Exception reported: Language phrase "Unranked" not found (arg 5)
L 07/16/2021 - 16:26:02: [SM] Blaming: ranks_matchmaking.smx
L 07/16/2021 - 16:26:02: [SM] Call stack trace:
L 07/16/2021 - 16:26:02: [SM]   [0] FormatEx
L 07/16/2021 - 16:26:02: [SM]   [1] Line 174, ranks_matchmaking.sp::GetRanksNames
L 07/16/2021 - 16:26:02: [SM]   [2] Line 169, ranks_matchmaking.sp::OnMapStart
L 07/16/2021 - 16:26:02: [nextmap.smx] FATAL: Cannot load map cycle. Nextmap not loaded.
L 07/16/2021 - 16:26:02: [SM] Exception reported: Mapcycle Not Found
L 07/16/2021 - 16:26:02: [SM] Blaming: nextmap.smx
L 07/16/2021 - 16:26:02: [SM] Call stack trace:
L 07/16/2021 - 16:26:02: [SM]   [0] SetFailState
L 07/16/2021 - 16:26:02: [SM]   [1] Line 143, D:\builds\build-sourcemod-msvc12\windows-1.11\build\plugins\nextmap.sp::FindAndSetNextMap
L 07/16/2021 - 16:26:02: [SM]   [2] Line 113, D:\builds\build-sourcemod-msvc12\windows-1.11\build\plugins\nextmap.sp::OnConfigsExecuted
L 07/16/2021 - 16:26:28: Error log file session closed.
L 07/16/2021 - 16:26:28: SourceMod error session started
L 07/16/2021 - 16:26:28: Info (map "de_inferno") (file "C:\ESLSERVER\csgoserver\csgo\addons\sourcemod\logs\errors_20210716.log")
L 07/16/2021 - 16:26:28: [SM] Fatal error encountered parsing translation file "ranks_matchmaking.phrases.txt"
L 07/16/2021 - 16:26:28: [SM] Error (line 0, column 0): Stream failed to open
L 07/16/2021 - 16:26:29: [SM] Exception reported: Language phrase "Unranked" not found (arg 5)
L 07/16/2021 - 16:26:30: [SM] Blaming: ranks_matchmaking.smx
L 07/16/2021 - 16:26:30: [SM] Call stack trace:
L 07/16/2021 - 16:26:30: [SM]   [0] FormatEx
L 07/16/2021 - 16:26:30: [SM]   [1] Line 174, ranks_matchmaking.sp::GetRanksNames
L 07/16/2021 - 16:26:30: [SM]   [2] Line 169, ranks_matchmaking.sp::OnMapStart
L 07/16/2021 - 16:26:30: [nextmap.smx] FATAL: Cannot load map cycle. Nextmap not loaded.
L 07/16/2021 - 16:26:30: [SM] Exception reported: Mapcycle Not Found
L 07/16/2021 - 16:26:30: [SM] Blaming: nextmap.smx
L 07/16/2021 - 16:26:30: [SM] Call stack trace:
L 07/16/2021 - 16:26:30: [SM]   [0] SetFailState
L 07/16/2021 - 16:26:30: [SM]   [1] Line 143, D:\builds\build-sourcemod-msvc12\windows-1.11\build\plugins\nextmap.sp::FindAndSetNextMap
L 07/16/2021 - 16:26:30: [SM]   [2] Line 113, D:\builds\build-sourcemod-msvc12\windows-1.11\build\plugins\nextmap.sp::OnConfigsExecuted
L 07/16/2021 - 21:04:47: SourceMod error session started
L 07/16/2021 - 21:04:47: Info (map "de_dust2") (file "C:\ESLSERVER\csgoserver\csgo\addons\sourcemod\logs\errors_20210716.log")
L 07/16/2021 - 21:04:47: [SM] Unable to load plugin "bot_inventory.smx": Native "eItems_AreItemsSynced" was not found
L 07/16/2021 - 21:04:47: [SM] Unable to load plugin "bot_stuff.smx": Could not find required plugin "navmesh"
L 07/16/2021 - 21:04:48: [SM] Fatal error encountered parsing translation file "ranks_matchmaking.phrases.txt"
L 07/16/2021 - 21:04:48: [SM] Error (line 0, column 0): Stream failed to open
L 07/16/2021 - 21:04:50: [SM] Exception reported: Language phrase "Unranked" not found (arg 5)
L 07/16/2021 - 21:04:50: [SM] Blaming: ranks_matchmaking.smx
L 07/16/2021 - 21:04:50: [SM] Call stack trace:
L 07/16/2021 - 21:04:50: [SM]   [0] FormatEx
L 07/16/2021 - 21:04:50: [SM]   [1] Line 174, ranks_matchmaking.sp::GetRanksNames
L 07/16/2021 - 21:04:50: [SM]   [2] Line 169, ranks_matchmaking.sp::OnMapStart
L 07/16/2021 - 21:11:42: SourceMod error session started
L 07/16/2021 - 21:11:42: Info (map "de_dust2") (file "C:\ESLSERVER\csgoserver\csgo\addons\sourcemod\logs\errors_20210716.log")
L 07/16/2021 - 21:11:42: [SM] Unable to load plugin "bot_inventory.smx": Native "eItems_AreItemsSynced" was not found
L 07/16/2021 - 21:11:42: [SM] Unable to load plugin "bot_stuff.smx": Could not find required plugin "navmesh"
L 07/16/2021 - 21:11:42: [SM] Fatal error encountered parsing translation file "ranks_matchmaking.phrases.txt"
L 07/16/2021 - 21:11:42: [SM] Error (line 0, column 0): Stream failed to open
L 07/16/2021 - 21:11:44: [SM] Exception reported: Language phrase "Unranked" not found (arg 5)
L 07/16/2021 - 21:11:44: [SM] Blaming: ranks_matchmaking.smx
L 07/16/2021 - 21:11:44: [SM] Call stack trace:
L 07/16/2021 - 21:11:44: [SM]   [0] FormatEx
L 07/16/2021 - 21:11:44: [SM]   [1] Line 174, ranks_matchmaking.sp::GetRanksNames
L 07/16/2021 - 21:11:44: [SM]   [2] Line 169, ranks_matchmaking.sp::OnMapStart
L 07/16/2021 - 21:12:14: Error log file session closed.
L 07/16/2021 - 21:12:14: SourceMod error session started
L 07/16/2021 - 21:12:14: Info (map "de_dust2") (file "C:\ESLSERVER\csgoserver\csgo\addons\sourcemod\logs\errors_20210716.log")
L 07/16/2021 - 21:12:14: [SM] Fatal error encountered parsing translation file "ranks_matchmaking.phrases.txt"
L 07/16/2021 - 21:12:14: [SM] Error (line 0, column 0): Stream failed to open
L 07/16/2021 - 21:12:15: [SM] Exception reported: Language phrase "Unranked" not found (arg 5)
L 07/16/2021 - 21:12:15: [SM] Blaming: ranks_matchmaking.smx
L 07/16/2021 - 21:12:15: [SM] Call stack trace:
L 07/16/2021 - 21:12:15: [SM]   [0] FormatEx
L 07/16/2021 - 21:12:15: [SM]   [1] Line 174, ranks_matchmaking.sp::GetRanksNames
L 07/16/2021 - 21:12:15: [SM]   [2] Line 169, ranks_matchmaking.sp::OnMapStart
L 07/16/2021 - 21:12:15: [nextmap.smx] FATAL: Cannot load map cycle. Nextmap not loaded.
L 07/16/2021 - 21:12:15: [SM] Exception reported: Mapcycle Not Found
L 07/16/2021 - 21:12:15: [SM] Blaming: nextmap.smx
L 07/16/2021 - 21:12:15: [SM] Call stack trace:
L 07/16/2021 - 21:12:15: [SM]   [0] SetFailState
L 07/16/2021 - 21:12:15: [SM]   [1] Line 143, D:\builds\build-sourcemod-msvc12\windows-1.11\build\plugins\nextmap.sp::FindAndSetNextMap
L 07/16/2021 - 21:12:15: [SM]   [2] Line 113, D:\builds\build-sourcemod-msvc12\windows-1.11\build\plugins\nextmap.sp::OnConfigsExecuted
L 07/16/2021 - 21:14:54: Error log file session closed.
L 07/16/2021 - 21:14:54: SourceMod error session started
L 07/16/2021 - 21:14:54: Info (map "de_cache") (file "C:\ESLSERVER\csgoserver\csgo\addons\sourcemod\logs\errors_20210716.log")
L 07/16/2021 - 21:14:54: [SM] Fatal error encountered parsing translation file "ranks_matchmaking.phrases.txt"
L 07/16/2021 - 21:14:54: [SM] Error (line 0, column 0): Stream failed to open
L 07/16/2021 - 21:14:54: [SM] Exception reported: Language phrase "Unranked" not found (arg 5)
L 07/16/2021 - 21:14:54: [SM] Blaming: ranks_matchmaking.smx
L 07/16/2021 - 21:14:54: [SM] Call stack trace:
L 07/16/2021 - 21:14:55: [SM]   [0] FormatEx
L 07/16/2021 - 21:14:55: [SM]   [1] Line 174, ranks_matchmaking.sp::GetRanksNames
L 07/16/2021 - 21:14:55: [SM]   [2] Line 169, ranks_matchmaking.sp::OnMapStart
L 07/16/2021 - 21:14:55: [nextmap.smx] FATAL: Cannot load map cycle. Nextmap not loaded.
L 07/16/2021 - 21:14:55: [SM] Exception reported: Mapcycle Not Found
L 07/16/2021 - 21:14:55: [SM] Blaming: nextmap.smx
L 07/16/2021 - 21:14:55: [SM] Call stack trace:
L 07/16/2021 - 21:14:55: [SM]   [0] SetFailState
L 07/16/2021 - 21:14:55: [SM]   [1] Line 143, D:\builds\build-sourcemod-msvc12\windows-1.11\build\plugins\nextmap.sp::FindAndSetNextMap
L 07/16/2021 - 21:14:55: [SM]   [2] Line 113, D:\builds\build-sourcemod-msvc12\windows-1.11\build\plugins\nextmap.sp::OnConfigsExecuted
L 07/16/2021 - 21:54:54: Error log file session closed.
L 07/16/2021 - 21:54:54: SourceMod error session started
L 07/16/2021 - 21:54:54: Info (map "de_cache") (file "C:\ESLSERVER\csgoserver\csgo\addons\sourcemod\logs\errors_20210716.log")
L 07/16/2021 - 21:54:54: [SM] Fatal error encountered parsing translation file "ranks_matchmaking.phrases.txt"
L 07/16/2021 - 21:54:54: [SM] Error (line 0, column 0): Stream failed to open
L 07/16/2021 - 21:54:55: [SM] Exception reported: Language phrase "Unranked" not found (arg 5)
L 07/16/2021 - 21:54:55: [SM] Blaming: ranks_matchmaking.smx
L 07/16/2021 - 21:54:55: [SM] Call stack trace:
L 07/16/2021 - 21:54:55: [SM]   [0] FormatEx
L 07/16/2021 - 21:54:55: [SM]   [1] Line 174, ranks_matchmaking.sp::GetRanksNames
L 07/16/2021 - 21:54:55: [SM]   [2] Line 169, ranks_matchmaking.sp::OnMapStart
L 07/16/2021 - 21:54:55: [nextmap.smx] FATAL: Cannot load map cycle. Nextmap not loaded.
L 07/16/2021 - 21:54:55: [SM] Exception reported: Mapcycle Not Found
L 07/16/2021 - 21:54:55: [SM] Blaming: nextmap.smx
L 07/16/2021 - 21:54:55: [SM] Call stack trace:
L 07/16/2021 - 21:54:55: [SM]   [0] SetFailState
L 07/16/2021 - 21:54:55: [SM]   [1] Line 143, D:\builds\build-sourcemod-msvc12\windows-1.11\build\plugins\nextmap.sp::FindAndSetNextMap
L 07/16/2021 - 21:54:55: [SM]   [2] Line 113, D:\builds\build-sourcemod-msvc12\windows-1.11\build\plugins\nextmap.sp::OnConfigsExecuted
L 07/16/2021 - 21:55:20: Error log file session closed.
L 07/16/2021 - 21:55:21: SourceMod error session started
L 07/16/2021 - 21:55:21: Info (map "de_mirage") (file "C:\ESLSERVER\csgoserver\csgo\addons\sourcemod\logs\errors_20210716.log")
L 07/16/2021 - 21:55:21: [SM] Fatal error encountered parsing translation file "ranks_matchmaking.phrases.txt"
L 07/16/2021 - 21:55:21: [SM] Error (line 0, column 0): Stream failed to open
L 07/16/2021 - 21:55:22: [SM] Exception reported: Language phrase "Unranked" not found (arg 5)
L 07/16/2021 - 21:55:22: [SM] Blaming: ranks_matchmaking.smx
L 07/16/2021 - 21:55:22: [SM] Call stack trace:
L 07/16/2021 - 21:55:22: [SM]   [0] FormatEx
L 07/16/2021 - 21:55:22: [SM]   [1] Line 174, ranks_matchmaking.sp::GetRanksNames
L 07/16/2021 - 21:55:22: [SM]   [2] Line 169, ranks_matchmaking.sp::OnMapStart
L 07/16/2021 - 21:55:22: [nextmap.smx] FATAL: Cannot load map cycle. Nextmap not loaded.
L 07/16/2021 - 21:55:22: [SM] Exception reported: Mapcycle Not Found
L 07/16/2021 - 21:55:22: [SM] Blaming: nextmap.smx
L 07/16/2021 - 21:55:22: [SM] Call stack trace:
L 07/16/2021 - 21:55:22: [SM]   [0] SetFailState
L 07/16/2021 - 21:55:22: [SM]   [1] Line 143, D:\builds\build-sourcemod-msvc12\windows-1.11\build\plugins\nextmap.sp::FindAndSetNextMap
L 07/16/2021 - 21:55:22: [SM]   [2] Line 113, D:\builds\build-sourcemod-msvc12\windows-1.11\build\plugins\nextmap.sp::OnConfigsExecuted
