L 12/04/2021 - 02:03:55: SourceMod error session started
L 12/04/2021 - 02:03:55: Info (map "de_mirage") (file "E:\retake\csgoserver\csgo\addons\sourcemod\logs\errors_20211204.log")
L 12/04/2021 - 02:03:55: [SM] Unable to load extension "PhysHooks.ext": Could not find patch signature for symbol: Physics_RunThinkFunctions
L 12/04/2021 - 02:03:57: [SM] Unable to load plugin "bot_inventory.smx": Native "eItems_AreItemsSynced" was not found
L 12/04/2021 - 02:03:57: [SM] Unable to load plugin "bot_stuff.smx": Could not find required plugin "navmesh"
L 12/04/2021 - 02:03:58: [SM] Unable to load plugin "LagCompensation.smx": Required extension "PhysHooks" file("PhysHooks.ext") not running
L 12/04/2021 - 02:03:59: [SM] Fatal error encountered parsing translation file "ranks_matchmaking.phrases.txt"
L 12/04/2021 - 02:03:59: [SM] Error (line 0, column 0): Stream failed to open
L 12/04/2021 - 02:03:59: [SM] Fatal error encountered parsing translation file "instadefuse.phrases.txt"
L 12/04/2021 - 02:03:59: [SM] Error (line 0, column 0): Stream failed to open
L 12/04/2021 - 02:04:19: [SM] Exception reported: Language phrase "Unranked" not found (arg 5)
L 12/04/2021 - 02:04:19: [SM] Blaming: ranks_matchmaking.smx
L 12/04/2021 - 02:04:19: [SM] Call stack trace:
L 12/04/2021 - 02:04:19: [SM]   [0] FormatEx
L 12/04/2021 - 02:04:19: [SM]   [1] Line 174, ranks_matchmaking.sp::GetRanksNames
L 12/04/2021 - 02:04:19: [SM]   [2] Line 169, ranks_matchmaking.sp::OnMapStart
L 12/04/2021 - 02:05:53: SourceMod error session started
L 12/04/2021 - 02:05:53: Info (map "de_mirage") (file "E:\retake\csgoserver\csgo\addons\sourcemod\logs\errors_20211204.log")
L 12/04/2021 - 02:05:53: [SM] Unable to load extension "PhysHooks.ext": Could not find patch signature for symbol: Physics_RunThinkFunctions
L 12/04/2021 - 02:05:53: [SM] Unable to load plugin "bot_inventory.smx": Native "eItems_AreItemsSynced" was not found
L 12/04/2021 - 02:05:53: [SM] Unable to load plugin "bot_stuff.smx": Could not find required plugin "navmesh"
L 12/04/2021 - 02:05:53: [SM] Unable to load plugin "LagCompensation.smx": Required extension "PhysHooks" file("PhysHooks.ext") not running
L 12/04/2021 - 02:05:53: [SM] Fatal error encountered parsing translation file "ranks_matchmaking.phrases.txt"
L 12/04/2021 - 02:05:53: [SM] Error (line 0, column 0): Stream failed to open
L 12/04/2021 - 02:05:53: [SM] Fatal error encountered parsing translation file "instadefuse.phrases.txt"
L 12/04/2021 - 02:05:53: [SM] Error (line 0, column 0): Stream failed to open
L 12/04/2021 - 02:05:56: [SM] Exception reported: Language phrase "Unranked" not found (arg 5)
L 12/04/2021 - 02:05:56: [SM] Blaming: ranks_matchmaking.smx
L 12/04/2021 - 02:05:56: [SM] Call stack trace:
L 12/04/2021 - 02:05:56: [SM]   [0] FormatEx
L 12/04/2021 - 02:05:56: [SM]   [1] Line 174, ranks_matchmaking.sp::GetRanksNames
L 12/04/2021 - 02:05:56: [SM]   [2] Line 169, ranks_matchmaking.sp::OnMapStart
L 12/04/2021 - 02:07:18: Error log file session closed.
L 12/04/2021 - 02:07:18: SourceMod error session started
L 12/04/2021 - 02:07:18: Info (map "de_mirage") (file "E:\retake\csgoserver\csgo\addons\sourcemod\logs\errors_20211204.log")
L 12/04/2021 - 02:07:18: [SM] Fatal error encountered parsing translation file "ranks_matchmaking.phrases.txt"
L 12/04/2021 - 02:07:18: [SM] Error (line 0, column 0): Stream failed to open
L 12/04/2021 - 02:07:18: [SM] Fatal error encountered parsing translation file "instadefuse.phrases.txt"
L 12/04/2021 - 02:07:18: [SM] Error (line 0, column 0): Stream failed to open
L 12/04/2021 - 02:07:19: [SM] Exception reported: Language phrase "Unranked" not found (arg 5)
L 12/04/2021 - 02:07:19: [SM] Blaming: ranks_matchmaking.smx
L 12/04/2021 - 02:07:19: [SM] Call stack trace:
L 12/04/2021 - 02:07:19: [SM]   [0] FormatEx
L 12/04/2021 - 02:07:19: [SM]   [1] Line 174, ranks_matchmaking.sp::GetRanksNames
L 12/04/2021 - 02:07:19: [SM]   [2] Line 169, ranks_matchmaking.sp::OnMapStart
L 12/04/2021 - 02:08:52: [SM] Exception reported: Language phrase "InstaDefuseSuccessful" not found (arg 5)
L 12/04/2021 - 02:08:52: [SM] Blaming: retakes-instadefuse.smx
L 12/04/2021 - 02:08:52: [SM] Call stack trace:
L 12/04/2021 - 02:08:52: [SM]   [0] PrintToChat
L 12/04/2021 - 02:08:52: [SM]   [1] Line 197, plugin.sp::AttemptInstantDefuse
L 12/04/2021 - 02:08:52: [SM]   [2] Line 104, plugin.sp::Event_BombBeginDefusePlusFrame
L 12/04/2021 - 02:09:11: [SM] Exception reported: Language phrase "InstaDefuseSuccessful" not found (arg 5)
L 12/04/2021 - 02:09:11: [SM] Blaming: retakes-instadefuse.smx
L 12/04/2021 - 02:09:11: [SM] Call stack trace:
L 12/04/2021 - 02:09:11: [SM]   [0] PrintToChat
L 12/04/2021 - 02:09:11: [SM]   [1] Line 197, plugin.sp::AttemptInstantDefuse
L 12/04/2021 - 02:09:11: [SM]   [2] Line 104, plugin.sp::Event_BombBeginDefusePlusFrame
L 12/04/2021 - 02:09:28: [SM] Exception reported: Language phrase "InstaDefuseSuccessful" not found (arg 5)
L 12/04/2021 - 02:09:28: [SM] Blaming: retakes-instadefuse.smx
L 12/04/2021 - 02:09:28: [SM] Call stack trace:
L 12/04/2021 - 02:09:28: [SM]   [0] PrintToChat
L 12/04/2021 - 02:09:28: [SM]   [1] Line 197, plugin.sp::AttemptInstantDefuse
L 12/04/2021 - 02:09:28: [SM]   [2] Line 104, plugin.sp::Event_BombBeginDefusePlusFrame
L 12/04/2021 - 02:09:48: [SM] Exception reported: Language phrase "InstaDefuseSuccessful" not found (arg 5)
L 12/04/2021 - 02:09:48: [SM] Blaming: retakes-instadefuse.smx
L 12/04/2021 - 02:09:48: [SM] Call stack trace:
L 12/04/2021 - 02:09:48: [SM]   [0] PrintToChat
L 12/04/2021 - 02:09:48: [SM]   [1] Line 197, plugin.sp::AttemptInstantDefuse
L 12/04/2021 - 02:09:48: [SM]   [2] Line 104, plugin.sp::Event_BombBeginDefusePlusFrame
L 12/04/2021 - 02:10:07: [SM] Exception reported: Language phrase "InstaDefuseSuccessful" not found (arg 5)
L 12/04/2021 - 02:10:07: [SM] Blaming: retakes-instadefuse.smx
L 12/04/2021 - 02:10:07: [SM] Call stack trace:
L 12/04/2021 - 02:10:07: [SM]   [0] PrintToChat
L 12/04/2021 - 02:10:07: [SM]   [1] Line 197, plugin.sp::AttemptInstantDefuse
L 12/04/2021 - 02:10:07: [SM]   [2] Line 104, plugin.sp::Event_BombBeginDefusePlusFrame
L 12/04/2021 - 02:10:26: [SM] Exception reported: Language phrase "InstaDefuseSuccessful" not found (arg 5)
L 12/04/2021 - 02:10:26: [SM] Blaming: retakes-instadefuse.smx
L 12/04/2021 - 02:10:26: [SM] Call stack trace:
L 12/04/2021 - 02:10:26: [SM]   [0] PrintToChat
L 12/04/2021 - 02:10:26: [SM]   [1] Line 197, plugin.sp::AttemptInstantDefuse
L 12/04/2021 - 02:10:26: [SM]   [2] Line 104, plugin.sp::Event_BombBeginDefusePlusFrame
L 12/04/2021 - 02:10:41: [SM] Exception reported: Language phrase "InstaDefuseSuccessful" not found (arg 5)
L 12/04/2021 - 02:10:41: [SM] Blaming: retakes-instadefuse.smx
L 12/04/2021 - 02:10:41: [SM] Call stack trace:
L 12/04/2021 - 02:10:41: [SM]   [0] PrintToChat
L 12/04/2021 - 02:10:41: [SM]   [1] Line 197, plugin.sp::AttemptInstantDefuse
L 12/04/2021 - 02:10:41: [SM]   [2] Line 104, plugin.sp::Event_BombBeginDefusePlusFrame
L 12/04/2021 - 02:11:04: [SM] Exception reported: Language phrase "InstaDefuseSuccessful" not found (arg 5)
L 12/04/2021 - 02:11:04: [SM] Blaming: retakes-instadefuse.smx
L 12/04/2021 - 02:11:04: [SM] Call stack trace:
L 12/04/2021 - 02:11:04: [SM]   [0] PrintToChat
L 12/04/2021 - 02:11:04: [SM]   [1] Line 197, plugin.sp::AttemptInstantDefuse
L 12/04/2021 - 02:11:04: [SM]   [2] Line 104, plugin.sp::Event_BombBeginDefusePlusFrame
L 12/04/2021 - 02:11:18: [SM] Exception reported: Language phrase "InstaDefuseSuccessful" not found (arg 5)
L 12/04/2021 - 02:11:18: [SM] Blaming: retakes-instadefuse.smx
L 12/04/2021 - 02:11:18: [SM] Call stack trace:
L 12/04/2021 - 02:11:18: [SM]   [0] PrintToChat
L 12/04/2021 - 02:11:18: [SM]   [1] Line 197, plugin.sp::AttemptInstantDefuse
L 12/04/2021 - 02:11:18: [SM]   [2] Line 104, plugin.sp::Event_BombBeginDefusePlusFrame
L 12/04/2021 - 02:11:39: [SM] Exception reported: Language phrase "InstaDefuseSuccessful" not found (arg 5)
L 12/04/2021 - 02:11:39: [SM] Blaming: retakes-instadefuse.smx
L 12/04/2021 - 02:11:39: [SM] Call stack trace:
L 12/04/2021 - 02:11:39: [SM]   [0] PrintToChat
L 12/04/2021 - 02:11:39: [SM]   [1] Line 197, plugin.sp::AttemptInstantDefuse
L 12/04/2021 - 02:11:39: [SM]   [2] Line 104, plugin.sp::Event_BombBeginDefusePlusFrame
L 12/04/2021 - 02:11:54: [SM] Exception reported: Language phrase "InstaDefuseSuccessful" not found (arg 5)
L 12/04/2021 - 02:11:54: [SM] Blaming: retakes-instadefuse.smx
L 12/04/2021 - 02:11:54: [SM] Call stack trace:
L 12/04/2021 - 02:11:54: [SM]   [0] PrintToChat
L 12/04/2021 - 02:11:54: [SM]   [1] Line 197, plugin.sp::AttemptInstantDefuse
L 12/04/2021 - 02:11:54: [SM]   [2] Line 104, plugin.sp::Event_BombBeginDefusePlusFrame
L 12/04/2021 - 02:12:09: [SM] Exception reported: Language phrase "InstaDefuseSuccessful" not found (arg 5)
L 12/04/2021 - 02:12:09: [SM] Blaming: retakes-instadefuse.smx
L 12/04/2021 - 02:12:09: [SM] Call stack trace:
L 12/04/2021 - 02:12:09: [SM]   [0] PrintToChat
L 12/04/2021 - 02:12:09: [SM]   [1] Line 197, plugin.sp::AttemptInstantDefuse
L 12/04/2021 - 02:12:09: [SM]   [2] Line 104, plugin.sp::Event_BombBeginDefusePlusFrame
L 12/04/2021 - 02:12:42: [SM] Exception reported: Language phrase "InstaDefuseSuccessful" not found (arg 5)
L 12/04/2021 - 02:12:42: [SM] Blaming: retakes-instadefuse.smx
L 12/04/2021 - 02:12:42: [SM] Call stack trace:
L 12/04/2021 - 02:12:42: [SM]   [0] PrintToChat
L 12/04/2021 - 02:12:42: [SM]   [1] Line 197, plugin.sp::AttemptInstantDefuse
L 12/04/2021 - 02:12:42: [SM]   [2] Line 104, plugin.sp::Event_BombBeginDefusePlusFrame
L 12/04/2021 - 02:14:27: [SM] Exception reported: Language phrase "InstaDefuseSuccessful" not found (arg 5)
L 12/04/2021 - 02:14:27: [SM] Blaming: retakes-instadefuse.smx
L 12/04/2021 - 02:14:27: [SM] Call stack trace:
L 12/04/2021 - 02:14:27: [SM]   [0] PrintToChat
L 12/04/2021 - 02:14:27: [SM]   [1] Line 197, plugin.sp::AttemptInstantDefuse
L 12/04/2021 - 02:14:27: [SM]   [2] Line 104, plugin.sp::Event_BombBeginDefusePlusFrame
L 12/04/2021 - 02:15:17: [SM] Exception reported: Language phrase "InstaDefuseSuccessful" not found (arg 5)
L 12/04/2021 - 02:15:17: [SM] Blaming: retakes-instadefuse.smx
L 12/04/2021 - 02:15:17: [SM] Call stack trace:
L 12/04/2021 - 02:15:17: [SM]   [0] PrintToChat
L 12/04/2021 - 02:15:17: [SM]   [1] Line 197, plugin.sp::AttemptInstantDefuse
L 12/04/2021 - 02:15:17: [SM]   [2] Line 104, plugin.sp::Event_BombBeginDefusePlusFrame
L 12/04/2021 - 02:15:41: [SM] Exception reported: Language phrase "InstaDefuseSuccessful" not found (arg 5)
L 12/04/2021 - 02:15:41: [SM] Blaming: retakes-instadefuse.smx
L 12/04/2021 - 02:15:41: [SM] Call stack trace:
L 12/04/2021 - 02:15:41: [SM]   [0] PrintToChat
L 12/04/2021 - 02:15:41: [SM]   [1] Line 197, plugin.sp::AttemptInstantDefuse
L 12/04/2021 - 02:15:41: [SM]   [2] Line 104, plugin.sp::Event_BombBeginDefusePlusFrame
L 12/04/2021 - 02:17:11: [SM] Exception reported: Language phrase "InstaDefuseSuccessful" not found (arg 5)
L 12/04/2021 - 02:17:11: [SM] Blaming: retakes-instadefuse.smx
L 12/04/2021 - 02:17:11: [SM] Call stack trace:
L 12/04/2021 - 02:17:11: [SM]   [0] PrintToChat
L 12/04/2021 - 02:17:11: [SM]   [1] Line 197, plugin.sp::AttemptInstantDefuse
L 12/04/2021 - 02:17:11: [SM]   [2] Line 104, plugin.sp::Event_BombBeginDefusePlusFrame
L 12/04/2021 - 02:17:54: [SM] Exception reported: Language phrase "InstaDefuseSuccessful" not found (arg 5)
L 12/04/2021 - 02:17:54: [SM] Blaming: retakes-instadefuse.smx
L 12/04/2021 - 02:17:54: [SM] Call stack trace:
L 12/04/2021 - 02:17:54: [SM]   [0] PrintToChat
L 12/04/2021 - 02:17:54: [SM]   [1] Line 197, plugin.sp::AttemptInstantDefuse
L 12/04/2021 - 02:17:54: [SM]   [2] Line 104, plugin.sp::Event_BombBeginDefusePlusFrame
L 12/04/2021 - 02:18:45: [SM] Exception reported: Language phrase "InstaDefuseSuccessful" not found (arg 5)
L 12/04/2021 - 02:18:45: [SM] Blaming: retakes-instadefuse.smx
L 12/04/2021 - 02:18:45: [SM] Call stack trace:
L 12/04/2021 - 02:18:45: [SM]   [0] PrintToChat
L 12/04/2021 - 02:18:45: [SM]   [1] Line 197, plugin.sp::AttemptInstantDefuse
L 12/04/2021 - 02:18:45: [SM]   [2] Line 104, plugin.sp::Event_BombBeginDefusePlusFrame
L 12/04/2021 - 02:19:17: [SM] Exception reported: Language phrase "InstaDefuseSuccessful" not found (arg 5)
L 12/04/2021 - 02:19:17: [SM] Blaming: retakes-instadefuse.smx
L 12/04/2021 - 02:19:17: [SM] Call stack trace:
L 12/04/2021 - 02:19:17: [SM]   [0] PrintToChat
L 12/04/2021 - 02:19:17: [SM]   [1] Line 197, plugin.sp::AttemptInstantDefuse
L 12/04/2021 - 02:19:17: [SM]   [2] Line 104, plugin.sp::Event_BombBeginDefusePlusFrame
L 12/04/2021 - 02:19:19: [SM] Exception reported: Language phrase "InstaDefuseSuccessful" not found (arg 5)
L 12/04/2021 - 02:19:19: [SM] Blaming: retakes-instadefuse.smx
L 12/04/2021 - 02:19:19: [SM] Call stack trace:
L 12/04/2021 - 02:19:19: [SM]   [0] PrintToChat
L 12/04/2021 - 02:19:19: [SM]   [1] Line 197, plugin.sp::AttemptInstantDefuse
L 12/04/2021 - 02:19:19: [SM]   [2] Line 104, plugin.sp::Event_BombBeginDefusePlusFrame
L 12/04/2021 - 02:20:27: [SM] Exception reported: Language phrase "InstaDefuseSuccessful" not found (arg 5)
L 12/04/2021 - 02:20:27: [SM] Blaming: retakes-instadefuse.smx
L 12/04/2021 - 02:20:27: [SM] Call stack trace:
L 12/04/2021 - 02:20:27: [SM]   [0] PrintToChat
L 12/04/2021 - 02:20:27: [SM]   [1] Line 197, plugin.sp::AttemptInstantDefuse
L 12/04/2021 - 02:20:27: [SM]   [2] Line 104, plugin.sp::Event_BombBeginDefusePlusFrame
L 12/04/2021 - 02:20:59: [SM] Exception reported: Language phrase "InstaDefuseSuccessful" not found (arg 5)
L 12/04/2021 - 02:20:59: [SM] Blaming: retakes-instadefuse.smx
L 12/04/2021 - 02:20:59: [SM] Call stack trace:
L 12/04/2021 - 02:20:59: [SM]   [0] PrintToChat
L 12/04/2021 - 02:20:59: [SM]   [1] Line 197, plugin.sp::AttemptInstantDefuse
L 12/04/2021 - 02:20:59: [SM]   [2] Line 104, plugin.sp::Event_BombBeginDefusePlusFrame
L 12/04/2021 - 02:22:48: [SM] Exception reported: Language phrase "InstaDefuseUnsuccessful" not found (arg 5)
L 12/04/2021 - 02:22:48: [SM] Blaming: retakes-instadefuse.smx
L 12/04/2021 - 02:22:48: [SM] Call stack trace:
L 12/04/2021 - 02:22:48: [SM]   [0] PrintToChat
L 12/04/2021 - 02:22:48: [SM]   [1] Line 143, plugin.sp::AttemptInstantDefuse
L 12/04/2021 - 02:22:48: [SM]   [2] Line 104, plugin.sp::Event_BombBeginDefusePlusFrame
L 12/04/2021 - 02:22:49: [SM] Exception reported: Language phrase "InstaDefuseUnsuccessful" not found (arg 5)
L 12/04/2021 - 02:22:49: [SM] Blaming: retakes-instadefuse.smx
L 12/04/2021 - 02:22:49: [SM] Call stack trace:
L 12/04/2021 - 02:22:49: [SM]   [0] PrintToChat
L 12/04/2021 - 02:22:49: [SM]   [1] Line 143, plugin.sp::AttemptInstantDefuse
L 12/04/2021 - 02:22:49: [SM]   [2] Line 104, plugin.sp::Event_BombBeginDefusePlusFrame
L 12/04/2021 - 02:23:06: [SM] Exception reported: Language phrase "InstaDefuseSuccessful" not found (arg 5)
L 12/04/2021 - 02:23:06: [SM] Blaming: retakes-instadefuse.smx
L 12/04/2021 - 02:23:06: [SM] Call stack trace:
L 12/04/2021 - 02:23:06: [SM]   [0] PrintToChat
L 12/04/2021 - 02:23:06: [SM]   [1] Line 197, plugin.sp::AttemptInstantDefuse
L 12/04/2021 - 02:23:07: [SM]   [2] Line 104, plugin.sp::Event_BombBeginDefusePlusFrame
L 12/04/2021 - 02:23:07: [SM] Exception reported: Language phrase "InstaDefuseSuccessful" not found (arg 5)
L 12/04/2021 - 02:23:07: [SM] Blaming: retakes-instadefuse.smx
L 12/04/2021 - 02:23:07: [SM] Call stack trace:
L 12/04/2021 - 02:23:07: [SM]   [0] PrintToChat
L 12/04/2021 - 02:23:07: [SM]   [1] Line 197, plugin.sp::AttemptInstantDefuse
L 12/04/2021 - 02:23:07: [SM]   [2] Line 104, plugin.sp::Event_BombBeginDefusePlusFrame
L 12/04/2021 - 02:24:18: [SM] Exception reported: Language phrase "InstaDefuseSuccessful" not found (arg 5)
L 12/04/2021 - 02:24:18: [SM] Blaming: retakes-instadefuse.smx
L 12/04/2021 - 02:24:18: [SM] Call stack trace:
L 12/04/2021 - 02:24:18: [SM]   [0] PrintToChat
L 12/04/2021 - 02:24:18: [SM]   [1] Line 197, plugin.sp::AttemptInstantDefuse
L 12/04/2021 - 02:24:18: [SM]   [2] Line 104, plugin.sp::Event_BombBeginDefusePlusFrame
L 12/04/2021 - 02:24:40: [SM] Exception reported: Language phrase "InstaDefuseSuccessful" not found (arg 5)
L 12/04/2021 - 02:24:40: [SM] Blaming: retakes-instadefuse.smx
L 12/04/2021 - 02:24:40: [SM] Call stack trace:
L 12/04/2021 - 02:24:40: [SM]   [0] PrintToChat
L 12/04/2021 - 02:24:40: [SM]   [1] Line 197, plugin.sp::AttemptInstantDefuse
L 12/04/2021 - 02:24:40: [SM]   [2] Line 104, plugin.sp::Event_BombBeginDefusePlusFrame
L 12/04/2021 - 02:25:19: [SM] Exception reported: Language phrase "InstaDefuseSuccessful" not found (arg 5)
L 12/04/2021 - 02:25:19: [SM] Blaming: retakes-instadefuse.smx
L 12/04/2021 - 02:25:19: [SM] Call stack trace:
L 12/04/2021 - 02:25:19: [SM]   [0] PrintToChat
L 12/04/2021 - 02:25:19: [SM]   [1] Line 197, plugin.sp::AttemptInstantDefuse
L 12/04/2021 - 02:25:19: [SM]   [2] Line 104, plugin.sp::Event_BombBeginDefusePlusFrame
L 12/04/2021 - 02:25:21: [SM] Exception reported: Language phrase "InstaDefuseSuccessful" not found (arg 5)
L 12/04/2021 - 02:25:21: [SM] Blaming: retakes-instadefuse.smx
L 12/04/2021 - 02:25:21: [SM] Call stack trace:
L 12/04/2021 - 02:25:21: [SM]   [0] PrintToChat
L 12/04/2021 - 02:25:21: [SM]   [1] Line 197, plugin.sp::AttemptInstantDefuse
L 12/04/2021 - 02:25:21: [SM]   [2] Line 104, plugin.sp::Event_BombBeginDefusePlusFrame
L 12/04/2021 - 02:26:37: [SM] Exception reported: Language phrase "InstaDefuseSuccessful" not found (arg 5)
L 12/04/2021 - 02:26:37: [SM] Blaming: retakes-instadefuse.smx
L 12/04/2021 - 02:26:37: [SM] Call stack trace:
L 12/04/2021 - 02:26:37: [SM]   [0] PrintToChat
L 12/04/2021 - 02:26:37: [SM]   [1] Line 197, plugin.sp::AttemptInstantDefuse
L 12/04/2021 - 02:26:37: [SM]   [2] Line 104, plugin.sp::Event_BombBeginDefusePlusFrame
L 12/04/2021 - 02:27:38: [SM] Exception reported: Language phrase "InstaDefuseUnsuccessful" not found (arg 5)
L 12/04/2021 - 02:27:38: [SM] Blaming: retakes-instadefuse.smx
L 12/04/2021 - 02:27:38: [SM] Call stack trace:
L 12/04/2021 - 02:27:38: [SM]   [0] PrintToChat
L 12/04/2021 - 02:27:38: [SM]   [1] Line 143, plugin.sp::AttemptInstantDefuse
L 12/04/2021 - 02:27:38: [SM]   [2] Line 104, plugin.sp::Event_BombBeginDefusePlusFrame
L 12/04/2021 - 02:27:39: [SM] Exception reported: Language phrase "InstaDefuseUnsuccessful" not found (arg 5)
L 12/04/2021 - 02:27:39: [SM] Blaming: retakes-instadefuse.smx
L 12/04/2021 - 02:27:39: [SM] Call stack trace:
L 12/04/2021 - 02:27:39: [SM]   [0] PrintToChat
L 12/04/2021 - 02:27:39: [SM]   [1] Line 143, plugin.sp::AttemptInstantDefuse
L 12/04/2021 - 02:27:39: [SM]   [2] Line 104, plugin.sp::Event_BombBeginDefusePlusFrame
L 12/04/2021 - 02:27:39: [SM] Exception reported: Language phrase "InstaDefuseUnsuccessful" not found (arg 5)
L 12/04/2021 - 02:27:39: [SM] Blaming: retakes-instadefuse.smx
L 12/04/2021 - 02:27:39: [SM] Call stack trace:
L 12/04/2021 - 02:27:39: [SM]   [0] PrintToChat
L 12/04/2021 - 02:27:39: [SM]   [1] Line 143, plugin.sp::AttemptInstantDefuse
L 12/04/2021 - 02:27:39: [SM]   [2] Line 104, plugin.sp::Event_BombBeginDefusePlusFrame
L 12/04/2021 - 02:27:39: [SM] Exception reported: Language phrase "InstaDefuseUnsuccessful" not found (arg 5)
L 12/04/2021 - 02:27:39: [SM] Blaming: retakes-instadefuse.smx
L 12/04/2021 - 02:27:39: [SM] Call stack trace:
L 12/04/2021 - 02:27:39: [SM]   [0] PrintToChat
L 12/04/2021 - 02:27:39: [SM]   [1] Line 143, plugin.sp::AttemptInstantDefuse
L 12/04/2021 - 02:27:39: [SM]   [2] Line 104, plugin.sp::Event_BombBeginDefusePlusFrame
L 12/04/2021 - 02:27:39: [SM] Exception reported: Language phrase "InstaDefuseUnsuccessful" not found (arg 5)
L 12/04/2021 - 02:27:39: [SM] Blaming: retakes-instadefuse.smx
L 12/04/2021 - 02:27:39: [SM] Call stack trace:
L 12/04/2021 - 02:27:39: [SM]   [0] PrintToChat
L 12/04/2021 - 02:27:39: [SM]   [1] Line 143, plugin.sp::AttemptInstantDefuse
L 12/04/2021 - 02:27:40: [SM]   [2] Line 104, plugin.sp::Event_BombBeginDefusePlusFrame
L 12/04/2021 - 02:27:40: [SM] Exception reported: Language phrase "InstaDefuseUnsuccessful" not found (arg 5)
L 12/04/2021 - 02:27:40: [SM] Blaming: retakes-instadefuse.smx
L 12/04/2021 - 02:27:40: [SM] Call stack trace:
L 12/04/2021 - 02:27:40: [SM]   [0] PrintToChat
L 12/04/2021 - 02:27:40: [SM]   [1] Line 143, plugin.sp::AttemptInstantDefuse
L 12/04/2021 - 02:27:40: [SM]   [2] Line 104, plugin.sp::Event_BombBeginDefusePlusFrame
L 12/04/2021 - 02:29:09: [SM] Exception reported: Language phrase "InstaDefuseUnsuccessful" not found (arg 5)
L 12/04/2021 - 02:29:09: [SM] Blaming: retakes-instadefuse.smx
L 12/04/2021 - 02:29:09: [SM] Call stack trace:
L 12/04/2021 - 02:29:09: [SM]   [0] PrintToChat
L 12/04/2021 - 02:29:09: [SM]   [1] Line 143, plugin.sp::AttemptInstantDefuse
L 12/04/2021 - 02:29:09: [SM]   [2] Line 104, plugin.sp::Event_BombBeginDefusePlusFrame
L 12/04/2021 - 02:29:09: [SM] Exception reported: Language phrase "InstaDefuseUnsuccessful" not found (arg 5)
L 12/04/2021 - 02:29:09: [SM] Blaming: retakes-instadefuse.smx
L 12/04/2021 - 02:29:09: [SM] Call stack trace:
L 12/04/2021 - 02:29:09: [SM]   [0] PrintToChat
L 12/04/2021 - 02:29:09: [SM]   [1] Line 143, plugin.sp::AttemptInstantDefuse
L 12/04/2021 - 02:29:09: [SM]   [2] Line 104, plugin.sp::Event_BombBeginDefusePlusFrame
L 12/04/2021 - 02:29:09: [SM] Exception reported: Language phrase "InstaDefuseUnsuccessful" not found (arg 5)
L 12/04/2021 - 02:29:09: [SM] Blaming: retakes-instadefuse.smx
L 12/04/2021 - 02:29:09: [SM] Call stack trace:
L 12/04/2021 - 02:29:09: [SM]   [0] PrintToChat
L 12/04/2021 - 02:29:09: [SM]   [1] Line 143, plugin.sp::AttemptInstantDefuse
L 12/04/2021 - 02:29:09: [SM]   [2] Line 104, plugin.sp::Event_BombBeginDefusePlusFrame
L 12/04/2021 - 02:29:09: [SM] Exception reported: Language phrase "InstaDefuseUnsuccessful" not found (arg 5)
L 12/04/2021 - 02:29:09: [SM] Blaming: retakes-instadefuse.smx
L 12/04/2021 - 02:29:09: [SM] Call stack trace:
L 12/04/2021 - 02:29:09: [SM]   [0] PrintToChat
L 12/04/2021 - 02:29:09: [SM]   [1] Line 143, plugin.sp::AttemptInstantDefuse
L 12/04/2021 - 02:29:09: [SM]   [2] Line 104, plugin.sp::Event_BombBeginDefusePlusFrame
L 12/04/2021 - 02:29:10: [SM] Exception reported: Language phrase "InstaDefuseUnsuccessful" not found (arg 5)
L 12/04/2021 - 02:29:10: [SM] Blaming: retakes-instadefuse.smx
L 12/04/2021 - 02:29:10: [SM] Call stack trace:
L 12/04/2021 - 02:29:10: [SM]   [0] PrintToChat
L 12/04/2021 - 02:29:10: [SM]   [1] Line 143, plugin.sp::AttemptInstantDefuse
L 12/04/2021 - 02:29:10: [SM]   [2] Line 104, plugin.sp::Event_BombBeginDefusePlusFrame
L 12/04/2021 - 02:29:10: [SM] Exception reported: Language phrase "InstaDefuseUnsuccessful" not found (arg 5)
L 12/04/2021 - 02:29:10: [SM] Blaming: retakes-instadefuse.smx
L 12/04/2021 - 02:29:10: [SM] Call stack trace:
L 12/04/2021 - 02:29:10: [SM]   [0] PrintToChat
L 12/04/2021 - 02:29:10: [SM]   [1] Line 143, plugin.sp::AttemptInstantDefuse
L 12/04/2021 - 02:29:10: [SM]   [2] Line 104, plugin.sp::Event_BombBeginDefusePlusFrame
L 12/04/2021 - 02:29:10: [SM] Exception reported: Language phrase "InstaDefuseUnsuccessful" not found (arg 5)
L 12/04/2021 - 02:29:10: [SM] Blaming: retakes-instadefuse.smx
L 12/04/2021 - 02:29:10: [SM] Call stack trace:
L 12/04/2021 - 02:29:10: [SM]   [0] PrintToChat
L 12/04/2021 - 02:29:10: [SM]   [1] Line 143, plugin.sp::AttemptInstantDefuse
L 12/04/2021 - 02:29:10: [SM]   [2] Line 104, plugin.sp::Event_BombBeginDefusePlusFrame
L 12/04/2021 - 02:30:07: [SM] Exception reported: Language phrase "InstaDefuseSuccessful" not found (arg 5)
L 12/04/2021 - 02:30:07: [SM] Blaming: retakes-instadefuse.smx
L 12/04/2021 - 02:30:07: [SM] Call stack trace:
L 12/04/2021 - 02:30:07: [SM]   [0] PrintToChat
L 12/04/2021 - 02:30:07: [SM]   [1] Line 197, plugin.sp::AttemptInstantDefuse
L 12/04/2021 - 02:30:07: [SM]   [2] Line 104, plugin.sp::Event_BombBeginDefusePlusFrame
L 12/04/2021 - 02:32:12: [SM] Exception reported: Language phrase "InstaDefuseSuccessful" not found (arg 5)
L 12/04/2021 - 02:32:12: [SM] Blaming: retakes-instadefuse.smx
L 12/04/2021 - 02:32:12: [SM] Call stack trace:
L 12/04/2021 - 02:32:12: [SM]   [0] PrintToChat
L 12/04/2021 - 02:32:12: [SM]   [1] Line 197, plugin.sp::AttemptInstantDefuse
L 12/04/2021 - 02:32:12: [SM]   [2] Line 104, plugin.sp::Event_BombBeginDefusePlusFrame
L 12/04/2021 - 02:32:14: [SM] Exception reported: Language phrase "InstaDefuseSuccessful" not found (arg 5)
L 12/04/2021 - 02:32:14: [SM] Blaming: retakes-instadefuse.smx
L 12/04/2021 - 02:32:14: [SM] Call stack trace:
L 12/04/2021 - 02:32:14: [SM]   [0] PrintToChat
L 12/04/2021 - 02:32:14: [SM]   [1] Line 197, plugin.sp::AttemptInstantDefuse
L 12/04/2021 - 02:32:14: [SM]   [2] Line 104, plugin.sp::Event_BombBeginDefusePlusFrame
L 12/04/2021 - 02:33:41: [SM] Exception reported: Language phrase "InstaDefuseSuccessful" not found (arg 5)
L 12/04/2021 - 02:33:41: [SM] Blaming: retakes-instadefuse.smx
L 12/04/2021 - 02:33:41: [SM] Call stack trace:
L 12/04/2021 - 02:33:41: [SM]   [0] PrintToChat
L 12/04/2021 - 02:33:41: [SM]   [1] Line 197, plugin.sp::AttemptInstantDefuse
L 12/04/2021 - 02:33:41: [SM]   [2] Line 104, plugin.sp::Event_BombBeginDefusePlusFrame
L 12/04/2021 - 02:35:26: [SM] Exception reported: Language phrase "InstaDefuseUnsuccessful" not found (arg 5)
L 12/04/2021 - 02:35:26: [SM] Blaming: retakes-instadefuse.smx
L 12/04/2021 - 02:35:26: [SM] Call stack trace:
L 12/04/2021 - 02:35:26: [SM]   [0] PrintToChat
L 12/04/2021 - 02:35:26: [SM]   [1] Line 143, plugin.sp::AttemptInstantDefuse
L 12/04/2021 - 02:35:26: [SM]   [2] Line 104, plugin.sp::Event_BombBeginDefusePlusFrame
L 12/04/2021 - 02:35:27: [SM] Exception reported: Language phrase "InstaDefuseUnsuccessful" not found (arg 5)
L 12/04/2021 - 02:35:27: [SM] Blaming: retakes-instadefuse.smx
L 12/04/2021 - 02:35:27: [SM] Call stack trace:
L 12/04/2021 - 02:35:27: [SM]   [0] PrintToChat
L 12/04/2021 - 02:35:27: [SM]   [1] Line 143, plugin.sp::AttemptInstantDefuse
L 12/04/2021 - 02:35:27: [SM]   [2] Line 104, plugin.sp::Event_BombBeginDefusePlusFrame
L 12/04/2021 - 02:35:27: [SM] Exception reported: Language phrase "InstaDefuseUnsuccessful" not found (arg 5)
L 12/04/2021 - 02:35:27: [SM] Blaming: retakes-instadefuse.smx
L 12/04/2021 - 02:35:27: [SM] Call stack trace:
L 12/04/2021 - 02:35:27: [SM]   [0] PrintToChat
L 12/04/2021 - 02:35:27: [SM]   [1] Line 143, plugin.sp::AttemptInstantDefuse
L 12/04/2021 - 02:35:27: [SM]   [2] Line 104, plugin.sp::Event_BombBeginDefusePlusFrame
L 12/04/2021 - 02:35:27: [SM] Exception reported: Language phrase "InstaDefuseUnsuccessful" not found (arg 5)
L 12/04/2021 - 02:35:27: [SM] Blaming: retakes-instadefuse.smx
L 12/04/2021 - 02:35:27: [SM] Call stack trace:
L 12/04/2021 - 02:35:27: [SM]   [0] PrintToChat
L 12/04/2021 - 02:35:27: [SM]   [1] Line 143, plugin.sp::AttemptInstantDefuse
L 12/04/2021 - 02:35:27: [SM]   [2] Line 104, plugin.sp::Event_BombBeginDefusePlusFrame
L 12/04/2021 - 02:35:27: [SM] Exception reported: Language phrase "InstaDefuseUnsuccessful" not found (arg 5)
L 12/04/2021 - 02:35:27: [SM] Blaming: retakes-instadefuse.smx
L 12/04/2021 - 02:35:27: [SM] Call stack trace:
L 12/04/2021 - 02:35:27: [SM]   [0] PrintToChat
L 12/04/2021 - 02:35:27: [SM]   [1] Line 143, plugin.sp::AttemptInstantDefuse
L 12/04/2021 - 02:35:27: [SM]   [2] Line 104, plugin.sp::Event_BombBeginDefusePlusFrame
L 12/04/2021 - 02:35:40: [SM] Exception reported: Language phrase "InstaDefuseSuccessful" not found (arg 5)
L 12/04/2021 - 02:35:40: [SM] Blaming: retakes-instadefuse.smx
L 12/04/2021 - 02:35:40: [SM] Call stack trace:
L 12/04/2021 - 02:35:40: [SM]   [0] PrintToChat
L 12/04/2021 - 02:35:40: [SM]   [1] Line 197, plugin.sp::AttemptInstantDefuse
L 12/04/2021 - 02:35:40: [SM]   [2] Line 104, plugin.sp::Event_BombBeginDefusePlusFrame
L 12/04/2021 - 02:36:32: [SM] Exception reported: Language phrase "InstaDefuseSuccessful" not found (arg 5)
L 12/04/2021 - 02:36:32: [SM] Blaming: retakes-instadefuse.smx
L 12/04/2021 - 02:36:32: [SM] Call stack trace:
L 12/04/2021 - 02:36:32: [SM]   [0] PrintToChat
L 12/04/2021 - 02:36:32: [SM]   [1] Line 197, plugin.sp::AttemptInstantDefuse
L 12/04/2021 - 02:36:32: [SM]   [2] Line 104, plugin.sp::Event_BombBeginDefusePlusFrame
L 12/04/2021 - 02:38:05: [SM] Exception reported: Language phrase "InstaDefuseSuccessful" not found (arg 5)
L 12/04/2021 - 02:38:05: [SM] Blaming: retakes-instadefuse.smx
L 12/04/2021 - 02:38:05: [SM] Call stack trace:
L 12/04/2021 - 02:38:05: [SM]   [0] PrintToChat
L 12/04/2021 - 02:38:05: [SM]   [1] Line 197, plugin.sp::AttemptInstantDefuse
L 12/04/2021 - 02:38:05: [SM]   [2] Line 104, plugin.sp::Event_BombBeginDefusePlusFrame
L 12/04/2021 - 02:39:16: [SM] Exception reported: Language phrase "InstaDefuseSuccessful" not found (arg 5)
L 12/04/2021 - 02:39:16: [SM] Blaming: retakes-instadefuse.smx
L 12/04/2021 - 02:39:16: [SM] Call stack trace:
L 12/04/2021 - 02:39:16: [SM]   [0] PrintToChat
L 12/04/2021 - 02:39:16: [SM]   [1] Line 197, plugin.sp::AttemptInstantDefuse
L 12/04/2021 - 02:39:16: [SM]   [2] Line 104, plugin.sp::Event_BombBeginDefusePlusFrame
L 12/04/2021 - 02:39:31: [SM] Exception reported: Language phrase "InstaDefuseSuccessful" not found (arg 5)
L 12/04/2021 - 02:39:31: [SM] Blaming: retakes-instadefuse.smx
L 12/04/2021 - 02:39:31: [SM] Call stack trace:
L 12/04/2021 - 02:39:31: [SM]   [0] PrintToChat
L 12/04/2021 - 02:39:31: [SM]   [1] Line 197, plugin.sp::AttemptInstantDefuse
L 12/04/2021 - 02:39:31: [SM]   [2] Line 104, plugin.sp::Event_BombBeginDefusePlusFrame
L 12/04/2021 - 02:39:59: [SM] Exception reported: Language phrase "InstaDefuseSuccessful" not found (arg 5)
L 12/04/2021 - 02:39:59: [SM] Blaming: retakes-instadefuse.smx
L 12/04/2021 - 02:39:59: [SM] Call stack trace:
L 12/04/2021 - 02:39:59: [SM]   [0] PrintToChat
L 12/04/2021 - 02:39:59: [SM]   [1] Line 197, plugin.sp::AttemptInstantDefuse
L 12/04/2021 - 02:39:59: [SM]   [2] Line 104, plugin.sp::Event_BombBeginDefusePlusFrame
L 12/04/2021 - 02:40:24: [SM] Exception reported: Language phrase "InstaDefuseSuccessful" not found (arg 5)
L 12/04/2021 - 02:40:24: [SM] Blaming: retakes-instadefuse.smx
L 12/04/2021 - 02:40:24: [SM] Call stack trace:
L 12/04/2021 - 02:40:24: [SM]   [0] PrintToChat
L 12/04/2021 - 02:40:24: [SM]   [1] Line 197, plugin.sp::AttemptInstantDefuse
L 12/04/2021 - 02:40:24: [SM]   [2] Line 104, plugin.sp::Event_BombBeginDefusePlusFrame
L 12/04/2021 - 02:41:33: [SM] Exception reported: Language phrase "InstaDefuseSuccessful" not found (arg 5)
L 12/04/2021 - 02:41:33: [SM] Blaming: retakes-instadefuse.smx
L 12/04/2021 - 02:41:33: [SM] Call stack trace:
L 12/04/2021 - 02:41:33: [SM]   [0] PrintToChat
L 12/04/2021 - 02:41:33: [SM]   [1] Line 197, plugin.sp::AttemptInstantDefuse
L 12/04/2021 - 02:41:33: [SM]   [2] Line 104, plugin.sp::Event_BombBeginDefusePlusFrame
L 12/04/2021 - 02:42:43: [SM] Exception reported: Language phrase "InstaDefuseSuccessful" not found (arg 5)
L 12/04/2021 - 02:42:43: [SM] Blaming: retakes-instadefuse.smx
L 12/04/2021 - 02:42:43: [SM] Call stack trace:
L 12/04/2021 - 02:42:43: [SM]   [0] PrintToChat
L 12/04/2021 - 02:42:43: [SM]   [1] Line 197, plugin.sp::AttemptInstantDefuse
L 12/04/2021 - 02:42:43: [SM]   [2] Line 104, plugin.sp::Event_BombBeginDefusePlusFrame
L 12/04/2021 - 02:43:07: [SM] Exception reported: Language phrase "InstaDefuseSuccessful" not found (arg 5)
L 12/04/2021 - 02:43:07: [SM] Blaming: retakes-instadefuse.smx
L 12/04/2021 - 02:43:07: [SM] Call stack trace:
L 12/04/2021 - 02:43:07: [SM]   [0] PrintToChat
L 12/04/2021 - 02:43:07: [SM]   [1] Line 197, plugin.sp::AttemptInstantDefuse
L 12/04/2021 - 02:43:07: [SM]   [2] Line 104, plugin.sp::Event_BombBeginDefusePlusFrame
L 12/04/2021 - 02:44:22: [SM] Exception reported: Language phrase "InstaDefuseSuccessful" not found (arg 5)
L 12/04/2021 - 02:44:22: [SM] Blaming: retakes-instadefuse.smx
L 12/04/2021 - 02:44:22: [SM] Call stack trace:
L 12/04/2021 - 02:44:22: [SM]   [0] PrintToChat
L 12/04/2021 - 02:44:22: [SM]   [1] Line 197, plugin.sp::AttemptInstantDefuse
L 12/04/2021 - 02:44:22: [SM]   [2] Line 104, plugin.sp::Event_BombBeginDefusePlusFrame
L 12/04/2021 - 02:47:15: [SM] Exception reported: Language phrase "InstaDefuseSuccessful" not found (arg 5)
L 12/04/2021 - 02:47:15: [SM] Blaming: retakes-instadefuse.smx
L 12/04/2021 - 02:47:15: [SM] Call stack trace:
L 12/04/2021 - 02:47:15: [SM]   [0] PrintToChat
L 12/04/2021 - 02:47:15: [SM]   [1] Line 197, plugin.sp::AttemptInstantDefuse
L 12/04/2021 - 02:47:15: [SM]   [2] Line 104, plugin.sp::Event_BombBeginDefusePlusFrame
L 12/04/2021 - 02:47:42: [SM] Exception reported: Language phrase "InstaDefuseSuccessful" not found (arg 5)
L 12/04/2021 - 02:47:42: [SM] Blaming: retakes-instadefuse.smx
L 12/04/2021 - 02:47:42: [SM] Call stack trace:
L 12/04/2021 - 02:47:42: [SM]   [0] PrintToChat
L 12/04/2021 - 02:47:42: [SM]   [1] Line 197, plugin.sp::AttemptInstantDefuse
L 12/04/2021 - 02:47:42: [SM]   [2] Line 104, plugin.sp::Event_BombBeginDefusePlusFrame
L 12/04/2021 - 02:48:28: [SM] Exception reported: Language phrase "InstaDefuseSuccessful" not found (arg 5)
L 12/04/2021 - 02:48:28: [SM] Blaming: retakes-instadefuse.smx
L 12/04/2021 - 02:48:28: [SM] Call stack trace:
L 12/04/2021 - 02:48:28: [SM]   [0] PrintToChat
L 12/04/2021 - 02:48:28: [SM]   [1] Line 197, plugin.sp::AttemptInstantDefuse
L 12/04/2021 - 02:48:28: [SM]   [2] Line 104, plugin.sp::Event_BombBeginDefusePlusFrame
L 12/04/2021 - 02:48:54: [SM] Exception reported: Language phrase "InstaDefuseSuccessful" not found (arg 5)
L 12/04/2021 - 02:48:54: [SM] Blaming: retakes-instadefuse.smx
L 12/04/2021 - 02:48:54: [SM] Call stack trace:
L 12/04/2021 - 02:48:54: [SM]   [0] PrintToChat
L 12/04/2021 - 02:48:54: [SM]   [1] Line 197, plugin.sp::AttemptInstantDefuse
L 12/04/2021 - 02:48:54: [SM]   [2] Line 104, plugin.sp::Event_BombBeginDefusePlusFrame
L 12/04/2021 - 02:49:18: [SM] Exception reported: Language phrase "InstaDefuseSuccessful" not found (arg 5)
L 12/04/2021 - 02:49:18: [SM] Blaming: retakes-instadefuse.smx
L 12/04/2021 - 02:49:18: [SM] Call stack trace:
L 12/04/2021 - 02:49:18: [SM]   [0] PrintToChat
L 12/04/2021 - 02:49:18: [SM]   [1] Line 197, plugin.sp::AttemptInstantDefuse
L 12/04/2021 - 02:49:18: [SM]   [2] Line 104, plugin.sp::Event_BombBeginDefusePlusFrame
L 12/04/2021 - 02:51:16: [SM] Exception reported: Language phrase "InstaDefuseSuccessful" not found (arg 5)
L 12/04/2021 - 02:51:16: [SM] Blaming: retakes-instadefuse.smx
L 12/04/2021 - 02:51:16: [SM] Call stack trace:
L 12/04/2021 - 02:51:16: [SM]   [0] PrintToChat
L 12/04/2021 - 02:51:16: [SM]   [1] Line 197, plugin.sp::AttemptInstantDefuse
L 12/04/2021 - 02:51:16: [SM]   [2] Line 104, plugin.sp::Event_BombBeginDefusePlusFrame
L 12/04/2021 - 02:51:33: [SM] Exception reported: Language phrase "InstaDefuseSuccessful" not found (arg 5)
L 12/04/2021 - 02:51:33: [SM] Blaming: retakes-instadefuse.smx
L 12/04/2021 - 02:51:33: [SM] Call stack trace:
L 12/04/2021 - 02:51:33: [SM]   [0] PrintToChat
L 12/04/2021 - 02:51:33: [SM]   [1] Line 197, plugin.sp::AttemptInstantDefuse
L 12/04/2021 - 02:51:33: [SM]   [2] Line 104, plugin.sp::Event_BombBeginDefusePlusFrame
L 12/04/2021 - 02:52:17: Error log file session closed.
L 12/04/2021 - 02:52:17: SourceMod error session started
L 12/04/2021 - 02:52:17: Info (map "de_cache") (file "E:\retake\csgoserver\csgo\addons\sourcemod\logs\errors_20211204.log")
L 12/04/2021 - 02:52:17: [SM] Fatal error encountered parsing translation file "ranks_matchmaking.phrases.txt"
L 12/04/2021 - 02:52:17: [SM] Error (line 0, column 0): Stream failed to open
L 12/04/2021 - 02:52:17: [SM] Fatal error encountered parsing translation file "instadefuse.phrases.txt"
L 12/04/2021 - 02:52:17: [SM] Error (line 0, column 0): Stream failed to open
L 12/04/2021 - 02:52:18: [SM] Exception reported: Language phrase "Unranked" not found (arg 5)
L 12/04/2021 - 02:52:18: [SM] Blaming: ranks_matchmaking.smx
L 12/04/2021 - 02:52:18: [SM] Call stack trace:
L 12/04/2021 - 02:52:18: [SM]   [0] FormatEx
L 12/04/2021 - 02:52:18: [SM]   [1] Line 174, ranks_matchmaking.sp::GetRanksNames
L 12/04/2021 - 02:52:18: [SM]   [2] Line 169, ranks_matchmaking.sp::OnMapStart
L 12/04/2021 - 02:53:37: [SM] Exception reported: Language phrase "InstaDefuseSuccessful" not found (arg 5)
L 12/04/2021 - 02:53:37: [SM] Blaming: retakes-instadefuse.smx
L 12/04/2021 - 02:53:37: [SM] Call stack trace:
L 12/04/2021 - 02:53:37: [SM]   [0] PrintToChat
L 12/04/2021 - 02:53:37: [SM]   [1] Line 197, plugin.sp::AttemptInstantDefuse
L 12/04/2021 - 02:53:37: [SM]   [2] Line 104, plugin.sp::Event_BombBeginDefusePlusFrame
L 12/04/2021 - 02:53:56: [SM] Exception reported: Language phrase "InstaDefuseSuccessful" not found (arg 5)
L 12/04/2021 - 02:53:56: [SM] Blaming: retakes-instadefuse.smx
L 12/04/2021 - 02:53:56: [SM] Call stack trace:
L 12/04/2021 - 02:53:56: [SM]   [0] PrintToChat
L 12/04/2021 - 02:53:56: [SM]   [1] Line 197, plugin.sp::AttemptInstantDefuse
L 12/04/2021 - 02:53:56: [SM]   [2] Line 104, plugin.sp::Event_BombBeginDefusePlusFrame
L 12/04/2021 - 02:54:52: [SM] Exception reported: Language phrase "InstaDefuseSuccessful" not found (arg 5)
L 12/04/2021 - 02:54:52: [SM] Blaming: retakes-instadefuse.smx
L 12/04/2021 - 02:54:52: [SM] Call stack trace:
L 12/04/2021 - 02:54:52: [SM]   [0] PrintToChat
L 12/04/2021 - 02:54:52: [SM]   [1] Line 197, plugin.sp::AttemptInstantDefuse
L 12/04/2021 - 02:54:52: [SM]   [2] Line 104, plugin.sp::Event_BombBeginDefusePlusFrame
L 12/04/2021 - 02:54:53: [SM] Exception reported: Language phrase "InstaDefuseSuccessful" not found (arg 5)
L 12/04/2021 - 02:54:53: [SM] Blaming: retakes-instadefuse.smx
L 12/04/2021 - 02:54:53: [SM] Call stack trace:
L 12/04/2021 - 02:54:53: [SM]   [0] PrintToChat
L 12/04/2021 - 02:54:53: [SM]   [1] Line 197, plugin.sp::AttemptInstantDefuse
L 12/04/2021 - 02:54:54: [SM]   [2] Line 104, plugin.sp::Event_BombBeginDefusePlusFrame
L 12/04/2021 - 02:55:18: [SM] Exception reported: Language phrase "InstaDefuseSuccessful" not found (arg 5)
L 12/04/2021 - 02:55:18: [SM] Blaming: retakes-instadefuse.smx
L 12/04/2021 - 02:55:18: [SM] Call stack trace:
L 12/04/2021 - 02:55:18: [SM]   [0] PrintToChat
L 12/04/2021 - 02:55:18: [SM]   [1] Line 197, plugin.sp::AttemptInstantDefuse
L 12/04/2021 - 02:55:18: [SM]   [2] Line 104, plugin.sp::Event_BombBeginDefusePlusFrame
L 12/04/2021 - 02:55:35: [SM] Exception reported: Language phrase "InstaDefuseSuccessful" not found (arg 5)
L 12/04/2021 - 02:55:35: [SM] Blaming: retakes-instadefuse.smx
L 12/04/2021 - 02:55:35: [SM] Call stack trace:
L 12/04/2021 - 02:55:35: [SM]   [0] PrintToChat
L 12/04/2021 - 02:55:35: [SM]   [1] Line 197, plugin.sp::AttemptInstantDefuse
L 12/04/2021 - 02:55:35: [SM]   [2] Line 104, plugin.sp::Event_BombBeginDefusePlusFrame
L 12/04/2021 - 02:55:56: [SM] Exception reported: Language phrase "InstaDefuseSuccessful" not found (arg 5)
L 12/04/2021 - 02:55:56: [SM] Blaming: retakes-instadefuse.smx
L 12/04/2021 - 02:55:56: [SM] Call stack trace:
L 12/04/2021 - 02:55:56: [SM]   [0] PrintToChat
L 12/04/2021 - 02:55:56: [SM]   [1] Line 197, plugin.sp::AttemptInstantDefuse
L 12/04/2021 - 02:55:56: [SM]   [2] Line 104, plugin.sp::Event_BombBeginDefusePlusFrame
L 12/04/2021 - 02:56:13: [SM] Exception reported: Language phrase "InstaDefuseSuccessful" not found (arg 5)
L 12/04/2021 - 02:56:13: [SM] Blaming: retakes-instadefuse.smx
L 12/04/2021 - 02:56:13: [SM] Call stack trace:
L 12/04/2021 - 02:56:13: [SM]   [0] PrintToChat
L 12/04/2021 - 02:56:13: [SM]   [1] Line 197, plugin.sp::AttemptInstantDefuse
L 12/04/2021 - 02:56:13: [SM]   [2] Line 104, plugin.sp::Event_BombBeginDefusePlusFrame
L 12/04/2021 - 02:56:30: [SM] Exception reported: Language phrase "InstaDefuseSuccessful" not found (arg 5)
L 12/04/2021 - 02:56:30: [SM] Blaming: retakes-instadefuse.smx
L 12/04/2021 - 02:56:30: [SM] Call stack trace:
L 12/04/2021 - 02:56:30: [SM]   [0] PrintToChat
L 12/04/2021 - 02:56:30: [SM]   [1] Line 197, plugin.sp::AttemptInstantDefuse
L 12/04/2021 - 02:56:30: [SM]   [2] Line 104, plugin.sp::Event_BombBeginDefusePlusFrame
L 12/04/2021 - 02:56:56: [SM] Exception reported: Language phrase "InstaDefuseSuccessful" not found (arg 5)
L 12/04/2021 - 02:56:56: [SM] Blaming: retakes-instadefuse.smx
L 12/04/2021 - 02:56:56: [SM] Call stack trace:
L 12/04/2021 - 02:56:56: [SM]   [0] PrintToChat
L 12/04/2021 - 02:56:56: [SM]   [1] Line 197, plugin.sp::AttemptInstantDefuse
L 12/04/2021 - 02:56:56: [SM]   [2] Line 104, plugin.sp::Event_BombBeginDefusePlusFrame
L 12/04/2021 - 02:57:09: [SM] Exception reported: Language phrase "InstaDefuseSuccessful" not found (arg 5)
L 12/04/2021 - 02:57:09: [SM] Blaming: retakes-instadefuse.smx
L 12/04/2021 - 02:57:09: [SM] Call stack trace:
L 12/04/2021 - 02:57:09: [SM]   [0] PrintToChat
L 12/04/2021 - 02:57:09: [SM]   [1] Line 197, plugin.sp::AttemptInstantDefuse
L 12/04/2021 - 02:57:09: [SM]   [2] Line 104, plugin.sp::Event_BombBeginDefusePlusFrame
