L 08/14/2021 - 20:01:51: SourceMod error session started
L 08/14/2021 - 20:01:51: Info (map "de_dust2") (file "E:\retake\csgoserver\csgo\addons\sourcemod\logs\errors_20210814.log")
L 08/14/2021 - 20:01:51: [SM] Unable to load plugin "bot_inventory.smx": Native "eItems_AreItemsSynced" was not found
L 08/14/2021 - 20:01:51: [SM] Unable to load plugin "bot_stuff.smx": Could not find required plugin "navmesh"
L 08/14/2021 - 20:01:52: [SM] Fatal error encountered parsing translation file "ranks_matchmaking.phrases.txt"
L 08/14/2021 - 20:01:52: [SM] Error (line 0, column 0): Stream failed to open
L 08/14/2021 - 20:01:52: [SM] Fatal error encountered parsing translation file "instadefuse.phrases.txt"
L 08/14/2021 - 20:01:52: [SM] Error (line 0, column 0): Stream failed to open
L 08/14/2021 - 20:02:09: [SM] Exception reported: Language phrase "Unranked" not found (arg 5)
L 08/14/2021 - 20:02:09: [SM] Blaming: ranks_matchmaking.smx
L 08/14/2021 - 20:02:09: [SM] Call stack trace:
L 08/14/2021 - 20:02:09: [SM]   [0] FormatEx
L 08/14/2021 - 20:02:09: [SM]   [1] Line 174, ranks_matchmaking.sp::GetRanksNames
L 08/14/2021 - 20:02:09: [SM]   [2] Line 169, ranks_matchmaking.sp::OnMapStart
L 08/14/2021 - 20:04:08: [nextmap.smx] FATAL: Cannot load map cycle. Nextmap not loaded.
L 08/14/2021 - 20:04:08: [SM] Exception reported: Mapcycle Not Found
L 08/14/2021 - 20:04:08: [SM] Blaming: nextmap.smx
L 08/14/2021 - 20:04:08: [SM] Call stack trace:
L 08/14/2021 - 20:04:08: [SM]   [0] SetFailState
L 08/14/2021 - 20:04:08: [SM]   [1] Line 143, D:\builds\build-sourcemod-msvc12\windows-1.11\build\plugins\nextmap.sp::FindAndSetNextMap
L 08/14/2021 - 20:04:08: [SM]   [2] Line 113, D:\builds\build-sourcemod-msvc12\windows-1.11\build\plugins\nextmap.sp::OnConfigsExecuted
L 08/14/2021 - 20:04:12: Error log file session closed.
L 08/14/2021 - 20:04:12: SourceMod error session started
L 08/14/2021 - 20:04:12: Info (map "de_dust2") (file "E:\retake\csgoserver\csgo\addons\sourcemod\logs\errors_20210814.log")
L 08/14/2021 - 20:04:12: [SM] Fatal error encountered parsing translation file "ranks_matchmaking.phrases.txt"
L 08/14/2021 - 20:04:12: [SM] Error (line 0, column 0): Stream failed to open
L 08/14/2021 - 20:04:12: [SM] Fatal error encountered parsing translation file "instadefuse.phrases.txt"
L 08/14/2021 - 20:04:12: [SM] Error (line 0, column 0): Stream failed to open
L 08/14/2021 - 20:04:13: [SM] Exception reported: Language phrase "Unranked" not found (arg 5)
L 08/14/2021 - 20:04:13: [SM] Blaming: ranks_matchmaking.smx
L 08/14/2021 - 20:04:13: [SM] Call stack trace:
L 08/14/2021 - 20:04:13: [SM]   [0] FormatEx
L 08/14/2021 - 20:04:13: [SM]   [1] Line 174, ranks_matchmaking.sp::GetRanksNames
L 08/14/2021 - 20:04:13: [SM]   [2] Line 169, ranks_matchmaking.sp::OnMapStart
L 08/14/2021 - 20:04:13: [nextmap.smx] FATAL: Cannot load map cycle. Nextmap not loaded.
L 08/14/2021 - 20:04:13: [SM] Exception reported: Mapcycle Not Found
L 08/14/2021 - 20:04:13: [SM] Blaming: nextmap.smx
L 08/14/2021 - 20:04:13: [SM] Call stack trace:
L 08/14/2021 - 20:04:13: [SM]   [0] SetFailState
L 08/14/2021 - 20:04:13: [SM]   [1] Line 143, D:\builds\build-sourcemod-msvc12\windows-1.11\build\plugins\nextmap.sp::FindAndSetNextMap
L 08/14/2021 - 20:04:13: [SM]   [2] Line 113, D:\builds\build-sourcemod-msvc12\windows-1.11\build\plugins\nextmap.sp::OnConfigsExecuted
L 08/14/2021 - 20:06:08: [SM] Exception reported: Language phrase "InstaDefuseSuccessful" not found (arg 5)
L 08/14/2021 - 20:06:08: [SM] Blaming: retakes-instadefuse.smx
L 08/14/2021 - 20:06:08: [SM] Call stack trace:
L 08/14/2021 - 20:06:08: [SM]   [0] PrintToChat
L 08/14/2021 - 20:06:08: [SM]   [1] Line 197, plugin.sp::AttemptInstantDefuse
L 08/14/2021 - 20:06:08: [SM]   [2] Line 104, plugin.sp::Event_BombBeginDefusePlusFrame
L 08/14/2021 - 20:06:41: [SM] Exception reported: Language phrase "InstaDefuseSuccessful" not found (arg 5)
L 08/14/2021 - 20:06:41: [SM] Blaming: retakes-instadefuse.smx
L 08/14/2021 - 20:06:41: [SM] Call stack trace:
L 08/14/2021 - 20:06:41: [SM]   [0] PrintToChat
L 08/14/2021 - 20:06:41: [SM]   [1] Line 197, plugin.sp::AttemptInstantDefuse
L 08/14/2021 - 20:06:41: [SM]   [2] Line 104, plugin.sp::Event_BombBeginDefusePlusFrame
L 08/14/2021 - 20:07:02: [SM] Exception reported: Language phrase "InstaDefuseSuccessful" not found (arg 5)
L 08/14/2021 - 20:07:02: [SM] Blaming: retakes-instadefuse.smx
L 08/14/2021 - 20:07:02: [SM] Call stack trace:
L 08/14/2021 - 20:07:02: [SM]   [0] PrintToChat
L 08/14/2021 - 20:07:02: [SM]   [1] Line 197, plugin.sp::AttemptInstantDefuse
L 08/14/2021 - 20:07:02: [SM]   [2] Line 104, plugin.sp::Event_BombBeginDefusePlusFrame
L 08/14/2021 - 20:07:29: [SM] Exception reported: Language phrase "InstaDefuseSuccessful" not found (arg 5)
L 08/14/2021 - 20:07:29: [SM] Blaming: retakes-instadefuse.smx
L 08/14/2021 - 20:07:29: [SM] Call stack trace:
L 08/14/2021 - 20:07:29: [SM]   [0] PrintToChat
L 08/14/2021 - 20:07:29: [SM]   [1] Line 197, plugin.sp::AttemptInstantDefuse
L 08/14/2021 - 20:07:29: [SM]   [2] Line 104, plugin.sp::Event_BombBeginDefusePlusFrame
L 08/14/2021 - 20:07:53: [SM] Exception reported: Language phrase "InstaDefuseSuccessful" not found (arg 5)
L 08/14/2021 - 20:07:53: [SM] Blaming: retakes-instadefuse.smx
L 08/14/2021 - 20:07:53: [SM] Call stack trace:
L 08/14/2021 - 20:07:53: [SM]   [0] PrintToChat
L 08/14/2021 - 20:07:53: [SM]   [1] Line 197, plugin.sp::AttemptInstantDefuse
L 08/14/2021 - 20:07:53: [SM]   [2] Line 104, plugin.sp::Event_BombBeginDefusePlusFrame
L 08/14/2021 - 20:08:30: [SM] Exception reported: Language phrase "InstaDefuseSuccessful" not found (arg 5)
L 08/14/2021 - 20:08:30: [SM] Blaming: retakes-instadefuse.smx
L 08/14/2021 - 20:08:30: [SM] Call stack trace:
L 08/14/2021 - 20:08:30: [SM]   [0] PrintToChat
L 08/14/2021 - 20:08:30: [SM]   [1] Line 197, plugin.sp::AttemptInstantDefuse
L 08/14/2021 - 20:08:30: [SM]   [2] Line 104, plugin.sp::Event_BombBeginDefusePlusFrame
L 08/14/2021 - 20:09:16: [SM] Exception reported: Language phrase "InstaDefuseSuccessful" not found (arg 5)
L 08/14/2021 - 20:09:16: [SM] Blaming: retakes-instadefuse.smx
L 08/14/2021 - 20:09:16: [SM] Call stack trace:
L 08/14/2021 - 20:09:16: [SM]   [0] PrintToChat
L 08/14/2021 - 20:09:16: [SM]   [1] Line 197, plugin.sp::AttemptInstantDefuse
L 08/14/2021 - 20:09:16: [SM]   [2] Line 104, plugin.sp::Event_BombBeginDefusePlusFrame
L 08/14/2021 - 20:09:17: [SM] Exception reported: Language phrase "InstaDefuseSuccessful" not found (arg 5)
L 08/14/2021 - 20:09:17: [SM] Blaming: retakes-instadefuse.smx
L 08/14/2021 - 20:09:17: [SM] Call stack trace:
L 08/14/2021 - 20:09:17: [SM]   [0] PrintToChat
L 08/14/2021 - 20:09:17: [SM]   [1] Line 197, plugin.sp::AttemptInstantDefuse
L 08/14/2021 - 20:09:17: [SM]   [2] Line 104, plugin.sp::Event_BombBeginDefusePlusFrame
L 08/14/2021 - 20:10:04: [SM] Exception reported: Language phrase "InstaDefuseSuccessful" not found (arg 5)
L 08/14/2021 - 20:10:04: [SM] Blaming: retakes-instadefuse.smx
L 08/14/2021 - 20:10:04: [SM] Call stack trace:
L 08/14/2021 - 20:10:04: [SM]   [0] PrintToChat
L 08/14/2021 - 20:10:04: [SM]   [1] Line 197, plugin.sp::AttemptInstantDefuse
L 08/14/2021 - 20:10:04: [SM]   [2] Line 104, plugin.sp::Event_BombBeginDefusePlusFrame
L 08/14/2021 - 20:11:33: [SM] Exception reported: Language phrase "InstaDefuseSuccessful" not found (arg 5)
L 08/14/2021 - 20:11:33: [SM] Blaming: retakes-instadefuse.smx
L 08/14/2021 - 20:11:33: [SM] Call stack trace:
L 08/14/2021 - 20:11:33: [SM]   [0] PrintToChat
L 08/14/2021 - 20:11:33: [SM]   [1] Line 197, plugin.sp::AttemptInstantDefuse
L 08/14/2021 - 20:11:33: [SM]   [2] Line 104, plugin.sp::Event_BombBeginDefusePlusFrame
L 08/14/2021 - 20:11:57: [SM] Exception reported: Language phrase "InstaDefuseSuccessful" not found (arg 5)
L 08/14/2021 - 20:11:57: [SM] Blaming: retakes-instadefuse.smx
L 08/14/2021 - 20:11:57: [SM] Call stack trace:
L 08/14/2021 - 20:11:57: [SM]   [0] PrintToChat
L 08/14/2021 - 20:11:57: [SM]   [1] Line 197, plugin.sp::AttemptInstantDefuse
L 08/14/2021 - 20:11:57: [SM]   [2] Line 104, plugin.sp::Event_BombBeginDefusePlusFrame
L 08/14/2021 - 20:12:17: [SM] Exception reported: Language phrase "InstaDefuseSuccessful" not found (arg 5)
L 08/14/2021 - 20:12:17: [SM] Blaming: retakes-instadefuse.smx
L 08/14/2021 - 20:12:17: [SM] Call stack trace:
L 08/14/2021 - 20:12:17: [SM]   [0] PrintToChat
L 08/14/2021 - 20:12:17: [SM]   [1] Line 197, plugin.sp::AttemptInstantDefuse
L 08/14/2021 - 20:12:17: [SM]   [2] Line 104, plugin.sp::Event_BombBeginDefusePlusFrame
L 08/14/2021 - 20:14:33: [SM] Exception reported: Language phrase "InstaDefuseSuccessful" not found (arg 5)
L 08/14/2021 - 20:14:33: [SM] Blaming: retakes-instadefuse.smx
L 08/14/2021 - 20:14:33: [SM] Call stack trace:
L 08/14/2021 - 20:14:33: [SM]   [0] PrintToChat
L 08/14/2021 - 20:14:33: [SM]   [1] Line 197, plugin.sp::AttemptInstantDefuse
L 08/14/2021 - 20:14:33: [SM]   [2] Line 104, plugin.sp::Event_BombBeginDefusePlusFrame
L 08/14/2021 - 20:14:57: [SM] Exception reported: Language phrase "InstaDefuseSuccessful" not found (arg 5)
L 08/14/2021 - 20:14:57: [SM] Blaming: retakes-instadefuse.smx
L 08/14/2021 - 20:14:57: [SM] Call stack trace:
L 08/14/2021 - 20:14:57: [SM]   [0] PrintToChat
L 08/14/2021 - 20:14:57: [SM]   [1] Line 197, plugin.sp::AttemptInstantDefuse
L 08/14/2021 - 20:14:57: [SM]   [2] Line 104, plugin.sp::Event_BombBeginDefusePlusFrame
L 08/14/2021 - 20:15:19: [SM] Exception reported: Language phrase "InstaDefuseSuccessful" not found (arg 5)
L 08/14/2021 - 20:15:19: [SM] Blaming: retakes-instadefuse.smx
L 08/14/2021 - 20:15:19: [SM] Call stack trace:
L 08/14/2021 - 20:15:19: [SM]   [0] PrintToChat
L 08/14/2021 - 20:15:19: [SM]   [1] Line 197, plugin.sp::AttemptInstantDefuse
L 08/14/2021 - 20:15:19: [SM]   [2] Line 104, plugin.sp::Event_BombBeginDefusePlusFrame
L 08/14/2021 - 20:16:52: [SM] Exception reported: Language phrase "InstaDefuseSuccessful" not found (arg 5)
L 08/14/2021 - 20:16:52: [SM] Blaming: retakes-instadefuse.smx
L 08/14/2021 - 20:16:52: [SM] Call stack trace:
L 08/14/2021 - 20:16:52: [SM]   [0] PrintToChat
L 08/14/2021 - 20:16:52: [SM]   [1] Line 197, plugin.sp::AttemptInstantDefuse
L 08/14/2021 - 20:16:52: [SM]   [2] Line 104, plugin.sp::Event_BombBeginDefusePlusFrame
L 08/14/2021 - 20:17:16: [SM] Exception reported: Language phrase "InstaDefuseSuccessful" not found (arg 5)
L 08/14/2021 - 20:17:16: [SM] Blaming: retakes-instadefuse.smx
L 08/14/2021 - 20:17:16: [SM] Call stack trace:
L 08/14/2021 - 20:17:16: [SM]   [0] PrintToChat
L 08/14/2021 - 20:17:16: [SM]   [1] Line 197, plugin.sp::AttemptInstantDefuse
L 08/14/2021 - 20:17:16: [SM]   [2] Line 104, plugin.sp::Event_BombBeginDefusePlusFrame
L 08/14/2021 - 20:17:42: [SM] Exception reported: Language phrase "InstaDefuseSuccessful" not found (arg 5)
L 08/14/2021 - 20:17:42: [SM] Blaming: retakes-instadefuse.smx
L 08/14/2021 - 20:17:42: [SM] Call stack trace:
L 08/14/2021 - 20:17:42: [SM]   [0] PrintToChat
L 08/14/2021 - 20:17:42: [SM]   [1] Line 197, plugin.sp::AttemptInstantDefuse
L 08/14/2021 - 20:17:42: [SM]   [2] Line 104, plugin.sp::Event_BombBeginDefusePlusFrame
L 08/14/2021 - 20:18:05: [SM] Exception reported: Language phrase "InstaDefuseSuccessful" not found (arg 5)
L 08/14/2021 - 20:18:05: [SM] Blaming: retakes-instadefuse.smx
L 08/14/2021 - 20:18:05: [SM] Call stack trace:
L 08/14/2021 - 20:18:05: [SM]   [0] PrintToChat
L 08/14/2021 - 20:18:05: [SM]   [1] Line 197, plugin.sp::AttemptInstantDefuse
L 08/14/2021 - 20:18:05: [SM]   [2] Line 104, plugin.sp::Event_BombBeginDefusePlusFrame
L 08/14/2021 - 20:18:25: [SM] Exception reported: Language phrase "InstaDefuseSuccessful" not found (arg 5)
L 08/14/2021 - 20:18:25: [SM] Blaming: retakes-instadefuse.smx
L 08/14/2021 - 20:18:25: [SM] Call stack trace:
L 08/14/2021 - 20:18:25: [SM]   [0] PrintToChat
L 08/14/2021 - 20:18:25: [SM]   [1] Line 197, plugin.sp::AttemptInstantDefuse
L 08/14/2021 - 20:18:25: [SM]   [2] Line 104, plugin.sp::Event_BombBeginDefusePlusFrame
L 08/14/2021 - 20:19:20: [SM] Exception reported: Language phrase "InstaDefuseSuccessful" not found (arg 5)
L 08/14/2021 - 20:19:20: [SM] Blaming: retakes-instadefuse.smx
L 08/14/2021 - 20:19:20: [SM] Call stack trace:
L 08/14/2021 - 20:19:20: [SM]   [0] PrintToChat
L 08/14/2021 - 20:19:20: [SM]   [1] Line 197, plugin.sp::AttemptInstantDefuse
L 08/14/2021 - 20:19:20: [SM]   [2] Line 104, plugin.sp::Event_BombBeginDefusePlusFrame
L 08/14/2021 - 20:19:41: [SM] Exception reported: Language phrase "InstaDefuseSuccessful" not found (arg 5)
L 08/14/2021 - 20:19:41: [SM] Blaming: retakes-instadefuse.smx
L 08/14/2021 - 20:19:41: [SM] Call stack trace:
L 08/14/2021 - 20:19:41: [SM]   [0] PrintToChat
L 08/14/2021 - 20:19:42: [SM]   [1] Line 197, plugin.sp::AttemptInstantDefuse
L 08/14/2021 - 20:19:42: [SM]   [2] Line 104, plugin.sp::Event_BombBeginDefusePlusFrame
L 08/14/2021 - 20:19:43: [SM] Exception reported: Language phrase "InstaDefuseSuccessful" not found (arg 5)
L 08/14/2021 - 20:19:43: [SM] Blaming: retakes-instadefuse.smx
L 08/14/2021 - 20:19:43: [SM] Call stack trace:
L 08/14/2021 - 20:19:43: [SM]   [0] PrintToChat
L 08/14/2021 - 20:19:43: [SM]   [1] Line 197, plugin.sp::AttemptInstantDefuse
L 08/14/2021 - 20:19:43: [SM]   [2] Line 104, plugin.sp::Event_BombBeginDefusePlusFrame
L 08/14/2021 - 20:19:43: [SM] Exception reported: Language phrase "InstaDefuseSuccessful" not found (arg 5)
L 08/14/2021 - 20:19:43: [SM] Blaming: retakes-instadefuse.smx
L 08/14/2021 - 20:19:43: [SM] Call stack trace:
L 08/14/2021 - 20:19:43: [SM]   [0] PrintToChat
L 08/14/2021 - 20:19:43: [SM]   [1] Line 197, plugin.sp::AttemptInstantDefuse
L 08/14/2021 - 20:19:43: [SM]   [2] Line 104, plugin.sp::Event_BombBeginDefusePlusFrame
L 08/14/2021 - 20:20:45: [SM] Exception reported: Language phrase "InstaDefuseSuccessful" not found (arg 5)
L 08/14/2021 - 20:20:45: [SM] Blaming: retakes-instadefuse.smx
L 08/14/2021 - 20:20:45: [SM] Call stack trace:
L 08/14/2021 - 20:20:45: [SM]   [0] PrintToChat
L 08/14/2021 - 20:20:45: [SM]   [1] Line 197, plugin.sp::AttemptInstantDefuse
L 08/14/2021 - 20:20:45: [SM]   [2] Line 104, plugin.sp::Event_BombBeginDefusePlusFrame
L 08/14/2021 - 20:21:11: [SM] Exception reported: Language phrase "InstaDefuseSuccessful" not found (arg 5)
L 08/14/2021 - 20:21:11: [SM] Blaming: retakes-instadefuse.smx
L 08/14/2021 - 20:21:11: [SM] Call stack trace:
L 08/14/2021 - 20:21:11: [SM]   [0] PrintToChat
L 08/14/2021 - 20:21:12: [SM]   [1] Line 197, plugin.sp::AttemptInstantDefuse
L 08/14/2021 - 20:21:12: [SM]   [2] Line 104, plugin.sp::Event_BombBeginDefusePlusFrame
L 08/14/2021 - 20:21:46: [SM] Exception reported: Language phrase "InstaDefuseSuccessful" not found (arg 5)
L 08/14/2021 - 20:21:46: [SM] Blaming: retakes-instadefuse.smx
L 08/14/2021 - 20:21:46: [SM] Call stack trace:
L 08/14/2021 - 20:21:46: [SM]   [0] PrintToChat
L 08/14/2021 - 20:21:46: [SM]   [1] Line 197, plugin.sp::AttemptInstantDefuse
L 08/14/2021 - 20:21:46: [SM]   [2] Line 104, plugin.sp::Event_BombBeginDefusePlusFrame
L 08/14/2021 - 20:22:04: [SM] Exception reported: Language phrase "InstaDefuseSuccessful" not found (arg 5)
L 08/14/2021 - 20:22:04: [SM] Blaming: retakes-instadefuse.smx
L 08/14/2021 - 20:22:04: [SM] Call stack trace:
L 08/14/2021 - 20:22:04: [SM]   [0] PrintToChat
L 08/14/2021 - 20:22:04: [SM]   [1] Line 197, plugin.sp::AttemptInstantDefuse
L 08/14/2021 - 20:22:04: [SM]   [2] Line 104, plugin.sp::Event_BombBeginDefusePlusFrame
L 08/14/2021 - 20:22:31: [SM] Exception reported: Language phrase "InstaDefuseSuccessful" not found (arg 5)
L 08/14/2021 - 20:22:31: [SM] Blaming: retakes-instadefuse.smx
L 08/14/2021 - 20:22:31: [SM] Call stack trace:
L 08/14/2021 - 20:22:31: [SM]   [0] PrintToChat
L 08/14/2021 - 20:22:31: [SM]   [1] Line 197, plugin.sp::AttemptInstantDefuse
L 08/14/2021 - 20:22:31: [SM]   [2] Line 104, plugin.sp::Event_BombBeginDefusePlusFrame
L 08/14/2021 - 20:23:19: [SM] Exception reported: Language phrase "InstaDefuseSuccessful" not found (arg 5)
L 08/14/2021 - 20:23:19: [SM] Blaming: retakes-instadefuse.smx
L 08/14/2021 - 20:23:19: [SM] Call stack trace:
L 08/14/2021 - 20:23:19: [SM]   [0] PrintToChat
L 08/14/2021 - 20:23:19: [SM]   [1] Line 197, plugin.sp::AttemptInstantDefuse
L 08/14/2021 - 20:23:19: [SM]   [2] Line 104, plugin.sp::Event_BombBeginDefusePlusFrame
L 08/14/2021 - 20:23:40: [SM] Exception reported: Language phrase "InstaDefuseSuccessful" not found (arg 5)
L 08/14/2021 - 20:23:40: [SM] Blaming: retakes-instadefuse.smx
L 08/14/2021 - 20:23:40: [SM] Call stack trace:
L 08/14/2021 - 20:23:40: [SM]   [0] PrintToChat
L 08/14/2021 - 20:23:40: [SM]   [1] Line 197, plugin.sp::AttemptInstantDefuse
L 08/14/2021 - 20:23:40: [SM]   [2] Line 104, plugin.sp::Event_BombBeginDefusePlusFrame
L 08/14/2021 - 20:23:59: [SM] Exception reported: Language phrase "InstaDefuseSuccessful" not found (arg 5)
L 08/14/2021 - 20:23:59: [SM] Blaming: retakes-instadefuse.smx
L 08/14/2021 - 20:23:59: [SM] Call stack trace:
L 08/14/2021 - 20:23:59: [SM]   [0] PrintToChat
L 08/14/2021 - 20:23:59: [SM]   [1] Line 197, plugin.sp::AttemptInstantDefuse
L 08/14/2021 - 20:23:59: [SM]   [2] Line 104, plugin.sp::Event_BombBeginDefusePlusFrame
L 08/14/2021 - 20:23:59: [SM] Exception reported: Language phrase "InstaDefuseSuccessful" not found (arg 5)
L 08/14/2021 - 20:23:59: [SM] Blaming: retakes-instadefuse.smx
L 08/14/2021 - 20:23:59: [SM] Call stack trace:
L 08/14/2021 - 20:23:59: [SM]   [0] PrintToChat
L 08/14/2021 - 20:23:59: [SM]   [1] Line 197, plugin.sp::AttemptInstantDefuse
L 08/14/2021 - 20:23:59: [SM]   [2] Line 104, plugin.sp::Event_BombBeginDefusePlusFrame
L 08/14/2021 - 20:24:00: [SM] Exception reported: Language phrase "InstaDefuseSuccessful" not found (arg 5)
L 08/14/2021 - 20:24:00: [SM] Blaming: retakes-instadefuse.smx
L 08/14/2021 - 20:24:00: [SM] Call stack trace:
L 08/14/2021 - 20:24:00: [SM]   [0] PrintToChat
L 08/14/2021 - 20:24:00: [SM]   [1] Line 197, plugin.sp::AttemptInstantDefuse
L 08/14/2021 - 20:24:00: [SM]   [2] Line 104, plugin.sp::Event_BombBeginDefusePlusFrame
L 08/14/2021 - 20:24:55: [SM] Exception reported: Language phrase "LiveNadeSomewhere" not found (arg 5)
L 08/14/2021 - 20:24:55: [SM] Blaming: retakes-instadefuse.smx
L 08/14/2021 - 20:24:55: [SM] Call stack trace:
L 08/14/2021 - 20:24:55: [SM]   [0] PrintToChat
L 08/14/2021 - 20:24:55: [SM]   [1] Line 168, plugin.sp::AttemptInstantDefuse
L 08/14/2021 - 20:24:55: [SM]   [2] Line 104, plugin.sp::Event_BombBeginDefusePlusFrame
L 08/14/2021 - 20:25:35: [SM] Exception reported: Language phrase "InstaDefuseSuccessful" not found (arg 5)
L 08/14/2021 - 20:25:35: [SM] Blaming: retakes-instadefuse.smx
L 08/14/2021 - 20:25:35: [SM] Call stack trace:
L 08/14/2021 - 20:25:35: [SM]   [0] PrintToChat
L 08/14/2021 - 20:25:35: [SM]   [1] Line 197, plugin.sp::AttemptInstantDefuse
L 08/14/2021 - 20:25:35: [SM]   [2] Line 104, plugin.sp::Event_BombBeginDefusePlusFrame
L 08/14/2021 - 20:25:55: [SM] Exception reported: Language phrase "InstaDefuseSuccessful" not found (arg 5)
L 08/14/2021 - 20:25:55: [SM] Blaming: retakes-instadefuse.smx
L 08/14/2021 - 20:25:55: [SM] Call stack trace:
L 08/14/2021 - 20:25:55: [SM]   [0] PrintToChat
L 08/14/2021 - 20:25:55: [SM]   [1] Line 197, plugin.sp::AttemptInstantDefuse
L 08/14/2021 - 20:25:55: [SM]   [2] Line 104, plugin.sp::Event_BombBeginDefusePlusFrame
L 08/14/2021 - 20:26:34: [SM] Exception reported: Language phrase "InstaDefuseSuccessful" not found (arg 5)
L 08/14/2021 - 20:26:34: [SM] Blaming: retakes-instadefuse.smx
L 08/14/2021 - 20:26:34: [SM] Call stack trace:
L 08/14/2021 - 20:26:34: [SM]   [0] PrintToChat
L 08/14/2021 - 20:26:34: [SM]   [1] Line 197, plugin.sp::AttemptInstantDefuse
L 08/14/2021 - 20:26:34: [SM]   [2] Line 104, plugin.sp::Event_BombBeginDefusePlusFrame
L 08/14/2021 - 20:28:02: [SM] Exception reported: Language phrase "InstaDefuseSuccessful" not found (arg 5)
L 08/14/2021 - 20:28:02: [SM] Blaming: retakes-instadefuse.smx
L 08/14/2021 - 20:28:02: [SM] Call stack trace:
L 08/14/2021 - 20:28:02: [SM]   [0] PrintToChat
L 08/14/2021 - 20:28:02: [SM]   [1] Line 197, plugin.sp::AttemptInstantDefuse
L 08/14/2021 - 20:28:02: [SM]   [2] Line 104, plugin.sp::Event_BombBeginDefusePlusFrame
L 08/14/2021 - 20:28:41: [SM] Exception reported: Language phrase "InstaDefuseSuccessful" not found (arg 5)
L 08/14/2021 - 20:28:41: [SM] Blaming: retakes-instadefuse.smx
L 08/14/2021 - 20:28:41: [SM] Call stack trace:
L 08/14/2021 - 20:28:41: [SM]   [0] PrintToChat
L 08/14/2021 - 20:28:41: [SM]   [1] Line 197, plugin.sp::AttemptInstantDefuse
L 08/14/2021 - 20:28:41: [SM]   [2] Line 104, plugin.sp::Event_BombBeginDefusePlusFrame
L 08/14/2021 - 20:28:41: [SM] Exception reported: Language phrase "InstaDefuseSuccessful" not found (arg 5)
L 08/14/2021 - 20:28:41: [SM] Blaming: retakes-instadefuse.smx
L 08/14/2021 - 20:28:41: [SM] Call stack trace:
L 08/14/2021 - 20:28:41: [SM]   [0] PrintToChat
L 08/14/2021 - 20:28:41: [SM]   [1] Line 197, plugin.sp::AttemptInstantDefuse
L 08/14/2021 - 20:28:41: [SM]   [2] Line 104, plugin.sp::Event_BombBeginDefusePlusFrame
L 08/14/2021 - 20:28:42: [SM] Exception reported: Language phrase "InstaDefuseSuccessful" not found (arg 5)
L 08/14/2021 - 20:28:42: [SM] Blaming: retakes-instadefuse.smx
L 08/14/2021 - 20:28:42: [SM] Call stack trace:
L 08/14/2021 - 20:28:42: [SM]   [0] PrintToChat
L 08/14/2021 - 20:28:42: [SM]   [1] Line 197, plugin.sp::AttemptInstantDefuse
L 08/14/2021 - 20:28:42: [SM]   [2] Line 104, plugin.sp::Event_BombBeginDefusePlusFrame
L 08/14/2021 - 20:29:00: [SM] Exception reported: Language phrase "InstaDefuseSuccessful" not found (arg 5)
L 08/14/2021 - 20:29:00: [SM] Blaming: retakes-instadefuse.smx
L 08/14/2021 - 20:29:00: [SM] Call stack trace:
L 08/14/2021 - 20:29:00: [SM]   [0] PrintToChat
L 08/14/2021 - 20:29:00: [SM]   [1] Line 197, plugin.sp::AttemptInstantDefuse
L 08/14/2021 - 20:29:00: [SM]   [2] Line 104, plugin.sp::Event_BombBeginDefusePlusFrame
L 08/14/2021 - 20:29:31: [SM] Exception reported: Language phrase "InstaDefuseSuccessful" not found (arg 5)
L 08/14/2021 - 20:29:31: [SM] Blaming: retakes-instadefuse.smx
L 08/14/2021 - 20:29:31: [SM] Call stack trace:
L 08/14/2021 - 20:29:31: [SM]   [0] PrintToChat
L 08/14/2021 - 20:29:31: [SM]   [1] Line 197, plugin.sp::AttemptInstantDefuse
L 08/14/2021 - 20:29:31: [SM]   [2] Line 104, plugin.sp::Event_BombBeginDefusePlusFrame
L 08/14/2021 - 20:29:51: [SM] Exception reported: Language phrase "InstaDefuseSuccessful" not found (arg 5)
L 08/14/2021 - 20:29:51: [SM] Blaming: retakes-instadefuse.smx
L 08/14/2021 - 20:29:51: [SM] Call stack trace:
L 08/14/2021 - 20:29:51: [SM]   [0] PrintToChat
L 08/14/2021 - 20:29:51: [SM]   [1] Line 197, plugin.sp::AttemptInstantDefuse
L 08/14/2021 - 20:29:51: [SM]   [2] Line 104, plugin.sp::Event_BombBeginDefusePlusFrame
L 08/14/2021 - 20:32:08: [SM] Exception reported: Language phrase "InstaDefuseSuccessful" not found (arg 5)
L 08/14/2021 - 20:32:08: [SM] Blaming: retakes-instadefuse.smx
L 08/14/2021 - 20:32:08: [SM] Call stack trace:
L 08/14/2021 - 20:32:08: [SM]   [0] PrintToChat
L 08/14/2021 - 20:32:08: [SM]   [1] Line 197, plugin.sp::AttemptInstantDefuse
L 08/14/2021 - 20:32:08: [SM]   [2] Line 104, plugin.sp::Event_BombBeginDefusePlusFrame
L 08/14/2021 - 20:32:35: [SM] Exception reported: Language phrase "InstaDefuseSuccessful" not found (arg 5)
L 08/14/2021 - 20:32:35: [SM] Blaming: retakes-instadefuse.smx
L 08/14/2021 - 20:32:35: [SM] Call stack trace:
L 08/14/2021 - 20:32:35: [SM]   [0] PrintToChat
L 08/14/2021 - 20:32:35: [SM]   [1] Line 197, plugin.sp::AttemptInstantDefuse
L 08/14/2021 - 20:32:35: [SM]   [2] Line 104, plugin.sp::Event_BombBeginDefusePlusFrame
L 08/14/2021 - 20:33:02: [SM] Exception reported: Language phrase "InstaDefuseSuccessful" not found (arg 5)
L 08/14/2021 - 20:33:02: [SM] Blaming: retakes-instadefuse.smx
L 08/14/2021 - 20:33:02: [SM] Call stack trace:
L 08/14/2021 - 20:33:02: [SM]   [0] PrintToChat
L 08/14/2021 - 20:33:02: [SM]   [1] Line 197, plugin.sp::AttemptInstantDefuse
L 08/14/2021 - 20:33:02: [SM]   [2] Line 104, plugin.sp::Event_BombBeginDefusePlusFrame
L 08/14/2021 - 20:33:28: [SM] Exception reported: Language phrase "InstaDefuseSuccessful" not found (arg 5)
L 08/14/2021 - 20:33:28: [SM] Blaming: retakes-instadefuse.smx
L 08/14/2021 - 20:33:28: [SM] Call stack trace:
L 08/14/2021 - 20:33:28: [SM]   [0] PrintToChat
L 08/14/2021 - 20:33:28: [SM]   [1] Line 197, plugin.sp::AttemptInstantDefuse
L 08/14/2021 - 20:33:28: [SM]   [2] Line 104, plugin.sp::Event_BombBeginDefusePlusFrame
L 08/14/2021 - 20:33:59: [SM] Exception reported: Language phrase "InstaDefuseSuccessful" not found (arg 5)
L 08/14/2021 - 20:33:59: [SM] Blaming: retakes-instadefuse.smx
L 08/14/2021 - 20:33:59: [SM] Call stack trace:
L 08/14/2021 - 20:33:59: [SM]   [0] PrintToChat
L 08/14/2021 - 20:33:59: [SM]   [1] Line 197, plugin.sp::AttemptInstantDefuse
L 08/14/2021 - 20:33:59: [SM]   [2] Line 104, plugin.sp::Event_BombBeginDefusePlusFrame
L 08/14/2021 - 20:34:19: [SM] Exception reported: Language phrase "InstaDefuseSuccessful" not found (arg 5)
L 08/14/2021 - 20:34:19: [SM] Blaming: retakes-instadefuse.smx
L 08/14/2021 - 20:34:19: [SM] Call stack trace:
L 08/14/2021 - 20:34:19: [SM]   [0] PrintToChat
L 08/14/2021 - 20:34:19: [SM]   [1] Line 197, plugin.sp::AttemptInstantDefuse
L 08/14/2021 - 20:34:19: [SM]   [2] Line 104, plugin.sp::Event_BombBeginDefusePlusFrame
L 08/14/2021 - 20:35:15: [SM] Exception reported: Language phrase "InstaDefuseSuccessful" not found (arg 5)
L 08/14/2021 - 20:35:15: [SM] Blaming: retakes-instadefuse.smx
L 08/14/2021 - 20:35:15: [SM] Call stack trace:
L 08/14/2021 - 20:35:15: [SM]   [0] PrintToChat
L 08/14/2021 - 20:35:15: [SM]   [1] Line 197, plugin.sp::AttemptInstantDefuse
L 08/14/2021 - 20:35:15: [SM]   [2] Line 104, plugin.sp::Event_BombBeginDefusePlusFrame
L 08/14/2021 - 20:35:34: [SM] Exception reported: Language phrase "InstaDefuseSuccessful" not found (arg 5)
L 08/14/2021 - 20:35:34: [SM] Blaming: retakes-instadefuse.smx
L 08/14/2021 - 20:35:34: [SM] Call stack trace:
L 08/14/2021 - 20:35:34: [SM]   [0] PrintToChat
L 08/14/2021 - 20:35:34: [SM]   [1] Line 197, plugin.sp::AttemptInstantDefuse
L 08/14/2021 - 20:35:34: [SM]   [2] Line 104, plugin.sp::Event_BombBeginDefusePlusFrame
L 08/14/2021 - 20:36:31: [SM] Exception reported: Language phrase "InstaDefuseUnsuccessful" not found (arg 5)
L 08/14/2021 - 20:36:31: [SM] Blaming: retakes-instadefuse.smx
L 08/14/2021 - 20:36:31: [SM] Call stack trace:
L 08/14/2021 - 20:36:31: [SM]   [0] PrintToChat
L 08/14/2021 - 20:36:31: [SM]   [1] Line 143, plugin.sp::AttemptInstantDefuse
L 08/14/2021 - 20:36:31: [SM]   [2] Line 104, plugin.sp::Event_BombBeginDefusePlusFrame
L 08/14/2021 - 20:36:31: [SM] Exception reported: Language phrase "InstaDefuseUnsuccessful" not found (arg 5)
L 08/14/2021 - 20:36:31: [SM] Blaming: retakes-instadefuse.smx
L 08/14/2021 - 20:36:31: [SM] Call stack trace:
L 08/14/2021 - 20:36:31: [SM]   [0] PrintToChat
L 08/14/2021 - 20:36:31: [SM]   [1] Line 143, plugin.sp::AttemptInstantDefuse
L 08/14/2021 - 20:36:31: [SM]   [2] Line 104, plugin.sp::Event_BombBeginDefusePlusFrame
L 08/14/2021 - 20:36:32: [SM] Exception reported: Language phrase "InstaDefuseUnsuccessful" not found (arg 5)
L 08/14/2021 - 20:36:32: [SM] Blaming: retakes-instadefuse.smx
L 08/14/2021 - 20:36:32: [SM] Call stack trace:
L 08/14/2021 - 20:36:32: [SM]   [0] PrintToChat
L 08/14/2021 - 20:36:32: [SM]   [1] Line 143, plugin.sp::AttemptInstantDefuse
L 08/14/2021 - 20:36:32: [SM]   [2] Line 104, plugin.sp::Event_BombBeginDefusePlusFrame
L 08/14/2021 - 20:36:32: [SM] Exception reported: Language phrase "InstaDefuseUnsuccessful" not found (arg 5)
L 08/14/2021 - 20:36:32: [SM] Blaming: retakes-instadefuse.smx
L 08/14/2021 - 20:36:32: [SM] Call stack trace:
L 08/14/2021 - 20:36:32: [SM]   [0] PrintToChat
L 08/14/2021 - 20:36:32: [SM]   [1] Line 143, plugin.sp::AttemptInstantDefuse
L 08/14/2021 - 20:36:32: [SM]   [2] Line 104, plugin.sp::Event_BombBeginDefusePlusFrame
L 08/14/2021 - 20:36:32: [SM] Exception reported: Language phrase "InstaDefuseUnsuccessful" not found (arg 5)
L 08/14/2021 - 20:36:32: [SM] Blaming: retakes-instadefuse.smx
L 08/14/2021 - 20:36:32: [SM] Call stack trace:
L 08/14/2021 - 20:36:32: [SM]   [0] PrintToChat
L 08/14/2021 - 20:36:32: [SM]   [1] Line 143, plugin.sp::AttemptInstantDefuse
L 08/14/2021 - 20:36:32: [SM]   [2] Line 104, plugin.sp::Event_BombBeginDefusePlusFrame
L 08/14/2021 - 20:36:32: [SM] Exception reported: Language phrase "InstaDefuseUnsuccessful" not found (arg 5)
L 08/14/2021 - 20:36:32: [SM] Blaming: retakes-instadefuse.smx
L 08/14/2021 - 20:36:32: [SM] Call stack trace:
L 08/14/2021 - 20:36:32: [SM]   [0] PrintToChat
L 08/14/2021 - 20:36:32: [SM]   [1] Line 143, plugin.sp::AttemptInstantDefuse
L 08/14/2021 - 20:36:32: [SM]   [2] Line 104, plugin.sp::Event_BombBeginDefusePlusFrame
L 08/14/2021 - 20:36:54: [SM] Exception reported: Language phrase "InstaDefuseSuccessful" not found (arg 5)
L 08/14/2021 - 20:36:54: [SM] Blaming: retakes-instadefuse.smx
L 08/14/2021 - 20:36:54: [SM] Call stack trace:
L 08/14/2021 - 20:36:54: [SM]   [0] PrintToChat
L 08/14/2021 - 20:36:54: [SM]   [1] Line 197, plugin.sp::AttemptInstantDefuse
L 08/14/2021 - 20:36:54: [SM]   [2] Line 104, plugin.sp::Event_BombBeginDefusePlusFrame
L 08/14/2021 - 20:37:35: [SM] Exception reported: Language phrase "InstaDefuseSuccessful" not found (arg 5)
L 08/14/2021 - 20:37:35: [SM] Blaming: retakes-instadefuse.smx
L 08/14/2021 - 20:37:35: [SM] Call stack trace:
L 08/14/2021 - 20:37:35: [SM]   [0] PrintToChat
L 08/14/2021 - 20:37:35: [SM]   [1] Line 197, plugin.sp::AttemptInstantDefuse
L 08/14/2021 - 20:37:35: [SM]   [2] Line 104, plugin.sp::Event_BombBeginDefusePlusFrame
L 08/14/2021 - 20:37:50: [SM] Exception reported: Language phrase "InstaDefuseSuccessful" not found (arg 5)
L 08/14/2021 - 20:37:50: [SM] Blaming: retakes-instadefuse.smx
L 08/14/2021 - 20:37:50: [SM] Call stack trace:
L 08/14/2021 - 20:37:50: [SM]   [0] PrintToChat
L 08/14/2021 - 20:37:50: [SM]   [1] Line 197, plugin.sp::AttemptInstantDefuse
L 08/14/2021 - 20:37:50: [SM]   [2] Line 104, plugin.sp::Event_BombBeginDefusePlusFrame
L 08/14/2021 - 20:38:12: [SM] Exception reported: Language phrase "InstaDefuseSuccessful" not found (arg 5)
L 08/14/2021 - 20:38:12: [SM] Blaming: retakes-instadefuse.smx
L 08/14/2021 - 20:38:12: [SM] Call stack trace:
L 08/14/2021 - 20:38:12: [SM]   [0] PrintToChat
L 08/14/2021 - 20:38:12: [SM]   [1] Line 197, plugin.sp::AttemptInstantDefuse
L 08/14/2021 - 20:38:12: [SM]   [2] Line 104, plugin.sp::Event_BombBeginDefusePlusFrame
L 08/14/2021 - 20:38:48: [SM] Exception reported: Language phrase "InstaDefuseSuccessful" not found (arg 5)
L 08/14/2021 - 20:38:48: [SM] Blaming: retakes-instadefuse.smx
L 08/14/2021 - 20:38:48: [SM] Call stack trace:
L 08/14/2021 - 20:38:48: [SM]   [0] PrintToChat
L 08/14/2021 - 20:38:48: [SM]   [1] Line 197, plugin.sp::AttemptInstantDefuse
L 08/14/2021 - 20:38:48: [SM]   [2] Line 104, plugin.sp::Event_BombBeginDefusePlusFrame
L 08/14/2021 - 20:39:08: [SM] Exception reported: Language phrase "InstaDefuseSuccessful" not found (arg 5)
L 08/14/2021 - 20:39:08: [SM] Blaming: retakes-instadefuse.smx
L 08/14/2021 - 20:39:08: [SM] Call stack trace:
L 08/14/2021 - 20:39:08: [SM]   [0] PrintToChat
L 08/14/2021 - 20:39:08: [SM]   [1] Line 197, plugin.sp::AttemptInstantDefuse
L 08/14/2021 - 20:39:08: [SM]   [2] Line 104, plugin.sp::Event_BombBeginDefusePlusFrame
L 08/14/2021 - 20:39:25: [SM] Exception reported: Language phrase "InstaDefuseSuccessful" not found (arg 5)
L 08/14/2021 - 20:39:25: [SM] Blaming: retakes-instadefuse.smx
L 08/14/2021 - 20:39:25: [SM] Call stack trace:
L 08/14/2021 - 20:39:25: [SM]   [0] PrintToChat
L 08/14/2021 - 20:39:25: [SM]   [1] Line 197, plugin.sp::AttemptInstantDefuse
L 08/14/2021 - 20:39:25: [SM]   [2] Line 104, plugin.sp::Event_BombBeginDefusePlusFrame
L 08/14/2021 - 20:40:20: [SM] Exception reported: Language phrase "InstaDefuseSuccessful" not found (arg 5)
L 08/14/2021 - 20:40:20: [SM] Blaming: retakes-instadefuse.smx
L 08/14/2021 - 20:40:20: [SM] Call stack trace:
L 08/14/2021 - 20:40:20: [SM]   [0] PrintToChat
L 08/14/2021 - 20:40:20: [SM]   [1] Line 197, plugin.sp::AttemptInstantDefuse
L 08/14/2021 - 20:40:20: [SM]   [2] Line 104, plugin.sp::Event_BombBeginDefusePlusFrame
L 08/14/2021 - 20:41:06: [SM] Exception reported: Language phrase "InstaDefuseSuccessful" not found (arg 5)
L 08/14/2021 - 20:41:06: [SM] Blaming: retakes-instadefuse.smx
L 08/14/2021 - 20:41:06: [SM] Call stack trace:
L 08/14/2021 - 20:41:06: [SM]   [0] PrintToChat
L 08/14/2021 - 20:41:06: [SM]   [1] Line 197, plugin.sp::AttemptInstantDefuse
L 08/14/2021 - 20:41:06: [SM]   [2] Line 104, plugin.sp::Event_BombBeginDefusePlusFrame
L 08/14/2021 - 20:41:24: [SM] Exception reported: Language phrase "InstaDefuseSuccessful" not found (arg 5)
L 08/14/2021 - 20:41:24: [SM] Blaming: retakes-instadefuse.smx
L 08/14/2021 - 20:41:24: [SM] Call stack trace:
L 08/14/2021 - 20:41:24: [SM]   [0] PrintToChat
L 08/14/2021 - 20:41:24: [SM]   [1] Line 197, plugin.sp::AttemptInstantDefuse
L 08/14/2021 - 20:41:24: [SM]   [2] Line 104, plugin.sp::Event_BombBeginDefusePlusFrame
L 08/14/2021 - 20:43:42: [SM] Exception reported: Language phrase "InstaDefuseSuccessful" not found (arg 5)
L 08/14/2021 - 20:43:42: [SM] Blaming: retakes-instadefuse.smx
L 08/14/2021 - 20:43:42: [SM] Call stack trace:
L 08/14/2021 - 20:43:42: [SM]   [0] PrintToChat
L 08/14/2021 - 20:43:42: [SM]   [1] Line 197, plugin.sp::AttemptInstantDefuse
L 08/14/2021 - 20:43:42: [SM]   [2] Line 104, plugin.sp::Event_BombBeginDefusePlusFrame
L 08/14/2021 - 20:44:01: [SM] Exception reported: Language phrase "InstaDefuseSuccessful" not found (arg 5)
L 08/14/2021 - 20:44:01: [SM] Blaming: retakes-instadefuse.smx
L 08/14/2021 - 20:44:01: [SM] Call stack trace:
L 08/14/2021 - 20:44:01: [SM]   [0] PrintToChat
L 08/14/2021 - 20:44:01: [SM]   [1] Line 197, plugin.sp::AttemptInstantDefuse
L 08/14/2021 - 20:44:01: [SM]   [2] Line 104, plugin.sp::Event_BombBeginDefusePlusFrame
L 08/14/2021 - 20:44:42: [SM] Exception reported: Language phrase "InstaDefuseSuccessful" not found (arg 5)
L 08/14/2021 - 20:44:42: [SM] Blaming: retakes-instadefuse.smx
L 08/14/2021 - 20:44:42: [SM] Call stack trace:
L 08/14/2021 - 20:44:42: [SM]   [0] PrintToChat
L 08/14/2021 - 20:44:42: [SM]   [1] Line 197, plugin.sp::AttemptInstantDefuse
L 08/14/2021 - 20:44:42: [SM]   [2] Line 104, plugin.sp::Event_BombBeginDefusePlusFrame
L 08/14/2021 - 20:45:05: [SM] Exception reported: Language phrase "InstaDefuseSuccessful" not found (arg 5)
L 08/14/2021 - 20:45:05: [SM] Blaming: retakes-instadefuse.smx
L 08/14/2021 - 20:45:05: [SM] Call stack trace:
L 08/14/2021 - 20:45:05: [SM]   [0] PrintToChat
L 08/14/2021 - 20:45:05: [SM]   [1] Line 197, plugin.sp::AttemptInstantDefuse
L 08/14/2021 - 20:45:05: [SM]   [2] Line 104, plugin.sp::Event_BombBeginDefusePlusFrame
L 08/14/2021 - 20:46:37: [SM] Exception reported: Language phrase "InstaDefuseSuccessful" not found (arg 5)
L 08/14/2021 - 20:46:37: [SM] Blaming: retakes-instadefuse.smx
L 08/14/2021 - 20:46:37: [SM] Call stack trace:
L 08/14/2021 - 20:46:37: [SM]   [0] PrintToChat
L 08/14/2021 - 20:46:37: [SM]   [1] Line 197, plugin.sp::AttemptInstantDefuse
L 08/14/2021 - 20:46:37: [SM]   [2] Line 104, plugin.sp::Event_BombBeginDefusePlusFrame
