L 04/11/2022 - 22:49:47: SourceMod error session started
L 04/11/2022 - 22:49:47: Info (map "de_mirage") (file "E:\retake\csgoserver\csgo\addons\sourcemod\logs\errors_20220411.log")
L 04/11/2022 - 22:49:47: [SM] Unable to load extension "PhysHooks.ext": Could not find patch signature for symbol: Physics_RunThinkFunctions
L 04/11/2022 - 22:49:50: [SM] Unable to load plugin "bot_inventory.smx": Native "eItems_AreItemsSynced" was not found
L 04/11/2022 - 22:49:50: [SM] Unable to load plugin "bot_stuff.smx": Could not find required plugin "navmesh"
L 04/11/2022 - 22:49:51: [SM] Unable to load plugin "LagCompensation.smx": Required extension "PhysHooks" file("PhysHooks.ext") not running
L 04/11/2022 - 22:49:52: [SM] Fatal error encountered parsing translation file "ranks_matchmaking.phrases.txt"
L 04/11/2022 - 22:49:52: [SM] Error (line 0, column 0): Stream failed to open
L 04/11/2022 - 22:49:52: [SM] Fatal error encountered parsing translation file "instadefuse.phrases.txt"
L 04/11/2022 - 22:49:52: [SM] Error (line 0, column 0): Stream failed to open
L 04/11/2022 - 22:50:13: [SM] Exception reported: Language phrase "Unranked" not found (arg 5)
L 04/11/2022 - 22:50:13: [SM] Blaming: ranks_matchmaking.smx
L 04/11/2022 - 22:50:13: [SM] Call stack trace:
L 04/11/2022 - 22:50:13: [SM]   [0] FormatEx
L 04/11/2022 - 22:50:13: [SM]   [1] Line 174, ranks_matchmaking.sp::GetRanksNames
L 04/11/2022 - 22:50:13: [SM]   [2] Line 169, ranks_matchmaking.sp::OnMapStart
L 04/11/2022 - 22:50:18: Error log file session closed.
L 04/11/2022 - 22:50:18: SourceMod error session started
L 04/11/2022 - 22:50:18: Info (map "de_mirage") (file "E:\retake\csgoserver\csgo\addons\sourcemod\logs\errors_20220411.log")
L 04/11/2022 - 22:50:18: [SM] Fatal error encountered parsing translation file "ranks_matchmaking.phrases.txt"
L 04/11/2022 - 22:50:18: [SM] Error (line 0, column 0): Stream failed to open
L 04/11/2022 - 22:50:18: [SM] Fatal error encountered parsing translation file "instadefuse.phrases.txt"
L 04/11/2022 - 22:50:18: [SM] Error (line 0, column 0): Stream failed to open
L 04/11/2022 - 22:50:18: [SM] Exception reported: Language phrase "Unranked" not found (arg 5)
L 04/11/2022 - 22:50:18: [SM] Blaming: ranks_matchmaking.smx
L 04/11/2022 - 22:50:18: [SM] Call stack trace:
L 04/11/2022 - 22:50:18: [SM]   [0] FormatEx
L 04/11/2022 - 22:50:18: [SM]   [1] Line 174, ranks_matchmaking.sp::GetRanksNames
L 04/11/2022 - 22:50:18: [SM]   [2] Line 169, ranks_matchmaking.sp::OnMapStart
L 04/11/2022 - 22:53:39: [SM] Exception reported: Language phrase "InstaDefuseSuccessful" not found (arg 5)
L 04/11/2022 - 22:53:39: [SM] Blaming: retakes-instadefuse.smx
L 04/11/2022 - 22:53:39: [SM] Call stack trace:
L 04/11/2022 - 22:53:39: [SM]   [0] PrintToChat
L 04/11/2022 - 22:53:39: [SM]   [1] Line 197, plugin.sp::AttemptInstantDefuse
L 04/11/2022 - 22:53:39: [SM]   [2] Line 104, plugin.sp::Event_BombBeginDefusePlusFrame
L 04/11/2022 - 22:54:26: [SM] Exception reported: Language phrase "InstaDefuseSuccessful" not found (arg 5)
L 04/11/2022 - 22:54:26: [SM] Blaming: retakes-instadefuse.smx
L 04/11/2022 - 22:54:26: [SM] Call stack trace:
L 04/11/2022 - 22:54:26: [SM]   [0] PrintToChat
L 04/11/2022 - 22:54:26: [SM]   [1] Line 197, plugin.sp::AttemptInstantDefuse
L 04/11/2022 - 22:54:26: [SM]   [2] Line 104, plugin.sp::Event_BombBeginDefusePlusFrame
L 04/11/2022 - 22:55:02: [SM] Exception reported: Language phrase "InstaDefuseSuccessful" not found (arg 5)
L 04/11/2022 - 22:55:02: [SM] Blaming: retakes-instadefuse.smx
L 04/11/2022 - 22:55:02: [SM] Call stack trace:
L 04/11/2022 - 22:55:02: [SM]   [0] PrintToChat
L 04/11/2022 - 22:55:02: [SM]   [1] Line 197, plugin.sp::AttemptInstantDefuse
L 04/11/2022 - 22:55:02: [SM]   [2] Line 104, plugin.sp::Event_BombBeginDefusePlusFrame
L 04/11/2022 - 22:55:17: [SM] Exception reported: Language phrase "InstaDefuseSuccessful" not found (arg 5)
L 04/11/2022 - 22:55:17: [SM] Blaming: retakes-instadefuse.smx
L 04/11/2022 - 22:55:17: [SM] Call stack trace:
L 04/11/2022 - 22:55:17: [SM]   [0] PrintToChat
L 04/11/2022 - 22:55:17: [SM]   [1] Line 197, plugin.sp::AttemptInstantDefuse
L 04/11/2022 - 22:55:17: [SM]   [2] Line 104, plugin.sp::Event_BombBeginDefusePlusFrame
L 04/11/2022 - 22:55:47: [SM] Exception reported: Language phrase "InstaDefuseSuccessful" not found (arg 5)
L 04/11/2022 - 22:55:47: [SM] Blaming: retakes-instadefuse.smx
L 04/11/2022 - 22:55:47: [SM] Call stack trace:
L 04/11/2022 - 22:55:47: [SM]   [0] PrintToChat
L 04/11/2022 - 22:55:47: [SM]   [1] Line 197, plugin.sp::AttemptInstantDefuse
L 04/11/2022 - 22:55:47: [SM]   [2] Line 104, plugin.sp::Event_BombBeginDefusePlusFrame
L 04/11/2022 - 22:56:13: [SM] Exception reported: Language phrase "InstaDefuseSuccessful" not found (arg 5)
L 04/11/2022 - 22:56:13: [SM] Blaming: retakes-instadefuse.smx
L 04/11/2022 - 22:56:13: [SM] Call stack trace:
L 04/11/2022 - 22:56:13: [SM]   [0] PrintToChat
L 04/11/2022 - 22:56:13: [SM]   [1] Line 197, plugin.sp::AttemptInstantDefuse
L 04/11/2022 - 22:56:13: [SM]   [2] Line 104, plugin.sp::Event_BombBeginDefusePlusFrame
L 04/11/2022 - 22:57:08: [SM] Exception reported: Language phrase "InstaDefuseSuccessful" not found (arg 5)
L 04/11/2022 - 22:57:08: [SM] Blaming: retakes-instadefuse.smx
L 04/11/2022 - 22:57:08: [SM] Call stack trace:
L 04/11/2022 - 22:57:08: [SM]   [0] PrintToChat
L 04/11/2022 - 22:57:08: [SM]   [1] Line 197, plugin.sp::AttemptInstantDefuse
L 04/11/2022 - 22:57:08: [SM]   [2] Line 104, plugin.sp::Event_BombBeginDefusePlusFrame
L 04/11/2022 - 22:57:49: [SM] Exception reported: Language phrase "InstaDefuseSuccessful" not found (arg 5)
L 04/11/2022 - 22:57:49: [SM] Blaming: retakes-instadefuse.smx
L 04/11/2022 - 22:57:49: [SM] Call stack trace:
L 04/11/2022 - 22:57:49: [SM]   [0] PrintToChat
L 04/11/2022 - 22:57:49: [SM]   [1] Line 197, plugin.sp::AttemptInstantDefuse
L 04/11/2022 - 22:57:49: [SM]   [2] Line 104, plugin.sp::Event_BombBeginDefusePlusFrame
L 04/11/2022 - 22:58:08: [SM] Exception reported: Language phrase "InstaDefuseSuccessful" not found (arg 5)
L 04/11/2022 - 22:58:08: [SM] Blaming: retakes-instadefuse.smx
L 04/11/2022 - 22:58:08: [SM] Call stack trace:
L 04/11/2022 - 22:58:09: [SM]   [0] PrintToChat
L 04/11/2022 - 22:58:09: [SM]   [1] Line 197, plugin.sp::AttemptInstantDefuse
L 04/11/2022 - 22:58:09: [SM]   [2] Line 104, plugin.sp::Event_BombBeginDefusePlusFrame
L 04/11/2022 - 22:58:29: [SM] Exception reported: Language phrase "InstaDefuseSuccessful" not found (arg 5)
L 04/11/2022 - 22:58:29: [SM] Blaming: retakes-instadefuse.smx
L 04/11/2022 - 22:58:29: [SM] Call stack trace:
L 04/11/2022 - 22:58:29: [SM]   [0] PrintToChat
L 04/11/2022 - 22:58:29: [SM]   [1] Line 197, plugin.sp::AttemptInstantDefuse
L 04/11/2022 - 22:58:29: [SM]   [2] Line 104, plugin.sp::Event_BombBeginDefusePlusFrame
L 04/11/2022 - 22:59:04: [SM] Exception reported: Language phrase "InstaDefuseSuccessful" not found (arg 5)
L 04/11/2022 - 22:59:04: [SM] Blaming: retakes-instadefuse.smx
L 04/11/2022 - 22:59:04: [SM] Call stack trace:
L 04/11/2022 - 22:59:04: [SM]   [0] PrintToChat
L 04/11/2022 - 22:59:04: [SM]   [1] Line 197, plugin.sp::AttemptInstantDefuse
L 04/11/2022 - 22:59:04: [SM]   [2] Line 104, plugin.sp::Event_BombBeginDefusePlusFrame
L 04/11/2022 - 22:59:27: [SM] Exception reported: Language phrase "InstaDefuseSuccessful" not found (arg 5)
L 04/11/2022 - 22:59:27: [SM] Blaming: retakes-instadefuse.smx
L 04/11/2022 - 22:59:27: [SM] Call stack trace:
L 04/11/2022 - 22:59:27: [SM]   [0] PrintToChat
L 04/11/2022 - 22:59:27: [SM]   [1] Line 197, plugin.sp::AttemptInstantDefuse
L 04/11/2022 - 22:59:27: [SM]   [2] Line 104, plugin.sp::Event_BombBeginDefusePlusFrame
L 04/11/2022 - 22:59:43: [SM] Exception reported: Language phrase "InstaDefuseSuccessful" not found (arg 5)
L 04/11/2022 - 22:59:43: [SM] Blaming: retakes-instadefuse.smx
L 04/11/2022 - 22:59:43: [SM] Call stack trace:
L 04/11/2022 - 22:59:43: [SM]   [0] PrintToChat
L 04/11/2022 - 22:59:43: [SM]   [1] Line 197, plugin.sp::AttemptInstantDefuse
L 04/11/2022 - 22:59:43: [SM]   [2] Line 104, plugin.sp::Event_BombBeginDefusePlusFrame
L 04/11/2022 - 23:01:19: [SM] Exception reported: Language phrase "InstaDefuseSuccessful" not found (arg 5)
L 04/11/2022 - 23:01:19: [SM] Blaming: retakes-instadefuse.smx
L 04/11/2022 - 23:01:19: [SM] Call stack trace:
L 04/11/2022 - 23:01:19: [SM]   [0] PrintToChat
L 04/11/2022 - 23:01:19: [SM]   [1] Line 197, plugin.sp::AttemptInstantDefuse
L 04/11/2022 - 23:01:19: [SM]   [2] Line 104, plugin.sp::Event_BombBeginDefusePlusFrame
L 04/11/2022 - 23:02:00: [SM] Exception reported: Language phrase "InstaDefuseSuccessful" not found (arg 5)
L 04/11/2022 - 23:02:00: [SM] Blaming: retakes-instadefuse.smx
L 04/11/2022 - 23:02:00: [SM] Call stack trace:
L 04/11/2022 - 23:02:00: [SM]   [0] PrintToChat
L 04/11/2022 - 23:02:00: [SM]   [1] Line 197, plugin.sp::AttemptInstantDefuse
L 04/11/2022 - 23:02:00: [SM]   [2] Line 104, plugin.sp::Event_BombBeginDefusePlusFrame
L 04/11/2022 - 23:02:51: [SM] Exception reported: Language phrase "InstaDefuseSuccessful" not found (arg 5)
L 04/11/2022 - 23:02:51: [SM] Blaming: retakes-instadefuse.smx
L 04/11/2022 - 23:02:51: [SM] Call stack trace:
L 04/11/2022 - 23:02:51: [SM]   [0] PrintToChat
L 04/11/2022 - 23:02:51: [SM]   [1] Line 197, plugin.sp::AttemptInstantDefuse
L 04/11/2022 - 23:02:51: [SM]   [2] Line 104, plugin.sp::Event_BombBeginDefusePlusFrame
L 04/11/2022 - 23:05:38: [SM] Exception reported: Language phrase "InstaDefuseSuccessful" not found (arg 5)
L 04/11/2022 - 23:05:38: [SM] Blaming: retakes-instadefuse.smx
L 04/11/2022 - 23:05:38: [SM] Call stack trace:
L 04/11/2022 - 23:05:38: [SM]   [0] PrintToChat
L 04/11/2022 - 23:05:38: [SM]   [1] Line 197, plugin.sp::AttemptInstantDefuse
L 04/11/2022 - 23:05:38: [SM]   [2] Line 104, plugin.sp::Event_BombBeginDefusePlusFrame
L 04/11/2022 - 23:07:12: [SM] Exception reported: Language phrase "InstaDefuseUnsuccessful" not found (arg 5)
L 04/11/2022 - 23:07:12: [SM] Blaming: retakes-instadefuse.smx
L 04/11/2022 - 23:07:12: [SM] Call stack trace:
L 04/11/2022 - 23:07:12: [SM]   [0] PrintToChat
L 04/11/2022 - 23:07:12: [SM]   [1] Line 143, plugin.sp::AttemptInstantDefuse
L 04/11/2022 - 23:07:12: [SM]   [2] Line 104, plugin.sp::Event_BombBeginDefusePlusFrame
L 04/11/2022 - 23:07:12: [SM] Exception reported: Language phrase "InstaDefuseUnsuccessful" not found (arg 5)
L 04/11/2022 - 23:07:12: [SM] Blaming: retakes-instadefuse.smx
L 04/11/2022 - 23:07:12: [SM] Call stack trace:
L 04/11/2022 - 23:07:12: [SM]   [0] PrintToChat
L 04/11/2022 - 23:07:12: [SM]   [1] Line 143, plugin.sp::AttemptInstantDefuse
L 04/11/2022 - 23:07:12: [SM]   [2] Line 104, plugin.sp::Event_BombBeginDefusePlusFrame
L 04/11/2022 - 23:07:13: [SM] Exception reported: Language phrase "InstaDefuseUnsuccessful" not found (arg 5)
L 04/11/2022 - 23:07:13: [SM] Blaming: retakes-instadefuse.smx
L 04/11/2022 - 23:07:13: [SM] Call stack trace:
L 04/11/2022 - 23:07:13: [SM]   [0] PrintToChat
L 04/11/2022 - 23:07:13: [SM]   [1] Line 143, plugin.sp::AttemptInstantDefuse
L 04/11/2022 - 23:07:13: [SM]   [2] Line 104, plugin.sp::Event_BombBeginDefusePlusFrame
L 04/11/2022 - 23:07:13: [SM] Exception reported: Language phrase "InstaDefuseUnsuccessful" not found (arg 5)
L 04/11/2022 - 23:07:13: [SM] Blaming: retakes-instadefuse.smx
L 04/11/2022 - 23:07:13: [SM] Call stack trace:
L 04/11/2022 - 23:07:13: [SM]   [0] PrintToChat
L 04/11/2022 - 23:07:13: [SM]   [1] Line 143, plugin.sp::AttemptInstantDefuse
L 04/11/2022 - 23:07:13: [SM]   [2] Line 104, plugin.sp::Event_BombBeginDefusePlusFrame
L 04/11/2022 - 23:07:13: [SM] Exception reported: Language phrase "InstaDefuseUnsuccessful" not found (arg 5)
L 04/11/2022 - 23:07:13: [SM] Blaming: retakes-instadefuse.smx
L 04/11/2022 - 23:07:13: [SM] Call stack trace:
L 04/11/2022 - 23:07:13: [SM]   [0] PrintToChat
L 04/11/2022 - 23:07:13: [SM]   [1] Line 143, plugin.sp::AttemptInstantDefuse
L 04/11/2022 - 23:07:13: [SM]   [2] Line 104, plugin.sp::Event_BombBeginDefusePlusFrame
L 04/11/2022 - 23:07:13: [SM] Exception reported: Language phrase "InstaDefuseUnsuccessful" not found (arg 5)
L 04/11/2022 - 23:07:13: [SM] Blaming: retakes-instadefuse.smx
L 04/11/2022 - 23:07:13: [SM] Call stack trace:
L 04/11/2022 - 23:07:13: [SM]   [0] PrintToChat
L 04/11/2022 - 23:07:13: [SM]   [1] Line 143, plugin.sp::AttemptInstantDefuse
L 04/11/2022 - 23:07:13: [SM]   [2] Line 104, plugin.sp::Event_BombBeginDefusePlusFrame
L 04/11/2022 - 23:07:13: [SM] Exception reported: Language phrase "InstaDefuseUnsuccessful" not found (arg 5)
L 04/11/2022 - 23:07:13: [SM] Blaming: retakes-instadefuse.smx
L 04/11/2022 - 23:07:13: [SM] Call stack trace:
L 04/11/2022 - 23:07:13: [SM]   [0] PrintToChat
L 04/11/2022 - 23:07:13: [SM]   [1] Line 143, plugin.sp::AttemptInstantDefuse
L 04/11/2022 - 23:07:13: [SM]   [2] Line 104, plugin.sp::Event_BombBeginDefusePlusFrame
L 04/11/2022 - 23:07:14: [SM] Exception reported: Language phrase "InstaDefuseUnsuccessful" not found (arg 5)
L 04/11/2022 - 23:07:14: [SM] Blaming: retakes-instadefuse.smx
L 04/11/2022 - 23:07:14: [SM] Call stack trace:
L 04/11/2022 - 23:07:14: [SM]   [0] PrintToChat
L 04/11/2022 - 23:07:14: [SM]   [1] Line 143, plugin.sp::AttemptInstantDefuse
L 04/11/2022 - 23:07:14: [SM]   [2] Line 104, plugin.sp::Event_BombBeginDefusePlusFrame
L 04/11/2022 - 23:08:58: [SM] Exception reported: Language phrase "InstaDefuseSuccessful" not found (arg 5)
L 04/11/2022 - 23:08:58: [SM] Blaming: retakes-instadefuse.smx
L 04/11/2022 - 23:08:58: [SM] Call stack trace:
L 04/11/2022 - 23:08:58: [SM]   [0] PrintToChat
L 04/11/2022 - 23:08:58: [SM]   [1] Line 197, plugin.sp::AttemptInstantDefuse
L 04/11/2022 - 23:08:58: [SM]   [2] Line 104, plugin.sp::Event_BombBeginDefusePlusFrame
L 04/11/2022 - 23:09:56: [SM] Exception reported: Language phrase "InstaDefuseSuccessful" not found (arg 5)
L 04/11/2022 - 23:09:56: [SM] Blaming: retakes-instadefuse.smx
L 04/11/2022 - 23:09:56: [SM] Call stack trace:
L 04/11/2022 - 23:09:56: [SM]   [0] PrintToChat
L 04/11/2022 - 23:09:56: [SM]   [1] Line 197, plugin.sp::AttemptInstantDefuse
L 04/11/2022 - 23:09:56: [SM]   [2] Line 104, plugin.sp::Event_BombBeginDefusePlusFrame
L 04/11/2022 - 23:15:25: SourceMod error session started
L 04/11/2022 - 23:15:25: Info (map "de_mirage") (file "E:\retake\csgoserver\csgo\addons\sourcemod\logs\errors_20220411.log")
L 04/11/2022 - 23:15:25: [SM] Unable to load extension "PhysHooks.ext": Could not find patch signature for symbol: Physics_RunThinkFunctions
L 04/11/2022 - 23:15:26: [SM] Unable to load plugin "bot_inventory.smx": Native "eItems_AreItemsSynced" was not found
L 04/11/2022 - 23:15:26: [SM] Unable to load plugin "bot_stuff.smx": Could not find required plugin "navmesh"
L 04/11/2022 - 23:15:26: [SM] Unable to load plugin "LagCompensation.smx": Required extension "PhysHooks" file("PhysHooks.ext") not running
L 04/11/2022 - 23:15:27: [SM] Fatal error encountered parsing translation file "ranks_matchmaking.phrases.txt"
L 04/11/2022 - 23:15:27: [SM] Error (line 0, column 0): Stream failed to open
L 04/11/2022 - 23:15:27: [SM] Fatal error encountered parsing translation file "instadefuse.phrases.txt"
L 04/11/2022 - 23:15:27: [SM] Error (line 0, column 0): Stream failed to open
L 04/11/2022 - 23:15:42: [SM] Exception reported: Language phrase "Unranked" not found (arg 5)
L 04/11/2022 - 23:15:42: [SM] Blaming: ranks_matchmaking.smx
L 04/11/2022 - 23:15:42: [SM] Call stack trace:
L 04/11/2022 - 23:15:42: [SM]   [0] FormatEx
L 04/11/2022 - 23:15:42: [SM]   [1] Line 174, ranks_matchmaking.sp::GetRanksNames
L 04/11/2022 - 23:15:42: [SM]   [2] Line 169, ranks_matchmaking.sp::OnMapStart
L 04/11/2022 - 23:15:51: Error log file session closed.
L 04/11/2022 - 23:15:51: SourceMod error session started
L 04/11/2022 - 23:15:51: Info (map "de_mirage") (file "E:\retake\csgoserver\csgo\addons\sourcemod\logs\errors_20220411.log")
L 04/11/2022 - 23:15:51: [SM] Fatal error encountered parsing translation file "ranks_matchmaking.phrases.txt"
L 04/11/2022 - 23:15:51: [SM] Error (line 0, column 0): Stream failed to open
L 04/11/2022 - 23:15:51: [SM] Fatal error encountered parsing translation file "instadefuse.phrases.txt"
L 04/11/2022 - 23:15:51: [SM] Error (line 0, column 0): Stream failed to open
L 04/11/2022 - 23:15:52: [SM] Exception reported: Language phrase "Unranked" not found (arg 5)
L 04/11/2022 - 23:15:52: [SM] Blaming: ranks_matchmaking.smx
L 04/11/2022 - 23:15:52: [SM] Call stack trace:
L 04/11/2022 - 23:15:52: [SM]   [0] FormatEx
L 04/11/2022 - 23:15:52: [SM]   [1] Line 174, ranks_matchmaking.sp::GetRanksNames
L 04/11/2022 - 23:15:52: [SM]   [2] Line 169, ranks_matchmaking.sp::OnMapStart
L 04/11/2022 - 23:17:54: SourceMod error session started
L 04/11/2022 - 23:17:54: Info (map "de_mirage") (file "E:\retake\csgoserver\csgo\addons\sourcemod\logs\errors_20220411.log")
L 04/11/2022 - 23:17:54: [SM] Unable to load extension "PhysHooks.ext": Could not find patch signature for symbol: Physics_RunThinkFunctions
L 04/11/2022 - 23:17:54: [SM] Unable to load plugin "bot_inventory.smx": Native "eItems_AreItemsSynced" was not found
L 04/11/2022 - 23:17:54: [SM] Unable to load plugin "bot_stuff.smx": Could not find required plugin "navmesh"
L 04/11/2022 - 23:17:54: [SM] Unable to load plugin "LagCompensation.smx": Required extension "PhysHooks" file("PhysHooks.ext") not running
L 04/11/2022 - 23:17:54: [SM] Fatal error encountered parsing translation file "ranks_matchmaking.phrases.txt"
L 04/11/2022 - 23:17:54: [SM] Error (line 0, column 0): Stream failed to open
L 04/11/2022 - 23:17:54: [SM] Fatal error encountered parsing translation file "instadefuse.phrases.txt"
L 04/11/2022 - 23:17:54: [SM] Error (line 0, column 0): Stream failed to open
L 04/11/2022 - 23:17:57: [SM] Exception reported: Language phrase "Unranked" not found (arg 5)
L 04/11/2022 - 23:17:57: [SM] Blaming: ranks_matchmaking.smx
L 04/11/2022 - 23:17:57: [SM] Call stack trace:
L 04/11/2022 - 23:17:57: [SM]   [0] FormatEx
L 04/11/2022 - 23:17:57: [SM]   [1] Line 174, ranks_matchmaking.sp::GetRanksNames
L 04/11/2022 - 23:17:57: [SM]   [2] Line 169, ranks_matchmaking.sp::OnMapStart
L 04/11/2022 - 23:17:59: Error log file session closed.
L 04/11/2022 - 23:17:59: SourceMod error session started
L 04/11/2022 - 23:17:59: Info (map "de_mirage") (file "E:\retake\csgoserver\csgo\addons\sourcemod\logs\errors_20220411.log")
L 04/11/2022 - 23:17:59: [SM] Fatal error encountered parsing translation file "ranks_matchmaking.phrases.txt"
L 04/11/2022 - 23:17:59: [SM] Error (line 0, column 0): Stream failed to open
L 04/11/2022 - 23:17:59: [SM] Fatal error encountered parsing translation file "instadefuse.phrases.txt"
L 04/11/2022 - 23:17:59: [SM] Error (line 0, column 0): Stream failed to open
L 04/11/2022 - 23:18:00: [SM] Exception reported: Language phrase "Unranked" not found (arg 5)
L 04/11/2022 - 23:18:00: [SM] Blaming: ranks_matchmaking.smx
L 04/11/2022 - 23:18:00: [SM] Call stack trace:
L 04/11/2022 - 23:18:00: [SM]   [0] FormatEx
L 04/11/2022 - 23:18:00: [SM]   [1] Line 174, ranks_matchmaking.sp::GetRanksNames
L 04/11/2022 - 23:18:00: [SM]   [2] Line 169, ranks_matchmaking.sp::OnMapStart
L 04/11/2022 - 23:28:53: [SM] Exception reported: Language phrase "InstaDefuseSuccessful" not found (arg 5)
L 04/11/2022 - 23:28:53: [SM] Blaming: retakes-instadefuse.smx
L 04/11/2022 - 23:28:53: [SM] Call stack trace:
L 04/11/2022 - 23:28:53: [SM]   [0] PrintToChat
L 04/11/2022 - 23:28:53: [SM]   [1] Line 197, plugin.sp::AttemptInstantDefuse
L 04/11/2022 - 23:28:53: [SM]   [2] Line 104, plugin.sp::Event_BombBeginDefusePlusFrame
L 04/11/2022 - 23:32:29: [SM] Exception reported: Language phrase "InstaDefuseSuccessful" not found (arg 5)
L 04/11/2022 - 23:32:29: [SM] Blaming: retakes-instadefuse.smx
L 04/11/2022 - 23:32:29: [SM] Call stack trace:
L 04/11/2022 - 23:32:29: [SM]   [0] PrintToChat
L 04/11/2022 - 23:32:29: [SM]   [1] Line 197, plugin.sp::AttemptInstantDefuse
L 04/11/2022 - 23:32:29: [SM]   [2] Line 104, plugin.sp::Event_BombBeginDefusePlusFrame
L 04/11/2022 - 23:33:01: [SM] Exception reported: Language phrase "InstaDefuseSuccessful" not found (arg 5)
L 04/11/2022 - 23:33:01: [SM] Blaming: retakes-instadefuse.smx
L 04/11/2022 - 23:33:01: [SM] Call stack trace:
L 04/11/2022 - 23:33:01: [SM]   [0] PrintToChat
L 04/11/2022 - 23:33:01: [SM]   [1] Line 197, plugin.sp::AttemptInstantDefuse
L 04/11/2022 - 23:33:01: [SM]   [2] Line 104, plugin.sp::Event_BombBeginDefusePlusFrame
L 04/11/2022 - 23:33:30: [SM] Exception reported: Language phrase "InstaDefuseSuccessful" not found (arg 5)
L 04/11/2022 - 23:33:30: [SM] Blaming: retakes-instadefuse.smx
L 04/11/2022 - 23:33:30: [SM] Call stack trace:
L 04/11/2022 - 23:33:30: [SM]   [0] PrintToChat
L 04/11/2022 - 23:33:30: [SM]   [1] Line 197, plugin.sp::AttemptInstantDefuse
L 04/11/2022 - 23:33:30: [SM]   [2] Line 104, plugin.sp::Event_BombBeginDefusePlusFrame
L 04/11/2022 - 23:33:47: [SM] Exception reported: Language phrase "InstaDefuseSuccessful" not found (arg 5)
L 04/11/2022 - 23:33:47: [SM] Blaming: retakes-instadefuse.smx
L 04/11/2022 - 23:33:47: [SM] Call stack trace:
L 04/11/2022 - 23:33:47: [SM]   [0] PrintToChat
L 04/11/2022 - 23:33:47: [SM]   [1] Line 197, plugin.sp::AttemptInstantDefuse
L 04/11/2022 - 23:33:47: [SM]   [2] Line 104, plugin.sp::Event_BombBeginDefusePlusFrame
L 04/11/2022 - 23:34:10: [SM] Exception reported: Language phrase "InstaDefuseSuccessful" not found (arg 5)
L 04/11/2022 - 23:34:10: [SM] Blaming: retakes-instadefuse.smx
L 04/11/2022 - 23:34:10: [SM] Call stack trace:
L 04/11/2022 - 23:34:10: [SM]   [0] PrintToChat
L 04/11/2022 - 23:34:10: [SM]   [1] Line 197, plugin.sp::AttemptInstantDefuse
L 04/11/2022 - 23:34:10: [SM]   [2] Line 104, plugin.sp::Event_BombBeginDefusePlusFrame
L 04/11/2022 - 23:35:14: [SM] Exception reported: Language phrase "InstaDefuseSuccessful" not found (arg 5)
L 04/11/2022 - 23:35:14: [SM] Blaming: retakes-instadefuse.smx
L 04/11/2022 - 23:35:14: [SM] Call stack trace:
L 04/11/2022 - 23:35:14: [SM]   [0] PrintToChat
L 04/11/2022 - 23:35:14: [SM]   [1] Line 197, plugin.sp::AttemptInstantDefuse
L 04/11/2022 - 23:35:14: [SM]   [2] Line 104, plugin.sp::Event_BombBeginDefusePlusFrame
L 04/11/2022 - 23:35:32: [SM] Exception reported: Language phrase "InstaDefuseSuccessful" not found (arg 5)
L 04/11/2022 - 23:35:32: [SM] Blaming: retakes-instadefuse.smx
L 04/11/2022 - 23:35:32: [SM] Call stack trace:
L 04/11/2022 - 23:35:32: [SM]   [0] PrintToChat
L 04/11/2022 - 23:35:32: [SM]   [1] Line 197, plugin.sp::AttemptInstantDefuse
L 04/11/2022 - 23:35:32: [SM]   [2] Line 104, plugin.sp::Event_BombBeginDefusePlusFrame
L 04/11/2022 - 23:36:22: [SM] Exception reported: Language phrase "InstaDefuseSuccessful" not found (arg 5)
L 04/11/2022 - 23:36:22: [SM] Blaming: retakes-instadefuse.smx
L 04/11/2022 - 23:36:22: [SM] Call stack trace:
L 04/11/2022 - 23:36:22: [SM]   [0] PrintToChat
L 04/11/2022 - 23:36:22: [SM]   [1] Line 197, plugin.sp::AttemptInstantDefuse
L 04/11/2022 - 23:36:22: [SM]   [2] Line 104, plugin.sp::Event_BombBeginDefusePlusFrame
L 04/11/2022 - 23:36:46: [SM] Exception reported: Language phrase "InstaDefuseSuccessful" not found (arg 5)
L 04/11/2022 - 23:36:46: [SM] Blaming: retakes-instadefuse.smx
L 04/11/2022 - 23:36:46: [SM] Call stack trace:
L 04/11/2022 - 23:36:46: [SM]   [0] PrintToChat
L 04/11/2022 - 23:36:46: [SM]   [1] Line 197, plugin.sp::AttemptInstantDefuse
L 04/11/2022 - 23:36:46: [SM]   [2] Line 104, plugin.sp::Event_BombBeginDefusePlusFrame
L 04/11/2022 - 23:37:17: [SM] Exception reported: Language phrase "InstaDefuseSuccessful" not found (arg 5)
L 04/11/2022 - 23:37:17: [SM] Blaming: retakes-instadefuse.smx
L 04/11/2022 - 23:37:17: [SM] Call stack trace:
L 04/11/2022 - 23:37:18: [SM]   [0] PrintToChat
L 04/11/2022 - 23:37:18: [SM]   [1] Line 197, plugin.sp::AttemptInstantDefuse
L 04/11/2022 - 23:37:18: [SM]   [2] Line 104, plugin.sp::Event_BombBeginDefusePlusFrame
L 04/11/2022 - 23:39:26: [SM] Exception reported: Language phrase "InstaDefuseSuccessful" not found (arg 5)
L 04/11/2022 - 23:39:26: [SM] Blaming: retakes-instadefuse.smx
L 04/11/2022 - 23:39:26: [SM] Call stack trace:
L 04/11/2022 - 23:39:26: [SM]   [0] PrintToChat
L 04/11/2022 - 23:39:26: [SM]   [1] Line 197, plugin.sp::AttemptInstantDefuse
L 04/11/2022 - 23:39:26: [SM]   [2] Line 104, plugin.sp::Event_BombBeginDefusePlusFrame
L 04/11/2022 - 23:40:06: [SM] Exception reported: Language phrase "InstaDefuseSuccessful" not found (arg 5)
L 04/11/2022 - 23:40:06: [SM] Blaming: retakes-instadefuse.smx
L 04/11/2022 - 23:40:06: [SM] Call stack trace:
L 04/11/2022 - 23:40:06: [SM]   [0] PrintToChat
L 04/11/2022 - 23:40:06: [SM]   [1] Line 197, plugin.sp::AttemptInstantDefuse
L 04/11/2022 - 23:40:06: [SM]   [2] Line 104, plugin.sp::Event_BombBeginDefusePlusFrame
L 04/11/2022 - 23:40:33: [SM] Exception reported: Language phrase "InstaDefuseSuccessful" not found (arg 5)
L 04/11/2022 - 23:40:33: [SM] Blaming: retakes-instadefuse.smx
L 04/11/2022 - 23:40:33: [SM] Call stack trace:
L 04/11/2022 - 23:40:33: [SM]   [0] PrintToChat
L 04/11/2022 - 23:40:33: [SM]   [1] Line 197, plugin.sp::AttemptInstantDefuse
L 04/11/2022 - 23:40:33: [SM]   [2] Line 104, plugin.sp::Event_BombBeginDefusePlusFrame
L 04/11/2022 - 23:41:03: [SM] Exception reported: Language phrase "InstaDefuseSuccessful" not found (arg 5)
L 04/11/2022 - 23:41:03: [SM] Blaming: retakes-instadefuse.smx
L 04/11/2022 - 23:41:03: [SM] Call stack trace:
L 04/11/2022 - 23:41:03: [SM]   [0] PrintToChat
L 04/11/2022 - 23:41:03: [SM]   [1] Line 197, plugin.sp::AttemptInstantDefuse
L 04/11/2022 - 23:41:03: [SM]   [2] Line 104, plugin.sp::Event_BombBeginDefusePlusFrame
L 04/11/2022 - 23:41:46: [SM] Exception reported: Language phrase "InstaDefuseSuccessful" not found (arg 5)
L 04/11/2022 - 23:41:46: [SM] Blaming: retakes-instadefuse.smx
L 04/11/2022 - 23:41:46: [SM] Call stack trace:
L 04/11/2022 - 23:41:46: [SM]   [0] PrintToChat
L 04/11/2022 - 23:41:46: [SM]   [1] Line 197, plugin.sp::AttemptInstantDefuse
L 04/11/2022 - 23:41:46: [SM]   [2] Line 104, plugin.sp::Event_BombBeginDefusePlusFrame
L 04/11/2022 - 23:43:05: [SM] Exception reported: Language phrase "InstaDefuseSuccessful" not found (arg 5)
L 04/11/2022 - 23:43:05: [SM] Blaming: retakes-instadefuse.smx
L 04/11/2022 - 23:43:05: [SM] Call stack trace:
L 04/11/2022 - 23:43:05: [SM]   [0] PrintToChat
L 04/11/2022 - 23:43:05: [SM]   [1] Line 197, plugin.sp::AttemptInstantDefuse
L 04/11/2022 - 23:43:05: [SM]   [2] Line 104, plugin.sp::Event_BombBeginDefusePlusFrame
L 04/11/2022 - 23:43:31: [SM] Exception reported: Language phrase "InstaDefuseSuccessful" not found (arg 5)
L 04/11/2022 - 23:43:31: [SM] Blaming: retakes-instadefuse.smx
L 04/11/2022 - 23:43:31: [SM] Call stack trace:
L 04/11/2022 - 23:43:31: [SM]   [0] PrintToChat
L 04/11/2022 - 23:43:31: [SM]   [1] Line 197, plugin.sp::AttemptInstantDefuse
L 04/11/2022 - 23:43:31: [SM]   [2] Line 104, plugin.sp::Event_BombBeginDefusePlusFrame
L 04/11/2022 - 23:44:19: [SM] Exception reported: Language phrase "InstaDefuseSuccessful" not found (arg 5)
L 04/11/2022 - 23:44:19: [SM] Blaming: retakes-instadefuse.smx
L 04/11/2022 - 23:44:19: [SM] Call stack trace:
L 04/11/2022 - 23:44:19: [SM]   [0] PrintToChat
L 04/11/2022 - 23:44:19: [SM]   [1] Line 197, plugin.sp::AttemptInstantDefuse
L 04/11/2022 - 23:44:19: [SM]   [2] Line 104, plugin.sp::Event_BombBeginDefusePlusFrame
L 04/11/2022 - 23:45:50: [SM] Exception reported: Language phrase "InstaDefuseSuccessful" not found (arg 5)
L 04/11/2022 - 23:45:50: [SM] Blaming: retakes-instadefuse.smx
L 04/11/2022 - 23:45:50: [SM] Call stack trace:
L 04/11/2022 - 23:45:50: [SM]   [0] PrintToChat
L 04/11/2022 - 23:45:50: [SM]   [1] Line 197, plugin.sp::AttemptInstantDefuse
L 04/11/2022 - 23:45:50: [SM]   [2] Line 104, plugin.sp::Event_BombBeginDefusePlusFrame
L 04/11/2022 - 23:46:10: [SM] Exception reported: Language phrase "InstaDefuseSuccessful" not found (arg 5)
L 04/11/2022 - 23:46:10: [SM] Blaming: retakes-instadefuse.smx
L 04/11/2022 - 23:46:10: [SM] Call stack trace:
L 04/11/2022 - 23:46:10: [SM]   [0] PrintToChat
L 04/11/2022 - 23:46:10: [SM]   [1] Line 197, plugin.sp::AttemptInstantDefuse
L 04/11/2022 - 23:46:10: [SM]   [2] Line 104, plugin.sp::Event_BombBeginDefusePlusFrame
L 04/11/2022 - 23:46:39: [SM] Exception reported: Language phrase "InstaDefuseSuccessful" not found (arg 5)
L 04/11/2022 - 23:46:39: [SM] Blaming: retakes-instadefuse.smx
L 04/11/2022 - 23:46:39: [SM] Call stack trace:
L 04/11/2022 - 23:46:39: [SM]   [0] PrintToChat
L 04/11/2022 - 23:46:39: [SM]   [1] Line 197, plugin.sp::AttemptInstantDefuse
L 04/11/2022 - 23:46:39: [SM]   [2] Line 104, plugin.sp::Event_BombBeginDefusePlusFrame
L 04/11/2022 - 23:47:53: [SM] Exception reported: Language phrase "InstaDefuseSuccessful" not found (arg 5)
L 04/11/2022 - 23:47:53: [SM] Blaming: retakes-instadefuse.smx
L 04/11/2022 - 23:47:53: [SM] Call stack trace:
L 04/11/2022 - 23:47:53: [SM]   [0] PrintToChat
L 04/11/2022 - 23:47:53: [SM]   [1] Line 197, plugin.sp::AttemptInstantDefuse
L 04/11/2022 - 23:47:53: [SM]   [2] Line 104, plugin.sp::Event_BombBeginDefusePlusFrame
L 04/11/2022 - 23:48:49: [SM] Exception reported: Language phrase "InstaDefuseSuccessful" not found (arg 5)
L 04/11/2022 - 23:48:49: [SM] Blaming: retakes-instadefuse.smx
L 04/11/2022 - 23:48:49: [SM] Call stack trace:
L 04/11/2022 - 23:48:49: [SM]   [0] PrintToChat
L 04/11/2022 - 23:48:49: [SM]   [1] Line 197, plugin.sp::AttemptInstantDefuse
L 04/11/2022 - 23:48:49: [SM]   [2] Line 104, plugin.sp::Event_BombBeginDefusePlusFrame
L 04/11/2022 - 23:49:31: [SM] Exception reported: Language phrase "InstaDefuseSuccessful" not found (arg 5)
L 04/11/2022 - 23:49:31: [SM] Blaming: retakes-instadefuse.smx
L 04/11/2022 - 23:49:31: [SM] Call stack trace:
L 04/11/2022 - 23:49:31: [SM]   [0] PrintToChat
L 04/11/2022 - 23:49:31: [SM]   [1] Line 197, plugin.sp::AttemptInstantDefuse
L 04/11/2022 - 23:49:31: [SM]   [2] Line 104, plugin.sp::Event_BombBeginDefusePlusFrame
L 04/11/2022 - 23:50:19: [SM] Exception reported: Language phrase "InstaDefuseSuccessful" not found (arg 5)
L 04/11/2022 - 23:50:19: [SM] Blaming: retakes-instadefuse.smx
L 04/11/2022 - 23:50:19: [SM] Call stack trace:
L 04/11/2022 - 23:50:19: [SM]   [0] PrintToChat
L 04/11/2022 - 23:50:19: [SM]   [1] Line 197, plugin.sp::AttemptInstantDefuse
L 04/11/2022 - 23:50:19: [SM]   [2] Line 104, plugin.sp::Event_BombBeginDefusePlusFrame
L 04/11/2022 - 23:51:08: [SM] Exception reported: Language phrase "InstaDefuseSuccessful" not found (arg 5)
L 04/11/2022 - 23:51:08: [SM] Blaming: retakes-instadefuse.smx
L 04/11/2022 - 23:51:08: [SM] Call stack trace:
L 04/11/2022 - 23:51:08: [SM]   [0] PrintToChat
L 04/11/2022 - 23:51:08: [SM]   [1] Line 197, plugin.sp::AttemptInstantDefuse
L 04/11/2022 - 23:51:08: [SM]   [2] Line 104, plugin.sp::Event_BombBeginDefusePlusFrame
L 04/11/2022 - 23:51:25: [SM] Exception reported: Language phrase "InstaDefuseSuccessful" not found (arg 5)
L 04/11/2022 - 23:51:25: [SM] Blaming: retakes-instadefuse.smx
L 04/11/2022 - 23:51:25: [SM] Call stack trace:
L 04/11/2022 - 23:51:25: [SM]   [0] PrintToChat
L 04/11/2022 - 23:51:25: [SM]   [1] Line 197, plugin.sp::AttemptInstantDefuse
L 04/11/2022 - 23:51:25: [SM]   [2] Line 104, plugin.sp::Event_BombBeginDefusePlusFrame
L 04/11/2022 - 23:51:46: [SM] Exception reported: Language phrase "InstaDefuseSuccessful" not found (arg 5)
L 04/11/2022 - 23:51:46: [SM] Blaming: retakes-instadefuse.smx
L 04/11/2022 - 23:51:46: [SM] Call stack trace:
L 04/11/2022 - 23:51:46: [SM]   [0] PrintToChat
L 04/11/2022 - 23:51:46: [SM]   [1] Line 197, plugin.sp::AttemptInstantDefuse
L 04/11/2022 - 23:51:46: [SM]   [2] Line 104, plugin.sp::Event_BombBeginDefusePlusFrame
L 04/11/2022 - 23:52:42: [SM] Exception reported: Language phrase "InstaDefuseSuccessful" not found (arg 5)
L 04/11/2022 - 23:52:42: [SM] Blaming: retakes-instadefuse.smx
L 04/11/2022 - 23:52:42: [SM] Call stack trace:
L 04/11/2022 - 23:52:42: [SM]   [0] PrintToChat
L 04/11/2022 - 23:52:42: [SM]   [1] Line 197, plugin.sp::AttemptInstantDefuse
L 04/11/2022 - 23:52:42: [SM]   [2] Line 104, plugin.sp::Event_BombBeginDefusePlusFrame
L 04/11/2022 - 23:53:01: [SM] Exception reported: Language phrase "InstaDefuseSuccessful" not found (arg 5)
L 04/11/2022 - 23:53:01: [SM] Blaming: retakes-instadefuse.smx
L 04/11/2022 - 23:53:01: [SM] Call stack trace:
L 04/11/2022 - 23:53:01: [SM]   [0] PrintToChat
L 04/11/2022 - 23:53:01: [SM]   [1] Line 197, plugin.sp::AttemptInstantDefuse
L 04/11/2022 - 23:53:01: [SM]   [2] Line 104, plugin.sp::Event_BombBeginDefusePlusFrame
L 04/11/2022 - 23:53:38: [SM] Exception reported: Language phrase "InstaDefuseSuccessful" not found (arg 5)
L 04/11/2022 - 23:53:38: [SM] Blaming: retakes-instadefuse.smx
L 04/11/2022 - 23:53:38: [SM] Call stack trace:
L 04/11/2022 - 23:53:38: [SM]   [0] PrintToChat
L 04/11/2022 - 23:53:38: [SM]   [1] Line 197, plugin.sp::AttemptInstantDefuse
L 04/11/2022 - 23:53:38: [SM]   [2] Line 104, plugin.sp::Event_BombBeginDefusePlusFrame
L 04/11/2022 - 23:53:57: [SM] Exception reported: Language phrase "InstaDefuseSuccessful" not found (arg 5)
L 04/11/2022 - 23:53:57: [SM] Blaming: retakes-instadefuse.smx
L 04/11/2022 - 23:53:57: [SM] Call stack trace:
L 04/11/2022 - 23:53:57: [SM]   [0] PrintToChat
L 04/11/2022 - 23:53:57: [SM]   [1] Line 197, plugin.sp::AttemptInstantDefuse
L 04/11/2022 - 23:53:57: [SM]   [2] Line 104, plugin.sp::Event_BombBeginDefusePlusFrame
L 04/11/2022 - 23:54:23: [SM] Exception reported: Language phrase "InstaDefuseSuccessful" not found (arg 5)
L 04/11/2022 - 23:54:23: [SM] Blaming: retakes-instadefuse.smx
L 04/11/2022 - 23:54:23: [SM] Call stack trace:
L 04/11/2022 - 23:54:23: [SM]   [0] PrintToChat
L 04/11/2022 - 23:54:23: [SM]   [1] Line 197, plugin.sp::AttemptInstantDefuse
L 04/11/2022 - 23:54:23: [SM]   [2] Line 104, plugin.sp::Event_BombBeginDefusePlusFrame
L 04/11/2022 - 23:54:38: [SM] Exception reported: Language phrase "InstaDefuseSuccessful" not found (arg 5)
L 04/11/2022 - 23:54:38: [SM] Blaming: retakes-instadefuse.smx
L 04/11/2022 - 23:54:38: [SM] Call stack trace:
L 04/11/2022 - 23:54:38: [SM]   [0] PrintToChat
L 04/11/2022 - 23:54:38: [SM]   [1] Line 197, plugin.sp::AttemptInstantDefuse
L 04/11/2022 - 23:54:38: [SM]   [2] Line 104, plugin.sp::Event_BombBeginDefusePlusFrame
L 04/11/2022 - 23:56:04: [SM] Exception reported: Language phrase "InstaDefuseSuccessful" not found (arg 5)
L 04/11/2022 - 23:56:04: [SM] Blaming: retakes-instadefuse.smx
L 04/11/2022 - 23:56:04: [SM] Call stack trace:
L 04/11/2022 - 23:56:04: [SM]   [0] PrintToChat
L 04/11/2022 - 23:56:04: [SM]   [1] Line 197, plugin.sp::AttemptInstantDefuse
L 04/11/2022 - 23:56:04: [SM]   [2] Line 104, plugin.sp::Event_BombBeginDefusePlusFrame
L 04/11/2022 - 23:57:20: [SM] Exception reported: Language phrase "InstaDefuseSuccessful" not found (arg 5)
L 04/11/2022 - 23:57:20: [SM] Blaming: retakes-instadefuse.smx
L 04/11/2022 - 23:57:20: [SM] Call stack trace:
L 04/11/2022 - 23:57:20: [SM]   [0] PrintToChat
L 04/11/2022 - 23:57:20: [SM]   [1] Line 197, plugin.sp::AttemptInstantDefuse
L 04/11/2022 - 23:57:20: [SM]   [2] Line 104, plugin.sp::Event_BombBeginDefusePlusFrame
L 04/11/2022 - 23:57:50: [SM] Exception reported: Language phrase "InstaDefuseSuccessful" not found (arg 5)
L 04/11/2022 - 23:57:50: [SM] Blaming: retakes-instadefuse.smx
L 04/11/2022 - 23:57:50: [SM] Call stack trace:
L 04/11/2022 - 23:57:50: [SM]   [0] PrintToChat
L 04/11/2022 - 23:57:50: [SM]   [1] Line 197, plugin.sp::AttemptInstantDefuse
L 04/11/2022 - 23:57:50: [SM]   [2] Line 104, plugin.sp::Event_BombBeginDefusePlusFrame
L 04/11/2022 - 23:59:52: [SM] Exception reported: Language phrase "InstaDefuseSuccessful" not found (arg 5)
L 04/11/2022 - 23:59:52: [SM] Blaming: retakes-instadefuse.smx
L 04/11/2022 - 23:59:52: [SM] Call stack trace:
L 04/11/2022 - 23:59:52: [SM]   [0] PrintToChat
L 04/11/2022 - 23:59:52: [SM]   [1] Line 197, plugin.sp::AttemptInstantDefuse
L 04/11/2022 - 23:59:52: [SM]   [2] Line 104, plugin.sp::Event_BombBeginDefusePlusFrame
L 04/12/2022 - 00:00:17: Error log file session closed.
