L 10/12/2021 - 02:39:44: SourceMod error session started
L 10/12/2021 - 02:39:44: Info (map "de_dust2") (file "E:\retake\csgoserver\csgo\addons\sourcemod\logs\errors_20211012.log")
L 10/12/2021 - 02:39:44: [SM] Unable to load extension "PhysHooks.ext": Could not find patch signature for symbol: Physics_RunThinkFunctions
L 10/12/2021 - 02:39:47: [SM] Exception reported: Failed to create SDKCall for CCSBot::IsAtHidingSpot signature!
L 10/12/2021 - 02:39:47: [SM] Blaming: bot_improver.smx
L 10/12/2021 - 02:39:47: [SM] Call stack trace:
L 10/12/2021 - 02:39:47: [SM]   [0] SetFailState
L 10/12/2021 - 02:39:47: [SM]   [1] Line 116, plugin.sp::OnPluginStart
L 10/12/2021 - 02:39:47: [SM] Unable to load plugin "bot_improver.smx": Error detected in plugin startup (see error logs)
L 10/12/2021 - 02:39:47: [SM] Unable to load plugin "bot_inventory.smx": Native "eItems_AreItemsSynced" was not found
L 10/12/2021 - 02:39:47: [SM] Unable to load plugin "bot_stuff.smx": Could not find required plugin "navmesh"
L 10/12/2021 - 02:39:48: [SM] Unable to load plugin "LagCompensation.smx": Required extension "PhysHooks" file("PhysHooks.ext") not running
L 10/12/2021 - 02:39:49: [SM] Fatal error encountered parsing translation file "ranks_matchmaking.phrases.txt"
L 10/12/2021 - 02:39:49: [SM] Error (line 0, column 0): Stream failed to open
L 10/12/2021 - 02:39:49: [SM] Fatal error encountered parsing translation file "instadefuse.phrases.txt"
L 10/12/2021 - 02:39:49: [SM] Error (line 0, column 0): Stream failed to open
L 10/12/2021 - 02:40:08: [SM] Exception reported: Language phrase "Unranked" not found (arg 5)
L 10/12/2021 - 02:40:08: [SM] Blaming: ranks_matchmaking.smx
L 10/12/2021 - 02:40:08: [SM] Call stack trace:
L 10/12/2021 - 02:40:08: [SM]   [0] FormatEx
L 10/12/2021 - 02:40:08: [SM]   [1] Line 174, ranks_matchmaking.sp::GetRanksNames
L 10/12/2021 - 02:40:08: [SM]   [2] Line 169, ranks_matchmaking.sp::OnMapStart
L 10/12/2021 - 02:40:16: Error log file session closed.
L 10/12/2021 - 02:40:16: SourceMod error session started
L 10/12/2021 - 02:40:16: Info (map "de_dust2") (file "E:\retake\csgoserver\csgo\addons\sourcemod\logs\errors_20211012.log")
L 10/12/2021 - 02:40:16: [SM] Fatal error encountered parsing translation file "ranks_matchmaking.phrases.txt"
L 10/12/2021 - 02:40:16: [SM] Error (line 0, column 0): Stream failed to open
L 10/12/2021 - 02:40:16: [SM] Fatal error encountered parsing translation file "instadefuse.phrases.txt"
L 10/12/2021 - 02:40:16: [SM] Error (line 0, column 0): Stream failed to open
L 10/12/2021 - 02:40:17: [SM] Exception reported: Language phrase "Unranked" not found (arg 5)
L 10/12/2021 - 02:40:17: [SM] Blaming: ranks_matchmaking.smx
L 10/12/2021 - 02:40:17: [SM] Call stack trace:
L 10/12/2021 - 02:40:17: [SM]   [0] FormatEx
L 10/12/2021 - 02:40:17: [SM]   [1] Line 174, ranks_matchmaking.sp::GetRanksNames
L 10/12/2021 - 02:40:17: [SM]   [2] Line 169, ranks_matchmaking.sp::OnMapStart
L 10/12/2021 - 02:42:50: Error log file session closed.
L 10/12/2021 - 02:42:50: SourceMod error session started
L 10/12/2021 - 02:42:50: Info (map "de_mirage") (file "E:\retake\csgoserver\csgo\addons\sourcemod\logs\errors_20211012.log")
L 10/12/2021 - 02:42:50: [SM] Fatal error encountered parsing translation file "ranks_matchmaking.phrases.txt"
L 10/12/2021 - 02:42:50: [SM] Error (line 0, column 0): Stream failed to open
L 10/12/2021 - 02:42:50: [SM] Fatal error encountered parsing translation file "instadefuse.phrases.txt"
L 10/12/2021 - 02:42:50: [SM] Error (line 0, column 0): Stream failed to open
L 10/12/2021 - 02:42:53: [SM] Exception reported: Language phrase "Unranked" not found (arg 5)
L 10/12/2021 - 02:42:53: [SM] Blaming: ranks_matchmaking.smx
L 10/12/2021 - 02:42:53: [SM] Call stack trace:
L 10/12/2021 - 02:42:53: [SM]   [0] FormatEx
L 10/12/2021 - 02:42:53: [SM]   [1] Line 174, ranks_matchmaking.sp::GetRanksNames
L 10/12/2021 - 02:42:53: [SM]   [2] Line 169, ranks_matchmaking.sp::OnMapStart
L 10/12/2021 - 02:44:41: [SM] Exception reported: Language phrase "InstaDefuseSuccessful" not found (arg 5)
L 10/12/2021 - 02:44:41: [SM] Blaming: retakes-instadefuse.smx
L 10/12/2021 - 02:44:41: [SM] Call stack trace:
L 10/12/2021 - 02:44:41: [SM]   [0] PrintToChat
L 10/12/2021 - 02:44:41: [SM]   [1] Line 197, plugin.sp::AttemptInstantDefuse
L 10/12/2021 - 02:44:41: [SM]   [2] Line 104, plugin.sp::Event_BombBeginDefusePlusFrame
L 10/12/2021 - 02:45:19: [SM] Exception reported: Language phrase "InstaDefuseSuccessful" not found (arg 5)
L 10/12/2021 - 02:45:19: [SM] Blaming: retakes-instadefuse.smx
L 10/12/2021 - 02:45:19: [SM] Call stack trace:
L 10/12/2021 - 02:45:19: [SM]   [0] PrintToChat
L 10/12/2021 - 02:45:19: [SM]   [1] Line 197, plugin.sp::AttemptInstantDefuse
L 10/12/2021 - 02:45:19: [SM]   [2] Line 104, plugin.sp::Event_BombBeginDefusePlusFrame
L 10/12/2021 - 02:46:11: [SM] Exception reported: Language phrase "InstaDefuseSuccessful" not found (arg 5)
L 10/12/2021 - 02:46:11: [SM] Blaming: retakes-instadefuse.smx
L 10/12/2021 - 02:46:11: [SM] Call stack trace:
L 10/12/2021 - 02:46:11: [SM]   [0] PrintToChat
L 10/12/2021 - 02:46:11: [SM]   [1] Line 197, plugin.sp::AttemptInstantDefuse
L 10/12/2021 - 02:46:11: [SM]   [2] Line 104, plugin.sp::Event_BombBeginDefusePlusFrame
L 10/12/2021 - 02:48:33: [SM] Exception reported: Language phrase "InstaDefuseSuccessful" not found (arg 5)
L 10/12/2021 - 02:48:33: [SM] Blaming: retakes-instadefuse.smx
L 10/12/2021 - 02:48:33: [SM] Call stack trace:
L 10/12/2021 - 02:48:33: [SM]   [0] PrintToChat
L 10/12/2021 - 02:48:33: [SM]   [1] Line 197, plugin.sp::AttemptInstantDefuse
L 10/12/2021 - 02:48:33: [SM]   [2] Line 104, plugin.sp::Event_BombBeginDefusePlusFrame
L 10/12/2021 - 02:49:14: [SM] Exception reported: Language phrase "InstaDefuseSuccessful" not found (arg 5)
L 10/12/2021 - 02:49:14: [SM] Blaming: retakes-instadefuse.smx
L 10/12/2021 - 02:49:14: [SM] Call stack trace:
L 10/12/2021 - 02:49:14: [SM]   [0] PrintToChat
L 10/12/2021 - 02:49:14: [SM]   [1] Line 197, plugin.sp::AttemptInstantDefuse
L 10/12/2021 - 02:49:14: [SM]   [2] Line 104, plugin.sp::Event_BombBeginDefusePlusFrame
L 10/12/2021 - 02:49:57: [SM] Exception reported: Language phrase "InstaDefuseSuccessful" not found (arg 5)
L 10/12/2021 - 02:49:57: [SM] Blaming: retakes-instadefuse.smx
L 10/12/2021 - 02:49:57: [SM] Call stack trace:
L 10/12/2021 - 02:49:57: [SM]   [0] PrintToChat
L 10/12/2021 - 02:49:57: [SM]   [1] Line 197, plugin.sp::AttemptInstantDefuse
L 10/12/2021 - 02:49:57: [SM]   [2] Line 104, plugin.sp::Event_BombBeginDefusePlusFrame
L 10/12/2021 - 02:50:19: [SM] Exception reported: Language phrase "InstaDefuseSuccessful" not found (arg 5)
L 10/12/2021 - 02:50:19: [SM] Blaming: retakes-instadefuse.smx
L 10/12/2021 - 02:50:19: [SM] Call stack trace:
L 10/12/2021 - 02:50:19: [SM]   [0] PrintToChat
L 10/12/2021 - 02:50:19: [SM]   [1] Line 197, plugin.sp::AttemptInstantDefuse
L 10/12/2021 - 02:50:19: [SM]   [2] Line 104, plugin.sp::Event_BombBeginDefusePlusFrame
L 10/12/2021 - 02:52:11: [SM] Exception reported: Language phrase "LiveNadeSomewhere" not found (arg 5)
L 10/12/2021 - 02:52:11: [SM] Blaming: retakes-instadefuse.smx
L 10/12/2021 - 02:52:11: [SM] Call stack trace:
L 10/12/2021 - 02:52:11: [SM]   [0] PrintToChat
L 10/12/2021 - 02:52:11: [SM]   [1] Line 168, plugin.sp::AttemptInstantDefuse
L 10/12/2021 - 02:52:11: [SM]   [2] Line 104, plugin.sp::Event_BombBeginDefusePlusFrame
L 10/12/2021 - 02:52:27: [SM] Exception reported: Language phrase "InstaDefuseSuccessful" not found (arg 5)
L 10/12/2021 - 02:52:27: [SM] Blaming: retakes-instadefuse.smx
L 10/12/2021 - 02:52:27: [SM] Call stack trace:
L 10/12/2021 - 02:52:27: [SM]   [0] PrintToChat
L 10/12/2021 - 02:52:27: [SM]   [1] Line 197, plugin.sp::AttemptInstantDefuse
L 10/12/2021 - 02:52:27: [SM]   [2] Line 104, plugin.sp::Event_BombBeginDefusePlusFrame
L 10/12/2021 - 02:53:14: [SM] Exception reported: Language phrase "InstaDefuseSuccessful" not found (arg 5)
L 10/12/2021 - 02:53:14: [SM] Blaming: retakes-instadefuse.smx
L 10/12/2021 - 02:53:14: [SM] Call stack trace:
L 10/12/2021 - 02:53:14: [SM]   [0] PrintToChat
L 10/12/2021 - 02:53:14: [SM]   [1] Line 197, plugin.sp::AttemptInstantDefuse
L 10/12/2021 - 02:53:14: [SM]   [2] Line 104, plugin.sp::Event_BombBeginDefusePlusFrame
L 10/12/2021 - 02:57:28: [SM] Exception reported: Language phrase "InstaDefuseSuccessful" not found (arg 5)
L 10/12/2021 - 02:57:28: [SM] Blaming: retakes-instadefuse.smx
L 10/12/2021 - 02:57:28: [SM] Call stack trace:
L 10/12/2021 - 02:57:28: [SM]   [0] PrintToChat
L 10/12/2021 - 02:57:28: [SM]   [1] Line 197, plugin.sp::AttemptInstantDefuse
L 10/12/2021 - 02:57:28: [SM]   [2] Line 104, plugin.sp::Event_BombBeginDefusePlusFrame
L 10/12/2021 - 02:58:02: [SM] Exception reported: Language phrase "InstaDefuseSuccessful" not found (arg 5)
L 10/12/2021 - 02:58:02: [SM] Blaming: retakes-instadefuse.smx
L 10/12/2021 - 02:58:02: [SM] Call stack trace:
L 10/12/2021 - 02:58:02: [SM]   [0] PrintToChat
L 10/12/2021 - 02:58:02: [SM]   [1] Line 197, plugin.sp::AttemptInstantDefuse
L 10/12/2021 - 02:58:02: [SM]   [2] Line 104, plugin.sp::Event_BombBeginDefusePlusFrame
L 10/12/2021 - 02:59:24: Error log file session closed.
L 10/12/2021 - 02:59:24: SourceMod error session started
L 10/12/2021 - 02:59:24: Info (map "de_inferno") (file "E:\retake\csgoserver\csgo\addons\sourcemod\logs\errors_20211012.log")
L 10/12/2021 - 02:59:24: [SM] Fatal error encountered parsing translation file "ranks_matchmaking.phrases.txt"
L 10/12/2021 - 02:59:24: [SM] Error (line 0, column 0): Stream failed to open
L 10/12/2021 - 02:59:24: [SM] Fatal error encountered parsing translation file "instadefuse.phrases.txt"
L 10/12/2021 - 02:59:24: [SM] Error (line 0, column 0): Stream failed to open
L 10/12/2021 - 02:59:26: [SM] Exception reported: Language phrase "Unranked" not found (arg 5)
L 10/12/2021 - 02:59:26: [SM] Blaming: ranks_matchmaking.smx
L 10/12/2021 - 02:59:26: [SM] Call stack trace:
L 10/12/2021 - 02:59:26: [SM]   [0] FormatEx
L 10/12/2021 - 02:59:26: [SM]   [1] Line 174, ranks_matchmaking.sp::GetRanksNames
L 10/12/2021 - 02:59:26: [SM]   [2] Line 169, ranks_matchmaking.sp::OnMapStart
L 10/12/2021 - 03:00:12: [SM] Exception reported: Language phrase "InstaDefuseSuccessful" not found (arg 5)
L 10/12/2021 - 03:00:12: [SM] Blaming: retakes-instadefuse.smx
L 10/12/2021 - 03:00:12: [SM] Call stack trace:
L 10/12/2021 - 03:00:12: [SM]   [0] PrintToChat
L 10/12/2021 - 03:00:12: [SM]   [1] Line 197, plugin.sp::AttemptInstantDefuse
L 10/12/2021 - 03:00:12: [SM]   [2] Line 104, plugin.sp::Event_BombBeginDefusePlusFrame
L 10/12/2021 - 03:00:13: [SM] Exception reported: Language phrase "InstaDefuseSuccessful" not found (arg 5)
L 10/12/2021 - 03:00:13: [SM] Blaming: retakes-instadefuse.smx
L 10/12/2021 - 03:00:13: [SM] Call stack trace:
L 10/12/2021 - 03:00:13: [SM]   [0] PrintToChat
L 10/12/2021 - 03:00:13: [SM]   [1] Line 197, plugin.sp::AttemptInstantDefuse
L 10/12/2021 - 03:00:13: [SM]   [2] Line 104, plugin.sp::Event_BombBeginDefusePlusFrame
L 10/12/2021 - 03:01:40: [SM] Exception reported: Language phrase "InstaDefuseSuccessful" not found (arg 5)
L 10/12/2021 - 03:01:40: [SM] Blaming: retakes-instadefuse.smx
L 10/12/2021 - 03:01:40: [SM] Call stack trace:
L 10/12/2021 - 03:01:40: [SM]   [0] PrintToChat
L 10/12/2021 - 03:01:40: [SM]   [1] Line 197, plugin.sp::AttemptInstantDefuse
L 10/12/2021 - 03:01:40: [SM]   [2] Line 104, plugin.sp::Event_BombBeginDefusePlusFrame
L 10/12/2021 - 03:01:41: [SM] Exception reported: Language phrase "InstaDefuseSuccessful" not found (arg 5)
L 10/12/2021 - 03:01:41: [SM] Blaming: retakes-instadefuse.smx
L 10/12/2021 - 03:01:41: [SM] Call stack trace:
L 10/12/2021 - 03:01:41: [SM]   [0] PrintToChat
L 10/12/2021 - 03:01:41: [SM]   [1] Line 197, plugin.sp::AttemptInstantDefuse
L 10/12/2021 - 03:01:41: [SM]   [2] Line 104, plugin.sp::Event_BombBeginDefusePlusFrame
L 10/12/2021 - 03:01:57: [SM] Exception reported: Language phrase "InstaDefuseSuccessful" not found (arg 5)
L 10/12/2021 - 03:01:57: [SM] Blaming: retakes-instadefuse.smx
L 10/12/2021 - 03:01:57: [SM] Call stack trace:
L 10/12/2021 - 03:01:57: [SM]   [0] PrintToChat
L 10/12/2021 - 03:01:57: [SM]   [1] Line 197, plugin.sp::AttemptInstantDefuse
L 10/12/2021 - 03:01:57: [SM]   [2] Line 104, plugin.sp::Event_BombBeginDefusePlusFrame
L 10/12/2021 - 03:02:25: [SM] Exception reported: Language phrase "InstaDefuseSuccessful" not found (arg 5)
L 10/12/2021 - 03:02:25: [SM] Blaming: retakes-instadefuse.smx
L 10/12/2021 - 03:02:25: [SM] Call stack trace:
L 10/12/2021 - 03:02:25: [SM]   [0] PrintToChat
L 10/12/2021 - 03:02:25: [SM]   [1] Line 197, plugin.sp::AttemptInstantDefuse
L 10/12/2021 - 03:02:25: [SM]   [2] Line 104, plugin.sp::Event_BombBeginDefusePlusFrame
L 10/12/2021 - 03:02:44: [SM] Exception reported: Language phrase "InstaDefuseSuccessful" not found (arg 5)
L 10/12/2021 - 03:02:44: [SM] Blaming: retakes-instadefuse.smx
L 10/12/2021 - 03:02:44: [SM] Call stack trace:
L 10/12/2021 - 03:02:44: [SM]   [0] PrintToChat
L 10/12/2021 - 03:02:44: [SM]   [1] Line 197, plugin.sp::AttemptInstantDefuse
L 10/12/2021 - 03:02:44: [SM]   [2] Line 104, plugin.sp::Event_BombBeginDefusePlusFrame
L 10/12/2021 - 03:03:41: [SM] Exception reported: Language phrase "InstaDefuseSuccessful" not found (arg 5)
L 10/12/2021 - 03:03:41: [SM] Blaming: retakes-instadefuse.smx
L 10/12/2021 - 03:03:41: [SM] Call stack trace:
L 10/12/2021 - 03:03:41: [SM]   [0] PrintToChat
L 10/12/2021 - 03:03:41: [SM]   [1] Line 197, plugin.sp::AttemptInstantDefuse
L 10/12/2021 - 03:03:41: [SM]   [2] Line 104, plugin.sp::Event_BombBeginDefusePlusFrame
L 10/12/2021 - 03:04:34: [SM] Exception reported: Language phrase "InstaDefuseSuccessful" not found (arg 5)
L 10/12/2021 - 03:04:34: [SM] Blaming: retakes-instadefuse.smx
L 10/12/2021 - 03:04:34: [SM] Call stack trace:
L 10/12/2021 - 03:04:34: [SM]   [0] PrintToChat
L 10/12/2021 - 03:04:34: [SM]   [1] Line 197, plugin.sp::AttemptInstantDefuse
L 10/12/2021 - 03:04:34: [SM]   [2] Line 104, plugin.sp::Event_BombBeginDefusePlusFrame
L 10/12/2021 - 03:06:01: [SM] Exception reported: Language phrase "InstaDefuseSuccessful" not found (arg 5)
L 10/12/2021 - 03:06:01: [SM] Blaming: retakes-instadefuse.smx
L 10/12/2021 - 03:06:01: [SM] Call stack trace:
L 10/12/2021 - 03:06:01: [SM]   [0] PrintToChat
L 10/12/2021 - 03:06:01: [SM]   [1] Line 197, plugin.sp::AttemptInstantDefuse
L 10/12/2021 - 03:06:01: [SM]   [2] Line 104, plugin.sp::Event_BombBeginDefusePlusFrame
L 10/12/2021 - 03:07:18: [SM] Exception reported: Language phrase "InstaDefuseSuccessful" not found (arg 5)
L 10/12/2021 - 03:07:18: [SM] Blaming: retakes-instadefuse.smx
L 10/12/2021 - 03:07:18: [SM] Call stack trace:
L 10/12/2021 - 03:07:18: [SM]   [0] PrintToChat
L 10/12/2021 - 03:07:18: [SM]   [1] Line 197, plugin.sp::AttemptInstantDefuse
L 10/12/2021 - 03:07:18: [SM]   [2] Line 104, plugin.sp::Event_BombBeginDefusePlusFrame
L 10/12/2021 - 03:09:19: [SM] Exception reported: Language phrase "InstaDefuseSuccessful" not found (arg 5)
L 10/12/2021 - 03:09:19: [SM] Blaming: retakes-instadefuse.smx
L 10/12/2021 - 03:09:19: [SM] Call stack trace:
L 10/12/2021 - 03:09:19: [SM]   [0] PrintToChat
L 10/12/2021 - 03:09:19: [SM]   [1] Line 197, plugin.sp::AttemptInstantDefuse
L 10/12/2021 - 03:09:19: [SM]   [2] Line 104, plugin.sp::Event_BombBeginDefusePlusFrame
L 10/12/2021 - 03:09:38: [SM] Exception reported: Language phrase "InstaDefuseSuccessful" not found (arg 5)
L 10/12/2021 - 03:09:38: [SM] Blaming: retakes-instadefuse.smx
L 10/12/2021 - 03:09:38: [SM] Call stack trace:
L 10/12/2021 - 03:09:38: [SM]   [0] PrintToChat
L 10/12/2021 - 03:09:38: [SM]   [1] Line 197, plugin.sp::AttemptInstantDefuse
L 10/12/2021 - 03:09:38: [SM]   [2] Line 104, plugin.sp::Event_BombBeginDefusePlusFrame
L 10/12/2021 - 03:10:01: [SM] Exception reported: Language phrase "InstaDefuseSuccessful" not found (arg 5)
L 10/12/2021 - 03:10:01: [SM] Blaming: retakes-instadefuse.smx
L 10/12/2021 - 03:10:01: [SM] Call stack trace:
L 10/12/2021 - 03:10:01: [SM]   [0] PrintToChat
L 10/12/2021 - 03:10:01: [SM]   [1] Line 197, plugin.sp::AttemptInstantDefuse
L 10/12/2021 - 03:10:01: [SM]   [2] Line 104, plugin.sp::Event_BombBeginDefusePlusFrame
L 10/12/2021 - 03:14:49: [SM] Exception reported: Language phrase "InstaDefuseSuccessful" not found (arg 5)
L 10/12/2021 - 03:14:49: [SM] Blaming: retakes-instadefuse.smx
L 10/12/2021 - 03:14:49: [SM] Call stack trace:
L 10/12/2021 - 03:14:49: [SM]   [0] PrintToChat
L 10/12/2021 - 03:14:49: [SM]   [1] Line 197, plugin.sp::AttemptInstantDefuse
L 10/12/2021 - 03:14:49: [SM]   [2] Line 104, plugin.sp::Event_BombBeginDefusePlusFrame
L 10/12/2021 - 03:15:21: [SM] Exception reported: Language phrase "InstaDefuseSuccessful" not found (arg 5)
L 10/12/2021 - 03:15:21: [SM] Blaming: retakes-instadefuse.smx
L 10/12/2021 - 03:15:21: [SM] Call stack trace:
L 10/12/2021 - 03:15:21: [SM]   [0] PrintToChat
L 10/12/2021 - 03:15:21: [SM]   [1] Line 197, plugin.sp::AttemptInstantDefuse
L 10/12/2021 - 03:15:21: [SM]   [2] Line 104, plugin.sp::Event_BombBeginDefusePlusFrame
L 10/12/2021 - 03:16:17: [SM] Exception reported: Language phrase "InstaDefuseSuccessful" not found (arg 5)
L 10/12/2021 - 03:16:17: [SM] Blaming: retakes-instadefuse.smx
L 10/12/2021 - 03:16:17: [SM] Call stack trace:
L 10/12/2021 - 03:16:17: [SM]   [0] PrintToChat
L 10/12/2021 - 03:16:17: [SM]   [1] Line 197, plugin.sp::AttemptInstantDefuse
L 10/12/2021 - 03:16:17: [SM]   [2] Line 104, plugin.sp::Event_BombBeginDefusePlusFrame
L 10/12/2021 - 03:19:17: [SM] Exception reported: Language phrase "InstaDefuseSuccessful" not found (arg 5)
L 10/12/2021 - 03:19:17: [SM] Blaming: retakes-instadefuse.smx
L 10/12/2021 - 03:19:17: [SM] Call stack trace:
L 10/12/2021 - 03:19:17: [SM]   [0] PrintToChat
L 10/12/2021 - 03:19:17: [SM]   [1] Line 197, plugin.sp::AttemptInstantDefuse
L 10/12/2021 - 03:19:17: [SM]   [2] Line 104, plugin.sp::Event_BombBeginDefusePlusFrame
L 10/12/2021 - 03:20:29: [SM] Exception reported: Language phrase "InstaDefuseSuccessful" not found (arg 5)
L 10/12/2021 - 03:20:29: [SM] Blaming: retakes-instadefuse.smx
L 10/12/2021 - 03:20:29: [SM] Call stack trace:
L 10/12/2021 - 03:20:29: [SM]   [0] PrintToChat
L 10/12/2021 - 03:20:29: [SM]   [1] Line 197, plugin.sp::AttemptInstantDefuse
L 10/12/2021 - 03:20:29: [SM]   [2] Line 104, plugin.sp::Event_BombBeginDefusePlusFrame
L 10/12/2021 - 03:21:15: [SM] Exception reported: Language phrase "InstaDefuseSuccessful" not found (arg 5)
L 10/12/2021 - 03:21:15: [SM] Blaming: retakes-instadefuse.smx
L 10/12/2021 - 03:21:15: [SM] Call stack trace:
L 10/12/2021 - 03:21:15: [SM]   [0] PrintToChat
L 10/12/2021 - 03:21:15: [SM]   [1] Line 197, plugin.sp::AttemptInstantDefuse
L 10/12/2021 - 03:21:15: [SM]   [2] Line 104, plugin.sp::Event_BombBeginDefusePlusFrame
L 10/12/2021 - 03:21:15: [SM] Exception reported: Language phrase "InstaDefuseSuccessful" not found (arg 5)
L 10/12/2021 - 03:21:15: [SM] Blaming: retakes-instadefuse.smx
L 10/12/2021 - 03:21:15: [SM] Call stack trace:
L 10/12/2021 - 03:21:15: [SM]   [0] PrintToChat
L 10/12/2021 - 03:21:15: [SM]   [1] Line 197, plugin.sp::AttemptInstantDefuse
L 10/12/2021 - 03:21:15: [SM]   [2] Line 104, plugin.sp::Event_BombBeginDefusePlusFrame
L 10/12/2021 - 03:21:16: [SM] Exception reported: Language phrase "InstaDefuseSuccessful" not found (arg 5)
L 10/12/2021 - 03:21:16: [SM] Blaming: retakes-instadefuse.smx
L 10/12/2021 - 03:21:16: [SM] Call stack trace:
L 10/12/2021 - 03:21:16: [SM]   [0] PrintToChat
L 10/12/2021 - 03:21:16: [SM]   [1] Line 197, plugin.sp::AttemptInstantDefuse
L 10/12/2021 - 03:21:16: [SM]   [2] Line 104, plugin.sp::Event_BombBeginDefusePlusFrame
L 10/12/2021 - 03:21:42: [SM] Exception reported: Language phrase "LiveNadeSomewhere" not found (arg 5)
L 10/12/2021 - 03:21:42: [SM] Blaming: retakes-instadefuse.smx
L 10/12/2021 - 03:21:42: [SM] Call stack trace:
L 10/12/2021 - 03:21:42: [SM]   [0] PrintToChat
L 10/12/2021 - 03:21:42: [SM]   [1] Line 168, plugin.sp::AttemptInstantDefuse
L 10/12/2021 - 03:21:42: [SM]   [2] Line 104, plugin.sp::Event_BombBeginDefusePlusFrame
L 10/12/2021 - 03:23:38: [SM] Exception reported: Language phrase "InstaDefuseSuccessful" not found (arg 5)
L 10/12/2021 - 03:23:38: [SM] Blaming: retakes-instadefuse.smx
L 10/12/2021 - 03:23:38: [SM] Call stack trace:
L 10/12/2021 - 03:23:38: [SM]   [0] PrintToChat
L 10/12/2021 - 03:23:38: [SM]   [1] Line 197, plugin.sp::AttemptInstantDefuse
L 10/12/2021 - 03:23:38: [SM]   [2] Line 104, plugin.sp::Event_BombBeginDefusePlusFrame
L 10/12/2021 - 03:24:01: [SM] Exception reported: Language phrase "InstaDefuseSuccessful" not found (arg 5)
L 10/12/2021 - 03:24:01: [SM] Blaming: retakes-instadefuse.smx
L 10/12/2021 - 03:24:01: [SM] Call stack trace:
L 10/12/2021 - 03:24:01: [SM]   [0] PrintToChat
L 10/12/2021 - 03:24:01: [SM]   [1] Line 197, plugin.sp::AttemptInstantDefuse
L 10/12/2021 - 03:24:01: [SM]   [2] Line 104, plugin.sp::Event_BombBeginDefusePlusFrame
L 10/12/2021 - 03:25:15: [SM] Exception reported: Language phrase "InstaDefuseSuccessful" not found (arg 5)
L 10/12/2021 - 03:25:15: [SM] Blaming: retakes-instadefuse.smx
L 10/12/2021 - 03:25:15: [SM] Call stack trace:
L 10/12/2021 - 03:25:15: [SM]   [0] PrintToChat
L 10/12/2021 - 03:25:15: [SM]   [1] Line 197, plugin.sp::AttemptInstantDefuse
L 10/12/2021 - 03:25:15: [SM]   [2] Line 104, plugin.sp::Event_BombBeginDefusePlusFrame
L 10/12/2021 - 03:25:41: [SM] Exception reported: Language phrase "InstaDefuseSuccessful" not found (arg 5)
L 10/12/2021 - 03:25:41: [SM] Blaming: retakes-instadefuse.smx
L 10/12/2021 - 03:25:41: [SM] Call stack trace:
L 10/12/2021 - 03:25:41: [SM]   [0] PrintToChat
L 10/12/2021 - 03:25:41: [SM]   [1] Line 197, plugin.sp::AttemptInstantDefuse
L 10/12/2021 - 03:25:41: [SM]   [2] Line 104, plugin.sp::Event_BombBeginDefusePlusFrame
L 10/12/2021 - 03:26:48: [SM] Exception reported: Language phrase "InstaDefuseSuccessful" not found (arg 5)
L 10/12/2021 - 03:26:48: [SM] Blaming: retakes-instadefuse.smx
L 10/12/2021 - 03:26:48: [SM] Call stack trace:
L 10/12/2021 - 03:26:48: [SM]   [0] PrintToChat
L 10/12/2021 - 03:26:48: [SM]   [1] Line 197, plugin.sp::AttemptInstantDefuse
L 10/12/2021 - 03:26:48: [SM]   [2] Line 104, plugin.sp::Event_BombBeginDefusePlusFrame
L 10/12/2021 - 03:27:51: [SM] Exception reported: Language phrase "InstaDefuseSuccessful" not found (arg 5)
L 10/12/2021 - 03:27:51: [SM] Blaming: retakes-instadefuse.smx
L 10/12/2021 - 03:27:51: [SM] Call stack trace:
L 10/12/2021 - 03:27:51: [SM]   [0] PrintToChat
L 10/12/2021 - 03:27:51: [SM]   [1] Line 197, plugin.sp::AttemptInstantDefuse
L 10/12/2021 - 03:27:51: [SM]   [2] Line 104, plugin.sp::Event_BombBeginDefusePlusFrame
L 10/12/2021 - 03:29:49: [SM] Exception reported: Language phrase "InstaDefuseSuccessful" not found (arg 5)
L 10/12/2021 - 03:29:49: [SM] Blaming: retakes-instadefuse.smx
L 10/12/2021 - 03:29:49: [SM] Call stack trace:
L 10/12/2021 - 03:29:49: [SM]   [0] PrintToChat
L 10/12/2021 - 03:29:49: [SM]   [1] Line 197, plugin.sp::AttemptInstantDefuse
L 10/12/2021 - 03:29:49: [SM]   [2] Line 104, plugin.sp::Event_BombBeginDefusePlusFrame
L 10/12/2021 - 03:29:49: [SM] Exception reported: Language phrase "InstaDefuseSuccessful" not found (arg 5)
L 10/12/2021 - 03:29:49: [SM] Blaming: retakes-instadefuse.smx
L 10/12/2021 - 03:29:49: [SM] Call stack trace:
L 10/12/2021 - 03:29:49: [SM]   [0] PrintToChat
L 10/12/2021 - 03:29:49: [SM]   [1] Line 197, plugin.sp::AttemptInstantDefuse
L 10/12/2021 - 03:29:49: [SM]   [2] Line 104, plugin.sp::Event_BombBeginDefusePlusFrame
L 10/12/2021 - 03:29:50: [SM] Exception reported: Language phrase "InstaDefuseSuccessful" not found (arg 5)
L 10/12/2021 - 03:29:50: [SM] Blaming: retakes-instadefuse.smx
L 10/12/2021 - 03:29:50: [SM] Call stack trace:
L 10/12/2021 - 03:29:50: [SM]   [0] PrintToChat
L 10/12/2021 - 03:29:50: [SM]   [1] Line 197, plugin.sp::AttemptInstantDefuse
L 10/12/2021 - 03:29:50: [SM]   [2] Line 104, plugin.sp::Event_BombBeginDefusePlusFrame
L 10/12/2021 - 03:30:49: [SM] Exception reported: Language phrase "InstaDefuseSuccessful" not found (arg 5)
L 10/12/2021 - 03:30:49: [SM] Blaming: retakes-instadefuse.smx
L 10/12/2021 - 03:30:49: [SM] Call stack trace:
L 10/12/2021 - 03:30:49: [SM]   [0] PrintToChat
L 10/12/2021 - 03:30:49: [SM]   [1] Line 197, plugin.sp::AttemptInstantDefuse
L 10/12/2021 - 03:30:49: [SM]   [2] Line 104, plugin.sp::Event_BombBeginDefusePlusFrame
L 10/12/2021 - 03:31:34: SourceMod error session started
L 10/12/2021 - 03:31:34: Info (map "de_dust2") (file "E:\retake\csgoserver\csgo\addons\sourcemod\logs\errors_20211012.log")
L 10/12/2021 - 03:31:34: [SM] Unable to load extension "PhysHooks.ext": Could not find patch signature for symbol: Physics_RunThinkFunctions
L 10/12/2021 - 03:31:34: [SM] Exception reported: Failed to create SDKCall for CCSBot::IsAtHidingSpot signature!
L 10/12/2021 - 03:31:34: [SM] Blaming: bot_improver.smx
L 10/12/2021 - 03:31:34: [SM] Call stack trace:
L 10/12/2021 - 03:31:34: [SM]   [0] SetFailState
L 10/12/2021 - 03:31:34: [SM]   [1] Line 116, plugin.sp::OnPluginStart
L 10/12/2021 - 03:31:34: [SM] Unable to load plugin "bot_improver.smx": Error detected in plugin startup (see error logs)
L 10/12/2021 - 03:31:34: [SM] Unable to load plugin "bot_inventory.smx": Native "eItems_AreItemsSynced" was not found
L 10/12/2021 - 03:31:34: [SM] Unable to load plugin "bot_stuff.smx": Could not find required plugin "navmesh"
L 10/12/2021 - 03:31:34: [SM] Unable to load plugin "LagCompensation.smx": Required extension "PhysHooks" file("PhysHooks.ext") not running
L 10/12/2021 - 03:31:34: [SM] Fatal error encountered parsing translation file "ranks_matchmaking.phrases.txt"
L 10/12/2021 - 03:31:34: [SM] Error (line 0, column 0): Stream failed to open
L 10/12/2021 - 03:31:34: [SM] Fatal error encountered parsing translation file "instadefuse.phrases.txt"
L 10/12/2021 - 03:31:34: [SM] Error (line 0, column 0): Stream failed to open
L 10/12/2021 - 03:31:37: [SM] Exception reported: Language phrase "Unranked" not found (arg 5)
L 10/12/2021 - 03:31:37: [SM] Blaming: ranks_matchmaking.smx
L 10/12/2021 - 03:31:37: [SM] Call stack trace:
L 10/12/2021 - 03:31:37: [SM]   [0] FormatEx
L 10/12/2021 - 03:31:37: [SM]   [1] Line 174, ranks_matchmaking.sp::GetRanksNames
L 10/12/2021 - 03:31:37: [SM]   [2] Line 169, ranks_matchmaking.sp::OnMapStart
L 10/12/2021 - 03:33:50: Error log file session closed.
L 10/12/2021 - 03:33:50: SourceMod error session started
L 10/12/2021 - 03:33:50: Info (map "de_canals") (file "E:\retake\csgoserver\csgo\addons\sourcemod\logs\errors_20211012.log")
L 10/12/2021 - 03:33:50: [SM] Fatal error encountered parsing translation file "ranks_matchmaking.phrases.txt"
L 10/12/2021 - 03:33:50: [SM] Error (line 0, column 0): Stream failed to open
L 10/12/2021 - 03:33:50: [SM] Fatal error encountered parsing translation file "instadefuse.phrases.txt"
L 10/12/2021 - 03:33:50: [SM] Error (line 0, column 0): Stream failed to open
L 10/12/2021 - 03:33:51: [SM] Exception reported: Language phrase "Unranked" not found (arg 5)
L 10/12/2021 - 03:33:51: [SM] Blaming: ranks_matchmaking.smx
L 10/12/2021 - 03:33:51: [SM] Call stack trace:
L 10/12/2021 - 03:33:51: [SM]   [0] FormatEx
L 10/12/2021 - 03:33:51: [SM]   [1] Line 174, ranks_matchmaking.sp::GetRanksNames
L 10/12/2021 - 03:33:51: [SM]   [2] Line 169, ranks_matchmaking.sp::OnMapStart
L 10/12/2021 - 03:33:59: Error log file session closed.
L 10/12/2021 - 03:34:00: SourceMod error session started
L 10/12/2021 - 03:34:00: Info (map "de_canals") (file "E:\retake\csgoserver\csgo\addons\sourcemod\logs\errors_20211012.log")
L 10/12/2021 - 03:34:00: [SM] Fatal error encountered parsing translation file "ranks_matchmaking.phrases.txt"
L 10/12/2021 - 03:34:00: [SM] Error (line 0, column 0): Stream failed to open
L 10/12/2021 - 03:34:00: [SM] Fatal error encountered parsing translation file "instadefuse.phrases.txt"
L 10/12/2021 - 03:34:00: [SM] Error (line 0, column 0): Stream failed to open
L 10/12/2021 - 03:34:01: [SM] Exception reported: Language phrase "Unranked" not found (arg 5)
L 10/12/2021 - 03:34:01: [SM] Blaming: ranks_matchmaking.smx
L 10/12/2021 - 03:34:01: [SM] Call stack trace:
L 10/12/2021 - 03:34:01: [SM]   [0] FormatEx
L 10/12/2021 - 03:34:01: [SM]   [1] Line 174, ranks_matchmaking.sp::GetRanksNames
L 10/12/2021 - 03:34:01: [SM]   [2] Line 169, ranks_matchmaking.sp::OnMapStart
L 10/12/2021 - 03:38:18: [SM] Exception reported: Language phrase "InstaDefuseSuccessful" not found (arg 5)
L 10/12/2021 - 03:38:18: [SM] Blaming: retakes-instadefuse.smx
L 10/12/2021 - 03:38:18: [SM] Call stack trace:
L 10/12/2021 - 03:38:18: [SM]   [0] PrintToChat
L 10/12/2021 - 03:38:18: [SM]   [1] Line 197, plugin.sp::AttemptInstantDefuse
L 10/12/2021 - 03:38:18: [SM]   [2] Line 104, plugin.sp::Event_BombBeginDefusePlusFrame
L 10/12/2021 - 03:39:00: [SM] Exception reported: Language phrase "InstaDefuseUnsuccessful" not found (arg 5)
L 10/12/2021 - 03:39:00: [SM] Blaming: retakes-instadefuse.smx
L 10/12/2021 - 03:39:00: [SM] Call stack trace:
L 10/12/2021 - 03:39:00: [SM]   [0] PrintToChat
L 10/12/2021 - 03:39:00: [SM]   [1] Line 143, plugin.sp::AttemptInstantDefuse
L 10/12/2021 - 03:39:00: [SM]   [2] Line 104, plugin.sp::Event_BombBeginDefusePlusFrame
L 10/12/2021 - 03:39:00: [SM] Exception reported: Language phrase "InstaDefuseUnsuccessful" not found (arg 5)
L 10/12/2021 - 03:39:00: [SM] Blaming: retakes-instadefuse.smx
L 10/12/2021 - 03:39:00: [SM] Call stack trace:
L 10/12/2021 - 03:39:00: [SM]   [0] PrintToChat
L 10/12/2021 - 03:39:00: [SM]   [1] Line 143, plugin.sp::AttemptInstantDefuse
L 10/12/2021 - 03:39:00: [SM]   [2] Line 104, plugin.sp::Event_BombBeginDefusePlusFrame
L 10/12/2021 - 03:39:31: [SM] Exception reported: Language phrase "InstaDefuseSuccessful" not found (arg 5)
L 10/12/2021 - 03:39:31: [SM] Blaming: retakes-instadefuse.smx
L 10/12/2021 - 03:39:31: [SM] Call stack trace:
L 10/12/2021 - 03:39:31: [SM]   [0] PrintToChat
L 10/12/2021 - 03:39:31: [SM]   [1] Line 197, plugin.sp::AttemptInstantDefuse
L 10/12/2021 - 03:39:31: [SM]   [2] Line 104, plugin.sp::Event_BombBeginDefusePlusFrame
L 10/12/2021 - 03:39:46: [SM] Exception reported: Language phrase "InstaDefuseSuccessful" not found (arg 5)
L 10/12/2021 - 03:39:46: [SM] Blaming: retakes-instadefuse.smx
L 10/12/2021 - 03:39:46: [SM] Call stack trace:
L 10/12/2021 - 03:39:46: [SM]   [0] PrintToChat
L 10/12/2021 - 03:39:46: [SM]   [1] Line 197, plugin.sp::AttemptInstantDefuse
L 10/12/2021 - 03:39:46: [SM]   [2] Line 104, plugin.sp::Event_BombBeginDefusePlusFrame
L 10/12/2021 - 03:40:23: [SM] Exception reported: Language phrase "InstaDefuseSuccessful" not found (arg 5)
L 10/12/2021 - 03:40:23: [SM] Blaming: retakes-instadefuse.smx
L 10/12/2021 - 03:40:23: [SM] Call stack trace:
L 10/12/2021 - 03:40:23: [SM]   [0] PrintToChat
L 10/12/2021 - 03:40:23: [SM]   [1] Line 197, plugin.sp::AttemptInstantDefuse
L 10/12/2021 - 03:40:23: [SM]   [2] Line 104, plugin.sp::Event_BombBeginDefusePlusFrame
L 10/12/2021 - 03:40:43: [SM] Exception reported: Language phrase "InstaDefuseSuccessful" not found (arg 5)
L 10/12/2021 - 03:40:43: [SM] Blaming: retakes-instadefuse.smx
L 10/12/2021 - 03:40:43: [SM] Call stack trace:
L 10/12/2021 - 03:40:43: [SM]   [0] PrintToChat
L 10/12/2021 - 03:40:43: [SM]   [1] Line 197, plugin.sp::AttemptInstantDefuse
L 10/12/2021 - 03:40:43: [SM]   [2] Line 104, plugin.sp::Event_BombBeginDefusePlusFrame
L 10/12/2021 - 03:41:05: [SM] Exception reported: Language phrase "InstaDefuseSuccessful" not found (arg 5)
L 10/12/2021 - 03:41:06: [SM] Blaming: retakes-instadefuse.smx
L 10/12/2021 - 03:41:06: [SM] Call stack trace:
L 10/12/2021 - 03:41:06: [SM]   [0] PrintToChat
L 10/12/2021 - 03:41:06: [SM]   [1] Line 197, plugin.sp::AttemptInstantDefuse
L 10/12/2021 - 03:41:06: [SM]   [2] Line 104, plugin.sp::Event_BombBeginDefusePlusFrame
L 10/12/2021 - 03:41:07: [SM] Exception reported: Language phrase "InstaDefuseSuccessful" not found (arg 5)
L 10/12/2021 - 03:41:07: [SM] Blaming: retakes-instadefuse.smx
L 10/12/2021 - 03:41:07: [SM] Call stack trace:
L 10/12/2021 - 03:41:07: [SM]   [0] PrintToChat
L 10/12/2021 - 03:41:07: [SM]   [1] Line 197, plugin.sp::AttemptInstantDefuse
L 10/12/2021 - 03:41:07: [SM]   [2] Line 104, plugin.sp::Event_BombBeginDefusePlusFrame
L 10/12/2021 - 03:41:12: [SM] Exception reported: Language phrase "InstaDefuseSuccessful" not found (arg 5)
L 10/12/2021 - 03:41:12: [SM] Blaming: retakes-instadefuse.smx
L 10/12/2021 - 03:41:12: [SM] Call stack trace:
L 10/12/2021 - 03:41:12: [SM]   [0] PrintToChat
L 10/12/2021 - 03:41:12: [SM]   [1] Line 197, plugin.sp::AttemptInstantDefuse
L 10/12/2021 - 03:41:12: [SM]   [2] Line 104, plugin.sp::Event_BombBeginDefusePlusFrame
L 10/12/2021 - 03:41:47: [SM] Exception reported: Language phrase "InstaDefuseSuccessful" not found (arg 5)
L 10/12/2021 - 03:41:47: [SM] Blaming: retakes-instadefuse.smx
L 10/12/2021 - 03:41:47: [SM] Call stack trace:
L 10/12/2021 - 03:41:47: [SM]   [0] PrintToChat
L 10/12/2021 - 03:41:47: [SM]   [1] Line 197, plugin.sp::AttemptInstantDefuse
L 10/12/2021 - 03:41:47: [SM]   [2] Line 104, plugin.sp::Event_BombBeginDefusePlusFrame
L 10/12/2021 - 03:42:11: [SM] Exception reported: Language phrase "InstaDefuseSuccessful" not found (arg 5)
L 10/12/2021 - 03:42:11: [SM] Blaming: retakes-instadefuse.smx
L 10/12/2021 - 03:42:11: [SM] Call stack trace:
L 10/12/2021 - 03:42:11: [SM]   [0] PrintToChat
L 10/12/2021 - 03:42:11: [SM]   [1] Line 197, plugin.sp::AttemptInstantDefuse
L 10/12/2021 - 03:42:11: [SM]   [2] Line 104, plugin.sp::Event_BombBeginDefusePlusFrame
L 10/12/2021 - 03:42:39: [SM] Exception reported: Language phrase "InstaDefuseSuccessful" not found (arg 5)
L 10/12/2021 - 03:42:39: [SM] Blaming: retakes-instadefuse.smx
L 10/12/2021 - 03:42:39: [SM] Call stack trace:
L 10/12/2021 - 03:42:39: [SM]   [0] PrintToChat
L 10/12/2021 - 03:42:40: [SM]   [1] Line 197, plugin.sp::AttemptInstantDefuse
L 10/12/2021 - 03:42:40: [SM]   [2] Line 104, plugin.sp::Event_BombBeginDefusePlusFrame
L 10/12/2021 - 03:43:07: [SM] Exception reported: Language phrase "InstaDefuseSuccessful" not found (arg 5)
L 10/12/2021 - 03:43:07: [SM] Blaming: retakes-instadefuse.smx
L 10/12/2021 - 03:43:07: [SM] Call stack trace:
L 10/12/2021 - 03:43:07: [SM]   [0] PrintToChat
L 10/12/2021 - 03:43:07: [SM]   [1] Line 197, plugin.sp::AttemptInstantDefuse
L 10/12/2021 - 03:43:07: [SM]   [2] Line 104, plugin.sp::Event_BombBeginDefusePlusFrame
L 10/12/2021 - 03:43:24: [SM] Exception reported: Language phrase "InstaDefuseSuccessful" not found (arg 5)
L 10/12/2021 - 03:43:24: [SM] Blaming: retakes-instadefuse.smx
L 10/12/2021 - 03:43:24: [SM] Call stack trace:
L 10/12/2021 - 03:43:24: [SM]   [0] PrintToChat
L 10/12/2021 - 03:43:24: [SM]   [1] Line 197, plugin.sp::AttemptInstantDefuse
L 10/12/2021 - 03:43:24: [SM]   [2] Line 104, plugin.sp::Event_BombBeginDefusePlusFrame
L 10/12/2021 - 03:44:35: [SM] Exception reported: Language phrase "InstaDefuseUnsuccessful" not found (arg 5)
L 10/12/2021 - 03:44:35: [SM] Blaming: retakes-instadefuse.smx
L 10/12/2021 - 03:44:35: [SM] Call stack trace:
L 10/12/2021 - 03:44:35: [SM]   [0] PrintToChat
L 10/12/2021 - 03:44:35: [SM]   [1] Line 143, plugin.sp::AttemptInstantDefuse
L 10/12/2021 - 03:44:35: [SM]   [2] Line 104, plugin.sp::Event_BombBeginDefusePlusFrame
L 10/12/2021 - 03:44:35: [SM] Exception reported: Language phrase "InstaDefuseUnsuccessful" not found (arg 5)
L 10/12/2021 - 03:44:35: [SM] Blaming: retakes-instadefuse.smx
L 10/12/2021 - 03:44:35: [SM] Call stack trace:
L 10/12/2021 - 03:44:35: [SM]   [0] PrintToChat
L 10/12/2021 - 03:44:35: [SM]   [1] Line 143, plugin.sp::AttemptInstantDefuse
L 10/12/2021 - 03:44:35: [SM]   [2] Line 104, plugin.sp::Event_BombBeginDefusePlusFrame
L 10/12/2021 - 03:44:35: [SM] Exception reported: Language phrase "InstaDefuseUnsuccessful" not found (arg 5)
L 10/12/2021 - 03:44:35: [SM] Blaming: retakes-instadefuse.smx
L 10/12/2021 - 03:44:35: [SM] Call stack trace:
L 10/12/2021 - 03:44:35: [SM]   [0] PrintToChat
L 10/12/2021 - 03:44:35: [SM]   [1] Line 143, plugin.sp::AttemptInstantDefuse
L 10/12/2021 - 03:44:35: [SM]   [2] Line 104, plugin.sp::Event_BombBeginDefusePlusFrame
L 10/12/2021 - 03:44:35: [SM] Exception reported: Language phrase "InstaDefuseUnsuccessful" not found (arg 5)
L 10/12/2021 - 03:44:35: [SM] Blaming: retakes-instadefuse.smx
L 10/12/2021 - 03:44:35: [SM] Call stack trace:
L 10/12/2021 - 03:44:35: [SM]   [0] PrintToChat
L 10/12/2021 - 03:44:35: [SM]   [1] Line 143, plugin.sp::AttemptInstantDefuse
L 10/12/2021 - 03:44:35: [SM]   [2] Line 104, plugin.sp::Event_BombBeginDefusePlusFrame
L 10/12/2021 - 03:44:36: [SM] Exception reported: Language phrase "InstaDefuseUnsuccessful" not found (arg 5)
L 10/12/2021 - 03:44:36: [SM] Blaming: retakes-instadefuse.smx
L 10/12/2021 - 03:44:36: [SM] Call stack trace:
L 10/12/2021 - 03:44:36: [SM]   [0] PrintToChat
L 10/12/2021 - 03:44:36: [SM]   [1] Line 143, plugin.sp::AttemptInstantDefuse
L 10/12/2021 - 03:44:36: [SM]   [2] Line 104, plugin.sp::Event_BombBeginDefusePlusFrame
L 10/12/2021 - 03:45:11: [SM] Exception reported: Language phrase "InstaDefuseSuccessful" not found (arg 5)
L 10/12/2021 - 03:45:11: [SM] Blaming: retakes-instadefuse.smx
L 10/12/2021 - 03:45:11: [SM] Call stack trace:
L 10/12/2021 - 03:45:11: [SM]   [0] PrintToChat
L 10/12/2021 - 03:45:11: [SM]   [1] Line 197, plugin.sp::AttemptInstantDefuse
L 10/12/2021 - 03:45:11: [SM]   [2] Line 104, plugin.sp::Event_BombBeginDefusePlusFrame
L 10/12/2021 - 03:45:38: [SM] Exception reported: Language phrase "InstaDefuseSuccessful" not found (arg 5)
L 10/12/2021 - 03:45:38: [SM] Blaming: retakes-instadefuse.smx
L 10/12/2021 - 03:45:38: [SM] Call stack trace:
L 10/12/2021 - 03:45:38: [SM]   [0] PrintToChat
L 10/12/2021 - 03:45:38: [SM]   [1] Line 197, plugin.sp::AttemptInstantDefuse
L 10/12/2021 - 03:45:38: [SM]   [2] Line 104, plugin.sp::Event_BombBeginDefusePlusFrame
L 10/12/2021 - 03:45:59: [SM] Exception reported: Language phrase "InstaDefuseSuccessful" not found (arg 5)
L 10/12/2021 - 03:45:59: [SM] Blaming: retakes-instadefuse.smx
L 10/12/2021 - 03:45:59: [SM] Call stack trace:
L 10/12/2021 - 03:45:59: [SM]   [0] PrintToChat
L 10/12/2021 - 03:45:59: [SM]   [1] Line 197, plugin.sp::AttemptInstantDefuse
L 10/12/2021 - 03:45:59: [SM]   [2] Line 104, plugin.sp::Event_BombBeginDefusePlusFrame
L 10/12/2021 - 03:46:39: [SM] Exception reported: Language phrase "InstaDefuseSuccessful" not found (arg 5)
L 10/12/2021 - 03:46:39: [SM] Blaming: retakes-instadefuse.smx
L 10/12/2021 - 03:46:39: [SM] Call stack trace:
L 10/12/2021 - 03:46:39: [SM]   [0] PrintToChat
L 10/12/2021 - 03:46:39: [SM]   [1] Line 197, plugin.sp::AttemptInstantDefuse
L 10/12/2021 - 03:46:39: [SM]   [2] Line 104, plugin.sp::Event_BombBeginDefusePlusFrame
L 10/12/2021 - 03:47:21: [SM] Exception reported: Language phrase "InstaDefuseSuccessful" not found (arg 5)
L 10/12/2021 - 03:47:21: [SM] Blaming: retakes-instadefuse.smx
L 10/12/2021 - 03:47:21: [SM] Call stack trace:
L 10/12/2021 - 03:47:21: [SM]   [0] PrintToChat
L 10/12/2021 - 03:47:21: [SM]   [1] Line 197, plugin.sp::AttemptInstantDefuse
L 10/12/2021 - 03:47:21: [SM]   [2] Line 104, plugin.sp::Event_BombBeginDefusePlusFrame
L 10/12/2021 - 03:49:56: [SM] Exception reported: Language phrase "InstaDefuseSuccessful" not found (arg 5)
L 10/12/2021 - 03:49:56: [SM] Blaming: retakes-instadefuse.smx
L 10/12/2021 - 03:49:56: [SM] Call stack trace:
L 10/12/2021 - 03:49:56: [SM]   [0] PrintToChat
L 10/12/2021 - 03:49:56: [SM]   [1] Line 197, plugin.sp::AttemptInstantDefuse
L 10/12/2021 - 03:49:56: [SM]   [2] Line 104, plugin.sp::Event_BombBeginDefusePlusFrame
L 10/12/2021 - 03:50:24: [SM] Exception reported: Language phrase "InstaDefuseSuccessful" not found (arg 5)
L 10/12/2021 - 03:50:24: [SM] Blaming: retakes-instadefuse.smx
L 10/12/2021 - 03:50:24: [SM] Call stack trace:
L 10/12/2021 - 03:50:24: [SM]   [0] PrintToChat
L 10/12/2021 - 03:50:24: [SM]   [1] Line 197, plugin.sp::AttemptInstantDefuse
L 10/12/2021 - 03:50:24: [SM]   [2] Line 104, plugin.sp::Event_BombBeginDefusePlusFrame
L 10/12/2021 - 03:51:03: [SM] Exception reported: Language phrase "InstaDefuseUnsuccessful" not found (arg 5)
L 10/12/2021 - 03:51:03: [SM] Blaming: retakes-instadefuse.smx
L 10/12/2021 - 03:51:03: [SM] Call stack trace:
L 10/12/2021 - 03:51:03: [SM]   [0] PrintToChat
L 10/12/2021 - 03:51:03: [SM]   [1] Line 143, plugin.sp::AttemptInstantDefuse
L 10/12/2021 - 03:51:03: [SM]   [2] Line 104, plugin.sp::Event_BombBeginDefusePlusFrame
L 10/12/2021 - 03:51:03: [SM] Exception reported: Language phrase "InstaDefuseUnsuccessful" not found (arg 5)
L 10/12/2021 - 03:51:03: [SM] Blaming: retakes-instadefuse.smx
L 10/12/2021 - 03:51:04: [SM] Call stack trace:
L 10/12/2021 - 03:51:04: [SM]   [0] PrintToChat
L 10/12/2021 - 03:51:04: [SM]   [1] Line 143, plugin.sp::AttemptInstantDefuse
L 10/12/2021 - 03:51:04: [SM]   [2] Line 104, plugin.sp::Event_BombBeginDefusePlusFrame
L 10/12/2021 - 03:51:04: [SM] Exception reported: Language phrase "InstaDefuseUnsuccessful" not found (arg 5)
L 10/12/2021 - 03:51:04: [SM] Blaming: retakes-instadefuse.smx
L 10/12/2021 - 03:51:04: [SM] Call stack trace:
L 10/12/2021 - 03:51:04: [SM]   [0] PrintToChat
L 10/12/2021 - 03:51:04: [SM]   [1] Line 143, plugin.sp::AttemptInstantDefuse
L 10/12/2021 - 03:51:04: [SM]   [2] Line 104, plugin.sp::Event_BombBeginDefusePlusFrame
L 10/12/2021 - 03:51:04: [SM] Exception reported: Language phrase "InstaDefuseUnsuccessful" not found (arg 5)
L 10/12/2021 - 03:51:04: [SM] Blaming: retakes-instadefuse.smx
L 10/12/2021 - 03:51:04: [SM] Call stack trace:
L 10/12/2021 - 03:51:04: [SM]   [0] PrintToChat
L 10/12/2021 - 03:51:04: [SM]   [1] Line 143, plugin.sp::AttemptInstantDefuse
L 10/12/2021 - 03:51:04: [SM]   [2] Line 104, plugin.sp::Event_BombBeginDefusePlusFrame
L 10/12/2021 - 03:51:04: [SM] Exception reported: Language phrase "InstaDefuseUnsuccessful" not found (arg 5)
L 10/12/2021 - 03:51:04: [SM] Blaming: retakes-instadefuse.smx
L 10/12/2021 - 03:51:04: [SM] Call stack trace:
L 10/12/2021 - 03:51:04: [SM]   [0] PrintToChat
L 10/12/2021 - 03:51:04: [SM]   [1] Line 143, plugin.sp::AttemptInstantDefuse
L 10/12/2021 - 03:51:04: [SM]   [2] Line 104, plugin.sp::Event_BombBeginDefusePlusFrame
L 10/12/2021 - 03:51:05: [SM] Exception reported: Language phrase "InstaDefuseUnsuccessful" not found (arg 5)
L 10/12/2021 - 03:51:05: [SM] Blaming: retakes-instadefuse.smx
L 10/12/2021 - 03:51:05: [SM] Call stack trace:
L 10/12/2021 - 03:51:05: [SM]   [0] PrintToChat
L 10/12/2021 - 03:51:05: [SM]   [1] Line 143, plugin.sp::AttemptInstantDefuse
L 10/12/2021 - 03:51:05: [SM]   [2] Line 104, plugin.sp::Event_BombBeginDefusePlusFrame
L 10/12/2021 - 03:51:05: [SM] Exception reported: Language phrase "InstaDefuseUnsuccessful" not found (arg 5)
L 10/12/2021 - 03:51:05: [SM] Blaming: retakes-instadefuse.smx
L 10/12/2021 - 03:51:05: [SM] Call stack trace:
L 10/12/2021 - 03:51:05: [SM]   [0] PrintToChat
L 10/12/2021 - 03:51:05: [SM]   [1] Line 143, plugin.sp::AttemptInstantDefuse
L 10/12/2021 - 03:51:05: [SM]   [2] Line 104, plugin.sp::Event_BombBeginDefusePlusFrame
L 10/12/2021 - 03:52:07: [SM] Exception reported: Language phrase "InstaDefuseSuccessful" not found (arg 5)
L 10/12/2021 - 03:52:07: [SM] Blaming: retakes-instadefuse.smx
L 10/12/2021 - 03:52:07: [SM] Call stack trace:
L 10/12/2021 - 03:52:07: [SM]   [0] PrintToChat
L 10/12/2021 - 03:52:07: [SM]   [1] Line 197, plugin.sp::AttemptInstantDefuse
L 10/12/2021 - 03:52:07: [SM]   [2] Line 104, plugin.sp::Event_BombBeginDefusePlusFrame
L 10/12/2021 - 03:52:09: [SM] Exception reported: Language phrase "InstaDefuseSuccessful" not found (arg 5)
L 10/12/2021 - 03:52:09: [SM] Blaming: retakes-instadefuse.smx
L 10/12/2021 - 03:52:09: [SM] Call stack trace:
L 10/12/2021 - 03:52:09: [SM]   [0] PrintToChat
L 10/12/2021 - 03:52:09: [SM]   [1] Line 197, plugin.sp::AttemptInstantDefuse
L 10/12/2021 - 03:52:09: [SM]   [2] Line 104, plugin.sp::Event_BombBeginDefusePlusFrame
L 10/12/2021 - 03:54:11: [SM] Exception reported: Language phrase "LiveNadeSomewhere" not found (arg 5)
L 10/12/2021 - 03:54:11: [SM] Blaming: retakes-instadefuse.smx
L 10/12/2021 - 03:54:11: [SM] Call stack trace:
L 10/12/2021 - 03:54:11: [SM]   [0] PrintToChat
L 10/12/2021 - 03:54:11: [SM]   [1] Line 168, plugin.sp::AttemptInstantDefuse
L 10/12/2021 - 03:54:11: [SM]   [2] Line 104, plugin.sp::Event_BombBeginDefusePlusFrame
L 10/12/2021 - 03:54:13: [SM] Exception reported: Language phrase "InstaDefuseSuccessful" not found (arg 5)
L 10/12/2021 - 03:54:13: [SM] Blaming: retakes-instadefuse.smx
L 10/12/2021 - 03:54:13: [SM] Call stack trace:
L 10/12/2021 - 03:54:13: [SM]   [0] PrintToChat
L 10/12/2021 - 03:54:13: [SM]   [1] Line 197, plugin.sp::AttemptInstantDefuse
L 10/12/2021 - 03:54:13: [SM]   [2] Line 104, plugin.sp::Event_BombBeginDefusePlusFrame
L 10/12/2021 - 03:54:40: [SM] Exception reported: Language phrase "InstaDefuseSuccessful" not found (arg 5)
L 10/12/2021 - 03:54:40: [SM] Blaming: retakes-instadefuse.smx
L 10/12/2021 - 03:54:40: [SM] Call stack trace:
L 10/12/2021 - 03:54:40: [SM]   [0] PrintToChat
L 10/12/2021 - 03:54:40: [SM]   [1] Line 197, plugin.sp::AttemptInstantDefuse
L 10/12/2021 - 03:54:40: [SM]   [2] Line 104, plugin.sp::Event_BombBeginDefusePlusFrame
L 10/12/2021 - 03:55:35: [SM] Exception reported: Language phrase "InstaDefuseSuccessful" not found (arg 5)
L 10/12/2021 - 03:55:35: [SM] Blaming: retakes-instadefuse.smx
L 10/12/2021 - 03:55:35: [SM] Call stack trace:
L 10/12/2021 - 03:55:35: [SM]   [0] PrintToChat
L 10/12/2021 - 03:55:35: [SM]   [1] Line 197, plugin.sp::AttemptInstantDefuse
L 10/12/2021 - 03:55:35: [SM]   [2] Line 104, plugin.sp::Event_BombBeginDefusePlusFrame
L 10/12/2021 - 03:57:16: [SM] Exception reported: Language phrase "InstaDefuseSuccessful" not found (arg 5)
L 10/12/2021 - 03:57:16: [SM] Blaming: retakes-instadefuse.smx
L 10/12/2021 - 03:57:16: [SM] Call stack trace:
L 10/12/2021 - 03:57:16: [SM]   [0] PrintToChat
L 10/12/2021 - 03:57:16: [SM]   [1] Line 197, plugin.sp::AttemptInstantDefuse
L 10/12/2021 - 03:57:16: [SM]   [2] Line 104, plugin.sp::Event_BombBeginDefusePlusFrame
L 10/12/2021 - 03:58:02: [SM] Exception reported: Language phrase "InstaDefuseSuccessful" not found (arg 5)
L 10/12/2021 - 03:58:02: [SM] Blaming: retakes-instadefuse.smx
L 10/12/2021 - 03:58:02: [SM] Call stack trace:
L 10/12/2021 - 03:58:03: [SM]   [0] PrintToChat
L 10/12/2021 - 03:58:03: [SM]   [1] Line 197, plugin.sp::AttemptInstantDefuse
L 10/12/2021 - 03:58:03: [SM]   [2] Line 104, plugin.sp::Event_BombBeginDefusePlusFrame
L 10/12/2021 - 03:58:26: [SM] Exception reported: Language phrase "InstaDefuseSuccessful" not found (arg 5)
L 10/12/2021 - 03:58:26: [SM] Blaming: retakes-instadefuse.smx
L 10/12/2021 - 03:58:26: [SM] Call stack trace:
L 10/12/2021 - 03:58:26: [SM]   [0] PrintToChat
L 10/12/2021 - 03:58:26: [SM]   [1] Line 197, plugin.sp::AttemptInstantDefuse
L 10/12/2021 - 03:58:26: [SM]   [2] Line 104, plugin.sp::Event_BombBeginDefusePlusFrame
L 10/12/2021 - 03:58:39: [SM] Exception reported: Language phrase "InstaDefuseSuccessful" not found (arg 5)
L 10/12/2021 - 03:58:39: [SM] Blaming: retakes-instadefuse.smx
L 10/12/2021 - 03:58:39: [SM] Call stack trace:
L 10/12/2021 - 03:58:39: [SM]   [0] PrintToChat
L 10/12/2021 - 03:58:39: [SM]   [1] Line 197, plugin.sp::AttemptInstantDefuse
L 10/12/2021 - 03:58:39: [SM]   [2] Line 104, plugin.sp::Event_BombBeginDefusePlusFrame
L 10/12/2021 - 03:59:18: [SM] Exception reported: Language phrase "InstaDefuseUnsuccessful" not found (arg 5)
L 10/12/2021 - 03:59:18: [SM] Blaming: retakes-instadefuse.smx
L 10/12/2021 - 03:59:18: [SM] Call stack trace:
L 10/12/2021 - 03:59:18: [SM]   [0] PrintToChat
L 10/12/2021 - 03:59:18: [SM]   [1] Line 143, plugin.sp::AttemptInstantDefuse
L 10/12/2021 - 03:59:18: [SM]   [2] Line 104, plugin.sp::Event_BombBeginDefusePlusFrame
L 10/12/2021 - 03:59:18: [SM] Exception reported: Language phrase "InstaDefuseUnsuccessful" not found (arg 5)
L 10/12/2021 - 03:59:18: [SM] Blaming: retakes-instadefuse.smx
L 10/12/2021 - 03:59:18: [SM] Call stack trace:
L 10/12/2021 - 03:59:18: [SM]   [0] PrintToChat
L 10/12/2021 - 03:59:18: [SM]   [1] Line 143, plugin.sp::AttemptInstantDefuse
L 10/12/2021 - 03:59:18: [SM]   [2] Line 104, plugin.sp::Event_BombBeginDefusePlusFrame
L 10/12/2021 - 03:59:18: [SM] Exception reported: Language phrase "InstaDefuseUnsuccessful" not found (arg 5)
L 10/12/2021 - 03:59:18: [SM] Blaming: retakes-instadefuse.smx
L 10/12/2021 - 03:59:18: [SM] Call stack trace:
L 10/12/2021 - 03:59:18: [SM]   [0] PrintToChat
L 10/12/2021 - 03:59:18: [SM]   [1] Line 143, plugin.sp::AttemptInstantDefuse
L 10/12/2021 - 03:59:18: [SM]   [2] Line 104, plugin.sp::Event_BombBeginDefusePlusFrame
L 10/12/2021 - 03:59:18: [SM] Exception reported: Language phrase "InstaDefuseUnsuccessful" not found (arg 5)
L 10/12/2021 - 03:59:18: [SM] Blaming: retakes-instadefuse.smx
L 10/12/2021 - 03:59:18: [SM] Call stack trace:
L 10/12/2021 - 03:59:18: [SM]   [0] PrintToChat
L 10/12/2021 - 03:59:18: [SM]   [1] Line 143, plugin.sp::AttemptInstantDefuse
L 10/12/2021 - 03:59:18: [SM]   [2] Line 104, plugin.sp::Event_BombBeginDefusePlusFrame
L 10/12/2021 - 03:59:18: [SM] Exception reported: Language phrase "InstaDefuseUnsuccessful" not found (arg 5)
L 10/12/2021 - 03:59:18: [SM] Blaming: retakes-instadefuse.smx
L 10/12/2021 - 03:59:18: [SM] Call stack trace:
L 10/12/2021 - 03:59:18: [SM]   [0] PrintToChat
L 10/12/2021 - 03:59:18: [SM]   [1] Line 143, plugin.sp::AttemptInstantDefuse
L 10/12/2021 - 03:59:18: [SM]   [2] Line 104, plugin.sp::Event_BombBeginDefusePlusFrame
L 10/12/2021 - 03:59:19: [SM] Exception reported: Language phrase "InstaDefuseUnsuccessful" not found (arg 5)
L 10/12/2021 - 03:59:19: [SM] Blaming: retakes-instadefuse.smx
L 10/12/2021 - 03:59:19: [SM] Call stack trace:
L 10/12/2021 - 03:59:19: [SM]   [0] PrintToChat
L 10/12/2021 - 03:59:19: [SM]   [1] Line 143, plugin.sp::AttemptInstantDefuse
L 10/12/2021 - 03:59:19: [SM]   [2] Line 104, plugin.sp::Event_BombBeginDefusePlusFrame
L 10/12/2021 - 03:59:19: [SM] Exception reported: Language phrase "InstaDefuseUnsuccessful" not found (arg 5)
L 10/12/2021 - 03:59:19: [SM] Blaming: retakes-instadefuse.smx
L 10/12/2021 - 03:59:19: [SM] Call stack trace:
L 10/12/2021 - 03:59:19: [SM]   [0] PrintToChat
L 10/12/2021 - 03:59:19: [SM]   [1] Line 143, plugin.sp::AttemptInstantDefuse
L 10/12/2021 - 03:59:19: [SM]   [2] Line 104, plugin.sp::Event_BombBeginDefusePlusFrame
L 10/12/2021 - 03:59:19: [SM] Exception reported: Language phrase "InstaDefuseUnsuccessful" not found (arg 5)
L 10/12/2021 - 03:59:19: [SM] Blaming: retakes-instadefuse.smx
L 10/12/2021 - 03:59:19: [SM] Call stack trace:
L 10/12/2021 - 03:59:19: [SM]   [0] PrintToChat
L 10/12/2021 - 03:59:19: [SM]   [1] Line 143, plugin.sp::AttemptInstantDefuse
L 10/12/2021 - 03:59:19: [SM]   [2] Line 104, plugin.sp::Event_BombBeginDefusePlusFrame
L 10/12/2021 - 04:00:15: [SM] Exception reported: Language phrase "InstaDefuseUnsuccessful" not found (arg 5)
L 10/12/2021 - 04:00:15: [SM] Blaming: retakes-instadefuse.smx
L 10/12/2021 - 04:00:15: [SM] Call stack trace:
L 10/12/2021 - 04:00:15: [SM]   [0] PrintToChat
L 10/12/2021 - 04:00:15: [SM]   [1] Line 143, plugin.sp::AttemptInstantDefuse
L 10/12/2021 - 04:00:15: [SM]   [2] Line 104, plugin.sp::Event_BombBeginDefusePlusFrame
L 10/12/2021 - 04:00:15: [SM] Exception reported: Language phrase "InstaDefuseUnsuccessful" not found (arg 5)
L 10/12/2021 - 04:00:15: [SM] Blaming: retakes-instadefuse.smx
L 10/12/2021 - 04:00:15: [SM] Call stack trace:
L 10/12/2021 - 04:00:15: [SM]   [0] PrintToChat
L 10/12/2021 - 04:00:15: [SM]   [1] Line 143, plugin.sp::AttemptInstantDefuse
L 10/12/2021 - 04:00:15: [SM]   [2] Line 104, plugin.sp::Event_BombBeginDefusePlusFrame
L 10/12/2021 - 04:00:15: [SM] Exception reported: Language phrase "InstaDefuseUnsuccessful" not found (arg 5)
L 10/12/2021 - 04:00:15: [SM] Blaming: retakes-instadefuse.smx
L 10/12/2021 - 04:00:15: [SM] Call stack trace:
L 10/12/2021 - 04:00:16: [SM]   [0] PrintToChat
L 10/12/2021 - 04:00:16: [SM]   [1] Line 143, plugin.sp::AttemptInstantDefuse
L 10/12/2021 - 04:00:16: [SM]   [2] Line 104, plugin.sp::Event_BombBeginDefusePlusFrame
L 10/12/2021 - 04:00:49: [SM] Exception reported: Language phrase "InstaDefuseUnsuccessful" not found (arg 5)
L 10/12/2021 - 04:00:49: [SM] Blaming: retakes-instadefuse.smx
L 10/12/2021 - 04:00:49: [SM] Call stack trace:
L 10/12/2021 - 04:00:49: [SM]   [0] PrintToChat
L 10/12/2021 - 04:00:49: [SM]   [1] Line 143, plugin.sp::AttemptInstantDefuse
L 10/12/2021 - 04:00:49: [SM]   [2] Line 104, plugin.sp::Event_BombBeginDefusePlusFrame
L 10/12/2021 - 04:01:08: [SM] Exception reported: Language phrase "InstaDefuseSuccessful" not found (arg 5)
L 10/12/2021 - 04:01:08: [SM] Blaming: retakes-instadefuse.smx
L 10/12/2021 - 04:01:08: [SM] Call stack trace:
L 10/12/2021 - 04:01:08: [SM]   [0] PrintToChat
L 10/12/2021 - 04:01:08: [SM]   [1] Line 197, plugin.sp::AttemptInstantDefuse
L 10/12/2021 - 04:01:08: [SM]   [2] Line 104, plugin.sp::Event_BombBeginDefusePlusFrame
L 10/12/2021 - 04:01:57: [SM] Exception reported: Language phrase "InstaDefuseSuccessful" not found (arg 5)
L 10/12/2021 - 04:01:57: [SM] Blaming: retakes-instadefuse.smx
L 10/12/2021 - 04:01:57: [SM] Call stack trace:
L 10/12/2021 - 04:01:57: [SM]   [0] PrintToChat
L 10/12/2021 - 04:01:57: [SM]   [1] Line 197, plugin.sp::AttemptInstantDefuse
L 10/12/2021 - 04:01:57: [SM]   [2] Line 104, plugin.sp::Event_BombBeginDefusePlusFrame
L 10/12/2021 - 04:02:30: [SM] Exception reported: Language phrase "InstaDefuseSuccessful" not found (arg 5)
L 10/12/2021 - 04:02:30: [SM] Blaming: retakes-instadefuse.smx
L 10/12/2021 - 04:02:30: [SM] Call stack trace:
L 10/12/2021 - 04:02:30: [SM]   [0] PrintToChat
L 10/12/2021 - 04:02:30: [SM]   [1] Line 197, plugin.sp::AttemptInstantDefuse
L 10/12/2021 - 04:02:30: [SM]   [2] Line 104, plugin.sp::Event_BombBeginDefusePlusFrame
L 10/12/2021 - 04:03:03: [SM] Exception reported: Language phrase "InstaDefuseSuccessful" not found (arg 5)
L 10/12/2021 - 04:03:03: [SM] Blaming: retakes-instadefuse.smx
L 10/12/2021 - 04:03:03: [SM] Call stack trace:
L 10/12/2021 - 04:03:03: [SM]   [0] PrintToChat
L 10/12/2021 - 04:03:03: [SM]   [1] Line 197, plugin.sp::AttemptInstantDefuse
L 10/12/2021 - 04:03:03: [SM]   [2] Line 104, plugin.sp::Event_BombBeginDefusePlusFrame
L 10/12/2021 - 04:03:16: [SM] Exception reported: Language phrase "InstaDefuseSuccessful" not found (arg 5)
L 10/12/2021 - 04:03:16: [SM] Blaming: retakes-instadefuse.smx
L 10/12/2021 - 04:03:16: [SM] Call stack trace:
L 10/12/2021 - 04:03:16: [SM]   [0] PrintToChat
L 10/12/2021 - 04:03:16: [SM]   [1] Line 197, plugin.sp::AttemptInstantDefuse
L 10/12/2021 - 04:03:16: [SM]   [2] Line 104, plugin.sp::Event_BombBeginDefusePlusFrame
L 10/12/2021 - 04:03:34: [SM] Exception reported: Language phrase "InstaDefuseSuccessful" not found (arg 5)
L 10/12/2021 - 04:03:34: [SM] Blaming: retakes-instadefuse.smx
L 10/12/2021 - 04:03:34: [SM] Call stack trace:
L 10/12/2021 - 04:03:34: [SM]   [0] PrintToChat
L 10/12/2021 - 04:03:34: [SM]   [1] Line 197, plugin.sp::AttemptInstantDefuse
L 10/12/2021 - 04:03:34: [SM]   [2] Line 104, plugin.sp::Event_BombBeginDefusePlusFrame
L 10/12/2021 - 04:03:50: [SM] Exception reported: Language phrase "InstaDefuseSuccessful" not found (arg 5)
L 10/12/2021 - 04:03:50: [SM] Blaming: retakes-instadefuse.smx
L 10/12/2021 - 04:03:50: [SM] Call stack trace:
L 10/12/2021 - 04:03:50: [SM]   [0] PrintToChat
L 10/12/2021 - 04:03:50: [SM]   [1] Line 197, plugin.sp::AttemptInstantDefuse
L 10/12/2021 - 04:03:50: [SM]   [2] Line 104, plugin.sp::Event_BombBeginDefusePlusFrame
L 10/12/2021 - 04:03:51: [SM] Exception reported: Language phrase "InstaDefuseSuccessful" not found (arg 5)
L 10/12/2021 - 04:03:51: [SM] Blaming: retakes-instadefuse.smx
L 10/12/2021 - 04:03:51: [SM] Call stack trace:
L 10/12/2021 - 04:03:51: [SM]   [0] PrintToChat
L 10/12/2021 - 04:03:51: [SM]   [1] Line 197, plugin.sp::AttemptInstantDefuse
L 10/12/2021 - 04:03:51: [SM]   [2] Line 104, plugin.sp::Event_BombBeginDefusePlusFrame
L 10/12/2021 - 04:03:51: [SM] Exception reported: Language phrase "InstaDefuseSuccessful" not found (arg 5)
L 10/12/2021 - 04:03:51: [SM] Blaming: retakes-instadefuse.smx
L 10/12/2021 - 04:03:51: [SM] Call stack trace:
L 10/12/2021 - 04:03:51: [SM]   [0] PrintToChat
L 10/12/2021 - 04:03:51: [SM]   [1] Line 197, plugin.sp::AttemptInstantDefuse
L 10/12/2021 - 04:03:51: [SM]   [2] Line 104, plugin.sp::Event_BombBeginDefusePlusFrame
L 10/12/2021 - 04:04:18: [SM] Exception reported: Language phrase "InstaDefuseSuccessful" not found (arg 5)
L 10/12/2021 - 04:04:18: [SM] Blaming: retakes-instadefuse.smx
L 10/12/2021 - 04:04:18: [SM] Call stack trace:
L 10/12/2021 - 04:04:18: [SM]   [0] PrintToChat
L 10/12/2021 - 04:04:18: [SM]   [1] Line 197, plugin.sp::AttemptInstantDefuse
L 10/12/2021 - 04:04:18: [SM]   [2] Line 104, plugin.sp::Event_BombBeginDefusePlusFrame
L 10/12/2021 - 04:04:39: [SM] Exception reported: Language phrase "InstaDefuseSuccessful" not found (arg 5)
L 10/12/2021 - 04:04:39: [SM] Blaming: retakes-instadefuse.smx
L 10/12/2021 - 04:04:39: [SM] Call stack trace:
L 10/12/2021 - 04:04:39: [SM]   [0] PrintToChat
L 10/12/2021 - 04:04:39: [SM]   [1] Line 197, plugin.sp::AttemptInstantDefuse
L 10/12/2021 - 04:04:39: [SM]   [2] Line 104, plugin.sp::Event_BombBeginDefusePlusFrame
L 10/12/2021 - 04:05:01: [SM] Exception reported: Language phrase "InstaDefuseSuccessful" not found (arg 5)
L 10/12/2021 - 04:05:01: [SM] Blaming: retakes-instadefuse.smx
L 10/12/2021 - 04:05:01: [SM] Call stack trace:
L 10/12/2021 - 04:05:01: [SM]   [0] PrintToChat
L 10/12/2021 - 04:05:01: [SM]   [1] Line 197, plugin.sp::AttemptInstantDefuse
L 10/12/2021 - 04:05:01: [SM]   [2] Line 104, plugin.sp::Event_BombBeginDefusePlusFrame
L 10/12/2021 - 04:05:19: [SM] Exception reported: Language phrase "InstaDefuseSuccessful" not found (arg 5)
L 10/12/2021 - 04:05:19: [SM] Blaming: retakes-instadefuse.smx
L 10/12/2021 - 04:05:19: [SM] Call stack trace:
L 10/12/2021 - 04:05:19: [SM]   [0] PrintToChat
L 10/12/2021 - 04:05:19: [SM]   [1] Line 197, plugin.sp::AttemptInstantDefuse
L 10/12/2021 - 04:05:19: [SM]   [2] Line 104, plugin.sp::Event_BombBeginDefusePlusFrame
L 10/12/2021 - 04:05:34: [SM] Exception reported: Language phrase "InstaDefuseSuccessful" not found (arg 5)
L 10/12/2021 - 04:05:34: [SM] Blaming: retakes-instadefuse.smx
L 10/12/2021 - 04:05:34: [SM] Call stack trace:
L 10/12/2021 - 04:05:34: [SM]   [0] PrintToChat
L 10/12/2021 - 04:05:34: [SM]   [1] Line 197, plugin.sp::AttemptInstantDefuse
L 10/12/2021 - 04:05:34: [SM]   [2] Line 104, plugin.sp::Event_BombBeginDefusePlusFrame
L 10/12/2021 - 04:05:52: [SM] Exception reported: Language phrase "InstaDefuseSuccessful" not found (arg 5)
L 10/12/2021 - 04:05:52: [SM] Blaming: retakes-instadefuse.smx
L 10/12/2021 - 04:05:52: [SM] Call stack trace:
L 10/12/2021 - 04:05:52: [SM]   [0] PrintToChat
L 10/12/2021 - 04:05:52: [SM]   [1] Line 197, plugin.sp::AttemptInstantDefuse
L 10/12/2021 - 04:05:52: [SM]   [2] Line 104, plugin.sp::Event_BombBeginDefusePlusFrame
L 10/12/2021 - 04:06:12: [SM] Exception reported: Language phrase "InstaDefuseSuccessful" not found (arg 5)
L 10/12/2021 - 04:06:12: [SM] Blaming: retakes-instadefuse.smx
L 10/12/2021 - 04:06:12: [SM] Call stack trace:
L 10/12/2021 - 04:06:12: [SM]   [0] PrintToChat
L 10/12/2021 - 04:06:12: [SM]   [1] Line 197, plugin.sp::AttemptInstantDefuse
L 10/12/2021 - 04:06:12: [SM]   [2] Line 104, plugin.sp::Event_BombBeginDefusePlusFrame
L 10/12/2021 - 04:07:09: [SM] Exception reported: Language phrase "InstaDefuseSuccessful" not found (arg 5)
L 10/12/2021 - 04:07:09: [SM] Blaming: retakes-instadefuse.smx
L 10/12/2021 - 04:07:09: [SM] Call stack trace:
L 10/12/2021 - 04:07:09: [SM]   [0] PrintToChat
L 10/12/2021 - 04:07:09: [SM]   [1] Line 197, plugin.sp::AttemptInstantDefuse
L 10/12/2021 - 04:07:09: [SM]   [2] Line 104, plugin.sp::Event_BombBeginDefusePlusFrame
L 10/12/2021 - 04:08:04: [SM] Exception reported: Language phrase "InstaDefuseSuccessful" not found (arg 5)
L 10/12/2021 - 04:08:04: [SM] Blaming: retakes-instadefuse.smx
L 10/12/2021 - 04:08:04: [SM] Call stack trace:
L 10/12/2021 - 04:08:04: [SM]   [0] PrintToChat
L 10/12/2021 - 04:08:04: [SM]   [1] Line 197, plugin.sp::AttemptInstantDefuse
L 10/12/2021 - 04:08:04: [SM]   [2] Line 104, plugin.sp::Event_BombBeginDefusePlusFrame
L 10/12/2021 - 04:08:19: [SM] Exception reported: Language phrase "InstaDefuseSuccessful" not found (arg 5)
L 10/12/2021 - 04:08:19: [SM] Blaming: retakes-instadefuse.smx
L 10/12/2021 - 04:08:19: [SM] Call stack trace:
L 10/12/2021 - 04:08:19: [SM]   [0] PrintToChat
L 10/12/2021 - 04:08:19: [SM]   [1] Line 197, plugin.sp::AttemptInstantDefuse
L 10/12/2021 - 04:08:19: [SM]   [2] Line 104, plugin.sp::Event_BombBeginDefusePlusFrame
L 10/12/2021 - 04:08:36: [SM] Exception reported: Language phrase "InstaDefuseSuccessful" not found (arg 5)
L 10/12/2021 - 04:08:36: [SM] Blaming: retakes-instadefuse.smx
L 10/12/2021 - 04:08:36: [SM] Call stack trace:
L 10/12/2021 - 04:08:36: [SM]   [0] PrintToChat
L 10/12/2021 - 04:08:36: [SM]   [1] Line 197, plugin.sp::AttemptInstantDefuse
L 10/12/2021 - 04:08:36: [SM]   [2] Line 104, plugin.sp::Event_BombBeginDefusePlusFrame
L 10/12/2021 - 04:09:37: [SM] Exception reported: Language phrase "InstaDefuseSuccessful" not found (arg 5)
L 10/12/2021 - 04:09:37: [SM] Blaming: retakes-instadefuse.smx
L 10/12/2021 - 04:09:37: [SM] Call stack trace:
L 10/12/2021 - 04:09:37: [SM]   [0] PrintToChat
L 10/12/2021 - 04:09:37: [SM]   [1] Line 197, plugin.sp::AttemptInstantDefuse
L 10/12/2021 - 04:09:37: [SM]   [2] Line 104, plugin.sp::Event_BombBeginDefusePlusFrame
L 10/12/2021 - 04:09:59: [SM] Exception reported: Language phrase "LiveNadeSomewhere" not found (arg 5)
L 10/12/2021 - 04:09:59: [SM] Blaming: retakes-instadefuse.smx
L 10/12/2021 - 04:09:59: [SM] Call stack trace:
L 10/12/2021 - 04:09:59: [SM]   [0] PrintToChat
L 10/12/2021 - 04:09:59: [SM]   [1] Line 168, plugin.sp::AttemptInstantDefuse
L 10/12/2021 - 04:09:59: [SM]   [2] Line 104, plugin.sp::Event_BombBeginDefusePlusFrame
L 10/12/2021 - 04:10:16: [SM] Exception reported: Language phrase "InstaDefuseSuccessful" not found (arg 5)
L 10/12/2021 - 04:10:16: [SM] Blaming: retakes-instadefuse.smx
L 10/12/2021 - 04:10:16: [SM] Call stack trace:
L 10/12/2021 - 04:10:16: [SM]   [0] PrintToChat
L 10/12/2021 - 04:10:16: [SM]   [1] Line 197, plugin.sp::AttemptInstantDefuse
L 10/12/2021 - 04:10:16: [SM]   [2] Line 104, plugin.sp::Event_BombBeginDefusePlusFrame
L 10/12/2021 - 04:10:35: [SM] Exception reported: Language phrase "InstaDefuseSuccessful" not found (arg 5)
L 10/12/2021 - 04:10:35: [SM] Blaming: retakes-instadefuse.smx
L 10/12/2021 - 04:10:35: [SM] Call stack trace:
L 10/12/2021 - 04:10:35: [SM]   [0] PrintToChat
L 10/12/2021 - 04:10:35: [SM]   [1] Line 197, plugin.sp::AttemptInstantDefuse
L 10/12/2021 - 04:10:35: [SM]   [2] Line 104, plugin.sp::Event_BombBeginDefusePlusFrame
L 10/12/2021 - 04:11:03: [SM] Exception reported: Language phrase "InstaDefuseSuccessful" not found (arg 5)
L 10/12/2021 - 04:11:03: [SM] Blaming: retakes-instadefuse.smx
L 10/12/2021 - 04:11:03: [SM] Call stack trace:
L 10/12/2021 - 04:11:03: [SM]   [0] PrintToChat
L 10/12/2021 - 04:11:03: [SM]   [1] Line 197, plugin.sp::AttemptInstantDefuse
L 10/12/2021 - 04:11:03: [SM]   [2] Line 104, plugin.sp::Event_BombBeginDefusePlusFrame
L 10/12/2021 - 04:11:28: [SM] Exception reported: Language phrase "InstaDefuseSuccessful" not found (arg 5)
L 10/12/2021 - 04:11:28: [SM] Blaming: retakes-instadefuse.smx
L 10/12/2021 - 04:11:28: [SM] Call stack trace:
L 10/12/2021 - 04:11:28: [SM]   [0] PrintToChat
L 10/12/2021 - 04:11:28: [SM]   [1] Line 197, plugin.sp::AttemptInstantDefuse
L 10/12/2021 - 04:11:28: [SM]   [2] Line 104, plugin.sp::Event_BombBeginDefusePlusFrame
