L 09/21/2021 - 21:05:49: SourceMod error session started
L 09/21/2021 - 21:05:49: Info (map "de_dust2") (file "E:\retake\csgoserver\csgo\addons\sourcemod\logs\errors_20210921.log")
L 09/21/2021 - 21:05:49: [SM] Unable to load plugin "bot_inventory.smx": Native "eItems_AreItemsSynced" was not found
L 09/21/2021 - 21:05:49: [SM] Unable to load plugin "bot_stuff.smx": Could not find required plugin "navmesh"
L 09/21/2021 - 21:05:53: [SM] Fatal error encountered parsing translation file "ranks_matchmaking.phrases.txt"
L 09/21/2021 - 21:05:53: [SM] Error (line 0, column 0): Stream failed to open
L 09/21/2021 - 21:05:53: [SM] Fatal error encountered parsing translation file "instadefuse.phrases.txt"
L 09/21/2021 - 21:05:53: [SM] Error (line 0, column 0): Stream failed to open
L 09/21/2021 - 21:06:15: [SM] Exception reported: Language phrase "Unranked" not found (arg 5)
L 09/21/2021 - 21:06:15: [SM] Blaming: ranks_matchmaking.smx
L 09/21/2021 - 21:06:15: [SM] Call stack trace:
L 09/21/2021 - 21:06:15: [SM]   [0] FormatEx
L 09/21/2021 - 21:06:15: [SM]   [1] Line 174, ranks_matchmaking.sp::GetRanksNames
L 09/21/2021 - 21:06:15: [SM]   [2] Line 169, ranks_matchmaking.sp::OnMapStart
L 09/21/2021 - 21:12:20: SourceMod error session started
L 09/21/2021 - 21:12:20: Info (map "de_mirage") (file "e:\retake\csgoserver\csgo\addons\sourcemod\logs\errors_20210921.log")
L 09/21/2021 - 21:12:20: [SM] Exception reported: Failed to create SDKCall for CCSBot::IsAtHidingSpot signature!
L 09/21/2021 - 21:12:20: [SM] Blaming: bot_improver.smx
L 09/21/2021 - 21:12:20: [SM] Call stack trace:
L 09/21/2021 - 21:12:20: [SM]   [0] SetFailState
L 09/21/2021 - 21:12:20: [SM]   [1] Line 116, plugin.sp::OnPluginStart
L 09/21/2021 - 21:12:20: [SM] Unable to load plugin "bot_improver.smx": Error detected in plugin startup (see error logs)
L 09/21/2021 - 21:12:20: [SM] Unable to load plugin "bot_inventory.smx": Native "eItems_AreItemsSynced" was not found
L 09/21/2021 - 21:12:20: [SM] Unable to load plugin "bot_stuff.smx": Could not find required plugin "navmesh"
L 09/21/2021 - 21:12:20: [SM] Fatal error encountered parsing translation file "ranks_matchmaking.phrases.txt"
L 09/21/2021 - 21:12:20: [SM] Error (line 0, column 0): Stream failed to open
L 09/21/2021 - 21:12:20: [SM] Fatal error encountered parsing translation file "instadefuse.phrases.txt"
L 09/21/2021 - 21:12:20: [SM] Error (line 0, column 0): Stream failed to open
L 09/21/2021 - 21:12:30: [SM] Exception reported: Language phrase "Unranked" not found (arg 5)
L 09/21/2021 - 21:12:30: [SM] Blaming: ranks_matchmaking.smx
L 09/21/2021 - 21:12:30: [SM] Call stack trace:
L 09/21/2021 - 21:12:30: [SM]   [0] FormatEx
L 09/21/2021 - 21:12:30: [SM]   [1] Line 174, ranks_matchmaking.sp::GetRanksNames
L 09/21/2021 - 21:12:30: [SM]   [2] Line 169, ranks_matchmaking.sp::OnMapStart
L 09/21/2021 - 21:13:17: SourceMod error session started
L 09/21/2021 - 21:13:17: Info (map "de_mirage") (file "e:\retake\csgoserver\csgo\addons\sourcemod\logs\errors_20210921.log")
L 09/21/2021 - 21:13:17: [SM] Exception reported: Failed to create SDKCall for CCSBot::IsAtHidingSpot signature!
L 09/21/2021 - 21:13:17: [SM] Blaming: bot_improver.smx
L 09/21/2021 - 21:13:17: [SM] Call stack trace:
L 09/21/2021 - 21:13:17: [SM]   [0] SetFailState
L 09/21/2021 - 21:13:17: [SM]   [1] Line 116, plugin.sp::OnPluginStart
L 09/21/2021 - 21:13:17: [SM] Unable to load plugin "bot_improver.smx": Error detected in plugin startup (see error logs)
L 09/21/2021 - 21:13:17: [SM] Unable to load plugin "bot_inventory.smx": Native "eItems_AreItemsSynced" was not found
L 09/21/2021 - 21:13:17: [SM] Unable to load plugin "bot_stuff.smx": Could not find required plugin "navmesh"
L 09/21/2021 - 21:13:17: [SM] Fatal error encountered parsing translation file "ranks_matchmaking.phrases.txt"
L 09/21/2021 - 21:13:17: [SM] Error (line 0, column 0): Stream failed to open
L 09/21/2021 - 21:13:17: [SM] Fatal error encountered parsing translation file "instadefuse.phrases.txt"
L 09/21/2021 - 21:13:17: [SM] Error (line 0, column 0): Stream failed to open
L 09/21/2021 - 21:13:20: [SM] Exception reported: Language phrase "Unranked" not found (arg 5)
L 09/21/2021 - 21:13:20: [SM] Blaming: ranks_matchmaking.smx
L 09/21/2021 - 21:13:20: [SM] Call stack trace:
L 09/21/2021 - 21:13:20: [SM]   [0] FormatEx
L 09/21/2021 - 21:13:20: [SM]   [1] Line 174, ranks_matchmaking.sp::GetRanksNames
L 09/21/2021 - 21:13:20: [SM]   [2] Line 169, ranks_matchmaking.sp::OnMapStart
L 09/21/2021 - 22:22:00: SourceMod error session started
L 09/21/2021 - 22:22:00: Info (map "de_dust2") (file "E:\retake\csgoserver\csgo\addons\sourcemod\logs\errors_20210921.log")
L 09/21/2021 - 22:22:00: [SM] Exception reported: Failed to create SDKCall for CCSBot::IsAtHidingSpot signature!
L 09/21/2021 - 22:22:00: [SM] Blaming: bot_improver.smx
L 09/21/2021 - 22:22:00: [SM] Call stack trace:
L 09/21/2021 - 22:22:00: [SM]   [0] SetFailState
L 09/21/2021 - 22:22:00: [SM]   [1] Line 116, plugin.sp::OnPluginStart
L 09/21/2021 - 22:22:00: [SM] Unable to load plugin "bot_improver.smx": Error detected in plugin startup (see error logs)
L 09/21/2021 - 22:22:00: [SM] Unable to load plugin "bot_inventory.smx": Native "eItems_AreItemsSynced" was not found
L 09/21/2021 - 22:22:00: [SM] Unable to load plugin "bot_stuff.smx": Could not find required plugin "navmesh"
L 09/21/2021 - 22:22:00: [SM] Fatal error encountered parsing translation file "ranks_matchmaking.phrases.txt"
L 09/21/2021 - 22:22:00: [SM] Error (line 0, column 0): Stream failed to open
L 09/21/2021 - 22:22:00: [SM] Fatal error encountered parsing translation file "instadefuse.phrases.txt"
L 09/21/2021 - 22:22:00: [SM] Error (line 0, column 0): Stream failed to open
L 09/21/2021 - 22:22:07: [SM] Exception reported: Language phrase "Unranked" not found (arg 5)
L 09/21/2021 - 22:22:07: [SM] Blaming: ranks_matchmaking.smx
L 09/21/2021 - 22:22:07: [SM] Call stack trace:
L 09/21/2021 - 22:22:07: [SM]   [0] FormatEx
L 09/21/2021 - 22:22:07: [SM]   [1] Line 174, ranks_matchmaking.sp::GetRanksNames
L 09/21/2021 - 22:22:07: [SM]   [2] Line 169, ranks_matchmaking.sp::OnMapStart
L 09/21/2021 - 23:53:29: SourceMod error session started
L 09/21/2021 - 23:53:29: Info (map "de_dust2") (file "E:\retake\csgoserver\csgo\addons\sourcemod\logs\errors_20210921.log")
L 09/21/2021 - 23:53:29: [SM] Exception reported: Failed to create SDKCall for CCSBot::IsAtHidingSpot signature!
L 09/21/2021 - 23:53:29: [SM] Blaming: bot_improver.smx
L 09/21/2021 - 23:53:29: [SM] Call stack trace:
L 09/21/2021 - 23:53:29: [SM]   [0] SetFailState
L 09/21/2021 - 23:53:29: [SM]   [1] Line 116, plugin.sp::OnPluginStart
L 09/21/2021 - 23:53:29: [SM] Unable to load plugin "bot_improver.smx": Error detected in plugin startup (see error logs)
L 09/21/2021 - 23:53:29: [SM] Unable to load plugin "bot_inventory.smx": Native "eItems_AreItemsSynced" was not found
L 09/21/2021 - 23:53:29: [SM] Unable to load plugin "bot_stuff.smx": Could not find required plugin "navmesh"
L 09/21/2021 - 23:53:29: [SM] Fatal error encountered parsing translation file "ranks_matchmaking.phrases.txt"
L 09/21/2021 - 23:53:29: [SM] Error (line 0, column 0): Stream failed to open
L 09/21/2021 - 23:53:29: [SM] Fatal error encountered parsing translation file "instadefuse.phrases.txt"
L 09/21/2021 - 23:53:29: [SM] Error (line 0, column 0): Stream failed to open
L 09/21/2021 - 23:53:32: [SM] Exception reported: Language phrase "Unranked" not found (arg 5)
L 09/21/2021 - 23:53:32: [SM] Blaming: ranks_matchmaking.smx
L 09/21/2021 - 23:53:32: [SM] Call stack trace:
L 09/21/2021 - 23:53:32: [SM]   [0] FormatEx
L 09/21/2021 - 23:53:32: [SM]   [1] Line 174, ranks_matchmaking.sp::GetRanksNames
L 09/21/2021 - 23:53:32: [SM]   [2] Line 169, ranks_matchmaking.sp::OnMapStart
L 09/21/2021 - 23:59:01: SourceMod error session started
L 09/21/2021 - 23:59:01: Info (map "de_dust2") (file "E:\retake\csgoserver\csgo\addons\sourcemod\logs\errors_20210921.log")
L 09/21/2021 - 23:59:01: [SM] Exception reported: Failed to create SDKCall for CCSBot::IsAtHidingSpot signature!
L 09/21/2021 - 23:59:01: [SM] Blaming: bot_improver.smx
L 09/21/2021 - 23:59:01: [SM] Call stack trace:
L 09/21/2021 - 23:59:01: [SM]   [0] SetFailState
L 09/21/2021 - 23:59:01: [SM]   [1] Line 116, plugin.sp::OnPluginStart
L 09/21/2021 - 23:59:01: [SM] Unable to load plugin "bot_improver.smx": Error detected in plugin startup (see error logs)
L 09/21/2021 - 23:59:01: [SM] Unable to load plugin "bot_inventory.smx": Native "eItems_AreItemsSynced" was not found
L 09/21/2021 - 23:59:01: [SM] Unable to load plugin "bot_stuff.smx": Could not find required plugin "navmesh"
L 09/21/2021 - 23:59:01: [SM] Fatal error encountered parsing translation file "ranks_matchmaking.phrases.txt"
L 09/21/2021 - 23:59:01: [SM] Error (line 0, column 0): Stream failed to open
L 09/21/2021 - 23:59:01: [SM] Fatal error encountered parsing translation file "instadefuse.phrases.txt"
L 09/21/2021 - 23:59:01: [SM] Error (line 0, column 0): Stream failed to open
L 09/21/2021 - 23:59:04: [SM] Exception reported: Language phrase "Unranked" not found (arg 5)
L 09/21/2021 - 23:59:04: [SM] Blaming: ranks_matchmaking.smx
L 09/21/2021 - 23:59:04: [SM] Call stack trace:
L 09/21/2021 - 23:59:04: [SM]   [0] FormatEx
L 09/21/2021 - 23:59:04: [SM]   [1] Line 174, ranks_matchmaking.sp::GetRanksNames
L 09/21/2021 - 23:59:04: [SM]   [2] Line 169, ranks_matchmaking.sp::OnMapStart
L 09/21/2021 - 23:59:11: Error log file session closed.
L 09/21/2021 - 23:59:11: SourceMod error session started
L 09/21/2021 - 23:59:11: Info (map "de_dust2") (file "E:\retake\csgoserver\csgo\addons\sourcemod\logs\errors_20210921.log")
L 09/21/2021 - 23:59:11: [SM] Fatal error encountered parsing translation file "ranks_matchmaking.phrases.txt"
L 09/21/2021 - 23:59:11: [SM] Error (line 0, column 0): Stream failed to open
L 09/21/2021 - 23:59:11: [SM] Fatal error encountered parsing translation file "instadefuse.phrases.txt"
L 09/21/2021 - 23:59:11: [SM] Error (line 0, column 0): Stream failed to open
L 09/21/2021 - 23:59:12: [SM] Exception reported: Language phrase "Unranked" not found (arg 5)
L 09/21/2021 - 23:59:12: [SM] Blaming: ranks_matchmaking.smx
L 09/21/2021 - 23:59:12: [SM] Call stack trace:
L 09/21/2021 - 23:59:12: [SM]   [0] FormatEx
L 09/21/2021 - 23:59:12: [SM]   [1] Line 174, ranks_matchmaking.sp::GetRanksNames
L 09/21/2021 - 23:59:12: [SM]   [2] Line 169, ranks_matchmaking.sp::OnMapStart
L 09/21/2021 - 23:59:56: SourceMod error session started
L 09/21/2021 - 23:59:56: Info (map "de_dust2") (file "E:\retake\csgoserver\csgo\addons\sourcemod\logs\errors_20210921.log")
L 09/21/2021 - 23:59:56: [SM] Exception reported: Failed to create SDKCall for CCSBot::IsAtHidingSpot signature!
L 09/21/2021 - 23:59:56: [SM] Blaming: bot_improver.smx
L 09/21/2021 - 23:59:56: [SM] Call stack trace:
L 09/21/2021 - 23:59:56: [SM]   [0] SetFailState
L 09/21/2021 - 23:59:56: [SM]   [1] Line 116, plugin.sp::OnPluginStart
L 09/21/2021 - 23:59:56: [SM] Unable to load plugin "bot_improver.smx": Error detected in plugin startup (see error logs)
L 09/21/2021 - 23:59:56: [SM] Unable to load plugin "bot_inventory.smx": Native "eItems_AreItemsSynced" was not found
L 09/21/2021 - 23:59:56: [SM] Unable to load plugin "bot_stuff.smx": Could not find required plugin "navmesh"
L 09/21/2021 - 23:59:56: [SM] Fatal error encountered parsing translation file "ranks_matchmaking.phrases.txt"
L 09/21/2021 - 23:59:56: [SM] Error (line 0, column 0): Stream failed to open
L 09/21/2021 - 23:59:56: [SM] Fatal error encountered parsing translation file "instadefuse.phrases.txt"
L 09/21/2021 - 23:59:56: [SM] Error (line 0, column 0): Stream failed to open
L 09/21/2021 - 23:59:59: [SM] Exception reported: Language phrase "Unranked" not found (arg 5)
L 09/21/2021 - 23:59:59: [SM] Blaming: ranks_matchmaking.smx
L 09/21/2021 - 23:59:59: [SM] Call stack trace:
L 09/21/2021 - 23:59:59: [SM]   [0] FormatEx
L 09/21/2021 - 23:59:59: [SM]   [1] Line 174, ranks_matchmaking.sp::GetRanksNames
L 09/21/2021 - 23:59:59: [SM]   [2] Line 169, ranks_matchmaking.sp::OnMapStart
L 09/22/2021 - 00:00:05: Error log file session closed.
