L 10/03/2022 - 20:36:59: SourceMod error session started
L 10/03/2022 - 20:36:59: Info (map "de_mirage") (file "E:\retake\csgoserver\csgo\addons\sourcemod\logs\errors_20221003.log")
L 10/03/2022 - 20:36:59: [SM] Unable to load extension "PhysHooks.ext": Could not find patch signature for symbol: Physics_RunThinkFunctions
L 10/03/2022 - 20:37:02: [SM] Unable to load plugin "bot_inventory.smx": Native "eItems_AreItemsSynced" was not found
L 10/03/2022 - 20:37:02: [SM] Unable to load plugin "bot_stuff.smx": Could not find required plugin "navmesh"
L 10/03/2022 - 20:37:03: [SM] Unable to load plugin "LagCompensation.smx": Required extension "PhysHooks" file("PhysHooks.ext") not running
L 10/03/2022 - 20:37:04: [SM] Fatal error encountered parsing translation file "ranks_matchmaking.phrases.txt"
L 10/03/2022 - 20:37:04: [SM] Error (line 0, column 0): Stream failed to open
L 10/03/2022 - 20:37:04: [SM] Fatal error encountered parsing translation file "instadefuse.phrases.txt"
L 10/03/2022 - 20:37:04: [SM] Error (line 0, column 0): Stream failed to open
L 10/03/2022 - 20:37:25: [SM] Exception reported: Language phrase "Unranked" not found (arg 5)
L 10/03/2022 - 20:37:25: [SM] Blaming: ranks_matchmaking.smx
L 10/03/2022 - 20:37:25: [SM] Call stack trace:
L 10/03/2022 - 20:37:25: [SM]   [0] FormatEx
L 10/03/2022 - 20:37:25: [SM]   [1] Line 174, ranks_matchmaking.sp::GetRanksNames
L 10/03/2022 - 20:37:25: [SM]   [2] Line 169, ranks_matchmaking.sp::OnMapStart
L 10/03/2022 - 20:39:24: SourceMod error session started
L 10/03/2022 - 20:39:24: Info (map "de_mirage") (file "E:\retake\csgoserver\csgo\addons\sourcemod\logs\errors_20221003.log")
L 10/03/2022 - 20:39:24: [SM] Unable to load extension "PhysHooks.ext": Could not find patch signature for symbol: Physics_RunThinkFunctions
L 10/03/2022 - 20:39:24: [SM] Unable to load plugin "2d\bot_inventory.smx": Native "eItems_AreItemsSynced" was not found
L 10/03/2022 - 20:39:24: [SM] Unable to load plugin "2d\bot_stuff.smx": Could not find required plugin "navmesh"
L 10/03/2022 - 20:39:24: [SM] Unable to load plugin "2d\LagCompensation.smx": Required extension "PhysHooks" file("PhysHooks.ext") not running
L 10/03/2022 - 20:39:24: [SM] Fatal error encountered parsing translation file "ranks_matchmaking.phrases.txt"
L 10/03/2022 - 20:39:24: [SM] Error (line 0, column 0): Stream failed to open
L 10/03/2022 - 20:39:24: [SM] Fatal error encountered parsing translation file "instadefuse.phrases.txt"
L 10/03/2022 - 20:39:24: [SM] Error (line 0, column 0): Stream failed to open
L 10/03/2022 - 20:39:26: [SM] Exception reported: Language phrase "Unranked" not found (arg 5)
L 10/03/2022 - 20:39:26: [SM] Blaming: 2d\ranks_matchmaking.smx
L 10/03/2022 - 20:39:26: [SM] Call stack trace:
L 10/03/2022 - 20:39:26: [SM]   [0] FormatEx
L 10/03/2022 - 20:39:26: [SM]   [1] Line 174, ranks_matchmaking.sp::GetRanksNames
L 10/03/2022 - 20:39:26: [SM]   [2] Line 169, ranks_matchmaking.sp::OnMapStart
L 10/03/2022 - 20:39:48: SourceMod error session started
L 10/03/2022 - 20:39:48: Info (map "de_mirage") (file "E:\retake\csgoserver\csgo\addons\sourcemod\logs\errors_20221003.log")
L 10/03/2022 - 20:39:48: [SM] Unable to load extension "PhysHooks.ext": Could not find patch signature for symbol: Physics_RunThinkFunctions
L 10/03/2022 - 20:39:48: [SM] Unable to load plugin "bot_inventory.smx": Native "eItems_AreItemsSynced" was not found
L 10/03/2022 - 20:39:48: [SM] Unable to load plugin "bot_stuff.smx": Could not find required plugin "navmesh"
L 10/03/2022 - 20:39:48: [SM] Unable to load plugin "LagCompensation.smx": Required extension "PhysHooks" file("PhysHooks.ext") not running
L 10/03/2022 - 20:39:48: [SM] Fatal error encountered parsing translation file "ranks_matchmaking.phrases.txt"
L 10/03/2022 - 20:39:48: [SM] Error (line 0, column 0): Stream failed to open
L 10/03/2022 - 20:39:48: [SM] Fatal error encountered parsing translation file "instadefuse.phrases.txt"
L 10/03/2022 - 20:39:48: [SM] Error (line 0, column 0): Stream failed to open
L 10/03/2022 - 20:39:51: [SM] Exception reported: Language phrase "Unranked" not found (arg 5)
L 10/03/2022 - 20:39:51: [SM] Blaming: ranks_matchmaking.smx
L 10/03/2022 - 20:39:51: [SM] Call stack trace:
L 10/03/2022 - 20:39:51: [SM]   [0] FormatEx
L 10/03/2022 - 20:39:51: [SM]   [1] Line 174, ranks_matchmaking.sp::GetRanksNames
L 10/03/2022 - 20:39:51: [SM]   [2] Line 169, ranks_matchmaking.sp::OnMapStart
L 10/03/2022 - 20:40:26: SourceMod error session started
L 10/03/2022 - 20:40:26: Info (map "de_mirage") (file "E:\retake\csgoserver\csgo\addons\sourcemod\logs\errors_20221003.log")
L 10/03/2022 - 20:40:26: [SM] Unable to load extension "PhysHooks.ext": Could not find patch signature for symbol: Physics_RunThinkFunctions
L 10/03/2022 - 20:40:26: [SM] Unable to load plugin "bot_inventory.smx": Native "eItems_AreItemsSynced" was not found
L 10/03/2022 - 20:40:26: [SM] Unable to load plugin "bot_stuff.smx": Could not find required plugin "navmesh"
L 10/03/2022 - 20:40:26: [SM] Unable to load plugin "LagCompensation.smx": Required extension "PhysHooks" file("PhysHooks.ext") not running
L 10/03/2022 - 20:40:26: [SM] Fatal error encountered parsing translation file "ranks_matchmaking.phrases.txt"
L 10/03/2022 - 20:40:26: [SM] Error (line 0, column 0): Stream failed to open
L 10/03/2022 - 20:40:26: [SM] Fatal error encountered parsing translation file "instadefuse.phrases.txt"
L 10/03/2022 - 20:40:26: [SM] Error (line 0, column 0): Stream failed to open
L 10/03/2022 - 20:40:28: [SM] Exception reported: Language phrase "Unranked" not found (arg 5)
L 10/03/2022 - 20:40:29: [SM] Blaming: ranks_matchmaking.smx
L 10/03/2022 - 20:40:29: [SM] Call stack trace:
L 10/03/2022 - 20:40:29: [SM]   [0] FormatEx
L 10/03/2022 - 20:40:29: [SM]   [1] Line 174, ranks_matchmaking.sp::GetRanksNames
L 10/03/2022 - 20:40:29: [SM]   [2] Line 169, ranks_matchmaking.sp::OnMapStart
L 10/03/2022 - 20:52:53: SourceMod error session started
L 10/03/2022 - 20:52:53: Info (map "de_mirage") (file "E:\retake\csgoserver\csgo\addons\sourcemod\logs\errors_20221003.log")
L 10/03/2022 - 20:52:53: [SM] Unable to load extension "PhysHooks.ext": Could not find patch signature for symbol: Physics_RunThinkFunctions
L 10/03/2022 - 20:52:53: [SM] Unable to load plugin "bot_inventory.smx": Native "eItems_AreItemsSynced" was not found
L 10/03/2022 - 20:52:53: [SM] Unable to load plugin "bot_stuff.smx": Could not find required plugin "navmesh"
L 10/03/2022 - 20:52:53: [SM] Unable to load plugin "LagCompensation.smx": Required extension "PhysHooks" file("PhysHooks.ext") not running
L 10/03/2022 - 20:52:53: [SM] Fatal error encountered parsing translation file "ranks_matchmaking.phrases.txt"
L 10/03/2022 - 20:52:53: [SM] Error (line 0, column 0): Stream failed to open
L 10/03/2022 - 20:52:53: [SM] Fatal error encountered parsing translation file "instadefuse.phrases.txt"
L 10/03/2022 - 20:52:53: [SM] Error (line 0, column 0): Stream failed to open
L 10/03/2022 - 20:53:10: [SM] Exception reported: Language phrase "Unranked" not found (arg 5)
L 10/03/2022 - 20:53:10: [SM] Blaming: ranks_matchmaking.smx
L 10/03/2022 - 20:53:10: [SM] Call stack trace:
L 10/03/2022 - 20:53:10: [SM]   [0] FormatEx
L 10/03/2022 - 20:53:10: [SM]   [1] Line 174, ranks_matchmaking.sp::GetRanksNames
L 10/03/2022 - 20:53:10: [SM]   [2] Line 169, ranks_matchmaking.sp::OnMapStart
