L 07/14/2021 - 00:26:28: SourceMod error session started
L 07/14/2021 - 00:26:28: Info (map "de_vertigo") (file "C:\ESLSERVER\csgoserver\csgo\addons\sourcemod\logs\errors_20210714.log")
L 07/14/2021 - 00:26:28: [SM] Fatal error encountered parsing translation file "ranks_matchmaking.phrases.txt"
L 07/14/2021 - 00:26:28: [SM] Error (line 0, column 0): Stream failed to open
L 07/14/2021 - 00:26:29: [SM] Exception reported: Language phrase "Unranked" not found (arg 5)
L 07/14/2021 - 00:26:29: [SM] Blaming: ranks_matchmaking.smx
L 07/14/2021 - 00:26:29: [SM] Call stack trace:
L 07/14/2021 - 00:26:29: [SM]   [0] FormatEx
L 07/14/2021 - 00:26:29: [SM]   [1] Line 174, ranks_matchmaking.sp::GetRanksNames
L 07/14/2021 - 00:26:29: [SM]   [2] Line 169, ranks_matchmaking.sp::OnMapStart
L 07/14/2021 - 00:26:29: [nextmap.smx] FATAL: Cannot load map cycle. Nextmap not loaded.
L 07/14/2021 - 00:26:29: [SM] Exception reported: Mapcycle Not Found
L 07/14/2021 - 00:26:29: [SM] Blaming: nextmap.smx
L 07/14/2021 - 00:26:29: [SM] Call stack trace:
L 07/14/2021 - 00:26:29: [SM]   [0] SetFailState
L 07/14/2021 - 00:26:29: [SM]   [1] Line 143, D:\builds\build-sourcemod-msvc12\windows-1.11\build\plugins\nextmap.sp::FindAndSetNextMap
L 07/14/2021 - 00:26:29: [SM]   [2] Line 113, D:\builds\build-sourcemod-msvc12\windows-1.11\build\plugins\nextmap.sp::OnConfigsExecuted
L 07/14/2021 - 03:36:49: SourceMod error session started
L 07/14/2021 - 03:36:49: Info (map "de_dust2") (file "C:\ESLSERVER\csgoserver\csgo\addons\sourcemod\logs\errors_20210714.log")
L 07/14/2021 - 03:36:49: [SM] Unable to load plugin "bot_inventory.smx": Native "eItems_AreItemsSynced" was not found
L 07/14/2021 - 03:36:49: [SM] Unable to load plugin "bot_stuff.smx": Could not find required plugin "navmesh"
L 07/14/2021 - 03:36:49: [SM] Fatal error encountered parsing translation file "ranks_matchmaking.phrases.txt"
L 07/14/2021 - 03:36:49: [SM] Error (line 0, column 0): Stream failed to open
L 07/14/2021 - 03:36:55: [SM] Exception reported: Language phrase "Unranked" not found (arg 5)
L 07/14/2021 - 03:36:55: [SM] Blaming: ranks_matchmaking.smx
L 07/14/2021 - 03:36:55: [SM] Call stack trace:
L 07/14/2021 - 03:36:55: [SM]   [0] FormatEx
L 07/14/2021 - 03:36:55: [SM]   [1] Line 174, ranks_matchmaking.sp::GetRanksNames
L 07/14/2021 - 03:36:55: [SM]   [2] Line 169, ranks_matchmaking.sp::OnMapStart
L 07/14/2021 - 03:37:08: Error log file session closed.
L 07/14/2021 - 03:37:08: SourceMod error session started
L 07/14/2021 - 03:37:08: Info (map "de_dust2") (file "C:\ESLSERVER\csgoserver\csgo\addons\sourcemod\logs\errors_20210714.log")
L 07/14/2021 - 03:37:08: [SM] Fatal error encountered parsing translation file "ranks_matchmaking.phrases.txt"
L 07/14/2021 - 03:37:08: [SM] Error (line 0, column 0): Stream failed to open
L 07/14/2021 - 03:37:09: [SM] Exception reported: Language phrase "Unranked" not found (arg 5)
L 07/14/2021 - 03:37:09: [SM] Blaming: ranks_matchmaking.smx
L 07/14/2021 - 03:37:09: [SM] Call stack trace:
L 07/14/2021 - 03:37:09: [SM]   [0] FormatEx
L 07/14/2021 - 03:37:09: [SM]   [1] Line 174, ranks_matchmaking.sp::GetRanksNames
L 07/14/2021 - 03:37:09: [SM]   [2] Line 169, ranks_matchmaking.sp::OnMapStart
L 07/14/2021 - 03:37:09: [nextmap.smx] FATAL: Cannot load map cycle. Nextmap not loaded.
L 07/14/2021 - 03:37:09: [SM] Exception reported: Mapcycle Not Found
L 07/14/2021 - 03:37:09: [SM] Blaming: nextmap.smx
L 07/14/2021 - 03:37:09: [SM] Call stack trace:
L 07/14/2021 - 03:37:09: [SM]   [0] SetFailState
L 07/14/2021 - 03:37:09: [SM]   [1] Line 143, D:\builds\build-sourcemod-msvc12\windows-1.11\build\plugins\nextmap.sp::FindAndSetNextMap
L 07/14/2021 - 03:37:09: [SM]   [2] Line 113, D:\builds\build-sourcemod-msvc12\windows-1.11\build\plugins\nextmap.sp::OnConfigsExecuted
L 07/14/2021 - 03:55:37: SourceMod error session started
L 07/14/2021 - 03:55:37: Info (map "de_dust2") (file "C:\ESLSERVER\csgoserver\csgo\addons\sourcemod\logs\errors_20210714.log")
L 07/14/2021 - 03:55:37: [SM] Unable to load plugin "bot_inventory.smx": Native "eItems_AreItemsSynced" was not found
L 07/14/2021 - 03:55:37: [SM] Unable to load plugin "bot_stuff.smx": Could not find required plugin "navmesh"
L 07/14/2021 - 03:55:37: [SM] Fatal error encountered parsing translation file "ranks_matchmaking.phrases.txt"
L 07/14/2021 - 03:55:37: [SM] Error (line 0, column 0): Stream failed to open
L 07/14/2021 - 03:55:41: [SM] Exception reported: Language phrase "Unranked" not found (arg 5)
L 07/14/2021 - 03:55:41: [SM] Blaming: ranks_matchmaking.smx
L 07/14/2021 - 03:55:41: [SM] Call stack trace:
L 07/14/2021 - 03:55:41: [SM]   [0] FormatEx
L 07/14/2021 - 03:55:41: [SM]   [1] Line 174, ranks_matchmaking.sp::GetRanksNames
L 07/14/2021 - 03:55:41: [SM]   [2] Line 169, ranks_matchmaking.sp::OnMapStart
L 07/14/2021 - 03:55:54: [nextmap.smx] FATAL: Cannot load map cycle. Nextmap not loaded.
L 07/14/2021 - 03:55:54: [SM] Exception reported: Mapcycle Not Found
L 07/14/2021 - 03:55:54: [SM] Blaming: nextmap.smx
L 07/14/2021 - 03:55:54: [SM] Call stack trace:
L 07/14/2021 - 03:55:54: [SM]   [0] SetFailState
L 07/14/2021 - 03:55:54: [SM]   [1] Line 143, D:\builds\build-sourcemod-msvc12\windows-1.11\build\plugins\nextmap.sp::FindAndSetNextMap
L 07/14/2021 - 03:55:54: [SM]   [2] Line 113, D:\builds\build-sourcemod-msvc12\windows-1.11\build\plugins\nextmap.sp::OnConfigsExecuted
L 07/14/2021 - 03:55:57: Error log file session closed.
L 07/14/2021 - 03:55:57: SourceMod error session started
L 07/14/2021 - 03:55:57: Info (map "de_dust2") (file "C:\ESLSERVER\csgoserver\csgo\addons\sourcemod\logs\errors_20210714.log")
L 07/14/2021 - 03:55:57: [SM] Fatal error encountered parsing translation file "ranks_matchmaking.phrases.txt"
L 07/14/2021 - 03:55:57: [SM] Error (line 0, column 0): Stream failed to open
L 07/14/2021 - 03:55:58: [SM] Exception reported: Language phrase "Unranked" not found (arg 5)
L 07/14/2021 - 03:55:58: [SM] Blaming: ranks_matchmaking.smx
L 07/14/2021 - 03:55:58: [SM] Call stack trace:
L 07/14/2021 - 03:55:58: [SM]   [0] FormatEx
L 07/14/2021 - 03:55:58: [SM]   [1] Line 174, ranks_matchmaking.sp::GetRanksNames
L 07/14/2021 - 03:55:58: [SM]   [2] Line 169, ranks_matchmaking.sp::OnMapStart
L 07/14/2021 - 03:55:59: [nextmap.smx] FATAL: Cannot load map cycle. Nextmap not loaded.
L 07/14/2021 - 03:55:59: [SM] Exception reported: Mapcycle Not Found
L 07/14/2021 - 03:55:59: [SM] Blaming: nextmap.smx
L 07/14/2021 - 03:55:59: [SM] Call stack trace:
L 07/14/2021 - 03:55:59: [SM]   [0] SetFailState
L 07/14/2021 - 03:55:59: [SM]   [1] Line 143, D:\builds\build-sourcemod-msvc12\windows-1.11\build\plugins\nextmap.sp::FindAndSetNextMap
L 07/14/2021 - 03:55:59: [SM]   [2] Line 113, D:\builds\build-sourcemod-msvc12\windows-1.11\build\plugins\nextmap.sp::OnConfigsExecuted
L 07/14/2021 - 04:26:39: SourceMod error session started
L 07/14/2021 - 04:26:39: Info (map "de_dust2") (file "C:\ESLSERVER\csgoserver\csgo\addons\sourcemod\logs\errors_20210714.log")
L 07/14/2021 - 04:26:39: [SM] Unable to load plugin "bot_inventory.smx": Native "eItems_AreItemsSynced" was not found
L 07/14/2021 - 04:26:39: [SM] Unable to load plugin "bot_stuff.smx": Could not find required plugin "navmesh"
L 07/14/2021 - 04:26:39: [SM] Fatal error encountered parsing translation file "ranks_matchmaking.phrases.txt"
L 07/14/2021 - 04:26:39: [SM] Error (line 0, column 0): Stream failed to open
L 07/14/2021 - 04:26:44: [SM] Exception reported: Language phrase "Unranked" not found (arg 5)
L 07/14/2021 - 04:26:44: [SM] Blaming: ranks_matchmaking.smx
L 07/14/2021 - 04:26:44: [SM] Call stack trace:
L 07/14/2021 - 04:26:44: [SM]   [0] FormatEx
L 07/14/2021 - 04:26:44: [SM]   [1] Line 174, ranks_matchmaking.sp::GetRanksNames
L 07/14/2021 - 04:26:44: [SM]   [2] Line 169, ranks_matchmaking.sp::OnMapStart
L 07/14/2021 - 04:27:57: [nextmap.smx] FATAL: Cannot load map cycle. Nextmap not loaded.
L 07/14/2021 - 04:27:57: [SM] Exception reported: Mapcycle Not Found
L 07/14/2021 - 04:27:57: [SM] Blaming: nextmap.smx
L 07/14/2021 - 04:27:57: [SM] Call stack trace:
L 07/14/2021 - 04:27:57: [SM]   [0] SetFailState
L 07/14/2021 - 04:27:57: [SM]   [1] Line 143, D:\builds\build-sourcemod-msvc12\windows-1.11\build\plugins\nextmap.sp::FindAndSetNextMap
L 07/14/2021 - 04:27:57: [SM]   [2] Line 113, D:\builds\build-sourcemod-msvc12\windows-1.11\build\plugins\nextmap.sp::OnConfigsExecuted
L 07/14/2021 - 04:28:01: Error log file session closed.
L 07/14/2021 - 04:28:01: SourceMod error session started
L 07/14/2021 - 04:28:01: Info (map "de_dust2") (file "C:\ESLSERVER\csgoserver\csgo\addons\sourcemod\logs\errors_20210714.log")
L 07/14/2021 - 04:28:01: [SM] Fatal error encountered parsing translation file "ranks_matchmaking.phrases.txt"
L 07/14/2021 - 04:28:01: [SM] Error (line 0, column 0): Stream failed to open
L 07/14/2021 - 04:28:02: [SM] Exception reported: Language phrase "Unranked" not found (arg 5)
L 07/14/2021 - 04:28:02: [SM] Blaming: ranks_matchmaking.smx
L 07/14/2021 - 04:28:02: [SM] Call stack trace:
L 07/14/2021 - 04:28:02: [SM]   [0] FormatEx
L 07/14/2021 - 04:28:02: [SM]   [1] Line 174, ranks_matchmaking.sp::GetRanksNames
L 07/14/2021 - 04:28:02: [SM]   [2] Line 169, ranks_matchmaking.sp::OnMapStart
L 07/14/2021 - 04:28:03: [nextmap.smx] FATAL: Cannot load map cycle. Nextmap not loaded.
L 07/14/2021 - 04:28:03: [SM] Exception reported: Mapcycle Not Found
L 07/14/2021 - 04:28:03: [SM] Blaming: nextmap.smx
L 07/14/2021 - 04:28:03: [SM] Call stack trace:
L 07/14/2021 - 04:28:03: [SM]   [0] SetFailState
L 07/14/2021 - 04:28:03: [SM]   [1] Line 143, D:\builds\build-sourcemod-msvc12\windows-1.11\build\plugins\nextmap.sp::FindAndSetNextMap
L 07/14/2021 - 04:28:03: [SM]   [2] Line 113, D:\builds\build-sourcemod-msvc12\windows-1.11\build\plugins\nextmap.sp::OnConfigsExecuted
L 07/14/2021 - 11:15:11: Error log file session closed.
L 07/14/2021 - 11:15:13: SourceMod error session started
L 07/14/2021 - 11:15:13: Info (map "de_dust2") (file "C:\ESLSERVER\csgoserver\csgo\addons\sourcemod\logs\errors_20210714.log")
L 07/14/2021 - 11:15:13: [SM] Fatal error encountered parsing translation file "ranks_matchmaking.phrases.txt"
L 07/14/2021 - 11:15:13: [SM] Error (line 0, column 0): Stream failed to open
L 07/14/2021 - 11:15:14: [SM] Exception reported: Language phrase "Unranked" not found (arg 5)
L 07/14/2021 - 11:15:14: [SM] Blaming: ranks_matchmaking.smx
L 07/14/2021 - 11:15:14: [SM] Call stack trace:
L 07/14/2021 - 11:15:14: [SM]   [0] FormatEx
L 07/14/2021 - 11:15:14: [SM]   [1] Line 174, ranks_matchmaking.sp::GetRanksNames
L 07/14/2021 - 11:15:14: [SM]   [2] Line 169, ranks_matchmaking.sp::OnMapStart
L 07/14/2021 - 11:15:15: [nextmap.smx] FATAL: Cannot load map cycle. Nextmap not loaded.
L 07/14/2021 - 11:15:15: [SM] Exception reported: Mapcycle Not Found
L 07/14/2021 - 11:15:15: [SM] Blaming: nextmap.smx
L 07/14/2021 - 11:15:15: [SM] Call stack trace:
L 07/14/2021 - 11:15:15: [SM]   [0] SetFailState
L 07/14/2021 - 11:15:15: [SM]   [1] Line 143, D:\builds\build-sourcemod-msvc12\windows-1.11\build\plugins\nextmap.sp::FindAndSetNextMap
L 07/14/2021 - 11:15:15: [SM]   [2] Line 113, D:\builds\build-sourcemod-msvc12\windows-1.11\build\plugins\nextmap.sp::OnConfigsExecuted
L 07/14/2021 - 13:37:42: SourceMod error session started
L 07/14/2021 - 13:37:42: Info (map "de_dust2") (file "C:\ESLSERVER\csgoserver\csgo\addons\sourcemod\logs\errors_20210714.log")
L 07/14/2021 - 13:37:42: [SM] Unable to load plugin "bot_inventory.smx": Native "eItems_AreItemsSynced" was not found
L 07/14/2021 - 13:37:42: [SM] Unable to load plugin "bot_stuff.smx": Could not find required plugin "navmesh"
L 07/14/2021 - 13:37:43: [SM] Fatal error encountered parsing translation file "ranks_matchmaking.phrases.txt"
L 07/14/2021 - 13:37:43: [SM] Error (line 0, column 0): Stream failed to open
L 07/14/2021 - 13:37:49: [SM] Exception reported: Language phrase "Unranked" not found (arg 5)
L 07/14/2021 - 13:37:49: [SM] Blaming: ranks_matchmaking.smx
L 07/14/2021 - 13:37:49: [SM] Call stack trace:
L 07/14/2021 - 13:37:49: [SM]   [0] FormatEx
L 07/14/2021 - 13:37:49: [SM]   [1] Line 174, ranks_matchmaking.sp::GetRanksNames
L 07/14/2021 - 13:37:49: [SM]   [2] Line 169, ranks_matchmaking.sp::OnMapStart
L 07/14/2021 - 13:38:03: [nextmap.smx] FATAL: Cannot load map cycle. Nextmap not loaded.
L 07/14/2021 - 13:38:03: [SM] Exception reported: Mapcycle Not Found
L 07/14/2021 - 13:38:03: [SM] Blaming: nextmap.smx
L 07/14/2021 - 13:38:03: [SM] Call stack trace:
L 07/14/2021 - 13:38:03: [SM]   [0] SetFailState
L 07/14/2021 - 13:38:03: [SM]   [1] Line 143, D:\builds\build-sourcemod-msvc12\windows-1.11\build\plugins\nextmap.sp::FindAndSetNextMap
L 07/14/2021 - 13:38:03: [SM]   [2] Line 113, D:\builds\build-sourcemod-msvc12\windows-1.11\build\plugins\nextmap.sp::OnConfigsExecuted
L 07/14/2021 - 13:38:07: Error log file session closed.
L 07/14/2021 - 13:38:07: SourceMod error session started
L 07/14/2021 - 13:38:07: Info (map "de_dust2") (file "C:\ESLSERVER\csgoserver\csgo\addons\sourcemod\logs\errors_20210714.log")
L 07/14/2021 - 13:38:07: [SM] Fatal error encountered parsing translation file "ranks_matchmaking.phrases.txt"
L 07/14/2021 - 13:38:07: [SM] Error (line 0, column 0): Stream failed to open
L 07/14/2021 - 13:38:08: [SM] Exception reported: Language phrase "Unranked" not found (arg 5)
L 07/14/2021 - 13:38:08: [SM] Blaming: ranks_matchmaking.smx
L 07/14/2021 - 13:38:08: [SM] Call stack trace:
L 07/14/2021 - 13:38:08: [SM]   [0] FormatEx
L 07/14/2021 - 13:38:08: [SM]   [1] Line 174, ranks_matchmaking.sp::GetRanksNames
L 07/14/2021 - 13:38:08: [SM]   [2] Line 169, ranks_matchmaking.sp::OnMapStart
L 07/14/2021 - 13:38:08: [nextmap.smx] FATAL: Cannot load map cycle. Nextmap not loaded.
L 07/14/2021 - 13:38:08: [SM] Exception reported: Mapcycle Not Found
L 07/14/2021 - 13:38:08: [SM] Blaming: nextmap.smx
L 07/14/2021 - 13:38:08: [SM] Call stack trace:
L 07/14/2021 - 13:38:08: [SM]   [0] SetFailState
L 07/14/2021 - 13:38:08: [SM]   [1] Line 143, D:\builds\build-sourcemod-msvc12\windows-1.11\build\plugins\nextmap.sp::FindAndSetNextMap
L 07/14/2021 - 13:38:08: [SM]   [2] Line 113, D:\builds\build-sourcemod-msvc12\windows-1.11\build\plugins\nextmap.sp::OnConfigsExecuted
L 07/14/2021 - 14:14:06: SourceMod error session started
L 07/14/2021 - 14:14:06: Info (map "de_dust2") (file "C:\ESLSERVER\csgoserver\csgo\addons\sourcemod\logs\errors_20210714.log")
L 07/14/2021 - 14:14:06: [SM] Unable to load plugin "bot_inventory.smx": Native "eItems_AreItemsSynced" was not found
L 07/14/2021 - 14:14:06: [SM] Unable to load plugin "bot_stuff.smx": Could not find required plugin "navmesh"
L 07/14/2021 - 14:14:06: [SM] Fatal error encountered parsing translation file "ranks_matchmaking.phrases.txt"
L 07/14/2021 - 14:14:06: [SM] Error (line 0, column 0): Stream failed to open
L 07/14/2021 - 14:14:10: [SM] Exception reported: Language phrase "Unranked" not found (arg 5)
L 07/14/2021 - 14:14:10: [SM] Blaming: ranks_matchmaking.smx
L 07/14/2021 - 14:14:10: [SM] Call stack trace:
L 07/14/2021 - 14:14:10: [SM]   [0] FormatEx
L 07/14/2021 - 14:14:10: [SM]   [1] Line 174, ranks_matchmaking.sp::GetRanksNames
L 07/14/2021 - 14:14:10: [SM]   [2] Line 169, ranks_matchmaking.sp::OnMapStart
L 07/14/2021 - 14:14:18: [nextmap.smx] FATAL: Cannot load map cycle. Nextmap not loaded.
L 07/14/2021 - 14:14:18: [SM] Exception reported: Mapcycle Not Found
L 07/14/2021 - 14:14:18: [SM] Blaming: nextmap.smx
L 07/14/2021 - 14:14:18: [SM] Call stack trace:
L 07/14/2021 - 14:14:18: [SM]   [0] SetFailState
L 07/14/2021 - 14:14:18: [SM]   [1] Line 143, D:\builds\build-sourcemod-msvc12\windows-1.11\build\plugins\nextmap.sp::FindAndSetNextMap
L 07/14/2021 - 14:14:18: [SM]   [2] Line 113, D:\builds\build-sourcemod-msvc12\windows-1.11\build\plugins\nextmap.sp::OnConfigsExecuted
L 07/14/2021 - 14:14:22: Error log file session closed.
L 07/14/2021 - 14:14:22: SourceMod error session started
L 07/14/2021 - 14:14:22: Info (map "de_dust2") (file "C:\ESLSERVER\csgoserver\csgo\addons\sourcemod\logs\errors_20210714.log")
L 07/14/2021 - 14:14:22: [SM] Fatal error encountered parsing translation file "ranks_matchmaking.phrases.txt"
L 07/14/2021 - 14:14:22: [SM] Error (line 0, column 0): Stream failed to open
L 07/14/2021 - 14:14:22: [SM] Exception reported: Language phrase "Unranked" not found (arg 5)
L 07/14/2021 - 14:14:23: [SM] Blaming: ranks_matchmaking.smx
L 07/14/2021 - 14:14:23: [SM] Call stack trace:
L 07/14/2021 - 14:14:23: [SM]   [0] FormatEx
L 07/14/2021 - 14:14:23: [SM]   [1] Line 174, ranks_matchmaking.sp::GetRanksNames
L 07/14/2021 - 14:14:23: [SM]   [2] Line 169, ranks_matchmaking.sp::OnMapStart
L 07/14/2021 - 14:14:23: [nextmap.smx] FATAL: Cannot load map cycle. Nextmap not loaded.
L 07/14/2021 - 14:14:23: [SM] Exception reported: Mapcycle Not Found
L 07/14/2021 - 14:14:23: [SM] Blaming: nextmap.smx
L 07/14/2021 - 14:14:23: [SM] Call stack trace:
L 07/14/2021 - 14:14:23: [SM]   [0] SetFailState
L 07/14/2021 - 14:14:23: [SM]   [1] Line 143, D:\builds\build-sourcemod-msvc12\windows-1.11\build\plugins\nextmap.sp::FindAndSetNextMap
L 07/14/2021 - 14:14:23: [SM]   [2] Line 113, D:\builds\build-sourcemod-msvc12\windows-1.11\build\plugins\nextmap.sp::OnConfigsExecuted
L 07/14/2021 - 14:36:23: SourceMod error session started
L 07/14/2021 - 14:36:23: Info (map "de_dust2") (file "C:\ESLSERVER\csgoserver\csgo\addons\sourcemod\logs\errors_20210714.log")
L 07/14/2021 - 14:36:23: [SM] Unable to load plugin "bot_inventory.smx": Native "eItems_AreItemsSynced" was not found
L 07/14/2021 - 14:36:23: [SM] Unable to load plugin "bot_stuff.smx": Could not find required plugin "navmesh"
L 07/14/2021 - 14:36:23: [SM] Fatal error encountered parsing translation file "ranks_matchmaking.phrases.txt"
L 07/14/2021 - 14:36:23: [SM] Error (line 0, column 0): Stream failed to open
L 07/14/2021 - 14:36:26: [SM] Exception reported: Language phrase "Unranked" not found (arg 5)
L 07/14/2021 - 14:36:26: [SM] Blaming: ranks_matchmaking.smx
L 07/14/2021 - 14:36:26: [SM] Call stack trace:
L 07/14/2021 - 14:36:26: [SM]   [0] FormatEx
L 07/14/2021 - 14:36:26: [SM]   [1] Line 174, ranks_matchmaking.sp::GetRanksNames
L 07/14/2021 - 14:36:26: [SM]   [2] Line 169, ranks_matchmaking.sp::OnMapStart
L 07/14/2021 - 14:36:47: Error log file session closed.
L 07/14/2021 - 14:36:47: SourceMod error session started
L 07/14/2021 - 14:36:47: Info (map "de_dust2") (file "C:\ESLSERVER\csgoserver\csgo\addons\sourcemod\logs\errors_20210714.log")
L 07/14/2021 - 14:36:47: [SM] Fatal error encountered parsing translation file "ranks_matchmaking.phrases.txt"
L 07/14/2021 - 14:36:47: [SM] Error (line 0, column 0): Stream failed to open
L 07/14/2021 - 14:36:47: [nextmap.smx] FATAL: Cannot load map cycle. Nextmap not loaded.
L 07/14/2021 - 14:36:47: [SM] Exception reported: Mapcycle Not Found
L 07/14/2021 - 14:36:47: [SM] Blaming: nextmap.smx
L 07/14/2021 - 14:36:47: [SM] Call stack trace:
L 07/14/2021 - 14:36:47: [SM]   [0] SetFailState
L 07/14/2021 - 14:36:47: [SM]   [1] Line 143, D:\builds\build-sourcemod-msvc12\windows-1.11\build\plugins\nextmap.sp::FindAndSetNextMap
L 07/14/2021 - 14:36:47: [SM]   [2] Line 113, D:\builds\build-sourcemod-msvc12\windows-1.11\build\plugins\nextmap.sp::OnConfigsExecuted
L 07/14/2021 - 14:36:48: [SM] Exception reported: Language phrase "Unranked" not found (arg 5)
L 07/14/2021 - 14:36:48: [SM] Blaming: ranks_matchmaking.smx
L 07/14/2021 - 14:36:48: [SM] Call stack trace:
L 07/14/2021 - 14:36:48: [SM]   [0] FormatEx
L 07/14/2021 - 14:36:48: [SM]   [1] Line 174, ranks_matchmaking.sp::GetRanksNames
L 07/14/2021 - 14:36:48: [SM]   [2] Line 169, ranks_matchmaking.sp::OnMapStart
L 07/14/2021 - 14:39:59: SourceMod error session started
L 07/14/2021 - 14:39:59: Info (map "de_dust2") (file "C:\ESLSERVER\csgoserver\csgo\addons\sourcemod\logs\errors_20210714.log")
L 07/14/2021 - 14:39:59: [SM] Unable to load plugin "bot_inventory.smx": Native "eItems_AreItemsSynced" was not found
L 07/14/2021 - 14:39:59: [SM] Unable to load plugin "bot_stuff.smx": Could not find required plugin "navmesh"
L 07/14/2021 - 14:39:59: [SM] Fatal error encountered parsing translation file "ranks_matchmaking.phrases.txt"
L 07/14/2021 - 14:39:59: [SM] Error (line 0, column 0): Stream failed to open
L 07/14/2021 - 14:40:03: [SM] Exception reported: Language phrase "Unranked" not found (arg 5)
L 07/14/2021 - 14:40:03: [SM] Blaming: ranks_matchmaking.smx
L 07/14/2021 - 14:40:03: [SM] Call stack trace:
L 07/14/2021 - 14:40:03: [SM]   [0] FormatEx
L 07/14/2021 - 14:40:03: [SM]   [1] Line 174, ranks_matchmaking.sp::GetRanksNames
L 07/14/2021 - 14:40:03: [SM]   [2] Line 169, ranks_matchmaking.sp::OnMapStart
L 07/14/2021 - 14:40:12: [nextmap.smx] FATAL: Cannot load map cycle. Nextmap not loaded.
L 07/14/2021 - 14:40:12: [SM] Exception reported: Mapcycle Not Found
L 07/14/2021 - 14:40:12: [SM] Blaming: nextmap.smx
L 07/14/2021 - 14:40:12: [SM] Call stack trace:
L 07/14/2021 - 14:40:12: [SM]   [0] SetFailState
L 07/14/2021 - 14:40:12: [SM]   [1] Line 143, D:\builds\build-sourcemod-msvc12\windows-1.11\build\plugins\nextmap.sp::FindAndSetNextMap
L 07/14/2021 - 14:40:12: [SM]   [2] Line 113, D:\builds\build-sourcemod-msvc12\windows-1.11\build\plugins\nextmap.sp::OnConfigsExecuted
L 07/14/2021 - 14:40:15: Error log file session closed.
L 07/14/2021 - 14:40:15: SourceMod error session started
L 07/14/2021 - 14:40:15: Info (map "de_dust2") (file "C:\ESLSERVER\csgoserver\csgo\addons\sourcemod\logs\errors_20210714.log")
L 07/14/2021 - 14:40:15: [SM] Fatal error encountered parsing translation file "ranks_matchmaking.phrases.txt"
L 07/14/2021 - 14:40:15: [SM] Error (line 0, column 0): Stream failed to open
L 07/14/2021 - 14:40:16: [SM] Exception reported: Language phrase "Unranked" not found (arg 5)
L 07/14/2021 - 14:40:16: [SM] Blaming: ranks_matchmaking.smx
L 07/14/2021 - 14:40:16: [SM] Call stack trace:
L 07/14/2021 - 14:40:16: [SM]   [0] FormatEx
L 07/14/2021 - 14:40:16: [SM]   [1] Line 174, ranks_matchmaking.sp::GetRanksNames
L 07/14/2021 - 14:40:16: [SM]   [2] Line 169, ranks_matchmaking.sp::OnMapStart
L 07/14/2021 - 14:40:17: [nextmap.smx] FATAL: Cannot load map cycle. Nextmap not loaded.
L 07/14/2021 - 14:40:17: [SM] Exception reported: Mapcycle Not Found
L 07/14/2021 - 14:40:17: [SM] Blaming: nextmap.smx
L 07/14/2021 - 14:40:17: [SM] Call stack trace:
L 07/14/2021 - 14:40:17: [SM]   [0] SetFailState
L 07/14/2021 - 14:40:17: [SM]   [1] Line 143, D:\builds\build-sourcemod-msvc12\windows-1.11\build\plugins\nextmap.sp::FindAndSetNextMap
L 07/14/2021 - 14:40:17: [SM]   [2] Line 113, D:\builds\build-sourcemod-msvc12\windows-1.11\build\plugins\nextmap.sp::OnConfigsExecuted
L 07/14/2021 - 17:15:40: SourceMod error session started
L 07/14/2021 - 17:15:40: Info (map "de_dust2") (file "C:\ESLSERVER\csgoserver\csgo\addons\sourcemod\logs\errors_20210714.log")
L 07/14/2021 - 17:15:40: [SM] Unable to load plugin "bot_inventory.smx": Native "eItems_AreItemsSynced" was not found
L 07/14/2021 - 17:15:40: [SM] Unable to load plugin "bot_stuff.smx": Could not find required plugin "navmesh"
L 07/14/2021 - 17:15:40: [SM] Fatal error encountered parsing translation file "ranks_matchmaking.phrases.txt"
L 07/14/2021 - 17:15:40: [SM] Error (line 0, column 0): Stream failed to open
L 07/14/2021 - 17:15:45: [SM] Exception reported: Language phrase "Unranked" not found (arg 5)
L 07/14/2021 - 17:15:45: [SM] Blaming: ranks_matchmaking.smx
L 07/14/2021 - 17:15:45: [SM] Call stack trace:
L 07/14/2021 - 17:15:45: [SM]   [0] FormatEx
L 07/14/2021 - 17:15:45: [SM]   [1] Line 174, ranks_matchmaking.sp::GetRanksNames
L 07/14/2021 - 17:15:45: [SM]   [2] Line 169, ranks_matchmaking.sp::OnMapStart
L 07/14/2021 - 17:16:32: [nextmap.smx] FATAL: Cannot load map cycle. Nextmap not loaded.
L 07/14/2021 - 17:16:32: [SM] Exception reported: Mapcycle Not Found
L 07/14/2021 - 17:16:32: [SM] Blaming: nextmap.smx
L 07/14/2021 - 17:16:32: [SM] Call stack trace:
L 07/14/2021 - 17:16:32: [SM]   [0] SetFailState
L 07/14/2021 - 17:16:32: [SM]   [1] Line 143, D:\builds\build-sourcemod-msvc12\windows-1.11\build\plugins\nextmap.sp::FindAndSetNextMap
L 07/14/2021 - 17:16:32: [SM]   [2] Line 113, D:\builds\build-sourcemod-msvc12\windows-1.11\build\plugins\nextmap.sp::OnConfigsExecuted
L 07/14/2021 - 17:16:36: Error log file session closed.
L 07/14/2021 - 17:16:36: SourceMod error session started
L 07/14/2021 - 17:16:36: Info (map "de_dust2") (file "C:\ESLSERVER\csgoserver\csgo\addons\sourcemod\logs\errors_20210714.log")
L 07/14/2021 - 17:16:36: [SM] Fatal error encountered parsing translation file "ranks_matchmaking.phrases.txt"
L 07/14/2021 - 17:16:36: [SM] Error (line 0, column 0): Stream failed to open
L 07/14/2021 - 17:16:37: [SM] Exception reported: Language phrase "Unranked" not found (arg 5)
L 07/14/2021 - 17:16:37: [SM] Blaming: ranks_matchmaking.smx
L 07/14/2021 - 17:16:37: [SM] Call stack trace:
L 07/14/2021 - 17:16:37: [SM]   [0] FormatEx
L 07/14/2021 - 17:16:37: [SM]   [1] Line 174, ranks_matchmaking.sp::GetRanksNames
L 07/14/2021 - 17:16:37: [SM]   [2] Line 169, ranks_matchmaking.sp::OnMapStart
L 07/14/2021 - 17:16:37: [nextmap.smx] FATAL: Cannot load map cycle. Nextmap not loaded.
L 07/14/2021 - 17:16:37: [SM] Exception reported: Mapcycle Not Found
L 07/14/2021 - 17:16:37: [SM] Blaming: nextmap.smx
L 07/14/2021 - 17:16:37: [SM] Call stack trace:
L 07/14/2021 - 17:16:37: [SM]   [0] SetFailState
L 07/14/2021 - 17:16:37: [SM]   [1] Line 143, D:\builds\build-sourcemod-msvc12\windows-1.11\build\plugins\nextmap.sp::FindAndSetNextMap
L 07/14/2021 - 17:16:37: [SM]   [2] Line 113, D:\builds\build-sourcemod-msvc12\windows-1.11\build\plugins\nextmap.sp::OnConfigsExecuted
L 07/14/2021 - 17:27:56: SourceMod error session started
L 07/14/2021 - 17:27:56: Info (map "de_dust2") (file "C:\ESLSERVER\csgoserver\csgo\addons\sourcemod\logs\errors_20210714.log")
L 07/14/2021 - 17:27:56: [SM] Unable to load plugin "bot_inventory.smx": Native "eItems_AreItemsSynced" was not found
L 07/14/2021 - 17:27:56: [SM] Unable to load plugin "bot_stuff.smx": Could not find required plugin "navmesh"
L 07/14/2021 - 17:27:56: [SM] Fatal error encountered parsing translation file "ranks_matchmaking.phrases.txt"
L 07/14/2021 - 17:27:56: [SM] Error (line 0, column 0): Stream failed to open
L 07/14/2021 - 17:27:58: [SM] Exception reported: Language phrase "Unranked" not found (arg 5)
L 07/14/2021 - 17:27:58: [SM] Blaming: ranks_matchmaking.smx
L 07/14/2021 - 17:27:58: [SM] Call stack trace:
L 07/14/2021 - 17:27:58: [SM]   [0] FormatEx
L 07/14/2021 - 17:27:58: [SM]   [1] Line 174, ranks_matchmaking.sp::GetRanksNames
L 07/14/2021 - 17:27:58: [SM]   [2] Line 169, ranks_matchmaking.sp::OnMapStart
L 07/14/2021 - 17:28:23: [nextmap.smx] FATAL: Cannot load map cycle. Nextmap not loaded.
L 07/14/2021 - 17:28:23: [SM] Exception reported: Mapcycle Not Found
L 07/14/2021 - 17:28:23: [SM] Blaming: nextmap.smx
L 07/14/2021 - 17:28:23: [SM] Call stack trace:
L 07/14/2021 - 17:28:23: [SM]   [0] SetFailState
L 07/14/2021 - 17:28:23: [SM]   [1] Line 143, D:\builds\build-sourcemod-msvc12\windows-1.11\build\plugins\nextmap.sp::FindAndSetNextMap
L 07/14/2021 - 17:28:23: [SM]   [2] Line 113, D:\builds\build-sourcemod-msvc12\windows-1.11\build\plugins\nextmap.sp::OnConfigsExecuted
L 07/14/2021 - 17:28:27: Error log file session closed.
L 07/14/2021 - 17:28:27: SourceMod error session started
L 07/14/2021 - 17:28:27: Info (map "de_dust2") (file "C:\ESLSERVER\csgoserver\csgo\addons\sourcemod\logs\errors_20210714.log")
L 07/14/2021 - 17:28:27: [SM] Fatal error encountered parsing translation file "ranks_matchmaking.phrases.txt"
L 07/14/2021 - 17:28:27: [SM] Error (line 0, column 0): Stream failed to open
L 07/14/2021 - 17:28:28: [SM] Exception reported: Language phrase "Unranked" not found (arg 5)
L 07/14/2021 - 17:28:28: [SM] Blaming: ranks_matchmaking.smx
L 07/14/2021 - 17:28:28: [SM] Call stack trace:
L 07/14/2021 - 17:28:28: [SM]   [0] FormatEx
L 07/14/2021 - 17:28:28: [SM]   [1] Line 174, ranks_matchmaking.sp::GetRanksNames
L 07/14/2021 - 17:28:28: [SM]   [2] Line 169, ranks_matchmaking.sp::OnMapStart
L 07/14/2021 - 17:28:28: [nextmap.smx] FATAL: Cannot load map cycle. Nextmap not loaded.
L 07/14/2021 - 17:28:28: [SM] Exception reported: Mapcycle Not Found
L 07/14/2021 - 17:28:28: [SM] Blaming: nextmap.smx
L 07/14/2021 - 17:28:28: [SM] Call stack trace:
L 07/14/2021 - 17:28:28: [SM]   [0] SetFailState
L 07/14/2021 - 17:28:28: [SM]   [1] Line 143, D:\builds\build-sourcemod-msvc12\windows-1.11\build\plugins\nextmap.sp::FindAndSetNextMap
L 07/14/2021 - 17:28:28: [SM]   [2] Line 113, D:\builds\build-sourcemod-msvc12\windows-1.11\build\plugins\nextmap.sp::OnConfigsExecuted
L 07/14/2021 - 17:30:13: SourceMod error session started
L 07/14/2021 - 17:30:13: Info (map "de_dust2") (file "C:\ESLSERVER\csgoserver\csgo\addons\sourcemod\logs\errors_20210714.log")
L 07/14/2021 - 17:30:13: [SM] Unable to load plugin "bot_inventory.smx": Native "eItems_AreItemsSynced" was not found
L 07/14/2021 - 17:30:13: [SM] Unable to load plugin "bot_stuff.smx": Could not find required plugin "navmesh"
L 07/14/2021 - 17:30:13: [SM] Fatal error encountered parsing translation file "ranks_matchmaking.phrases.txt"
L 07/14/2021 - 17:30:13: [SM] Error (line 0, column 0): Stream failed to open
L 07/14/2021 - 17:30:15: [SM] Exception reported: Language phrase "Unranked" not found (arg 5)
L 07/14/2021 - 17:30:15: [SM] Blaming: ranks_matchmaking.smx
L 07/14/2021 - 17:30:15: [SM] Call stack trace:
L 07/14/2021 - 17:30:15: [SM]   [0] FormatEx
L 07/14/2021 - 17:30:15: [SM]   [1] Line 174, ranks_matchmaking.sp::GetRanksNames
L 07/14/2021 - 17:30:15: [SM]   [2] Line 169, ranks_matchmaking.sp::OnMapStart
L 07/14/2021 - 17:30:24: Error log file session closed.
L 07/14/2021 - 17:30:24: SourceMod error session started
L 07/14/2021 - 17:30:24: Info (map "de_dust2") (file "C:\ESLSERVER\csgoserver\csgo\addons\sourcemod\logs\errors_20210714.log")
L 07/14/2021 - 17:30:24: [SM] Fatal error encountered parsing translation file "ranks_matchmaking.phrases.txt"
L 07/14/2021 - 17:30:24: [SM] Error (line 0, column 0): Stream failed to open
L 07/14/2021 - 17:30:25: [nextmap.smx] FATAL: Cannot load map cycle. Nextmap not loaded.
L 07/14/2021 - 17:30:25: [SM] Exception reported: Mapcycle Not Found
L 07/14/2021 - 17:30:25: [SM] Blaming: nextmap.smx
L 07/14/2021 - 17:30:25: [SM] Call stack trace:
L 07/14/2021 - 17:30:25: [SM]   [0] SetFailState
L 07/14/2021 - 17:30:25: [SM]   [1] Line 143, D:\builds\build-sourcemod-msvc12\windows-1.11\build\plugins\nextmap.sp::FindAndSetNextMap
L 07/14/2021 - 17:30:25: [SM]   [2] Line 113, D:\builds\build-sourcemod-msvc12\windows-1.11\build\plugins\nextmap.sp::OnConfigsExecuted
L 07/14/2021 - 17:30:26: [SM] Exception reported: Language phrase "Unranked" not found (arg 5)
L 07/14/2021 - 17:30:26: [SM] Blaming: ranks_matchmaking.smx
L 07/14/2021 - 17:30:26: [SM] Call stack trace:
L 07/14/2021 - 17:30:26: [SM]   [0] FormatEx
L 07/14/2021 - 17:30:26: [SM]   [1] Line 174, ranks_matchmaking.sp::GetRanksNames
L 07/14/2021 - 17:30:26: [SM]   [2] Line 169, ranks_matchmaking.sp::OnMapStart
L 07/14/2021 - 18:14:02: Error log file session closed.
L 07/14/2021 - 18:14:02: SourceMod error session started
L 07/14/2021 - 18:14:02: Info (map "de_dust2") (file "C:\ESLSERVER\csgoserver\csgo\addons\sourcemod\logs\errors_20210714.log")
L 07/14/2021 - 18:14:02: [SM] Fatal error encountered parsing translation file "ranks_matchmaking.phrases.txt"
L 07/14/2021 - 18:14:02: [SM] Error (line 0, column 0): Stream failed to open
L 07/14/2021 - 18:14:03: [SM] Exception reported: Language phrase "Unranked" not found (arg 5)
L 07/14/2021 - 18:14:03: [SM] Blaming: ranks_matchmaking.smx
L 07/14/2021 - 18:14:03: [SM] Call stack trace:
L 07/14/2021 - 18:14:03: [SM]   [0] FormatEx
L 07/14/2021 - 18:14:03: [SM]   [1] Line 174, ranks_matchmaking.sp::GetRanksNames
L 07/14/2021 - 18:14:03: [SM]   [2] Line 169, ranks_matchmaking.sp::OnMapStart
L 07/14/2021 - 18:14:03: [nextmap.smx] FATAL: Cannot load map cycle. Nextmap not loaded.
L 07/14/2021 - 18:14:03: [SM] Exception reported: Mapcycle Not Found
L 07/14/2021 - 18:14:03: [SM] Blaming: nextmap.smx
L 07/14/2021 - 18:14:03: [SM] Call stack trace:
L 07/14/2021 - 18:14:03: [SM]   [0] SetFailState
L 07/14/2021 - 18:14:03: [SM]   [1] Line 143, D:\builds\build-sourcemod-msvc12\windows-1.11\build\plugins\nextmap.sp::FindAndSetNextMap
L 07/14/2021 - 18:14:03: [SM]   [2] Line 113, D:\builds\build-sourcemod-msvc12\windows-1.11\build\plugins\nextmap.sp::OnConfigsExecuted
L 07/14/2021 - 22:10:58: SourceMod error session started
L 07/14/2021 - 22:10:58: Info (map "de_dust2") (file "C:\ESLSERVER\csgoserver\csgo\addons\sourcemod\logs\errors_20210714.log")
L 07/14/2021 - 22:10:58: [SM] Unable to load plugin "bot_inventory.smx": Native "eItems_AreItemsSynced" was not found
L 07/14/2021 - 22:10:58: [SM] Unable to load plugin "bot_stuff.smx": Could not find required plugin "navmesh"
L 07/14/2021 - 22:10:58: [SM] Fatal error encountered parsing translation file "ranks_matchmaking.phrases.txt"
L 07/14/2021 - 22:10:58: [SM] Error (line 0, column 0): Stream failed to open
L 07/14/2021 - 22:11:03: [SM] Exception reported: Language phrase "Unranked" not found (arg 5)
L 07/14/2021 - 22:11:03: [SM] Blaming: ranks_matchmaking.smx
L 07/14/2021 - 22:11:03: [SM] Call stack trace:
L 07/14/2021 - 22:11:03: [SM]   [0] FormatEx
L 07/14/2021 - 22:11:03: [SM]   [1] Line 174, ranks_matchmaking.sp::GetRanksNames
L 07/14/2021 - 22:11:03: [SM]   [2] Line 169, ranks_matchmaking.sp::OnMapStart
L 07/14/2021 - 22:11:17: Error log file session closed.
L 07/14/2021 - 22:11:17: SourceMod error session started
L 07/14/2021 - 22:11:17: Info (map "de_dust2") (file "C:\ESLSERVER\csgoserver\csgo\addons\sourcemod\logs\errors_20210714.log")
L 07/14/2021 - 22:11:17: [SM] Fatal error encountered parsing translation file "ranks_matchmaking.phrases.txt"
L 07/14/2021 - 22:11:17: [SM] Error (line 0, column 0): Stream failed to open
L 07/14/2021 - 22:11:18: [SM] Exception reported: Language phrase "Unranked" not found (arg 5)
L 07/14/2021 - 22:11:18: [SM] Blaming: ranks_matchmaking.smx
L 07/14/2021 - 22:11:18: [SM] Call stack trace:
L 07/14/2021 - 22:11:18: [SM]   [0] FormatEx
L 07/14/2021 - 22:11:18: [SM]   [1] Line 174, ranks_matchmaking.sp::GetRanksNames
L 07/14/2021 - 22:11:18: [SM]   [2] Line 169, ranks_matchmaking.sp::OnMapStart
L 07/14/2021 - 22:11:18: [nextmap.smx] FATAL: Cannot load map cycle. Nextmap not loaded.
L 07/14/2021 - 22:11:18: [SM] Exception reported: Mapcycle Not Found
L 07/14/2021 - 22:11:18: [SM] Blaming: nextmap.smx
L 07/14/2021 - 22:11:18: [SM] Call stack trace:
L 07/14/2021 - 22:11:18: [SM]   [0] SetFailState
L 07/14/2021 - 22:11:18: [SM]   [1] Line 143, D:\builds\build-sourcemod-msvc12\windows-1.11\build\plugins\nextmap.sp::FindAndSetNextMap
L 07/14/2021 - 22:11:18: [SM]   [2] Line 113, D:\builds\build-sourcemod-msvc12\windows-1.11\build\plugins\nextmap.sp::OnConfigsExecuted
L 07/14/2021 - 23:01:10: SourceMod error session started
L 07/14/2021 - 23:01:10: Info (map "de_dust2") (file "C:\ESLSERVER\csgoserver\csgo\addons\sourcemod\logs\errors_20210714.log")
L 07/14/2021 - 23:01:10: [SM] Unable to load plugin "bot_inventory.smx": Native "eItems_AreItemsSynced" was not found
L 07/14/2021 - 23:01:11: [SM] Unable to load plugin "bot_stuff.smx": Could not find required plugin "navmesh"
L 07/14/2021 - 23:01:11: [SM] Fatal error encountered parsing translation file "ranks_matchmaking.phrases.txt"
L 07/14/2021 - 23:01:11: [SM] Error (line 0, column 0): Stream failed to open
L 07/14/2021 - 23:01:16: [SM] Exception reported: Language phrase "Unranked" not found (arg 5)
L 07/14/2021 - 23:01:16: [SM] Blaming: ranks_matchmaking.smx
L 07/14/2021 - 23:01:16: [SM] Call stack trace:
L 07/14/2021 - 23:01:16: [SM]   [0] FormatEx
L 07/14/2021 - 23:01:16: [SM]   [1] Line 174, ranks_matchmaking.sp::GetRanksNames
L 07/14/2021 - 23:01:16: [SM]   [2] Line 169, ranks_matchmaking.sp::OnMapStart
L 07/14/2021 - 23:01:26: Error log file session closed.
L 07/14/2021 - 23:01:26: SourceMod error session started
L 07/14/2021 - 23:01:26: Info (map "de_dust2") (file "C:\ESLSERVER\csgoserver\csgo\addons\sourcemod\logs\errors_20210714.log")
L 07/14/2021 - 23:01:26: [SM] Fatal error encountered parsing translation file "ranks_matchmaking.phrases.txt"
L 07/14/2021 - 23:01:26: [SM] Error (line 0, column 0): Stream failed to open
L 07/14/2021 - 23:01:27: [SM] Exception reported: Language phrase "Unranked" not found (arg 5)
L 07/14/2021 - 23:01:27: [SM] Blaming: ranks_matchmaking.smx
L 07/14/2021 - 23:01:27: [SM] Call stack trace:
L 07/14/2021 - 23:01:27: [SM]   [0] FormatEx
L 07/14/2021 - 23:01:27: [SM]   [1] Line 174, ranks_matchmaking.sp::GetRanksNames
L 07/14/2021 - 23:01:27: [SM]   [2] Line 169, ranks_matchmaking.sp::OnMapStart
L 07/14/2021 - 23:01:27: [nextmap.smx] FATAL: Cannot load map cycle. Nextmap not loaded.
L 07/14/2021 - 23:01:27: [SM] Exception reported: Mapcycle Not Found
L 07/14/2021 - 23:01:27: [SM] Blaming: nextmap.smx
L 07/14/2021 - 23:01:27: [SM] Call stack trace:
L 07/14/2021 - 23:01:27: [SM]   [0] SetFailState
L 07/14/2021 - 23:01:27: [SM]   [1] Line 143, D:\builds\build-sourcemod-msvc12\windows-1.11\build\plugins\nextmap.sp::FindAndSetNextMap
L 07/14/2021 - 23:01:27: [SM]   [2] Line 113, D:\builds\build-sourcemod-msvc12\windows-1.11\build\plugins\nextmap.sp::OnConfigsExecuted
L 07/14/2021 - 23:03:27: Error log file session closed.
L 07/14/2021 - 23:03:27: SourceMod error session started
L 07/14/2021 - 23:03:27: Info (map "de_cache") (file "C:\ESLSERVER\csgoserver\csgo\addons\sourcemod\logs\errors_20210714.log")
L 07/14/2021 - 23:03:27: [SM] Fatal error encountered parsing translation file "ranks_matchmaking.phrases.txt"
L 07/14/2021 - 23:03:27: [SM] Error (line 0, column 0): Stream failed to open
L 07/14/2021 - 23:03:28: [SM] Exception reported: Language phrase "Unranked" not found (arg 5)
L 07/14/2021 - 23:03:28: [SM] Blaming: ranks_matchmaking.smx
L 07/14/2021 - 23:03:28: [SM] Call stack trace:
L 07/14/2021 - 23:03:28: [SM]   [0] FormatEx
L 07/14/2021 - 23:03:28: [SM]   [1] Line 174, ranks_matchmaking.sp::GetRanksNames
L 07/14/2021 - 23:03:28: [SM]   [2] Line 169, ranks_matchmaking.sp::OnMapStart
L 07/14/2021 - 23:03:29: [nextmap.smx] FATAL: Cannot load map cycle. Nextmap not loaded.
L 07/14/2021 - 23:03:29: [SM] Exception reported: Mapcycle Not Found
L 07/14/2021 - 23:03:29: [SM] Blaming: nextmap.smx
L 07/14/2021 - 23:03:29: [SM] Call stack trace:
L 07/14/2021 - 23:03:29: [SM]   [0] SetFailState
L 07/14/2021 - 23:03:29: [SM]   [1] Line 143, D:\builds\build-sourcemod-msvc12\windows-1.11\build\plugins\nextmap.sp::FindAndSetNextMap
L 07/14/2021 - 23:03:29: [SM]   [2] Line 113, D:\builds\build-sourcemod-msvc12\windows-1.11\build\plugins\nextmap.sp::OnConfigsExecuted
L 07/14/2021 - 23:35:01: SourceMod error session started
L 07/14/2021 - 23:35:01: Info (map "de_dust2") (file "C:\ESLSERVER\csgoserver\csgo\addons\sourcemod\logs\errors_20210714.log")
L 07/14/2021 - 23:35:01: [SM] Unable to load plugin "bot_inventory.smx": Native "eItems_AreItemsSynced" was not found
L 07/14/2021 - 23:35:01: [SM] Unable to load plugin "bot_stuff.smx": Could not find required plugin "navmesh"
L 07/14/2021 - 23:35:01: [SM] Fatal error encountered parsing translation file "ranks_matchmaking.phrases.txt"
L 07/14/2021 - 23:35:01: [SM] Error (line 0, column 0): Stream failed to open
L 07/14/2021 - 23:35:05: [SM] Exception reported: Language phrase "Unranked" not found (arg 5)
L 07/14/2021 - 23:35:05: [SM] Blaming: ranks_matchmaking.smx
L 07/14/2021 - 23:35:05: [SM] Call stack trace:
L 07/14/2021 - 23:35:05: [SM]   [0] FormatEx
L 07/14/2021 - 23:35:05: [SM]   [1] Line 174, ranks_matchmaking.sp::GetRanksNames
L 07/14/2021 - 23:35:05: [SM]   [2] Line 169, ranks_matchmaking.sp::OnMapStart
L 07/14/2021 - 23:35:15: [nextmap.smx] FATAL: Cannot load map cycle. Nextmap not loaded.
L 07/14/2021 - 23:35:15: [SM] Exception reported: Mapcycle Not Found
L 07/14/2021 - 23:35:15: [SM] Blaming: nextmap.smx
L 07/14/2021 - 23:35:15: [SM] Call stack trace:
L 07/14/2021 - 23:35:15: [SM]   [0] SetFailState
L 07/14/2021 - 23:35:15: [SM]   [1] Line 143, D:\builds\build-sourcemod-msvc12\windows-1.11\build\plugins\nextmap.sp::FindAndSetNextMap
L 07/14/2021 - 23:35:15: [SM]   [2] Line 113, D:\builds\build-sourcemod-msvc12\windows-1.11\build\plugins\nextmap.sp::OnConfigsExecuted
L 07/14/2021 - 23:35:19: Error log file session closed.
L 07/14/2021 - 23:35:19: SourceMod error session started
L 07/14/2021 - 23:35:19: Info (map "de_dust2") (file "C:\ESLSERVER\csgoserver\csgo\addons\sourcemod\logs\errors_20210714.log")
L 07/14/2021 - 23:35:19: [SM] Fatal error encountered parsing translation file "ranks_matchmaking.phrases.txt"
L 07/14/2021 - 23:35:19: [SM] Error (line 0, column 0): Stream failed to open
L 07/14/2021 - 23:35:20: [SM] Exception reported: Language phrase "Unranked" not found (arg 5)
L 07/14/2021 - 23:35:20: [SM] Blaming: ranks_matchmaking.smx
L 07/14/2021 - 23:35:20: [SM] Call stack trace:
L 07/14/2021 - 23:35:20: [SM]   [0] FormatEx
L 07/14/2021 - 23:35:20: [SM]   [1] Line 174, ranks_matchmaking.sp::GetRanksNames
L 07/14/2021 - 23:35:20: [SM]   [2] Line 169, ranks_matchmaking.sp::OnMapStart
L 07/14/2021 - 23:35:20: [nextmap.smx] FATAL: Cannot load map cycle. Nextmap not loaded.
L 07/14/2021 - 23:35:20: [SM] Exception reported: Mapcycle Not Found
L 07/14/2021 - 23:35:20: [SM] Blaming: nextmap.smx
L 07/14/2021 - 23:35:20: [SM] Call stack trace:
L 07/14/2021 - 23:35:20: [SM]   [0] SetFailState
L 07/14/2021 - 23:35:20: [SM]   [1] Line 143, D:\builds\build-sourcemod-msvc12\windows-1.11\build\plugins\nextmap.sp::FindAndSetNextMap
L 07/14/2021 - 23:35:20: [SM]   [2] Line 113, D:\builds\build-sourcemod-msvc12\windows-1.11\build\plugins\nextmap.sp::OnConfigsExecuted
L 07/14/2021 - 23:37:07: SourceMod error session started
L 07/14/2021 - 23:37:07: Info (map "de_dust2") (file "C:\ESLSERVER\csgoserver\csgo\addons\sourcemod\logs\errors_20210714.log")
L 07/14/2021 - 23:37:07: [SM] Unable to load plugin "bot_inventory.smx": Native "eItems_AreItemsSynced" was not found
L 07/14/2021 - 23:37:07: [SM] Unable to load plugin "bot_stuff.smx": Could not find required plugin "navmesh"
L 07/14/2021 - 23:37:07: [SM] Fatal error encountered parsing translation file "ranks_matchmaking.phrases.txt"
L 07/14/2021 - 23:37:07: [SM] Error (line 0, column 0): Stream failed to open
L 07/14/2021 - 23:37:10: [SM] Exception reported: Language phrase "Unranked" not found (arg 5)
L 07/14/2021 - 23:37:10: [SM] Blaming: ranks_matchmaking.smx
L 07/14/2021 - 23:37:10: [SM] Call stack trace:
L 07/14/2021 - 23:37:10: [SM]   [0] FormatEx
L 07/14/2021 - 23:37:10: [SM]   [1] Line 174, ranks_matchmaking.sp::GetRanksNames
L 07/14/2021 - 23:37:10: [SM]   [2] Line 169, ranks_matchmaking.sp::OnMapStart
L 07/14/2021 - 23:37:24: [nextmap.smx] FATAL: Cannot load map cycle. Nextmap not loaded.
L 07/14/2021 - 23:37:24: [SM] Exception reported: Mapcycle Not Found
L 07/14/2021 - 23:37:24: [SM] Blaming: nextmap.smx
L 07/14/2021 - 23:37:24: [SM] Call stack trace:
L 07/14/2021 - 23:37:24: [SM]   [0] SetFailState
L 07/14/2021 - 23:37:24: [SM]   [1] Line 143, D:\builds\build-sourcemod-msvc12\windows-1.11\build\plugins\nextmap.sp::FindAndSetNextMap
L 07/14/2021 - 23:37:24: [SM]   [2] Line 113, D:\builds\build-sourcemod-msvc12\windows-1.11\build\plugins\nextmap.sp::OnConfigsExecuted
L 07/14/2021 - 23:37:28: Error log file session closed.
L 07/14/2021 - 23:37:28: SourceMod error session started
L 07/14/2021 - 23:37:28: Info (map "de_dust2") (file "C:\ESLSERVER\csgoserver\csgo\addons\sourcemod\logs\errors_20210714.log")
L 07/14/2021 - 23:37:28: [SM] Fatal error encountered parsing translation file "ranks_matchmaking.phrases.txt"
L 07/14/2021 - 23:37:28: [SM] Error (line 0, column 0): Stream failed to open
L 07/14/2021 - 23:37:29: [SM] Exception reported: Language phrase "Unranked" not found (arg 5)
L 07/14/2021 - 23:37:29: [SM] Blaming: ranks_matchmaking.smx
L 07/14/2021 - 23:37:29: [SM] Call stack trace:
L 07/14/2021 - 23:37:29: [SM]   [0] FormatEx
L 07/14/2021 - 23:37:29: [SM]   [1] Line 174, ranks_matchmaking.sp::GetRanksNames
L 07/14/2021 - 23:37:29: [SM]   [2] Line 169, ranks_matchmaking.sp::OnMapStart
L 07/14/2021 - 23:37:29: [nextmap.smx] FATAL: Cannot load map cycle. Nextmap not loaded.
L 07/14/2021 - 23:37:29: [SM] Exception reported: Mapcycle Not Found
L 07/14/2021 - 23:37:29: [SM] Blaming: nextmap.smx
L 07/14/2021 - 23:37:29: [SM] Call stack trace:
L 07/14/2021 - 23:37:29: [SM]   [0] SetFailState
L 07/14/2021 - 23:37:29: [SM]   [1] Line 143, D:\builds\build-sourcemod-msvc12\windows-1.11\build\plugins\nextmap.sp::FindAndSetNextMap
L 07/14/2021 - 23:37:29: [SM]   [2] Line 113, D:\builds\build-sourcemod-msvc12\windows-1.11\build\plugins\nextmap.sp::OnConfigsExecuted
