L 01/22/2022 - 00:41:25: SourceMod error session started
L 01/22/2022 - 00:41:25: Info (map "de_mirage") (file "E:\retake\csgoserver\csgo\addons\sourcemod\logs\errors_20220122.log")
L 01/22/2022 - 00:41:25: [SM] Unable to load extension "PhysHooks.ext": Could not find patch signature for symbol: Physics_RunThinkFunctions
L 01/22/2022 - 00:41:27: [SM] Unable to load plugin "bot_inventory.smx": Native "eItems_AreItemsSynced" was not found
L 01/22/2022 - 00:41:27: [SM] Unable to load plugin "bot_stuff.smx": Could not find required plugin "navmesh"
L 01/22/2022 - 00:41:28: [SM] Unable to load plugin "LagCompensation.smx": Required extension "PhysHooks" file("PhysHooks.ext") not running
L 01/22/2022 - 00:41:30: [SM] Fatal error encountered parsing translation file "ranks_matchmaking.phrases.txt"
L 01/22/2022 - 00:41:30: [SM] Error (line 0, column 0): Stream failed to open
L 01/22/2022 - 00:41:30: [SM] Fatal error encountered parsing translation file "instadefuse.phrases.txt"
L 01/22/2022 - 00:41:30: [SM] Error (line 0, column 0): Stream failed to open
L 01/22/2022 - 00:41:50: [SM] Exception reported: Language phrase "Unranked" not found (arg 5)
L 01/22/2022 - 00:41:50: [SM] Blaming: ranks_matchmaking.smx
L 01/22/2022 - 00:41:50: [SM] Call stack trace:
L 01/22/2022 - 00:41:50: [SM]   [0] FormatEx
L 01/22/2022 - 00:41:50: [SM]   [1] Line 174, ranks_matchmaking.sp::GetRanksNames
L 01/22/2022 - 00:41:50: [SM]   [2] Line 169, ranks_matchmaking.sp::OnMapStart
L 01/22/2022 - 00:42:12: Error log file session closed.
L 01/22/2022 - 00:42:12: SourceMod error session started
L 01/22/2022 - 00:42:12: Info (map "de_mirage") (file "E:\retake\csgoserver\csgo\addons\sourcemod\logs\errors_20220122.log")
L 01/22/2022 - 00:42:12: [SM] Fatal error encountered parsing translation file "ranks_matchmaking.phrases.txt"
L 01/22/2022 - 00:42:12: [SM] Error (line 0, column 0): Stream failed to open
L 01/22/2022 - 00:42:12: [SM] Fatal error encountered parsing translation file "instadefuse.phrases.txt"
L 01/22/2022 - 00:42:12: [SM] Error (line 0, column 0): Stream failed to open
L 01/22/2022 - 00:42:13: [SM] Exception reported: Language phrase "Unranked" not found (arg 5)
L 01/22/2022 - 00:42:13: [SM] Blaming: ranks_matchmaking.smx
L 01/22/2022 - 00:42:13: [SM] Call stack trace:
L 01/22/2022 - 00:42:13: [SM]   [0] FormatEx
L 01/22/2022 - 00:42:13: [SM]   [1] Line 174, ranks_matchmaking.sp::GetRanksNames
L 01/22/2022 - 00:42:13: [SM]   [2] Line 169, ranks_matchmaking.sp::OnMapStart
L 01/22/2022 - 00:50:56: [SM] Exception reported: Language phrase "InstaDefuseSuccessful" not found (arg 5)
L 01/22/2022 - 00:50:56: [SM] Blaming: retakes-instadefuse.smx
L 01/22/2022 - 00:50:56: [SM] Call stack trace:
L 01/22/2022 - 00:50:56: [SM]   [0] PrintToChat
L 01/22/2022 - 00:50:56: [SM]   [1] Line 197, plugin.sp::AttemptInstantDefuse
L 01/22/2022 - 00:50:56: [SM]   [2] Line 104, plugin.sp::Event_BombBeginDefusePlusFrame
L 01/22/2022 - 00:51:10: [SM] Exception reported: Language phrase "InstaDefuseSuccessful" not found (arg 5)
L 01/22/2022 - 00:51:10: [SM] Blaming: retakes-instadefuse.smx
L 01/22/2022 - 00:51:10: [SM] Call stack trace:
L 01/22/2022 - 00:51:10: [SM]   [0] PrintToChat
L 01/22/2022 - 00:51:10: [SM]   [1] Line 197, plugin.sp::AttemptInstantDefuse
L 01/22/2022 - 00:51:10: [SM]   [2] Line 104, plugin.sp::Event_BombBeginDefusePlusFrame
L 01/22/2022 - 00:51:52: [SM] Exception reported: Language phrase "InstaDefuseSuccessful" not found (arg 5)
L 01/22/2022 - 00:51:52: [SM] Blaming: retakes-instadefuse.smx
L 01/22/2022 - 00:51:52: [SM] Call stack trace:
L 01/22/2022 - 00:51:52: [SM]   [0] PrintToChat
L 01/22/2022 - 00:51:52: [SM]   [1] Line 197, plugin.sp::AttemptInstantDefuse
L 01/22/2022 - 00:51:52: [SM]   [2] Line 104, plugin.sp::Event_BombBeginDefusePlusFrame
L 01/22/2022 - 00:52:07: [SM] Exception reported: Language phrase "InstaDefuseSuccessful" not found (arg 5)
L 01/22/2022 - 00:52:07: [SM] Blaming: retakes-instadefuse.smx
L 01/22/2022 - 00:52:07: [SM] Call stack trace:
L 01/22/2022 - 00:52:07: [SM]   [0] PrintToChat
L 01/22/2022 - 00:52:07: [SM]   [1] Line 197, plugin.sp::AttemptInstantDefuse
L 01/22/2022 - 00:52:07: [SM]   [2] Line 104, plugin.sp::Event_BombBeginDefusePlusFrame
L 01/22/2022 - 00:52:25: [SM] Exception reported: Language phrase "InstaDefuseSuccessful" not found (arg 5)
L 01/22/2022 - 00:52:25: [SM] Blaming: retakes-instadefuse.smx
L 01/22/2022 - 00:52:25: [SM] Call stack trace:
L 01/22/2022 - 00:52:25: [SM]   [0] PrintToChat
L 01/22/2022 - 00:52:25: [SM]   [1] Line 197, plugin.sp::AttemptInstantDefuse
L 01/22/2022 - 00:52:25: [SM]   [2] Line 104, plugin.sp::Event_BombBeginDefusePlusFrame
L 01/22/2022 - 00:52:38: [SM] Exception reported: Language phrase "InstaDefuseSuccessful" not found (arg 5)
L 01/22/2022 - 00:52:38: [SM] Blaming: retakes-instadefuse.smx
L 01/22/2022 - 00:52:38: [SM] Call stack trace:
L 01/22/2022 - 00:52:38: [SM]   [0] PrintToChat
L 01/22/2022 - 00:52:38: [SM]   [1] Line 197, plugin.sp::AttemptInstantDefuse
L 01/22/2022 - 00:52:38: [SM]   [2] Line 104, plugin.sp::Event_BombBeginDefusePlusFrame
L 01/22/2022 - 00:52:54: [SM] Exception reported: Language phrase "InstaDefuseSuccessful" not found (arg 5)
L 01/22/2022 - 00:52:54: [SM] Blaming: retakes-instadefuse.smx
L 01/22/2022 - 00:52:54: [SM] Call stack trace:
L 01/22/2022 - 00:52:54: [SM]   [0] PrintToChat
L 01/22/2022 - 00:52:54: [SM]   [1] Line 197, plugin.sp::AttemptInstantDefuse
L 01/22/2022 - 00:52:54: [SM]   [2] Line 104, plugin.sp::Event_BombBeginDefusePlusFrame
L 01/22/2022 - 00:53:54: [SM] Exception reported: Language phrase "InstaDefuseSuccessful" not found (arg 5)
L 01/22/2022 - 00:53:54: [SM] Blaming: retakes-instadefuse.smx
L 01/22/2022 - 00:53:54: [SM] Call stack trace:
L 01/22/2022 - 00:53:54: [SM]   [0] PrintToChat
L 01/22/2022 - 00:53:54: [SM]   [1] Line 197, plugin.sp::AttemptInstantDefuse
L 01/22/2022 - 00:53:54: [SM]   [2] Line 104, plugin.sp::Event_BombBeginDefusePlusFrame
L 01/22/2022 - 00:54:10: [SM] Exception reported: Language phrase "InstaDefuseSuccessful" not found (arg 5)
L 01/22/2022 - 00:54:10: [SM] Blaming: retakes-instadefuse.smx
L 01/22/2022 - 00:54:10: [SM] Call stack trace:
L 01/22/2022 - 00:54:10: [SM]   [0] PrintToChat
L 01/22/2022 - 00:54:10: [SM]   [1] Line 197, plugin.sp::AttemptInstantDefuse
L 01/22/2022 - 00:54:10: [SM]   [2] Line 104, plugin.sp::Event_BombBeginDefusePlusFrame
L 01/22/2022 - 00:54:24: [SM] Exception reported: Language phrase "InstaDefuseSuccessful" not found (arg 5)
L 01/22/2022 - 00:54:24: [SM] Blaming: retakes-instadefuse.smx
L 01/22/2022 - 00:54:24: [SM] Call stack trace:
L 01/22/2022 - 00:54:24: [SM]   [0] PrintToChat
L 01/22/2022 - 00:54:24: [SM]   [1] Line 197, plugin.sp::AttemptInstantDefuse
L 01/22/2022 - 00:54:24: [SM]   [2] Line 104, plugin.sp::Event_BombBeginDefusePlusFrame
L 01/22/2022 - 00:54:41: [SM] Exception reported: Language phrase "InstaDefuseSuccessful" not found (arg 5)
L 01/22/2022 - 00:54:41: [SM] Blaming: retakes-instadefuse.smx
L 01/22/2022 - 00:54:41: [SM] Call stack trace:
L 01/22/2022 - 00:54:41: [SM]   [0] PrintToChat
L 01/22/2022 - 00:54:41: [SM]   [1] Line 197, plugin.sp::AttemptInstantDefuse
L 01/22/2022 - 00:54:41: [SM]   [2] Line 104, plugin.sp::Event_BombBeginDefusePlusFrame
L 01/22/2022 - 00:54:56: [SM] Exception reported: Language phrase "InstaDefuseSuccessful" not found (arg 5)
L 01/22/2022 - 00:54:56: [SM] Blaming: retakes-instadefuse.smx
L 01/22/2022 - 00:54:56: [SM] Call stack trace:
L 01/22/2022 - 00:54:56: [SM]   [0] PrintToChat
L 01/22/2022 - 00:54:56: [SM]   [1] Line 197, plugin.sp::AttemptInstantDefuse
L 01/22/2022 - 00:54:56: [SM]   [2] Line 104, plugin.sp::Event_BombBeginDefusePlusFrame
L 01/22/2022 - 00:54:58: [SM] Exception reported: Language phrase "InstaDefuseSuccessful" not found (arg 5)
L 01/22/2022 - 00:54:58: [SM] Blaming: retakes-instadefuse.smx
L 01/22/2022 - 00:54:58: [SM] Call stack trace:
L 01/22/2022 - 00:54:58: [SM]   [0] PrintToChat
L 01/22/2022 - 00:54:58: [SM]   [1] Line 197, plugin.sp::AttemptInstantDefuse
L 01/22/2022 - 00:54:58: [SM]   [2] Line 104, plugin.sp::Event_BombBeginDefusePlusFrame
L 01/22/2022 - 00:55:21: [SM] Exception reported: Language phrase "InstaDefuseSuccessful" not found (arg 5)
L 01/22/2022 - 00:55:21: [SM] Blaming: retakes-instadefuse.smx
L 01/22/2022 - 00:55:21: [SM] Call stack trace:
L 01/22/2022 - 00:55:21: [SM]   [0] PrintToChat
L 01/22/2022 - 00:55:21: [SM]   [1] Line 197, plugin.sp::AttemptInstantDefuse
L 01/22/2022 - 00:55:21: [SM]   [2] Line 104, plugin.sp::Event_BombBeginDefusePlusFrame
L 01/22/2022 - 00:55:40: [SM] Exception reported: Language phrase "InstaDefuseSuccessful" not found (arg 5)
L 01/22/2022 - 00:55:40: [SM] Blaming: retakes-instadefuse.smx
L 01/22/2022 - 00:55:40: [SM] Call stack trace:
L 01/22/2022 - 00:55:40: [SM]   [0] PrintToChat
L 01/22/2022 - 00:55:40: [SM]   [1] Line 197, plugin.sp::AttemptInstantDefuse
L 01/22/2022 - 00:55:40: [SM]   [2] Line 104, plugin.sp::Event_BombBeginDefusePlusFrame
L 01/22/2022 - 00:56:05: [SM] Exception reported: Language phrase "InstaDefuseSuccessful" not found (arg 5)
L 01/22/2022 - 00:56:05: [SM] Blaming: retakes-instadefuse.smx
L 01/22/2022 - 00:56:05: [SM] Call stack trace:
L 01/22/2022 - 00:56:05: [SM]   [0] PrintToChat
L 01/22/2022 - 00:56:05: [SM]   [1] Line 197, plugin.sp::AttemptInstantDefuse
L 01/22/2022 - 00:56:05: [SM]   [2] Line 104, plugin.sp::Event_BombBeginDefusePlusFrame
L 01/22/2022 - 00:56:21: [SM] Exception reported: Language phrase "InstaDefuseSuccessful" not found (arg 5)
L 01/22/2022 - 00:56:21: [SM] Blaming: retakes-instadefuse.smx
L 01/22/2022 - 00:56:21: [SM] Call stack trace:
L 01/22/2022 - 00:56:21: [SM]   [0] PrintToChat
L 01/22/2022 - 00:56:21: [SM]   [1] Line 197, plugin.sp::AttemptInstantDefuse
L 01/22/2022 - 00:56:21: [SM]   [2] Line 104, plugin.sp::Event_BombBeginDefusePlusFrame
L 01/22/2022 - 00:56:39: [SM] Exception reported: Language phrase "InstaDefuseSuccessful" not found (arg 5)
L 01/22/2022 - 00:56:39: [SM] Blaming: retakes-instadefuse.smx
L 01/22/2022 - 00:56:39: [SM] Call stack trace:
L 01/22/2022 - 00:56:39: [SM]   [0] PrintToChat
L 01/22/2022 - 00:56:39: [SM]   [1] Line 197, plugin.sp::AttemptInstantDefuse
L 01/22/2022 - 00:56:39: [SM]   [2] Line 104, plugin.sp::Event_BombBeginDefusePlusFrame
L 01/22/2022 - 00:57:16: [SM] Exception reported: Language phrase "InstaDefuseUnsuccessful" not found (arg 5)
L 01/22/2022 - 00:57:16: [SM] Blaming: retakes-instadefuse.smx
L 01/22/2022 - 00:57:16: [SM] Call stack trace:
L 01/22/2022 - 00:57:16: [SM]   [0] PrintToChat
L 01/22/2022 - 00:57:16: [SM]   [1] Line 143, plugin.sp::AttemptInstantDefuse
L 01/22/2022 - 00:57:16: [SM]   [2] Line 104, plugin.sp::Event_BombBeginDefusePlusFrame
L 01/22/2022 - 00:57:16: [SM] Exception reported: Language phrase "InstaDefuseUnsuccessful" not found (arg 5)
L 01/22/2022 - 00:57:16: [SM] Blaming: retakes-instadefuse.smx
L 01/22/2022 - 00:57:16: [SM] Call stack trace:
L 01/22/2022 - 00:57:16: [SM]   [0] PrintToChat
L 01/22/2022 - 00:57:16: [SM]   [1] Line 143, plugin.sp::AttemptInstantDefuse
L 01/22/2022 - 00:57:16: [SM]   [2] Line 104, plugin.sp::Event_BombBeginDefusePlusFrame
L 01/22/2022 - 00:57:16: [SM] Exception reported: Language phrase "InstaDefuseUnsuccessful" not found (arg 5)
L 01/22/2022 - 00:57:16: [SM] Blaming: retakes-instadefuse.smx
L 01/22/2022 - 00:57:16: [SM] Call stack trace:
L 01/22/2022 - 00:57:16: [SM]   [0] PrintToChat
L 01/22/2022 - 00:57:16: [SM]   [1] Line 143, plugin.sp::AttemptInstantDefuse
L 01/22/2022 - 00:57:16: [SM]   [2] Line 104, plugin.sp::Event_BombBeginDefusePlusFrame
L 01/22/2022 - 00:57:16: [SM] Exception reported: Language phrase "InstaDefuseUnsuccessful" not found (arg 5)
L 01/22/2022 - 00:57:16: [SM] Blaming: retakes-instadefuse.smx
L 01/22/2022 - 00:57:16: [SM] Call stack trace:
L 01/22/2022 - 00:57:16: [SM]   [0] PrintToChat
L 01/22/2022 - 00:57:16: [SM]   [1] Line 143, plugin.sp::AttemptInstantDefuse
L 01/22/2022 - 00:57:16: [SM]   [2] Line 104, plugin.sp::Event_BombBeginDefusePlusFrame
L 01/22/2022 - 00:57:31: [SM] Exception reported: Language phrase "InstaDefuseSuccessful" not found (arg 5)
L 01/22/2022 - 00:57:31: [SM] Blaming: retakes-instadefuse.smx
L 01/22/2022 - 00:57:31: [SM] Call stack trace:
L 01/22/2022 - 00:57:31: [SM]   [0] PrintToChat
L 01/22/2022 - 00:57:31: [SM]   [1] Line 197, plugin.sp::AttemptInstantDefuse
L 01/22/2022 - 00:57:31: [SM]   [2] Line 104, plugin.sp::Event_BombBeginDefusePlusFrame
L 01/22/2022 - 00:57:48: [SM] Exception reported: Language phrase "InstaDefuseSuccessful" not found (arg 5)
L 01/22/2022 - 00:57:48: [SM] Blaming: retakes-instadefuse.smx
L 01/22/2022 - 00:57:48: [SM] Call stack trace:
L 01/22/2022 - 00:57:48: [SM]   [0] PrintToChat
L 01/22/2022 - 00:57:48: [SM]   [1] Line 197, plugin.sp::AttemptInstantDefuse
L 01/22/2022 - 00:57:48: [SM]   [2] Line 104, plugin.sp::Event_BombBeginDefusePlusFrame
L 01/22/2022 - 00:58:10: [SM] Exception reported: Language phrase "InstaDefuseSuccessful" not found (arg 5)
L 01/22/2022 - 00:58:10: [SM] Blaming: retakes-instadefuse.smx
L 01/22/2022 - 00:58:10: [SM] Call stack trace:
L 01/22/2022 - 00:58:10: [SM]   [0] PrintToChat
L 01/22/2022 - 00:58:10: [SM]   [1] Line 197, plugin.sp::AttemptInstantDefuse
L 01/22/2022 - 00:58:10: [SM]   [2] Line 104, plugin.sp::Event_BombBeginDefusePlusFrame
L 01/22/2022 - 00:58:33: [SM] Exception reported: Language phrase "InstaDefuseSuccessful" not found (arg 5)
L 01/22/2022 - 00:58:33: [SM] Blaming: retakes-instadefuse.smx
L 01/22/2022 - 00:58:33: [SM] Call stack trace:
L 01/22/2022 - 00:58:33: [SM]   [0] PrintToChat
L 01/22/2022 - 00:58:33: [SM]   [1] Line 197, plugin.sp::AttemptInstantDefuse
L 01/22/2022 - 00:58:33: [SM]   [2] Line 104, plugin.sp::Event_BombBeginDefusePlusFrame
L 01/22/2022 - 00:59:12: [SM] Exception reported: Language phrase "InstaDefuseUnsuccessful" not found (arg 5)
L 01/22/2022 - 00:59:12: [SM] Blaming: retakes-instadefuse.smx
L 01/22/2022 - 00:59:12: [SM] Call stack trace:
L 01/22/2022 - 00:59:12: [SM]   [0] PrintToChat
L 01/22/2022 - 00:59:12: [SM]   [1] Line 143, plugin.sp::AttemptInstantDefuse
L 01/22/2022 - 00:59:12: [SM]   [2] Line 104, plugin.sp::Event_BombBeginDefusePlusFrame
L 01/22/2022 - 00:59:12: [SM] Exception reported: Language phrase "InstaDefuseUnsuccessful" not found (arg 5)
L 01/22/2022 - 00:59:12: [SM] Blaming: retakes-instadefuse.smx
L 01/22/2022 - 00:59:12: [SM] Call stack trace:
L 01/22/2022 - 00:59:12: [SM]   [0] PrintToChat
L 01/22/2022 - 00:59:12: [SM]   [1] Line 143, plugin.sp::AttemptInstantDefuse
L 01/22/2022 - 00:59:12: [SM]   [2] Line 104, plugin.sp::Event_BombBeginDefusePlusFrame
L 01/22/2022 - 00:59:12: [SM] Exception reported: Language phrase "InstaDefuseUnsuccessful" not found (arg 5)
L 01/22/2022 - 00:59:12: [SM] Blaming: retakes-instadefuse.smx
L 01/22/2022 - 00:59:12: [SM] Call stack trace:
L 01/22/2022 - 00:59:12: [SM]   [0] PrintToChat
L 01/22/2022 - 00:59:12: [SM]   [1] Line 143, plugin.sp::AttemptInstantDefuse
L 01/22/2022 - 00:59:13: [SM]   [2] Line 104, plugin.sp::Event_BombBeginDefusePlusFrame
L 01/22/2022 - 00:59:13: [SM] Exception reported: Language phrase "InstaDefuseUnsuccessful" not found (arg 5)
L 01/22/2022 - 00:59:13: [SM] Blaming: retakes-instadefuse.smx
L 01/22/2022 - 00:59:13: [SM] Call stack trace:
L 01/22/2022 - 00:59:13: [SM]   [0] PrintToChat
L 01/22/2022 - 00:59:13: [SM]   [1] Line 143, plugin.sp::AttemptInstantDefuse
L 01/22/2022 - 00:59:13: [SM]   [2] Line 104, plugin.sp::Event_BombBeginDefusePlusFrame
L 01/22/2022 - 00:59:13: [SM] Exception reported: Language phrase "InstaDefuseUnsuccessful" not found (arg 5)
L 01/22/2022 - 00:59:13: [SM] Blaming: retakes-instadefuse.smx
L 01/22/2022 - 00:59:13: [SM] Call stack trace:
L 01/22/2022 - 00:59:13: [SM]   [0] PrintToChat
L 01/22/2022 - 00:59:13: [SM]   [1] Line 143, plugin.sp::AttemptInstantDefuse
L 01/22/2022 - 00:59:13: [SM]   [2] Line 104, plugin.sp::Event_BombBeginDefusePlusFrame
L 01/22/2022 - 00:59:13: [SM] Exception reported: Language phrase "InstaDefuseUnsuccessful" not found (arg 5)
L 01/22/2022 - 00:59:13: [SM] Blaming: retakes-instadefuse.smx
L 01/22/2022 - 00:59:13: [SM] Call stack trace:
L 01/22/2022 - 00:59:13: [SM]   [0] PrintToChat
L 01/22/2022 - 00:59:13: [SM]   [1] Line 143, plugin.sp::AttemptInstantDefuse
L 01/22/2022 - 00:59:13: [SM]   [2] Line 104, plugin.sp::Event_BombBeginDefusePlusFrame
L 01/22/2022 - 00:59:26: [SM] Exception reported: Language phrase "InstaDefuseSuccessful" not found (arg 5)
L 01/22/2022 - 00:59:26: [SM] Blaming: retakes-instadefuse.smx
L 01/22/2022 - 00:59:26: [SM] Call stack trace:
L 01/22/2022 - 00:59:26: [SM]   [0] PrintToChat
L 01/22/2022 - 00:59:26: [SM]   [1] Line 197, plugin.sp::AttemptInstantDefuse
L 01/22/2022 - 00:59:26: [SM]   [2] Line 104, plugin.sp::Event_BombBeginDefusePlusFrame
L 01/22/2022 - 00:59:48: [SM] Exception reported: Language phrase "InstaDefuseSuccessful" not found (arg 5)
L 01/22/2022 - 00:59:48: [SM] Blaming: retakes-instadefuse.smx
L 01/22/2022 - 00:59:48: [SM] Call stack trace:
L 01/22/2022 - 00:59:48: [SM]   [0] PrintToChat
L 01/22/2022 - 00:59:48: [SM]   [1] Line 197, plugin.sp::AttemptInstantDefuse
L 01/22/2022 - 00:59:48: [SM]   [2] Line 104, plugin.sp::Event_BombBeginDefusePlusFrame
L 01/22/2022 - 01:01:57: [SM] Exception reported: Language phrase "InstaDefuseSuccessful" not found (arg 5)
L 01/22/2022 - 01:01:57: [SM] Blaming: retakes-instadefuse.smx
L 01/22/2022 - 01:01:57: [SM] Call stack trace:
L 01/22/2022 - 01:01:57: [SM]   [0] PrintToChat
L 01/22/2022 - 01:01:57: [SM]   [1] Line 197, plugin.sp::AttemptInstantDefuse
L 01/22/2022 - 01:01:57: [SM]   [2] Line 104, plugin.sp::Event_BombBeginDefusePlusFrame
L 01/22/2022 - 01:02:16: [SM] Exception reported: Language phrase "InstaDefuseSuccessful" not found (arg 5)
L 01/22/2022 - 01:02:16: [SM] Blaming: retakes-instadefuse.smx
L 01/22/2022 - 01:02:16: [SM] Call stack trace:
L 01/22/2022 - 01:02:16: [SM]   [0] PrintToChat
L 01/22/2022 - 01:02:16: [SM]   [1] Line 197, plugin.sp::AttemptInstantDefuse
L 01/22/2022 - 01:02:16: [SM]   [2] Line 104, plugin.sp::Event_BombBeginDefusePlusFrame
L 01/22/2022 - 01:04:35: [SM] Exception reported: Language phrase "InstaDefuseSuccessful" not found (arg 5)
L 01/22/2022 - 01:04:35: [SM] Blaming: retakes-instadefuse.smx
L 01/22/2022 - 01:04:35: [SM] Call stack trace:
L 01/22/2022 - 01:04:35: [SM]   [0] PrintToChat
L 01/22/2022 - 01:04:35: [SM]   [1] Line 197, plugin.sp::AttemptInstantDefuse
L 01/22/2022 - 01:04:35: [SM]   [2] Line 104, plugin.sp::Event_BombBeginDefusePlusFrame
L 01/22/2022 - 01:06:27: [SM] Exception reported: Language phrase "InstaDefuseUnsuccessful" not found (arg 5)
L 01/22/2022 - 01:06:27: [SM] Blaming: retakes-instadefuse.smx
L 01/22/2022 - 01:06:27: [SM] Call stack trace:
L 01/22/2022 - 01:06:27: [SM]   [0] PrintToChat
L 01/22/2022 - 01:06:27: [SM]   [1] Line 143, plugin.sp::AttemptInstantDefuse
L 01/22/2022 - 01:06:27: [SM]   [2] Line 104, plugin.sp::Event_BombBeginDefusePlusFrame
L 01/22/2022 - 01:06:27: [SM] Exception reported: Language phrase "InstaDefuseUnsuccessful" not found (arg 5)
L 01/22/2022 - 01:06:27: [SM] Blaming: retakes-instadefuse.smx
L 01/22/2022 - 01:06:27: [SM] Call stack trace:
L 01/22/2022 - 01:06:27: [SM]   [0] PrintToChat
L 01/22/2022 - 01:06:27: [SM]   [1] Line 143, plugin.sp::AttemptInstantDefuse
L 01/22/2022 - 01:06:27: [SM]   [2] Line 104, plugin.sp::Event_BombBeginDefusePlusFrame
L 01/22/2022 - 01:06:27: [SM] Exception reported: Language phrase "InstaDefuseUnsuccessful" not found (arg 5)
L 01/22/2022 - 01:06:27: [SM] Blaming: retakes-instadefuse.smx
L 01/22/2022 - 01:06:27: [SM] Call stack trace:
L 01/22/2022 - 01:06:27: [SM]   [0] PrintToChat
L 01/22/2022 - 01:06:27: [SM]   [1] Line 143, plugin.sp::AttemptInstantDefuse
L 01/22/2022 - 01:06:27: [SM]   [2] Line 104, plugin.sp::Event_BombBeginDefusePlusFrame
L 01/22/2022 - 01:06:28: [SM] Exception reported: Language phrase "InstaDefuseUnsuccessful" not found (arg 5)
L 01/22/2022 - 01:06:28: [SM] Blaming: retakes-instadefuse.smx
L 01/22/2022 - 01:06:28: [SM] Call stack trace:
L 01/22/2022 - 01:06:28: [SM]   [0] PrintToChat
L 01/22/2022 - 01:06:28: [SM]   [1] Line 143, plugin.sp::AttemptInstantDefuse
L 01/22/2022 - 01:06:28: [SM]   [2] Line 104, plugin.sp::Event_BombBeginDefusePlusFrame
L 01/22/2022 - 01:06:43: [SM] Exception reported: Language phrase "InstaDefuseSuccessful" not found (arg 5)
L 01/22/2022 - 01:06:43: [SM] Blaming: retakes-instadefuse.smx
L 01/22/2022 - 01:06:43: [SM] Call stack trace:
L 01/22/2022 - 01:06:43: [SM]   [0] PrintToChat
L 01/22/2022 - 01:06:43: [SM]   [1] Line 197, plugin.sp::AttemptInstantDefuse
L 01/22/2022 - 01:06:43: [SM]   [2] Line 104, plugin.sp::Event_BombBeginDefusePlusFrame
L 01/22/2022 - 01:08:24: [SM] Exception reported: Language phrase "InstaDefuseSuccessful" not found (arg 5)
L 01/22/2022 - 01:08:24: [SM] Blaming: retakes-instadefuse.smx
L 01/22/2022 - 01:08:24: [SM] Call stack trace:
L 01/22/2022 - 01:08:24: [SM]   [0] PrintToChat
L 01/22/2022 - 01:08:24: [SM]   [1] Line 197, plugin.sp::AttemptInstantDefuse
L 01/22/2022 - 01:08:24: [SM]   [2] Line 104, plugin.sp::Event_BombBeginDefusePlusFrame
L 01/22/2022 - 01:09:26: [SM] Exception reported: Language phrase "InstaDefuseSuccessful" not found (arg 5)
L 01/22/2022 - 01:09:26: [SM] Blaming: retakes-instadefuse.smx
L 01/22/2022 - 01:09:26: [SM] Call stack trace:
L 01/22/2022 - 01:09:26: [SM]   [0] PrintToChat
L 01/22/2022 - 01:09:26: [SM]   [1] Line 197, plugin.sp::AttemptInstantDefuse
L 01/22/2022 - 01:09:26: [SM]   [2] Line 104, plugin.sp::Event_BombBeginDefusePlusFrame
L 01/22/2022 - 01:09:43: [SM] Exception reported: Language phrase "InstaDefuseSuccessful" not found (arg 5)
L 01/22/2022 - 01:09:43: [SM] Blaming: retakes-instadefuse.smx
L 01/22/2022 - 01:09:43: [SM] Call stack trace:
L 01/22/2022 - 01:09:43: [SM]   [0] PrintToChat
L 01/22/2022 - 01:09:43: [SM]   [1] Line 197, plugin.sp::AttemptInstantDefuse
L 01/22/2022 - 01:09:43: [SM]   [2] Line 104, plugin.sp::Event_BombBeginDefusePlusFrame
L 01/22/2022 - 01:10:13: [SM] Exception reported: Language phrase "InstaDefuseSuccessful" not found (arg 5)
L 01/22/2022 - 01:10:13: [SM] Blaming: retakes-instadefuse.smx
L 01/22/2022 - 01:10:13: [SM] Call stack trace:
L 01/22/2022 - 01:10:13: [SM]   [0] PrintToChat
L 01/22/2022 - 01:10:13: [SM]   [1] Line 197, plugin.sp::AttemptInstantDefuse
L 01/22/2022 - 01:10:13: [SM]   [2] Line 104, plugin.sp::Event_BombBeginDefusePlusFrame
L 01/22/2022 - 01:10:36: [SM] Exception reported: Language phrase "InstaDefuseSuccessful" not found (arg 5)
L 01/22/2022 - 01:10:36: [SM] Blaming: retakes-instadefuse.smx
L 01/22/2022 - 01:10:36: [SM] Call stack trace:
L 01/22/2022 - 01:10:36: [SM]   [0] PrintToChat
L 01/22/2022 - 01:10:36: [SM]   [1] Line 197, plugin.sp::AttemptInstantDefuse
L 01/22/2022 - 01:10:36: [SM]   [2] Line 104, plugin.sp::Event_BombBeginDefusePlusFrame
L 01/22/2022 - 01:10:57: [SM] Exception reported: Language phrase "InstaDefuseSuccessful" not found (arg 5)
L 01/22/2022 - 01:10:57: [SM] Blaming: retakes-instadefuse.smx
L 01/22/2022 - 01:10:57: [SM] Call stack trace:
L 01/22/2022 - 01:10:57: [SM]   [0] PrintToChat
L 01/22/2022 - 01:10:57: [SM]   [1] Line 197, plugin.sp::AttemptInstantDefuse
L 01/22/2022 - 01:10:57: [SM]   [2] Line 104, plugin.sp::Event_BombBeginDefusePlusFrame
L 01/22/2022 - 01:11:33: [SM] Exception reported: Language phrase "InstaDefuseSuccessful" not found (arg 5)
L 01/22/2022 - 01:11:33: [SM] Blaming: retakes-instadefuse.smx
L 01/22/2022 - 01:11:33: [SM] Call stack trace:
L 01/22/2022 - 01:11:33: [SM]   [0] PrintToChat
L 01/22/2022 - 01:11:33: [SM]   [1] Line 197, plugin.sp::AttemptInstantDefuse
L 01/22/2022 - 01:11:33: [SM]   [2] Line 104, plugin.sp::Event_BombBeginDefusePlusFrame
L 01/22/2022 - 01:12:49: [SM] Exception reported: Language phrase "InstaDefuseSuccessful" not found (arg 5)
L 01/22/2022 - 01:12:49: [SM] Blaming: retakes-instadefuse.smx
L 01/22/2022 - 01:12:49: [SM] Call stack trace:
L 01/22/2022 - 01:12:49: [SM]   [0] PrintToChat
L 01/22/2022 - 01:12:49: [SM]   [1] Line 197, plugin.sp::AttemptInstantDefuse
L 01/22/2022 - 01:12:49: [SM]   [2] Line 104, plugin.sp::Event_BombBeginDefusePlusFrame
L 01/22/2022 - 01:13:43: [SM] Exception reported: Language phrase "InstaDefuseSuccessful" not found (arg 5)
L 01/22/2022 - 01:13:43: [SM] Blaming: retakes-instadefuse.smx
L 01/22/2022 - 01:13:43: [SM] Call stack trace:
L 01/22/2022 - 01:13:43: [SM]   [0] PrintToChat
L 01/22/2022 - 01:13:43: [SM]   [1] Line 197, plugin.sp::AttemptInstantDefuse
L 01/22/2022 - 01:13:43: [SM]   [2] Line 104, plugin.sp::Event_BombBeginDefusePlusFrame
L 01/22/2022 - 01:14:02: [SM] Exception reported: Language phrase "InstaDefuseSuccessful" not found (arg 5)
L 01/22/2022 - 01:14:02: [SM] Blaming: retakes-instadefuse.smx
L 01/22/2022 - 01:14:02: [SM] Call stack trace:
L 01/22/2022 - 01:14:02: [SM]   [0] PrintToChat
L 01/22/2022 - 01:14:02: [SM]   [1] Line 197, plugin.sp::AttemptInstantDefuse
L 01/22/2022 - 01:14:02: [SM]   [2] Line 104, plugin.sp::Event_BombBeginDefusePlusFrame
L 01/22/2022 - 01:17:06: [SM] Exception reported: Language phrase "InstaDefuseSuccessful" not found (arg 5)
L 01/22/2022 - 01:17:06: [SM] Blaming: retakes-instadefuse.smx
L 01/22/2022 - 01:17:06: [SM] Call stack trace:
L 01/22/2022 - 01:17:06: [SM]   [0] PrintToChat
L 01/22/2022 - 01:17:06: [SM]   [1] Line 197, plugin.sp::AttemptInstantDefuse
L 01/22/2022 - 01:17:06: [SM]   [2] Line 104, plugin.sp::Event_BombBeginDefusePlusFrame
L 01/22/2022 - 01:18:10: [SM] Exception reported: Language phrase "InstaDefuseSuccessful" not found (arg 5)
L 01/22/2022 - 01:18:10: [SM] Blaming: retakes-instadefuse.smx
L 01/22/2022 - 01:18:11: [SM] Call stack trace:
L 01/22/2022 - 01:18:11: [SM]   [0] PrintToChat
L 01/22/2022 - 01:18:11: [SM]   [1] Line 197, plugin.sp::AttemptInstantDefuse
L 01/22/2022 - 01:18:11: [SM]   [2] Line 104, plugin.sp::Event_BombBeginDefusePlusFrame
L 01/22/2022 - 01:20:00: [SM] Exception reported: Language phrase "InstaDefuseSuccessful" not found (arg 5)
L 01/22/2022 - 01:20:00: [SM] Blaming: retakes-instadefuse.smx
L 01/22/2022 - 01:20:00: [SM] Call stack trace:
L 01/22/2022 - 01:20:00: [SM]   [0] PrintToChat
L 01/22/2022 - 01:20:00: [SM]   [1] Line 197, plugin.sp::AttemptInstantDefuse
L 01/22/2022 - 01:20:00: [SM]   [2] Line 104, plugin.sp::Event_BombBeginDefusePlusFrame
L 01/22/2022 - 01:20:18: [SM] Exception reported: Language phrase "InstaDefuseSuccessful" not found (arg 5)
L 01/22/2022 - 01:20:18: [SM] Blaming: retakes-instadefuse.smx
L 01/22/2022 - 01:20:18: [SM] Call stack trace:
L 01/22/2022 - 01:20:18: [SM]   [0] PrintToChat
L 01/22/2022 - 01:20:18: [SM]   [1] Line 197, plugin.sp::AttemptInstantDefuse
L 01/22/2022 - 01:20:18: [SM]   [2] Line 104, plugin.sp::Event_BombBeginDefusePlusFrame
L 01/22/2022 - 01:21:49: [SM] Exception reported: Language phrase "InstaDefuseSuccessful" not found (arg 5)
L 01/22/2022 - 01:21:49: [SM] Blaming: retakes-instadefuse.smx
L 01/22/2022 - 01:21:49: [SM] Call stack trace:
L 01/22/2022 - 01:21:49: [SM]   [0] PrintToChat
L 01/22/2022 - 01:21:49: [SM]   [1] Line 197, plugin.sp::AttemptInstantDefuse
L 01/22/2022 - 01:21:49: [SM]   [2] Line 104, plugin.sp::Event_BombBeginDefusePlusFrame
L 01/22/2022 - 01:22:09: [SM] Exception reported: Language phrase "InstaDefuseSuccessful" not found (arg 5)
L 01/22/2022 - 01:22:09: [SM] Blaming: retakes-instadefuse.smx
L 01/22/2022 - 01:22:09: [SM] Call stack trace:
L 01/22/2022 - 01:22:09: [SM]   [0] PrintToChat
L 01/22/2022 - 01:22:09: [SM]   [1] Line 197, plugin.sp::AttemptInstantDefuse
L 01/22/2022 - 01:22:09: [SM]   [2] Line 104, plugin.sp::Event_BombBeginDefusePlusFrame
L 01/22/2022 - 01:22:31: [SM] Exception reported: Language phrase "InstaDefuseSuccessful" not found (arg 5)
L 01/22/2022 - 01:22:31: [SM] Blaming: retakes-instadefuse.smx
L 01/22/2022 - 01:22:31: [SM] Call stack trace:
L 01/22/2022 - 01:22:31: [SM]   [0] PrintToChat
L 01/22/2022 - 01:22:31: [SM]   [1] Line 197, plugin.sp::AttemptInstantDefuse
L 01/22/2022 - 01:22:31: [SM]   [2] Line 104, plugin.sp::Event_BombBeginDefusePlusFrame
L 01/22/2022 - 01:22:34: [SM] Exception reported: Language phrase "InstaDefuseSuccessful" not found (arg 5)
L 01/22/2022 - 01:22:34: [SM] Blaming: retakes-instadefuse.smx
L 01/22/2022 - 01:22:34: [SM] Call stack trace:
L 01/22/2022 - 01:22:34: [SM]   [0] PrintToChat
L 01/22/2022 - 01:22:34: [SM]   [1] Line 197, plugin.sp::AttemptInstantDefuse
L 01/22/2022 - 01:22:34: [SM]   [2] Line 104, plugin.sp::Event_BombBeginDefusePlusFrame
L 01/22/2022 - 01:23:46: [SM] Exception reported: Language phrase "InstaDefuseSuccessful" not found (arg 5)
L 01/22/2022 - 01:23:46: [SM] Blaming: retakes-instadefuse.smx
L 01/22/2022 - 01:23:46: [SM] Call stack trace:
L 01/22/2022 - 01:23:46: [SM]   [0] PrintToChat
L 01/22/2022 - 01:23:46: [SM]   [1] Line 197, plugin.sp::AttemptInstantDefuse
L 01/22/2022 - 01:23:46: [SM]   [2] Line 104, plugin.sp::Event_BombBeginDefusePlusFrame
L 01/22/2022 - 01:24:43: [SM] Exception reported: Language phrase "InstaDefuseSuccessful" not found (arg 5)
L 01/22/2022 - 01:24:43: [SM] Blaming: retakes-instadefuse.smx
L 01/22/2022 - 01:24:43: [SM] Call stack trace:
L 01/22/2022 - 01:24:43: [SM]   [0] PrintToChat
L 01/22/2022 - 01:24:43: [SM]   [1] Line 197, plugin.sp::AttemptInstantDefuse
L 01/22/2022 - 01:24:43: [SM]   [2] Line 104, plugin.sp::Event_BombBeginDefusePlusFrame
L 01/22/2022 - 01:25:25: [SM] Exception reported: Language phrase "InstaDefuseUnsuccessful" not found (arg 5)
L 01/22/2022 - 01:25:25: [SM] Blaming: retakes-instadefuse.smx
L 01/22/2022 - 01:25:25: [SM] Call stack trace:
L 01/22/2022 - 01:25:25: [SM]   [0] PrintToChat
L 01/22/2022 - 01:25:25: [SM]   [1] Line 143, plugin.sp::AttemptInstantDefuse
L 01/22/2022 - 01:25:25: [SM]   [2] Line 104, plugin.sp::Event_BombBeginDefusePlusFrame
L 01/22/2022 - 01:25:25: [SM] Exception reported: Language phrase "InstaDefuseUnsuccessful" not found (arg 5)
L 01/22/2022 - 01:25:25: [SM] Blaming: retakes-instadefuse.smx
L 01/22/2022 - 01:25:25: [SM] Call stack trace:
L 01/22/2022 - 01:25:25: [SM]   [0] PrintToChat
L 01/22/2022 - 01:25:25: [SM]   [1] Line 143, plugin.sp::AttemptInstantDefuse
L 01/22/2022 - 01:25:25: [SM]   [2] Line 104, plugin.sp::Event_BombBeginDefusePlusFrame
L 01/22/2022 - 01:25:25: [SM] Exception reported: Language phrase "InstaDefuseUnsuccessful" not found (arg 5)
L 01/22/2022 - 01:25:25: [SM] Blaming: retakes-instadefuse.smx
L 01/22/2022 - 01:25:25: [SM] Call stack trace:
L 01/22/2022 - 01:25:25: [SM]   [0] PrintToChat
L 01/22/2022 - 01:25:25: [SM]   [1] Line 143, plugin.sp::AttemptInstantDefuse
L 01/22/2022 - 01:25:25: [SM]   [2] Line 104, plugin.sp::Event_BombBeginDefusePlusFrame
L 01/22/2022 - 01:26:29: [SM] Exception reported: Language phrase "InstaDefuseSuccessful" not found (arg 5)
L 01/22/2022 - 01:26:29: [SM] Blaming: retakes-instadefuse.smx
L 01/22/2022 - 01:26:29: [SM] Call stack trace:
L 01/22/2022 - 01:26:29: [SM]   [0] PrintToChat
L 01/22/2022 - 01:26:29: [SM]   [1] Line 197, plugin.sp::AttemptInstantDefuse
L 01/22/2022 - 01:26:29: [SM]   [2] Line 104, plugin.sp::Event_BombBeginDefusePlusFrame
L 01/22/2022 - 01:28:27: [SM] Exception reported: Language phrase "InstaDefuseSuccessful" not found (arg 5)
L 01/22/2022 - 01:28:27: [SM] Blaming: retakes-instadefuse.smx
L 01/22/2022 - 01:28:27: [SM] Call stack trace:
L 01/22/2022 - 01:28:27: [SM]   [0] PrintToChat
L 01/22/2022 - 01:28:27: [SM]   [1] Line 197, plugin.sp::AttemptInstantDefuse
L 01/22/2022 - 01:28:27: [SM]   [2] Line 104, plugin.sp::Event_BombBeginDefusePlusFrame
L 01/22/2022 - 01:28:49: [SM] Exception reported: Language phrase "InstaDefuseSuccessful" not found (arg 5)
L 01/22/2022 - 01:28:49: [SM] Blaming: retakes-instadefuse.smx
L 01/22/2022 - 01:28:49: [SM] Call stack trace:
L 01/22/2022 - 01:28:49: [SM]   [0] PrintToChat
L 01/22/2022 - 01:28:49: [SM]   [1] Line 197, plugin.sp::AttemptInstantDefuse
L 01/22/2022 - 01:28:49: [SM]   [2] Line 104, plugin.sp::Event_BombBeginDefusePlusFrame
L 01/22/2022 - 01:28:50: [SM] Exception reported: Language phrase "InstaDefuseSuccessful" not found (arg 5)
L 01/22/2022 - 01:28:50: [SM] Blaming: retakes-instadefuse.smx
L 01/22/2022 - 01:28:50: [SM] Call stack trace:
L 01/22/2022 - 01:28:50: [SM]   [0] PrintToChat
L 01/22/2022 - 01:28:50: [SM]   [1] Line 197, plugin.sp::AttemptInstantDefuse
L 01/22/2022 - 01:28:50: [SM]   [2] Line 104, plugin.sp::Event_BombBeginDefusePlusFrame
L 01/22/2022 - 01:29:44: [SM] Exception reported: Language phrase "InstaDefuseSuccessful" not found (arg 5)
L 01/22/2022 - 01:29:44: [SM] Blaming: retakes-instadefuse.smx
L 01/22/2022 - 01:29:44: [SM] Call stack trace:
L 01/22/2022 - 01:29:44: [SM]   [0] PrintToChat
L 01/22/2022 - 01:29:44: [SM]   [1] Line 197, plugin.sp::AttemptInstantDefuse
L 01/22/2022 - 01:29:44: [SM]   [2] Line 104, plugin.sp::Event_BombBeginDefusePlusFrame
L 01/22/2022 - 01:30:07: [SM] Exception reported: Language phrase "InstaDefuseSuccessful" not found (arg 5)
L 01/22/2022 - 01:30:07: [SM] Blaming: retakes-instadefuse.smx
L 01/22/2022 - 01:30:07: [SM] Call stack trace:
L 01/22/2022 - 01:30:07: [SM]   [0] PrintToChat
L 01/22/2022 - 01:30:07: [SM]   [1] Line 197, plugin.sp::AttemptInstantDefuse
L 01/22/2022 - 01:30:07: [SM]   [2] Line 104, plugin.sp::Event_BombBeginDefusePlusFrame
L 01/22/2022 - 01:31:10: [SM] Exception reported: Language phrase "InstaDefuseSuccessful" not found (arg 5)
L 01/22/2022 - 01:31:10: [SM] Blaming: retakes-instadefuse.smx
L 01/22/2022 - 01:31:10: [SM] Call stack trace:
L 01/22/2022 - 01:31:10: [SM]   [0] PrintToChat
L 01/22/2022 - 01:31:10: [SM]   [1] Line 197, plugin.sp::AttemptInstantDefuse
L 01/22/2022 - 01:31:10: [SM]   [2] Line 104, plugin.sp::Event_BombBeginDefusePlusFrame
L 01/22/2022 - 01:33:01: [SM] Exception reported: Language phrase "InstaDefuseSuccessful" not found (arg 5)
L 01/22/2022 - 01:33:01: [SM] Blaming: retakes-instadefuse.smx
L 01/22/2022 - 01:33:01: [SM] Call stack trace:
L 01/22/2022 - 01:33:01: [SM]   [0] PrintToChat
L 01/22/2022 - 01:33:01: [SM]   [1] Line 197, plugin.sp::AttemptInstantDefuse
L 01/22/2022 - 01:33:01: [SM]   [2] Line 104, plugin.sp::Event_BombBeginDefusePlusFrame
L 01/22/2022 - 01:33:38: [SM] Exception reported: Language phrase "InstaDefuseSuccessful" not found (arg 5)
L 01/22/2022 - 01:33:38: [SM] Blaming: retakes-instadefuse.smx
L 01/22/2022 - 01:33:38: [SM] Call stack trace:
L 01/22/2022 - 01:33:38: [SM]   [0] PrintToChat
L 01/22/2022 - 01:33:38: [SM]   [1] Line 197, plugin.sp::AttemptInstantDefuse
L 01/22/2022 - 01:33:38: [SM]   [2] Line 104, plugin.sp::Event_BombBeginDefusePlusFrame
L 01/22/2022 - 01:34:22: [SM] Exception reported: Language phrase "InstaDefuseSuccessful" not found (arg 5)
L 01/22/2022 - 01:34:22: [SM] Blaming: retakes-instadefuse.smx
L 01/22/2022 - 01:34:22: [SM] Call stack trace:
L 01/22/2022 - 01:34:22: [SM]   [0] PrintToChat
L 01/22/2022 - 01:34:22: [SM]   [1] Line 197, plugin.sp::AttemptInstantDefuse
L 01/22/2022 - 01:34:22: [SM]   [2] Line 104, plugin.sp::Event_BombBeginDefusePlusFrame
L 01/22/2022 - 01:34:24: [SM] Exception reported: Language phrase "InstaDefuseSuccessful" not found (arg 5)
L 01/22/2022 - 01:34:24: [SM] Blaming: retakes-instadefuse.smx
L 01/22/2022 - 01:34:24: [SM] Call stack trace:
L 01/22/2022 - 01:34:24: [SM]   [0] PrintToChat
L 01/22/2022 - 01:34:24: [SM]   [1] Line 197, plugin.sp::AttemptInstantDefuse
L 01/22/2022 - 01:34:24: [SM]   [2] Line 104, plugin.sp::Event_BombBeginDefusePlusFrame
L 01/22/2022 - 01:35:33: [SM] Exception reported: Language phrase "InstaDefuseSuccessful" not found (arg 5)
L 01/22/2022 - 01:35:33: [SM] Blaming: retakes-instadefuse.smx
L 01/22/2022 - 01:35:33: [SM] Call stack trace:
L 01/22/2022 - 01:35:33: [SM]   [0] PrintToChat
L 01/22/2022 - 01:35:33: [SM]   [1] Line 197, plugin.sp::AttemptInstantDefuse
L 01/22/2022 - 01:35:33: [SM]   [2] Line 104, plugin.sp::Event_BombBeginDefusePlusFrame
L 01/22/2022 - 01:37:40: [SM] Exception reported: Language phrase "InstaDefuseSuccessful" not found (arg 5)
L 01/22/2022 - 01:37:40: [SM] Blaming: retakes-instadefuse.smx
L 01/22/2022 - 01:37:40: [SM] Call stack trace:
L 01/22/2022 - 01:37:40: [SM]   [0] PrintToChat
L 01/22/2022 - 01:37:40: [SM]   [1] Line 197, plugin.sp::AttemptInstantDefuse
L 01/22/2022 - 01:37:40: [SM]   [2] Line 104, plugin.sp::Event_BombBeginDefusePlusFrame
L 01/22/2022 - 01:37:59: [SM] Exception reported: Language phrase "InstaDefuseSuccessful" not found (arg 5)
L 01/22/2022 - 01:37:59: [SM] Blaming: retakes-instadefuse.smx
L 01/22/2022 - 01:37:59: [SM] Call stack trace:
L 01/22/2022 - 01:37:59: [SM]   [0] PrintToChat
L 01/22/2022 - 01:37:59: [SM]   [1] Line 197, plugin.sp::AttemptInstantDefuse
L 01/22/2022 - 01:37:59: [SM]   [2] Line 104, plugin.sp::Event_BombBeginDefusePlusFrame
L 01/22/2022 - 01:38:55: [SM] Exception reported: Language phrase "InstaDefuseSuccessful" not found (arg 5)
L 01/22/2022 - 01:38:55: [SM] Blaming: retakes-instadefuse.smx
L 01/22/2022 - 01:38:55: [SM] Call stack trace:
L 01/22/2022 - 01:38:55: [SM]   [0] PrintToChat
L 01/22/2022 - 01:38:55: [SM]   [1] Line 197, plugin.sp::AttemptInstantDefuse
L 01/22/2022 - 01:38:55: [SM]   [2] Line 104, plugin.sp::Event_BombBeginDefusePlusFrame
L 01/22/2022 - 01:40:30: [SM] Exception reported: Language phrase "InstaDefuseSuccessful" not found (arg 5)
L 01/22/2022 - 01:40:30: [SM] Blaming: retakes-instadefuse.smx
L 01/22/2022 - 01:40:30: [SM] Call stack trace:
L 01/22/2022 - 01:40:30: [SM]   [0] PrintToChat
L 01/22/2022 - 01:40:30: [SM]   [1] Line 197, plugin.sp::AttemptInstantDefuse
L 01/22/2022 - 01:40:30: [SM]   [2] Line 104, plugin.sp::Event_BombBeginDefusePlusFrame
L 01/22/2022 - 01:40:31: [SM] Exception reported: Language phrase "InstaDefuseSuccessful" not found (arg 5)
L 01/22/2022 - 01:40:31: [SM] Blaming: retakes-instadefuse.smx
L 01/22/2022 - 01:40:31: [SM] Call stack trace:
L 01/22/2022 - 01:40:31: [SM]   [0] PrintToChat
L 01/22/2022 - 01:40:31: [SM]   [1] Line 197, plugin.sp::AttemptInstantDefuse
L 01/22/2022 - 01:40:31: [SM]   [2] Line 104, plugin.sp::Event_BombBeginDefusePlusFrame
L 01/22/2022 - 01:41:16: [SM] Exception reported: Language phrase "InstaDefuseSuccessful" not found (arg 5)
L 01/22/2022 - 01:41:16: [SM] Blaming: retakes-instadefuse.smx
L 01/22/2022 - 01:41:16: [SM] Call stack trace:
L 01/22/2022 - 01:41:16: [SM]   [0] PrintToChat
L 01/22/2022 - 01:41:16: [SM]   [1] Line 197, plugin.sp::AttemptInstantDefuse
L 01/22/2022 - 01:41:16: [SM]   [2] Line 104, plugin.sp::Event_BombBeginDefusePlusFrame
L 01/22/2022 - 01:41:51: [SM] Exception reported: Language phrase "InstaDefuseSuccessful" not found (arg 5)
L 01/22/2022 - 01:41:51: [SM] Blaming: retakes-instadefuse.smx
L 01/22/2022 - 01:41:51: [SM] Call stack trace:
L 01/22/2022 - 01:41:51: [SM]   [0] PrintToChat
L 01/22/2022 - 01:41:51: [SM]   [1] Line 197, plugin.sp::AttemptInstantDefuse
L 01/22/2022 - 01:41:51: [SM]   [2] Line 104, plugin.sp::Event_BombBeginDefusePlusFrame
L 01/22/2022 - 01:44:07: [SM] Exception reported: Language phrase "InstaDefuseSuccessful" not found (arg 5)
L 01/22/2022 - 01:44:07: [SM] Blaming: retakes-instadefuse.smx
L 01/22/2022 - 01:44:07: [SM] Call stack trace:
L 01/22/2022 - 01:44:07: [SM]   [0] PrintToChat
L 01/22/2022 - 01:44:07: [SM]   [1] Line 197, plugin.sp::AttemptInstantDefuse
L 01/22/2022 - 01:44:07: [SM]   [2] Line 104, plugin.sp::Event_BombBeginDefusePlusFrame
L 01/22/2022 - 01:44:28: [SM] Exception reported: Language phrase "InstaDefuseSuccessful" not found (arg 5)
L 01/22/2022 - 01:44:28: [SM] Blaming: retakes-instadefuse.smx
L 01/22/2022 - 01:44:28: [SM] Call stack trace:
L 01/22/2022 - 01:44:28: [SM]   [0] PrintToChat
L 01/22/2022 - 01:44:28: [SM]   [1] Line 197, plugin.sp::AttemptInstantDefuse
L 01/22/2022 - 01:44:28: [SM]   [2] Line 104, plugin.sp::Event_BombBeginDefusePlusFrame
L 01/22/2022 - 01:44:57: [SM] Exception reported: Language phrase "InstaDefuseSuccessful" not found (arg 5)
L 01/22/2022 - 01:44:57: [SM] Blaming: retakes-instadefuse.smx
L 01/22/2022 - 01:44:57: [SM] Call stack trace:
L 01/22/2022 - 01:44:57: [SM]   [0] PrintToChat
L 01/22/2022 - 01:44:57: [SM]   [1] Line 197, plugin.sp::AttemptInstantDefuse
L 01/22/2022 - 01:44:57: [SM]   [2] Line 104, plugin.sp::Event_BombBeginDefusePlusFrame
L 01/22/2022 - 01:45:53: [SM] Exception reported: Language phrase "InstaDefuseSuccessful" not found (arg 5)
L 01/22/2022 - 01:45:53: [SM] Blaming: retakes-instadefuse.smx
L 01/22/2022 - 01:45:53: [SM] Call stack trace:
L 01/22/2022 - 01:45:53: [SM]   [0] PrintToChat
L 01/22/2022 - 01:45:53: [SM]   [1] Line 197, plugin.sp::AttemptInstantDefuse
L 01/22/2022 - 01:45:53: [SM]   [2] Line 104, plugin.sp::Event_BombBeginDefusePlusFrame
L 01/22/2022 - 01:46:20: [SM] Exception reported: Language phrase "InstaDefuseSuccessful" not found (arg 5)
L 01/22/2022 - 01:46:20: [SM] Blaming: retakes-instadefuse.smx
L 01/22/2022 - 01:46:20: [SM] Call stack trace:
L 01/22/2022 - 01:46:20: [SM]   [0] PrintToChat
L 01/22/2022 - 01:46:20: [SM]   [1] Line 197, plugin.sp::AttemptInstantDefuse
L 01/22/2022 - 01:46:21: [SM]   [2] Line 104, plugin.sp::Event_BombBeginDefusePlusFrame
L 01/22/2022 - 01:46:22: [SM] Exception reported: Language phrase "InstaDefuseSuccessful" not found (arg 5)
L 01/22/2022 - 01:46:22: [SM] Blaming: retakes-instadefuse.smx
L 01/22/2022 - 01:46:22: [SM] Call stack trace:
L 01/22/2022 - 01:46:22: [SM]   [0] PrintToChat
L 01/22/2022 - 01:46:22: [SM]   [1] Line 197, plugin.sp::AttemptInstantDefuse
L 01/22/2022 - 01:46:22: [SM]   [2] Line 104, plugin.sp::Event_BombBeginDefusePlusFrame
