L 12/18/2021 - 23:34:22: SourceMod error session started
L 12/18/2021 - 23:34:22: Info (map "de_mirage") (file "E:\retake\csgoserver\csgo\addons\sourcemod\logs\errors_20211218.log")
L 12/18/2021 - 23:34:22: [SM] Unable to load extension "PhysHooks.ext": Could not find patch signature for symbol: Physics_RunThinkFunctions
L 12/18/2021 - 23:34:24: [SM] Unable to load plugin "bot_inventory.smx": Native "eItems_AreItemsSynced" was not found
L 12/18/2021 - 23:34:24: [SM] Unable to load plugin "bot_stuff.smx": Could not find required plugin "navmesh"
L 12/18/2021 - 23:34:25: [SM] Unable to load plugin "LagCompensation.smx": Required extension "PhysHooks" file("PhysHooks.ext") not running
L 12/18/2021 - 23:34:26: [SM] Fatal error encountered parsing translation file "ranks_matchmaking.phrases.txt"
L 12/18/2021 - 23:34:26: [SM] Error (line 0, column 0): Stream failed to open
L 12/18/2021 - 23:34:26: [SM] Fatal error encountered parsing translation file "instadefuse.phrases.txt"
L 12/18/2021 - 23:34:26: [SM] Error (line 0, column 0): Stream failed to open
L 12/18/2021 - 23:34:47: [SM] Exception reported: Language phrase "Unranked" not found (arg 5)
L 12/18/2021 - 23:34:47: [SM] Blaming: ranks_matchmaking.smx
L 12/18/2021 - 23:34:47: [SM] Call stack trace:
L 12/18/2021 - 23:34:47: [SM]   [0] FormatEx
L 12/18/2021 - 23:34:47: [SM]   [1] Line 174, ranks_matchmaking.sp::GetRanksNames
L 12/18/2021 - 23:34:47: [SM]   [2] Line 169, ranks_matchmaking.sp::OnMapStart
L 12/18/2021 - 23:35:22: Error log file session closed.
L 12/18/2021 - 23:35:23: SourceMod error session started
L 12/18/2021 - 23:35:23: Info (map "de_mirage") (file "E:\retake\csgoserver\csgo\addons\sourcemod\logs\errors_20211218.log")
L 12/18/2021 - 23:35:23: [SM] Fatal error encountered parsing translation file "ranks_matchmaking.phrases.txt"
L 12/18/2021 - 23:35:23: [SM] Error (line 0, column 0): Stream failed to open
L 12/18/2021 - 23:35:23: [SM] Fatal error encountered parsing translation file "instadefuse.phrases.txt"
L 12/18/2021 - 23:35:23: [SM] Error (line 0, column 0): Stream failed to open
L 12/18/2021 - 23:35:25: [SM] Exception reported: Language phrase "Unranked" not found (arg 5)
L 12/18/2021 - 23:35:25: [SM] Blaming: ranks_matchmaking.smx
L 12/18/2021 - 23:35:25: [SM] Call stack trace:
L 12/18/2021 - 23:35:25: [SM]   [0] FormatEx
L 12/18/2021 - 23:35:25: [SM]   [1] Line 174, ranks_matchmaking.sp::GetRanksNames
L 12/18/2021 - 23:35:25: [SM]   [2] Line 169, ranks_matchmaking.sp::OnMapStart
L 12/18/2021 - 23:38:53: [SM] Exception reported: Language phrase "InstaDefuseSuccessful" not found (arg 5)
L 12/18/2021 - 23:38:53: [SM] Blaming: retakes-instadefuse.smx
L 12/18/2021 - 23:38:53: [SM] Call stack trace:
L 12/18/2021 - 23:38:53: [SM]   [0] PrintToChat
L 12/18/2021 - 23:38:53: [SM]   [1] Line 197, plugin.sp::AttemptInstantDefuse
L 12/18/2021 - 23:38:53: [SM]   [2] Line 104, plugin.sp::Event_BombBeginDefusePlusFrame
L 12/18/2021 - 23:39:32: [SM] Exception reported: Language phrase "InstaDefuseSuccessful" not found (arg 5)
L 12/18/2021 - 23:39:32: [SM] Blaming: retakes-instadefuse.smx
L 12/18/2021 - 23:39:32: [SM] Call stack trace:
L 12/18/2021 - 23:39:32: [SM]   [0] PrintToChat
L 12/18/2021 - 23:39:32: [SM]   [1] Line 197, plugin.sp::AttemptInstantDefuse
L 12/18/2021 - 23:39:32: [SM]   [2] Line 104, plugin.sp::Event_BombBeginDefusePlusFrame
L 12/18/2021 - 23:39:47: [SM] Exception reported: Language phrase "InstaDefuseSuccessful" not found (arg 5)
L 12/18/2021 - 23:39:47: [SM] Blaming: retakes-instadefuse.smx
L 12/18/2021 - 23:39:47: [SM] Call stack trace:
L 12/18/2021 - 23:39:47: [SM]   [0] PrintToChat
L 12/18/2021 - 23:39:47: [SM]   [1] Line 197, plugin.sp::AttemptInstantDefuse
L 12/18/2021 - 23:39:47: [SM]   [2] Line 104, plugin.sp::Event_BombBeginDefusePlusFrame
L 12/18/2021 - 23:39:49: [SM] Exception reported: Language phrase "InstaDefuseSuccessful" not found (arg 5)
L 12/18/2021 - 23:39:49: [SM] Blaming: retakes-instadefuse.smx
L 12/18/2021 - 23:39:49: [SM] Call stack trace:
L 12/18/2021 - 23:39:49: [SM]   [0] PrintToChat
L 12/18/2021 - 23:39:49: [SM]   [1] Line 197, plugin.sp::AttemptInstantDefuse
L 12/18/2021 - 23:39:49: [SM]   [2] Line 104, plugin.sp::Event_BombBeginDefusePlusFrame
L 12/18/2021 - 23:41:08: [SM] Exception reported: Language phrase "InstaDefuseSuccessful" not found (arg 5)
L 12/18/2021 - 23:41:08: [SM] Blaming: retakes-instadefuse.smx
L 12/18/2021 - 23:41:08: [SM] Call stack trace:
L 12/18/2021 - 23:41:08: [SM]   [0] PrintToChat
L 12/18/2021 - 23:41:08: [SM]   [1] Line 197, plugin.sp::AttemptInstantDefuse
L 12/18/2021 - 23:41:08: [SM]   [2] Line 104, plugin.sp::Event_BombBeginDefusePlusFrame
L 12/18/2021 - 23:42:34: [SM] Exception reported: Language phrase "InstaDefuseSuccessful" not found (arg 5)
L 12/18/2021 - 23:42:34: [SM] Blaming: retakes-instadefuse.smx
L 12/18/2021 - 23:42:34: [SM] Call stack trace:
L 12/18/2021 - 23:42:34: [SM]   [0] PrintToChat
L 12/18/2021 - 23:42:34: [SM]   [1] Line 197, plugin.sp::AttemptInstantDefuse
L 12/18/2021 - 23:42:34: [SM]   [2] Line 104, plugin.sp::Event_BombBeginDefusePlusFrame
L 12/18/2021 - 23:43:50: [SM] Exception reported: Language phrase "InstaDefuseUnsuccessful" not found (arg 5)
L 12/18/2021 - 23:43:50: [SM] Blaming: retakes-instadefuse.smx
L 12/18/2021 - 23:43:50: [SM] Call stack trace:
L 12/18/2021 - 23:43:50: [SM]   [0] PrintToChat
L 12/18/2021 - 23:43:50: [SM]   [1] Line 143, plugin.sp::AttemptInstantDefuse
L 12/18/2021 - 23:43:50: [SM]   [2] Line 104, plugin.sp::Event_BombBeginDefusePlusFrame
L 12/18/2021 - 23:43:50: [SM] Exception reported: Language phrase "InstaDefuseUnsuccessful" not found (arg 5)
L 12/18/2021 - 23:43:50: [SM] Blaming: retakes-instadefuse.smx
L 12/18/2021 - 23:43:50: [SM] Call stack trace:
L 12/18/2021 - 23:43:50: [SM]   [0] PrintToChat
L 12/18/2021 - 23:43:50: [SM]   [1] Line 143, plugin.sp::AttemptInstantDefuse
L 12/18/2021 - 23:43:50: [SM]   [2] Line 104, plugin.sp::Event_BombBeginDefusePlusFrame
L 12/18/2021 - 23:43:50: [SM] Exception reported: Language phrase "InstaDefuseUnsuccessful" not found (arg 5)
L 12/18/2021 - 23:43:50: [SM] Blaming: retakes-instadefuse.smx
L 12/18/2021 - 23:43:50: [SM] Call stack trace:
L 12/18/2021 - 23:43:50: [SM]   [0] PrintToChat
L 12/18/2021 - 23:43:50: [SM]   [1] Line 143, plugin.sp::AttemptInstantDefuse
L 12/18/2021 - 23:43:50: [SM]   [2] Line 104, plugin.sp::Event_BombBeginDefusePlusFrame
L 12/18/2021 - 23:43:51: [SM] Exception reported: Language phrase "InstaDefuseUnsuccessful" not found (arg 5)
L 12/18/2021 - 23:43:51: [SM] Blaming: retakes-instadefuse.smx
L 12/18/2021 - 23:43:51: [SM] Call stack trace:
L 12/18/2021 - 23:43:51: [SM]   [0] PrintToChat
L 12/18/2021 - 23:43:51: [SM]   [1] Line 143, plugin.sp::AttemptInstantDefuse
L 12/18/2021 - 23:43:51: [SM]   [2] Line 104, plugin.sp::Event_BombBeginDefusePlusFrame
L 12/18/2021 - 23:43:51: [SM] Exception reported: Language phrase "InstaDefuseUnsuccessful" not found (arg 5)
L 12/18/2021 - 23:43:51: [SM] Blaming: retakes-instadefuse.smx
L 12/18/2021 - 23:43:51: [SM] Call stack trace:
L 12/18/2021 - 23:43:51: [SM]   [0] PrintToChat
L 12/18/2021 - 23:43:51: [SM]   [1] Line 143, plugin.sp::AttemptInstantDefuse
L 12/18/2021 - 23:43:51: [SM]   [2] Line 104, plugin.sp::Event_BombBeginDefusePlusFrame
L 12/18/2021 - 23:43:51: [SM] Exception reported: Language phrase "InstaDefuseUnsuccessful" not found (arg 5)
L 12/18/2021 - 23:43:51: [SM] Blaming: retakes-instadefuse.smx
L 12/18/2021 - 23:43:51: [SM] Call stack trace:
L 12/18/2021 - 23:43:51: [SM]   [0] PrintToChat
L 12/18/2021 - 23:43:51: [SM]   [1] Line 143, plugin.sp::AttemptInstantDefuse
L 12/18/2021 - 23:43:51: [SM]   [2] Line 104, plugin.sp::Event_BombBeginDefusePlusFrame
L 12/18/2021 - 23:43:51: [SM] Exception reported: Language phrase "InstaDefuseUnsuccessful" not found (arg 5)
L 12/18/2021 - 23:43:51: [SM] Blaming: retakes-instadefuse.smx
L 12/18/2021 - 23:43:51: [SM] Call stack trace:
L 12/18/2021 - 23:43:51: [SM]   [0] PrintToChat
L 12/18/2021 - 23:43:51: [SM]   [1] Line 143, plugin.sp::AttemptInstantDefuse
L 12/18/2021 - 23:43:51: [SM]   [2] Line 104, plugin.sp::Event_BombBeginDefusePlusFrame
L 12/18/2021 - 23:47:18: [SM] Exception reported: Language phrase "InstaDefuseSuccessful" not found (arg 5)
L 12/18/2021 - 23:47:18: [SM] Blaming: retakes-instadefuse.smx
L 12/18/2021 - 23:47:18: [SM] Call stack trace:
L 12/18/2021 - 23:47:18: [SM]   [0] PrintToChat
L 12/18/2021 - 23:47:18: [SM]   [1] Line 197, plugin.sp::AttemptInstantDefuse
L 12/18/2021 - 23:47:18: [SM]   [2] Line 104, plugin.sp::Event_BombBeginDefusePlusFrame
L 12/18/2021 - 23:47:19: [SM] Exception reported: Language phrase "InstaDefuseSuccessful" not found (arg 5)
L 12/18/2021 - 23:47:19: [SM] Blaming: retakes-instadefuse.smx
L 12/18/2021 - 23:47:19: [SM] Call stack trace:
L 12/18/2021 - 23:47:19: [SM]   [0] PrintToChat
L 12/18/2021 - 23:47:19: [SM]   [1] Line 197, plugin.sp::AttemptInstantDefuse
L 12/18/2021 - 23:47:19: [SM]   [2] Line 104, plugin.sp::Event_BombBeginDefusePlusFrame
L 12/18/2021 - 23:50:56: [SM] Exception reported: Language phrase "InstaDefuseUnsuccessful" not found (arg 5)
L 12/18/2021 - 23:50:56: [SM] Blaming: retakes-instadefuse.smx
L 12/18/2021 - 23:50:56: [SM] Call stack trace:
L 12/18/2021 - 23:50:56: [SM]   [0] PrintToChat
L 12/18/2021 - 23:50:56: [SM]   [1] Line 143, plugin.sp::AttemptInstantDefuse
L 12/18/2021 - 23:50:56: [SM]   [2] Line 104, plugin.sp::Event_BombBeginDefusePlusFrame
L 12/18/2021 - 23:50:56: [SM] Exception reported: Language phrase "InstaDefuseUnsuccessful" not found (arg 5)
L 12/18/2021 - 23:50:56: [SM] Blaming: retakes-instadefuse.smx
L 12/18/2021 - 23:50:56: [SM] Call stack trace:
L 12/18/2021 - 23:50:56: [SM]   [0] PrintToChat
L 12/18/2021 - 23:50:56: [SM]   [1] Line 143, plugin.sp::AttemptInstantDefuse
L 12/18/2021 - 23:50:56: [SM]   [2] Line 104, plugin.sp::Event_BombBeginDefusePlusFrame
L 12/18/2021 - 23:50:56: [SM] Exception reported: Language phrase "InstaDefuseUnsuccessful" not found (arg 5)
L 12/18/2021 - 23:50:56: [SM] Blaming: retakes-instadefuse.smx
L 12/18/2021 - 23:50:56: [SM] Call stack trace:
L 12/18/2021 - 23:50:56: [SM]   [0] PrintToChat
L 12/18/2021 - 23:50:57: [SM]   [1] Line 143, plugin.sp::AttemptInstantDefuse
L 12/18/2021 - 23:50:57: [SM]   [2] Line 104, plugin.sp::Event_BombBeginDefusePlusFrame
L 12/18/2021 - 23:50:57: [SM] Exception reported: Language phrase "InstaDefuseUnsuccessful" not found (arg 5)
L 12/18/2021 - 23:50:57: [SM] Blaming: retakes-instadefuse.smx
L 12/18/2021 - 23:50:57: [SM] Call stack trace:
L 12/18/2021 - 23:50:57: [SM]   [0] PrintToChat
L 12/18/2021 - 23:50:57: [SM]   [1] Line 143, plugin.sp::AttemptInstantDefuse
L 12/18/2021 - 23:50:57: [SM]   [2] Line 104, plugin.sp::Event_BombBeginDefusePlusFrame
L 12/18/2021 - 23:50:57: [SM] Exception reported: Language phrase "InstaDefuseUnsuccessful" not found (arg 5)
L 12/18/2021 - 23:50:57: [SM] Blaming: retakes-instadefuse.smx
L 12/18/2021 - 23:50:57: [SM] Call stack trace:
L 12/18/2021 - 23:50:57: [SM]   [0] PrintToChat
L 12/18/2021 - 23:50:57: [SM]   [1] Line 143, plugin.sp::AttemptInstantDefuse
L 12/18/2021 - 23:50:57: [SM]   [2] Line 104, plugin.sp::Event_BombBeginDefusePlusFrame
L 12/18/2021 - 23:50:57: [SM] Exception reported: Language phrase "InstaDefuseUnsuccessful" not found (arg 5)
L 12/18/2021 - 23:50:57: [SM] Blaming: retakes-instadefuse.smx
L 12/18/2021 - 23:50:57: [SM] Call stack trace:
L 12/18/2021 - 23:50:57: [SM]   [0] PrintToChat
L 12/18/2021 - 23:50:57: [SM]   [1] Line 143, plugin.sp::AttemptInstantDefuse
L 12/18/2021 - 23:50:57: [SM]   [2] Line 104, plugin.sp::Event_BombBeginDefusePlusFrame
L 12/18/2021 - 23:50:58: [SM] Exception reported: Language phrase "InstaDefuseUnsuccessful" not found (arg 5)
L 12/18/2021 - 23:50:58: [SM] Blaming: retakes-instadefuse.smx
L 12/18/2021 - 23:50:58: [SM] Call stack trace:
L 12/18/2021 - 23:50:58: [SM]   [0] PrintToChat
L 12/18/2021 - 23:50:58: [SM]   [1] Line 143, plugin.sp::AttemptInstantDefuse
L 12/18/2021 - 23:50:58: [SM]   [2] Line 104, plugin.sp::Event_BombBeginDefusePlusFrame
L 12/18/2021 - 23:51:27: [SM] Exception reported: Language phrase "InstaDefuseSuccessful" not found (arg 5)
L 12/18/2021 - 23:51:27: [SM] Blaming: retakes-instadefuse.smx
L 12/18/2021 - 23:51:27: [SM] Call stack trace:
L 12/18/2021 - 23:51:27: [SM]   [0] PrintToChat
L 12/18/2021 - 23:51:27: [SM]   [1] Line 197, plugin.sp::AttemptInstantDefuse
L 12/18/2021 - 23:51:27: [SM]   [2] Line 104, plugin.sp::Event_BombBeginDefusePlusFrame
L 12/18/2021 - 23:53:50: [SM] Exception reported: Language phrase "InstaDefuseSuccessful" not found (arg 5)
L 12/18/2021 - 23:53:50: [SM] Blaming: retakes-instadefuse.smx
L 12/18/2021 - 23:53:50: [SM] Call stack trace:
L 12/18/2021 - 23:53:50: [SM]   [0] PrintToChat
L 12/18/2021 - 23:53:50: [SM]   [1] Line 197, plugin.sp::AttemptInstantDefuse
L 12/18/2021 - 23:53:50: [SM]   [2] Line 104, plugin.sp::Event_BombBeginDefusePlusFrame
L 12/18/2021 - 23:56:12: [SM] Exception reported: Language phrase "InstaDefuseSuccessful" not found (arg 5)
L 12/18/2021 - 23:56:12: [SM] Blaming: retakes-instadefuse.smx
L 12/18/2021 - 23:56:12: [SM] Call stack trace:
L 12/18/2021 - 23:56:12: [SM]   [0] PrintToChat
L 12/18/2021 - 23:56:12: [SM]   [1] Line 197, plugin.sp::AttemptInstantDefuse
L 12/18/2021 - 23:56:12: [SM]   [2] Line 104, plugin.sp::Event_BombBeginDefusePlusFrame
L 12/18/2021 - 23:57:30: [SM] Exception reported: Language phrase "InstaDefuseSuccessful" not found (arg 5)
L 12/18/2021 - 23:57:30: [SM] Blaming: retakes-instadefuse.smx
L 12/18/2021 - 23:57:30: [SM] Call stack trace:
L 12/18/2021 - 23:57:30: [SM]   [0] PrintToChat
L 12/18/2021 - 23:57:30: [SM]   [1] Line 197, plugin.sp::AttemptInstantDefuse
L 12/18/2021 - 23:57:30: [SM]   [2] Line 104, plugin.sp::Event_BombBeginDefusePlusFrame
L 12/18/2021 - 23:59:14: [SM] Exception reported: Language phrase "InstaDefuseSuccessful" not found (arg 5)
L 12/18/2021 - 23:59:14: [SM] Blaming: retakes-instadefuse.smx
L 12/18/2021 - 23:59:14: [SM] Call stack trace:
L 12/18/2021 - 23:59:14: [SM]   [0] PrintToChat
L 12/18/2021 - 23:59:14: [SM]   [1] Line 197, plugin.sp::AttemptInstantDefuse
L 12/18/2021 - 23:59:14: [SM]   [2] Line 104, plugin.sp::Event_BombBeginDefusePlusFrame
L 12/19/2021 - 00:00:20: Error log file session closed.
