L 10/09/2021 - 17:55:28: SourceMod error session started
L 10/09/2021 - 17:55:28: Info (map "de_dust2") (file "E:\retake\csgoserver\csgo\addons\sourcemod\logs\errors_20211009.log")
L 10/09/2021 - 17:55:28: [SM] Unable to load extension "PhysHooks.ext": Could not find patch signature for symbol: Physics_RunThinkFunctions
L 10/09/2021 - 17:55:30: [SM] Exception reported: Failed to create SDKCall for CCSBot::IsAtHidingSpot signature!
L 10/09/2021 - 17:55:30: [SM] Blaming: bot_improver.smx
L 10/09/2021 - 17:55:30: [SM] Call stack trace:
L 10/09/2021 - 17:55:30: [SM]   [0] SetFailState
L 10/09/2021 - 17:55:30: [SM]   [1] Line 116, plugin.sp::OnPluginStart
L 10/09/2021 - 17:55:30: [SM] Unable to load plugin "bot_improver.smx": Error detected in plugin startup (see error logs)
L 10/09/2021 - 17:55:30: [SM] Unable to load plugin "bot_inventory.smx": Native "eItems_AreItemsSynced" was not found
L 10/09/2021 - 17:55:30: [SM] Unable to load plugin "bot_stuff.smx": Could not find required plugin "navmesh"
L 10/09/2021 - 17:55:31: [SM] Unable to load plugin "LagCompensation.smx": Required extension "PhysHooks" file("PhysHooks.ext") not running
L 10/09/2021 - 17:55:32: [SM] Fatal error encountered parsing translation file "ranks_matchmaking.phrases.txt"
L 10/09/2021 - 17:55:32: [SM] Error (line 0, column 0): Stream failed to open
L 10/09/2021 - 17:55:33: [SM] Fatal error encountered parsing translation file "instadefuse.phrases.txt"
L 10/09/2021 - 17:55:33: [SM] Error (line 0, column 0): Stream failed to open
L 10/09/2021 - 17:55:52: [SM] Exception reported: Language phrase "Unranked" not found (arg 5)
L 10/09/2021 - 17:55:52: [SM] Blaming: ranks_matchmaking.smx
L 10/09/2021 - 17:55:52: [SM] Call stack trace:
L 10/09/2021 - 17:55:52: [SM]   [0] FormatEx
L 10/09/2021 - 17:55:52: [SM]   [1] Line 174, ranks_matchmaking.sp::GetRanksNames
L 10/09/2021 - 17:55:52: [SM]   [2] Line 169, ranks_matchmaking.sp::OnMapStart
L 10/09/2021 - 17:56:00: Error log file session closed.
L 10/09/2021 - 17:56:00: SourceMod error session started
L 10/09/2021 - 17:56:00: Info (map "de_dust2") (file "E:\retake\csgoserver\csgo\addons\sourcemod\logs\errors_20211009.log")
L 10/09/2021 - 17:56:00: [SM] Fatal error encountered parsing translation file "ranks_matchmaking.phrases.txt"
L 10/09/2021 - 17:56:00: [SM] Error (line 0, column 0): Stream failed to open
L 10/09/2021 - 17:56:00: [SM] Fatal error encountered parsing translation file "instadefuse.phrases.txt"
L 10/09/2021 - 17:56:00: [SM] Error (line 0, column 0): Stream failed to open
L 10/09/2021 - 17:56:01: [SM] Exception reported: Language phrase "Unranked" not found (arg 5)
L 10/09/2021 - 17:56:01: [SM] Blaming: ranks_matchmaking.smx
L 10/09/2021 - 17:56:01: [SM] Call stack trace:
L 10/09/2021 - 17:56:01: [SM]   [0] FormatEx
L 10/09/2021 - 17:56:01: [SM]   [1] Line 174, ranks_matchmaking.sp::GetRanksNames
L 10/09/2021 - 17:56:01: [SM]   [2] Line 169, ranks_matchmaking.sp::OnMapStart
L 10/09/2021 - 17:56:19: Error log file session closed.
L 10/09/2021 - 17:56:19: SourceMod error session started
L 10/09/2021 - 17:56:19: Info (map "de_inferno") (file "E:\retake\csgoserver\csgo\addons\sourcemod\logs\errors_20211009.log")
L 10/09/2021 - 17:56:19: [SM] Fatal error encountered parsing translation file "ranks_matchmaking.phrases.txt"
L 10/09/2021 - 17:56:19: [SM] Error (line 0, column 0): Stream failed to open
L 10/09/2021 - 17:56:19: [SM] Fatal error encountered parsing translation file "instadefuse.phrases.txt"
L 10/09/2021 - 17:56:19: [SM] Error (line 0, column 0): Stream failed to open
L 10/09/2021 - 17:56:21: [SM] Exception reported: Language phrase "Unranked" not found (arg 5)
L 10/09/2021 - 17:56:21: [SM] Blaming: ranks_matchmaking.smx
L 10/09/2021 - 17:56:21: [SM] Call stack trace:
L 10/09/2021 - 17:56:21: [SM]   [0] FormatEx
L 10/09/2021 - 17:56:21: [SM]   [1] Line 174, ranks_matchmaking.sp::GetRanksNames
L 10/09/2021 - 17:56:21: [SM]   [2] Line 169, ranks_matchmaking.sp::OnMapStart
L 10/09/2021 - 17:57:14: [SM] Exception reported: Language phrase "InstaDefuseSuccessful" not found (arg 5)
L 10/09/2021 - 17:57:14: [SM] Blaming: retakes-instadefuse.smx
L 10/09/2021 - 17:57:14: [SM] Call stack trace:
L 10/09/2021 - 17:57:14: [SM]   [0] PrintToChat
L 10/09/2021 - 17:57:14: [SM]   [1] Line 197, plugin.sp::AttemptInstantDefuse
L 10/09/2021 - 17:57:14: [SM]   [2] Line 104, plugin.sp::Event_BombBeginDefusePlusFrame
L 10/09/2021 - 17:58:02: [SM] Exception reported: Language phrase "InstaDefuseSuccessful" not found (arg 5)
L 10/09/2021 - 17:58:02: [SM] Blaming: retakes-instadefuse.smx
L 10/09/2021 - 17:58:02: [SM] Call stack trace:
L 10/09/2021 - 17:58:02: [SM]   [0] PrintToChat
L 10/09/2021 - 17:58:02: [SM]   [1] Line 197, plugin.sp::AttemptInstantDefuse
L 10/09/2021 - 17:58:02: [SM]   [2] Line 104, plugin.sp::Event_BombBeginDefusePlusFrame
L 10/09/2021 - 17:58:21: [SM] Exception reported: Language phrase "InstaDefuseSuccessful" not found (arg 5)
L 10/09/2021 - 17:58:21: [SM] Blaming: retakes-instadefuse.smx
L 10/09/2021 - 17:58:21: [SM] Call stack trace:
L 10/09/2021 - 17:58:21: [SM]   [0] PrintToChat
L 10/09/2021 - 17:58:21: [SM]   [1] Line 197, plugin.sp::AttemptInstantDefuse
L 10/09/2021 - 17:58:21: [SM]   [2] Line 104, plugin.sp::Event_BombBeginDefusePlusFrame
L 10/09/2021 - 17:59:48: [SM] Exception reported: Language phrase "InstaDefuseSuccessful" not found (arg 5)
L 10/09/2021 - 17:59:48: [SM] Blaming: retakes-instadefuse.smx
L 10/09/2021 - 17:59:48: [SM] Call stack trace:
L 10/09/2021 - 17:59:48: [SM]   [0] PrintToChat
L 10/09/2021 - 17:59:48: [SM]   [1] Line 197, plugin.sp::AttemptInstantDefuse
L 10/09/2021 - 17:59:48: [SM]   [2] Line 104, plugin.sp::Event_BombBeginDefusePlusFrame
L 10/09/2021 - 18:00:14: [SM] Exception reported: Language phrase "InstaDefuseSuccessful" not found (arg 5)
L 10/09/2021 - 18:00:14: [SM] Blaming: retakes-instadefuse.smx
L 10/09/2021 - 18:00:14: [SM] Call stack trace:
L 10/09/2021 - 18:00:14: [SM]   [0] PrintToChat
L 10/09/2021 - 18:00:14: [SM]   [1] Line 197, plugin.sp::AttemptInstantDefuse
L 10/09/2021 - 18:00:14: [SM]   [2] Line 104, plugin.sp::Event_BombBeginDefusePlusFrame
L 10/09/2021 - 18:00:37: [SM] Exception reported: Language phrase "InstaDefuseSuccessful" not found (arg 5)
L 10/09/2021 - 18:00:37: [SM] Blaming: retakes-instadefuse.smx
L 10/09/2021 - 18:00:37: [SM] Call stack trace:
L 10/09/2021 - 18:00:37: [SM]   [0] PrintToChat
L 10/09/2021 - 18:00:37: [SM]   [1] Line 197, plugin.sp::AttemptInstantDefuse
L 10/09/2021 - 18:00:37: [SM]   [2] Line 104, plugin.sp::Event_BombBeginDefusePlusFrame
L 10/09/2021 - 18:01:36: [SM] Exception reported: Language phrase "InstaDefuseSuccessful" not found (arg 5)
L 10/09/2021 - 18:01:36: [SM] Blaming: retakes-instadefuse.smx
L 10/09/2021 - 18:01:36: [SM] Call stack trace:
L 10/09/2021 - 18:01:36: [SM]   [0] PrintToChat
L 10/09/2021 - 18:01:36: [SM]   [1] Line 197, plugin.sp::AttemptInstantDefuse
L 10/09/2021 - 18:01:36: [SM]   [2] Line 104, plugin.sp::Event_BombBeginDefusePlusFrame
L 10/09/2021 - 18:01:54: [SM] Exception reported: Language phrase "InstaDefuseSuccessful" not found (arg 5)
L 10/09/2021 - 18:01:54: [SM] Blaming: retakes-instadefuse.smx
L 10/09/2021 - 18:01:54: [SM] Call stack trace:
L 10/09/2021 - 18:01:54: [SM]   [0] PrintToChat
L 10/09/2021 - 18:01:54: [SM]   [1] Line 197, plugin.sp::AttemptInstantDefuse
L 10/09/2021 - 18:01:54: [SM]   [2] Line 104, plugin.sp::Event_BombBeginDefusePlusFrame
L 10/09/2021 - 18:02:14: [SM] Exception reported: Language phrase "InstaDefuseSuccessful" not found (arg 5)
L 10/09/2021 - 18:02:14: [SM] Blaming: retakes-instadefuse.smx
L 10/09/2021 - 18:02:14: [SM] Call stack trace:
L 10/09/2021 - 18:02:14: [SM]   [0] PrintToChat
L 10/09/2021 - 18:02:14: [SM]   [1] Line 197, plugin.sp::AttemptInstantDefuse
L 10/09/2021 - 18:02:14: [SM]   [2] Line 104, plugin.sp::Event_BombBeginDefusePlusFrame
L 10/09/2021 - 18:02:40: [SM] Exception reported: Language phrase "InstaDefuseSuccessful" not found (arg 5)
L 10/09/2021 - 18:02:40: [SM] Blaming: retakes-instadefuse.smx
L 10/09/2021 - 18:02:40: [SM] Call stack trace:
L 10/09/2021 - 18:02:40: [SM]   [0] PrintToChat
L 10/09/2021 - 18:02:40: [SM]   [1] Line 197, plugin.sp::AttemptInstantDefuse
L 10/09/2021 - 18:02:40: [SM]   [2] Line 104, plugin.sp::Event_BombBeginDefusePlusFrame
L 10/09/2021 - 18:02:57: [SM] Exception reported: Language phrase "InstaDefuseSuccessful" not found (arg 5)
L 10/09/2021 - 18:02:57: [SM] Blaming: retakes-instadefuse.smx
L 10/09/2021 - 18:02:57: [SM] Call stack trace:
L 10/09/2021 - 18:02:57: [SM]   [0] PrintToChat
L 10/09/2021 - 18:02:57: [SM]   [1] Line 197, plugin.sp::AttemptInstantDefuse
L 10/09/2021 - 18:02:57: [SM]   [2] Line 104, plugin.sp::Event_BombBeginDefusePlusFrame
L 10/09/2021 - 18:03:37: [SM] Exception reported: Language phrase "InstaDefuseSuccessful" not found (arg 5)
L 10/09/2021 - 18:03:37: [SM] Blaming: retakes-instadefuse.smx
L 10/09/2021 - 18:03:37: [SM] Call stack trace:
L 10/09/2021 - 18:03:37: [SM]   [0] PrintToChat
L 10/09/2021 - 18:03:37: [SM]   [1] Line 197, plugin.sp::AttemptInstantDefuse
L 10/09/2021 - 18:03:37: [SM]   [2] Line 104, plugin.sp::Event_BombBeginDefusePlusFrame
L 10/09/2021 - 18:03:52: [SM] Exception reported: Language phrase "InstaDefuseSuccessful" not found (arg 5)
L 10/09/2021 - 18:03:52: [SM] Blaming: retakes-instadefuse.smx
L 10/09/2021 - 18:03:52: [SM] Call stack trace:
L 10/09/2021 - 18:03:52: [SM]   [0] PrintToChat
L 10/09/2021 - 18:03:52: [SM]   [1] Line 197, plugin.sp::AttemptInstantDefuse
L 10/09/2021 - 18:03:52: [SM]   [2] Line 104, plugin.sp::Event_BombBeginDefusePlusFrame
L 10/09/2021 - 18:04:25: [SM] Exception reported: Language phrase "InstaDefuseSuccessful" not found (arg 5)
L 10/09/2021 - 18:04:25: [SM] Blaming: retakes-instadefuse.smx
L 10/09/2021 - 18:04:25: [SM] Call stack trace:
L 10/09/2021 - 18:04:25: [SM]   [0] PrintToChat
L 10/09/2021 - 18:04:25: [SM]   [1] Line 197, plugin.sp::AttemptInstantDefuse
L 10/09/2021 - 18:04:25: [SM]   [2] Line 104, plugin.sp::Event_BombBeginDefusePlusFrame
L 10/09/2021 - 18:04:42: [SM] Exception reported: Language phrase "InstaDefuseSuccessful" not found (arg 5)
L 10/09/2021 - 18:04:42: [SM] Blaming: retakes-instadefuse.smx
L 10/09/2021 - 18:04:42: [SM] Call stack trace:
L 10/09/2021 - 18:04:42: [SM]   [0] PrintToChat
L 10/09/2021 - 18:04:42: [SM]   [1] Line 197, plugin.sp::AttemptInstantDefuse
L 10/09/2021 - 18:04:42: [SM]   [2] Line 104, plugin.sp::Event_BombBeginDefusePlusFrame
L 10/09/2021 - 18:04:58: [SM] Exception reported: Language phrase "InstaDefuseSuccessful" not found (arg 5)
L 10/09/2021 - 18:04:58: [SM] Blaming: retakes-instadefuse.smx
L 10/09/2021 - 18:04:58: [SM] Call stack trace:
L 10/09/2021 - 18:04:58: [SM]   [0] PrintToChat
L 10/09/2021 - 18:04:58: [SM]   [1] Line 197, plugin.sp::AttemptInstantDefuse
L 10/09/2021 - 18:04:58: [SM]   [2] Line 104, plugin.sp::Event_BombBeginDefusePlusFrame
L 10/09/2021 - 18:05:19: [SM] Exception reported: Language phrase "InstaDefuseSuccessful" not found (arg 5)
L 10/09/2021 - 18:05:19: [SM] Blaming: retakes-instadefuse.smx
L 10/09/2021 - 18:05:19: [SM] Call stack trace:
L 10/09/2021 - 18:05:19: [SM]   [0] PrintToChat
L 10/09/2021 - 18:05:19: [SM]   [1] Line 197, plugin.sp::AttemptInstantDefuse
L 10/09/2021 - 18:05:19: [SM]   [2] Line 104, plugin.sp::Event_BombBeginDefusePlusFrame
L 10/09/2021 - 18:05:40: [SM] Exception reported: Language phrase "InstaDefuseSuccessful" not found (arg 5)
L 10/09/2021 - 18:05:40: [SM] Blaming: retakes-instadefuse.smx
L 10/09/2021 - 18:05:40: [SM] Call stack trace:
L 10/09/2021 - 18:05:40: [SM]   [0] PrintToChat
L 10/09/2021 - 18:05:40: [SM]   [1] Line 197, plugin.sp::AttemptInstantDefuse
L 10/09/2021 - 18:05:40: [SM]   [2] Line 104, plugin.sp::Event_BombBeginDefusePlusFrame
L 10/09/2021 - 18:06:21: [SM] Exception reported: Language phrase "InstaDefuseUnsuccessful" not found (arg 5)
L 10/09/2021 - 18:06:21: [SM] Blaming: retakes-instadefuse.smx
L 10/09/2021 - 18:06:21: [SM] Call stack trace:
L 10/09/2021 - 18:06:21: [SM]   [0] PrintToChat
L 10/09/2021 - 18:06:21: [SM]   [1] Line 143, plugin.sp::AttemptInstantDefuse
L 10/09/2021 - 18:06:21: [SM]   [2] Line 104, plugin.sp::Event_BombBeginDefusePlusFrame
L 10/09/2021 - 18:06:22: [SM] Exception reported: Language phrase "InstaDefuseUnsuccessful" not found (arg 5)
L 10/09/2021 - 18:06:22: [SM] Blaming: retakes-instadefuse.smx
L 10/09/2021 - 18:06:22: [SM] Call stack trace:
L 10/09/2021 - 18:06:22: [SM]   [0] PrintToChat
L 10/09/2021 - 18:06:22: [SM]   [1] Line 143, plugin.sp::AttemptInstantDefuse
L 10/09/2021 - 18:06:22: [SM]   [2] Line 104, plugin.sp::Event_BombBeginDefusePlusFrame
L 10/09/2021 - 18:06:22: [SM] Exception reported: Language phrase "InstaDefuseUnsuccessful" not found (arg 5)
L 10/09/2021 - 18:06:22: [SM] Blaming: retakes-instadefuse.smx
L 10/09/2021 - 18:06:22: [SM] Call stack trace:
L 10/09/2021 - 18:06:22: [SM]   [0] PrintToChat
L 10/09/2021 - 18:06:22: [SM]   [1] Line 143, plugin.sp::AttemptInstantDefuse
L 10/09/2021 - 18:06:22: [SM]   [2] Line 104, plugin.sp::Event_BombBeginDefusePlusFrame
L 10/09/2021 - 18:06:22: [SM] Exception reported: Language phrase "InstaDefuseUnsuccessful" not found (arg 5)
L 10/09/2021 - 18:06:22: [SM] Blaming: retakes-instadefuse.smx
L 10/09/2021 - 18:06:22: [SM] Call stack trace:
L 10/09/2021 - 18:06:22: [SM]   [0] PrintToChat
L 10/09/2021 - 18:06:22: [SM]   [1] Line 143, plugin.sp::AttemptInstantDefuse
L 10/09/2021 - 18:06:22: [SM]   [2] Line 104, plugin.sp::Event_BombBeginDefusePlusFrame
L 10/09/2021 - 18:06:22: [SM] Exception reported: Language phrase "InstaDefuseUnsuccessful" not found (arg 5)
L 10/09/2021 - 18:06:22: [SM] Blaming: retakes-instadefuse.smx
L 10/09/2021 - 18:06:22: [SM] Call stack trace:
L 10/09/2021 - 18:06:23: [SM]   [0] PrintToChat
L 10/09/2021 - 18:06:23: [SM]   [1] Line 143, plugin.sp::AttemptInstantDefuse
L 10/09/2021 - 18:06:23: [SM]   [2] Line 104, plugin.sp::Event_BombBeginDefusePlusFrame
L 10/09/2021 - 18:06:23: [SM] Exception reported: Language phrase "InstaDefuseUnsuccessful" not found (arg 5)
L 10/09/2021 - 18:06:23: [SM] Blaming: retakes-instadefuse.smx
L 10/09/2021 - 18:06:23: [SM] Call stack trace:
L 10/09/2021 - 18:06:23: [SM]   [0] PrintToChat
L 10/09/2021 - 18:06:23: [SM]   [1] Line 143, plugin.sp::AttemptInstantDefuse
L 10/09/2021 - 18:06:23: [SM]   [2] Line 104, plugin.sp::Event_BombBeginDefusePlusFrame
L 10/09/2021 - 18:06:45: [SM] Exception reported: Language phrase "InstaDefuseSuccessful" not found (arg 5)
L 10/09/2021 - 18:06:45: [SM] Blaming: retakes-instadefuse.smx
L 10/09/2021 - 18:06:45: [SM] Call stack trace:
L 10/09/2021 - 18:06:45: [SM]   [0] PrintToChat
L 10/09/2021 - 18:06:45: [SM]   [1] Line 197, plugin.sp::AttemptInstantDefuse
L 10/09/2021 - 18:06:45: [SM]   [2] Line 104, plugin.sp::Event_BombBeginDefusePlusFrame
L 10/09/2021 - 18:07:11: [SM] Exception reported: Language phrase "InstaDefuseSuccessful" not found (arg 5)
L 10/09/2021 - 18:07:11: [SM] Blaming: retakes-instadefuse.smx
L 10/09/2021 - 18:07:11: [SM] Call stack trace:
L 10/09/2021 - 18:07:11: [SM]   [0] PrintToChat
L 10/09/2021 - 18:07:11: [SM]   [1] Line 197, plugin.sp::AttemptInstantDefuse
L 10/09/2021 - 18:07:11: [SM]   [2] Line 104, plugin.sp::Event_BombBeginDefusePlusFrame
L 10/09/2021 - 18:07:43: [SM] Exception reported: Language phrase "InstaDefuseSuccessful" not found (arg 5)
L 10/09/2021 - 18:07:43: [SM] Blaming: retakes-instadefuse.smx
L 10/09/2021 - 18:07:43: [SM] Call stack trace:
L 10/09/2021 - 18:07:43: [SM]   [0] PrintToChat
L 10/09/2021 - 18:07:43: [SM]   [1] Line 197, plugin.sp::AttemptInstantDefuse
L 10/09/2021 - 18:07:43: [SM]   [2] Line 104, plugin.sp::Event_BombBeginDefusePlusFrame
L 10/09/2021 - 18:08:03: [SM] Exception reported: Language phrase "InstaDefuseSuccessful" not found (arg 5)
L 10/09/2021 - 18:08:03: [SM] Blaming: retakes-instadefuse.smx
L 10/09/2021 - 18:08:03: [SM] Call stack trace:
L 10/09/2021 - 18:08:03: [SM]   [0] PrintToChat
L 10/09/2021 - 18:08:03: [SM]   [1] Line 197, plugin.sp::AttemptInstantDefuse
L 10/09/2021 - 18:08:03: [SM]   [2] Line 104, plugin.sp::Event_BombBeginDefusePlusFrame
L 10/09/2021 - 18:08:20: [SM] Exception reported: Language phrase "InstaDefuseSuccessful" not found (arg 5)
L 10/09/2021 - 18:08:20: [SM] Blaming: retakes-instadefuse.smx
L 10/09/2021 - 18:08:20: [SM] Call stack trace:
L 10/09/2021 - 18:08:20: [SM]   [0] PrintToChat
L 10/09/2021 - 18:08:20: [SM]   [1] Line 197, plugin.sp::AttemptInstantDefuse
L 10/09/2021 - 18:08:20: [SM]   [2] Line 104, plugin.sp::Event_BombBeginDefusePlusFrame
L 10/09/2021 - 18:10:24: [SM] Exception reported: Language phrase "InstaDefuseSuccessful" not found (arg 5)
L 10/09/2021 - 18:10:24: [SM] Blaming: retakes-instadefuse.smx
L 10/09/2021 - 18:10:24: [SM] Call stack trace:
L 10/09/2021 - 18:10:24: [SM]   [0] PrintToChat
L 10/09/2021 - 18:10:24: [SM]   [1] Line 197, plugin.sp::AttemptInstantDefuse
L 10/09/2021 - 18:10:24: [SM]   [2] Line 104, plugin.sp::Event_BombBeginDefusePlusFrame
L 10/09/2021 - 18:11:13: [SM] Exception reported: Language phrase "InstaDefuseSuccessful" not found (arg 5)
L 10/09/2021 - 18:11:13: [SM] Blaming: retakes-instadefuse.smx
L 10/09/2021 - 18:11:13: [SM] Call stack trace:
L 10/09/2021 - 18:11:13: [SM]   [0] PrintToChat
L 10/09/2021 - 18:11:13: [SM]   [1] Line 197, plugin.sp::AttemptInstantDefuse
L 10/09/2021 - 18:11:13: [SM]   [2] Line 104, plugin.sp::Event_BombBeginDefusePlusFrame
L 10/09/2021 - 18:11:29: [SM] Exception reported: Language phrase "InstaDefuseSuccessful" not found (arg 5)
L 10/09/2021 - 18:11:29: [SM] Blaming: retakes-instadefuse.smx
L 10/09/2021 - 18:11:29: [SM] Call stack trace:
L 10/09/2021 - 18:11:29: [SM]   [0] PrintToChat
L 10/09/2021 - 18:11:29: [SM]   [1] Line 197, plugin.sp::AttemptInstantDefuse
L 10/09/2021 - 18:11:29: [SM]   [2] Line 104, plugin.sp::Event_BombBeginDefusePlusFrame
L 10/09/2021 - 18:11:30: [SM] Exception reported: Language phrase "InstaDefuseSuccessful" not found (arg 5)
L 10/09/2021 - 18:11:30: [SM] Blaming: retakes-instadefuse.smx
L 10/09/2021 - 18:11:30: [SM] Call stack trace:
L 10/09/2021 - 18:11:30: [SM]   [0] PrintToChat
L 10/09/2021 - 18:11:30: [SM]   [1] Line 197, plugin.sp::AttemptInstantDefuse
L 10/09/2021 - 18:11:30: [SM]   [2] Line 104, plugin.sp::Event_BombBeginDefusePlusFrame
L 10/09/2021 - 18:11:30: [SM] Exception reported: Language phrase "InstaDefuseSuccessful" not found (arg 5)
L 10/09/2021 - 18:11:30: [SM] Blaming: retakes-instadefuse.smx
L 10/09/2021 - 18:11:30: [SM] Call stack trace:
L 10/09/2021 - 18:11:30: [SM]   [0] PrintToChat
L 10/09/2021 - 18:11:30: [SM]   [1] Line 197, plugin.sp::AttemptInstantDefuse
L 10/09/2021 - 18:11:30: [SM]   [2] Line 104, plugin.sp::Event_BombBeginDefusePlusFrame
L 10/09/2021 - 18:11:53: [SM] Exception reported: Language phrase "InstaDefuseSuccessful" not found (arg 5)
L 10/09/2021 - 18:11:53: [SM] Blaming: retakes-instadefuse.smx
L 10/09/2021 - 18:11:53: [SM] Call stack trace:
L 10/09/2021 - 18:11:53: [SM]   [0] PrintToChat
L 10/09/2021 - 18:11:53: [SM]   [1] Line 197, plugin.sp::AttemptInstantDefuse
L 10/09/2021 - 18:11:53: [SM]   [2] Line 104, plugin.sp::Event_BombBeginDefusePlusFrame
L 10/09/2021 - 18:12:24: [SM] Exception reported: Language phrase "InstaDefuseSuccessful" not found (arg 5)
L 10/09/2021 - 18:12:24: [SM] Blaming: retakes-instadefuse.smx
L 10/09/2021 - 18:12:24: [SM] Call stack trace:
L 10/09/2021 - 18:12:24: [SM]   [0] PrintToChat
L 10/09/2021 - 18:12:24: [SM]   [1] Line 197, plugin.sp::AttemptInstantDefuse
L 10/09/2021 - 18:12:24: [SM]   [2] Line 104, plugin.sp::Event_BombBeginDefusePlusFrame
L 10/09/2021 - 18:12:42: [SM] Exception reported: Language phrase "InstaDefuseSuccessful" not found (arg 5)
L 10/09/2021 - 18:12:42: [SM] Blaming: retakes-instadefuse.smx
L 10/09/2021 - 18:12:42: [SM] Call stack trace:
L 10/09/2021 - 18:12:43: [SM]   [0] PrintToChat
L 10/09/2021 - 18:12:43: [SM]   [1] Line 197, plugin.sp::AttemptInstantDefuse
L 10/09/2021 - 18:12:43: [SM]   [2] Line 104, plugin.sp::Event_BombBeginDefusePlusFrame
L 10/09/2021 - 18:13:06: [SM] Exception reported: Language phrase "InstaDefuseSuccessful" not found (arg 5)
L 10/09/2021 - 18:13:06: [SM] Blaming: retakes-instadefuse.smx
L 10/09/2021 - 18:13:06: [SM] Call stack trace:
L 10/09/2021 - 18:13:06: [SM]   [0] PrintToChat
L 10/09/2021 - 18:13:06: [SM]   [1] Line 197, plugin.sp::AttemptInstantDefuse
L 10/09/2021 - 18:13:06: [SM]   [2] Line 104, plugin.sp::Event_BombBeginDefusePlusFrame
L 10/09/2021 - 18:13:59: [SM] Exception reported: Language phrase "InstaDefuseSuccessful" not found (arg 5)
L 10/09/2021 - 18:13:59: [SM] Blaming: retakes-instadefuse.smx
L 10/09/2021 - 18:13:59: [SM] Call stack trace:
L 10/09/2021 - 18:13:59: [SM]   [0] PrintToChat
L 10/09/2021 - 18:13:59: [SM]   [1] Line 197, plugin.sp::AttemptInstantDefuse
L 10/09/2021 - 18:13:59: [SM]   [2] Line 104, plugin.sp::Event_BombBeginDefusePlusFrame
L 10/09/2021 - 18:14:36: [SM] Exception reported: Language phrase "InstaDefuseSuccessful" not found (arg 5)
L 10/09/2021 - 18:14:36: [SM] Blaming: retakes-instadefuse.smx
L 10/09/2021 - 18:14:36: [SM] Call stack trace:
L 10/09/2021 - 18:14:36: [SM]   [0] PrintToChat
L 10/09/2021 - 18:14:36: [SM]   [1] Line 197, plugin.sp::AttemptInstantDefuse
L 10/09/2021 - 18:14:36: [SM]   [2] Line 104, plugin.sp::Event_BombBeginDefusePlusFrame
L 10/09/2021 - 18:15:15: [SM] Exception reported: Language phrase "InstaDefuseSuccessful" not found (arg 5)
L 10/09/2021 - 18:15:15: [SM] Blaming: retakes-instadefuse.smx
L 10/09/2021 - 18:15:15: [SM] Call stack trace:
L 10/09/2021 - 18:15:15: [SM]   [0] PrintToChat
L 10/09/2021 - 18:15:15: [SM]   [1] Line 197, plugin.sp::AttemptInstantDefuse
L 10/09/2021 - 18:15:15: [SM]   [2] Line 104, plugin.sp::Event_BombBeginDefusePlusFrame
L 10/09/2021 - 18:15:28: [SM] Exception reported: Language phrase "InstaDefuseSuccessful" not found (arg 5)
L 10/09/2021 - 18:15:28: [SM] Blaming: retakes-instadefuse.smx
L 10/09/2021 - 18:15:28: [SM] Call stack trace:
L 10/09/2021 - 18:15:28: [SM]   [0] PrintToChat
L 10/09/2021 - 18:15:28: [SM]   [1] Line 197, plugin.sp::AttemptInstantDefuse
L 10/09/2021 - 18:15:28: [SM]   [2] Line 104, plugin.sp::Event_BombBeginDefusePlusFrame
L 10/09/2021 - 18:15:47: [SM] Exception reported: Language phrase "InstaDefuseSuccessful" not found (arg 5)
L 10/09/2021 - 18:15:47: [SM] Blaming: retakes-instadefuse.smx
L 10/09/2021 - 18:15:47: [SM] Call stack trace:
L 10/09/2021 - 18:15:47: [SM]   [0] PrintToChat
L 10/09/2021 - 18:15:47: [SM]   [1] Line 197, plugin.sp::AttemptInstantDefuse
L 10/09/2021 - 18:15:47: [SM]   [2] Line 104, plugin.sp::Event_BombBeginDefusePlusFrame
L 10/09/2021 - 18:16:22: [SM] Exception reported: Language phrase "InstaDefuseSuccessful" not found (arg 5)
L 10/09/2021 - 18:16:22: [SM] Blaming: retakes-instadefuse.smx
L 10/09/2021 - 18:16:22: [SM] Call stack trace:
L 10/09/2021 - 18:16:22: [SM]   [0] PrintToChat
L 10/09/2021 - 18:16:22: [SM]   [1] Line 197, plugin.sp::AttemptInstantDefuse
L 10/09/2021 - 18:16:22: [SM]   [2] Line 104, plugin.sp::Event_BombBeginDefusePlusFrame
L 10/09/2021 - 18:16:43: [SM] Exception reported: Language phrase "InstaDefuseSuccessful" not found (arg 5)
L 10/09/2021 - 18:16:43: [SM] Blaming: retakes-instadefuse.smx
L 10/09/2021 - 18:16:43: [SM] Call stack trace:
L 10/09/2021 - 18:16:43: [SM]   [0] PrintToChat
L 10/09/2021 - 18:16:43: [SM]   [1] Line 197, plugin.sp::AttemptInstantDefuse
L 10/09/2021 - 18:16:43: [SM]   [2] Line 104, plugin.sp::Event_BombBeginDefusePlusFrame
L 10/09/2021 - 18:17:18: [SM] Exception reported: Language phrase "InstaDefuseSuccessful" not found (arg 5)
L 10/09/2021 - 18:17:18: [SM] Blaming: retakes-instadefuse.smx
L 10/09/2021 - 18:17:18: [SM] Call stack trace:
L 10/09/2021 - 18:17:18: [SM]   [0] PrintToChat
L 10/09/2021 - 18:17:18: [SM]   [1] Line 197, plugin.sp::AttemptInstantDefuse
L 10/09/2021 - 18:17:18: [SM]   [2] Line 104, plugin.sp::Event_BombBeginDefusePlusFrame
L 10/09/2021 - 18:17:50: [SM] Exception reported: Language phrase "InstaDefuseSuccessful" not found (arg 5)
L 10/09/2021 - 18:17:50: [SM] Blaming: retakes-instadefuse.smx
L 10/09/2021 - 18:17:50: [SM] Call stack trace:
L 10/09/2021 - 18:17:50: [SM]   [0] PrintToChat
L 10/09/2021 - 18:17:50: [SM]   [1] Line 197, plugin.sp::AttemptInstantDefuse
L 10/09/2021 - 18:17:50: [SM]   [2] Line 104, plugin.sp::Event_BombBeginDefusePlusFrame
L 10/09/2021 - 18:19:01: [SM] Exception reported: Language phrase "InstaDefuseSuccessful" not found (arg 5)
L 10/09/2021 - 18:19:01: [SM] Blaming: retakes-instadefuse.smx
L 10/09/2021 - 18:19:01: [SM] Call stack trace:
L 10/09/2021 - 18:19:01: [SM]   [0] PrintToChat
L 10/09/2021 - 18:19:01: [SM]   [1] Line 197, plugin.sp::AttemptInstantDefuse
L 10/09/2021 - 18:19:01: [SM]   [2] Line 104, plugin.sp::Event_BombBeginDefusePlusFrame
L 10/09/2021 - 18:19:15: [SM] Exception reported: Language phrase "InstaDefuseSuccessful" not found (arg 5)
L 10/09/2021 - 18:19:15: [SM] Blaming: retakes-instadefuse.smx
L 10/09/2021 - 18:19:15: [SM] Call stack trace:
L 10/09/2021 - 18:19:15: [SM]   [0] PrintToChat
L 10/09/2021 - 18:19:15: [SM]   [1] Line 197, plugin.sp::AttemptInstantDefuse
L 10/09/2021 - 18:19:15: [SM]   [2] Line 104, plugin.sp::Event_BombBeginDefusePlusFrame
L 10/09/2021 - 18:20:28: [SM] Exception reported: Language phrase "InstaDefuseSuccessful" not found (arg 5)
L 10/09/2021 - 18:20:28: [SM] Blaming: retakes-instadefuse.smx
L 10/09/2021 - 18:20:28: [SM] Call stack trace:
L 10/09/2021 - 18:20:28: [SM]   [0] PrintToChat
L 10/09/2021 - 18:20:28: [SM]   [1] Line 197, plugin.sp::AttemptInstantDefuse
L 10/09/2021 - 18:20:28: [SM]   [2] Line 104, plugin.sp::Event_BombBeginDefusePlusFrame
L 10/09/2021 - 18:20:43: [SM] Exception reported: Language phrase "InstaDefuseSuccessful" not found (arg 5)
L 10/09/2021 - 18:20:43: [SM] Blaming: retakes-instadefuse.smx
L 10/09/2021 - 18:20:43: [SM] Call stack trace:
L 10/09/2021 - 18:20:43: [SM]   [0] PrintToChat
L 10/09/2021 - 18:20:43: [SM]   [1] Line 197, plugin.sp::AttemptInstantDefuse
L 10/09/2021 - 18:20:43: [SM]   [2] Line 104, plugin.sp::Event_BombBeginDefusePlusFrame
L 10/09/2021 - 18:20:43: [SM] Exception reported: Language phrase "InstaDefuseSuccessful" not found (arg 5)
L 10/09/2021 - 18:20:43: [SM] Blaming: retakes-instadefuse.smx
L 10/09/2021 - 18:20:43: [SM] Call stack trace:
L 10/09/2021 - 18:20:43: [SM]   [0] PrintToChat
L 10/09/2021 - 18:20:43: [SM]   [1] Line 197, plugin.sp::AttemptInstantDefuse
L 10/09/2021 - 18:20:43: [SM]   [2] Line 104, plugin.sp::Event_BombBeginDefusePlusFrame
L 10/09/2021 - 18:20:44: [SM] Exception reported: Language phrase "InstaDefuseSuccessful" not found (arg 5)
L 10/09/2021 - 18:20:44: [SM] Blaming: retakes-instadefuse.smx
L 10/09/2021 - 18:20:44: [SM] Call stack trace:
L 10/09/2021 - 18:20:44: [SM]   [0] PrintToChat
L 10/09/2021 - 18:20:44: [SM]   [1] Line 197, plugin.sp::AttemptInstantDefuse
L 10/09/2021 - 18:20:44: [SM]   [2] Line 104, plugin.sp::Event_BombBeginDefusePlusFrame
L 10/09/2021 - 18:20:45: [SM] Exception reported: Language phrase "InstaDefuseSuccessful" not found (arg 5)
L 10/09/2021 - 18:20:45: [SM] Blaming: retakes-instadefuse.smx
L 10/09/2021 - 18:20:45: [SM] Call stack trace:
L 10/09/2021 - 18:20:45: [SM]   [0] PrintToChat
L 10/09/2021 - 18:20:45: [SM]   [1] Line 197, plugin.sp::AttemptInstantDefuse
L 10/09/2021 - 18:20:45: [SM]   [2] Line 104, plugin.sp::Event_BombBeginDefusePlusFrame
L 10/09/2021 - 18:21:10: [SM] Exception reported: Language phrase "InstaDefuseSuccessful" not found (arg 5)
L 10/09/2021 - 18:21:10: [SM] Blaming: retakes-instadefuse.smx
L 10/09/2021 - 18:21:10: [SM] Call stack trace:
L 10/09/2021 - 18:21:10: [SM]   [0] PrintToChat
L 10/09/2021 - 18:21:10: [SM]   [1] Line 197, plugin.sp::AttemptInstantDefuse
L 10/09/2021 - 18:21:10: [SM]   [2] Line 104, plugin.sp::Event_BombBeginDefusePlusFrame
L 10/09/2021 - 18:21:29: [SM] Exception reported: Language phrase "InstaDefuseSuccessful" not found (arg 5)
L 10/09/2021 - 18:21:29: [SM] Blaming: retakes-instadefuse.smx
L 10/09/2021 - 18:21:29: [SM] Call stack trace:
L 10/09/2021 - 18:21:29: [SM]   [0] PrintToChat
L 10/09/2021 - 18:21:29: [SM]   [1] Line 197, plugin.sp::AttemptInstantDefuse
L 10/09/2021 - 18:21:29: [SM]   [2] Line 104, plugin.sp::Event_BombBeginDefusePlusFrame
L 10/09/2021 - 18:21:47: [SM] Exception reported: Language phrase "InstaDefuseSuccessful" not found (arg 5)
L 10/09/2021 - 18:21:47: [SM] Blaming: retakes-instadefuse.smx
L 10/09/2021 - 18:21:47: [SM] Call stack trace:
L 10/09/2021 - 18:21:47: [SM]   [0] PrintToChat
L 10/09/2021 - 18:21:47: [SM]   [1] Line 197, plugin.sp::AttemptInstantDefuse
L 10/09/2021 - 18:21:47: [SM]   [2] Line 104, plugin.sp::Event_BombBeginDefusePlusFrame
L 10/09/2021 - 18:22:04: [SM] Exception reported: Language phrase "InstaDefuseSuccessful" not found (arg 5)
L 10/09/2021 - 18:22:04: [SM] Blaming: retakes-instadefuse.smx
L 10/09/2021 - 18:22:04: [SM] Call stack trace:
L 10/09/2021 - 18:22:04: [SM]   [0] PrintToChat
L 10/09/2021 - 18:22:05: [SM]   [1] Line 197, plugin.sp::AttemptInstantDefuse
L 10/09/2021 - 18:22:05: [SM]   [2] Line 104, plugin.sp::Event_BombBeginDefusePlusFrame
L 10/09/2021 - 18:22:17: [SM] Exception reported: Language phrase "InstaDefuseSuccessful" not found (arg 5)
L 10/09/2021 - 18:22:17: [SM] Blaming: retakes-instadefuse.smx
L 10/09/2021 - 18:22:17: [SM] Call stack trace:
L 10/09/2021 - 18:22:17: [SM]   [0] PrintToChat
L 10/09/2021 - 18:22:17: [SM]   [1] Line 197, plugin.sp::AttemptInstantDefuse
L 10/09/2021 - 18:22:17: [SM]   [2] Line 104, plugin.sp::Event_BombBeginDefusePlusFrame
L 10/09/2021 - 18:22:33: [SM] Exception reported: Language phrase "InstaDefuseSuccessful" not found (arg 5)
L 10/09/2021 - 18:22:33: [SM] Blaming: retakes-instadefuse.smx
L 10/09/2021 - 18:22:33: [SM] Call stack trace:
L 10/09/2021 - 18:22:33: [SM]   [0] PrintToChat
L 10/09/2021 - 18:22:33: [SM]   [1] Line 197, plugin.sp::AttemptInstantDefuse
L 10/09/2021 - 18:22:33: [SM]   [2] Line 104, plugin.sp::Event_BombBeginDefusePlusFrame
L 10/09/2021 - 18:22:53: [SM] Exception reported: Language phrase "InstaDefuseSuccessful" not found (arg 5)
L 10/09/2021 - 18:22:53: [SM] Blaming: retakes-instadefuse.smx
L 10/09/2021 - 18:22:53: [SM] Call stack trace:
L 10/09/2021 - 18:22:53: [SM]   [0] PrintToChat
L 10/09/2021 - 18:22:53: [SM]   [1] Line 197, plugin.sp::AttemptInstantDefuse
L 10/09/2021 - 18:22:53: [SM]   [2] Line 104, plugin.sp::Event_BombBeginDefusePlusFrame
L 10/09/2021 - 18:23:10: [SM] Exception reported: Language phrase "InstaDefuseSuccessful" not found (arg 5)
L 10/09/2021 - 18:23:10: [SM] Blaming: retakes-instadefuse.smx
L 10/09/2021 - 18:23:10: [SM] Call stack trace:
L 10/09/2021 - 18:23:10: [SM]   [0] PrintToChat
L 10/09/2021 - 18:23:10: [SM]   [1] Line 197, plugin.sp::AttemptInstantDefuse
L 10/09/2021 - 18:23:10: [SM]   [2] Line 104, plugin.sp::Event_BombBeginDefusePlusFrame
L 10/09/2021 - 18:23:26: [SM] Exception reported: Language phrase "InstaDefuseSuccessful" not found (arg 5)
L 10/09/2021 - 18:23:26: [SM] Blaming: retakes-instadefuse.smx
L 10/09/2021 - 18:23:26: [SM] Call stack trace:
L 10/09/2021 - 18:23:26: [SM]   [0] PrintToChat
L 10/09/2021 - 18:23:26: [SM]   [1] Line 197, plugin.sp::AttemptInstantDefuse
L 10/09/2021 - 18:23:26: [SM]   [2] Line 104, plugin.sp::Event_BombBeginDefusePlusFrame
L 10/09/2021 - 18:24:00: [SM] Exception reported: Language phrase "InstaDefuseSuccessful" not found (arg 5)
L 10/09/2021 - 18:24:00: [SM] Blaming: retakes-instadefuse.smx
L 10/09/2021 - 18:24:00: [SM] Call stack trace:
L 10/09/2021 - 18:24:00: [SM]   [0] PrintToChat
L 10/09/2021 - 18:24:00: [SM]   [1] Line 197, plugin.sp::AttemptInstantDefuse
L 10/09/2021 - 18:24:00: [SM]   [2] Line 104, plugin.sp::Event_BombBeginDefusePlusFrame
L 10/09/2021 - 18:24:28: [SM] Exception reported: Language phrase "InstaDefuseSuccessful" not found (arg 5)
L 10/09/2021 - 18:24:28: [SM] Blaming: retakes-instadefuse.smx
L 10/09/2021 - 18:24:28: [SM] Call stack trace:
L 10/09/2021 - 18:24:28: [SM]   [0] PrintToChat
L 10/09/2021 - 18:24:28: [SM]   [1] Line 197, plugin.sp::AttemptInstantDefuse
L 10/09/2021 - 18:24:28: [SM]   [2] Line 104, plugin.sp::Event_BombBeginDefusePlusFrame
L 10/09/2021 - 18:24:52: [SM] Exception reported: Language phrase "InstaDefuseSuccessful" not found (arg 5)
L 10/09/2021 - 18:24:52: [SM] Blaming: retakes-instadefuse.smx
L 10/09/2021 - 18:24:52: [SM] Call stack trace:
L 10/09/2021 - 18:24:52: [SM]   [0] PrintToChat
L 10/09/2021 - 18:24:52: [SM]   [1] Line 197, plugin.sp::AttemptInstantDefuse
L 10/09/2021 - 18:24:52: [SM]   [2] Line 104, plugin.sp::Event_BombBeginDefusePlusFrame
L 10/09/2021 - 18:25:11: [SM] Exception reported: Language phrase "InstaDefuseSuccessful" not found (arg 5)
L 10/09/2021 - 18:25:11: [SM] Blaming: retakes-instadefuse.smx
L 10/09/2021 - 18:25:11: [SM] Call stack trace:
L 10/09/2021 - 18:25:11: [SM]   [0] PrintToChat
L 10/09/2021 - 18:25:11: [SM]   [1] Line 197, plugin.sp::AttemptInstantDefuse
L 10/09/2021 - 18:25:11: [SM]   [2] Line 104, plugin.sp::Event_BombBeginDefusePlusFrame
L 10/09/2021 - 18:25:28: [SM] Exception reported: Language phrase "InstaDefuseSuccessful" not found (arg 5)
L 10/09/2021 - 18:25:28: [SM] Blaming: retakes-instadefuse.smx
L 10/09/2021 - 18:25:28: [SM] Call stack trace:
L 10/09/2021 - 18:25:28: [SM]   [0] PrintToChat
L 10/09/2021 - 18:25:28: [SM]   [1] Line 197, plugin.sp::AttemptInstantDefuse
L 10/09/2021 - 18:25:28: [SM]   [2] Line 104, plugin.sp::Event_BombBeginDefusePlusFrame
L 10/09/2021 - 18:25:46: [SM] Exception reported: Language phrase "InstaDefuseSuccessful" not found (arg 5)
L 10/09/2021 - 18:25:46: [SM] Blaming: retakes-instadefuse.smx
L 10/09/2021 - 18:25:46: [SM] Call stack trace:
L 10/09/2021 - 18:25:46: [SM]   [0] PrintToChat
L 10/09/2021 - 18:25:46: [SM]   [1] Line 197, plugin.sp::AttemptInstantDefuse
L 10/09/2021 - 18:25:46: [SM]   [2] Line 104, plugin.sp::Event_BombBeginDefusePlusFrame
L 10/09/2021 - 18:26:03: [SM] Exception reported: Language phrase "InstaDefuseSuccessful" not found (arg 5)
L 10/09/2021 - 18:26:03: [SM] Blaming: retakes-instadefuse.smx
L 10/09/2021 - 18:26:03: [SM] Call stack trace:
L 10/09/2021 - 18:26:03: [SM]   [0] PrintToChat
L 10/09/2021 - 18:26:03: [SM]   [1] Line 197, plugin.sp::AttemptInstantDefuse
L 10/09/2021 - 18:26:03: [SM]   [2] Line 104, plugin.sp::Event_BombBeginDefusePlusFrame
L 10/09/2021 - 18:26:18: [SM] Exception reported: Language phrase "InstaDefuseSuccessful" not found (arg 5)
L 10/09/2021 - 18:26:18: [SM] Blaming: retakes-instadefuse.smx
L 10/09/2021 - 18:26:18: [SM] Call stack trace:
L 10/09/2021 - 18:26:18: [SM]   [0] PrintToChat
L 10/09/2021 - 18:26:18: [SM]   [1] Line 197, plugin.sp::AttemptInstantDefuse
L 10/09/2021 - 18:26:18: [SM]   [2] Line 104, plugin.sp::Event_BombBeginDefusePlusFrame
L 10/09/2021 - 18:26:35: [SM] Exception reported: Language phrase "LiveNadeSomewhere" not found (arg 5)
L 10/09/2021 - 18:26:35: [SM] Blaming: retakes-instadefuse.smx
L 10/09/2021 - 18:26:35: [SM] Call stack trace:
L 10/09/2021 - 18:26:35: [SM]   [0] PrintToChat
L 10/09/2021 - 18:26:35: [SM]   [1] Line 168, plugin.sp::AttemptInstantDefuse
L 10/09/2021 - 18:26:35: [SM]   [2] Line 104, plugin.sp::Event_BombBeginDefusePlusFrame
L 10/09/2021 - 18:26:57: [SM] Exception reported: Language phrase "InstaDefuseSuccessful" not found (arg 5)
L 10/09/2021 - 18:26:57: [SM] Blaming: retakes-instadefuse.smx
L 10/09/2021 - 18:26:57: [SM] Call stack trace:
L 10/09/2021 - 18:26:57: [SM]   [0] PrintToChat
L 10/09/2021 - 18:26:57: [SM]   [1] Line 197, plugin.sp::AttemptInstantDefuse
L 10/09/2021 - 18:26:57: [SM]   [2] Line 104, plugin.sp::Event_BombBeginDefusePlusFrame
L 10/09/2021 - 18:27:17: [SM] Exception reported: Language phrase "InstaDefuseSuccessful" not found (arg 5)
L 10/09/2021 - 18:27:17: [SM] Blaming: retakes-instadefuse.smx
L 10/09/2021 - 18:27:17: [SM] Call stack trace:
L 10/09/2021 - 18:27:17: [SM]   [0] PrintToChat
L 10/09/2021 - 18:27:17: [SM]   [1] Line 197, plugin.sp::AttemptInstantDefuse
L 10/09/2021 - 18:27:17: [SM]   [2] Line 104, plugin.sp::Event_BombBeginDefusePlusFrame
L 10/09/2021 - 18:27:40: [SM] Exception reported: Language phrase "InstaDefuseSuccessful" not found (arg 5)
L 10/09/2021 - 18:27:40: [SM] Blaming: retakes-instadefuse.smx
L 10/09/2021 - 18:27:40: [SM] Call stack trace:
L 10/09/2021 - 18:27:40: [SM]   [0] PrintToChat
L 10/09/2021 - 18:27:40: [SM]   [1] Line 197, plugin.sp::AttemptInstantDefuse
L 10/09/2021 - 18:27:40: [SM]   [2] Line 104, plugin.sp::Event_BombBeginDefusePlusFrame
L 10/09/2021 - 18:28:04: [SM] Exception reported: Language phrase "InstaDefuseSuccessful" not found (arg 5)
L 10/09/2021 - 18:28:04: [SM] Blaming: retakes-instadefuse.smx
L 10/09/2021 - 18:28:04: [SM] Call stack trace:
L 10/09/2021 - 18:28:04: [SM]   [0] PrintToChat
L 10/09/2021 - 18:28:04: [SM]   [1] Line 197, plugin.sp::AttemptInstantDefuse
L 10/09/2021 - 18:28:04: [SM]   [2] Line 104, plugin.sp::Event_BombBeginDefusePlusFrame
L 10/09/2021 - 18:28:26: [SM] Exception reported: Language phrase "InstaDefuseSuccessful" not found (arg 5)
L 10/09/2021 - 18:28:26: [SM] Blaming: retakes-instadefuse.smx
L 10/09/2021 - 18:28:26: [SM] Call stack trace:
L 10/09/2021 - 18:28:26: [SM]   [0] PrintToChat
L 10/09/2021 - 18:28:26: [SM]   [1] Line 197, plugin.sp::AttemptInstantDefuse
L 10/09/2021 - 18:28:26: [SM]   [2] Line 104, plugin.sp::Event_BombBeginDefusePlusFrame
L 10/09/2021 - 18:28:59: [SM] Exception reported: Language phrase "InstaDefuseSuccessful" not found (arg 5)
L 10/09/2021 - 18:28:59: [SM] Blaming: retakes-instadefuse.smx
L 10/09/2021 - 18:28:59: [SM] Call stack trace:
L 10/09/2021 - 18:28:59: [SM]   [0] PrintToChat
L 10/09/2021 - 18:28:59: [SM]   [1] Line 197, plugin.sp::AttemptInstantDefuse
L 10/09/2021 - 18:28:59: [SM]   [2] Line 104, plugin.sp::Event_BombBeginDefusePlusFrame
L 10/09/2021 - 18:29:11: [SM] Exception reported: Language phrase "InstaDefuseSuccessful" not found (arg 5)
L 10/09/2021 - 18:29:11: [SM] Blaming: retakes-instadefuse.smx
L 10/09/2021 - 18:29:11: [SM] Call stack trace:
L 10/09/2021 - 18:29:11: [SM]   [0] PrintToChat
L 10/09/2021 - 18:29:11: [SM]   [1] Line 197, plugin.sp::AttemptInstantDefuse
L 10/09/2021 - 18:29:11: [SM]   [2] Line 104, plugin.sp::Event_BombBeginDefusePlusFrame
L 10/09/2021 - 18:29:12: [SM] Exception reported: Language phrase "InstaDefuseSuccessful" not found (arg 5)
L 10/09/2021 - 18:29:12: [SM] Blaming: retakes-instadefuse.smx
L 10/09/2021 - 18:29:12: [SM] Call stack trace:
L 10/09/2021 - 18:29:12: [SM]   [0] PrintToChat
L 10/09/2021 - 18:29:12: [SM]   [1] Line 197, plugin.sp::AttemptInstantDefuse
L 10/09/2021 - 18:29:12: [SM]   [2] Line 104, plugin.sp::Event_BombBeginDefusePlusFrame
L 10/09/2021 - 18:29:30: [SM] Exception reported: Language phrase "InstaDefuseSuccessful" not found (arg 5)
L 10/09/2021 - 18:29:30: [SM] Blaming: retakes-instadefuse.smx
L 10/09/2021 - 18:29:30: [SM] Call stack trace:
L 10/09/2021 - 18:29:30: [SM]   [0] PrintToChat
L 10/09/2021 - 18:29:30: [SM]   [1] Line 197, plugin.sp::AttemptInstantDefuse
L 10/09/2021 - 18:29:30: [SM]   [2] Line 104, plugin.sp::Event_BombBeginDefusePlusFrame
