L 08/05/2021 - 22:31:04: SourceMod error session started
L 08/05/2021 - 22:31:04: Info (map "de_dust2") (file "E:\retake\csgoserver\csgo\addons\sourcemod\logs\errors_20210805.log")
L 08/05/2021 - 22:31:04: [SM] Unable to load plugin "bot_inventory.smx": Native "eItems_AreItemsSynced" was not found
L 08/05/2021 - 22:31:04: [SM] Unable to load plugin "bot_stuff.smx": Could not find required plugin "navmesh"
L 08/05/2021 - 22:31:05: [SM] Fatal error encountered parsing translation file "ranks_matchmaking.phrases.txt"
L 08/05/2021 - 22:31:05: [SM] Error (line 0, column 0): Stream failed to open
L 08/05/2021 - 22:31:05: [SM] Fatal error encountered parsing translation file "instadefuse.phrases.txt"
L 08/05/2021 - 22:31:05: [SM] Error (line 0, column 0): Stream failed to open
L 08/05/2021 - 22:31:22: [SM] Exception reported: Language phrase "Unranked" not found (arg 5)
L 08/05/2021 - 22:31:22: [SM] Blaming: ranks_matchmaking.smx
L 08/05/2021 - 22:31:22: [SM] Call stack trace:
L 08/05/2021 - 22:31:22: [SM]   [0] FormatEx
L 08/05/2021 - 22:31:22: [SM]   [1] Line 174, ranks_matchmaking.sp::GetRanksNames
L 08/05/2021 - 22:31:22: [SM]   [2] Line 169, ranks_matchmaking.sp::OnMapStart
L 08/05/2021 - 22:32:44: SourceMod error session started
L 08/05/2021 - 22:32:44: Info (map "de_dust2") (file "E:\retake\csgoserver\csgo\addons\sourcemod\logs\errors_20210805.log")
L 08/05/2021 - 22:32:44: [SM] Unable to load plugin "bot_inventory.smx": Native "eItems_AreItemsSynced" was not found
L 08/05/2021 - 22:32:44: [SM] Unable to load plugin "bot_stuff.smx": Could not find required plugin "navmesh"
L 08/05/2021 - 22:32:44: [SM] Fatal error encountered parsing translation file "ranks_matchmaking.phrases.txt"
L 08/05/2021 - 22:32:44: [SM] Error (line 0, column 0): Stream failed to open
L 08/05/2021 - 22:32:44: [SM] Fatal error encountered parsing translation file "instadefuse.phrases.txt"
L 08/05/2021 - 22:32:44: [SM] Error (line 0, column 0): Stream failed to open
L 08/05/2021 - 22:32:47: [SM] Exception reported: Language phrase "Unranked" not found (arg 5)
L 08/05/2021 - 22:32:47: [SM] Blaming: ranks_matchmaking.smx
L 08/05/2021 - 22:32:47: [SM] Call stack trace:
L 08/05/2021 - 22:32:47: [SM]   [0] FormatEx
L 08/05/2021 - 22:32:47: [SM]   [1] Line 174, ranks_matchmaking.sp::GetRanksNames
L 08/05/2021 - 22:32:47: [SM]   [2] Line 169, ranks_matchmaking.sp::OnMapStart
L 08/05/2021 - 22:33:36: [nextmap.smx] FATAL: Cannot load map cycle. Nextmap not loaded.
L 08/05/2021 - 22:33:36: [SM] Exception reported: Mapcycle Not Found
L 08/05/2021 - 22:33:36: [SM] Blaming: nextmap.smx
L 08/05/2021 - 22:33:36: [SM] Call stack trace:
L 08/05/2021 - 22:33:36: [SM]   [0] SetFailState
L 08/05/2021 - 22:33:36: [SM]   [1] Line 143, D:\builds\build-sourcemod-msvc12\windows-1.11\build\plugins\nextmap.sp::FindAndSetNextMap
L 08/05/2021 - 22:33:36: [SM]   [2] Line 113, D:\builds\build-sourcemod-msvc12\windows-1.11\build\plugins\nextmap.sp::OnConfigsExecuted
L 08/05/2021 - 22:33:40: Error log file session closed.
L 08/05/2021 - 22:33:40: SourceMod error session started
L 08/05/2021 - 22:33:40: Info (map "de_dust2") (file "E:\retake\csgoserver\csgo\addons\sourcemod\logs\errors_20210805.log")
L 08/05/2021 - 22:33:40: [SM] Fatal error encountered parsing translation file "ranks_matchmaking.phrases.txt"
L 08/05/2021 - 22:33:40: [SM] Error (line 0, column 0): Stream failed to open
L 08/05/2021 - 22:33:40: [SM] Fatal error encountered parsing translation file "instadefuse.phrases.txt"
L 08/05/2021 - 22:33:40: [SM] Error (line 0, column 0): Stream failed to open
L 08/05/2021 - 22:33:41: [SM] Exception reported: Language phrase "Unranked" not found (arg 5)
L 08/05/2021 - 22:33:41: [SM] Blaming: ranks_matchmaking.smx
L 08/05/2021 - 22:33:41: [SM] Call stack trace:
L 08/05/2021 - 22:33:41: [SM]   [0] FormatEx
L 08/05/2021 - 22:33:41: [SM]   [1] Line 174, ranks_matchmaking.sp::GetRanksNames
L 08/05/2021 - 22:33:41: [SM]   [2] Line 169, ranks_matchmaking.sp::OnMapStart
L 08/05/2021 - 22:33:41: [nextmap.smx] FATAL: Cannot load map cycle. Nextmap not loaded.
L 08/05/2021 - 22:33:41: [SM] Exception reported: Mapcycle Not Found
L 08/05/2021 - 22:33:41: [SM] Blaming: nextmap.smx
L 08/05/2021 - 22:33:41: [SM] Call stack trace:
L 08/05/2021 - 22:33:41: [SM]   [0] SetFailState
L 08/05/2021 - 22:33:41: [SM]   [1] Line 143, D:\builds\build-sourcemod-msvc12\windows-1.11\build\plugins\nextmap.sp::FindAndSetNextMap
L 08/05/2021 - 22:33:41: [SM]   [2] Line 113, D:\builds\build-sourcemod-msvc12\windows-1.11\build\plugins\nextmap.sp::OnConfigsExecuted
L 08/05/2021 - 22:35:24: [SM] Exception reported: Language phrase "InstaDefuseSuccessful" not found (arg 5)
L 08/05/2021 - 22:35:24: [SM] Blaming: retakes-instadefuse.smx
L 08/05/2021 - 22:35:24: [SM] Call stack trace:
L 08/05/2021 - 22:35:24: [SM]   [0] PrintToChat
L 08/05/2021 - 22:35:24: [SM]   [1] Line 197, plugin.sp::AttemptInstantDefuse
L 08/05/2021 - 22:35:24: [SM]   [2] Line 104, plugin.sp::Event_BombBeginDefusePlusFrame
L 08/05/2021 - 22:37:29: [SM] Exception reported: Language phrase "InstaDefuseUnsuccessful" not found (arg 5)
L 08/05/2021 - 22:37:29: [SM] Blaming: retakes-instadefuse.smx
L 08/05/2021 - 22:37:29: [SM] Call stack trace:
L 08/05/2021 - 22:37:29: [SM]   [0] PrintToChat
L 08/05/2021 - 22:37:29: [SM]   [1] Line 143, plugin.sp::AttemptInstantDefuse
L 08/05/2021 - 22:37:29: [SM]   [2] Line 104, plugin.sp::Event_BombBeginDefusePlusFrame
L 08/05/2021 - 22:38:44: [SM] Exception reported: Language phrase "InstaDefuseSuccessful" not found (arg 5)
L 08/05/2021 - 22:38:44: [SM] Blaming: retakes-instadefuse.smx
L 08/05/2021 - 22:38:44: [SM] Call stack trace:
L 08/05/2021 - 22:38:44: [SM]   [0] PrintToChat
L 08/05/2021 - 22:38:44: [SM]   [1] Line 197, plugin.sp::AttemptInstantDefuse
L 08/05/2021 - 22:38:44: [SM]   [2] Line 104, plugin.sp::Event_BombBeginDefusePlusFrame
L 08/05/2021 - 22:39:32: [SM] Exception reported: Language phrase "InstaDefuseSuccessful" not found (arg 5)
L 08/05/2021 - 22:39:32: [SM] Blaming: retakes-instadefuse.smx
L 08/05/2021 - 22:39:32: [SM] Call stack trace:
L 08/05/2021 - 22:39:32: [SM]   [0] PrintToChat
L 08/05/2021 - 22:39:32: [SM]   [1] Line 197, plugin.sp::AttemptInstantDefuse
L 08/05/2021 - 22:39:32: [SM]   [2] Line 104, plugin.sp::Event_BombBeginDefusePlusFrame
L 08/05/2021 - 22:40:12: [SM] Exception reported: Language phrase "InstaDefuseSuccessful" not found (arg 5)
L 08/05/2021 - 22:40:12: [SM] Blaming: retakes-instadefuse.smx
L 08/05/2021 - 22:40:12: [SM] Call stack trace:
L 08/05/2021 - 22:40:12: [SM]   [0] PrintToChat
L 08/05/2021 - 22:40:12: [SM]   [1] Line 197, plugin.sp::AttemptInstantDefuse
L 08/05/2021 - 22:40:12: [SM]   [2] Line 104, plugin.sp::Event_BombBeginDefusePlusFrame
L 08/05/2021 - 22:40:40: [SM] Exception reported: Language phrase "InstaDefuseSuccessful" not found (arg 5)
L 08/05/2021 - 22:40:40: [SM] Blaming: retakes-instadefuse.smx
L 08/05/2021 - 22:40:40: [SM] Call stack trace:
L 08/05/2021 - 22:40:40: [SM]   [0] PrintToChat
L 08/05/2021 - 22:40:40: [SM]   [1] Line 197, plugin.sp::AttemptInstantDefuse
L 08/05/2021 - 22:40:40: [SM]   [2] Line 104, plugin.sp::Event_BombBeginDefusePlusFrame
L 08/05/2021 - 22:41:00: [SM] Exception reported: Language phrase "InstaDefuseSuccessful" not found (arg 5)
L 08/05/2021 - 22:41:00: [SM] Blaming: retakes-instadefuse.smx
L 08/05/2021 - 22:41:00: [SM] Call stack trace:
L 08/05/2021 - 22:41:00: [SM]   [0] PrintToChat
L 08/05/2021 - 22:41:00: [SM]   [1] Line 197, plugin.sp::AttemptInstantDefuse
L 08/05/2021 - 22:41:00: [SM]   [2] Line 104, plugin.sp::Event_BombBeginDefusePlusFrame
L 08/05/2021 - 22:42:04: [SM] Exception reported: Language phrase "InstaDefuseSuccessful" not found (arg 5)
L 08/05/2021 - 22:42:04: [SM] Blaming: retakes-instadefuse.smx
L 08/05/2021 - 22:42:04: [SM] Call stack trace:
L 08/05/2021 - 22:42:04: [SM]   [0] PrintToChat
L 08/05/2021 - 22:42:04: [SM]   [1] Line 197, plugin.sp::AttemptInstantDefuse
L 08/05/2021 - 22:42:04: [SM]   [2] Line 104, plugin.sp::Event_BombBeginDefusePlusFrame
L 08/05/2021 - 22:42:58: [SM] Exception reported: Language phrase "InstaDefuseSuccessful" not found (arg 5)
L 08/05/2021 - 22:42:58: [SM] Blaming: retakes-instadefuse.smx
L 08/05/2021 - 22:42:58: [SM] Call stack trace:
L 08/05/2021 - 22:42:58: [SM]   [0] PrintToChat
L 08/05/2021 - 22:42:58: [SM]   [1] Line 197, plugin.sp::AttemptInstantDefuse
L 08/05/2021 - 22:42:58: [SM]   [2] Line 104, plugin.sp::Event_BombBeginDefusePlusFrame
L 08/05/2021 - 22:43:20: [SM] Exception reported: Language phrase "InstaDefuseSuccessful" not found (arg 5)
L 08/05/2021 - 22:43:20: [SM] Blaming: retakes-instadefuse.smx
L 08/05/2021 - 22:43:20: [SM] Call stack trace:
L 08/05/2021 - 22:43:20: [SM]   [0] PrintToChat
L 08/05/2021 - 22:43:20: [SM]   [1] Line 197, plugin.sp::AttemptInstantDefuse
L 08/05/2021 - 22:43:20: [SM]   [2] Line 104, plugin.sp::Event_BombBeginDefusePlusFrame
L 08/05/2021 - 22:44:21: [SM] Exception reported: Language phrase "InstaDefuseSuccessful" not found (arg 5)
L 08/05/2021 - 22:44:21: [SM] Blaming: retakes-instadefuse.smx
L 08/05/2021 - 22:44:21: [SM] Call stack trace:
L 08/05/2021 - 22:44:21: [SM]   [0] PrintToChat
L 08/05/2021 - 22:44:21: [SM]   [1] Line 197, plugin.sp::AttemptInstantDefuse
L 08/05/2021 - 22:44:21: [SM]   [2] Line 104, plugin.sp::Event_BombBeginDefusePlusFrame
L 08/05/2021 - 22:44:22: [SM] Exception reported: Language phrase "InstaDefuseSuccessful" not found (arg 5)
L 08/05/2021 - 22:44:22: [SM] Blaming: retakes-instadefuse.smx
L 08/05/2021 - 22:44:22: [SM] Call stack trace:
L 08/05/2021 - 22:44:22: [SM]   [0] PrintToChat
L 08/05/2021 - 22:44:22: [SM]   [1] Line 197, plugin.sp::AttemptInstantDefuse
L 08/05/2021 - 22:44:22: [SM]   [2] Line 104, plugin.sp::Event_BombBeginDefusePlusFrame
L 08/05/2021 - 22:44:22: [SM] Exception reported: Language phrase "InstaDefuseSuccessful" not found (arg 5)
L 08/05/2021 - 22:44:22: [SM] Blaming: retakes-instadefuse.smx
L 08/05/2021 - 22:44:22: [SM] Call stack trace:
L 08/05/2021 - 22:44:22: [SM]   [0] PrintToChat
L 08/05/2021 - 22:44:22: [SM]   [1] Line 197, plugin.sp::AttemptInstantDefuse
L 08/05/2021 - 22:44:22: [SM]   [2] Line 104, plugin.sp::Event_BombBeginDefusePlusFrame
L 08/05/2021 - 22:44:23: [SM] Exception reported: Language phrase "InstaDefuseSuccessful" not found (arg 5)
L 08/05/2021 - 22:44:23: [SM] Blaming: retakes-instadefuse.smx
L 08/05/2021 - 22:44:23: [SM] Call stack trace:
L 08/05/2021 - 22:44:23: [SM]   [0] PrintToChat
L 08/05/2021 - 22:44:23: [SM]   [1] Line 197, plugin.sp::AttemptInstantDefuse
L 08/05/2021 - 22:44:23: [SM]   [2] Line 104, plugin.sp::Event_BombBeginDefusePlusFrame
L 08/05/2021 - 22:44:52: [SM] Exception reported: Language phrase "InstaDefuseSuccessful" not found (arg 5)
L 08/05/2021 - 22:44:52: [SM] Blaming: retakes-instadefuse.smx
L 08/05/2021 - 22:44:52: [SM] Call stack trace:
L 08/05/2021 - 22:44:52: [SM]   [0] PrintToChat
L 08/05/2021 - 22:44:52: [SM]   [1] Line 197, plugin.sp::AttemptInstantDefuse
L 08/05/2021 - 22:44:52: [SM]   [2] Line 104, plugin.sp::Event_BombBeginDefusePlusFrame
L 08/05/2021 - 22:45:59: [SM] Exception reported: Language phrase "InstaDefuseSuccessful" not found (arg 5)
L 08/05/2021 - 22:45:59: [SM] Blaming: retakes-instadefuse.smx
L 08/05/2021 - 22:45:59: [SM] Call stack trace:
L 08/05/2021 - 22:45:59: [SM]   [0] PrintToChat
L 08/05/2021 - 22:45:59: [SM]   [1] Line 197, plugin.sp::AttemptInstantDefuse
L 08/05/2021 - 22:45:59: [SM]   [2] Line 104, plugin.sp::Event_BombBeginDefusePlusFrame
L 08/05/2021 - 22:46:33: [SM] Exception reported: Language phrase "InstaDefuseSuccessful" not found (arg 5)
L 08/05/2021 - 22:46:33: [SM] Blaming: retakes-instadefuse.smx
L 08/05/2021 - 22:46:33: [SM] Call stack trace:
L 08/05/2021 - 22:46:33: [SM]   [0] PrintToChat
L 08/05/2021 - 22:46:33: [SM]   [1] Line 197, plugin.sp::AttemptInstantDefuse
L 08/05/2021 - 22:46:33: [SM]   [2] Line 104, plugin.sp::Event_BombBeginDefusePlusFrame
