L 07/08/2023 - 00:03:38: SourceMod error session started
L 07/08/2023 - 00:03:38: Info (map "de_dust2") (file "F:\CSRetake\csgo_server\csgo\addons\sourcemod\logs\errors_20230708.log")
L 07/08/2023 - 00:03:38: [SM] Unable to load extension "PhysHooks.ext": Could not find patch signature for symbol: Physics_RunThinkFunctions
L 07/08/2023 - 00:03:40: [SM] Unable to load plugin "bot_inventory.smx": Native "eItems_AreItemsSynced" was not found
L 07/08/2023 - 00:03:40: [SM] Unable to load plugin "bot_stuff.smx": Could not find required plugin "navmesh"
L 07/08/2023 - 00:03:41: [SM] Unable to load plugin "LagCompensation.smx": Required extension "PhysHooks" file("PhysHooks.ext") not running
L 07/08/2023 - 00:03:42: [SM] Fatal error encountered parsing translation file "ranks_matchmaking.phrases.txt"
L 07/08/2023 - 00:03:42: [SM] Error (line 0, column 0): Stream failed to open
L 07/08/2023 - 00:03:42: [SM] Fatal error encountered parsing translation file "instadefuse.phrases.txt"
L 07/08/2023 - 00:03:42: [SM] Error (line 0, column 0): Stream failed to open
L 07/08/2023 - 00:03:59: [SM] Exception reported: Language phrase "Unranked" not found (arg 5)
L 07/08/2023 - 00:03:59: [SM] Blaming: ranks_matchmaking.smx
L 07/08/2023 - 00:03:59: [SM] Call stack trace:
L 07/08/2023 - 00:03:59: [SM]   [0] FormatEx
L 07/08/2023 - 00:03:59: [SM]   [1] Line 174, ranks_matchmaking.sp::GetRanksNames
L 07/08/2023 - 00:03:59: [SM]   [2] Line 169, ranks_matchmaking.sp::OnMapStart
L 07/08/2023 - 00:04:18: Error log file session closed.
L 07/08/2023 - 00:04:18: SourceMod error session started
L 07/08/2023 - 00:04:18: Info (map "de_dust2") (file "F:\CSRetake\csgo_server\csgo\addons\sourcemod\logs\errors_20230708.log")
L 07/08/2023 - 00:04:18: [SM] Fatal error encountered parsing translation file "ranks_matchmaking.phrases.txt"
L 07/08/2023 - 00:04:18: [SM] Error (line 0, column 0): Stream failed to open
L 07/08/2023 - 00:04:18: [SM] Fatal error encountered parsing translation file "instadefuse.phrases.txt"
L 07/08/2023 - 00:04:18: [SM] Error (line 0, column 0): Stream failed to open
L 07/08/2023 - 00:04:19: [SM] Exception reported: Language phrase "Unranked" not found (arg 5)
L 07/08/2023 - 00:04:19: [SM] Blaming: ranks_matchmaking.smx
L 07/08/2023 - 00:04:19: [SM] Call stack trace:
L 07/08/2023 - 00:04:19: [SM]   [0] FormatEx
L 07/08/2023 - 00:04:19: [SM]   [1] Line 174, ranks_matchmaking.sp::GetRanksNames
L 07/08/2023 - 00:04:19: [SM]   [2] Line 169, ranks_matchmaking.sp::OnMapStart
L 07/08/2023 - 00:06:15: [SM] Exception reported: Language phrase "InstaDefuseSuccessful" not found (arg 5)
L 07/08/2023 - 00:06:15: [SM] Blaming: retakes-instadefuse.smx
L 07/08/2023 - 00:06:15: [SM] Call stack trace:
L 07/08/2023 - 00:06:15: [SM]   [0] PrintToChat
L 07/08/2023 - 00:06:15: [SM]   [1] Line 197, plugin.sp::AttemptInstantDefuse
L 07/08/2023 - 00:06:15: [SM]   [2] Line 104, plugin.sp::Event_BombBeginDefusePlusFrame
L 07/08/2023 - 00:06:32: [SM] Exception reported: Language phrase "InstaDefuseSuccessful" not found (arg 5)
L 07/08/2023 - 00:06:32: [SM] Blaming: retakes-instadefuse.smx
L 07/08/2023 - 00:06:32: [SM] Call stack trace:
L 07/08/2023 - 00:06:32: [SM]   [0] PrintToChat
L 07/08/2023 - 00:06:32: [SM]   [1] Line 197, plugin.sp::AttemptInstantDefuse
L 07/08/2023 - 00:06:32: [SM]   [2] Line 104, plugin.sp::Event_BombBeginDefusePlusFrame
L 07/08/2023 - 00:06:33: [SM] Exception reported: Language phrase "InstaDefuseSuccessful" not found (arg 5)
L 07/08/2023 - 00:06:33: [SM] Blaming: retakes-instadefuse.smx
L 07/08/2023 - 00:06:33: [SM] Call stack trace:
L 07/08/2023 - 00:06:33: [SM]   [0] PrintToChat
L 07/08/2023 - 00:06:33: [SM]   [1] Line 197, plugin.sp::AttemptInstantDefuse
L 07/08/2023 - 00:06:33: [SM]   [2] Line 104, plugin.sp::Event_BombBeginDefusePlusFrame
L 07/08/2023 - 00:07:18: [SM] Exception reported: Language phrase "InstaDefuseSuccessful" not found (arg 5)
L 07/08/2023 - 00:07:18: [SM] Blaming: retakes-instadefuse.smx
L 07/08/2023 - 00:07:18: [SM] Call stack trace:
L 07/08/2023 - 00:07:18: [SM]   [0] PrintToChat
L 07/08/2023 - 00:07:18: [SM]   [1] Line 197, plugin.sp::AttemptInstantDefuse
L 07/08/2023 - 00:07:18: [SM]   [2] Line 104, plugin.sp::Event_BombBeginDefusePlusFrame
L 07/08/2023 - 00:08:15: [SM] Exception reported: Language phrase "InstaDefuseSuccessful" not found (arg 5)
L 07/08/2023 - 00:08:15: [SM] Blaming: retakes-instadefuse.smx
L 07/08/2023 - 00:08:15: [SM] Call stack trace:
L 07/08/2023 - 00:08:15: [SM]   [0] PrintToChat
L 07/08/2023 - 00:08:15: [SM]   [1] Line 197, plugin.sp::AttemptInstantDefuse
L 07/08/2023 - 00:08:15: [SM]   [2] Line 104, plugin.sp::Event_BombBeginDefusePlusFrame
L 07/08/2023 - 00:08:57: [SM] Exception reported: Language phrase "InstaDefuseUnsuccessful" not found (arg 5)
L 07/08/2023 - 00:08:57: [SM] Blaming: retakes-instadefuse.smx
L 07/08/2023 - 00:08:57: [SM] Call stack trace:
L 07/08/2023 - 00:08:57: [SM]   [0] PrintToChat
L 07/08/2023 - 00:08:57: [SM]   [1] Line 143, plugin.sp::AttemptInstantDefuse
L 07/08/2023 - 00:08:57: [SM]   [2] Line 104, plugin.sp::Event_BombBeginDefusePlusFrame
L 07/08/2023 - 00:09:15: [SM] Exception reported: Language phrase "InstaDefuseSuccessful" not found (arg 5)
L 07/08/2023 - 00:09:15: [SM] Blaming: retakes-instadefuse.smx
L 07/08/2023 - 00:09:15: [SM] Call stack trace:
L 07/08/2023 - 00:09:15: [SM]   [0] PrintToChat
L 07/08/2023 - 00:09:15: [SM]   [1] Line 197, plugin.sp::AttemptInstantDefuse
L 07/08/2023 - 00:09:15: [SM]   [2] Line 104, plugin.sp::Event_BombBeginDefusePlusFrame
L 07/08/2023 - 00:11:40: [SM] Exception reported: Language phrase "InstaDefuseSuccessful" not found (arg 5)
L 07/08/2023 - 00:11:40: [SM] Blaming: retakes-instadefuse.smx
L 07/08/2023 - 00:11:40: [SM] Call stack trace:
L 07/08/2023 - 00:11:40: [SM]   [0] PrintToChat
L 07/08/2023 - 00:11:40: [SM]   [1] Line 197, plugin.sp::AttemptInstantDefuse
L 07/08/2023 - 00:11:40: [SM]   [2] Line 104, plugin.sp::Event_BombBeginDefusePlusFrame
L 07/08/2023 - 00:12:09: [SM] Exception reported: Language phrase "InstaDefuseSuccessful" not found (arg 5)
L 07/08/2023 - 00:12:09: [SM] Blaming: retakes-instadefuse.smx
L 07/08/2023 - 00:12:09: [SM] Call stack trace:
L 07/08/2023 - 00:12:09: [SM]   [0] PrintToChat
L 07/08/2023 - 00:12:09: [SM]   [1] Line 197, plugin.sp::AttemptInstantDefuse
L 07/08/2023 - 00:12:09: [SM]   [2] Line 104, plugin.sp::Event_BombBeginDefusePlusFrame
L 07/08/2023 - 00:12:38: [SM] Exception reported: Language phrase "InstaDefuseSuccessful" not found (arg 5)
L 07/08/2023 - 00:12:38: [SM] Blaming: retakes-instadefuse.smx
L 07/08/2023 - 00:12:38: [SM] Call stack trace:
L 07/08/2023 - 00:12:38: [SM]   [0] PrintToChat
L 07/08/2023 - 00:12:38: [SM]   [1] Line 197, plugin.sp::AttemptInstantDefuse
L 07/08/2023 - 00:12:38: [SM]   [2] Line 104, plugin.sp::Event_BombBeginDefusePlusFrame
L 07/08/2023 - 00:13:23: [SM] Exception reported: Language phrase "InstaDefuseSuccessful" not found (arg 5)
L 07/08/2023 - 00:13:23: [SM] Blaming: retakes-instadefuse.smx
L 07/08/2023 - 00:13:23: [SM] Call stack trace:
L 07/08/2023 - 00:13:23: [SM]   [0] PrintToChat
L 07/08/2023 - 00:13:23: [SM]   [1] Line 197, plugin.sp::AttemptInstantDefuse
L 07/08/2023 - 00:13:23: [SM]   [2] Line 104, plugin.sp::Event_BombBeginDefusePlusFrame
L 07/08/2023 - 00:14:15: [SM] Exception reported: Language phrase "InstaDefuseSuccessful" not found (arg 5)
L 07/08/2023 - 00:14:15: [SM] Blaming: retakes-instadefuse.smx
L 07/08/2023 - 00:14:15: [SM] Call stack trace:
L 07/08/2023 - 00:14:15: [SM]   [0] PrintToChat
L 07/08/2023 - 00:14:15: [SM]   [1] Line 197, plugin.sp::AttemptInstantDefuse
L 07/08/2023 - 00:14:15: [SM]   [2] Line 104, plugin.sp::Event_BombBeginDefusePlusFrame
L 07/08/2023 - 00:14:52: [SM] Exception reported: Language phrase "InstaDefuseSuccessful" not found (arg 5)
L 07/08/2023 - 00:14:52: [SM] Blaming: retakes-instadefuse.smx
L 07/08/2023 - 00:14:52: [SM] Call stack trace:
L 07/08/2023 - 00:14:52: [SM]   [0] PrintToChat
L 07/08/2023 - 00:14:52: [SM]   [1] Line 197, plugin.sp::AttemptInstantDefuse
L 07/08/2023 - 00:14:52: [SM]   [2] Line 104, plugin.sp::Event_BombBeginDefusePlusFrame
L 07/08/2023 - 00:15:28: [SM] Exception reported: Language phrase "InstaDefuseSuccessful" not found (arg 5)
L 07/08/2023 - 00:15:28: [SM] Blaming: retakes-instadefuse.smx
L 07/08/2023 - 00:15:28: [SM] Call stack trace:
L 07/08/2023 - 00:15:28: [SM]   [0] PrintToChat
L 07/08/2023 - 00:15:28: [SM]   [1] Line 197, plugin.sp::AttemptInstantDefuse
L 07/08/2023 - 00:15:29: [SM]   [2] Line 104, plugin.sp::Event_BombBeginDefusePlusFrame
L 07/08/2023 - 00:15:49: [SM] Exception reported: Language phrase "InstaDefuseSuccessful" not found (arg 5)
L 07/08/2023 - 00:15:49: [SM] Blaming: retakes-instadefuse.smx
L 07/08/2023 - 00:15:49: [SM] Call stack trace:
L 07/08/2023 - 00:15:49: [SM]   [0] PrintToChat
L 07/08/2023 - 00:15:49: [SM]   [1] Line 197, plugin.sp::AttemptInstantDefuse
L 07/08/2023 - 00:15:49: [SM]   [2] Line 104, plugin.sp::Event_BombBeginDefusePlusFrame
L 07/08/2023 - 00:16:27: [SM] Exception reported: Language phrase "InstaDefuseSuccessful" not found (arg 5)
L 07/08/2023 - 00:16:27: [SM] Blaming: retakes-instadefuse.smx
L 07/08/2023 - 00:16:27: [SM] Call stack trace:
L 07/08/2023 - 00:16:27: [SM]   [0] PrintToChat
L 07/08/2023 - 00:16:27: [SM]   [1] Line 197, plugin.sp::AttemptInstantDefuse
L 07/08/2023 - 00:16:27: [SM]   [2] Line 104, plugin.sp::Event_BombBeginDefusePlusFrame
L 07/08/2023 - 00:17:04: [SM] Exception reported: Language phrase "InstaDefuseSuccessful" not found (arg 5)
L 07/08/2023 - 00:17:04: [SM] Blaming: retakes-instadefuse.smx
L 07/08/2023 - 00:17:04: [SM] Call stack trace:
L 07/08/2023 - 00:17:04: [SM]   [0] PrintToChat
L 07/08/2023 - 00:17:04: [SM]   [1] Line 197, plugin.sp::AttemptInstantDefuse
L 07/08/2023 - 00:17:04: [SM]   [2] Line 104, plugin.sp::Event_BombBeginDefusePlusFrame
L 07/08/2023 - 00:17:39: [SM] Exception reported: Language phrase "InstaDefuseSuccessful" not found (arg 5)
L 07/08/2023 - 00:17:39: [SM] Blaming: retakes-instadefuse.smx
L 07/08/2023 - 00:17:39: [SM] Call stack trace:
L 07/08/2023 - 00:17:39: [SM]   [0] PrintToChat
L 07/08/2023 - 00:17:39: [SM]   [1] Line 197, plugin.sp::AttemptInstantDefuse
L 07/08/2023 - 00:17:39: [SM]   [2] Line 104, plugin.sp::Event_BombBeginDefusePlusFrame
L 07/08/2023 - 00:18:59: [SM] Exception reported: Language phrase "InstaDefuseSuccessful" not found (arg 5)
L 07/08/2023 - 00:18:59: [SM] Blaming: retakes-instadefuse.smx
L 07/08/2023 - 00:18:59: [SM] Call stack trace:
L 07/08/2023 - 00:18:59: [SM]   [0] PrintToChat
L 07/08/2023 - 00:18:59: [SM]   [1] Line 197, plugin.sp::AttemptInstantDefuse
L 07/08/2023 - 00:18:59: [SM]   [2] Line 104, plugin.sp::Event_BombBeginDefusePlusFrame
L 07/08/2023 - 00:19:21: [SM] Exception reported: Language phrase "InstaDefuseSuccessful" not found (arg 5)
L 07/08/2023 - 00:19:21: [SM] Blaming: retakes-instadefuse.smx
L 07/08/2023 - 00:19:21: [SM] Call stack trace:
L 07/08/2023 - 00:19:21: [SM]   [0] PrintToChat
L 07/08/2023 - 00:19:21: [SM]   [1] Line 197, plugin.sp::AttemptInstantDefuse
L 07/08/2023 - 00:19:21: [SM]   [2] Line 104, plugin.sp::Event_BombBeginDefusePlusFrame
L 07/08/2023 - 00:20:17: [SM] Exception reported: Language phrase "InstaDefuseSuccessful" not found (arg 5)
L 07/08/2023 - 00:20:17: [SM] Blaming: retakes-instadefuse.smx
L 07/08/2023 - 00:20:17: [SM] Call stack trace:
L 07/08/2023 - 00:20:17: [SM]   [0] PrintToChat
L 07/08/2023 - 00:20:17: [SM]   [1] Line 197, plugin.sp::AttemptInstantDefuse
L 07/08/2023 - 00:20:17: [SM]   [2] Line 104, plugin.sp::Event_BombBeginDefusePlusFrame
L 07/08/2023 - 00:20:39: [SM] Exception reported: Language phrase "InstaDefuseSuccessful" not found (arg 5)
L 07/08/2023 - 00:20:39: [SM] Blaming: retakes-instadefuse.smx
L 07/08/2023 - 00:20:39: [SM] Call stack trace:
L 07/08/2023 - 00:20:39: [SM]   [0] PrintToChat
L 07/08/2023 - 00:20:39: [SM]   [1] Line 197, plugin.sp::AttemptInstantDefuse
L 07/08/2023 - 00:20:39: [SM]   [2] Line 104, plugin.sp::Event_BombBeginDefusePlusFrame
L 07/08/2023 - 00:21:17: [SM] Exception reported: Language phrase "InstaDefuseSuccessful" not found (arg 5)
L 07/08/2023 - 00:21:17: [SM] Blaming: retakes-instadefuse.smx
L 07/08/2023 - 00:21:17: [SM] Call stack trace:
L 07/08/2023 - 00:21:17: [SM]   [0] PrintToChat
L 07/08/2023 - 00:21:17: [SM]   [1] Line 197, plugin.sp::AttemptInstantDefuse
L 07/08/2023 - 00:21:17: [SM]   [2] Line 104, plugin.sp::Event_BombBeginDefusePlusFrame
L 07/08/2023 - 00:21:45: [SM] Exception reported: Language phrase "InstaDefuseSuccessful" not found (arg 5)
L 07/08/2023 - 00:21:45: [SM] Blaming: retakes-instadefuse.smx
L 07/08/2023 - 00:21:45: [SM] Call stack trace:
L 07/08/2023 - 00:21:45: [SM]   [0] PrintToChat
L 07/08/2023 - 00:21:45: [SM]   [1] Line 197, plugin.sp::AttemptInstantDefuse
L 07/08/2023 - 00:21:45: [SM]   [2] Line 104, plugin.sp::Event_BombBeginDefusePlusFrame
L 07/08/2023 - 00:22:11: [SM] Exception reported: Language phrase "InstaDefuseSuccessful" not found (arg 5)
L 07/08/2023 - 00:22:11: [SM] Blaming: retakes-instadefuse.smx
L 07/08/2023 - 00:22:11: [SM] Call stack trace:
L 07/08/2023 - 00:22:11: [SM]   [0] PrintToChat
L 07/08/2023 - 00:22:11: [SM]   [1] Line 197, plugin.sp::AttemptInstantDefuse
L 07/08/2023 - 00:22:11: [SM]   [2] Line 104, plugin.sp::Event_BombBeginDefusePlusFrame
L 07/08/2023 - 00:22:35: [SM] Exception reported: Language phrase "InstaDefuseSuccessful" not found (arg 5)
L 07/08/2023 - 00:22:35: [SM] Blaming: retakes-instadefuse.smx
L 07/08/2023 - 00:22:35: [SM] Call stack trace:
L 07/08/2023 - 00:22:35: [SM]   [0] PrintToChat
L 07/08/2023 - 00:22:35: [SM]   [1] Line 197, plugin.sp::AttemptInstantDefuse
L 07/08/2023 - 00:22:35: [SM]   [2] Line 104, plugin.sp::Event_BombBeginDefusePlusFrame
L 07/08/2023 - 00:23:34: [SM] Exception reported: Language phrase "InstaDefuseUnsuccessful" not found (arg 5)
L 07/08/2023 - 00:23:34: [SM] Blaming: retakes-instadefuse.smx
L 07/08/2023 - 00:23:34: [SM] Call stack trace:
L 07/08/2023 - 00:23:34: [SM]   [0] PrintToChat
L 07/08/2023 - 00:23:34: [SM]   [1] Line 143, plugin.sp::AttemptInstantDefuse
L 07/08/2023 - 00:23:34: [SM]   [2] Line 104, plugin.sp::Event_BombBeginDefusePlusFrame
L 07/08/2023 - 00:24:00: [SM] Exception reported: Language phrase "MolotovTooClose" not found (arg 5)
L 07/08/2023 - 00:24:00: [SM] Blaming: retakes-instadefuse.smx
L 07/08/2023 - 00:24:00: [SM] Call stack trace:
L 07/08/2023 - 00:24:00: [SM]   [0] PrintToChat
L 07/08/2023 - 00:24:00: [SM]   [1] Line 181, plugin.sp::AttemptInstantDefuse
L 07/08/2023 - 00:24:00: [SM]   [2] Line 104, plugin.sp::Event_BombBeginDefusePlusFrame
L 07/08/2023 - 00:24:23: [SM] Exception reported: Language phrase "InstaDefuseSuccessful" not found (arg 5)
L 07/08/2023 - 00:24:23: [SM] Blaming: retakes-instadefuse.smx
L 07/08/2023 - 00:24:23: [SM] Call stack trace:
L 07/08/2023 - 00:24:23: [SM]   [0] PrintToChat
L 07/08/2023 - 00:24:23: [SM]   [1] Line 197, plugin.sp::AttemptInstantDefuse
L 07/08/2023 - 00:24:23: [SM]   [2] Line 104, plugin.sp::Event_BombBeginDefusePlusFrame
L 07/08/2023 - 00:26:06: [SM] Exception reported: Language phrase "InstaDefuseSuccessful" not found (arg 5)
L 07/08/2023 - 00:26:06: [SM] Blaming: retakes-instadefuse.smx
L 07/08/2023 - 00:26:06: [SM] Call stack trace:
L 07/08/2023 - 00:26:06: [SM]   [0] PrintToChat
L 07/08/2023 - 00:26:06: [SM]   [1] Line 197, plugin.sp::AttemptInstantDefuse
L 07/08/2023 - 00:26:06: [SM]   [2] Line 104, plugin.sp::Event_BombBeginDefusePlusFrame
L 07/08/2023 - 00:26:37: [SM] Exception reported: Language phrase "InstaDefuseSuccessful" not found (arg 5)
L 07/08/2023 - 00:26:37: [SM] Blaming: retakes-instadefuse.smx
L 07/08/2023 - 00:26:37: [SM] Call stack trace:
L 07/08/2023 - 00:26:37: [SM]   [0] PrintToChat
L 07/08/2023 - 00:26:37: [SM]   [1] Line 197, plugin.sp::AttemptInstantDefuse
L 07/08/2023 - 00:26:37: [SM]   [2] Line 104, plugin.sp::Event_BombBeginDefusePlusFrame
L 07/08/2023 - 00:26:56: [SM] Exception reported: Language phrase "InstaDefuseSuccessful" not found (arg 5)
L 07/08/2023 - 00:26:57: [SM] Blaming: retakes-instadefuse.smx
L 07/08/2023 - 00:26:57: [SM] Call stack trace:
L 07/08/2023 - 00:26:57: [SM]   [0] PrintToChat
L 07/08/2023 - 00:26:57: [SM]   [1] Line 197, plugin.sp::AttemptInstantDefuse
L 07/08/2023 - 00:26:57: [SM]   [2] Line 104, plugin.sp::Event_BombBeginDefusePlusFrame
L 07/08/2023 - 00:27:24: [SM] Exception reported: Client index 0 is invalid
L 07/08/2023 - 00:27:24: [SM] Blaming: kento_rankme.smx
L 07/08/2023 - 00:27:24: [SM] Call stack trace:
L 07/08/2023 - 00:27:24: [SM]   [0] IsClientInGame
L 07/08/2023 - 00:27:24: [SM]   [1] Line 648, D:\csgoserver\csgo\addons\sourcemod\scripting\kento_rankme.sp::Event_RoundMVP
L 07/08/2023 - 00:27:24: [SM]   [3] CS_TerminateRound
L 07/08/2023 - 00:27:24: [SM]   [4] Line 893, ././scripting/retakes.sp::CheckRoundDone
L 07/08/2023 - 00:27:24: [SM]   [5] Line 308, ././scripting/retakes.sp::OnClientDisconnect
L 07/08/2023 - 00:27:35: Error log file session closed.
L 07/08/2023 - 00:27:35: SourceMod error session started
L 07/08/2023 - 00:27:35: Info (map "de_mirage") (file "F:\CSRetake\csgo_server\csgo\addons\sourcemod\logs\errors_20230708.log")
L 07/08/2023 - 00:27:35: [SM] Fatal error encountered parsing translation file "ranks_matchmaking.phrases.txt"
L 07/08/2023 - 00:27:35: [SM] Error (line 0, column 0): Stream failed to open
L 07/08/2023 - 00:27:35: [SM] Fatal error encountered parsing translation file "instadefuse.phrases.txt"
L 07/08/2023 - 00:27:35: [SM] Error (line 0, column 0): Stream failed to open
L 07/08/2023 - 00:27:37: [SM] Exception reported: Language phrase "Unranked" not found (arg 5)
L 07/08/2023 - 00:27:37: [SM] Blaming: ranks_matchmaking.smx
L 07/08/2023 - 00:27:37: [SM] Call stack trace:
L 07/08/2023 - 00:27:37: [SM]   [0] FormatEx
L 07/08/2023 - 00:27:37: [SM]   [1] Line 174, ranks_matchmaking.sp::GetRanksNames
L 07/08/2023 - 00:27:37: [SM]   [2] Line 169, ranks_matchmaking.sp::OnMapStart
L 07/08/2023 - 00:29:24: [SM] Exception reported: Language phrase "InstaDefuseSuccessful" not found (arg 5)
L 07/08/2023 - 00:29:24: [SM] Blaming: retakes-instadefuse.smx
L 07/08/2023 - 00:29:24: [SM] Call stack trace:
L 07/08/2023 - 00:29:24: [SM]   [0] PrintToChat
L 07/08/2023 - 00:29:24: [SM]   [1] Line 197, plugin.sp::AttemptInstantDefuse
L 07/08/2023 - 00:29:24: [SM]   [2] Line 104, plugin.sp::Event_BombBeginDefusePlusFrame
L 07/08/2023 - 00:29:50: [SM] Exception reported: Language phrase "InstaDefuseSuccessful" not found (arg 5)
L 07/08/2023 - 00:29:50: [SM] Blaming: retakes-instadefuse.smx
L 07/08/2023 - 00:29:50: [SM] Call stack trace:
L 07/08/2023 - 00:29:50: [SM]   [0] PrintToChat
L 07/08/2023 - 00:29:50: [SM]   [1] Line 197, plugin.sp::AttemptInstantDefuse
L 07/08/2023 - 00:29:50: [SM]   [2] Line 104, plugin.sp::Event_BombBeginDefusePlusFrame
L 07/08/2023 - 00:30:34: [SM] Exception reported: Language phrase "InstaDefuseSuccessful" not found (arg 5)
L 07/08/2023 - 00:30:34: [SM] Blaming: retakes-instadefuse.smx
L 07/08/2023 - 00:30:34: [SM] Call stack trace:
L 07/08/2023 - 00:30:34: [SM]   [0] PrintToChat
L 07/08/2023 - 00:30:34: [SM]   [1] Line 197, plugin.sp::AttemptInstantDefuse
L 07/08/2023 - 00:30:34: [SM]   [2] Line 104, plugin.sp::Event_BombBeginDefusePlusFrame
L 07/08/2023 - 00:32:17: [SM] Exception reported: Language phrase "InstaDefuseSuccessful" not found (arg 5)
L 07/08/2023 - 00:32:17: [SM] Blaming: retakes-instadefuse.smx
L 07/08/2023 - 00:32:17: [SM] Call stack trace:
L 07/08/2023 - 00:32:17: [SM]   [0] PrintToChat
L 07/08/2023 - 00:32:17: [SM]   [1] Line 197, plugin.sp::AttemptInstantDefuse
L 07/08/2023 - 00:32:17: [SM]   [2] Line 104, plugin.sp::Event_BombBeginDefusePlusFrame
L 07/08/2023 - 00:34:04: [SM] Exception reported: Language phrase "InstaDefuseUnsuccessful" not found (arg 5)
L 07/08/2023 - 00:34:04: [SM] Blaming: retakes-instadefuse.smx
L 07/08/2023 - 00:34:04: [SM] Call stack trace:
L 07/08/2023 - 00:34:04: [SM]   [0] PrintToChat
L 07/08/2023 - 00:34:04: [SM]   [1] Line 143, plugin.sp::AttemptInstantDefuse
L 07/08/2023 - 00:34:04: [SM]   [2] Line 104, plugin.sp::Event_BombBeginDefusePlusFrame
L 07/08/2023 - 00:34:04: [SM] Exception reported: Language phrase "InstaDefuseUnsuccessful" not found (arg 5)
L 07/08/2023 - 00:34:04: [SM] Blaming: retakes-instadefuse.smx
L 07/08/2023 - 00:34:04: [SM] Call stack trace:
L 07/08/2023 - 00:34:04: [SM]   [0] PrintToChat
L 07/08/2023 - 00:34:04: [SM]   [1] Line 143, plugin.sp::AttemptInstantDefuse
L 07/08/2023 - 00:34:04: [SM]   [2] Line 104, plugin.sp::Event_BombBeginDefusePlusFrame
L 07/08/2023 - 00:34:04: [SM] Exception reported: Language phrase "InstaDefuseUnsuccessful" not found (arg 5)
L 07/08/2023 - 00:34:04: [SM] Blaming: retakes-instadefuse.smx
L 07/08/2023 - 00:34:04: [SM] Call stack trace:
L 07/08/2023 - 00:34:04: [SM]   [0] PrintToChat
L 07/08/2023 - 00:34:04: [SM]   [1] Line 143, plugin.sp::AttemptInstantDefuse
L 07/08/2023 - 00:34:04: [SM]   [2] Line 104, plugin.sp::Event_BombBeginDefusePlusFrame
L 07/08/2023 - 00:34:51: [SM] Exception reported: Language phrase "InstaDefuseSuccessful" not found (arg 5)
L 07/08/2023 - 00:34:51: [SM] Blaming: retakes-instadefuse.smx
L 07/08/2023 - 00:34:51: [SM] Call stack trace:
L 07/08/2023 - 00:34:51: [SM]   [0] PrintToChat
L 07/08/2023 - 00:34:51: [SM]   [1] Line 197, plugin.sp::AttemptInstantDefuse
L 07/08/2023 - 00:34:51: [SM]   [2] Line 104, plugin.sp::Event_BombBeginDefusePlusFrame
L 07/08/2023 - 00:35:30: [SM] Exception reported: Language phrase "InstaDefuseUnsuccessful" not found (arg 5)
L 07/08/2023 - 00:35:30: [SM] Blaming: retakes-instadefuse.smx
L 07/08/2023 - 00:35:30: [SM] Call stack trace:
L 07/08/2023 - 00:35:30: [SM]   [0] PrintToChat
L 07/08/2023 - 00:35:30: [SM]   [1] Line 143, plugin.sp::AttemptInstantDefuse
L 07/08/2023 - 00:35:30: [SM]   [2] Line 104, plugin.sp::Event_BombBeginDefusePlusFrame
L 07/08/2023 - 00:35:30: [SM] Exception reported: Language phrase "InstaDefuseUnsuccessful" not found (arg 5)
L 07/08/2023 - 00:35:30: [SM] Blaming: retakes-instadefuse.smx
L 07/08/2023 - 00:35:30: [SM] Call stack trace:
L 07/08/2023 - 00:35:30: [SM]   [0] PrintToChat
L 07/08/2023 - 00:35:30: [SM]   [1] Line 143, plugin.sp::AttemptInstantDefuse
L 07/08/2023 - 00:35:30: [SM]   [2] Line 104, plugin.sp::Event_BombBeginDefusePlusFrame
L 07/08/2023 - 00:35:30: [SM] Exception reported: Language phrase "InstaDefuseUnsuccessful" not found (arg 5)
L 07/08/2023 - 00:35:30: [SM] Blaming: retakes-instadefuse.smx
L 07/08/2023 - 00:35:30: [SM] Call stack trace:
L 07/08/2023 - 00:35:30: [SM]   [0] PrintToChat
L 07/08/2023 - 00:35:30: [SM]   [1] Line 143, plugin.sp::AttemptInstantDefuse
L 07/08/2023 - 00:35:30: [SM]   [2] Line 104, plugin.sp::Event_BombBeginDefusePlusFrame
L 07/08/2023 - 00:35:30: [SM] Exception reported: Language phrase "InstaDefuseUnsuccessful" not found (arg 5)
L 07/08/2023 - 00:35:30: [SM] Blaming: retakes-instadefuse.smx
L 07/08/2023 - 00:35:30: [SM] Call stack trace:
L 07/08/2023 - 00:35:30: [SM]   [0] PrintToChat
L 07/08/2023 - 00:35:30: [SM]   [1] Line 143, plugin.sp::AttemptInstantDefuse
L 07/08/2023 - 00:35:30: [SM]   [2] Line 104, plugin.sp::Event_BombBeginDefusePlusFrame
L 07/08/2023 - 00:35:31: [SM] Exception reported: Language phrase "InstaDefuseUnsuccessful" not found (arg 5)
L 07/08/2023 - 00:35:31: [SM] Blaming: retakes-instadefuse.smx
L 07/08/2023 - 00:35:31: [SM] Call stack trace:
L 07/08/2023 - 00:35:31: [SM]   [0] PrintToChat
L 07/08/2023 - 00:35:31: [SM]   [1] Line 143, plugin.sp::AttemptInstantDefuse
L 07/08/2023 - 00:35:31: [SM]   [2] Line 104, plugin.sp::Event_BombBeginDefusePlusFrame
L 07/08/2023 - 00:35:31: [SM] Exception reported: Language phrase "InstaDefuseUnsuccessful" not found (arg 5)
L 07/08/2023 - 00:35:31: [SM] Blaming: retakes-instadefuse.smx
L 07/08/2023 - 00:35:31: [SM] Call stack trace:
L 07/08/2023 - 00:35:31: [SM]   [0] PrintToChat
L 07/08/2023 - 00:35:31: [SM]   [1] Line 143, plugin.sp::AttemptInstantDefuse
L 07/08/2023 - 00:35:31: [SM]   [2] Line 104, plugin.sp::Event_BombBeginDefusePlusFrame
L 07/08/2023 - 00:35:31: [SM] Exception reported: Language phrase "InstaDefuseUnsuccessful" not found (arg 5)
L 07/08/2023 - 00:35:31: [SM] Blaming: retakes-instadefuse.smx
L 07/08/2023 - 00:35:31: [SM] Call stack trace:
L 07/08/2023 - 00:35:31: [SM]   [0] PrintToChat
L 07/08/2023 - 00:35:31: [SM]   [1] Line 143, plugin.sp::AttemptInstantDefuse
L 07/08/2023 - 00:35:31: [SM]   [2] Line 104, plugin.sp::Event_BombBeginDefusePlusFrame
L 07/08/2023 - 00:35:58: [SM] Exception reported: Language phrase "InstaDefuseSuccessful" not found (arg 5)
L 07/08/2023 - 00:35:58: [SM] Blaming: retakes-instadefuse.smx
L 07/08/2023 - 00:35:58: [SM] Call stack trace:
L 07/08/2023 - 00:35:58: [SM]   [0] PrintToChat
L 07/08/2023 - 00:35:58: [SM]   [1] Line 197, plugin.sp::AttemptInstantDefuse
L 07/08/2023 - 00:35:58: [SM]   [2] Line 104, plugin.sp::Event_BombBeginDefusePlusFrame
L 07/08/2023 - 00:36:16: [SM] Exception reported: Language phrase "InstaDefuseSuccessful" not found (arg 5)
L 07/08/2023 - 00:36:16: [SM] Blaming: retakes-instadefuse.smx
L 07/08/2023 - 00:36:16: [SM] Call stack trace:
L 07/08/2023 - 00:36:16: [SM]   [0] PrintToChat
L 07/08/2023 - 00:36:16: [SM]   [1] Line 197, plugin.sp::AttemptInstantDefuse
L 07/08/2023 - 00:36:16: [SM]   [2] Line 104, plugin.sp::Event_BombBeginDefusePlusFrame
L 07/08/2023 - 00:38:49: [SM] Exception reported: Language phrase "InstaDefuseUnsuccessful" not found (arg 5)
L 07/08/2023 - 00:38:49: [SM] Blaming: retakes-instadefuse.smx
L 07/08/2023 - 00:38:49: [SM] Call stack trace:
L 07/08/2023 - 00:38:49: [SM]   [0] PrintToChat
L 07/08/2023 - 00:38:49: [SM]   [1] Line 143, plugin.sp::AttemptInstantDefuse
L 07/08/2023 - 00:38:49: [SM]   [2] Line 104, plugin.sp::Event_BombBeginDefusePlusFrame
L 07/08/2023 - 00:38:49: [SM] Exception reported: Language phrase "InstaDefuseUnsuccessful" not found (arg 5)
L 07/08/2023 - 00:38:49: [SM] Blaming: retakes-instadefuse.smx
L 07/08/2023 - 00:38:49: [SM] Call stack trace:
L 07/08/2023 - 00:38:49: [SM]   [0] PrintToChat
L 07/08/2023 - 00:38:49: [SM]   [1] Line 143, plugin.sp::AttemptInstantDefuse
L 07/08/2023 - 00:38:49: [SM]   [2] Line 104, plugin.sp::Event_BombBeginDefusePlusFrame
L 07/08/2023 - 00:38:49: [SM] Exception reported: Language phrase "InstaDefuseUnsuccessful" not found (arg 5)
L 07/08/2023 - 00:38:49: [SM] Blaming: retakes-instadefuse.smx
L 07/08/2023 - 00:38:49: [SM] Call stack trace:
L 07/08/2023 - 00:38:49: [SM]   [0] PrintToChat
L 07/08/2023 - 00:38:49: [SM]   [1] Line 143, plugin.sp::AttemptInstantDefuse
L 07/08/2023 - 00:38:49: [SM]   [2] Line 104, plugin.sp::Event_BombBeginDefusePlusFrame
L 07/08/2023 - 00:39:22: [SM] Exception reported: Language phrase "InstaDefuseSuccessful" not found (arg 5)
L 07/08/2023 - 00:39:22: [SM] Blaming: retakes-instadefuse.smx
L 07/08/2023 - 00:39:22: [SM] Call stack trace:
L 07/08/2023 - 00:39:22: [SM]   [0] PrintToChat
L 07/08/2023 - 00:39:22: [SM]   [1] Line 197, plugin.sp::AttemptInstantDefuse
L 07/08/2023 - 00:39:22: [SM]   [2] Line 104, plugin.sp::Event_BombBeginDefusePlusFrame
L 07/08/2023 - 00:39:22: [SM] Exception reported: Language phrase "InstaDefuseSuccessful" not found (arg 5)
L 07/08/2023 - 00:39:22: [SM] Blaming: retakes-instadefuse.smx
L 07/08/2023 - 00:39:22: [SM] Call stack trace:
L 07/08/2023 - 00:39:22: [SM]   [0] PrintToChat
L 07/08/2023 - 00:39:22: [SM]   [1] Line 197, plugin.sp::AttemptInstantDefuse
L 07/08/2023 - 00:39:22: [SM]   [2] Line 104, plugin.sp::Event_BombBeginDefusePlusFrame
L 07/08/2023 - 00:39:51: [SM] Exception reported: Language phrase "InstaDefuseSuccessful" not found (arg 5)
L 07/08/2023 - 00:39:51: [SM] Blaming: retakes-instadefuse.smx
L 07/08/2023 - 00:39:51: [SM] Call stack trace:
L 07/08/2023 - 00:39:51: [SM]   [0] PrintToChat
L 07/08/2023 - 00:39:51: [SM]   [1] Line 197, plugin.sp::AttemptInstantDefuse
L 07/08/2023 - 00:39:51: [SM]   [2] Line 104, plugin.sp::Event_BombBeginDefusePlusFrame
L 07/08/2023 - 00:41:41: [SM] Exception reported: Language phrase "InstaDefuseSuccessful" not found (arg 5)
L 07/08/2023 - 00:41:41: [SM] Blaming: retakes-instadefuse.smx
L 07/08/2023 - 00:41:41: [SM] Call stack trace:
L 07/08/2023 - 00:41:41: [SM]   [0] PrintToChat
L 07/08/2023 - 00:41:41: [SM]   [1] Line 197, plugin.sp::AttemptInstantDefuse
L 07/08/2023 - 00:41:41: [SM]   [2] Line 104, plugin.sp::Event_BombBeginDefusePlusFrame
L 07/08/2023 - 00:42:23: [SM] Exception reported: Language phrase "InstaDefuseUnsuccessful" not found (arg 5)
L 07/08/2023 - 00:42:23: [SM] Blaming: retakes-instadefuse.smx
L 07/08/2023 - 00:42:23: [SM] Call stack trace:
L 07/08/2023 - 00:42:23: [SM]   [0] PrintToChat
L 07/08/2023 - 00:42:23: [SM]   [1] Line 143, plugin.sp::AttemptInstantDefuse
L 07/08/2023 - 00:42:23: [SM]   [2] Line 104, plugin.sp::Event_BombBeginDefusePlusFrame
L 07/08/2023 - 00:42:24: [SM] Exception reported: Language phrase "InstaDefuseUnsuccessful" not found (arg 5)
L 07/08/2023 - 00:42:24: [SM] Blaming: retakes-instadefuse.smx
L 07/08/2023 - 00:42:24: [SM] Call stack trace:
L 07/08/2023 - 00:42:24: [SM]   [0] PrintToChat
L 07/08/2023 - 00:42:24: [SM]   [1] Line 143, plugin.sp::AttemptInstantDefuse
L 07/08/2023 - 00:42:24: [SM]   [2] Line 104, plugin.sp::Event_BombBeginDefusePlusFrame
L 07/08/2023 - 00:42:24: [SM] Exception reported: Language phrase "InstaDefuseUnsuccessful" not found (arg 5)
L 07/08/2023 - 00:42:24: [SM] Blaming: retakes-instadefuse.smx
L 07/08/2023 - 00:42:24: [SM] Call stack trace:
L 07/08/2023 - 00:42:24: [SM]   [0] PrintToChat
L 07/08/2023 - 00:42:24: [SM]   [1] Line 143, plugin.sp::AttemptInstantDefuse
L 07/08/2023 - 00:42:24: [SM]   [2] Line 104, plugin.sp::Event_BombBeginDefusePlusFrame
L 07/08/2023 - 00:42:24: [SM] Exception reported: Language phrase "InstaDefuseUnsuccessful" not found (arg 5)
L 07/08/2023 - 00:42:24: [SM] Blaming: retakes-instadefuse.smx
L 07/08/2023 - 00:42:24: [SM] Call stack trace:
L 07/08/2023 - 00:42:24: [SM]   [0] PrintToChat
L 07/08/2023 - 00:42:24: [SM]   [1] Line 143, plugin.sp::AttemptInstantDefuse
L 07/08/2023 - 00:42:24: [SM]   [2] Line 104, plugin.sp::Event_BombBeginDefusePlusFrame
L 07/08/2023 - 00:42:50: [SM] Exception reported: Language phrase "InstaDefuseSuccessful" not found (arg 5)
L 07/08/2023 - 00:42:50: [SM] Blaming: retakes-instadefuse.smx
L 07/08/2023 - 00:42:50: [SM] Call stack trace:
L 07/08/2023 - 00:42:50: [SM]   [0] PrintToChat
L 07/08/2023 - 00:42:50: [SM]   [1] Line 197, plugin.sp::AttemptInstantDefuse
L 07/08/2023 - 00:42:50: [SM]   [2] Line 104, plugin.sp::Event_BombBeginDefusePlusFrame
L 07/08/2023 - 00:43:59: [SM] Exception reported: Language phrase "InstaDefuseSuccessful" not found (arg 5)
L 07/08/2023 - 00:43:59: [SM] Blaming: retakes-instadefuse.smx
L 07/08/2023 - 00:43:59: [SM] Call stack trace:
L 07/08/2023 - 00:43:59: [SM]   [0] PrintToChat
L 07/08/2023 - 00:43:59: [SM]   [1] Line 197, plugin.sp::AttemptInstantDefuse
L 07/08/2023 - 00:43:59: [SM]   [2] Line 104, plugin.sp::Event_BombBeginDefusePlusFrame
L 07/08/2023 - 00:45:06: [SM] Exception reported: Language phrase "InstaDefuseSuccessful" not found (arg 5)
L 07/08/2023 - 00:45:06: [SM] Blaming: retakes-instadefuse.smx
L 07/08/2023 - 00:45:06: [SM] Call stack trace:
L 07/08/2023 - 00:45:06: [SM]   [0] PrintToChat
L 07/08/2023 - 00:45:06: [SM]   [1] Line 197, plugin.sp::AttemptInstantDefuse
L 07/08/2023 - 00:45:06: [SM]   [2] Line 104, plugin.sp::Event_BombBeginDefusePlusFrame
L 07/08/2023 - 00:45:48: [SM] Exception reported: Language phrase "InstaDefuseUnsuccessful" not found (arg 5)
L 07/08/2023 - 00:45:48: [SM] Blaming: retakes-instadefuse.smx
L 07/08/2023 - 00:45:48: [SM] Call stack trace:
L 07/08/2023 - 00:45:48: [SM]   [0] PrintToChat
L 07/08/2023 - 00:45:48: [SM]   [1] Line 143, plugin.sp::AttemptInstantDefuse
L 07/08/2023 - 00:45:48: [SM]   [2] Line 104, plugin.sp::Event_BombBeginDefusePlusFrame
L 07/08/2023 - 00:45:48: [SM] Exception reported: Language phrase "InstaDefuseUnsuccessful" not found (arg 5)
L 07/08/2023 - 00:45:48: [SM] Blaming: retakes-instadefuse.smx
L 07/08/2023 - 00:45:49: [SM] Call stack trace:
L 07/08/2023 - 00:45:49: [SM]   [0] PrintToChat
L 07/08/2023 - 00:45:49: [SM]   [1] Line 143, plugin.sp::AttemptInstantDefuse
L 07/08/2023 - 00:45:49: [SM]   [2] Line 104, plugin.sp::Event_BombBeginDefusePlusFrame
L 07/08/2023 - 00:45:49: [SM] Exception reported: Language phrase "InstaDefuseUnsuccessful" not found (arg 5)
L 07/08/2023 - 00:45:49: [SM] Blaming: retakes-instadefuse.smx
L 07/08/2023 - 00:45:49: [SM] Call stack trace:
L 07/08/2023 - 00:45:49: [SM]   [0] PrintToChat
L 07/08/2023 - 00:45:49: [SM]   [1] Line 143, plugin.sp::AttemptInstantDefuse
L 07/08/2023 - 00:45:49: [SM]   [2] Line 104, plugin.sp::Event_BombBeginDefusePlusFrame
L 07/08/2023 - 00:46:57: [SM] Exception reported: Language phrase "InstaDefuseSuccessful" not found (arg 5)
L 07/08/2023 - 00:46:57: [SM] Blaming: retakes-instadefuse.smx
L 07/08/2023 - 00:46:57: [SM] Call stack trace:
L 07/08/2023 - 00:46:57: [SM]   [0] PrintToChat
L 07/08/2023 - 00:46:57: [SM]   [1] Line 197, plugin.sp::AttemptInstantDefuse
L 07/08/2023 - 00:46:57: [SM]   [2] Line 104, plugin.sp::Event_BombBeginDefusePlusFrame
L 07/08/2023 - 00:47:21: [SM] Exception reported: Language phrase "InstaDefuseSuccessful" not found (arg 5)
L 07/08/2023 - 00:47:21: [SM] Blaming: retakes-instadefuse.smx
L 07/08/2023 - 00:47:21: [SM] Call stack trace:
L 07/08/2023 - 00:47:21: [SM]   [0] PrintToChat
L 07/08/2023 - 00:47:21: [SM]   [1] Line 197, plugin.sp::AttemptInstantDefuse
L 07/08/2023 - 00:47:21: [SM]   [2] Line 104, plugin.sp::Event_BombBeginDefusePlusFrame
L 07/08/2023 - 00:47:39: [SM] Exception reported: Language phrase "InstaDefuseSuccessful" not found (arg 5)
L 07/08/2023 - 00:47:39: [SM] Blaming: retakes-instadefuse.smx
L 07/08/2023 - 00:47:39: [SM] Call stack trace:
L 07/08/2023 - 00:47:39: [SM]   [0] PrintToChat
L 07/08/2023 - 00:47:40: [SM]   [1] Line 197, plugin.sp::AttemptInstantDefuse
L 07/08/2023 - 00:47:40: [SM]   [2] Line 104, plugin.sp::Event_BombBeginDefusePlusFrame
L 07/08/2023 - 00:49:13: [SM] Exception reported: Language phrase "InstaDefuseSuccessful" not found (arg 5)
L 07/08/2023 - 00:49:13: [SM] Blaming: retakes-instadefuse.smx
L 07/08/2023 - 00:49:14: [SM] Call stack trace:
L 07/08/2023 - 00:49:14: [SM]   [0] PrintToChat
L 07/08/2023 - 00:49:14: [SM]   [1] Line 197, plugin.sp::AttemptInstantDefuse
L 07/08/2023 - 00:49:14: [SM]   [2] Line 104, plugin.sp::Event_BombBeginDefusePlusFrame
L 07/08/2023 - 00:49:36: [SM] Exception reported: Language phrase "InstaDefuseSuccessful" not found (arg 5)
L 07/08/2023 - 00:49:36: [SM] Blaming: retakes-instadefuse.smx
L 07/08/2023 - 00:49:36: [SM] Call stack trace:
L 07/08/2023 - 00:49:36: [SM]   [0] PrintToChat
L 07/08/2023 - 00:49:36: [SM]   [1] Line 197, plugin.sp::AttemptInstantDefuse
L 07/08/2023 - 00:49:36: [SM]   [2] Line 104, plugin.sp::Event_BombBeginDefusePlusFrame
L 07/08/2023 - 00:51:00: [SM] Exception reported: Language phrase "InstaDefuseSuccessful" not found (arg 5)
L 07/08/2023 - 00:51:00: [SM] Blaming: retakes-instadefuse.smx
L 07/08/2023 - 00:51:00: [SM] Call stack trace:
L 07/08/2023 - 00:51:00: [SM]   [0] PrintToChat
L 07/08/2023 - 00:51:00: [SM]   [1] Line 197, plugin.sp::AttemptInstantDefuse
L 07/08/2023 - 00:51:00: [SM]   [2] Line 104, plugin.sp::Event_BombBeginDefusePlusFrame
L 07/08/2023 - 00:51:56: [SM] Exception reported: Language phrase "InstaDefuseSuccessful" not found (arg 5)
L 07/08/2023 - 00:51:56: [SM] Blaming: retakes-instadefuse.smx
L 07/08/2023 - 00:51:56: [SM] Call stack trace:
L 07/08/2023 - 00:51:56: [SM]   [0] PrintToChat
L 07/08/2023 - 00:51:56: [SM]   [1] Line 197, plugin.sp::AttemptInstantDefuse
L 07/08/2023 - 00:51:56: [SM]   [2] Line 104, plugin.sp::Event_BombBeginDefusePlusFrame
L 07/08/2023 - 00:52:15: [SM] Exception reported: Language phrase "InstaDefuseSuccessful" not found (arg 5)
L 07/08/2023 - 00:52:15: [SM] Blaming: retakes-instadefuse.smx
L 07/08/2023 - 00:52:15: [SM] Call stack trace:
L 07/08/2023 - 00:52:15: [SM]   [0] PrintToChat
L 07/08/2023 - 00:52:15: [SM]   [1] Line 197, plugin.sp::AttemptInstantDefuse
L 07/08/2023 - 00:52:15: [SM]   [2] Line 104, plugin.sp::Event_BombBeginDefusePlusFrame
L 07/08/2023 - 00:52:51: [SM] Exception reported: Language phrase "InstaDefuseSuccessful" not found (arg 5)
L 07/08/2023 - 00:52:51: [SM] Blaming: retakes-instadefuse.smx
L 07/08/2023 - 00:52:51: [SM] Call stack trace:
L 07/08/2023 - 00:52:51: [SM]   [0] PrintToChat
L 07/08/2023 - 00:52:51: [SM]   [1] Line 197, plugin.sp::AttemptInstantDefuse
L 07/08/2023 - 00:52:51: [SM]   [2] Line 104, plugin.sp::Event_BombBeginDefusePlusFrame
L 07/08/2023 - 00:52:53: [SM] Exception reported: Language phrase "InstaDefuseSuccessful" not found (arg 5)
L 07/08/2023 - 00:52:53: [SM] Blaming: retakes-instadefuse.smx
L 07/08/2023 - 00:52:53: [SM] Call stack trace:
L 07/08/2023 - 00:52:53: [SM]   [0] PrintToChat
L 07/08/2023 - 00:52:53: [SM]   [1] Line 197, plugin.sp::AttemptInstantDefuse
L 07/08/2023 - 00:52:53: [SM]   [2] Line 104, plugin.sp::Event_BombBeginDefusePlusFrame
L 07/08/2023 - 00:53:39: [SM] Exception reported: Language phrase "InstaDefuseSuccessful" not found (arg 5)
L 07/08/2023 - 00:53:39: [SM] Blaming: retakes-instadefuse.smx
L 07/08/2023 - 00:53:39: [SM] Call stack trace:
L 07/08/2023 - 00:53:39: [SM]   [0] PrintToChat
L 07/08/2023 - 00:53:39: [SM]   [1] Line 197, plugin.sp::AttemptInstantDefuse
L 07/08/2023 - 00:53:39: [SM]   [2] Line 104, plugin.sp::Event_BombBeginDefusePlusFrame
L 07/08/2023 - 00:58:24: [SM] Exception reported: Language phrase "InstaDefuseSuccessful" not found (arg 5)
L 07/08/2023 - 00:58:24: [SM] Blaming: retakes-instadefuse.smx
L 07/08/2023 - 00:58:24: [SM] Call stack trace:
L 07/08/2023 - 00:58:24: [SM]   [0] PrintToChat
L 07/08/2023 - 00:58:24: [SM]   [1] Line 197, plugin.sp::AttemptInstantDefuse
L 07/08/2023 - 00:58:24: [SM]   [2] Line 104, plugin.sp::Event_BombBeginDefusePlusFrame
L 07/08/2023 - 00:59:36: [SM] Exception reported: Language phrase "LiveNadeSomewhere" not found (arg 5)
L 07/08/2023 - 00:59:36: [SM] Blaming: retakes-instadefuse.smx
L 07/08/2023 - 00:59:36: [SM] Call stack trace:
L 07/08/2023 - 00:59:36: [SM]   [0] PrintToChat
L 07/08/2023 - 00:59:36: [SM]   [1] Line 168, plugin.sp::AttemptInstantDefuse
L 07/08/2023 - 00:59:36: [SM]   [2] Line 104, plugin.sp::Event_BombBeginDefusePlusFrame
L 07/08/2023 - 01:01:27: [SM] Exception reported: Language phrase "InstaDefuseSuccessful" not found (arg 5)
L 07/08/2023 - 01:01:27: [SM] Blaming: retakes-instadefuse.smx
L 07/08/2023 - 01:01:27: [SM] Call stack trace:
L 07/08/2023 - 01:01:27: [SM]   [0] PrintToChat
L 07/08/2023 - 01:01:27: [SM]   [1] Line 197, plugin.sp::AttemptInstantDefuse
L 07/08/2023 - 01:01:27: [SM]   [2] Line 104, plugin.sp::Event_BombBeginDefusePlusFrame
L 07/08/2023 - 01:02:26: [SM] Exception reported: Language phrase "InstaDefuseSuccessful" not found (arg 5)
L 07/08/2023 - 01:02:26: [SM] Blaming: retakes-instadefuse.smx
L 07/08/2023 - 01:02:26: [SM] Call stack trace:
L 07/08/2023 - 01:02:26: [SM]   [0] PrintToChat
L 07/08/2023 - 01:02:26: [SM]   [1] Line 197, plugin.sp::AttemptInstantDefuse
L 07/08/2023 - 01:02:26: [SM]   [2] Line 104, plugin.sp::Event_BombBeginDefusePlusFrame
L 07/08/2023 - 01:02:27: [SM] Exception reported: Language phrase "InstaDefuseSuccessful" not found (arg 5)
L 07/08/2023 - 01:02:27: [SM] Blaming: retakes-instadefuse.smx
L 07/08/2023 - 01:02:27: [SM] Call stack trace:
L 07/08/2023 - 01:02:27: [SM]   [0] PrintToChat
L 07/08/2023 - 01:02:27: [SM]   [1] Line 197, plugin.sp::AttemptInstantDefuse
L 07/08/2023 - 01:02:27: [SM]   [2] Line 104, plugin.sp::Event_BombBeginDefusePlusFrame
L 07/08/2023 - 01:02:28: [SM] Exception reported: Language phrase "InstaDefuseSuccessful" not found (arg 5)
L 07/08/2023 - 01:02:28: [SM] Blaming: retakes-instadefuse.smx
L 07/08/2023 - 01:02:28: [SM] Call stack trace:
L 07/08/2023 - 01:02:28: [SM]   [0] PrintToChat
L 07/08/2023 - 01:02:28: [SM]   [1] Line 197, plugin.sp::AttemptInstantDefuse
L 07/08/2023 - 01:02:28: [SM]   [2] Line 104, plugin.sp::Event_BombBeginDefusePlusFrame
L 07/08/2023 - 01:03:54: [SM] Exception reported: Language phrase "InstaDefuseSuccessful" not found (arg 5)
L 07/08/2023 - 01:03:54: [SM] Blaming: retakes-instadefuse.smx
L 07/08/2023 - 01:03:54: [SM] Call stack trace:
L 07/08/2023 - 01:03:54: [SM]   [0] PrintToChat
L 07/08/2023 - 01:03:54: [SM]   [1] Line 197, plugin.sp::AttemptInstantDefuse
L 07/08/2023 - 01:03:54: [SM]   [2] Line 104, plugin.sp::Event_BombBeginDefusePlusFrame
L 07/08/2023 - 01:05:15: [SM] Exception reported: Language phrase "InstaDefuseSuccessful" not found (arg 5)
L 07/08/2023 - 01:05:15: [SM] Blaming: retakes-instadefuse.smx
L 07/08/2023 - 01:05:15: [SM] Call stack trace:
L 07/08/2023 - 01:05:15: [SM]   [0] PrintToChat
L 07/08/2023 - 01:05:15: [SM]   [1] Line 197, plugin.sp::AttemptInstantDefuse
L 07/08/2023 - 01:05:15: [SM]   [2] Line 104, plugin.sp::Event_BombBeginDefusePlusFrame
L 07/08/2023 - 01:06:44: [SM] Exception reported: Language phrase "InstaDefuseSuccessful" not found (arg 5)
L 07/08/2023 - 01:06:44: [SM] Blaming: retakes-instadefuse.smx
L 07/08/2023 - 01:06:44: [SM] Call stack trace:
L 07/08/2023 - 01:06:44: [SM]   [0] PrintToChat
L 07/08/2023 - 01:06:44: [SM]   [1] Line 197, plugin.sp::AttemptInstantDefuse
L 07/08/2023 - 01:06:44: [SM]   [2] Line 104, plugin.sp::Event_BombBeginDefusePlusFrame
L 07/08/2023 - 01:07:04: [SM] Exception reported: Language phrase "InstaDefuseSuccessful" not found (arg 5)
L 07/08/2023 - 01:07:04: [SM] Blaming: retakes-instadefuse.smx
L 07/08/2023 - 01:07:04: [SM] Call stack trace:
L 07/08/2023 - 01:07:04: [SM]   [0] PrintToChat
L 07/08/2023 - 01:07:04: [SM]   [1] Line 197, plugin.sp::AttemptInstantDefuse
L 07/08/2023 - 01:07:04: [SM]   [2] Line 104, plugin.sp::Event_BombBeginDefusePlusFrame
L 07/08/2023 - 01:08:12: [SM] Exception reported: Language phrase "InstaDefuseSuccessful" not found (arg 5)
L 07/08/2023 - 01:08:12: [SM] Blaming: retakes-instadefuse.smx
L 07/08/2023 - 01:08:12: [SM] Call stack trace:
L 07/08/2023 - 01:08:12: [SM]   [0] PrintToChat
L 07/08/2023 - 01:08:12: [SM]   [1] Line 197, plugin.sp::AttemptInstantDefuse
L 07/08/2023 - 01:08:12: [SM]   [2] Line 104, plugin.sp::Event_BombBeginDefusePlusFrame
L 07/08/2023 - 01:09:54: [SM] Exception reported: Language phrase "InstaDefuseSuccessful" not found (arg 5)
L 07/08/2023 - 01:09:54: [SM] Blaming: retakes-instadefuse.smx
L 07/08/2023 - 01:09:54: [SM] Call stack trace:
L 07/08/2023 - 01:09:54: [SM]   [0] PrintToChat
L 07/08/2023 - 01:09:54: [SM]   [1] Line 197, plugin.sp::AttemptInstantDefuse
L 07/08/2023 - 01:09:54: [SM]   [2] Line 104, plugin.sp::Event_BombBeginDefusePlusFrame
L 07/08/2023 - 01:10:36: [SM] Exception reported: Language phrase "InstaDefuseUnsuccessful" not found (arg 5)
L 07/08/2023 - 01:10:36: [SM] Blaming: retakes-instadefuse.smx
L 07/08/2023 - 01:10:36: [SM] Call stack trace:
L 07/08/2023 - 01:10:36: [SM]   [0] PrintToChat
L 07/08/2023 - 01:10:36: [SM]   [1] Line 143, plugin.sp::AttemptInstantDefuse
L 07/08/2023 - 01:10:36: [SM]   [2] Line 104, plugin.sp::Event_BombBeginDefusePlusFrame
L 07/08/2023 - 01:10:36: [SM] Exception reported: Language phrase "InstaDefuseUnsuccessful" not found (arg 5)
L 07/08/2023 - 01:10:36: [SM] Blaming: retakes-instadefuse.smx
L 07/08/2023 - 01:10:36: [SM] Call stack trace:
L 07/08/2023 - 01:10:36: [SM]   [0] PrintToChat
L 07/08/2023 - 01:10:36: [SM]   [1] Line 143, plugin.sp::AttemptInstantDefuse
L 07/08/2023 - 01:10:36: [SM]   [2] Line 104, plugin.sp::Event_BombBeginDefusePlusFrame
L 07/08/2023 - 01:10:36: [SM] Exception reported: Language phrase "InstaDefuseUnsuccessful" not found (arg 5)
L 07/08/2023 - 01:10:36: [SM] Blaming: retakes-instadefuse.smx
L 07/08/2023 - 01:10:36: [SM] Call stack trace:
L 07/08/2023 - 01:10:36: [SM]   [0] PrintToChat
L 07/08/2023 - 01:10:36: [SM]   [1] Line 143, plugin.sp::AttemptInstantDefuse
L 07/08/2023 - 01:10:36: [SM]   [2] Line 104, plugin.sp::Event_BombBeginDefusePlusFrame
L 07/08/2023 - 01:10:36: [SM] Exception reported: Language phrase "InstaDefuseUnsuccessful" not found (arg 5)
L 07/08/2023 - 01:10:37: [SM] Blaming: retakes-instadefuse.smx
L 07/08/2023 - 01:10:37: [SM] Call stack trace:
L 07/08/2023 - 01:10:37: [SM]   [0] PrintToChat
L 07/08/2023 - 01:10:37: [SM]   [1] Line 143, plugin.sp::AttemptInstantDefuse
L 07/08/2023 - 01:10:37: [SM]   [2] Line 104, plugin.sp::Event_BombBeginDefusePlusFrame
L 07/08/2023 - 01:12:43: [SM] Exception reported: Language phrase "InstaDefuseSuccessful" not found (arg 5)
L 07/08/2023 - 01:12:43: [SM] Blaming: retakes-instadefuse.smx
L 07/08/2023 - 01:12:43: [SM] Call stack trace:
L 07/08/2023 - 01:12:43: [SM]   [0] PrintToChat
L 07/08/2023 - 01:12:43: [SM]   [1] Line 197, plugin.sp::AttemptInstantDefuse
L 07/08/2023 - 01:12:43: [SM]   [2] Line 104, plugin.sp::Event_BombBeginDefusePlusFrame
