L 07/29/2022 - 02:33:46: SourceMod error session started
L 07/29/2022 - 02:33:46: Info (map "de_mirage") (file "E:\retake\csgoserver\csgo\addons\sourcemod\logs\errors_20220729.log")
L 07/29/2022 - 02:33:46: [SM] Unable to load extension "PhysHooks.ext": Could not find patch signature for symbol: Physics_RunThinkFunctions
L 07/29/2022 - 02:33:50: [SM] Unable to load plugin "bot_inventory.smx": Native "eItems_AreItemsSynced" was not found
L 07/29/2022 - 02:33:50: [SM] Unable to load plugin "bot_stuff.smx": Could not find required plugin "navmesh"
L 07/29/2022 - 02:33:51: [SM] Unable to load plugin "LagCompensation.smx": Required extension "PhysHooks" file("PhysHooks.ext") not running
L 07/29/2022 - 02:33:53: [SM] Fatal error encountered parsing translation file "ranks_matchmaking.phrases.txt"
L 07/29/2022 - 02:33:53: [SM] Error (line 0, column 0): Stream failed to open
L 07/29/2022 - 02:33:53: [SM] Fatal error encountered parsing translation file "instadefuse.phrases.txt"
L 07/29/2022 - 02:33:53: [SM] Error (line 0, column 0): Stream failed to open
L 07/29/2022 - 02:34:13: [SM] Exception reported: Language phrase "Unranked" not found (arg 5)
L 07/29/2022 - 02:34:13: [SM] Blaming: ranks_matchmaking.smx
L 07/29/2022 - 02:34:13: [SM] Call stack trace:
L 07/29/2022 - 02:34:13: [SM]   [0] FormatEx
L 07/29/2022 - 02:34:13: [SM]   [1] Line 174, ranks_matchmaking.sp::GetRanksNames
L 07/29/2022 - 02:34:13: [SM]   [2] Line 169, ranks_matchmaking.sp::OnMapStart
L 07/29/2022 - 02:34:27: Error log file session closed.
L 07/29/2022 - 02:34:27: SourceMod error session started
L 07/29/2022 - 02:34:27: Info (map "de_mirage") (file "E:\retake\csgoserver\csgo\addons\sourcemod\logs\errors_20220729.log")
L 07/29/2022 - 02:34:27: [SM] Fatal error encountered parsing translation file "ranks_matchmaking.phrases.txt"
L 07/29/2022 - 02:34:27: [SM] Error (line 0, column 0): Stream failed to open
L 07/29/2022 - 02:34:27: [SM] Fatal error encountered parsing translation file "instadefuse.phrases.txt"
L 07/29/2022 - 02:34:27: [SM] Error (line 0, column 0): Stream failed to open
L 07/29/2022 - 02:34:28: [SM] Exception reported: Language phrase "Unranked" not found (arg 5)
L 07/29/2022 - 02:34:28: [SM] Blaming: ranks_matchmaking.smx
L 07/29/2022 - 02:34:28: [SM] Call stack trace:
L 07/29/2022 - 02:34:28: [SM]   [0] FormatEx
L 07/29/2022 - 02:34:28: [SM]   [1] Line 174, ranks_matchmaking.sp::GetRanksNames
L 07/29/2022 - 02:34:28: [SM]   [2] Line 169, ranks_matchmaking.sp::OnMapStart
L 07/29/2022 - 02:36:49: SourceMod error session started
L 07/29/2022 - 02:36:49: Info (map "de_mirage") (file "E:\retake\csgoserver\csgo\addons\sourcemod\logs\errors_20220729.log")
L 07/29/2022 - 02:36:49: [SM] Unable to load extension "PhysHooks.ext": Could not find patch signature for symbol: Physics_RunThinkFunctions
L 07/29/2022 - 02:36:49: [SM] Unable to load plugin "bot_inventory.smx": Native "eItems_AreItemsSynced" was not found
L 07/29/2022 - 02:36:49: [SM] Unable to load plugin "bot_stuff.smx": Could not find required plugin "navmesh"
L 07/29/2022 - 02:36:49: [SM] Unable to load plugin "LagCompensation.smx": Required extension "PhysHooks" file("PhysHooks.ext") not running
L 07/29/2022 - 02:36:49: [SM] Fatal error encountered parsing translation file "ranks_matchmaking.phrases.txt"
L 07/29/2022 - 02:36:49: [SM] Error (line 0, column 0): Stream failed to open
L 07/29/2022 - 02:36:49: [SM] Fatal error encountered parsing translation file "instadefuse.phrases.txt"
L 07/29/2022 - 02:36:49: [SM] Error (line 0, column 0): Stream failed to open
L 07/29/2022 - 02:36:52: [SM] Exception reported: Language phrase "Unranked" not found (arg 5)
L 07/29/2022 - 02:36:52: [SM] Blaming: ranks_matchmaking.smx
L 07/29/2022 - 02:36:52: [SM] Call stack trace:
L 07/29/2022 - 02:36:52: [SM]   [0] FormatEx
L 07/29/2022 - 02:36:52: [SM]   [1] Line 174, ranks_matchmaking.sp::GetRanksNames
L 07/29/2022 - 02:36:52: [SM]   [2] Line 169, ranks_matchmaking.sp::OnMapStart
L 07/29/2022 - 02:36:58: Error log file session closed.
L 07/29/2022 - 02:36:58: SourceMod error session started
L 07/29/2022 - 02:36:58: Info (map "de_mirage") (file "E:\retake\csgoserver\csgo\addons\sourcemod\logs\errors_20220729.log")
L 07/29/2022 - 02:36:58: [SM] Fatal error encountered parsing translation file "ranks_matchmaking.phrases.txt"
L 07/29/2022 - 02:36:58: [SM] Error (line 0, column 0): Stream failed to open
L 07/29/2022 - 02:36:58: [SM] Fatal error encountered parsing translation file "instadefuse.phrases.txt"
L 07/29/2022 - 02:36:58: [SM] Error (line 0, column 0): Stream failed to open
L 07/29/2022 - 02:36:59: [SM] Exception reported: Language phrase "Unranked" not found (arg 5)
L 07/29/2022 - 02:36:59: [SM] Blaming: ranks_matchmaking.smx
L 07/29/2022 - 02:36:59: [SM] Call stack trace:
L 07/29/2022 - 02:36:59: [SM]   [0] FormatEx
L 07/29/2022 - 02:36:59: [SM]   [1] Line 174, ranks_matchmaking.sp::GetRanksNames
L 07/29/2022 - 02:36:59: [SM]   [2] Line 169, ranks_matchmaking.sp::OnMapStart
L 07/29/2022 - 02:53:06: SourceMod error session started
L 07/29/2022 - 02:53:06: Info (map "de_mirage") (file "E:\retake\csgoserver\csgo\addons\sourcemod\logs\errors_20220729.log")
L 07/29/2022 - 02:53:06: [SM] Unable to load extension "PhysHooks.ext": Could not find patch signature for symbol: Physics_RunThinkFunctions
L 07/29/2022 - 02:53:07: [SM] Unable to load plugin "bot_inventory.smx": Native "eItems_AreItemsSynced" was not found
L 07/29/2022 - 02:53:07: [SM] Unable to load plugin "bot_stuff.smx": Could not find required plugin "navmesh"
L 07/29/2022 - 02:53:07: [SM] Unable to load plugin "LagCompensation.smx": Required extension "PhysHooks" file("PhysHooks.ext") not running
L 07/29/2022 - 02:53:07: [SM] Fatal error encountered parsing translation file "ranks_matchmaking.phrases.txt"
L 07/29/2022 - 02:53:07: [SM] Error (line 0, column 0): Stream failed to open
L 07/29/2022 - 02:53:07: [SM] Fatal error encountered parsing translation file "instadefuse.phrases.txt"
L 07/29/2022 - 02:53:07: [SM] Error (line 0, column 0): Stream failed to open
L 07/29/2022 - 02:53:10: [SM] Exception reported: Language phrase "Unranked" not found (arg 5)
L 07/29/2022 - 02:53:10: [SM] Blaming: ranks_matchmaking.smx
L 07/29/2022 - 02:53:10: [SM] Call stack trace:
L 07/29/2022 - 02:53:10: [SM]   [0] FormatEx
L 07/29/2022 - 02:53:10: [SM]   [1] Line 174, ranks_matchmaking.sp::GetRanksNames
L 07/29/2022 - 02:53:10: [SM]   [2] Line 169, ranks_matchmaking.sp::OnMapStart
L 07/29/2022 - 02:54:30: Error log file session closed.
L 07/29/2022 - 02:54:31: SourceMod error session started
L 07/29/2022 - 02:54:31: Info (map "de_mirage") (file "E:\retake\csgoserver\csgo\addons\sourcemod\logs\errors_20220729.log")
L 07/29/2022 - 02:54:31: [SM] Fatal error encountered parsing translation file "ranks_matchmaking.phrases.txt"
L 07/29/2022 - 02:54:31: [SM] Error (line 0, column 0): Stream failed to open
L 07/29/2022 - 02:54:31: [SM] Fatal error encountered parsing translation file "instadefuse.phrases.txt"
L 07/29/2022 - 02:54:31: [SM] Error (line 0, column 0): Stream failed to open
L 07/29/2022 - 02:54:31: [SM] Exception reported: Language phrase "Unranked" not found (arg 5)
L 07/29/2022 - 02:54:31: [SM] Blaming: ranks_matchmaking.smx
L 07/29/2022 - 02:54:31: [SM] Call stack trace:
L 07/29/2022 - 02:54:31: [SM]   [0] FormatEx
L 07/29/2022 - 02:54:32: [SM]   [1] Line 174, ranks_matchmaking.sp::GetRanksNames
L 07/29/2022 - 02:54:32: [SM]   [2] Line 169, ranks_matchmaking.sp::OnMapStart
L 07/29/2022 - 03:02:29: [SM] Exception reported: Language phrase "InstaDefuseSuccessful" not found (arg 5)
L 07/29/2022 - 03:02:29: [SM] Blaming: retakes-instadefuse.smx
L 07/29/2022 - 03:02:29: [SM] Call stack trace:
L 07/29/2022 - 03:02:29: [SM]   [0] PrintToChat
L 07/29/2022 - 03:02:29: [SM]   [1] Line 197, plugin.sp::AttemptInstantDefuse
L 07/29/2022 - 03:02:29: [SM]   [2] Line 104, plugin.sp::Event_BombBeginDefusePlusFrame
L 07/29/2022 - 03:02:51: [SM] Exception reported: Language phrase "InstaDefuseSuccessful" not found (arg 5)
L 07/29/2022 - 03:02:51: [SM] Blaming: retakes-instadefuse.smx
L 07/29/2022 - 03:02:51: [SM] Call stack trace:
L 07/29/2022 - 03:02:51: [SM]   [0] PrintToChat
L 07/29/2022 - 03:02:51: [SM]   [1] Line 197, plugin.sp::AttemptInstantDefuse
L 07/29/2022 - 03:02:51: [SM]   [2] Line 104, plugin.sp::Event_BombBeginDefusePlusFrame
L 07/29/2022 - 03:03:08: [SM] Exception reported: Language phrase "InstaDefuseSuccessful" not found (arg 5)
L 07/29/2022 - 03:03:08: [SM] Blaming: retakes-instadefuse.smx
L 07/29/2022 - 03:03:08: [SM] Call stack trace:
L 07/29/2022 - 03:03:08: [SM]   [0] PrintToChat
L 07/29/2022 - 03:03:08: [SM]   [1] Line 197, plugin.sp::AttemptInstantDefuse
L 07/29/2022 - 03:03:08: [SM]   [2] Line 104, plugin.sp::Event_BombBeginDefusePlusFrame
L 07/29/2022 - 03:03:36: [SM] Exception reported: Language phrase "InstaDefuseSuccessful" not found (arg 5)
L 07/29/2022 - 03:03:36: [SM] Blaming: retakes-instadefuse.smx
L 07/29/2022 - 03:03:36: [SM] Call stack trace:
L 07/29/2022 - 03:03:36: [SM]   [0] PrintToChat
L 07/29/2022 - 03:03:36: [SM]   [1] Line 197, plugin.sp::AttemptInstantDefuse
L 07/29/2022 - 03:03:36: [SM]   [2] Line 104, plugin.sp::Event_BombBeginDefusePlusFrame
L 07/29/2022 - 03:03:53: [SM] Exception reported: Language phrase "InstaDefuseSuccessful" not found (arg 5)
L 07/29/2022 - 03:03:53: [SM] Blaming: retakes-instadefuse.smx
L 07/29/2022 - 03:03:53: [SM] Call stack trace:
L 07/29/2022 - 03:03:53: [SM]   [0] PrintToChat
L 07/29/2022 - 03:03:53: [SM]   [1] Line 197, plugin.sp::AttemptInstantDefuse
L 07/29/2022 - 03:03:53: [SM]   [2] Line 104, plugin.sp::Event_BombBeginDefusePlusFrame
L 07/29/2022 - 03:04:21: [SM] Exception reported: Language phrase "InstaDefuseSuccessful" not found (arg 5)
L 07/29/2022 - 03:04:21: [SM] Blaming: retakes-instadefuse.smx
L 07/29/2022 - 03:04:21: [SM] Call stack trace:
L 07/29/2022 - 03:04:21: [SM]   [0] PrintToChat
L 07/29/2022 - 03:04:21: [SM]   [1] Line 197, plugin.sp::AttemptInstantDefuse
L 07/29/2022 - 03:04:21: [SM]   [2] Line 104, plugin.sp::Event_BombBeginDefusePlusFrame
L 07/29/2022 - 03:04:44: [SM] Exception reported: Language phrase "InstaDefuseSuccessful" not found (arg 5)
L 07/29/2022 - 03:04:44: [SM] Blaming: retakes-instadefuse.smx
L 07/29/2022 - 03:04:44: [SM] Call stack trace:
L 07/29/2022 - 03:04:44: [SM]   [0] PrintToChat
L 07/29/2022 - 03:04:44: [SM]   [1] Line 197, plugin.sp::AttemptInstantDefuse
L 07/29/2022 - 03:04:44: [SM]   [2] Line 104, plugin.sp::Event_BombBeginDefusePlusFrame
L 07/29/2022 - 03:05:04: [SM] Exception reported: Language phrase "InstaDefuseSuccessful" not found (arg 5)
L 07/29/2022 - 03:05:04: [SM] Blaming: retakes-instadefuse.smx
L 07/29/2022 - 03:05:04: [SM] Call stack trace:
L 07/29/2022 - 03:05:04: [SM]   [0] PrintToChat
L 07/29/2022 - 03:05:04: [SM]   [1] Line 197, plugin.sp::AttemptInstantDefuse
L 07/29/2022 - 03:05:04: [SM]   [2] Line 104, plugin.sp::Event_BombBeginDefusePlusFrame
L 07/29/2022 - 03:05:24: [SM] Exception reported: Language phrase "InstaDefuseSuccessful" not found (arg 5)
L 07/29/2022 - 03:05:24: [SM] Blaming: retakes-instadefuse.smx
L 07/29/2022 - 03:05:24: [SM] Call stack trace:
L 07/29/2022 - 03:05:24: [SM]   [0] PrintToChat
L 07/29/2022 - 03:05:24: [SM]   [1] Line 197, plugin.sp::AttemptInstantDefuse
L 07/29/2022 - 03:05:24: [SM]   [2] Line 104, plugin.sp::Event_BombBeginDefusePlusFrame
L 07/29/2022 - 03:05:44: [SM] Exception reported: Language phrase "InstaDefuseSuccessful" not found (arg 5)
L 07/29/2022 - 03:05:44: [SM] Blaming: retakes-instadefuse.smx
L 07/29/2022 - 03:05:44: [SM] Call stack trace:
L 07/29/2022 - 03:05:44: [SM]   [0] PrintToChat
L 07/29/2022 - 03:05:44: [SM]   [1] Line 197, plugin.sp::AttemptInstantDefuse
L 07/29/2022 - 03:05:44: [SM]   [2] Line 104, plugin.sp::Event_BombBeginDefusePlusFrame
L 07/29/2022 - 03:06:12: [SM] Exception reported: Language phrase "InstaDefuseSuccessful" not found (arg 5)
L 07/29/2022 - 03:06:12: [SM] Blaming: retakes-instadefuse.smx
L 07/29/2022 - 03:06:12: [SM] Call stack trace:
L 07/29/2022 - 03:06:12: [SM]   [0] PrintToChat
L 07/29/2022 - 03:06:12: [SM]   [1] Line 197, plugin.sp::AttemptInstantDefuse
L 07/29/2022 - 03:06:12: [SM]   [2] Line 104, plugin.sp::Event_BombBeginDefusePlusFrame
L 07/29/2022 - 03:06:46: [SM] Exception reported: Language phrase "InstaDefuseUnsuccessful" not found (arg 5)
L 07/29/2022 - 03:06:46: [SM] Blaming: retakes-instadefuse.smx
L 07/29/2022 - 03:06:46: [SM] Call stack trace:
L 07/29/2022 - 03:06:46: [SM]   [0] PrintToChat
L 07/29/2022 - 03:06:46: [SM]   [1] Line 143, plugin.sp::AttemptInstantDefuse
L 07/29/2022 - 03:06:46: [SM]   [2] Line 104, plugin.sp::Event_BombBeginDefusePlusFrame
L 07/29/2022 - 03:06:46: [SM] Exception reported: Language phrase "InstaDefuseUnsuccessful" not found (arg 5)
L 07/29/2022 - 03:06:46: [SM] Blaming: retakes-instadefuse.smx
L 07/29/2022 - 03:06:46: [SM] Call stack trace:
L 07/29/2022 - 03:06:46: [SM]   [0] PrintToChat
L 07/29/2022 - 03:06:46: [SM]   [1] Line 143, plugin.sp::AttemptInstantDefuse
L 07/29/2022 - 03:06:46: [SM]   [2] Line 104, plugin.sp::Event_BombBeginDefusePlusFrame
L 07/29/2022 - 03:06:46: [SM] Exception reported: Language phrase "InstaDefuseUnsuccessful" not found (arg 5)
L 07/29/2022 - 03:06:46: [SM] Blaming: retakes-instadefuse.smx
L 07/29/2022 - 03:06:46: [SM] Call stack trace:
L 07/29/2022 - 03:06:46: [SM]   [0] PrintToChat
L 07/29/2022 - 03:06:46: [SM]   [1] Line 143, plugin.sp::AttemptInstantDefuse
L 07/29/2022 - 03:06:46: [SM]   [2] Line 104, plugin.sp::Event_BombBeginDefusePlusFrame
L 07/29/2022 - 03:07:01: [SM] Exception reported: Language phrase "InstaDefuseSuccessful" not found (arg 5)
L 07/29/2022 - 03:07:01: [SM] Blaming: retakes-instadefuse.smx
L 07/29/2022 - 03:07:01: [SM] Call stack trace:
L 07/29/2022 - 03:07:01: [SM]   [0] PrintToChat
L 07/29/2022 - 03:07:01: [SM]   [1] Line 197, plugin.sp::AttemptInstantDefuse
L 07/29/2022 - 03:07:01: [SM]   [2] Line 104, plugin.sp::Event_BombBeginDefusePlusFrame
L 07/29/2022 - 03:07:22: [SM] Exception reported: Language phrase "InstaDefuseSuccessful" not found (arg 5)
L 07/29/2022 - 03:07:22: [SM] Blaming: retakes-instadefuse.smx
L 07/29/2022 - 03:07:22: [SM] Call stack trace:
L 07/29/2022 - 03:07:22: [SM]   [0] PrintToChat
L 07/29/2022 - 03:07:22: [SM]   [1] Line 197, plugin.sp::AttemptInstantDefuse
L 07/29/2022 - 03:07:22: [SM]   [2] Line 104, plugin.sp::Event_BombBeginDefusePlusFrame
L 07/29/2022 - 03:07:59: [SM] Exception reported: Language phrase "InstaDefuseSuccessful" not found (arg 5)
L 07/29/2022 - 03:07:59: [SM] Blaming: retakes-instadefuse.smx
L 07/29/2022 - 03:07:59: [SM] Call stack trace:
L 07/29/2022 - 03:07:59: [SM]   [0] PrintToChat
L 07/29/2022 - 03:07:59: [SM]   [1] Line 197, plugin.sp::AttemptInstantDefuse
L 07/29/2022 - 03:07:59: [SM]   [2] Line 104, plugin.sp::Event_BombBeginDefusePlusFrame
L 07/29/2022 - 03:08:21: [SM] Exception reported: Language phrase "InstaDefuseSuccessful" not found (arg 5)
L 07/29/2022 - 03:08:21: [SM] Blaming: retakes-instadefuse.smx
L 07/29/2022 - 03:08:21: [SM] Call stack trace:
L 07/29/2022 - 03:08:21: [SM]   [0] PrintToChat
L 07/29/2022 - 03:08:21: [SM]   [1] Line 197, plugin.sp::AttemptInstantDefuse
L 07/29/2022 - 03:08:21: [SM]   [2] Line 104, plugin.sp::Event_BombBeginDefusePlusFrame
L 07/29/2022 - 03:08:53: [SM] Exception reported: Language phrase "InstaDefuseSuccessful" not found (arg 5)
L 07/29/2022 - 03:08:53: [SM] Blaming: retakes-instadefuse.smx
L 07/29/2022 - 03:08:53: [SM] Call stack trace:
L 07/29/2022 - 03:08:53: [SM]   [0] PrintToChat
L 07/29/2022 - 03:08:53: [SM]   [1] Line 197, plugin.sp::AttemptInstantDefuse
L 07/29/2022 - 03:08:53: [SM]   [2] Line 104, plugin.sp::Event_BombBeginDefusePlusFrame
L 07/29/2022 - 03:09:07: [SM] Exception reported: Language phrase "InstaDefuseSuccessful" not found (arg 5)
L 07/29/2022 - 03:09:07: [SM] Blaming: retakes-instadefuse.smx
L 07/29/2022 - 03:09:07: [SM] Call stack trace:
L 07/29/2022 - 03:09:07: [SM]   [0] PrintToChat
L 07/29/2022 - 03:09:08: [SM]   [1] Line 197, plugin.sp::AttemptInstantDefuse
L 07/29/2022 - 03:09:08: [SM]   [2] Line 104, plugin.sp::Event_BombBeginDefusePlusFrame
L 07/29/2022 - 03:09:22: [SM] Exception reported: Language phrase "InstaDefuseSuccessful" not found (arg 5)
L 07/29/2022 - 03:09:22: [SM] Blaming: retakes-instadefuse.smx
L 07/29/2022 - 03:09:22: [SM] Call stack trace:
L 07/29/2022 - 03:09:22: [SM]   [0] PrintToChat
L 07/29/2022 - 03:09:22: [SM]   [1] Line 197, plugin.sp::AttemptInstantDefuse
L 07/29/2022 - 03:09:22: [SM]   [2] Line 104, plugin.sp::Event_BombBeginDefusePlusFrame
L 07/29/2022 - 03:09:25: [SM] Exception reported: Language phrase "InstaDefuseSuccessful" not found (arg 5)
L 07/29/2022 - 03:09:25: [SM] Blaming: retakes-instadefuse.smx
L 07/29/2022 - 03:09:25: [SM] Call stack trace:
L 07/29/2022 - 03:09:25: [SM]   [0] PrintToChat
L 07/29/2022 - 03:09:25: [SM]   [1] Line 197, plugin.sp::AttemptInstantDefuse
L 07/29/2022 - 03:09:25: [SM]   [2] Line 104, plugin.sp::Event_BombBeginDefusePlusFrame
L 07/29/2022 - 03:09:46: [SM] Exception reported: Language phrase "InstaDefuseSuccessful" not found (arg 5)
L 07/29/2022 - 03:09:46: [SM] Blaming: retakes-instadefuse.smx
L 07/29/2022 - 03:09:46: [SM] Call stack trace:
L 07/29/2022 - 03:09:46: [SM]   [0] PrintToChat
L 07/29/2022 - 03:09:46: [SM]   [1] Line 197, plugin.sp::AttemptInstantDefuse
L 07/29/2022 - 03:09:46: [SM]   [2] Line 104, plugin.sp::Event_BombBeginDefusePlusFrame
L 07/29/2022 - 03:09:59: [SM] Exception reported: Language phrase "InstaDefuseSuccessful" not found (arg 5)
L 07/29/2022 - 03:09:59: [SM] Blaming: retakes-instadefuse.smx
L 07/29/2022 - 03:09:59: [SM] Call stack trace:
L 07/29/2022 - 03:09:59: [SM]   [0] PrintToChat
L 07/29/2022 - 03:09:59: [SM]   [1] Line 197, plugin.sp::AttemptInstantDefuse
L 07/29/2022 - 03:09:59: [SM]   [2] Line 104, plugin.sp::Event_BombBeginDefusePlusFrame
L 07/29/2022 - 03:10:23: [SM] Exception reported: Language phrase "InstaDefuseSuccessful" not found (arg 5)
L 07/29/2022 - 03:10:23: [SM] Blaming: retakes-instadefuse.smx
L 07/29/2022 - 03:10:23: [SM] Call stack trace:
L 07/29/2022 - 03:10:23: [SM]   [0] PrintToChat
L 07/29/2022 - 03:10:23: [SM]   [1] Line 197, plugin.sp::AttemptInstantDefuse
L 07/29/2022 - 03:10:23: [SM]   [2] Line 104, plugin.sp::Event_BombBeginDefusePlusFrame
L 07/29/2022 - 03:10:38: [SM] Exception reported: Language phrase "InstaDefuseSuccessful" not found (arg 5)
L 07/29/2022 - 03:10:38: [SM] Blaming: retakes-instadefuse.smx
L 07/29/2022 - 03:10:38: [SM] Call stack trace:
L 07/29/2022 - 03:10:38: [SM]   [0] PrintToChat
L 07/29/2022 - 03:10:38: [SM]   [1] Line 197, plugin.sp::AttemptInstantDefuse
L 07/29/2022 - 03:10:38: [SM]   [2] Line 104, plugin.sp::Event_BombBeginDefusePlusFrame
L 07/29/2022 - 03:11:01: [SM] Exception reported: Language phrase "InstaDefuseSuccessful" not found (arg 5)
L 07/29/2022 - 03:11:01: [SM] Blaming: retakes-instadefuse.smx
L 07/29/2022 - 03:11:01: [SM] Call stack trace:
L 07/29/2022 - 03:11:01: [SM]   [0] PrintToChat
L 07/29/2022 - 03:11:01: [SM]   [1] Line 197, plugin.sp::AttemptInstantDefuse
L 07/29/2022 - 03:11:01: [SM]   [2] Line 104, plugin.sp::Event_BombBeginDefusePlusFrame
L 07/29/2022 - 03:11:43: [SM] Exception reported: Language phrase "InstaDefuseSuccessful" not found (arg 5)
L 07/29/2022 - 03:11:43: [SM] Blaming: retakes-instadefuse.smx
L 07/29/2022 - 03:11:43: [SM] Call stack trace:
L 07/29/2022 - 03:11:43: [SM]   [0] PrintToChat
L 07/29/2022 - 03:11:43: [SM]   [1] Line 197, plugin.sp::AttemptInstantDefuse
L 07/29/2022 - 03:11:43: [SM]   [2] Line 104, plugin.sp::Event_BombBeginDefusePlusFrame
L 07/29/2022 - 03:12:00: [SM] Exception reported: Language phrase "InstaDefuseSuccessful" not found (arg 5)
L 07/29/2022 - 03:12:00: [SM] Blaming: retakes-instadefuse.smx
L 07/29/2022 - 03:12:00: [SM] Call stack trace:
L 07/29/2022 - 03:12:00: [SM]   [0] PrintToChat
L 07/29/2022 - 03:12:00: [SM]   [1] Line 197, plugin.sp::AttemptInstantDefuse
L 07/29/2022 - 03:12:00: [SM]   [2] Line 104, plugin.sp::Event_BombBeginDefusePlusFrame
L 07/29/2022 - 03:12:30: [SM] Exception reported: Language phrase "InstaDefuseSuccessful" not found (arg 5)
L 07/29/2022 - 03:12:30: [SM] Blaming: retakes-instadefuse.smx
L 07/29/2022 - 03:12:30: [SM] Call stack trace:
L 07/29/2022 - 03:12:30: [SM]   [0] PrintToChat
L 07/29/2022 - 03:12:30: [SM]   [1] Line 197, plugin.sp::AttemptInstantDefuse
L 07/29/2022 - 03:12:30: [SM]   [2] Line 104, plugin.sp::Event_BombBeginDefusePlusFrame
L 07/29/2022 - 03:12:46: [SM] Exception reported: Language phrase "InstaDefuseSuccessful" not found (arg 5)
L 07/29/2022 - 03:12:47: [SM] Blaming: retakes-instadefuse.smx
L 07/29/2022 - 03:12:47: [SM] Call stack trace:
L 07/29/2022 - 03:12:47: [SM]   [0] PrintToChat
L 07/29/2022 - 03:12:47: [SM]   [1] Line 197, plugin.sp::AttemptInstantDefuse
L 07/29/2022 - 03:12:47: [SM]   [2] Line 104, plugin.sp::Event_BombBeginDefusePlusFrame
L 07/29/2022 - 03:14:14: [SM] Exception reported: Language phrase "InstaDefuseSuccessful" not found (arg 5)
L 07/29/2022 - 03:14:14: [SM] Blaming: retakes-instadefuse.smx
L 07/29/2022 - 03:14:14: [SM] Call stack trace:
L 07/29/2022 - 03:14:14: [SM]   [0] PrintToChat
L 07/29/2022 - 03:14:14: [SM]   [1] Line 197, plugin.sp::AttemptInstantDefuse
L 07/29/2022 - 03:14:14: [SM]   [2] Line 104, plugin.sp::Event_BombBeginDefusePlusFrame
L 07/29/2022 - 03:14:30: [SM] Exception reported: Language phrase "InstaDefuseSuccessful" not found (arg 5)
L 07/29/2022 - 03:14:30: [SM] Blaming: retakes-instadefuse.smx
L 07/29/2022 - 03:14:30: [SM] Call stack trace:
L 07/29/2022 - 03:14:30: [SM]   [0] PrintToChat
L 07/29/2022 - 03:14:30: [SM]   [1] Line 197, plugin.sp::AttemptInstantDefuse
L 07/29/2022 - 03:14:30: [SM]   [2] Line 104, plugin.sp::Event_BombBeginDefusePlusFrame
L 07/29/2022 - 03:14:45: [SM] Exception reported: Language phrase "InstaDefuseSuccessful" not found (arg 5)
L 07/29/2022 - 03:14:45: [SM] Blaming: retakes-instadefuse.smx
L 07/29/2022 - 03:14:45: [SM] Call stack trace:
L 07/29/2022 - 03:14:45: [SM]   [0] PrintToChat
L 07/29/2022 - 03:14:45: [SM]   [1] Line 197, plugin.sp::AttemptInstantDefuse
L 07/29/2022 - 03:14:45: [SM]   [2] Line 104, plugin.sp::Event_BombBeginDefusePlusFrame
L 07/29/2022 - 03:15:35: [SM] Exception reported: Language phrase "InstaDefuseSuccessful" not found (arg 5)
L 07/29/2022 - 03:15:35: [SM] Blaming: retakes-instadefuse.smx
L 07/29/2022 - 03:15:35: [SM] Call stack trace:
L 07/29/2022 - 03:15:35: [SM]   [0] PrintToChat
L 07/29/2022 - 03:15:35: [SM]   [1] Line 197, plugin.sp::AttemptInstantDefuse
L 07/29/2022 - 03:15:35: [SM]   [2] Line 104, plugin.sp::Event_BombBeginDefusePlusFrame
L 07/29/2022 - 03:16:00: [SM] Exception reported: Language phrase "InstaDefuseSuccessful" not found (arg 5)
L 07/29/2022 - 03:16:00: [SM] Blaming: retakes-instadefuse.smx
L 07/29/2022 - 03:16:00: [SM] Call stack trace:
L 07/29/2022 - 03:16:00: [SM]   [0] PrintToChat
L 07/29/2022 - 03:16:00: [SM]   [1] Line 197, plugin.sp::AttemptInstantDefuse
L 07/29/2022 - 03:16:00: [SM]   [2] Line 104, plugin.sp::Event_BombBeginDefusePlusFrame
L 07/29/2022 - 03:16:02: [SM] Exception reported: Language phrase "InstaDefuseSuccessful" not found (arg 5)
L 07/29/2022 - 03:16:02: [SM] Blaming: retakes-instadefuse.smx
L 07/29/2022 - 03:16:02: [SM] Call stack trace:
L 07/29/2022 - 03:16:02: [SM]   [0] PrintToChat
L 07/29/2022 - 03:16:02: [SM]   [1] Line 197, plugin.sp::AttemptInstantDefuse
L 07/29/2022 - 03:16:02: [SM]   [2] Line 104, plugin.sp::Event_BombBeginDefusePlusFrame
L 07/29/2022 - 03:16:23: [SM] Exception reported: Language phrase "InstaDefuseSuccessful" not found (arg 5)
L 07/29/2022 - 03:16:23: [SM] Blaming: retakes-instadefuse.smx
L 07/29/2022 - 03:16:23: [SM] Call stack trace:
L 07/29/2022 - 03:16:23: [SM]   [0] PrintToChat
L 07/29/2022 - 03:16:23: [SM]   [1] Line 197, plugin.sp::AttemptInstantDefuse
L 07/29/2022 - 03:16:23: [SM]   [2] Line 104, plugin.sp::Event_BombBeginDefusePlusFrame
L 07/29/2022 - 03:16:42: [SM] Exception reported: Language phrase "InstaDefuseSuccessful" not found (arg 5)
L 07/29/2022 - 03:16:42: [SM] Blaming: retakes-instadefuse.smx
L 07/29/2022 - 03:16:42: [SM] Call stack trace:
L 07/29/2022 - 03:16:42: [SM]   [0] PrintToChat
L 07/29/2022 - 03:16:42: [SM]   [1] Line 197, plugin.sp::AttemptInstantDefuse
L 07/29/2022 - 03:16:42: [SM]   [2] Line 104, plugin.sp::Event_BombBeginDefusePlusFrame
L 07/29/2022 - 03:16:57: [SM] Exception reported: Language phrase "InstaDefuseSuccessful" not found (arg 5)
L 07/29/2022 - 03:16:57: [SM] Blaming: retakes-instadefuse.smx
L 07/29/2022 - 03:16:57: [SM] Call stack trace:
L 07/29/2022 - 03:16:57: [SM]   [0] PrintToChat
L 07/29/2022 - 03:16:57: [SM]   [1] Line 197, plugin.sp::AttemptInstantDefuse
L 07/29/2022 - 03:16:57: [SM]   [2] Line 104, plugin.sp::Event_BombBeginDefusePlusFrame
L 07/29/2022 - 03:17:26: [SM] Exception reported: Language phrase "InstaDefuseSuccessful" not found (arg 5)
L 07/29/2022 - 03:17:26: [SM] Blaming: retakes-instadefuse.smx
L 07/29/2022 - 03:17:26: [SM] Call stack trace:
L 07/29/2022 - 03:17:26: [SM]   [0] PrintToChat
L 07/29/2022 - 03:17:26: [SM]   [1] Line 197, plugin.sp::AttemptInstantDefuse
L 07/29/2022 - 03:17:26: [SM]   [2] Line 104, plugin.sp::Event_BombBeginDefusePlusFrame
L 07/29/2022 - 03:17:42: [SM] Exception reported: Language phrase "InstaDefuseSuccessful" not found (arg 5)
L 07/29/2022 - 03:17:42: [SM] Blaming: retakes-instadefuse.smx
L 07/29/2022 - 03:17:42: [SM] Call stack trace:
L 07/29/2022 - 03:17:42: [SM]   [0] PrintToChat
L 07/29/2022 - 03:17:42: [SM]   [1] Line 197, plugin.sp::AttemptInstantDefuse
L 07/29/2022 - 03:17:43: [SM]   [2] Line 104, plugin.sp::Event_BombBeginDefusePlusFrame
L 07/29/2022 - 03:18:08: [SM] Exception reported: Language phrase "InstaDefuseSuccessful" not found (arg 5)
L 07/29/2022 - 03:18:08: [SM] Blaming: retakes-instadefuse.smx
L 07/29/2022 - 03:18:08: [SM] Call stack trace:
L 07/29/2022 - 03:18:08: [SM]   [0] PrintToChat
L 07/29/2022 - 03:18:08: [SM]   [1] Line 197, plugin.sp::AttemptInstantDefuse
L 07/29/2022 - 03:18:08: [SM]   [2] Line 104, plugin.sp::Event_BombBeginDefusePlusFrame
L 07/29/2022 - 03:18:38: [SM] Exception reported: Language phrase "InstaDefuseSuccessful" not found (arg 5)
L 07/29/2022 - 03:18:38: [SM] Blaming: retakes-instadefuse.smx
L 07/29/2022 - 03:18:38: [SM] Call stack trace:
L 07/29/2022 - 03:18:38: [SM]   [0] PrintToChat
L 07/29/2022 - 03:18:38: [SM]   [1] Line 197, plugin.sp::AttemptInstantDefuse
L 07/29/2022 - 03:18:38: [SM]   [2] Line 104, plugin.sp::Event_BombBeginDefusePlusFrame
L 07/29/2022 - 03:18:51: [SM] Exception reported: Language phrase "InstaDefuseSuccessful" not found (arg 5)
L 07/29/2022 - 03:18:51: [SM] Blaming: retakes-instadefuse.smx
L 07/29/2022 - 03:18:51: [SM] Call stack trace:
L 07/29/2022 - 03:18:51: [SM]   [0] PrintToChat
L 07/29/2022 - 03:18:51: [SM]   [1] Line 197, plugin.sp::AttemptInstantDefuse
L 07/29/2022 - 03:18:51: [SM]   [2] Line 104, plugin.sp::Event_BombBeginDefusePlusFrame
L 07/29/2022 - 03:19:38: [SM] Exception reported: Language phrase "InstaDefuseSuccessful" not found (arg 5)
L 07/29/2022 - 03:19:38: [SM] Blaming: retakes-instadefuse.smx
L 07/29/2022 - 03:19:38: [SM] Call stack trace:
L 07/29/2022 - 03:19:38: [SM]   [0] PrintToChat
L 07/29/2022 - 03:19:38: [SM]   [1] Line 197, plugin.sp::AttemptInstantDefuse
L 07/29/2022 - 03:19:38: [SM]   [2] Line 104, plugin.sp::Event_BombBeginDefusePlusFrame
L 07/29/2022 - 03:20:00: [SM] Exception reported: Language phrase "InstaDefuseSuccessful" not found (arg 5)
L 07/29/2022 - 03:20:00: [SM] Blaming: retakes-instadefuse.smx
L 07/29/2022 - 03:20:00: [SM] Call stack trace:
L 07/29/2022 - 03:20:00: [SM]   [0] PrintToChat
L 07/29/2022 - 03:20:00: [SM]   [1] Line 197, plugin.sp::AttemptInstantDefuse
L 07/29/2022 - 03:20:00: [SM]   [2] Line 104, plugin.sp::Event_BombBeginDefusePlusFrame
L 07/29/2022 - 03:21:27: [SM] Exception reported: Language phrase "InstaDefuseSuccessful" not found (arg 5)
L 07/29/2022 - 03:21:27: [SM] Blaming: retakes-instadefuse.smx
L 07/29/2022 - 03:21:27: [SM] Call stack trace:
L 07/29/2022 - 03:21:27: [SM]   [0] PrintToChat
L 07/29/2022 - 03:21:27: [SM]   [1] Line 197, plugin.sp::AttemptInstantDefuse
L 07/29/2022 - 03:21:27: [SM]   [2] Line 104, plugin.sp::Event_BombBeginDefusePlusFrame
L 07/29/2022 - 03:23:02: [SM] Exception reported: Language phrase "InstaDefuseSuccessful" not found (arg 5)
L 07/29/2022 - 03:23:02: [SM] Blaming: retakes-instadefuse.smx
L 07/29/2022 - 03:23:02: [SM] Call stack trace:
L 07/29/2022 - 03:23:02: [SM]   [0] PrintToChat
L 07/29/2022 - 03:23:02: [SM]   [1] Line 197, plugin.sp::AttemptInstantDefuse
L 07/29/2022 - 03:23:02: [SM]   [2] Line 104, plugin.sp::Event_BombBeginDefusePlusFrame
