L 11/18/2021 - 20:40:02: SourceMod error session started
L 11/18/2021 - 20:40:02: Info (map "de_mirage") (file "E:\retake\csgoserver\csgo\addons\sourcemod\logs\errors_20211118.log")
L 11/18/2021 - 20:40:02: [SM] Unable to load extension "PhysHooks.ext": Could not find patch signature for symbol: Physics_RunThinkFunctions
L 11/18/2021 - 20:40:04: [SM] Unable to load plugin "bot_inventory.smx": Native "eItems_AreItemsSynced" was not found
L 11/18/2021 - 20:40:04: [SM] Unable to load plugin "bot_stuff.smx": Could not find required plugin "navmesh"
L 11/18/2021 - 20:40:05: [SM] Unable to load plugin "LagCompensation.smx": Required extension "PhysHooks" file("PhysHooks.ext") not running
L 11/18/2021 - 20:40:06: [SM] Fatal error encountered parsing translation file "ranks_matchmaking.phrases.txt"
L 11/18/2021 - 20:40:06: [SM] Error (line 0, column 0): Stream failed to open
L 11/18/2021 - 20:40:06: [SM] Fatal error encountered parsing translation file "instadefuse.phrases.txt"
L 11/18/2021 - 20:40:06: [SM] Error (line 0, column 0): Stream failed to open
L 11/18/2021 - 20:40:26: [SM] Exception reported: Language phrase "Unranked" not found (arg 5)
L 11/18/2021 - 20:40:26: [SM] Blaming: ranks_matchmaking.smx
L 11/18/2021 - 20:40:26: [SM] Call stack trace:
L 11/18/2021 - 20:40:26: [SM]   [0] FormatEx
L 11/18/2021 - 20:40:26: [SM]   [1] Line 174, ranks_matchmaking.sp::GetRanksNames
L 11/18/2021 - 20:40:26: [SM]   [2] Line 169, ranks_matchmaking.sp::OnMapStart
L 11/18/2021 - 20:46:45: SourceMod error session started
L 11/18/2021 - 20:46:45: Info (map "de_mirage") (file "E:\retake\csgoserver\csgo\addons\sourcemod\logs\errors_20211118.log")
L 11/18/2021 - 20:46:45: [SM] Unable to load extension "PhysHooks.ext": Could not find patch signature for symbol: Physics_RunThinkFunctions
L 11/18/2021 - 20:46:46: [SM] Unable to load plugin "bot_inventory.smx": Native "eItems_AreItemsSynced" was not found
L 11/18/2021 - 20:46:46: [SM] Unable to load plugin "bot_stuff.smx": Could not find required plugin "navmesh"
L 11/18/2021 - 20:46:46: [SM] Unable to load plugin "LagCompensation.smx": Required extension "PhysHooks" file("PhysHooks.ext") not running
L 11/18/2021 - 20:46:46: [SM] Fatal error encountered parsing translation file "ranks_matchmaking.phrases.txt"
L 11/18/2021 - 20:46:46: [SM] Error (line 0, column 0): Stream failed to open
L 11/18/2021 - 20:46:46: [SM] Fatal error encountered parsing translation file "instadefuse.phrases.txt"
L 11/18/2021 - 20:46:46: [SM] Error (line 0, column 0): Stream failed to open
L 11/18/2021 - 20:46:49: [SM] Exception reported: Language phrase "Unranked" not found (arg 5)
L 11/18/2021 - 20:46:49: [SM] Blaming: ranks_matchmaking.smx
L 11/18/2021 - 20:46:49: [SM] Call stack trace:
L 11/18/2021 - 20:46:49: [SM]   [0] FormatEx
L 11/18/2021 - 20:46:49: [SM]   [1] Line 174, ranks_matchmaking.sp::GetRanksNames
L 11/18/2021 - 20:46:49: [SM]   [2] Line 169, ranks_matchmaking.sp::OnMapStart
L 11/18/2021 - 20:47:15: Error log file session closed.
L 11/18/2021 - 20:47:15: SourceMod error session started
L 11/18/2021 - 20:47:15: Info (map "de_mirage") (file "E:\retake\csgoserver\csgo\addons\sourcemod\logs\errors_20211118.log")
L 11/18/2021 - 20:47:15: [SM] Fatal error encountered parsing translation file "ranks_matchmaking.phrases.txt"
L 11/18/2021 - 20:47:15: [SM] Error (line 0, column 0): Stream failed to open
L 11/18/2021 - 20:47:15: [SM] Fatal error encountered parsing translation file "instadefuse.phrases.txt"
L 11/18/2021 - 20:47:15: [SM] Error (line 0, column 0): Stream failed to open
L 11/18/2021 - 20:47:17: [SM] Exception reported: Language phrase "Unranked" not found (arg 5)
L 11/18/2021 - 20:47:17: [SM] Blaming: ranks_matchmaking.smx
L 11/18/2021 - 20:47:17: [SM] Call stack trace:
L 11/18/2021 - 20:47:17: [SM]   [0] FormatEx
L 11/18/2021 - 20:47:17: [SM]   [1] Line 174, ranks_matchmaking.sp::GetRanksNames
L 11/18/2021 - 20:47:17: [SM]   [2] Line 169, ranks_matchmaking.sp::OnMapStart
L 11/18/2021 - 20:48:29: [SM] Exception reported: Language phrase "InstaDefuseSuccessful" not found (arg 5)
L 11/18/2021 - 20:48:29: [SM] Blaming: retakes-instadefuse.smx
L 11/18/2021 - 20:48:29: [SM] Call stack trace:
L 11/18/2021 - 20:48:29: [SM]   [0] PrintToChat
L 11/18/2021 - 20:48:29: [SM]   [1] Line 197, plugin.sp::AttemptInstantDefuse
L 11/18/2021 - 20:48:29: [SM]   [2] Line 104, plugin.sp::Event_BombBeginDefusePlusFrame
L 11/18/2021 - 20:49:00: [SM] Exception reported: Language phrase "InstaDefuseSuccessful" not found (arg 5)
L 11/18/2021 - 20:49:00: [SM] Blaming: retakes-instadefuse.smx
L 11/18/2021 - 20:49:00: [SM] Call stack trace:
L 11/18/2021 - 20:49:00: [SM]   [0] PrintToChat
L 11/18/2021 - 20:49:00: [SM]   [1] Line 197, plugin.sp::AttemptInstantDefuse
L 11/18/2021 - 20:49:00: [SM]   [2] Line 104, plugin.sp::Event_BombBeginDefusePlusFrame
L 11/18/2021 - 20:49:25: [SM] Exception reported: Language phrase "InstaDefuseSuccessful" not found (arg 5)
L 11/18/2021 - 20:49:25: [SM] Blaming: retakes-instadefuse.smx
L 11/18/2021 - 20:49:25: [SM] Call stack trace:
L 11/18/2021 - 20:49:25: [SM]   [0] PrintToChat
L 11/18/2021 - 20:49:25: [SM]   [1] Line 197, plugin.sp::AttemptInstantDefuse
L 11/18/2021 - 20:49:25: [SM]   [2] Line 104, plugin.sp::Event_BombBeginDefusePlusFrame
L 11/18/2021 - 20:50:43: [SM] Exception reported: Language phrase "InstaDefuseSuccessful" not found (arg 5)
L 11/18/2021 - 20:50:43: [SM] Blaming: retakes-instadefuse.smx
L 11/18/2021 - 20:50:43: [SM] Call stack trace:
L 11/18/2021 - 20:50:43: [SM]   [0] PrintToChat
L 11/18/2021 - 20:50:43: [SM]   [1] Line 197, plugin.sp::AttemptInstantDefuse
L 11/18/2021 - 20:50:43: [SM]   [2] Line 104, plugin.sp::Event_BombBeginDefusePlusFrame
L 11/18/2021 - 20:50:58: [SM] Exception reported: Language phrase "InstaDefuseSuccessful" not found (arg 5)
L 11/18/2021 - 20:50:58: [SM] Blaming: retakes-instadefuse.smx
L 11/18/2021 - 20:50:58: [SM] Call stack trace:
L 11/18/2021 - 20:50:58: [SM]   [0] PrintToChat
L 11/18/2021 - 20:50:58: [SM]   [1] Line 197, plugin.sp::AttemptInstantDefuse
L 11/18/2021 - 20:50:58: [SM]   [2] Line 104, plugin.sp::Event_BombBeginDefusePlusFrame
L 11/18/2021 - 20:51:21: [SM] Exception reported: Language phrase "LiveNadeSomewhere" not found (arg 5)
L 11/18/2021 - 20:51:21: [SM] Blaming: retakes-instadefuse.smx
L 11/18/2021 - 20:51:21: [SM] Call stack trace:
L 11/18/2021 - 20:51:21: [SM]   [0] PrintToChat
L 11/18/2021 - 20:51:21: [SM]   [1] Line 168, plugin.sp::AttemptInstantDefuse
L 11/18/2021 - 20:51:21: [SM]   [2] Line 104, plugin.sp::Event_BombBeginDefusePlusFrame
L 11/18/2021 - 20:51:38: [SM] Exception reported: Language phrase "InstaDefuseSuccessful" not found (arg 5)
L 11/18/2021 - 20:51:38: [SM] Blaming: retakes-instadefuse.smx
L 11/18/2021 - 20:51:38: [SM] Call stack trace:
L 11/18/2021 - 20:51:38: [SM]   [0] PrintToChat
L 11/18/2021 - 20:51:38: [SM]   [1] Line 197, plugin.sp::AttemptInstantDefuse
L 11/18/2021 - 20:51:38: [SM]   [2] Line 104, plugin.sp::Event_BombBeginDefusePlusFrame
L 11/18/2021 - 20:52:33: [SM] Exception reported: Language phrase "InstaDefuseSuccessful" not found (arg 5)
L 11/18/2021 - 20:52:33: [SM] Blaming: retakes-instadefuse.smx
L 11/18/2021 - 20:52:33: [SM] Call stack trace:
L 11/18/2021 - 20:52:33: [SM]   [0] PrintToChat
L 11/18/2021 - 20:52:33: [SM]   [1] Line 197, plugin.sp::AttemptInstantDefuse
L 11/18/2021 - 20:52:33: [SM]   [2] Line 104, plugin.sp::Event_BombBeginDefusePlusFrame
L 11/18/2021 - 20:52:50: [SM] Exception reported: Language phrase "InstaDefuseSuccessful" not found (arg 5)
L 11/18/2021 - 20:52:50: [SM] Blaming: retakes-instadefuse.smx
L 11/18/2021 - 20:52:50: [SM] Call stack trace:
L 11/18/2021 - 20:52:50: [SM]   [0] PrintToChat
L 11/18/2021 - 20:52:50: [SM]   [1] Line 197, plugin.sp::AttemptInstantDefuse
L 11/18/2021 - 20:52:50: [SM]   [2] Line 104, plugin.sp::Event_BombBeginDefusePlusFrame
L 11/18/2021 - 20:53:15: [SM] Exception reported: Language phrase "InstaDefuseSuccessful" not found (arg 5)
L 11/18/2021 - 20:53:15: [SM] Blaming: retakes-instadefuse.smx
L 11/18/2021 - 20:53:15: [SM] Call stack trace:
L 11/18/2021 - 20:53:15: [SM]   [0] PrintToChat
L 11/18/2021 - 20:53:15: [SM]   [1] Line 197, plugin.sp::AttemptInstantDefuse
L 11/18/2021 - 20:53:15: [SM]   [2] Line 104, plugin.sp::Event_BombBeginDefusePlusFrame
L 11/18/2021 - 20:53:36: [SM] Exception reported: Language phrase "InstaDefuseSuccessful" not found (arg 5)
L 11/18/2021 - 20:53:36: [SM] Blaming: retakes-instadefuse.smx
L 11/18/2021 - 20:53:36: [SM] Call stack trace:
L 11/18/2021 - 20:53:36: [SM]   [0] PrintToChat
L 11/18/2021 - 20:53:36: [SM]   [1] Line 197, plugin.sp::AttemptInstantDefuse
L 11/18/2021 - 20:53:36: [SM]   [2] Line 104, plugin.sp::Event_BombBeginDefusePlusFrame
L 11/18/2021 - 20:53:51: [SM] Exception reported: Language phrase "InstaDefuseSuccessful" not found (arg 5)
L 11/18/2021 - 20:53:51: [SM] Blaming: retakes-instadefuse.smx
L 11/18/2021 - 20:53:51: [SM] Call stack trace:
L 11/18/2021 - 20:53:51: [SM]   [0] PrintToChat
L 11/18/2021 - 20:53:51: [SM]   [1] Line 197, plugin.sp::AttemptInstantDefuse
L 11/18/2021 - 20:53:51: [SM]   [2] Line 104, plugin.sp::Event_BombBeginDefusePlusFrame
L 11/18/2021 - 20:54:21: [SM] Exception reported: Language phrase "InstaDefuseSuccessful" not found (arg 5)
L 11/18/2021 - 20:54:21: [SM] Blaming: retakes-instadefuse.smx
L 11/18/2021 - 20:54:21: [SM] Call stack trace:
L 11/18/2021 - 20:54:21: [SM]   [0] PrintToChat
L 11/18/2021 - 20:54:21: [SM]   [1] Line 197, plugin.sp::AttemptInstantDefuse
L 11/18/2021 - 20:54:21: [SM]   [2] Line 104, plugin.sp::Event_BombBeginDefusePlusFrame
L 11/18/2021 - 20:54:58: [SM] Exception reported: Language phrase "InstaDefuseSuccessful" not found (arg 5)
L 11/18/2021 - 20:54:58: [SM] Blaming: retakes-instadefuse.smx
L 11/18/2021 - 20:54:58: [SM] Call stack trace:
L 11/18/2021 - 20:54:58: [SM]   [0] PrintToChat
L 11/18/2021 - 20:54:58: [SM]   [1] Line 197, plugin.sp::AttemptInstantDefuse
L 11/18/2021 - 20:54:58: [SM]   [2] Line 104, plugin.sp::Event_BombBeginDefusePlusFrame
L 11/18/2021 - 20:56:23: [SM] Exception reported: Language phrase "InstaDefuseSuccessful" not found (arg 5)
L 11/18/2021 - 20:56:23: [SM] Blaming: retakes-instadefuse.smx
L 11/18/2021 - 20:56:23: [SM] Call stack trace:
L 11/18/2021 - 20:56:23: [SM]   [0] PrintToChat
L 11/18/2021 - 20:56:23: [SM]   [1] Line 197, plugin.sp::AttemptInstantDefuse
L 11/18/2021 - 20:56:23: [SM]   [2] Line 104, plugin.sp::Event_BombBeginDefusePlusFrame
L 11/18/2021 - 20:56:45: [SM] Exception reported: Language phrase "InstaDefuseSuccessful" not found (arg 5)
L 11/18/2021 - 20:56:45: [SM] Blaming: retakes-instadefuse.smx
L 11/18/2021 - 20:56:45: [SM] Call stack trace:
L 11/18/2021 - 20:56:45: [SM]   [0] PrintToChat
L 11/18/2021 - 20:56:45: [SM]   [1] Line 197, plugin.sp::AttemptInstantDefuse
L 11/18/2021 - 20:56:45: [SM]   [2] Line 104, plugin.sp::Event_BombBeginDefusePlusFrame
L 11/18/2021 - 20:57:06: [SM] Exception reported: Language phrase "InstaDefuseSuccessful" not found (arg 5)
L 11/18/2021 - 20:57:06: [SM] Blaming: retakes-instadefuse.smx
L 11/18/2021 - 20:57:06: [SM] Call stack trace:
L 11/18/2021 - 20:57:06: [SM]   [0] PrintToChat
L 11/18/2021 - 20:57:07: [SM]   [1] Line 197, plugin.sp::AttemptInstantDefuse
L 11/18/2021 - 20:57:07: [SM]   [2] Line 104, plugin.sp::Event_BombBeginDefusePlusFrame
L 11/18/2021 - 20:57:33: [SM] Exception reported: Language phrase "InstaDefuseSuccessful" not found (arg 5)
L 11/18/2021 - 20:57:33: [SM] Blaming: retakes-instadefuse.smx
L 11/18/2021 - 20:57:33: [SM] Call stack trace:
L 11/18/2021 - 20:57:33: [SM]   [0] PrintToChat
L 11/18/2021 - 20:57:33: [SM]   [1] Line 197, plugin.sp::AttemptInstantDefuse
L 11/18/2021 - 20:57:33: [SM]   [2] Line 104, plugin.sp::Event_BombBeginDefusePlusFrame
L 11/18/2021 - 20:58:57: [SM] Exception reported: Language phrase "InstaDefuseSuccessful" not found (arg 5)
L 11/18/2021 - 20:58:57: [SM] Blaming: retakes-instadefuse.smx
L 11/18/2021 - 20:58:57: [SM] Call stack trace:
L 11/18/2021 - 20:58:57: [SM]   [0] PrintToChat
L 11/18/2021 - 20:58:57: [SM]   [1] Line 197, plugin.sp::AttemptInstantDefuse
L 11/18/2021 - 20:58:57: [SM]   [2] Line 104, plugin.sp::Event_BombBeginDefusePlusFrame
L 11/18/2021 - 21:00:56: [SM] Exception reported: Language phrase "InstaDefuseSuccessful" not found (arg 5)
L 11/18/2021 - 21:00:56: [SM] Blaming: retakes-instadefuse.smx
L 11/18/2021 - 21:00:56: [SM] Call stack trace:
L 11/18/2021 - 21:00:56: [SM]   [0] PrintToChat
L 11/18/2021 - 21:00:56: [SM]   [1] Line 197, plugin.sp::AttemptInstantDefuse
L 11/18/2021 - 21:00:56: [SM]   [2] Line 104, plugin.sp::Event_BombBeginDefusePlusFrame
L 11/18/2021 - 21:02:01: [SM] Exception reported: Language phrase "InstaDefuseSuccessful" not found (arg 5)
L 11/18/2021 - 21:02:01: [SM] Blaming: retakes-instadefuse.smx
L 11/18/2021 - 21:02:01: [SM] Call stack trace:
L 11/18/2021 - 21:02:01: [SM]   [0] PrintToChat
L 11/18/2021 - 21:02:01: [SM]   [1] Line 197, plugin.sp::AttemptInstantDefuse
L 11/18/2021 - 21:02:01: [SM]   [2] Line 104, plugin.sp::Event_BombBeginDefusePlusFrame
L 11/18/2021 - 21:02:20: [SM] Exception reported: Language phrase "InstaDefuseSuccessful" not found (arg 5)
L 11/18/2021 - 21:02:20: [SM] Blaming: retakes-instadefuse.smx
L 11/18/2021 - 21:02:20: [SM] Call stack trace:
L 11/18/2021 - 21:02:20: [SM]   [0] PrintToChat
L 11/18/2021 - 21:02:20: [SM]   [1] Line 197, plugin.sp::AttemptInstantDefuse
L 11/18/2021 - 21:02:20: [SM]   [2] Line 104, plugin.sp::Event_BombBeginDefusePlusFrame
L 11/18/2021 - 21:03:23: [SM] Exception reported: Language phrase "InstaDefuseSuccessful" not found (arg 5)
L 11/18/2021 - 21:03:23: [SM] Blaming: retakes-instadefuse.smx
L 11/18/2021 - 21:03:23: [SM] Call stack trace:
L 11/18/2021 - 21:03:23: [SM]   [0] PrintToChat
L 11/18/2021 - 21:03:23: [SM]   [1] Line 197, plugin.sp::AttemptInstantDefuse
L 11/18/2021 - 21:03:23: [SM]   [2] Line 104, plugin.sp::Event_BombBeginDefusePlusFrame
L 11/18/2021 - 21:04:08: [SM] Exception reported: Language phrase "InstaDefuseSuccessful" not found (arg 5)
L 11/18/2021 - 21:04:08: [SM] Blaming: retakes-instadefuse.smx
L 11/18/2021 - 21:04:08: [SM] Call stack trace:
L 11/18/2021 - 21:04:08: [SM]   [0] PrintToChat
L 11/18/2021 - 21:04:08: [SM]   [1] Line 197, plugin.sp::AttemptInstantDefuse
L 11/18/2021 - 21:04:08: [SM]   [2] Line 104, plugin.sp::Event_BombBeginDefusePlusFrame
L 11/18/2021 - 21:04:38: [SM] Exception reported: Language phrase "InstaDefuseSuccessful" not found (arg 5)
L 11/18/2021 - 21:04:38: [SM] Blaming: retakes-instadefuse.smx
L 11/18/2021 - 21:04:38: [SM] Call stack trace:
L 11/18/2021 - 21:04:38: [SM]   [0] PrintToChat
L 11/18/2021 - 21:04:38: [SM]   [1] Line 197, plugin.sp::AttemptInstantDefuse
L 11/18/2021 - 21:04:38: [SM]   [2] Line 104, plugin.sp::Event_BombBeginDefusePlusFrame
L 11/18/2021 - 21:05:05: [SM] Exception reported: Language phrase "InstaDefuseSuccessful" not found (arg 5)
L 11/18/2021 - 21:05:05: [SM] Blaming: retakes-instadefuse.smx
L 11/18/2021 - 21:05:05: [SM] Call stack trace:
L 11/18/2021 - 21:05:05: [SM]   [0] PrintToChat
L 11/18/2021 - 21:05:05: [SM]   [1] Line 197, plugin.sp::AttemptInstantDefuse
L 11/18/2021 - 21:05:05: [SM]   [2] Line 104, plugin.sp::Event_BombBeginDefusePlusFrame
L 11/18/2021 - 21:05:44: [SM] Exception reported: Language phrase "InstaDefuseUnsuccessful" not found (arg 5)
L 11/18/2021 - 21:05:44: [SM] Blaming: retakes-instadefuse.smx
L 11/18/2021 - 21:05:44: [SM] Call stack trace:
L 11/18/2021 - 21:05:44: [SM]   [0] PrintToChat
L 11/18/2021 - 21:05:44: [SM]   [1] Line 143, plugin.sp::AttemptInstantDefuse
L 11/18/2021 - 21:05:44: [SM]   [2] Line 104, plugin.sp::Event_BombBeginDefusePlusFrame
L 11/18/2021 - 21:05:45: [SM] Exception reported: Language phrase "InstaDefuseUnsuccessful" not found (arg 5)
L 11/18/2021 - 21:05:45: [SM] Blaming: retakes-instadefuse.smx
L 11/18/2021 - 21:05:45: [SM] Call stack trace:
L 11/18/2021 - 21:05:45: [SM]   [0] PrintToChat
L 11/18/2021 - 21:05:45: [SM]   [1] Line 143, plugin.sp::AttemptInstantDefuse
L 11/18/2021 - 21:05:45: [SM]   [2] Line 104, plugin.sp::Event_BombBeginDefusePlusFrame
L 11/18/2021 - 21:05:45: [SM] Exception reported: Language phrase "InstaDefuseUnsuccessful" not found (arg 5)
L 11/18/2021 - 21:05:45: [SM] Blaming: retakes-instadefuse.smx
L 11/18/2021 - 21:05:45: [SM] Call stack trace:
L 11/18/2021 - 21:05:45: [SM]   [0] PrintToChat
L 11/18/2021 - 21:05:45: [SM]   [1] Line 143, plugin.sp::AttemptInstantDefuse
L 11/18/2021 - 21:05:45: [SM]   [2] Line 104, plugin.sp::Event_BombBeginDefusePlusFrame
L 11/18/2021 - 21:05:45: [SM] Exception reported: Language phrase "InstaDefuseUnsuccessful" not found (arg 5)
L 11/18/2021 - 21:05:45: [SM] Blaming: retakes-instadefuse.smx
L 11/18/2021 - 21:05:45: [SM] Call stack trace:
L 11/18/2021 - 21:05:45: [SM]   [0] PrintToChat
L 11/18/2021 - 21:05:45: [SM]   [1] Line 143, plugin.sp::AttemptInstantDefuse
L 11/18/2021 - 21:05:45: [SM]   [2] Line 104, plugin.sp::Event_BombBeginDefusePlusFrame
L 11/18/2021 - 21:05:45: [SM] Exception reported: Language phrase "InstaDefuseUnsuccessful" not found (arg 5)
L 11/18/2021 - 21:05:45: [SM] Blaming: retakes-instadefuse.smx
L 11/18/2021 - 21:05:45: [SM] Call stack trace:
L 11/18/2021 - 21:05:45: [SM]   [0] PrintToChat
L 11/18/2021 - 21:05:45: [SM]   [1] Line 143, plugin.sp::AttemptInstantDefuse
L 11/18/2021 - 21:05:45: [SM]   [2] Line 104, plugin.sp::Event_BombBeginDefusePlusFrame
L 11/18/2021 - 21:05:46: [SM] Exception reported: Language phrase "InstaDefuseUnsuccessful" not found (arg 5)
L 11/18/2021 - 21:05:46: [SM] Blaming: retakes-instadefuse.smx
L 11/18/2021 - 21:05:46: [SM] Call stack trace:
L 11/18/2021 - 21:05:46: [SM]   [0] PrintToChat
L 11/18/2021 - 21:05:46: [SM]   [1] Line 143, plugin.sp::AttemptInstantDefuse
L 11/18/2021 - 21:05:46: [SM]   [2] Line 104, plugin.sp::Event_BombBeginDefusePlusFrame
L 11/18/2021 - 21:06:21: [SM] Exception reported: Language phrase "InstaDefuseSuccessful" not found (arg 5)
L 11/18/2021 - 21:06:21: [SM] Blaming: retakes-instadefuse.smx
L 11/18/2021 - 21:06:21: [SM] Call stack trace:
L 11/18/2021 - 21:06:21: [SM]   [0] PrintToChat
L 11/18/2021 - 21:06:21: [SM]   [1] Line 197, plugin.sp::AttemptInstantDefuse
L 11/18/2021 - 21:06:21: [SM]   [2] Line 104, plugin.sp::Event_BombBeginDefusePlusFrame
L 11/18/2021 - 21:07:01: [SM] Exception reported: Language phrase "InstaDefuseSuccessful" not found (arg 5)
L 11/18/2021 - 21:07:01: [SM] Blaming: retakes-instadefuse.smx
L 11/18/2021 - 21:07:01: [SM] Call stack trace:
L 11/18/2021 - 21:07:01: [SM]   [0] PrintToChat
L 11/18/2021 - 21:07:01: [SM]   [1] Line 197, plugin.sp::AttemptInstantDefuse
L 11/18/2021 - 21:07:01: [SM]   [2] Line 104, plugin.sp::Event_BombBeginDefusePlusFrame
L 11/18/2021 - 21:07:38: [SM] Exception reported: Language phrase "InstaDefuseUnsuccessful" not found (arg 5)
L 11/18/2021 - 21:07:38: [SM] Blaming: retakes-instadefuse.smx
L 11/18/2021 - 21:07:38: [SM] Call stack trace:
L 11/18/2021 - 21:07:38: [SM]   [0] PrintToChat
L 11/18/2021 - 21:07:38: [SM]   [1] Line 143, plugin.sp::AttemptInstantDefuse
L 11/18/2021 - 21:07:38: [SM]   [2] Line 104, plugin.sp::Event_BombBeginDefusePlusFrame
L 11/18/2021 - 21:07:38: [SM] Exception reported: Language phrase "InstaDefuseUnsuccessful" not found (arg 5)
L 11/18/2021 - 21:07:38: [SM] Blaming: retakes-instadefuse.smx
L 11/18/2021 - 21:07:38: [SM] Call stack trace:
L 11/18/2021 - 21:07:38: [SM]   [0] PrintToChat
L 11/18/2021 - 21:07:38: [SM]   [1] Line 143, plugin.sp::AttemptInstantDefuse
L 11/18/2021 - 21:07:38: [SM]   [2] Line 104, plugin.sp::Event_BombBeginDefusePlusFrame
L 11/18/2021 - 21:07:38: [SM] Exception reported: Language phrase "InstaDefuseUnsuccessful" not found (arg 5)
L 11/18/2021 - 21:07:38: [SM] Blaming: retakes-instadefuse.smx
L 11/18/2021 - 21:07:38: [SM] Call stack trace:
L 11/18/2021 - 21:07:38: [SM]   [0] PrintToChat
L 11/18/2021 - 21:07:38: [SM]   [1] Line 143, plugin.sp::AttemptInstantDefuse
L 11/18/2021 - 21:07:38: [SM]   [2] Line 104, plugin.sp::Event_BombBeginDefusePlusFrame
L 11/18/2021 - 21:08:07: [SM] Exception reported: Language phrase "InstaDefuseSuccessful" not found (arg 5)
L 11/18/2021 - 21:08:07: [SM] Blaming: retakes-instadefuse.smx
L 11/18/2021 - 21:08:07: [SM] Call stack trace:
L 11/18/2021 - 21:08:07: [SM]   [0] PrintToChat
L 11/18/2021 - 21:08:07: [SM]   [1] Line 197, plugin.sp::AttemptInstantDefuse
L 11/18/2021 - 21:08:07: [SM]   [2] Line 104, plugin.sp::Event_BombBeginDefusePlusFrame
L 11/18/2021 - 21:08:30: [SM] Exception reported: Language phrase "InstaDefuseSuccessful" not found (arg 5)
L 11/18/2021 - 21:08:30: [SM] Blaming: retakes-instadefuse.smx
L 11/18/2021 - 21:08:30: [SM] Call stack trace:
L 11/18/2021 - 21:08:30: [SM]   [0] PrintToChat
L 11/18/2021 - 21:08:30: [SM]   [1] Line 197, plugin.sp::AttemptInstantDefuse
L 11/18/2021 - 21:08:30: [SM]   [2] Line 104, plugin.sp::Event_BombBeginDefusePlusFrame
L 11/18/2021 - 21:09:17: [SM] Exception reported: Language phrase "InstaDefuseSuccessful" not found (arg 5)
L 11/18/2021 - 21:09:17: [SM] Blaming: retakes-instadefuse.smx
L 11/18/2021 - 21:09:17: [SM] Call stack trace:
L 11/18/2021 - 21:09:17: [SM]   [0] PrintToChat
L 11/18/2021 - 21:09:17: [SM]   [1] Line 197, plugin.sp::AttemptInstantDefuse
L 11/18/2021 - 21:09:17: [SM]   [2] Line 104, plugin.sp::Event_BombBeginDefusePlusFrame
L 11/18/2021 - 21:10:01: [SM] Exception reported: Language phrase "InstaDefuseSuccessful" not found (arg 5)
L 11/18/2021 - 21:10:01: [SM] Blaming: retakes-instadefuse.smx
L 11/18/2021 - 21:10:01: [SM] Call stack trace:
L 11/18/2021 - 21:10:01: [SM]   [0] PrintToChat
L 11/18/2021 - 21:10:01: [SM]   [1] Line 197, plugin.sp::AttemptInstantDefuse
L 11/18/2021 - 21:10:01: [SM]   [2] Line 104, plugin.sp::Event_BombBeginDefusePlusFrame
L 11/18/2021 - 21:10:25: [SM] Exception reported: Language phrase "InstaDefuseSuccessful" not found (arg 5)
L 11/18/2021 - 21:10:25: [SM] Blaming: retakes-instadefuse.smx
L 11/18/2021 - 21:10:25: [SM] Call stack trace:
L 11/18/2021 - 21:10:25: [SM]   [0] PrintToChat
L 11/18/2021 - 21:10:25: [SM]   [1] Line 197, plugin.sp::AttemptInstantDefuse
L 11/18/2021 - 21:10:25: [SM]   [2] Line 104, plugin.sp::Event_BombBeginDefusePlusFrame
L 11/18/2021 - 21:11:31: [SM] Exception reported: Language phrase "InstaDefuseSuccessful" not found (arg 5)
L 11/18/2021 - 21:11:31: [SM] Blaming: retakes-instadefuse.smx
L 11/18/2021 - 21:11:31: [SM] Call stack trace:
L 11/18/2021 - 21:11:31: [SM]   [0] PrintToChat
L 11/18/2021 - 21:11:31: [SM]   [1] Line 197, plugin.sp::AttemptInstantDefuse
L 11/18/2021 - 21:11:31: [SM]   [2] Line 104, plugin.sp::Event_BombBeginDefusePlusFrame
L 11/18/2021 - 21:12:49: [SM] Exception reported: Language phrase "InstaDefuseSuccessful" not found (arg 5)
L 11/18/2021 - 21:12:49: [SM] Blaming: retakes-instadefuse.smx
L 11/18/2021 - 21:12:49: [SM] Call stack trace:
L 11/18/2021 - 21:12:49: [SM]   [0] PrintToChat
L 11/18/2021 - 21:12:49: [SM]   [1] Line 197, plugin.sp::AttemptInstantDefuse
L 11/18/2021 - 21:12:49: [SM]   [2] Line 104, plugin.sp::Event_BombBeginDefusePlusFrame
L 11/18/2021 - 21:13:41: [SM] Exception reported: Language phrase "InstaDefuseSuccessful" not found (arg 5)
L 11/18/2021 - 21:13:41: [SM] Blaming: retakes-instadefuse.smx
L 11/18/2021 - 21:13:41: [SM] Call stack trace:
L 11/18/2021 - 21:13:41: [SM]   [0] PrintToChat
L 11/18/2021 - 21:13:41: [SM]   [1] Line 197, plugin.sp::AttemptInstantDefuse
L 11/18/2021 - 21:13:41: [SM]   [2] Line 104, plugin.sp::Event_BombBeginDefusePlusFrame
L 11/18/2021 - 21:13:48: [SM] Exception reported: Language phrase "InstaDefuseSuccessful" not found (arg 5)
L 11/18/2021 - 21:13:48: [SM] Blaming: retakes-instadefuse.smx
L 11/18/2021 - 21:13:48: [SM] Call stack trace:
L 11/18/2021 - 21:13:48: [SM]   [0] PrintToChat
L 11/18/2021 - 21:13:48: [SM]   [1] Line 197, plugin.sp::AttemptInstantDefuse
L 11/18/2021 - 21:13:48: [SM]   [2] Line 104, plugin.sp::Event_BombBeginDefusePlusFrame
L 11/18/2021 - 21:13:51: [SM] Exception reported: Language phrase "InstaDefuseSuccessful" not found (arg 5)
L 11/18/2021 - 21:13:51: [SM] Blaming: retakes-instadefuse.smx
L 11/18/2021 - 21:13:51: [SM] Call stack trace:
L 11/18/2021 - 21:13:51: [SM]   [0] PrintToChat
L 11/18/2021 - 21:13:51: [SM]   [1] Line 197, plugin.sp::AttemptInstantDefuse
L 11/18/2021 - 21:13:51: [SM]   [2] Line 104, plugin.sp::Event_BombBeginDefusePlusFrame
L 11/18/2021 - 21:14:12: [SM] Exception reported: Language phrase "InstaDefuseSuccessful" not found (arg 5)
L 11/18/2021 - 21:14:12: [SM] Blaming: retakes-instadefuse.smx
L 11/18/2021 - 21:14:12: [SM] Call stack trace:
L 11/18/2021 - 21:14:12: [SM]   [0] PrintToChat
L 11/18/2021 - 21:14:12: [SM]   [1] Line 197, plugin.sp::AttemptInstantDefuse
L 11/18/2021 - 21:14:12: [SM]   [2] Line 104, plugin.sp::Event_BombBeginDefusePlusFrame
L 11/18/2021 - 21:15:19: [SM] Exception reported: Language phrase "InstaDefuseSuccessful" not found (arg 5)
L 11/18/2021 - 21:15:19: [SM] Blaming: retakes-instadefuse.smx
L 11/18/2021 - 21:15:19: [SM] Call stack trace:
L 11/18/2021 - 21:15:19: [SM]   [0] PrintToChat
L 11/18/2021 - 21:15:19: [SM]   [1] Line 197, plugin.sp::AttemptInstantDefuse
L 11/18/2021 - 21:15:19: [SM]   [2] Line 104, plugin.sp::Event_BombBeginDefusePlusFrame
L 11/18/2021 - 21:15:35: [SM] Exception reported: Language phrase "InstaDefuseSuccessful" not found (arg 5)
L 11/18/2021 - 21:15:35: [SM] Blaming: retakes-instadefuse.smx
L 11/18/2021 - 21:15:35: [SM] Call stack trace:
L 11/18/2021 - 21:15:35: [SM]   [0] PrintToChat
L 11/18/2021 - 21:15:35: [SM]   [1] Line 197, plugin.sp::AttemptInstantDefuse
L 11/18/2021 - 21:15:35: [SM]   [2] Line 104, plugin.sp::Event_BombBeginDefusePlusFrame
L 11/18/2021 - 21:18:02: [SM] Exception reported: Language phrase "InstaDefuseSuccessful" not found (arg 5)
L 11/18/2021 - 21:18:02: [SM] Blaming: retakes-instadefuse.smx
L 11/18/2021 - 21:18:02: [SM] Call stack trace:
L 11/18/2021 - 21:18:02: [SM]   [0] PrintToChat
L 11/18/2021 - 21:18:02: [SM]   [1] Line 197, plugin.sp::AttemptInstantDefuse
L 11/18/2021 - 21:18:02: [SM]   [2] Line 104, plugin.sp::Event_BombBeginDefusePlusFrame
L 11/18/2021 - 21:18:56: [SM] Exception reported: Language phrase "InstaDefuseSuccessful" not found (arg 5)
L 11/18/2021 - 21:18:56: [SM] Blaming: retakes-instadefuse.smx
L 11/18/2021 - 21:18:56: [SM] Call stack trace:
L 11/18/2021 - 21:18:56: [SM]   [0] PrintToChat
L 11/18/2021 - 21:18:56: [SM]   [1] Line 197, plugin.sp::AttemptInstantDefuse
L 11/18/2021 - 21:18:56: [SM]   [2] Line 104, plugin.sp::Event_BombBeginDefusePlusFrame
L 11/18/2021 - 21:21:00: [SM] Exception reported: Language phrase "InstaDefuseSuccessful" not found (arg 5)
L 11/18/2021 - 21:21:00: [SM] Blaming: retakes-instadefuse.smx
L 11/18/2021 - 21:21:00: [SM] Call stack trace:
L 11/18/2021 - 21:21:00: [SM]   [0] PrintToChat
L 11/18/2021 - 21:21:00: [SM]   [1] Line 197, plugin.sp::AttemptInstantDefuse
L 11/18/2021 - 21:21:00: [SM]   [2] Line 104, plugin.sp::Event_BombBeginDefusePlusFrame
L 11/18/2021 - 21:21:44: [SM] Exception reported: Language phrase "InstaDefuseSuccessful" not found (arg 5)
L 11/18/2021 - 21:21:44: [SM] Blaming: retakes-instadefuse.smx
L 11/18/2021 - 21:21:44: [SM] Call stack trace:
L 11/18/2021 - 21:21:44: [SM]   [0] PrintToChat
L 11/18/2021 - 21:21:44: [SM]   [1] Line 197, plugin.sp::AttemptInstantDefuse
L 11/18/2021 - 21:21:44: [SM]   [2] Line 104, plugin.sp::Event_BombBeginDefusePlusFrame
L 11/18/2021 - 21:22:07: [SM] Exception reported: Language phrase "InstaDefuseSuccessful" not found (arg 5)
L 11/18/2021 - 21:22:07: [SM] Blaming: retakes-instadefuse.smx
L 11/18/2021 - 21:22:07: [SM] Call stack trace:
L 11/18/2021 - 21:22:07: [SM]   [0] PrintToChat
L 11/18/2021 - 21:22:07: [SM]   [1] Line 197, plugin.sp::AttemptInstantDefuse
L 11/18/2021 - 21:22:07: [SM]   [2] Line 104, plugin.sp::Event_BombBeginDefusePlusFrame
L 11/18/2021 - 21:23:54: [SM] Exception reported: Language phrase "InstaDefuseSuccessful" not found (arg 5)
L 11/18/2021 - 21:23:54: [SM] Blaming: retakes-instadefuse.smx
L 11/18/2021 - 21:23:54: [SM] Call stack trace:
L 11/18/2021 - 21:23:54: [SM]   [0] PrintToChat
L 11/18/2021 - 21:23:54: [SM]   [1] Line 197, plugin.sp::AttemptInstantDefuse
L 11/18/2021 - 21:23:54: [SM]   [2] Line 104, plugin.sp::Event_BombBeginDefusePlusFrame
L 11/18/2021 - 21:25:50: [SM] Exception reported: Language phrase "InstaDefuseSuccessful" not found (arg 5)
L 11/18/2021 - 21:25:50: [SM] Blaming: retakes-instadefuse.smx
L 11/18/2021 - 21:25:50: [SM] Call stack trace:
L 11/18/2021 - 21:25:50: [SM]   [0] PrintToChat
L 11/18/2021 - 21:25:50: [SM]   [1] Line 197, plugin.sp::AttemptInstantDefuse
L 11/18/2021 - 21:25:50: [SM]   [2] Line 104, plugin.sp::Event_BombBeginDefusePlusFrame
L 11/18/2021 - 21:26:17: [SM] Exception reported: Language phrase "InstaDefuseSuccessful" not found (arg 5)
L 11/18/2021 - 21:26:17: [SM] Blaming: retakes-instadefuse.smx
L 11/18/2021 - 21:26:17: [SM] Call stack trace:
L 11/18/2021 - 21:26:17: [SM]   [0] PrintToChat
L 11/18/2021 - 21:26:17: [SM]   [1] Line 197, plugin.sp::AttemptInstantDefuse
L 11/18/2021 - 21:26:17: [SM]   [2] Line 104, plugin.sp::Event_BombBeginDefusePlusFrame
L 11/18/2021 - 21:26:38: [SM] Exception reported: Language phrase "InstaDefuseSuccessful" not found (arg 5)
L 11/18/2021 - 21:26:38: [SM] Blaming: retakes-instadefuse.smx
L 11/18/2021 - 21:26:38: [SM] Call stack trace:
L 11/18/2021 - 21:26:38: [SM]   [0] PrintToChat
L 11/18/2021 - 21:26:38: [SM]   [1] Line 197, plugin.sp::AttemptInstantDefuse
L 11/18/2021 - 21:26:38: [SM]   [2] Line 104, plugin.sp::Event_BombBeginDefusePlusFrame
L 11/18/2021 - 21:27:14: [SM] Exception reported: Language phrase "InstaDefuseUnsuccessful" not found (arg 5)
L 11/18/2021 - 21:27:14: [SM] Blaming: retakes-instadefuse.smx
L 11/18/2021 - 21:27:14: [SM] Call stack trace:
L 11/18/2021 - 21:27:14: [SM]   [0] PrintToChat
L 11/18/2021 - 21:27:14: [SM]   [1] Line 143, plugin.sp::AttemptInstantDefuse
L 11/18/2021 - 21:27:14: [SM]   [2] Line 104, plugin.sp::Event_BombBeginDefusePlusFrame
L 11/18/2021 - 21:27:14: [SM] Exception reported: Language phrase "InstaDefuseUnsuccessful" not found (arg 5)
L 11/18/2021 - 21:27:14: [SM] Blaming: retakes-instadefuse.smx
L 11/18/2021 - 21:27:14: [SM] Call stack trace:
L 11/18/2021 - 21:27:14: [SM]   [0] PrintToChat
L 11/18/2021 - 21:27:14: [SM]   [1] Line 143, plugin.sp::AttemptInstantDefuse
L 11/18/2021 - 21:27:14: [SM]   [2] Line 104, plugin.sp::Event_BombBeginDefusePlusFrame
L 11/18/2021 - 21:27:14: [SM] Exception reported: Language phrase "InstaDefuseUnsuccessful" not found (arg 5)
L 11/18/2021 - 21:27:14: [SM] Blaming: retakes-instadefuse.smx
L 11/18/2021 - 21:27:14: [SM] Call stack trace:
L 11/18/2021 - 21:27:14: [SM]   [0] PrintToChat
L 11/18/2021 - 21:27:14: [SM]   [1] Line 143, plugin.sp::AttemptInstantDefuse
L 11/18/2021 - 21:27:14: [SM]   [2] Line 104, plugin.sp::Event_BombBeginDefusePlusFrame
L 11/18/2021 - 21:27:15: [SM] Exception reported: Language phrase "InstaDefuseUnsuccessful" not found (arg 5)
L 11/18/2021 - 21:27:15: [SM] Blaming: retakes-instadefuse.smx
L 11/18/2021 - 21:27:15: [SM] Call stack trace:
L 11/18/2021 - 21:27:15: [SM]   [0] PrintToChat
L 11/18/2021 - 21:27:15: [SM]   [1] Line 143, plugin.sp::AttemptInstantDefuse
L 11/18/2021 - 21:27:15: [SM]   [2] Line 104, plugin.sp::Event_BombBeginDefusePlusFrame
L 11/18/2021 - 21:27:15: [SM] Exception reported: Language phrase "InstaDefuseUnsuccessful" not found (arg 5)
L 11/18/2021 - 21:27:15: [SM] Blaming: retakes-instadefuse.smx
L 11/18/2021 - 21:27:15: [SM] Call stack trace:
L 11/18/2021 - 21:27:15: [SM]   [0] PrintToChat
L 11/18/2021 - 21:27:15: [SM]   [1] Line 143, plugin.sp::AttemptInstantDefuse
L 11/18/2021 - 21:27:15: [SM]   [2] Line 104, plugin.sp::Event_BombBeginDefusePlusFrame
L 11/18/2021 - 21:27:52: [SM] Exception reported: Language phrase "InstaDefuseSuccessful" not found (arg 5)
L 11/18/2021 - 21:27:52: [SM] Blaming: retakes-instadefuse.smx
L 11/18/2021 - 21:27:52: [SM] Call stack trace:
L 11/18/2021 - 21:27:52: [SM]   [0] PrintToChat
L 11/18/2021 - 21:27:52: [SM]   [1] Line 197, plugin.sp::AttemptInstantDefuse
L 11/18/2021 - 21:27:52: [SM]   [2] Line 104, plugin.sp::Event_BombBeginDefusePlusFrame
L 11/18/2021 - 21:28:47: [SM] Exception reported: Language phrase "InstaDefuseSuccessful" not found (arg 5)
L 11/18/2021 - 21:28:47: [SM] Blaming: retakes-instadefuse.smx
L 11/18/2021 - 21:28:47: [SM] Call stack trace:
L 11/18/2021 - 21:28:47: [SM]   [0] PrintToChat
L 11/18/2021 - 21:28:47: [SM]   [1] Line 197, plugin.sp::AttemptInstantDefuse
L 11/18/2021 - 21:28:47: [SM]   [2] Line 104, plugin.sp::Event_BombBeginDefusePlusFrame
L 11/18/2021 - 21:29:27: [SM] Exception reported: Language phrase "InstaDefuseSuccessful" not found (arg 5)
L 11/18/2021 - 21:29:27: [SM] Blaming: retakes-instadefuse.smx
L 11/18/2021 - 21:29:27: [SM] Call stack trace:
L 11/18/2021 - 21:29:27: [SM]   [0] PrintToChat
L 11/18/2021 - 21:29:28: [SM]   [1] Line 197, plugin.sp::AttemptInstantDefuse
L 11/18/2021 - 21:29:28: [SM]   [2] Line 104, plugin.sp::Event_BombBeginDefusePlusFrame
L 11/18/2021 - 21:29:46: [SM] Exception reported: Language phrase "InstaDefuseSuccessful" not found (arg 5)
L 11/18/2021 - 21:29:46: [SM] Blaming: retakes-instadefuse.smx
L 11/18/2021 - 21:29:46: [SM] Call stack trace:
L 11/18/2021 - 21:29:46: [SM]   [0] PrintToChat
L 11/18/2021 - 21:29:46: [SM]   [1] Line 197, plugin.sp::AttemptInstantDefuse
L 11/18/2021 - 21:29:46: [SM]   [2] Line 104, plugin.sp::Event_BombBeginDefusePlusFrame
L 11/18/2021 - 21:30:06: [SM] Exception reported: Language phrase "InstaDefuseSuccessful" not found (arg 5)
L 11/18/2021 - 21:30:06: [SM] Blaming: retakes-instadefuse.smx
L 11/18/2021 - 21:30:06: [SM] Call stack trace:
L 11/18/2021 - 21:30:06: [SM]   [0] PrintToChat
L 11/18/2021 - 21:30:06: [SM]   [1] Line 197, plugin.sp::AttemptInstantDefuse
L 11/18/2021 - 21:30:06: [SM]   [2] Line 104, plugin.sp::Event_BombBeginDefusePlusFrame
L 11/18/2021 - 21:30:21: [SM] Exception reported: Language phrase "InstaDefuseSuccessful" not found (arg 5)
L 11/18/2021 - 21:30:21: [SM] Blaming: retakes-instadefuse.smx
L 11/18/2021 - 21:30:21: [SM] Call stack trace:
L 11/18/2021 - 21:30:21: [SM]   [0] PrintToChat
L 11/18/2021 - 21:30:21: [SM]   [1] Line 197, plugin.sp::AttemptInstantDefuse
L 11/18/2021 - 21:30:21: [SM]   [2] Line 104, plugin.sp::Event_BombBeginDefusePlusFrame
L 11/18/2021 - 21:30:50: [SM] Exception reported: Language phrase "InstaDefuseSuccessful" not found (arg 5)
L 11/18/2021 - 21:30:50: [SM] Blaming: retakes-instadefuse.smx
L 11/18/2021 - 21:30:50: [SM] Call stack trace:
L 11/18/2021 - 21:30:50: [SM]   [0] PrintToChat
L 11/18/2021 - 21:30:50: [SM]   [1] Line 197, plugin.sp::AttemptInstantDefuse
L 11/18/2021 - 21:30:50: [SM]   [2] Line 104, plugin.sp::Event_BombBeginDefusePlusFrame
L 11/18/2021 - 21:31:25: [SM] Exception reported: Language phrase "InstaDefuseUnsuccessful" not found (arg 5)
L 11/18/2021 - 21:31:25: [SM] Blaming: retakes-instadefuse.smx
L 11/18/2021 - 21:31:25: [SM] Call stack trace:
L 11/18/2021 - 21:31:25: [SM]   [0] PrintToChat
L 11/18/2021 - 21:31:25: [SM]   [1] Line 143, plugin.sp::AttemptInstantDefuse
L 11/18/2021 - 21:31:25: [SM]   [2] Line 104, plugin.sp::Event_BombBeginDefusePlusFrame
L 11/18/2021 - 21:31:25: [SM] Exception reported: Language phrase "InstaDefuseUnsuccessful" not found (arg 5)
L 11/18/2021 - 21:31:25: [SM] Blaming: retakes-instadefuse.smx
L 11/18/2021 - 21:31:25: [SM] Call stack trace:
L 11/18/2021 - 21:31:25: [SM]   [0] PrintToChat
L 11/18/2021 - 21:31:25: [SM]   [1] Line 143, plugin.sp::AttemptInstantDefuse
L 11/18/2021 - 21:31:25: [SM]   [2] Line 104, plugin.sp::Event_BombBeginDefusePlusFrame
L 11/18/2021 - 21:31:42: [SM] Exception reported: Language phrase "InstaDefuseSuccessful" not found (arg 5)
L 11/18/2021 - 21:31:42: [SM] Blaming: retakes-instadefuse.smx
L 11/18/2021 - 21:31:42: [SM] Call stack trace:
L 11/18/2021 - 21:31:42: [SM]   [0] PrintToChat
L 11/18/2021 - 21:31:42: [SM]   [1] Line 197, plugin.sp::AttemptInstantDefuse
L 11/18/2021 - 21:31:42: [SM]   [2] Line 104, plugin.sp::Event_BombBeginDefusePlusFrame
L 11/18/2021 - 21:33:27: [SM] Exception reported: Language phrase "InstaDefuseUnsuccessful" not found (arg 5)
L 11/18/2021 - 21:33:27: [SM] Blaming: retakes-instadefuse.smx
L 11/18/2021 - 21:33:27: [SM] Call stack trace:
L 11/18/2021 - 21:33:27: [SM]   [0] PrintToChat
L 11/18/2021 - 21:33:27: [SM]   [1] Line 143, plugin.sp::AttemptInstantDefuse
L 11/18/2021 - 21:33:27: [SM]   [2] Line 104, plugin.sp::Event_BombBeginDefusePlusFrame
L 11/18/2021 - 21:33:27: [SM] Exception reported: Language phrase "InstaDefuseUnsuccessful" not found (arg 5)
L 11/18/2021 - 21:33:27: [SM] Blaming: retakes-instadefuse.smx
L 11/18/2021 - 21:33:27: [SM] Call stack trace:
L 11/18/2021 - 21:33:27: [SM]   [0] PrintToChat
L 11/18/2021 - 21:33:27: [SM]   [1] Line 143, plugin.sp::AttemptInstantDefuse
L 11/18/2021 - 21:33:27: [SM]   [2] Line 104, plugin.sp::Event_BombBeginDefusePlusFrame
L 11/18/2021 - 21:33:27: [SM] Exception reported: Language phrase "InstaDefuseUnsuccessful" not found (arg 5)
L 11/18/2021 - 21:33:27: [SM] Blaming: retakes-instadefuse.smx
L 11/18/2021 - 21:33:27: [SM] Call stack trace:
L 11/18/2021 - 21:33:27: [SM]   [0] PrintToChat
L 11/18/2021 - 21:33:27: [SM]   [1] Line 143, plugin.sp::AttemptInstantDefuse
L 11/18/2021 - 21:33:27: [SM]   [2] Line 104, plugin.sp::Event_BombBeginDefusePlusFrame
L 11/18/2021 - 21:33:28: [SM] Exception reported: Language phrase "InstaDefuseUnsuccessful" not found (arg 5)
L 11/18/2021 - 21:33:28: [SM] Blaming: retakes-instadefuse.smx
L 11/18/2021 - 21:33:28: [SM] Call stack trace:
L 11/18/2021 - 21:33:28: [SM]   [0] PrintToChat
L 11/18/2021 - 21:33:28: [SM]   [1] Line 143, plugin.sp::AttemptInstantDefuse
L 11/18/2021 - 21:33:28: [SM]   [2] Line 104, plugin.sp::Event_BombBeginDefusePlusFrame
L 11/18/2021 - 21:33:28: [SM] Exception reported: Language phrase "InstaDefuseUnsuccessful" not found (arg 5)
L 11/18/2021 - 21:33:28: [SM] Blaming: retakes-instadefuse.smx
L 11/18/2021 - 21:33:28: [SM] Call stack trace:
L 11/18/2021 - 21:33:28: [SM]   [0] PrintToChat
L 11/18/2021 - 21:33:28: [SM]   [1] Line 143, plugin.sp::AttemptInstantDefuse
L 11/18/2021 - 21:33:28: [SM]   [2] Line 104, plugin.sp::Event_BombBeginDefusePlusFrame
L 11/18/2021 - 21:33:28: [SM] Exception reported: Language phrase "InstaDefuseUnsuccessful" not found (arg 5)
L 11/18/2021 - 21:33:28: [SM] Blaming: retakes-instadefuse.smx
L 11/18/2021 - 21:33:28: [SM] Call stack trace:
L 11/18/2021 - 21:33:28: [SM]   [0] PrintToChat
L 11/18/2021 - 21:33:28: [SM]   [1] Line 143, plugin.sp::AttemptInstantDefuse
L 11/18/2021 - 21:33:28: [SM]   [2] Line 104, plugin.sp::Event_BombBeginDefusePlusFrame
L 11/18/2021 - 21:37:38: [SM] Exception reported: Language phrase "InstaDefuseSuccessful" not found (arg 5)
L 11/18/2021 - 21:37:38: [SM] Blaming: retakes-instadefuse.smx
L 11/18/2021 - 21:37:38: [SM] Call stack trace:
L 11/18/2021 - 21:37:38: [SM]   [0] PrintToChat
L 11/18/2021 - 21:37:38: [SM]   [1] Line 197, plugin.sp::AttemptInstantDefuse
L 11/18/2021 - 21:37:38: [SM]   [2] Line 104, plugin.sp::Event_BombBeginDefusePlusFrame
L 11/18/2021 - 21:38:00: [SM] Exception reported: Language phrase "InstaDefuseSuccessful" not found (arg 5)
L 11/18/2021 - 21:38:00: [SM] Blaming: retakes-instadefuse.smx
L 11/18/2021 - 21:38:00: [SM] Call stack trace:
L 11/18/2021 - 21:38:00: [SM]   [0] PrintToChat
L 11/18/2021 - 21:38:00: [SM]   [1] Line 197, plugin.sp::AttemptInstantDefuse
L 11/18/2021 - 21:38:00: [SM]   [2] Line 104, plugin.sp::Event_BombBeginDefusePlusFrame
L 11/18/2021 - 21:38:26: [SM] Exception reported: Language phrase "InstaDefuseSuccessful" not found (arg 5)
L 11/18/2021 - 21:38:26: [SM] Blaming: retakes-instadefuse.smx
L 11/18/2021 - 21:38:26: [SM] Call stack trace:
L 11/18/2021 - 21:38:26: [SM]   [0] PrintToChat
L 11/18/2021 - 21:38:26: [SM]   [1] Line 197, plugin.sp::AttemptInstantDefuse
L 11/18/2021 - 21:38:26: [SM]   [2] Line 104, plugin.sp::Event_BombBeginDefusePlusFrame
L 11/18/2021 - 21:38:48: [SM] Exception reported: Language phrase "InstaDefuseSuccessful" not found (arg 5)
L 11/18/2021 - 21:38:48: [SM] Blaming: retakes-instadefuse.smx
L 11/18/2021 - 21:38:48: [SM] Call stack trace:
L 11/18/2021 - 21:38:48: [SM]   [0] PrintToChat
L 11/18/2021 - 21:38:48: [SM]   [1] Line 197, plugin.sp::AttemptInstantDefuse
L 11/18/2021 - 21:38:48: [SM]   [2] Line 104, plugin.sp::Event_BombBeginDefusePlusFrame
L 11/18/2021 - 21:38:48: [SM] Exception reported: Language phrase "InstaDefuseSuccessful" not found (arg 5)
L 11/18/2021 - 21:38:48: [SM] Blaming: retakes-instadefuse.smx
L 11/18/2021 - 21:38:48: [SM] Call stack trace:
L 11/18/2021 - 21:38:48: [SM]   [0] PrintToChat
L 11/18/2021 - 21:38:48: [SM]   [1] Line 197, plugin.sp::AttemptInstantDefuse
L 11/18/2021 - 21:38:48: [SM]   [2] Line 104, plugin.sp::Event_BombBeginDefusePlusFrame
L 11/18/2021 - 21:38:51: [SM] Exception reported: Language phrase "InstaDefuseSuccessful" not found (arg 5)
L 11/18/2021 - 21:38:51: [SM] Blaming: retakes-instadefuse.smx
L 11/18/2021 - 21:38:51: [SM] Call stack trace:
L 11/18/2021 - 21:38:51: [SM]   [0] PrintToChat
L 11/18/2021 - 21:38:51: [SM]   [1] Line 197, plugin.sp::AttemptInstantDefuse
L 11/18/2021 - 21:38:51: [SM]   [2] Line 104, plugin.sp::Event_BombBeginDefusePlusFrame
L 11/18/2021 - 21:39:54: [SM] Exception reported: Language phrase "InstaDefuseSuccessful" not found (arg 5)
L 11/18/2021 - 21:39:54: [SM] Blaming: retakes-instadefuse.smx
L 11/18/2021 - 21:39:54: [SM] Call stack trace:
L 11/18/2021 - 21:39:54: [SM]   [0] PrintToChat
L 11/18/2021 - 21:39:54: [SM]   [1] Line 197, plugin.sp::AttemptInstantDefuse
L 11/18/2021 - 21:39:54: [SM]   [2] Line 104, plugin.sp::Event_BombBeginDefusePlusFrame
L 11/18/2021 - 21:40:16: [SM] Exception reported: Language phrase "InstaDefuseSuccessful" not found (arg 5)
L 11/18/2021 - 21:40:16: [SM] Blaming: retakes-instadefuse.smx
L 11/18/2021 - 21:40:16: [SM] Call stack trace:
L 11/18/2021 - 21:40:16: [SM]   [0] PrintToChat
L 11/18/2021 - 21:40:16: [SM]   [1] Line 197, plugin.sp::AttemptInstantDefuse
L 11/18/2021 - 21:40:16: [SM]   [2] Line 104, plugin.sp::Event_BombBeginDefusePlusFrame
L 11/18/2021 - 21:40:49: [SM] Exception reported: Language phrase "InstaDefuseSuccessful" not found (arg 5)
L 11/18/2021 - 21:40:49: [SM] Blaming: retakes-instadefuse.smx
L 11/18/2021 - 21:40:49: [SM] Call stack trace:
L 11/18/2021 - 21:40:49: [SM]   [0] PrintToChat
L 11/18/2021 - 21:40:49: [SM]   [1] Line 197, plugin.sp::AttemptInstantDefuse
L 11/18/2021 - 21:40:49: [SM]   [2] Line 104, plugin.sp::Event_BombBeginDefusePlusFrame
L 11/18/2021 - 21:41:09: [SM] Exception reported: Language phrase "InstaDefuseSuccessful" not found (arg 5)
L 11/18/2021 - 21:41:09: [SM] Blaming: retakes-instadefuse.smx
L 11/18/2021 - 21:41:09: [SM] Call stack trace:
L 11/18/2021 - 21:41:09: [SM]   [0] PrintToChat
L 11/18/2021 - 21:41:09: [SM]   [1] Line 197, plugin.sp::AttemptInstantDefuse
L 11/18/2021 - 21:41:09: [SM]   [2] Line 104, plugin.sp::Event_BombBeginDefusePlusFrame
L 11/18/2021 - 21:41:48: [SM] Exception reported: Language phrase "InstaDefuseSuccessful" not found (arg 5)
L 11/18/2021 - 21:41:48: [SM] Blaming: retakes-instadefuse.smx
L 11/18/2021 - 21:41:48: [SM] Call stack trace:
L 11/18/2021 - 21:41:48: [SM]   [0] PrintToChat
L 11/18/2021 - 21:41:48: [SM]   [1] Line 197, plugin.sp::AttemptInstantDefuse
L 11/18/2021 - 21:41:48: [SM]   [2] Line 104, plugin.sp::Event_BombBeginDefusePlusFrame
L 11/18/2021 - 21:42:10: [SM] Exception reported: Language phrase "InstaDefuseSuccessful" not found (arg 5)
L 11/18/2021 - 21:42:10: [SM] Blaming: retakes-instadefuse.smx
L 11/18/2021 - 21:42:10: [SM] Call stack trace:
L 11/18/2021 - 21:42:10: [SM]   [0] PrintToChat
L 11/18/2021 - 21:42:10: [SM]   [1] Line 197, plugin.sp::AttemptInstantDefuse
L 11/18/2021 - 21:42:10: [SM]   [2] Line 104, plugin.sp::Event_BombBeginDefusePlusFrame
L 11/18/2021 - 21:42:25: [SM] Exception reported: Language phrase "InstaDefuseSuccessful" not found (arg 5)
L 11/18/2021 - 21:42:25: [SM] Blaming: retakes-instadefuse.smx
L 11/18/2021 - 21:42:25: [SM] Call stack trace:
L 11/18/2021 - 21:42:25: [SM]   [0] PrintToChat
L 11/18/2021 - 21:42:25: [SM]   [1] Line 197, plugin.sp::AttemptInstantDefuse
L 11/18/2021 - 21:42:25: [SM]   [2] Line 104, plugin.sp::Event_BombBeginDefusePlusFrame
L 11/18/2021 - 21:42:58: [SM] Exception reported: Language phrase "InstaDefuseSuccessful" not found (arg 5)
L 11/18/2021 - 21:42:58: [SM] Blaming: retakes-instadefuse.smx
L 11/18/2021 - 21:42:58: [SM] Call stack trace:
L 11/18/2021 - 21:42:58: [SM]   [0] PrintToChat
L 11/18/2021 - 21:42:58: [SM]   [1] Line 197, plugin.sp::AttemptInstantDefuse
L 11/18/2021 - 21:42:58: [SM]   [2] Line 104, plugin.sp::Event_BombBeginDefusePlusFrame
L 11/18/2021 - 21:43:12: [SM] Exception reported: Language phrase "InstaDefuseSuccessful" not found (arg 5)
L 11/18/2021 - 21:43:12: [SM] Blaming: retakes-instadefuse.smx
L 11/18/2021 - 21:43:12: [SM] Call stack trace:
L 11/18/2021 - 21:43:12: [SM]   [0] PrintToChat
L 11/18/2021 - 21:43:12: [SM]   [1] Line 197, plugin.sp::AttemptInstantDefuse
L 11/18/2021 - 21:43:12: [SM]   [2] Line 104, plugin.sp::Event_BombBeginDefusePlusFrame
L 11/18/2021 - 21:43:32: [SM] Exception reported: Language phrase "InstaDefuseSuccessful" not found (arg 5)
L 11/18/2021 - 21:43:32: [SM] Blaming: retakes-instadefuse.smx
L 11/18/2021 - 21:43:32: [SM] Call stack trace:
L 11/18/2021 - 21:43:32: [SM]   [0] PrintToChat
L 11/18/2021 - 21:43:32: [SM]   [1] Line 197, plugin.sp::AttemptInstantDefuse
L 11/18/2021 - 21:43:32: [SM]   [2] Line 104, plugin.sp::Event_BombBeginDefusePlusFrame
L 11/18/2021 - 21:43:50: [SM] Exception reported: Language phrase "InstaDefuseSuccessful" not found (arg 5)
L 11/18/2021 - 21:43:50: [SM] Blaming: retakes-instadefuse.smx
L 11/18/2021 - 21:43:50: [SM] Call stack trace:
L 11/18/2021 - 21:43:50: [SM]   [0] PrintToChat
L 11/18/2021 - 21:43:50: [SM]   [1] Line 197, plugin.sp::AttemptInstantDefuse
L 11/18/2021 - 21:43:50: [SM]   [2] Line 104, plugin.sp::Event_BombBeginDefusePlusFrame
L 11/18/2021 - 21:44:27: [SM] Exception reported: Language phrase "InstaDefuseSuccessful" not found (arg 5)
L 11/18/2021 - 21:44:27: [SM] Blaming: retakes-instadefuse.smx
L 11/18/2021 - 21:44:27: [SM] Call stack trace:
L 11/18/2021 - 21:44:27: [SM]   [0] PrintToChat
L 11/18/2021 - 21:44:27: [SM]   [1] Line 197, plugin.sp::AttemptInstantDefuse
L 11/18/2021 - 21:44:27: [SM]   [2] Line 104, plugin.sp::Event_BombBeginDefusePlusFrame
L 11/18/2021 - 21:45:40: [SM] Exception reported: Language phrase "InstaDefuseSuccessful" not found (arg 5)
L 11/18/2021 - 21:45:40: [SM] Blaming: retakes-instadefuse.smx
L 11/18/2021 - 21:45:40: [SM] Call stack trace:
L 11/18/2021 - 21:45:40: [SM]   [0] PrintToChat
L 11/18/2021 - 21:45:40: [SM]   [1] Line 197, plugin.sp::AttemptInstantDefuse
L 11/18/2021 - 21:45:40: [SM]   [2] Line 104, plugin.sp::Event_BombBeginDefusePlusFrame
L 11/18/2021 - 21:46:07: [SM] Exception reported: Language phrase "InstaDefuseSuccessful" not found (arg 5)
L 11/18/2021 - 21:46:07: [SM] Blaming: retakes-instadefuse.smx
L 11/18/2021 - 21:46:07: [SM] Call stack trace:
L 11/18/2021 - 21:46:07: [SM]   [0] PrintToChat
L 11/18/2021 - 21:46:07: [SM]   [1] Line 197, plugin.sp::AttemptInstantDefuse
L 11/18/2021 - 21:46:07: [SM]   [2] Line 104, plugin.sp::Event_BombBeginDefusePlusFrame
L 11/18/2021 - 21:46:26: [SM] Exception reported: Language phrase "InstaDefuseSuccessful" not found (arg 5)
L 11/18/2021 - 21:46:26: [SM] Blaming: retakes-instadefuse.smx
L 11/18/2021 - 21:46:26: [SM] Call stack trace:
L 11/18/2021 - 21:46:26: [SM]   [0] PrintToChat
L 11/18/2021 - 21:46:26: [SM]   [1] Line 197, plugin.sp::AttemptInstantDefuse
L 11/18/2021 - 21:46:26: [SM]   [2] Line 104, plugin.sp::Event_BombBeginDefusePlusFrame
L 11/18/2021 - 21:46:48: [SM] Exception reported: Language phrase "InstaDefuseSuccessful" not found (arg 5)
L 11/18/2021 - 21:46:48: [SM] Blaming: retakes-instadefuse.smx
L 11/18/2021 - 21:46:48: [SM] Call stack trace:
L 11/18/2021 - 21:46:48: [SM]   [0] PrintToChat
L 11/18/2021 - 21:46:48: [SM]   [1] Line 197, plugin.sp::AttemptInstantDefuse
L 11/18/2021 - 21:46:48: [SM]   [2] Line 104, plugin.sp::Event_BombBeginDefusePlusFrame
L 11/18/2021 - 21:49:19: [SM] Exception reported: Language phrase "InstaDefuseSuccessful" not found (arg 5)
L 11/18/2021 - 21:49:19: [SM] Blaming: retakes-instadefuse.smx
L 11/18/2021 - 21:49:19: [SM] Call stack trace:
L 11/18/2021 - 21:49:19: [SM]   [0] PrintToChat
L 11/18/2021 - 21:49:19: [SM]   [1] Line 197, plugin.sp::AttemptInstantDefuse
L 11/18/2021 - 21:49:19: [SM]   [2] Line 104, plugin.sp::Event_BombBeginDefusePlusFrame
L 11/18/2021 - 21:49:39: [SM] Exception reported: Language phrase "InstaDefuseSuccessful" not found (arg 5)
L 11/18/2021 - 21:49:39: [SM] Blaming: retakes-instadefuse.smx
L 11/18/2021 - 21:49:39: [SM] Call stack trace:
L 11/18/2021 - 21:49:39: [SM]   [0] PrintToChat
L 11/18/2021 - 21:49:39: [SM]   [1] Line 197, plugin.sp::AttemptInstantDefuse
L 11/18/2021 - 21:49:39: [SM]   [2] Line 104, plugin.sp::Event_BombBeginDefusePlusFrame
L 11/18/2021 - 21:50:01: [SM] Exception reported: Language phrase "InstaDefuseSuccessful" not found (arg 5)
L 11/18/2021 - 21:50:01: [SM] Blaming: retakes-instadefuse.smx
L 11/18/2021 - 21:50:01: [SM] Call stack trace:
L 11/18/2021 - 21:50:01: [SM]   [0] PrintToChat
L 11/18/2021 - 21:50:01: [SM]   [1] Line 197, plugin.sp::AttemptInstantDefuse
L 11/18/2021 - 21:50:01: [SM]   [2] Line 104, plugin.sp::Event_BombBeginDefusePlusFrame
L 11/18/2021 - 21:50:16: [SM] Exception reported: Language phrase "InstaDefuseSuccessful" not found (arg 5)
L 11/18/2021 - 21:50:16: [SM] Blaming: retakes-instadefuse.smx
L 11/18/2021 - 21:50:16: [SM] Call stack trace:
L 11/18/2021 - 21:50:16: [SM]   [0] PrintToChat
L 11/18/2021 - 21:50:16: [SM]   [1] Line 197, plugin.sp::AttemptInstantDefuse
L 11/18/2021 - 21:50:16: [SM]   [2] Line 104, plugin.sp::Event_BombBeginDefusePlusFrame
L 11/18/2021 - 21:51:13: [SM] Exception reported: Language phrase "InstaDefuseSuccessful" not found (arg 5)
L 11/18/2021 - 21:51:13: [SM] Blaming: retakes-instadefuse.smx
L 11/18/2021 - 21:51:13: [SM] Call stack trace:
L 11/18/2021 - 21:51:13: [SM]   [0] PrintToChat
L 11/18/2021 - 21:51:13: [SM]   [1] Line 197, plugin.sp::AttemptInstantDefuse
L 11/18/2021 - 21:51:13: [SM]   [2] Line 104, plugin.sp::Event_BombBeginDefusePlusFrame
