L 10/08/2021 - 00:06:01: SourceMod error session started
L 10/08/2021 - 00:06:01: Info (map "de_dust2") (file "E:\retake\csgoserver\csgo\addons\sourcemod\logs\errors_20211008.log")
L 10/08/2021 - 00:06:01: [SM] Unable to load extension "PhysHooks.ext": Could not find patch signature for symbol: Physics_RunThinkFunctions
L 10/08/2021 - 00:06:02: [SM] Exception reported: Failed to create SDKCall for CCSBot::IsAtHidingSpot signature!
L 10/08/2021 - 00:06:02: [SM] Blaming: bot_improver.smx
L 10/08/2021 - 00:06:02: [SM] Call stack trace:
L 10/08/2021 - 00:06:02: [SM]   [0] SetFailState
L 10/08/2021 - 00:06:02: [SM]   [1] Line 116, plugin.sp::OnPluginStart
L 10/08/2021 - 00:06:02: [SM] Unable to load plugin "bot_improver.smx": Error detected in plugin startup (see error logs)
L 10/08/2021 - 00:06:02: [SM] Unable to load plugin "bot_inventory.smx": Native "eItems_AreItemsSynced" was not found
L 10/08/2021 - 00:06:02: [SM] Unable to load plugin "bot_stuff.smx": Could not find required plugin "navmesh"
L 10/08/2021 - 00:06:02: [SM] Unable to load plugin "LagCompensation.smx": Required extension "PhysHooks" file("PhysHooks.ext") not running
L 10/08/2021 - 00:06:02: [SM] Fatal error encountered parsing translation file "ranks_matchmaking.phrases.txt"
L 10/08/2021 - 00:06:02: [SM] Error (line 0, column 0): Stream failed to open
L 10/08/2021 - 00:06:02: [SM] Fatal error encountered parsing translation file "instadefuse.phrases.txt"
L 10/08/2021 - 00:06:02: [SM] Error (line 0, column 0): Stream failed to open
L 10/08/2021 - 00:06:19: [SM] Exception reported: Language phrase "Unranked" not found (arg 5)
L 10/08/2021 - 00:06:19: [SM] Blaming: ranks_matchmaking.smx
L 10/08/2021 - 00:06:19: [SM] Call stack trace:
L 10/08/2021 - 00:06:19: [SM]   [0] FormatEx
L 10/08/2021 - 00:06:19: [SM]   [1] Line 174, ranks_matchmaking.sp::GetRanksNames
L 10/08/2021 - 00:06:19: [SM]   [2] Line 169, ranks_matchmaking.sp::OnMapStart
L 10/08/2021 - 00:06:25: Error log file session closed.
L 10/08/2021 - 00:06:25: SourceMod error session started
L 10/08/2021 - 00:06:25: Info (map "de_dust2") (file "E:\retake\csgoserver\csgo\addons\sourcemod\logs\errors_20211008.log")
L 10/08/2021 - 00:06:25: [SM] Fatal error encountered parsing translation file "ranks_matchmaking.phrases.txt"
L 10/08/2021 - 00:06:25: [SM] Error (line 0, column 0): Stream failed to open
L 10/08/2021 - 00:06:26: [SM] Fatal error encountered parsing translation file "instadefuse.phrases.txt"
L 10/08/2021 - 00:06:26: [SM] Error (line 0, column 0): Stream failed to open
L 10/08/2021 - 00:06:26: [SM] Exception reported: Language phrase "Unranked" not found (arg 5)
L 10/08/2021 - 00:06:26: [SM] Blaming: ranks_matchmaking.smx
L 10/08/2021 - 00:06:26: [SM] Call stack trace:
L 10/08/2021 - 00:06:26: [SM]   [0] FormatEx
L 10/08/2021 - 00:06:26: [SM]   [1] Line 174, ranks_matchmaking.sp::GetRanksNames
L 10/08/2021 - 00:06:26: [SM]   [2] Line 169, ranks_matchmaking.sp::OnMapStart
L 10/08/2021 - 00:07:01: Error log file session closed.
L 10/08/2021 - 00:07:01: SourceMod error session started
L 10/08/2021 - 00:07:01: Info (map "de_mirage") (file "E:\retake\csgoserver\csgo\addons\sourcemod\logs\errors_20211008.log")
L 10/08/2021 - 00:07:01: [SM] Fatal error encountered parsing translation file "ranks_matchmaking.phrases.txt"
L 10/08/2021 - 00:07:01: [SM] Error (line 0, column 0): Stream failed to open
L 10/08/2021 - 00:07:01: [SM] Fatal error encountered parsing translation file "instadefuse.phrases.txt"
L 10/08/2021 - 00:07:01: [SM] Error (line 0, column 0): Stream failed to open
L 10/08/2021 - 00:07:04: [SM] Exception reported: Language phrase "Unranked" not found (arg 5)
L 10/08/2021 - 00:07:04: [SM] Blaming: ranks_matchmaking.smx
L 10/08/2021 - 00:07:04: [SM] Call stack trace:
L 10/08/2021 - 00:07:04: [SM]   [0] FormatEx
L 10/08/2021 - 00:07:04: [SM]   [1] Line 174, ranks_matchmaking.sp::GetRanksNames
L 10/08/2021 - 00:07:04: [SM]   [2] Line 169, ranks_matchmaking.sp::OnMapStart
L 10/08/2021 - 00:08:03: [SM] Exception reported: Language phrase "InstaDefuseSuccessful" not found (arg 5)
L 10/08/2021 - 00:08:03: [SM] Blaming: retakes-instadefuse.smx
L 10/08/2021 - 00:08:03: [SM] Call stack trace:
L 10/08/2021 - 00:08:03: [SM]   [0] PrintToChat
L 10/08/2021 - 00:08:03: [SM]   [1] Line 197, plugin.sp::AttemptInstantDefuse
L 10/08/2021 - 00:08:03: [SM]   [2] Line 104, plugin.sp::Event_BombBeginDefusePlusFrame
L 10/08/2021 - 00:08:44: [SM] Exception reported: Language phrase "InstaDefuseSuccessful" not found (arg 5)
L 10/08/2021 - 00:08:44: [SM] Blaming: retakes-instadefuse.smx
L 10/08/2021 - 00:08:44: [SM] Call stack trace:
L 10/08/2021 - 00:08:44: [SM]   [0] PrintToChat
L 10/08/2021 - 00:08:44: [SM]   [1] Line 197, plugin.sp::AttemptInstantDefuse
L 10/08/2021 - 00:08:44: [SM]   [2] Line 104, plugin.sp::Event_BombBeginDefusePlusFrame
L 10/08/2021 - 00:09:07: [SM] Exception reported: Language phrase "InstaDefuseSuccessful" not found (arg 5)
L 10/08/2021 - 00:09:07: [SM] Blaming: retakes-instadefuse.smx
L 10/08/2021 - 00:09:07: [SM] Call stack trace:
L 10/08/2021 - 00:09:07: [SM]   [0] PrintToChat
L 10/08/2021 - 00:09:07: [SM]   [1] Line 197, plugin.sp::AttemptInstantDefuse
L 10/08/2021 - 00:09:07: [SM]   [2] Line 104, plugin.sp::Event_BombBeginDefusePlusFrame
L 10/08/2021 - 00:09:22: [SM] Exception reported: Language phrase "InstaDefuseSuccessful" not found (arg 5)
L 10/08/2021 - 00:09:22: [SM] Blaming: retakes-instadefuse.smx
L 10/08/2021 - 00:09:22: [SM] Call stack trace:
L 10/08/2021 - 00:09:22: [SM]   [0] PrintToChat
L 10/08/2021 - 00:09:22: [SM]   [1] Line 197, plugin.sp::AttemptInstantDefuse
L 10/08/2021 - 00:09:22: [SM]   [2] Line 104, plugin.sp::Event_BombBeginDefusePlusFrame
L 10/08/2021 - 00:09:58: [SM] Exception reported: Language phrase "InstaDefuseSuccessful" not found (arg 5)
L 10/08/2021 - 00:09:58: [SM] Blaming: retakes-instadefuse.smx
L 10/08/2021 - 00:09:58: [SM] Call stack trace:
L 10/08/2021 - 00:09:58: [SM]   [0] PrintToChat
L 10/08/2021 - 00:09:58: [SM]   [1] Line 197, plugin.sp::AttemptInstantDefuse
L 10/08/2021 - 00:09:58: [SM]   [2] Line 104, plugin.sp::Event_BombBeginDefusePlusFrame
L 10/08/2021 - 00:10:17: [SM] Exception reported: Language phrase "InstaDefuseSuccessful" not found (arg 5)
L 10/08/2021 - 00:10:17: [SM] Blaming: retakes-instadefuse.smx
L 10/08/2021 - 00:10:17: [SM] Call stack trace:
L 10/08/2021 - 00:10:17: [SM]   [0] PrintToChat
L 10/08/2021 - 00:10:17: [SM]   [1] Line 197, plugin.sp::AttemptInstantDefuse
L 10/08/2021 - 00:10:17: [SM]   [2] Line 104, plugin.sp::Event_BombBeginDefusePlusFrame
L 10/08/2021 - 00:10:32: [SM] Exception reported: Language phrase "InstaDefuseSuccessful" not found (arg 5)
L 10/08/2021 - 00:10:32: [SM] Blaming: retakes-instadefuse.smx
L 10/08/2021 - 00:10:32: [SM] Call stack trace:
L 10/08/2021 - 00:10:32: [SM]   [0] PrintToChat
L 10/08/2021 - 00:10:32: [SM]   [1] Line 197, plugin.sp::AttemptInstantDefuse
L 10/08/2021 - 00:10:32: [SM]   [2] Line 104, plugin.sp::Event_BombBeginDefusePlusFrame
L 10/08/2021 - 00:10:56: [SM] Exception reported: Language phrase "InstaDefuseSuccessful" not found (arg 5)
L 10/08/2021 - 00:10:56: [SM] Blaming: retakes-instadefuse.smx
L 10/08/2021 - 00:10:56: [SM] Call stack trace:
L 10/08/2021 - 00:10:56: [SM]   [0] PrintToChat
L 10/08/2021 - 00:10:56: [SM]   [1] Line 197, plugin.sp::AttemptInstantDefuse
L 10/08/2021 - 00:10:56: [SM]   [2] Line 104, plugin.sp::Event_BombBeginDefusePlusFrame
L 10/08/2021 - 00:11:26: [SM] Exception reported: Language phrase "InstaDefuseSuccessful" not found (arg 5)
L 10/08/2021 - 00:11:26: [SM] Blaming: retakes-instadefuse.smx
L 10/08/2021 - 00:11:26: [SM] Call stack trace:
L 10/08/2021 - 00:11:26: [SM]   [0] PrintToChat
L 10/08/2021 - 00:11:26: [SM]   [1] Line 197, plugin.sp::AttemptInstantDefuse
L 10/08/2021 - 00:11:26: [SM]   [2] Line 104, plugin.sp::Event_BombBeginDefusePlusFrame
L 10/08/2021 - 00:12:16: [SM] Exception reported: Language phrase "InstaDefuseSuccessful" not found (arg 5)
L 10/08/2021 - 00:12:16: [SM] Blaming: retakes-instadefuse.smx
L 10/08/2021 - 00:12:16: [SM] Call stack trace:
L 10/08/2021 - 00:12:16: [SM]   [0] PrintToChat
L 10/08/2021 - 00:12:16: [SM]   [1] Line 197, plugin.sp::AttemptInstantDefuse
L 10/08/2021 - 00:12:16: [SM]   [2] Line 104, plugin.sp::Event_BombBeginDefusePlusFrame
L 10/08/2021 - 00:12:33: [SM] Exception reported: Language phrase "InstaDefuseSuccessful" not found (arg 5)
L 10/08/2021 - 00:12:33: [SM] Blaming: retakes-instadefuse.smx
L 10/08/2021 - 00:12:33: [SM] Call stack trace:
L 10/08/2021 - 00:12:33: [SM]   [0] PrintToChat
L 10/08/2021 - 00:12:33: [SM]   [1] Line 197, plugin.sp::AttemptInstantDefuse
L 10/08/2021 - 00:12:33: [SM]   [2] Line 104, plugin.sp::Event_BombBeginDefusePlusFrame
L 10/08/2021 - 00:12:51: [SM] Exception reported: Language phrase "InstaDefuseSuccessful" not found (arg 5)
L 10/08/2021 - 00:12:51: [SM] Blaming: retakes-instadefuse.smx
L 10/08/2021 - 00:12:51: [SM] Call stack trace:
L 10/08/2021 - 00:12:51: [SM]   [0] PrintToChat
L 10/08/2021 - 00:12:51: [SM]   [1] Line 197, plugin.sp::AttemptInstantDefuse
L 10/08/2021 - 00:12:51: [SM]   [2] Line 104, plugin.sp::Event_BombBeginDefusePlusFrame
L 10/08/2021 - 00:13:19: [SM] Exception reported: Language phrase "InstaDefuseSuccessful" not found (arg 5)
L 10/08/2021 - 00:13:19: [SM] Blaming: retakes-instadefuse.smx
L 10/08/2021 - 00:13:19: [SM] Call stack trace:
L 10/08/2021 - 00:13:19: [SM]   [0] PrintToChat
L 10/08/2021 - 00:13:19: [SM]   [1] Line 197, plugin.sp::AttemptInstantDefuse
L 10/08/2021 - 00:13:19: [SM]   [2] Line 104, plugin.sp::Event_BombBeginDefusePlusFrame
L 10/08/2021 - 00:13:37: [SM] Exception reported: Language phrase "InstaDefuseSuccessful" not found (arg 5)
L 10/08/2021 - 00:13:37: [SM] Blaming: retakes-instadefuse.smx
L 10/08/2021 - 00:13:37: [SM] Call stack trace:
L 10/08/2021 - 00:13:37: [SM]   [0] PrintToChat
L 10/08/2021 - 00:13:37: [SM]   [1] Line 197, plugin.sp::AttemptInstantDefuse
L 10/08/2021 - 00:13:37: [SM]   [2] Line 104, plugin.sp::Event_BombBeginDefusePlusFrame
L 10/08/2021 - 00:14:10: [SM] Exception reported: Language phrase "InstaDefuseSuccessful" not found (arg 5)
L 10/08/2021 - 00:14:10: [SM] Blaming: retakes-instadefuse.smx
L 10/08/2021 - 00:14:10: [SM] Call stack trace:
L 10/08/2021 - 00:14:10: [SM]   [0] PrintToChat
L 10/08/2021 - 00:14:10: [SM]   [1] Line 197, plugin.sp::AttemptInstantDefuse
L 10/08/2021 - 00:14:10: [SM]   [2] Line 104, plugin.sp::Event_BombBeginDefusePlusFrame
L 10/08/2021 - 00:14:46: [SM] Exception reported: Language phrase "InstaDefuseSuccessful" not found (arg 5)
L 10/08/2021 - 00:14:46: [SM] Blaming: retakes-instadefuse.smx
L 10/08/2021 - 00:14:46: [SM] Call stack trace:
L 10/08/2021 - 00:14:46: [SM]   [0] PrintToChat
L 10/08/2021 - 00:14:46: [SM]   [1] Line 197, plugin.sp::AttemptInstantDefuse
L 10/08/2021 - 00:14:46: [SM]   [2] Line 104, plugin.sp::Event_BombBeginDefusePlusFrame
L 10/08/2021 - 00:15:05: [SM] Exception reported: Language phrase "InstaDefuseSuccessful" not found (arg 5)
L 10/08/2021 - 00:15:05: [SM] Blaming: retakes-instadefuse.smx
L 10/08/2021 - 00:15:05: [SM] Call stack trace:
L 10/08/2021 - 00:15:05: [SM]   [0] PrintToChat
L 10/08/2021 - 00:15:05: [SM]   [1] Line 197, plugin.sp::AttemptInstantDefuse
L 10/08/2021 - 00:15:05: [SM]   [2] Line 104, plugin.sp::Event_BombBeginDefusePlusFrame
L 10/08/2021 - 00:15:36: [SM] Exception reported: Language phrase "InstaDefuseSuccessful" not found (arg 5)
L 10/08/2021 - 00:15:36: [SM] Blaming: retakes-instadefuse.smx
L 10/08/2021 - 00:15:36: [SM] Call stack trace:
L 10/08/2021 - 00:15:36: [SM]   [0] PrintToChat
L 10/08/2021 - 00:15:36: [SM]   [1] Line 197, plugin.sp::AttemptInstantDefuse
L 10/08/2021 - 00:15:36: [SM]   [2] Line 104, plugin.sp::Event_BombBeginDefusePlusFrame
L 10/08/2021 - 00:15:36: [SM] Exception reported: Language phrase "InstaDefuseSuccessful" not found (arg 5)
L 10/08/2021 - 00:15:36: [SM] Blaming: retakes-instadefuse.smx
L 10/08/2021 - 00:15:36: [SM] Call stack trace:
L 10/08/2021 - 00:15:36: [SM]   [0] PrintToChat
L 10/08/2021 - 00:15:36: [SM]   [1] Line 197, plugin.sp::AttemptInstantDefuse
L 10/08/2021 - 00:15:36: [SM]   [2] Line 104, plugin.sp::Event_BombBeginDefusePlusFrame
L 10/08/2021 - 00:15:39: [SM] Exception reported: Language phrase "InstaDefuseSuccessful" not found (arg 5)
L 10/08/2021 - 00:15:39: [SM] Blaming: retakes-instadefuse.smx
L 10/08/2021 - 00:15:39: [SM] Call stack trace:
L 10/08/2021 - 00:15:39: [SM]   [0] PrintToChat
L 10/08/2021 - 00:15:39: [SM]   [1] Line 197, plugin.sp::AttemptInstantDefuse
L 10/08/2021 - 00:15:39: [SM]   [2] Line 104, plugin.sp::Event_BombBeginDefusePlusFrame
L 10/08/2021 - 00:15:39: [SM] Exception reported: Language phrase "InstaDefuseSuccessful" not found (arg 5)
L 10/08/2021 - 00:15:39: [SM] Blaming: retakes-instadefuse.smx
L 10/08/2021 - 00:15:39: [SM] Call stack trace:
L 10/08/2021 - 00:15:39: [SM]   [0] PrintToChat
L 10/08/2021 - 00:15:39: [SM]   [1] Line 197, plugin.sp::AttemptInstantDefuse
L 10/08/2021 - 00:15:39: [SM]   [2] Line 104, plugin.sp::Event_BombBeginDefusePlusFrame
L 10/08/2021 - 00:16:00: [SM] Exception reported: Language phrase "InstaDefuseSuccessful" not found (arg 5)
L 10/08/2021 - 00:16:00: [SM] Blaming: retakes-instadefuse.smx
L 10/08/2021 - 00:16:00: [SM] Call stack trace:
L 10/08/2021 - 00:16:00: [SM]   [0] PrintToChat
L 10/08/2021 - 00:16:00: [SM]   [1] Line 197, plugin.sp::AttemptInstantDefuse
L 10/08/2021 - 00:16:00: [SM]   [2] Line 104, plugin.sp::Event_BombBeginDefusePlusFrame
L 10/08/2021 - 00:16:19: [SM] Exception reported: Language phrase "InstaDefuseSuccessful" not found (arg 5)
L 10/08/2021 - 00:16:19: [SM] Blaming: retakes-instadefuse.smx
L 10/08/2021 - 00:16:19: [SM] Call stack trace:
L 10/08/2021 - 00:16:19: [SM]   [0] PrintToChat
L 10/08/2021 - 00:16:19: [SM]   [1] Line 197, plugin.sp::AttemptInstantDefuse
L 10/08/2021 - 00:16:19: [SM]   [2] Line 104, plugin.sp::Event_BombBeginDefusePlusFrame
L 10/08/2021 - 00:16:21: [SM] Exception reported: Language phrase "InstaDefuseSuccessful" not found (arg 5)
L 10/08/2021 - 00:16:21: [SM] Blaming: retakes-instadefuse.smx
L 10/08/2021 - 00:16:21: [SM] Call stack trace:
L 10/08/2021 - 00:16:21: [SM]   [0] PrintToChat
L 10/08/2021 - 00:16:21: [SM]   [1] Line 197, plugin.sp::AttemptInstantDefuse
L 10/08/2021 - 00:16:21: [SM]   [2] Line 104, plugin.sp::Event_BombBeginDefusePlusFrame
L 10/08/2021 - 00:17:30: [SM] Exception reported: Language phrase "InstaDefuseSuccessful" not found (arg 5)
L 10/08/2021 - 00:17:30: [SM] Blaming: retakes-instadefuse.smx
L 10/08/2021 - 00:17:30: [SM] Call stack trace:
L 10/08/2021 - 00:17:30: [SM]   [0] PrintToChat
L 10/08/2021 - 00:17:30: [SM]   [1] Line 197, plugin.sp::AttemptInstantDefuse
L 10/08/2021 - 00:17:30: [SM]   [2] Line 104, plugin.sp::Event_BombBeginDefusePlusFrame
L 10/08/2021 - 00:17:47: [SM] Exception reported: Language phrase "InstaDefuseSuccessful" not found (arg 5)
L 10/08/2021 - 00:17:47: [SM] Blaming: retakes-instadefuse.smx
L 10/08/2021 - 00:17:47: [SM] Call stack trace:
L 10/08/2021 - 00:17:47: [SM]   [0] PrintToChat
L 10/08/2021 - 00:17:47: [SM]   [1] Line 197, plugin.sp::AttemptInstantDefuse
L 10/08/2021 - 00:17:47: [SM]   [2] Line 104, plugin.sp::Event_BombBeginDefusePlusFrame
L 10/08/2021 - 00:18:11: [SM] Exception reported: Language phrase "InstaDefuseSuccessful" not found (arg 5)
L 10/08/2021 - 00:18:11: [SM] Blaming: retakes-instadefuse.smx
L 10/08/2021 - 00:18:11: [SM] Call stack trace:
L 10/08/2021 - 00:18:11: [SM]   [0] PrintToChat
L 10/08/2021 - 00:18:11: [SM]   [1] Line 197, plugin.sp::AttemptInstantDefuse
L 10/08/2021 - 00:18:11: [SM]   [2] Line 104, plugin.sp::Event_BombBeginDefusePlusFrame
L 10/08/2021 - 00:19:07: [SM] Exception reported: Language phrase "InstaDefuseUnsuccessful" not found (arg 5)
L 10/08/2021 - 00:19:07: [SM] Blaming: retakes-instadefuse.smx
L 10/08/2021 - 00:19:07: [SM] Call stack trace:
L 10/08/2021 - 00:19:07: [SM]   [0] PrintToChat
L 10/08/2021 - 00:19:07: [SM]   [1] Line 143, plugin.sp::AttemptInstantDefuse
L 10/08/2021 - 00:19:07: [SM]   [2] Line 104, plugin.sp::Event_BombBeginDefusePlusFrame
L 10/08/2021 - 00:19:07: [SM] Exception reported: Language phrase "InstaDefuseUnsuccessful" not found (arg 5)
L 10/08/2021 - 00:19:07: [SM] Blaming: retakes-instadefuse.smx
L 10/08/2021 - 00:19:07: [SM] Call stack trace:
L 10/08/2021 - 00:19:07: [SM]   [0] PrintToChat
L 10/08/2021 - 00:19:07: [SM]   [1] Line 143, plugin.sp::AttemptInstantDefuse
L 10/08/2021 - 00:19:07: [SM]   [2] Line 104, plugin.sp::Event_BombBeginDefusePlusFrame
L 10/08/2021 - 00:19:08: [SM] Exception reported: Language phrase "InstaDefuseUnsuccessful" not found (arg 5)
L 10/08/2021 - 00:19:08: [SM] Blaming: retakes-instadefuse.smx
L 10/08/2021 - 00:19:08: [SM] Call stack trace:
L 10/08/2021 - 00:19:08: [SM]   [0] PrintToChat
L 10/08/2021 - 00:19:08: [SM]   [1] Line 143, plugin.sp::AttemptInstantDefuse
L 10/08/2021 - 00:19:08: [SM]   [2] Line 104, plugin.sp::Event_BombBeginDefusePlusFrame
L 10/08/2021 - 00:19:08: [SM] Exception reported: Language phrase "InstaDefuseUnsuccessful" not found (arg 5)
L 10/08/2021 - 00:19:08: [SM] Blaming: retakes-instadefuse.smx
L 10/08/2021 - 00:19:08: [SM] Call stack trace:
L 10/08/2021 - 00:19:08: [SM]   [0] PrintToChat
L 10/08/2021 - 00:19:08: [SM]   [1] Line 143, plugin.sp::AttemptInstantDefuse
L 10/08/2021 - 00:19:08: [SM]   [2] Line 104, plugin.sp::Event_BombBeginDefusePlusFrame
L 10/08/2021 - 00:19:08: [SM] Exception reported: Language phrase "InstaDefuseUnsuccessful" not found (arg 5)
L 10/08/2021 - 00:19:08: [SM] Blaming: retakes-instadefuse.smx
L 10/08/2021 - 00:19:08: [SM] Call stack trace:
L 10/08/2021 - 00:19:08: [SM]   [0] PrintToChat
L 10/08/2021 - 00:19:08: [SM]   [1] Line 143, plugin.sp::AttemptInstantDefuse
L 10/08/2021 - 00:19:08: [SM]   [2] Line 104, plugin.sp::Event_BombBeginDefusePlusFrame
L 10/08/2021 - 00:19:08: [SM] Exception reported: Language phrase "InstaDefuseUnsuccessful" not found (arg 5)
L 10/08/2021 - 00:19:08: [SM] Blaming: retakes-instadefuse.smx
L 10/08/2021 - 00:19:08: [SM] Call stack trace:
L 10/08/2021 - 00:19:08: [SM]   [0] PrintToChat
L 10/08/2021 - 00:19:08: [SM]   [1] Line 143, plugin.sp::AttemptInstantDefuse
L 10/08/2021 - 00:19:08: [SM]   [2] Line 104, plugin.sp::Event_BombBeginDefusePlusFrame
L 10/08/2021 - 00:19:09: [SM] Exception reported: Language phrase "InstaDefuseUnsuccessful" not found (arg 5)
L 10/08/2021 - 00:19:09: [SM] Blaming: retakes-instadefuse.smx
L 10/08/2021 - 00:19:09: [SM] Call stack trace:
L 10/08/2021 - 00:19:09: [SM]   [0] PrintToChat
L 10/08/2021 - 00:19:09: [SM]   [1] Line 143, plugin.sp::AttemptInstantDefuse
L 10/08/2021 - 00:19:09: [SM]   [2] Line 104, plugin.sp::Event_BombBeginDefusePlusFrame
L 10/08/2021 - 00:19:28: [SM] Exception reported: Language phrase "InstaDefuseSuccessful" not found (arg 5)
L 10/08/2021 - 00:19:28: [SM] Blaming: retakes-instadefuse.smx
L 10/08/2021 - 00:19:28: [SM] Call stack trace:
L 10/08/2021 - 00:19:28: [SM]   [0] PrintToChat
L 10/08/2021 - 00:19:28: [SM]   [1] Line 197, plugin.sp::AttemptInstantDefuse
L 10/08/2021 - 00:19:28: [SM]   [2] Line 104, plugin.sp::Event_BombBeginDefusePlusFrame
L 10/08/2021 - 00:19:44: [SM] Exception reported: Language phrase "InstaDefuseSuccessful" not found (arg 5)
L 10/08/2021 - 00:19:44: [SM] Blaming: retakes-instadefuse.smx
L 10/08/2021 - 00:19:44: [SM] Call stack trace:
L 10/08/2021 - 00:19:44: [SM]   [0] PrintToChat
L 10/08/2021 - 00:19:44: [SM]   [1] Line 197, plugin.sp::AttemptInstantDefuse
L 10/08/2021 - 00:19:44: [SM]   [2] Line 104, plugin.sp::Event_BombBeginDefusePlusFrame
L 10/08/2021 - 00:20:05: [SM] Exception reported: Language phrase "InstaDefuseSuccessful" not found (arg 5)
L 10/08/2021 - 00:20:05: [SM] Blaming: retakes-instadefuse.smx
L 10/08/2021 - 00:20:05: [SM] Call stack trace:
L 10/08/2021 - 00:20:05: [SM]   [0] PrintToChat
L 10/08/2021 - 00:20:05: [SM]   [1] Line 197, plugin.sp::AttemptInstantDefuse
L 10/08/2021 - 00:20:05: [SM]   [2] Line 104, plugin.sp::Event_BombBeginDefusePlusFrame
L 10/08/2021 - 00:20:42: [SM] Exception reported: Language phrase "InstaDefuseSuccessful" not found (arg 5)
L 10/08/2021 - 00:20:42: [SM] Blaming: retakes-instadefuse.smx
L 10/08/2021 - 00:20:42: [SM] Call stack trace:
L 10/08/2021 - 00:20:42: [SM]   [0] PrintToChat
L 10/08/2021 - 00:20:42: [SM]   [1] Line 197, plugin.sp::AttemptInstantDefuse
L 10/08/2021 - 00:20:42: [SM]   [2] Line 104, plugin.sp::Event_BombBeginDefusePlusFrame
L 10/08/2021 - 00:21:09: [SM] Exception reported: Language phrase "InstaDefuseSuccessful" not found (arg 5)
L 10/08/2021 - 00:21:09: [SM] Blaming: retakes-instadefuse.smx
L 10/08/2021 - 00:21:09: [SM] Call stack trace:
L 10/08/2021 - 00:21:09: [SM]   [0] PrintToChat
L 10/08/2021 - 00:21:09: [SM]   [1] Line 197, plugin.sp::AttemptInstantDefuse
L 10/08/2021 - 00:21:09: [SM]   [2] Line 104, plugin.sp::Event_BombBeginDefusePlusFrame
L 10/08/2021 - 00:22:12: [SM] Exception reported: Language phrase "InstaDefuseUnsuccessful" not found (arg 5)
L 10/08/2021 - 00:22:12: [SM] Blaming: retakes-instadefuse.smx
L 10/08/2021 - 00:22:12: [SM] Call stack trace:
L 10/08/2021 - 00:22:12: [SM]   [0] PrintToChat
L 10/08/2021 - 00:22:12: [SM]   [1] Line 143, plugin.sp::AttemptInstantDefuse
L 10/08/2021 - 00:22:12: [SM]   [2] Line 104, plugin.sp::Event_BombBeginDefusePlusFrame
L 10/08/2021 - 00:22:12: [SM] Exception reported: Language phrase "InstaDefuseUnsuccessful" not found (arg 5)
L 10/08/2021 - 00:22:12: [SM] Blaming: retakes-instadefuse.smx
L 10/08/2021 - 00:22:12: [SM] Call stack trace:
L 10/08/2021 - 00:22:12: [SM]   [0] PrintToChat
L 10/08/2021 - 00:22:12: [SM]   [1] Line 143, plugin.sp::AttemptInstantDefuse
L 10/08/2021 - 00:22:12: [SM]   [2] Line 104, plugin.sp::Event_BombBeginDefusePlusFrame
L 10/08/2021 - 00:22:12: [SM] Exception reported: Language phrase "InstaDefuseUnsuccessful" not found (arg 5)
L 10/08/2021 - 00:22:12: [SM] Blaming: retakes-instadefuse.smx
L 10/08/2021 - 00:22:12: [SM] Call stack trace:
L 10/08/2021 - 00:22:12: [SM]   [0] PrintToChat
L 10/08/2021 - 00:22:12: [SM]   [1] Line 143, plugin.sp::AttemptInstantDefuse
L 10/08/2021 - 00:22:12: [SM]   [2] Line 104, plugin.sp::Event_BombBeginDefusePlusFrame
L 10/08/2021 - 00:22:25: [SM] Exception reported: Language phrase "InstaDefuseSuccessful" not found (arg 5)
L 10/08/2021 - 00:22:25: [SM] Blaming: retakes-instadefuse.smx
L 10/08/2021 - 00:22:25: [SM] Call stack trace:
L 10/08/2021 - 00:22:25: [SM]   [0] PrintToChat
L 10/08/2021 - 00:22:25: [SM]   [1] Line 197, plugin.sp::AttemptInstantDefuse
L 10/08/2021 - 00:22:25: [SM]   [2] Line 104, plugin.sp::Event_BombBeginDefusePlusFrame
L 10/08/2021 - 00:23:09: [SM] Exception reported: Language phrase "InstaDefuseSuccessful" not found (arg 5)
L 10/08/2021 - 00:23:09: [SM] Blaming: retakes-instadefuse.smx
L 10/08/2021 - 00:23:09: [SM] Call stack trace:
L 10/08/2021 - 00:23:09: [SM]   [0] PrintToChat
L 10/08/2021 - 00:23:09: [SM]   [1] Line 197, plugin.sp::AttemptInstantDefuse
L 10/08/2021 - 00:23:09: [SM]   [2] Line 104, plugin.sp::Event_BombBeginDefusePlusFrame
L 10/08/2021 - 00:24:03: [SM] Exception reported: Language phrase "InstaDefuseSuccessful" not found (arg 5)
L 10/08/2021 - 00:24:03: [SM] Blaming: retakes-instadefuse.smx
L 10/08/2021 - 00:24:03: [SM] Call stack trace:
L 10/08/2021 - 00:24:03: [SM]   [0] PrintToChat
L 10/08/2021 - 00:24:03: [SM]   [1] Line 197, plugin.sp::AttemptInstantDefuse
L 10/08/2021 - 00:24:03: [SM]   [2] Line 104, plugin.sp::Event_BombBeginDefusePlusFrame
L 10/08/2021 - 00:24:25: [SM] Exception reported: Language phrase "InstaDefuseSuccessful" not found (arg 5)
L 10/08/2021 - 00:24:25: [SM] Blaming: retakes-instadefuse.smx
L 10/08/2021 - 00:24:25: [SM] Call stack trace:
L 10/08/2021 - 00:24:25: [SM]   [0] PrintToChat
L 10/08/2021 - 00:24:25: [SM]   [1] Line 197, plugin.sp::AttemptInstantDefuse
L 10/08/2021 - 00:24:25: [SM]   [2] Line 104, plugin.sp::Event_BombBeginDefusePlusFrame
L 10/08/2021 - 00:24:47: [SM] Exception reported: Language phrase "InstaDefuseSuccessful" not found (arg 5)
L 10/08/2021 - 00:24:47: [SM] Blaming: retakes-instadefuse.smx
L 10/08/2021 - 00:24:47: [SM] Call stack trace:
L 10/08/2021 - 00:24:47: [SM]   [0] PrintToChat
L 10/08/2021 - 00:24:47: [SM]   [1] Line 197, plugin.sp::AttemptInstantDefuse
L 10/08/2021 - 00:24:47: [SM]   [2] Line 104, plugin.sp::Event_BombBeginDefusePlusFrame
L 10/08/2021 - 00:25:09: [SM] Exception reported: Language phrase "InstaDefuseSuccessful" not found (arg 5)
L 10/08/2021 - 00:25:09: [SM] Blaming: retakes-instadefuse.smx
L 10/08/2021 - 00:25:09: [SM] Call stack trace:
L 10/08/2021 - 00:25:09: [SM]   [0] PrintToChat
L 10/08/2021 - 00:25:09: [SM]   [1] Line 197, plugin.sp::AttemptInstantDefuse
L 10/08/2021 - 00:25:09: [SM]   [2] Line 104, plugin.sp::Event_BombBeginDefusePlusFrame
L 10/08/2021 - 00:25:26: [SM] Exception reported: Language phrase "InstaDefuseSuccessful" not found (arg 5)
L 10/08/2021 - 00:25:26: [SM] Blaming: retakes-instadefuse.smx
L 10/08/2021 - 00:25:26: [SM] Call stack trace:
L 10/08/2021 - 00:25:26: [SM]   [0] PrintToChat
L 10/08/2021 - 00:25:26: [SM]   [1] Line 197, plugin.sp::AttemptInstantDefuse
L 10/08/2021 - 00:25:26: [SM]   [2] Line 104, plugin.sp::Event_BombBeginDefusePlusFrame
L 10/08/2021 - 00:26:56: [SM] Exception reported: Language phrase "InstaDefuseSuccessful" not found (arg 5)
L 10/08/2021 - 00:26:56: [SM] Blaming: retakes-instadefuse.smx
L 10/08/2021 - 00:26:56: [SM] Call stack trace:
L 10/08/2021 - 00:26:56: [SM]   [0] PrintToChat
L 10/08/2021 - 00:26:56: [SM]   [1] Line 197, plugin.sp::AttemptInstantDefuse
L 10/08/2021 - 00:26:56: [SM]   [2] Line 104, plugin.sp::Event_BombBeginDefusePlusFrame
L 10/08/2021 - 00:27:18: [SM] Exception reported: Language phrase "InstaDefuseSuccessful" not found (arg 5)
L 10/08/2021 - 00:27:18: [SM] Blaming: retakes-instadefuse.smx
L 10/08/2021 - 00:27:18: [SM] Call stack trace:
L 10/08/2021 - 00:27:18: [SM]   [0] PrintToChat
L 10/08/2021 - 00:27:18: [SM]   [1] Line 197, plugin.sp::AttemptInstantDefuse
L 10/08/2021 - 00:27:18: [SM]   [2] Line 104, plugin.sp::Event_BombBeginDefusePlusFrame
L 10/08/2021 - 00:28:01: [SM] Exception reported: Language phrase "InstaDefuseSuccessful" not found (arg 5)
L 10/08/2021 - 00:28:01: [SM] Blaming: retakes-instadefuse.smx
L 10/08/2021 - 00:28:01: [SM] Call stack trace:
L 10/08/2021 - 00:28:01: [SM]   [0] PrintToChat
L 10/08/2021 - 00:28:01: [SM]   [1] Line 197, plugin.sp::AttemptInstantDefuse
L 10/08/2021 - 00:28:01: [SM]   [2] Line 104, plugin.sp::Event_BombBeginDefusePlusFrame
L 10/08/2021 - 00:28:03: [SM] Exception reported: Language phrase "InstaDefuseSuccessful" not found (arg 5)
L 10/08/2021 - 00:28:03: [SM] Blaming: retakes-instadefuse.smx
L 10/08/2021 - 00:28:03: [SM] Call stack trace:
L 10/08/2021 - 00:28:03: [SM]   [0] PrintToChat
L 10/08/2021 - 00:28:03: [SM]   [1] Line 197, plugin.sp::AttemptInstantDefuse
L 10/08/2021 - 00:28:03: [SM]   [2] Line 104, plugin.sp::Event_BombBeginDefusePlusFrame
L 10/08/2021 - 00:28:23: [SM] Exception reported: Language phrase "InstaDefuseSuccessful" not found (arg 5)
L 10/08/2021 - 00:28:23: [SM] Blaming: retakes-instadefuse.smx
L 10/08/2021 - 00:28:23: [SM] Call stack trace:
L 10/08/2021 - 00:28:23: [SM]   [0] PrintToChat
L 10/08/2021 - 00:28:23: [SM]   [1] Line 197, plugin.sp::AttemptInstantDefuse
L 10/08/2021 - 00:28:23: [SM]   [2] Line 104, plugin.sp::Event_BombBeginDefusePlusFrame
L 10/08/2021 - 00:29:25: [SM] Exception reported: Language phrase "InstaDefuseSuccessful" not found (arg 5)
L 10/08/2021 - 00:29:25: [SM] Blaming: retakes-instadefuse.smx
L 10/08/2021 - 00:29:25: [SM] Call stack trace:
L 10/08/2021 - 00:29:25: [SM]   [0] PrintToChat
L 10/08/2021 - 00:29:25: [SM]   [1] Line 197, plugin.sp::AttemptInstantDefuse
L 10/08/2021 - 00:29:25: [SM]   [2] Line 104, plugin.sp::Event_BombBeginDefusePlusFrame
L 10/08/2021 - 00:29:51: [SM] Exception reported: Language phrase "InstaDefuseSuccessful" not found (arg 5)
L 10/08/2021 - 00:29:51: [SM] Blaming: retakes-instadefuse.smx
L 10/08/2021 - 00:29:51: [SM] Call stack trace:
L 10/08/2021 - 00:29:51: [SM]   [0] PrintToChat
L 10/08/2021 - 00:29:51: [SM]   [1] Line 197, plugin.sp::AttemptInstantDefuse
L 10/08/2021 - 00:29:51: [SM]   [2] Line 104, plugin.sp::Event_BombBeginDefusePlusFrame
L 10/08/2021 - 00:30:05: [SM] Exception reported: Language phrase "InstaDefuseSuccessful" not found (arg 5)
L 10/08/2021 - 00:30:05: [SM] Blaming: retakes-instadefuse.smx
L 10/08/2021 - 00:30:05: [SM] Call stack trace:
L 10/08/2021 - 00:30:05: [SM]   [0] PrintToChat
L 10/08/2021 - 00:30:05: [SM]   [1] Line 197, plugin.sp::AttemptInstantDefuse
L 10/08/2021 - 00:30:05: [SM]   [2] Line 104, plugin.sp::Event_BombBeginDefusePlusFrame
L 10/08/2021 - 00:31:17: [SM] Exception reported: Language phrase "InstaDefuseSuccessful" not found (arg 5)
L 10/08/2021 - 00:31:17: [SM] Blaming: retakes-instadefuse.smx
L 10/08/2021 - 00:31:17: [SM] Call stack trace:
L 10/08/2021 - 00:31:17: [SM]   [0] PrintToChat
L 10/08/2021 - 00:31:17: [SM]   [1] Line 197, plugin.sp::AttemptInstantDefuse
L 10/08/2021 - 00:31:17: [SM]   [2] Line 104, plugin.sp::Event_BombBeginDefusePlusFrame
L 10/08/2021 - 00:31:32: [SM] Exception reported: Language phrase "InstaDefuseSuccessful" not found (arg 5)
L 10/08/2021 - 00:31:32: [SM] Blaming: retakes-instadefuse.smx
L 10/08/2021 - 00:31:32: [SM] Call stack trace:
L 10/08/2021 - 00:31:32: [SM]   [0] PrintToChat
L 10/08/2021 - 00:31:32: [SM]   [1] Line 197, plugin.sp::AttemptInstantDefuse
L 10/08/2021 - 00:31:32: [SM]   [2] Line 104, plugin.sp::Event_BombBeginDefusePlusFrame
L 10/08/2021 - 00:32:10: [SM] Exception reported: Language phrase "InstaDefuseUnsuccessful" not found (arg 5)
L 10/08/2021 - 00:32:10: [SM] Blaming: retakes-instadefuse.smx
L 10/08/2021 - 00:32:10: [SM] Call stack trace:
L 10/08/2021 - 00:32:10: [SM]   [0] PrintToChat
L 10/08/2021 - 00:32:10: [SM]   [1] Line 143, plugin.sp::AttemptInstantDefuse
L 10/08/2021 - 00:32:10: [SM]   [2] Line 104, plugin.sp::Event_BombBeginDefusePlusFrame
L 10/08/2021 - 00:32:10: [SM] Exception reported: Language phrase "InstaDefuseUnsuccessful" not found (arg 5)
L 10/08/2021 - 00:32:10: [SM] Blaming: retakes-instadefuse.smx
L 10/08/2021 - 00:32:10: [SM] Call stack trace:
L 10/08/2021 - 00:32:10: [SM]   [0] PrintToChat
L 10/08/2021 - 00:32:10: [SM]   [1] Line 143, plugin.sp::AttemptInstantDefuse
L 10/08/2021 - 00:32:10: [SM]   [2] Line 104, plugin.sp::Event_BombBeginDefusePlusFrame
L 10/08/2021 - 00:32:10: [SM] Exception reported: Language phrase "InstaDefuseUnsuccessful" not found (arg 5)
L 10/08/2021 - 00:32:10: [SM] Blaming: retakes-instadefuse.smx
L 10/08/2021 - 00:32:10: [SM] Call stack trace:
L 10/08/2021 - 00:32:10: [SM]   [0] PrintToChat
L 10/08/2021 - 00:32:10: [SM]   [1] Line 143, plugin.sp::AttemptInstantDefuse
L 10/08/2021 - 00:32:10: [SM]   [2] Line 104, plugin.sp::Event_BombBeginDefusePlusFrame
L 10/08/2021 - 00:32:10: [SM] Exception reported: Language phrase "InstaDefuseUnsuccessful" not found (arg 5)
L 10/08/2021 - 00:32:10: [SM] Blaming: retakes-instadefuse.smx
L 10/08/2021 - 00:32:10: [SM] Call stack trace:
L 10/08/2021 - 00:32:10: [SM]   [0] PrintToChat
L 10/08/2021 - 00:32:10: [SM]   [1] Line 143, plugin.sp::AttemptInstantDefuse
L 10/08/2021 - 00:32:10: [SM]   [2] Line 104, plugin.sp::Event_BombBeginDefusePlusFrame
L 10/08/2021 - 00:32:25: [SM] Exception reported: Language phrase "InstaDefuseSuccessful" not found (arg 5)
L 10/08/2021 - 00:32:25: [SM] Blaming: retakes-instadefuse.smx
L 10/08/2021 - 00:32:25: [SM] Call stack trace:
L 10/08/2021 - 00:32:25: [SM]   [0] PrintToChat
L 10/08/2021 - 00:32:25: [SM]   [1] Line 197, plugin.sp::AttemptInstantDefuse
L 10/08/2021 - 00:32:25: [SM]   [2] Line 104, plugin.sp::Event_BombBeginDefusePlusFrame
L 10/08/2021 - 00:33:00: [SM] Exception reported: Language phrase "InstaDefuseSuccessful" not found (arg 5)
L 10/08/2021 - 00:33:00: [SM] Blaming: retakes-instadefuse.smx
L 10/08/2021 - 00:33:00: [SM] Call stack trace:
L 10/08/2021 - 00:33:00: [SM]   [0] PrintToChat
L 10/08/2021 - 00:33:00: [SM]   [1] Line 197, plugin.sp::AttemptInstantDefuse
L 10/08/2021 - 00:33:00: [SM]   [2] Line 104, plugin.sp::Event_BombBeginDefusePlusFrame
L 10/08/2021 - 00:33:15: [SM] Exception reported: Language phrase "InstaDefuseSuccessful" not found (arg 5)
L 10/08/2021 - 00:33:15: [SM] Blaming: retakes-instadefuse.smx
L 10/08/2021 - 00:33:15: [SM] Call stack trace:
L 10/08/2021 - 00:33:15: [SM]   [0] PrintToChat
L 10/08/2021 - 00:33:15: [SM]   [1] Line 197, plugin.sp::AttemptInstantDefuse
L 10/08/2021 - 00:33:15: [SM]   [2] Line 104, plugin.sp::Event_BombBeginDefusePlusFrame
L 10/08/2021 - 00:33:36: [SM] Exception reported: Language phrase "InstaDefuseSuccessful" not found (arg 5)
L 10/08/2021 - 00:33:36: [SM] Blaming: retakes-instadefuse.smx
L 10/08/2021 - 00:33:36: [SM] Call stack trace:
L 10/08/2021 - 00:33:36: [SM]   [0] PrintToChat
L 10/08/2021 - 00:33:36: [SM]   [1] Line 197, plugin.sp::AttemptInstantDefuse
L 10/08/2021 - 00:33:36: [SM]   [2] Line 104, plugin.sp::Event_BombBeginDefusePlusFrame
L 10/08/2021 - 00:33:56: [SM] Exception reported: Language phrase "InstaDefuseSuccessful" not found (arg 5)
L 10/08/2021 - 00:33:56: [SM] Blaming: retakes-instadefuse.smx
L 10/08/2021 - 00:33:56: [SM] Call stack trace:
L 10/08/2021 - 00:33:56: [SM]   [0] PrintToChat
L 10/08/2021 - 00:33:56: [SM]   [1] Line 197, plugin.sp::AttemptInstantDefuse
L 10/08/2021 - 00:33:56: [SM]   [2] Line 104, plugin.sp::Event_BombBeginDefusePlusFrame
L 10/08/2021 - 00:34:20: [SM] Exception reported: Language phrase "InstaDefuseSuccessful" not found (arg 5)
L 10/08/2021 - 00:34:20: [SM] Blaming: retakes-instadefuse.smx
L 10/08/2021 - 00:34:20: [SM] Call stack trace:
L 10/08/2021 - 00:34:20: [SM]   [0] PrintToChat
L 10/08/2021 - 00:34:20: [SM]   [1] Line 197, plugin.sp::AttemptInstantDefuse
L 10/08/2021 - 00:34:20: [SM]   [2] Line 104, plugin.sp::Event_BombBeginDefusePlusFrame
L 10/08/2021 - 00:35:23: [SM] Exception reported: Language phrase "InstaDefuseSuccessful" not found (arg 5)
L 10/08/2021 - 00:35:23: [SM] Blaming: retakes-instadefuse.smx
L 10/08/2021 - 00:35:23: [SM] Call stack trace:
L 10/08/2021 - 00:35:23: [SM]   [0] PrintToChat
L 10/08/2021 - 00:35:23: [SM]   [1] Line 197, plugin.sp::AttemptInstantDefuse
L 10/08/2021 - 00:35:23: [SM]   [2] Line 104, plugin.sp::Event_BombBeginDefusePlusFrame
L 10/08/2021 - 00:35:38: [SM] Exception reported: Language phrase "InstaDefuseSuccessful" not found (arg 5)
L 10/08/2021 - 00:35:38: [SM] Blaming: retakes-instadefuse.smx
L 10/08/2021 - 00:35:38: [SM] Call stack trace:
L 10/08/2021 - 00:35:38: [SM]   [0] PrintToChat
L 10/08/2021 - 00:35:38: [SM]   [1] Line 197, plugin.sp::AttemptInstantDefuse
L 10/08/2021 - 00:35:38: [SM]   [2] Line 104, plugin.sp::Event_BombBeginDefusePlusFrame
L 10/08/2021 - 00:35:52: [SM] Exception reported: Language phrase "InstaDefuseSuccessful" not found (arg 5)
L 10/08/2021 - 00:35:52: [SM] Blaming: retakes-instadefuse.smx
L 10/08/2021 - 00:35:52: [SM] Call stack trace:
L 10/08/2021 - 00:35:52: [SM]   [0] PrintToChat
L 10/08/2021 - 00:35:52: [SM]   [1] Line 197, plugin.sp::AttemptInstantDefuse
L 10/08/2021 - 00:35:52: [SM]   [2] Line 104, plugin.sp::Event_BombBeginDefusePlusFrame
L 10/08/2021 - 00:36:36: [SM] Exception reported: Language phrase "InstaDefuseSuccessful" not found (arg 5)
L 10/08/2021 - 00:36:36: [SM] Blaming: retakes-instadefuse.smx
L 10/08/2021 - 00:36:36: [SM] Call stack trace:
L 10/08/2021 - 00:36:36: [SM]   [0] PrintToChat
L 10/08/2021 - 00:36:36: [SM]   [1] Line 197, plugin.sp::AttemptInstantDefuse
L 10/08/2021 - 00:36:36: [SM]   [2] Line 104, plugin.sp::Event_BombBeginDefusePlusFrame
L 10/08/2021 - 00:36:52: [SM] Exception reported: Language phrase "InstaDefuseSuccessful" not found (arg 5)
L 10/08/2021 - 00:36:52: [SM] Blaming: retakes-instadefuse.smx
L 10/08/2021 - 00:36:52: [SM] Call stack trace:
L 10/08/2021 - 00:36:52: [SM]   [0] PrintToChat
L 10/08/2021 - 00:36:52: [SM]   [1] Line 197, plugin.sp::AttemptInstantDefuse
L 10/08/2021 - 00:36:52: [SM]   [2] Line 104, plugin.sp::Event_BombBeginDefusePlusFrame
L 10/08/2021 - 00:37:08: [SM] Exception reported: Language phrase "InstaDefuseSuccessful" not found (arg 5)
L 10/08/2021 - 00:37:08: [SM] Blaming: retakes-instadefuse.smx
L 10/08/2021 - 00:37:08: [SM] Call stack trace:
L 10/08/2021 - 00:37:08: [SM]   [0] PrintToChat
L 10/08/2021 - 00:37:08: [SM]   [1] Line 197, plugin.sp::AttemptInstantDefuse
L 10/08/2021 - 00:37:08: [SM]   [2] Line 104, plugin.sp::Event_BombBeginDefusePlusFrame
L 10/08/2021 - 00:37:34: [SM] Exception reported: Language phrase "InstaDefuseSuccessful" not found (arg 5)
L 10/08/2021 - 00:37:34: [SM] Blaming: retakes-instadefuse.smx
L 10/08/2021 - 00:37:34: [SM] Call stack trace:
L 10/08/2021 - 00:37:34: [SM]   [0] PrintToChat
L 10/08/2021 - 00:37:34: [SM]   [1] Line 197, plugin.sp::AttemptInstantDefuse
L 10/08/2021 - 00:37:35: [SM]   [2] Line 104, plugin.sp::Event_BombBeginDefusePlusFrame
L 10/08/2021 - 00:37:58: [SM] Exception reported: Language phrase "InstaDefuseSuccessful" not found (arg 5)
L 10/08/2021 - 00:37:58: [SM] Blaming: retakes-instadefuse.smx
L 10/08/2021 - 00:37:58: [SM] Call stack trace:
L 10/08/2021 - 00:37:58: [SM]   [0] PrintToChat
L 10/08/2021 - 00:37:58: [SM]   [1] Line 197, plugin.sp::AttemptInstantDefuse
L 10/08/2021 - 00:37:58: [SM]   [2] Line 104, plugin.sp::Event_BombBeginDefusePlusFrame
L 10/08/2021 - 00:38:24: [SM] Exception reported: Language phrase "InstaDefuseSuccessful" not found (arg 5)
L 10/08/2021 - 00:38:24: [SM] Blaming: retakes-instadefuse.smx
L 10/08/2021 - 00:38:24: [SM] Call stack trace:
L 10/08/2021 - 00:38:24: [SM]   [0] PrintToChat
L 10/08/2021 - 00:38:24: [SM]   [1] Line 197, plugin.sp::AttemptInstantDefuse
L 10/08/2021 - 00:38:24: [SM]   [2] Line 104, plugin.sp::Event_BombBeginDefusePlusFrame
L 10/08/2021 - 00:38:42: [SM] Exception reported: Language phrase "InstaDefuseSuccessful" not found (arg 5)
L 10/08/2021 - 00:38:42: [SM] Blaming: retakes-instadefuse.smx
L 10/08/2021 - 00:38:42: [SM] Call stack trace:
L 10/08/2021 - 00:38:42: [SM]   [0] PrintToChat
L 10/08/2021 - 00:38:42: [SM]   [1] Line 197, plugin.sp::AttemptInstantDefuse
L 10/08/2021 - 00:38:42: [SM]   [2] Line 104, plugin.sp::Event_BombBeginDefusePlusFrame
L 10/08/2021 - 00:39:14: [SM] Exception reported: Language phrase "InstaDefuseSuccessful" not found (arg 5)
L 10/08/2021 - 00:39:14: [SM] Blaming: retakes-instadefuse.smx
L 10/08/2021 - 00:39:14: [SM] Call stack trace:
L 10/08/2021 - 00:39:14: [SM]   [0] PrintToChat
L 10/08/2021 - 00:39:14: [SM]   [1] Line 197, plugin.sp::AttemptInstantDefuse
L 10/08/2021 - 00:39:14: [SM]   [2] Line 104, plugin.sp::Event_BombBeginDefusePlusFrame
L 10/08/2021 - 00:39:28: [SM] Exception reported: Language phrase "LiveNadeSomewhere" not found (arg 5)
L 10/08/2021 - 00:39:28: [SM] Blaming: retakes-instadefuse.smx
L 10/08/2021 - 00:39:28: [SM] Call stack trace:
L 10/08/2021 - 00:39:28: [SM]   [0] PrintToChat
L 10/08/2021 - 00:39:28: [SM]   [1] Line 168, plugin.sp::AttemptInstantDefuse
L 10/08/2021 - 00:39:28: [SM]   [2] Line 104, plugin.sp::Event_BombBeginDefusePlusFrame
L 10/08/2021 - 00:39:43: [SM] Exception reported: Language phrase "InstaDefuseSuccessful" not found (arg 5)
L 10/08/2021 - 00:39:43: [SM] Blaming: retakes-instadefuse.smx
L 10/08/2021 - 00:39:43: [SM] Call stack trace:
L 10/08/2021 - 00:39:43: [SM]   [0] PrintToChat
L 10/08/2021 - 00:39:43: [SM]   [1] Line 197, plugin.sp::AttemptInstantDefuse
L 10/08/2021 - 00:39:43: [SM]   [2] Line 104, plugin.sp::Event_BombBeginDefusePlusFrame
L 10/08/2021 - 00:40:00: [SM] Exception reported: Language phrase "InstaDefuseSuccessful" not found (arg 5)
L 10/08/2021 - 00:40:00: [SM] Blaming: retakes-instadefuse.smx
L 10/08/2021 - 00:40:00: [SM] Call stack trace:
L 10/08/2021 - 00:40:00: [SM]   [0] PrintToChat
L 10/08/2021 - 00:40:00: [SM]   [1] Line 197, plugin.sp::AttemptInstantDefuse
L 10/08/2021 - 00:40:00: [SM]   [2] Line 104, plugin.sp::Event_BombBeginDefusePlusFrame
L 10/08/2021 - 00:40:16: [SM] Exception reported: Language phrase "InstaDefuseSuccessful" not found (arg 5)
L 10/08/2021 - 00:40:16: [SM] Blaming: retakes-instadefuse.smx
L 10/08/2021 - 00:40:16: [SM] Call stack trace:
L 10/08/2021 - 00:40:16: [SM]   [0] PrintToChat
L 10/08/2021 - 00:40:16: [SM]   [1] Line 197, plugin.sp::AttemptInstantDefuse
L 10/08/2021 - 00:40:16: [SM]   [2] Line 104, plugin.sp::Event_BombBeginDefusePlusFrame
L 10/08/2021 - 00:40:38: [SM] Exception reported: Language phrase "InstaDefuseSuccessful" not found (arg 5)
L 10/08/2021 - 00:40:38: [SM] Blaming: retakes-instadefuse.smx
L 10/08/2021 - 00:40:38: [SM] Call stack trace:
L 10/08/2021 - 00:40:38: [SM]   [0] PrintToChat
L 10/08/2021 - 00:40:38: [SM]   [1] Line 197, plugin.sp::AttemptInstantDefuse
L 10/08/2021 - 00:40:38: [SM]   [2] Line 104, plugin.sp::Event_BombBeginDefusePlusFrame
L 10/08/2021 - 00:41:04: [SM] Exception reported: Language phrase "InstaDefuseSuccessful" not found (arg 5)
L 10/08/2021 - 00:41:04: [SM] Blaming: retakes-instadefuse.smx
L 10/08/2021 - 00:41:04: [SM] Call stack trace:
L 10/08/2021 - 00:41:04: [SM]   [0] PrintToChat
L 10/08/2021 - 00:41:04: [SM]   [1] Line 197, plugin.sp::AttemptInstantDefuse
L 10/08/2021 - 00:41:04: [SM]   [2] Line 104, plugin.sp::Event_BombBeginDefusePlusFrame
L 10/08/2021 - 00:41:22: [SM] Exception reported: Language phrase "InstaDefuseSuccessful" not found (arg 5)
L 10/08/2021 - 00:41:22: [SM] Blaming: retakes-instadefuse.smx
L 10/08/2021 - 00:41:22: [SM] Call stack trace:
L 10/08/2021 - 00:41:22: [SM]   [0] PrintToChat
L 10/08/2021 - 00:41:22: [SM]   [1] Line 197, plugin.sp::AttemptInstantDefuse
L 10/08/2021 - 00:41:22: [SM]   [2] Line 104, plugin.sp::Event_BombBeginDefusePlusFrame
L 10/08/2021 - 00:42:03: [SM] Exception reported: Language phrase "InstaDefuseSuccessful" not found (arg 5)
L 10/08/2021 - 00:42:03: [SM] Blaming: retakes-instadefuse.smx
L 10/08/2021 - 00:42:03: [SM] Call stack trace:
L 10/08/2021 - 00:42:03: [SM]   [0] PrintToChat
L 10/08/2021 - 00:42:03: [SM]   [1] Line 197, plugin.sp::AttemptInstantDefuse
L 10/08/2021 - 00:42:03: [SM]   [2] Line 104, plugin.sp::Event_BombBeginDefusePlusFrame
L 10/08/2021 - 00:42:25: [SM] Exception reported: Language phrase "InstaDefuseSuccessful" not found (arg 5)
L 10/08/2021 - 00:42:25: [SM] Blaming: retakes-instadefuse.smx
L 10/08/2021 - 00:42:25: [SM] Call stack trace:
L 10/08/2021 - 00:42:25: [SM]   [0] PrintToChat
L 10/08/2021 - 00:42:25: [SM]   [1] Line 197, plugin.sp::AttemptInstantDefuse
L 10/08/2021 - 00:42:25: [SM]   [2] Line 104, plugin.sp::Event_BombBeginDefusePlusFrame
L 10/08/2021 - 00:42:47: [SM] Exception reported: Language phrase "InstaDefuseSuccessful" not found (arg 5)
L 10/08/2021 - 00:42:47: [SM] Blaming: retakes-instadefuse.smx
L 10/08/2021 - 00:42:47: [SM] Call stack trace:
L 10/08/2021 - 00:42:47: [SM]   [0] PrintToChat
L 10/08/2021 - 00:42:47: [SM]   [1] Line 197, plugin.sp::AttemptInstantDefuse
L 10/08/2021 - 00:42:47: [SM]   [2] Line 104, plugin.sp::Event_BombBeginDefusePlusFrame
L 10/08/2021 - 00:43:08: [SM] Exception reported: Language phrase "InstaDefuseSuccessful" not found (arg 5)
L 10/08/2021 - 00:43:08: [SM] Blaming: retakes-instadefuse.smx
L 10/08/2021 - 00:43:08: [SM] Call stack trace:
L 10/08/2021 - 00:43:08: [SM]   [0] PrintToChat
L 10/08/2021 - 00:43:08: [SM]   [1] Line 197, plugin.sp::AttemptInstantDefuse
L 10/08/2021 - 00:43:08: [SM]   [2] Line 104, plugin.sp::Event_BombBeginDefusePlusFrame
L 10/08/2021 - 00:44:45: [SM] Exception reported: Language phrase "InstaDefuseSuccessful" not found (arg 5)
L 10/08/2021 - 00:44:45: [SM] Blaming: retakes-instadefuse.smx
L 10/08/2021 - 00:44:45: [SM] Call stack trace:
L 10/08/2021 - 00:44:45: [SM]   [0] PrintToChat
L 10/08/2021 - 00:44:45: [SM]   [1] Line 197, plugin.sp::AttemptInstantDefuse
L 10/08/2021 - 00:44:45: [SM]   [2] Line 104, plugin.sp::Event_BombBeginDefusePlusFrame
L 10/08/2021 - 00:45:04: [SM] Exception reported: Language phrase "InstaDefuseSuccessful" not found (arg 5)
L 10/08/2021 - 00:45:04: [SM] Blaming: retakes-instadefuse.smx
L 10/08/2021 - 00:45:04: [SM] Call stack trace:
L 10/08/2021 - 00:45:04: [SM]   [0] PrintToChat
L 10/08/2021 - 00:45:04: [SM]   [1] Line 197, plugin.sp::AttemptInstantDefuse
L 10/08/2021 - 00:45:04: [SM]   [2] Line 104, plugin.sp::Event_BombBeginDefusePlusFrame
L 10/08/2021 - 00:45:21: [SM] Exception reported: Language phrase "InstaDefuseSuccessful" not found (arg 5)
L 10/08/2021 - 00:45:21: [SM] Blaming: retakes-instadefuse.smx
L 10/08/2021 - 00:45:21: [SM] Call stack trace:
L 10/08/2021 - 00:45:21: [SM]   [0] PrintToChat
L 10/08/2021 - 00:45:21: [SM]   [1] Line 197, plugin.sp::AttemptInstantDefuse
L 10/08/2021 - 00:45:21: [SM]   [2] Line 104, plugin.sp::Event_BombBeginDefusePlusFrame
L 10/08/2021 - 00:45:40: [SM] Exception reported: Language phrase "InstaDefuseSuccessful" not found (arg 5)
L 10/08/2021 - 00:45:40: [SM] Blaming: retakes-instadefuse.smx
L 10/08/2021 - 00:45:40: [SM] Call stack trace:
L 10/08/2021 - 00:45:40: [SM]   [0] PrintToChat
L 10/08/2021 - 00:45:40: [SM]   [1] Line 197, plugin.sp::AttemptInstantDefuse
L 10/08/2021 - 00:45:40: [SM]   [2] Line 104, plugin.sp::Event_BombBeginDefusePlusFrame
L 10/08/2021 - 00:47:28: [SM] Exception reported: Language phrase "InstaDefuseSuccessful" not found (arg 5)
L 10/08/2021 - 00:47:28: [SM] Blaming: retakes-instadefuse.smx
L 10/08/2021 - 00:47:28: [SM] Call stack trace:
L 10/08/2021 - 00:47:28: [SM]   [0] PrintToChat
L 10/08/2021 - 00:47:28: [SM]   [1] Line 197, plugin.sp::AttemptInstantDefuse
L 10/08/2021 - 00:47:28: [SM]   [2] Line 104, plugin.sp::Event_BombBeginDefusePlusFrame
L 10/08/2021 - 00:47:51: [SM] Exception reported: Language phrase "InstaDefuseSuccessful" not found (arg 5)
L 10/08/2021 - 00:47:51: [SM] Blaming: retakes-instadefuse.smx
L 10/08/2021 - 00:47:51: [SM] Call stack trace:
L 10/08/2021 - 00:47:51: [SM]   [0] PrintToChat
L 10/08/2021 - 00:47:51: [SM]   [1] Line 197, plugin.sp::AttemptInstantDefuse
L 10/08/2021 - 00:47:51: [SM]   [2] Line 104, plugin.sp::Event_BombBeginDefusePlusFrame
L 10/08/2021 - 00:48:11: [SM] Exception reported: Language phrase "InstaDefuseSuccessful" not found (arg 5)
L 10/08/2021 - 00:48:11: [SM] Blaming: retakes-instadefuse.smx
L 10/08/2021 - 00:48:11: [SM] Call stack trace:
L 10/08/2021 - 00:48:11: [SM]   [0] PrintToChat
L 10/08/2021 - 00:48:11: [SM]   [1] Line 197, plugin.sp::AttemptInstantDefuse
L 10/08/2021 - 00:48:11: [SM]   [2] Line 104, plugin.sp::Event_BombBeginDefusePlusFrame
L 10/08/2021 - 00:48:27: [SM] Exception reported: Language phrase "InstaDefuseSuccessful" not found (arg 5)
L 10/08/2021 - 00:48:27: [SM] Blaming: retakes-instadefuse.smx
L 10/08/2021 - 00:48:27: [SM] Call stack trace:
L 10/08/2021 - 00:48:27: [SM]   [0] PrintToChat
L 10/08/2021 - 00:48:27: [SM]   [1] Line 197, plugin.sp::AttemptInstantDefuse
L 10/08/2021 - 00:48:27: [SM]   [2] Line 104, plugin.sp::Event_BombBeginDefusePlusFrame
L 10/08/2021 - 00:49:03: [SM] Exception reported: Language phrase "InstaDefuseUnsuccessful" not found (arg 5)
L 10/08/2021 - 00:49:03: [SM] Blaming: retakes-instadefuse.smx
L 10/08/2021 - 00:49:03: [SM] Call stack trace:
L 10/08/2021 - 00:49:03: [SM]   [0] PrintToChat
L 10/08/2021 - 00:49:03: [SM]   [1] Line 143, plugin.sp::AttemptInstantDefuse
L 10/08/2021 - 00:49:03: [SM]   [2] Line 104, plugin.sp::Event_BombBeginDefusePlusFrame
L 10/08/2021 - 00:49:03: [SM] Exception reported: Language phrase "InstaDefuseUnsuccessful" not found (arg 5)
L 10/08/2021 - 00:49:03: [SM] Blaming: retakes-instadefuse.smx
L 10/08/2021 - 00:49:03: [SM] Call stack trace:
L 10/08/2021 - 00:49:03: [SM]   [0] PrintToChat
L 10/08/2021 - 00:49:03: [SM]   [1] Line 143, plugin.sp::AttemptInstantDefuse
L 10/08/2021 - 00:49:03: [SM]   [2] Line 104, plugin.sp::Event_BombBeginDefusePlusFrame
L 10/08/2021 - 00:49:04: [SM] Exception reported: Language phrase "InstaDefuseUnsuccessful" not found (arg 5)
L 10/08/2021 - 00:49:04: [SM] Blaming: retakes-instadefuse.smx
L 10/08/2021 - 00:49:04: [SM] Call stack trace:
L 10/08/2021 - 00:49:04: [SM]   [0] PrintToChat
L 10/08/2021 - 00:49:04: [SM]   [1] Line 143, plugin.sp::AttemptInstantDefuse
L 10/08/2021 - 00:49:04: [SM]   [2] Line 104, plugin.sp::Event_BombBeginDefusePlusFrame
L 10/08/2021 - 00:49:36: [SM] Exception reported: Language phrase "InstaDefuseSuccessful" not found (arg 5)
L 10/08/2021 - 00:49:36: [SM] Blaming: retakes-instadefuse.smx
L 10/08/2021 - 00:49:36: [SM] Call stack trace:
L 10/08/2021 - 00:49:36: [SM]   [0] PrintToChat
L 10/08/2021 - 00:49:36: [SM]   [1] Line 197, plugin.sp::AttemptInstantDefuse
L 10/08/2021 - 00:49:36: [SM]   [2] Line 104, plugin.sp::Event_BombBeginDefusePlusFrame
L 10/08/2021 - 00:50:16: [SM] Exception reported: Language phrase "InstaDefuseSuccessful" not found (arg 5)
L 10/08/2021 - 00:50:16: [SM] Blaming: retakes-instadefuse.smx
L 10/08/2021 - 00:50:16: [SM] Call stack trace:
L 10/08/2021 - 00:50:16: [SM]   [0] PrintToChat
L 10/08/2021 - 00:50:16: [SM]   [1] Line 197, plugin.sp::AttemptInstantDefuse
L 10/08/2021 - 00:50:16: [SM]   [2] Line 104, plugin.sp::Event_BombBeginDefusePlusFrame
L 10/08/2021 - 00:50:58: [SM] Exception reported: Language phrase "InstaDefuseSuccessful" not found (arg 5)
L 10/08/2021 - 00:50:58: [SM] Blaming: retakes-instadefuse.smx
L 10/08/2021 - 00:50:58: [SM] Call stack trace:
L 10/08/2021 - 00:50:58: [SM]   [0] PrintToChat
L 10/08/2021 - 00:50:58: [SM]   [1] Line 197, plugin.sp::AttemptInstantDefuse
L 10/08/2021 - 00:50:58: [SM]   [2] Line 104, plugin.sp::Event_BombBeginDefusePlusFrame
L 10/08/2021 - 00:51:13: [SM] Exception reported: Language phrase "InstaDefuseSuccessful" not found (arg 5)
L 10/08/2021 - 00:51:13: [SM] Blaming: retakes-instadefuse.smx
L 10/08/2021 - 00:51:13: [SM] Call stack trace:
L 10/08/2021 - 00:51:13: [SM]   [0] PrintToChat
L 10/08/2021 - 00:51:13: [SM]   [1] Line 197, plugin.sp::AttemptInstantDefuse
L 10/08/2021 - 00:51:13: [SM]   [2] Line 104, plugin.sp::Event_BombBeginDefusePlusFrame
L 10/08/2021 - 00:52:21: [SM] Exception reported: Language phrase "InstaDefuseSuccessful" not found (arg 5)
L 10/08/2021 - 00:52:21: [SM] Blaming: retakes-instadefuse.smx
L 10/08/2021 - 00:52:21: [SM] Call stack trace:
L 10/08/2021 - 00:52:21: [SM]   [0] PrintToChat
L 10/08/2021 - 00:52:21: [SM]   [1] Line 197, plugin.sp::AttemptInstantDefuse
L 10/08/2021 - 00:52:21: [SM]   [2] Line 104, plugin.sp::Event_BombBeginDefusePlusFrame
L 10/08/2021 - 00:52:49: [SM] Exception reported: Language phrase "InstaDefuseSuccessful" not found (arg 5)
L 10/08/2021 - 00:52:49: [SM] Blaming: retakes-instadefuse.smx
L 10/08/2021 - 00:52:49: [SM] Call stack trace:
L 10/08/2021 - 00:52:49: [SM]   [0] PrintToChat
L 10/08/2021 - 00:52:49: [SM]   [1] Line 197, plugin.sp::AttemptInstantDefuse
L 10/08/2021 - 00:52:49: [SM]   [2] Line 104, plugin.sp::Event_BombBeginDefusePlusFrame
L 10/08/2021 - 00:53:21: [SM] Exception reported: Language phrase "InstaDefuseSuccessful" not found (arg 5)
L 10/08/2021 - 00:53:21: [SM] Blaming: retakes-instadefuse.smx
L 10/08/2021 - 00:53:21: [SM] Call stack trace:
L 10/08/2021 - 00:53:21: [SM]   [0] PrintToChat
L 10/08/2021 - 00:53:21: [SM]   [1] Line 197, plugin.sp::AttemptInstantDefuse
L 10/08/2021 - 00:53:21: [SM]   [2] Line 104, plugin.sp::Event_BombBeginDefusePlusFrame
L 10/08/2021 - 00:53:41: [SM] Exception reported: Language phrase "InstaDefuseSuccessful" not found (arg 5)
L 10/08/2021 - 00:53:41: [SM] Blaming: retakes-instadefuse.smx
L 10/08/2021 - 00:53:41: [SM] Call stack trace:
L 10/08/2021 - 00:53:41: [SM]   [0] PrintToChat
L 10/08/2021 - 00:53:41: [SM]   [1] Line 197, plugin.sp::AttemptInstantDefuse
L 10/08/2021 - 00:53:41: [SM]   [2] Line 104, plugin.sp::Event_BombBeginDefusePlusFrame
L 10/08/2021 - 00:53:58: [SM] Exception reported: Language phrase "InstaDefuseSuccessful" not found (arg 5)
L 10/08/2021 - 00:53:58: [SM] Blaming: retakes-instadefuse.smx
L 10/08/2021 - 00:53:58: [SM] Call stack trace:
L 10/08/2021 - 00:53:58: [SM]   [0] PrintToChat
L 10/08/2021 - 00:53:58: [SM]   [1] Line 197, plugin.sp::AttemptInstantDefuse
L 10/08/2021 - 00:53:58: [SM]   [2] Line 104, plugin.sp::Event_BombBeginDefusePlusFrame
L 10/08/2021 - 00:54:49: [SM] Exception reported: Language phrase "InstaDefuseSuccessful" not found (arg 5)
L 10/08/2021 - 00:54:49: [SM] Blaming: retakes-instadefuse.smx
L 10/08/2021 - 00:54:49: [SM] Call stack trace:
L 10/08/2021 - 00:54:49: [SM]   [0] PrintToChat
L 10/08/2021 - 00:54:49: [SM]   [1] Line 197, plugin.sp::AttemptInstantDefuse
L 10/08/2021 - 00:54:49: [SM]   [2] Line 104, plugin.sp::Event_BombBeginDefusePlusFrame
L 10/08/2021 - 00:55:10: [SM] Exception reported: Language phrase "InstaDefuseSuccessful" not found (arg 5)
L 10/08/2021 - 00:55:10: [SM] Blaming: retakes-instadefuse.smx
L 10/08/2021 - 00:55:10: [SM] Call stack trace:
L 10/08/2021 - 00:55:10: [SM]   [0] PrintToChat
L 10/08/2021 - 00:55:10: [SM]   [1] Line 197, plugin.sp::AttemptInstantDefuse
L 10/08/2021 - 00:55:10: [SM]   [2] Line 104, plugin.sp::Event_BombBeginDefusePlusFrame
L 10/08/2021 - 00:55:40: [SM] Exception reported: Language phrase "InstaDefuseSuccessful" not found (arg 5)
L 10/08/2021 - 00:55:40: [SM] Blaming: retakes-instadefuse.smx
L 10/08/2021 - 00:55:40: [SM] Call stack trace:
L 10/08/2021 - 00:55:40: [SM]   [0] PrintToChat
L 10/08/2021 - 00:55:40: [SM]   [1] Line 197, plugin.sp::AttemptInstantDefuse
L 10/08/2021 - 00:55:40: [SM]   [2] Line 104, plugin.sp::Event_BombBeginDefusePlusFrame
L 10/08/2021 - 00:55:54: [SM] Exception reported: Language phrase "InstaDefuseSuccessful" not found (arg 5)
L 10/08/2021 - 00:55:54: [SM] Blaming: retakes-instadefuse.smx
L 10/08/2021 - 00:55:54: [SM] Call stack trace:
L 10/08/2021 - 00:55:54: [SM]   [0] PrintToChat
L 10/08/2021 - 00:55:54: [SM]   [1] Line 197, plugin.sp::AttemptInstantDefuse
L 10/08/2021 - 00:55:54: [SM]   [2] Line 104, plugin.sp::Event_BombBeginDefusePlusFrame
L 10/08/2021 - 00:56:11: [SM] Exception reported: Language phrase "InstaDefuseSuccessful" not found (arg 5)
L 10/08/2021 - 00:56:11: [SM] Blaming: retakes-instadefuse.smx
L 10/08/2021 - 00:56:11: [SM] Call stack trace:
L 10/08/2021 - 00:56:11: [SM]   [0] PrintToChat
L 10/08/2021 - 00:56:11: [SM]   [1] Line 197, plugin.sp::AttemptInstantDefuse
L 10/08/2021 - 00:56:11: [SM]   [2] Line 104, plugin.sp::Event_BombBeginDefusePlusFrame
L 10/08/2021 - 00:56:12: [SM] Exception reported: Language phrase "InstaDefuseSuccessful" not found (arg 5)
L 10/08/2021 - 00:56:12: [SM] Blaming: retakes-instadefuse.smx
L 10/08/2021 - 00:56:12: [SM] Call stack trace:
L 10/08/2021 - 00:56:12: [SM]   [0] PrintToChat
L 10/08/2021 - 00:56:12: [SM]   [1] Line 197, plugin.sp::AttemptInstantDefuse
L 10/08/2021 - 00:56:12: [SM]   [2] Line 104, plugin.sp::Event_BombBeginDefusePlusFrame
L 10/08/2021 - 00:56:40: [SM] Exception reported: Language phrase "InstaDefuseSuccessful" not found (arg 5)
L 10/08/2021 - 00:56:40: [SM] Blaming: retakes-instadefuse.smx
L 10/08/2021 - 00:56:40: [SM] Call stack trace:
L 10/08/2021 - 00:56:40: [SM]   [0] PrintToChat
L 10/08/2021 - 00:56:40: [SM]   [1] Line 197, plugin.sp::AttemptInstantDefuse
L 10/08/2021 - 00:56:40: [SM]   [2] Line 104, plugin.sp::Event_BombBeginDefusePlusFrame
L 10/08/2021 - 00:56:55: [SM] Exception reported: Language phrase "InstaDefuseSuccessful" not found (arg 5)
L 10/08/2021 - 00:56:55: [SM] Blaming: retakes-instadefuse.smx
L 10/08/2021 - 00:56:55: [SM] Call stack trace:
L 10/08/2021 - 00:56:55: [SM]   [0] PrintToChat
L 10/08/2021 - 00:56:55: [SM]   [1] Line 197, plugin.sp::AttemptInstantDefuse
L 10/08/2021 - 00:56:55: [SM]   [2] Line 104, plugin.sp::Event_BombBeginDefusePlusFrame
L 10/08/2021 - 00:57:14: [SM] Exception reported: Language phrase "InstaDefuseSuccessful" not found (arg 5)
L 10/08/2021 - 00:57:14: [SM] Blaming: retakes-instadefuse.smx
L 10/08/2021 - 00:57:14: [SM] Call stack trace:
L 10/08/2021 - 00:57:14: [SM]   [0] PrintToChat
L 10/08/2021 - 00:57:14: [SM]   [1] Line 197, plugin.sp::AttemptInstantDefuse
L 10/08/2021 - 00:57:14: [SM]   [2] Line 104, plugin.sp::Event_BombBeginDefusePlusFrame
L 10/08/2021 - 00:58:20: [SM] Exception reported: Language phrase "InstaDefuseSuccessful" not found (arg 5)
L 10/08/2021 - 00:58:20: [SM] Blaming: retakes-instadefuse.smx
L 10/08/2021 - 00:58:20: [SM] Call stack trace:
L 10/08/2021 - 00:58:20: [SM]   [0] PrintToChat
L 10/08/2021 - 00:58:20: [SM]   [1] Line 197, plugin.sp::AttemptInstantDefuse
L 10/08/2021 - 00:58:20: [SM]   [2] Line 104, plugin.sp::Event_BombBeginDefusePlusFrame
L 10/08/2021 - 00:58:42: [SM] Exception reported: Language phrase "InstaDefuseSuccessful" not found (arg 5)
L 10/08/2021 - 00:58:42: [SM] Blaming: retakes-instadefuse.smx
L 10/08/2021 - 00:58:42: [SM] Call stack trace:
L 10/08/2021 - 00:58:42: [SM]   [0] PrintToChat
L 10/08/2021 - 00:58:42: [SM]   [1] Line 197, plugin.sp::AttemptInstantDefuse
L 10/08/2021 - 00:58:42: [SM]   [2] Line 104, plugin.sp::Event_BombBeginDefusePlusFrame
L 10/08/2021 - 00:58:57: [SM] Exception reported: Language phrase "InstaDefuseSuccessful" not found (arg 5)
L 10/08/2021 - 00:58:57: [SM] Blaming: retakes-instadefuse.smx
L 10/08/2021 - 00:58:57: [SM] Call stack trace:
L 10/08/2021 - 00:58:57: [SM]   [0] PrintToChat
L 10/08/2021 - 00:58:57: [SM]   [1] Line 197, plugin.sp::AttemptInstantDefuse
L 10/08/2021 - 00:58:57: [SM]   [2] Line 104, plugin.sp::Event_BombBeginDefusePlusFrame
L 10/08/2021 - 00:59:20: [SM] Exception reported: Language phrase "InstaDefuseSuccessful" not found (arg 5)
L 10/08/2021 - 00:59:20: [SM] Blaming: retakes-instadefuse.smx
L 10/08/2021 - 00:59:20: [SM] Call stack trace:
L 10/08/2021 - 00:59:20: [SM]   [0] PrintToChat
L 10/08/2021 - 00:59:20: [SM]   [1] Line 197, plugin.sp::AttemptInstantDefuse
L 10/08/2021 - 00:59:20: [SM]   [2] Line 104, plugin.sp::Event_BombBeginDefusePlusFrame
L 10/08/2021 - 01:00:55: [SM] Exception reported: Language phrase "InstaDefuseSuccessful" not found (arg 5)
L 10/08/2021 - 01:00:55: [SM] Blaming: retakes-instadefuse.smx
L 10/08/2021 - 01:00:55: [SM] Call stack trace:
L 10/08/2021 - 01:00:55: [SM]   [0] PrintToChat
L 10/08/2021 - 01:00:55: [SM]   [1] Line 197, plugin.sp::AttemptInstantDefuse
L 10/08/2021 - 01:00:55: [SM]   [2] Line 104, plugin.sp::Event_BombBeginDefusePlusFrame
L 10/08/2021 - 01:01:39: [SM] Exception reported: Language phrase "InstaDefuseSuccessful" not found (arg 5)
L 10/08/2021 - 01:01:39: [SM] Blaming: retakes-instadefuse.smx
L 10/08/2021 - 01:01:39: [SM] Call stack trace:
L 10/08/2021 - 01:01:39: [SM]   [0] PrintToChat
L 10/08/2021 - 01:01:39: [SM]   [1] Line 197, plugin.sp::AttemptInstantDefuse
L 10/08/2021 - 01:01:39: [SM]   [2] Line 104, plugin.sp::Event_BombBeginDefusePlusFrame
L 10/08/2021 - 01:02:18: [SM] Exception reported: Language phrase "InstaDefuseSuccessful" not found (arg 5)
L 10/08/2021 - 01:02:18: [SM] Blaming: retakes-instadefuse.smx
L 10/08/2021 - 01:02:18: [SM] Call stack trace:
L 10/08/2021 - 01:02:18: [SM]   [0] PrintToChat
L 10/08/2021 - 01:02:18: [SM]   [1] Line 197, plugin.sp::AttemptInstantDefuse
L 10/08/2021 - 01:02:18: [SM]   [2] Line 104, plugin.sp::Event_BombBeginDefusePlusFrame
L 10/08/2021 - 01:02:43: [SM] Exception reported: Language phrase "InstaDefuseSuccessful" not found (arg 5)
L 10/08/2021 - 01:02:43: [SM] Blaming: retakes-instadefuse.smx
L 10/08/2021 - 01:02:43: [SM] Call stack trace:
L 10/08/2021 - 01:02:43: [SM]   [0] PrintToChat
L 10/08/2021 - 01:02:43: [SM]   [1] Line 197, plugin.sp::AttemptInstantDefuse
L 10/08/2021 - 01:02:43: [SM]   [2] Line 104, plugin.sp::Event_BombBeginDefusePlusFrame
L 10/08/2021 - 01:03:22: [SM] Exception reported: Language phrase "InstaDefuseSuccessful" not found (arg 5)
L 10/08/2021 - 01:03:22: [SM] Blaming: retakes-instadefuse.smx
L 10/08/2021 - 01:03:22: [SM] Call stack trace:
L 10/08/2021 - 01:03:22: [SM]   [0] PrintToChat
L 10/08/2021 - 01:03:22: [SM]   [1] Line 197, plugin.sp::AttemptInstantDefuse
L 10/08/2021 - 01:03:22: [SM]   [2] Line 104, plugin.sp::Event_BombBeginDefusePlusFrame
L 10/08/2021 - 01:04:25: [SM] Exception reported: Language phrase "InstaDefuseSuccessful" not found (arg 5)
L 10/08/2021 - 01:04:25: [SM] Blaming: retakes-instadefuse.smx
L 10/08/2021 - 01:04:25: [SM] Call stack trace:
L 10/08/2021 - 01:04:25: [SM]   [0] PrintToChat
L 10/08/2021 - 01:04:25: [SM]   [1] Line 197, plugin.sp::AttemptInstantDefuse
L 10/08/2021 - 01:04:25: [SM]   [2] Line 104, plugin.sp::Event_BombBeginDefusePlusFrame
L 10/08/2021 - 01:04:55: [SM] Exception reported: Language phrase "InstaDefuseSuccessful" not found (arg 5)
L 10/08/2021 - 01:04:55: [SM] Blaming: retakes-instadefuse.smx
L 10/08/2021 - 01:04:55: [SM] Call stack trace:
L 10/08/2021 - 01:04:55: [SM]   [0] PrintToChat
L 10/08/2021 - 01:04:55: [SM]   [1] Line 197, plugin.sp::AttemptInstantDefuse
L 10/08/2021 - 01:04:55: [SM]   [2] Line 104, plugin.sp::Event_BombBeginDefusePlusFrame
L 10/08/2021 - 01:05:55: [SM] Exception reported: Language phrase "InstaDefuseSuccessful" not found (arg 5)
L 10/08/2021 - 01:05:55: [SM] Blaming: retakes-instadefuse.smx
L 10/08/2021 - 01:05:55: [SM] Call stack trace:
L 10/08/2021 - 01:05:55: [SM]   [0] PrintToChat
L 10/08/2021 - 01:05:55: [SM]   [1] Line 197, plugin.sp::AttemptInstantDefuse
L 10/08/2021 - 01:05:55: [SM]   [2] Line 104, plugin.sp::Event_BombBeginDefusePlusFrame
L 10/08/2021 - 01:05:56: [SM] Exception reported: Language phrase "InstaDefuseSuccessful" not found (arg 5)
L 10/08/2021 - 01:05:56: [SM] Blaming: retakes-instadefuse.smx
L 10/08/2021 - 01:05:56: [SM] Call stack trace:
L 10/08/2021 - 01:05:56: [SM]   [0] PrintToChat
L 10/08/2021 - 01:05:56: [SM]   [1] Line 197, plugin.sp::AttemptInstantDefuse
L 10/08/2021 - 01:05:56: [SM]   [2] Line 104, plugin.sp::Event_BombBeginDefusePlusFrame
L 10/08/2021 - 01:06:26: [SM] Exception reported: Language phrase "InstaDefuseSuccessful" not found (arg 5)
L 10/08/2021 - 01:06:26: [SM] Blaming: retakes-instadefuse.smx
L 10/08/2021 - 01:06:26: [SM] Call stack trace:
L 10/08/2021 - 01:06:26: [SM]   [0] PrintToChat
L 10/08/2021 - 01:06:26: [SM]   [1] Line 197, plugin.sp::AttemptInstantDefuse
L 10/08/2021 - 01:06:26: [SM]   [2] Line 104, plugin.sp::Event_BombBeginDefusePlusFrame
L 10/08/2021 - 01:06:59: [SM] Exception reported: Language phrase "LiveNadeSomewhere" not found (arg 5)
L 10/08/2021 - 01:06:59: [SM] Blaming: retakes-instadefuse.smx
L 10/08/2021 - 01:06:59: [SM] Call stack trace:
L 10/08/2021 - 01:06:59: [SM]   [0] PrintToChat
L 10/08/2021 - 01:06:59: [SM]   [1] Line 168, plugin.sp::AttemptInstantDefuse
L 10/08/2021 - 01:06:59: [SM]   [2] Line 104, plugin.sp::Event_BombBeginDefusePlusFrame
L 10/08/2021 - 01:06:59: [SM] Exception reported: Language phrase "LiveNadeSomewhere" not found (arg 5)
L 10/08/2021 - 01:06:59: [SM] Blaming: retakes-instadefuse.smx
L 10/08/2021 - 01:06:59: [SM] Call stack trace:
L 10/08/2021 - 01:06:59: [SM]   [0] PrintToChat
L 10/08/2021 - 01:06:59: [SM]   [1] Line 168, plugin.sp::AttemptInstantDefuse
L 10/08/2021 - 01:06:59: [SM]   [2] Line 104, plugin.sp::Event_BombBeginDefusePlusFrame
L 10/08/2021 - 01:07:26: [SM] Exception reported: Language phrase "InstaDefuseSuccessful" not found (arg 5)
L 10/08/2021 - 01:07:26: [SM] Blaming: retakes-instadefuse.smx
L 10/08/2021 - 01:07:26: [SM] Call stack trace:
L 10/08/2021 - 01:07:26: [SM]   [0] PrintToChat
L 10/08/2021 - 01:07:26: [SM]   [1] Line 197, plugin.sp::AttemptInstantDefuse
L 10/08/2021 - 01:07:26: [SM]   [2] Line 104, plugin.sp::Event_BombBeginDefusePlusFrame
L 10/08/2021 - 01:08:08: [SM] Exception reported: Language phrase "InstaDefuseSuccessful" not found (arg 5)
L 10/08/2021 - 01:08:08: [SM] Blaming: retakes-instadefuse.smx
L 10/08/2021 - 01:08:08: [SM] Call stack trace:
L 10/08/2021 - 01:08:08: [SM]   [0] PrintToChat
L 10/08/2021 - 01:08:08: [SM]   [1] Line 197, plugin.sp::AttemptInstantDefuse
L 10/08/2021 - 01:08:08: [SM]   [2] Line 104, plugin.sp::Event_BombBeginDefusePlusFrame
L 10/08/2021 - 01:09:05: [SM] Exception reported: Language phrase "InstaDefuseSuccessful" not found (arg 5)
L 10/08/2021 - 01:09:05: [SM] Blaming: retakes-instadefuse.smx
L 10/08/2021 - 01:09:05: [SM] Call stack trace:
L 10/08/2021 - 01:09:05: [SM]   [0] PrintToChat
L 10/08/2021 - 01:09:05: [SM]   [1] Line 197, plugin.sp::AttemptInstantDefuse
L 10/08/2021 - 01:09:05: [SM]   [2] Line 104, plugin.sp::Event_BombBeginDefusePlusFrame
L 10/08/2021 - 01:09:31: [SM] Exception reported: Language phrase "InstaDefuseSuccessful" not found (arg 5)
L 10/08/2021 - 01:09:31: [SM] Blaming: retakes-instadefuse.smx
L 10/08/2021 - 01:09:31: [SM] Call stack trace:
L 10/08/2021 - 01:09:31: [SM]   [0] PrintToChat
L 10/08/2021 - 01:09:31: [SM]   [1] Line 197, plugin.sp::AttemptInstantDefuse
L 10/08/2021 - 01:09:31: [SM]   [2] Line 104, plugin.sp::Event_BombBeginDefusePlusFrame
L 10/08/2021 - 01:09:34: [SM] Exception reported: Language phrase "InstaDefuseSuccessful" not found (arg 5)
L 10/08/2021 - 01:09:34: [SM] Blaming: retakes-instadefuse.smx
L 10/08/2021 - 01:09:34: [SM] Call stack trace:
L 10/08/2021 - 01:09:34: [SM]   [0] PrintToChat
L 10/08/2021 - 01:09:34: [SM]   [1] Line 197, plugin.sp::AttemptInstantDefuse
L 10/08/2021 - 01:09:34: [SM]   [2] Line 104, plugin.sp::Event_BombBeginDefusePlusFrame
L 10/08/2021 - 01:09:54: [SM] Exception reported: Language phrase "InstaDefuseSuccessful" not found (arg 5)
L 10/08/2021 - 01:09:54: [SM] Blaming: retakes-instadefuse.smx
L 10/08/2021 - 01:09:54: [SM] Call stack trace:
L 10/08/2021 - 01:09:54: [SM]   [0] PrintToChat
L 10/08/2021 - 01:09:54: [SM]   [1] Line 197, plugin.sp::AttemptInstantDefuse
L 10/08/2021 - 01:09:54: [SM]   [2] Line 104, plugin.sp::Event_BombBeginDefusePlusFrame
L 10/08/2021 - 01:10:11: [SM] Exception reported: Language phrase "InstaDefuseSuccessful" not found (arg 5)
L 10/08/2021 - 01:10:11: [SM] Blaming: retakes-instadefuse.smx
L 10/08/2021 - 01:10:11: [SM] Call stack trace:
L 10/08/2021 - 01:10:11: [SM]   [0] PrintToChat
L 10/08/2021 - 01:10:11: [SM]   [1] Line 197, plugin.sp::AttemptInstantDefuse
L 10/08/2021 - 01:10:11: [SM]   [2] Line 104, plugin.sp::Event_BombBeginDefusePlusFrame
L 10/08/2021 - 01:10:43: [SM] Exception reported: Language phrase "InstaDefuseSuccessful" not found (arg 5)
L 10/08/2021 - 01:10:43: [SM] Blaming: retakes-instadefuse.smx
L 10/08/2021 - 01:10:43: [SM] Call stack trace:
L 10/08/2021 - 01:10:43: [SM]   [0] PrintToChat
L 10/08/2021 - 01:10:43: [SM]   [1] Line 197, plugin.sp::AttemptInstantDefuse
L 10/08/2021 - 01:10:43: [SM]   [2] Line 104, plugin.sp::Event_BombBeginDefusePlusFrame
L 10/08/2021 - 01:11:04: [SM] Exception reported: Language phrase "InstaDefuseSuccessful" not found (arg 5)
L 10/08/2021 - 01:11:04: [SM] Blaming: retakes-instadefuse.smx
L 10/08/2021 - 01:11:04: [SM] Call stack trace:
L 10/08/2021 - 01:11:04: [SM]   [0] PrintToChat
L 10/08/2021 - 01:11:04: [SM]   [1] Line 197, plugin.sp::AttemptInstantDefuse
L 10/08/2021 - 01:11:04: [SM]   [2] Line 104, plugin.sp::Event_BombBeginDefusePlusFrame
L 10/08/2021 - 01:11:26: [SM] Exception reported: Language phrase "InstaDefuseSuccessful" not found (arg 5)
L 10/08/2021 - 01:11:26: [SM] Blaming: retakes-instadefuse.smx
L 10/08/2021 - 01:11:26: [SM] Call stack trace:
L 10/08/2021 - 01:11:26: [SM]   [0] PrintToChat
L 10/08/2021 - 01:11:26: [SM]   [1] Line 197, plugin.sp::AttemptInstantDefuse
L 10/08/2021 - 01:11:26: [SM]   [2] Line 104, plugin.sp::Event_BombBeginDefusePlusFrame
L 10/08/2021 - 01:11:58: [SM] Exception reported: Language phrase "InstaDefuseSuccessful" not found (arg 5)
L 10/08/2021 - 01:11:58: [SM] Blaming: retakes-instadefuse.smx
L 10/08/2021 - 01:11:58: [SM] Call stack trace:
L 10/08/2021 - 01:11:58: [SM]   [0] PrintToChat
L 10/08/2021 - 01:11:58: [SM]   [1] Line 197, plugin.sp::AttemptInstantDefuse
L 10/08/2021 - 01:11:58: [SM]   [2] Line 104, plugin.sp::Event_BombBeginDefusePlusFrame
L 10/08/2021 - 01:12:57: [SM] Exception reported: Language phrase "InstaDefuseSuccessful" not found (arg 5)
L 10/08/2021 - 01:12:57: [SM] Blaming: retakes-instadefuse.smx
L 10/08/2021 - 01:12:57: [SM] Call stack trace:
L 10/08/2021 - 01:12:57: [SM]   [0] PrintToChat
L 10/08/2021 - 01:12:57: [SM]   [1] Line 197, plugin.sp::AttemptInstantDefuse
L 10/08/2021 - 01:12:57: [SM]   [2] Line 104, plugin.sp::Event_BombBeginDefusePlusFrame
L 10/08/2021 - 01:13:15: [SM] Exception reported: Language phrase "LiveNadeSomewhere" not found (arg 5)
L 10/08/2021 - 01:13:15: [SM] Blaming: retakes-instadefuse.smx
L 10/08/2021 - 01:13:15: [SM] Call stack trace:
L 10/08/2021 - 01:13:15: [SM]   [0] PrintToChat
L 10/08/2021 - 01:13:15: [SM]   [1] Line 168, plugin.sp::AttemptInstantDefuse
L 10/08/2021 - 01:13:15: [SM]   [2] Line 104, plugin.sp::Event_BombBeginDefusePlusFrame
L 10/08/2021 - 01:13:37: [SM] Exception reported: Language phrase "InstaDefuseSuccessful" not found (arg 5)
L 10/08/2021 - 01:13:37: [SM] Blaming: retakes-instadefuse.smx
L 10/08/2021 - 01:13:37: [SM] Call stack trace:
L 10/08/2021 - 01:13:37: [SM]   [0] PrintToChat
L 10/08/2021 - 01:13:37: [SM]   [1] Line 197, plugin.sp::AttemptInstantDefuse
L 10/08/2021 - 01:13:37: [SM]   [2] Line 104, plugin.sp::Event_BombBeginDefusePlusFrame
L 10/08/2021 - 01:13:56: [SM] Exception reported: Language phrase "InstaDefuseSuccessful" not found (arg 5)
L 10/08/2021 - 01:13:56: [SM] Blaming: retakes-instadefuse.smx
L 10/08/2021 - 01:13:56: [SM] Call stack trace:
L 10/08/2021 - 01:13:56: [SM]   [0] PrintToChat
L 10/08/2021 - 01:13:56: [SM]   [1] Line 197, plugin.sp::AttemptInstantDefuse
L 10/08/2021 - 01:13:56: [SM]   [2] Line 104, plugin.sp::Event_BombBeginDefusePlusFrame
L 10/08/2021 - 01:14:15: [SM] Exception reported: Language phrase "InstaDefuseSuccessful" not found (arg 5)
L 10/08/2021 - 01:14:15: [SM] Blaming: retakes-instadefuse.smx
L 10/08/2021 - 01:14:15: [SM] Call stack trace:
L 10/08/2021 - 01:14:15: [SM]   [0] PrintToChat
L 10/08/2021 - 01:14:15: [SM]   [1] Line 197, plugin.sp::AttemptInstantDefuse
L 10/08/2021 - 01:14:15: [SM]   [2] Line 104, plugin.sp::Event_BombBeginDefusePlusFrame
L 10/08/2021 - 01:14:43: [SM] Exception reported: Language phrase "InstaDefuseSuccessful" not found (arg 5)
L 10/08/2021 - 01:14:43: [SM] Blaming: retakes-instadefuse.smx
L 10/08/2021 - 01:14:43: [SM] Call stack trace:
L 10/08/2021 - 01:14:43: [SM]   [0] PrintToChat
L 10/08/2021 - 01:14:43: [SM]   [1] Line 197, plugin.sp::AttemptInstantDefuse
L 10/08/2021 - 01:14:43: [SM]   [2] Line 104, plugin.sp::Event_BombBeginDefusePlusFrame
L 10/08/2021 - 01:15:22: [SM] Exception reported: Language phrase "InstaDefuseSuccessful" not found (arg 5)
L 10/08/2021 - 01:15:22: [SM] Blaming: retakes-instadefuse.smx
L 10/08/2021 - 01:15:22: [SM] Call stack trace:
L 10/08/2021 - 01:15:22: [SM]   [0] PrintToChat
L 10/08/2021 - 01:15:22: [SM]   [1] Line 197, plugin.sp::AttemptInstantDefuse
L 10/08/2021 - 01:15:22: [SM]   [2] Line 104, plugin.sp::Event_BombBeginDefusePlusFrame
L 10/08/2021 - 01:15:46: [SM] Exception reported: Language phrase "InstaDefuseSuccessful" not found (arg 5)
L 10/08/2021 - 01:15:46: [SM] Blaming: retakes-instadefuse.smx
L 10/08/2021 - 01:15:46: [SM] Call stack trace:
L 10/08/2021 - 01:15:46: [SM]   [0] PrintToChat
L 10/08/2021 - 01:15:46: [SM]   [1] Line 197, plugin.sp::AttemptInstantDefuse
L 10/08/2021 - 01:15:46: [SM]   [2] Line 104, plugin.sp::Event_BombBeginDefusePlusFrame
L 10/08/2021 - 01:16:13: [SM] Exception reported: Language phrase "InstaDefuseSuccessful" not found (arg 5)
L 10/08/2021 - 01:16:13: [SM] Blaming: retakes-instadefuse.smx
L 10/08/2021 - 01:16:13: [SM] Call stack trace:
L 10/08/2021 - 01:16:13: [SM]   [0] PrintToChat
L 10/08/2021 - 01:16:13: [SM]   [1] Line 197, plugin.sp::AttemptInstantDefuse
L 10/08/2021 - 01:16:13: [SM]   [2] Line 104, plugin.sp::Event_BombBeginDefusePlusFrame
L 10/08/2021 - 01:16:28: [SM] Exception reported: Language phrase "InstaDefuseSuccessful" not found (arg 5)
L 10/08/2021 - 01:16:28: [SM] Blaming: retakes-instadefuse.smx
L 10/08/2021 - 01:16:28: [SM] Call stack trace:
L 10/08/2021 - 01:16:28: [SM]   [0] PrintToChat
L 10/08/2021 - 01:16:28: [SM]   [1] Line 197, plugin.sp::AttemptInstantDefuse
L 10/08/2021 - 01:16:28: [SM]   [2] Line 104, plugin.sp::Event_BombBeginDefusePlusFrame
L 10/08/2021 - 01:16:49: [SM] Exception reported: Language phrase "InstaDefuseSuccessful" not found (arg 5)
L 10/08/2021 - 01:16:49: [SM] Blaming: retakes-instadefuse.smx
L 10/08/2021 - 01:16:49: [SM] Call stack trace:
L 10/08/2021 - 01:16:49: [SM]   [0] PrintToChat
L 10/08/2021 - 01:16:49: [SM]   [1] Line 197, plugin.sp::AttemptInstantDefuse
L 10/08/2021 - 01:16:49: [SM]   [2] Line 104, plugin.sp::Event_BombBeginDefusePlusFrame
L 10/08/2021 - 01:17:10: [SM] Exception reported: Language phrase "InstaDefuseSuccessful" not found (arg 5)
L 10/08/2021 - 01:17:10: [SM] Blaming: retakes-instadefuse.smx
L 10/08/2021 - 01:17:10: [SM] Call stack trace:
L 10/08/2021 - 01:17:10: [SM]   [0] PrintToChat
L 10/08/2021 - 01:17:10: [SM]   [1] Line 197, plugin.sp::AttemptInstantDefuse
L 10/08/2021 - 01:17:10: [SM]   [2] Line 104, plugin.sp::Event_BombBeginDefusePlusFrame
L 10/08/2021 - 01:17:28: [SM] Exception reported: Language phrase "InstaDefuseSuccessful" not found (arg 5)
L 10/08/2021 - 01:17:28: [SM] Blaming: retakes-instadefuse.smx
L 10/08/2021 - 01:17:28: [SM] Call stack trace:
L 10/08/2021 - 01:17:28: [SM]   [0] PrintToChat
L 10/08/2021 - 01:17:28: [SM]   [1] Line 197, plugin.sp::AttemptInstantDefuse
L 10/08/2021 - 01:17:28: [SM]   [2] Line 104, plugin.sp::Event_BombBeginDefusePlusFrame
L 10/08/2021 - 01:17:48: [SM] Exception reported: Language phrase "InstaDefuseSuccessful" not found (arg 5)
L 10/08/2021 - 01:17:48: [SM] Blaming: retakes-instadefuse.smx
L 10/08/2021 - 01:17:48: [SM] Call stack trace:
L 10/08/2021 - 01:17:48: [SM]   [0] PrintToChat
L 10/08/2021 - 01:17:48: [SM]   [1] Line 197, plugin.sp::AttemptInstantDefuse
L 10/08/2021 - 01:17:48: [SM]   [2] Line 104, plugin.sp::Event_BombBeginDefusePlusFrame
L 10/08/2021 - 01:18:17: [SM] Exception reported: Language phrase "InstaDefuseSuccessful" not found (arg 5)
L 10/08/2021 - 01:18:17: [SM] Blaming: retakes-instadefuse.smx
L 10/08/2021 - 01:18:17: [SM] Call stack trace:
L 10/08/2021 - 01:18:17: [SM]   [0] PrintToChat
L 10/08/2021 - 01:18:17: [SM]   [1] Line 197, plugin.sp::AttemptInstantDefuse
L 10/08/2021 - 01:18:17: [SM]   [2] Line 104, plugin.sp::Event_BombBeginDefusePlusFrame
L 10/08/2021 - 01:18:39: [SM] Exception reported: Language phrase "InstaDefuseSuccessful" not found (arg 5)
L 10/08/2021 - 01:18:39: [SM] Blaming: retakes-instadefuse.smx
L 10/08/2021 - 01:18:39: [SM] Call stack trace:
L 10/08/2021 - 01:18:39: [SM]   [0] PrintToChat
L 10/08/2021 - 01:18:39: [SM]   [1] Line 197, plugin.sp::AttemptInstantDefuse
L 10/08/2021 - 01:18:39: [SM]   [2] Line 104, plugin.sp::Event_BombBeginDefusePlusFrame
L 10/08/2021 - 01:19:27: [SM] Exception reported: Language phrase "InstaDefuseSuccessful" not found (arg 5)
L 10/08/2021 - 01:19:27: [SM] Blaming: retakes-instadefuse.smx
L 10/08/2021 - 01:19:27: [SM] Call stack trace:
L 10/08/2021 - 01:19:27: [SM]   [0] PrintToChat
L 10/08/2021 - 01:19:27: [SM]   [1] Line 197, plugin.sp::AttemptInstantDefuse
L 10/08/2021 - 01:19:27: [SM]   [2] Line 104, plugin.sp::Event_BombBeginDefusePlusFrame
L 10/08/2021 - 01:19:53: [SM] Exception reported: Language phrase "InstaDefuseSuccessful" not found (arg 5)
L 10/08/2021 - 01:19:53: [SM] Blaming: retakes-instadefuse.smx
L 10/08/2021 - 01:19:53: [SM] Call stack trace:
L 10/08/2021 - 01:19:53: [SM]   [0] PrintToChat
L 10/08/2021 - 01:19:53: [SM]   [1] Line 197, plugin.sp::AttemptInstantDefuse
L 10/08/2021 - 01:19:53: [SM]   [2] Line 104, plugin.sp::Event_BombBeginDefusePlusFrame
L 10/08/2021 - 01:20:48: [SM] Exception reported: Language phrase "InstaDefuseSuccessful" not found (arg 5)
L 10/08/2021 - 01:20:48: [SM] Blaming: retakes-instadefuse.smx
L 10/08/2021 - 01:20:48: [SM] Call stack trace:
L 10/08/2021 - 01:20:48: [SM]   [0] PrintToChat
L 10/08/2021 - 01:20:48: [SM]   [1] Line 197, plugin.sp::AttemptInstantDefuse
L 10/08/2021 - 01:20:48: [SM]   [2] Line 104, plugin.sp::Event_BombBeginDefusePlusFrame
L 10/08/2021 - 01:21:41: [SM] Exception reported: Language phrase "InstaDefuseSuccessful" not found (arg 5)
L 10/08/2021 - 01:21:41: [SM] Blaming: retakes-instadefuse.smx
L 10/08/2021 - 01:21:41: [SM] Call stack trace:
L 10/08/2021 - 01:21:41: [SM]   [0] PrintToChat
L 10/08/2021 - 01:21:41: [SM]   [1] Line 197, plugin.sp::AttemptInstantDefuse
L 10/08/2021 - 01:21:41: [SM]   [2] Line 104, plugin.sp::Event_BombBeginDefusePlusFrame
L 10/08/2021 - 01:22:03: [SM] Exception reported: Language phrase "InstaDefuseSuccessful" not found (arg 5)
L 10/08/2021 - 01:22:03: [SM] Blaming: retakes-instadefuse.smx
L 10/08/2021 - 01:22:03: [SM] Call stack trace:
L 10/08/2021 - 01:22:03: [SM]   [0] PrintToChat
L 10/08/2021 - 01:22:03: [SM]   [1] Line 197, plugin.sp::AttemptInstantDefuse
L 10/08/2021 - 01:22:03: [SM]   [2] Line 104, plugin.sp::Event_BombBeginDefusePlusFrame
L 10/08/2021 - 01:23:25: [SM] Exception reported: Language phrase "InstaDefuseUnsuccessful" not found (arg 5)
L 10/08/2021 - 01:23:25: [SM] Blaming: retakes-instadefuse.smx
L 10/08/2021 - 01:23:25: [SM] Call stack trace:
L 10/08/2021 - 01:23:25: [SM]   [0] PrintToChat
L 10/08/2021 - 01:23:25: [SM]   [1] Line 143, plugin.sp::AttemptInstantDefuse
L 10/08/2021 - 01:23:25: [SM]   [2] Line 104, plugin.sp::Event_BombBeginDefusePlusFrame
L 10/08/2021 - 01:23:25: [SM] Exception reported: Language phrase "InstaDefuseUnsuccessful" not found (arg 5)
L 10/08/2021 - 01:23:25: [SM] Blaming: retakes-instadefuse.smx
L 10/08/2021 - 01:23:25: [SM] Call stack trace:
L 10/08/2021 - 01:23:25: [SM]   [0] PrintToChat
L 10/08/2021 - 01:23:25: [SM]   [1] Line 143, plugin.sp::AttemptInstantDefuse
L 10/08/2021 - 01:23:25: [SM]   [2] Line 104, plugin.sp::Event_BombBeginDefusePlusFrame
L 10/08/2021 - 01:24:25: [SM] Exception reported: Language phrase "InstaDefuseSuccessful" not found (arg 5)
L 10/08/2021 - 01:24:25: [SM] Blaming: retakes-instadefuse.smx
L 10/08/2021 - 01:24:25: [SM] Call stack trace:
L 10/08/2021 - 01:24:25: [SM]   [0] PrintToChat
L 10/08/2021 - 01:24:25: [SM]   [1] Line 197, plugin.sp::AttemptInstantDefuse
L 10/08/2021 - 01:24:25: [SM]   [2] Line 104, plugin.sp::Event_BombBeginDefusePlusFrame
L 10/08/2021 - 01:24:51: [SM] Exception reported: Language phrase "InstaDefuseSuccessful" not found (arg 5)
L 10/08/2021 - 01:24:51: [SM] Blaming: retakes-instadefuse.smx
L 10/08/2021 - 01:24:51: [SM] Call stack trace:
L 10/08/2021 - 01:24:51: [SM]   [0] PrintToChat
L 10/08/2021 - 01:24:51: [SM]   [1] Line 197, plugin.sp::AttemptInstantDefuse
L 10/08/2021 - 01:24:51: [SM]   [2] Line 104, plugin.sp::Event_BombBeginDefusePlusFrame
L 10/08/2021 - 01:25:32: [SM] Exception reported: Language phrase "InstaDefuseSuccessful" not found (arg 5)
L 10/08/2021 - 01:25:32: [SM] Blaming: retakes-instadefuse.smx
L 10/08/2021 - 01:25:32: [SM] Call stack trace:
L 10/08/2021 - 01:25:32: [SM]   [0] PrintToChat
L 10/08/2021 - 01:25:32: [SM]   [1] Line 197, plugin.sp::AttemptInstantDefuse
L 10/08/2021 - 01:25:32: [SM]   [2] Line 104, plugin.sp::Event_BombBeginDefusePlusFrame
L 10/08/2021 - 01:25:59: [SM] Exception reported: Language phrase "InstaDefuseSuccessful" not found (arg 5)
L 10/08/2021 - 01:25:59: [SM] Blaming: retakes-instadefuse.smx
L 10/08/2021 - 01:25:59: [SM] Call stack trace:
L 10/08/2021 - 01:25:59: [SM]   [0] PrintToChat
L 10/08/2021 - 01:25:59: [SM]   [1] Line 197, plugin.sp::AttemptInstantDefuse
L 10/08/2021 - 01:25:59: [SM]   [2] Line 104, plugin.sp::Event_BombBeginDefusePlusFrame
L 10/08/2021 - 01:26:44: [SM] Exception reported: Language phrase "InstaDefuseSuccessful" not found (arg 5)
L 10/08/2021 - 01:26:44: [SM] Blaming: retakes-instadefuse.smx
L 10/08/2021 - 01:26:44: [SM] Call stack trace:
L 10/08/2021 - 01:26:44: [SM]   [0] PrintToChat
L 10/08/2021 - 01:26:44: [SM]   [1] Line 197, plugin.sp::AttemptInstantDefuse
L 10/08/2021 - 01:26:44: [SM]   [2] Line 104, plugin.sp::Event_BombBeginDefusePlusFrame
L 10/08/2021 - 01:27:34: [SM] Exception reported: Language phrase "InstaDefuseSuccessful" not found (arg 5)
L 10/08/2021 - 01:27:34: [SM] Blaming: retakes-instadefuse.smx
L 10/08/2021 - 01:27:34: [SM] Call stack trace:
L 10/08/2021 - 01:27:34: [SM]   [0] PrintToChat
L 10/08/2021 - 01:27:34: [SM]   [1] Line 197, plugin.sp::AttemptInstantDefuse
L 10/08/2021 - 01:27:34: [SM]   [2] Line 104, plugin.sp::Event_BombBeginDefusePlusFrame
L 10/08/2021 - 01:28:48: [SM] Exception reported: Language phrase "InstaDefuseSuccessful" not found (arg 5)
L 10/08/2021 - 01:28:48: [SM] Blaming: retakes-instadefuse.smx
L 10/08/2021 - 01:28:48: [SM] Call stack trace:
L 10/08/2021 - 01:28:48: [SM]   [0] PrintToChat
L 10/08/2021 - 01:28:48: [SM]   [1] Line 197, plugin.sp::AttemptInstantDefuse
L 10/08/2021 - 01:28:48: [SM]   [2] Line 104, plugin.sp::Event_BombBeginDefusePlusFrame
L 10/08/2021 - 01:29:07: [SM] Exception reported: Language phrase "InstaDefuseSuccessful" not found (arg 5)
L 10/08/2021 - 01:29:07: [SM] Blaming: retakes-instadefuse.smx
L 10/08/2021 - 01:29:07: [SM] Call stack trace:
L 10/08/2021 - 01:29:07: [SM]   [0] PrintToChat
L 10/08/2021 - 01:29:07: [SM]   [1] Line 197, plugin.sp::AttemptInstantDefuse
L 10/08/2021 - 01:29:07: [SM]   [2] Line 104, plugin.sp::Event_BombBeginDefusePlusFrame
L 10/08/2021 - 01:29:29: [SM] Exception reported: Language phrase "InstaDefuseSuccessful" not found (arg 5)
L 10/08/2021 - 01:29:29: [SM] Blaming: retakes-instadefuse.smx
L 10/08/2021 - 01:29:29: [SM] Call stack trace:
L 10/08/2021 - 01:29:29: [SM]   [0] PrintToChat
L 10/08/2021 - 01:29:29: [SM]   [1] Line 197, plugin.sp::AttemptInstantDefuse
L 10/08/2021 - 01:29:29: [SM]   [2] Line 104, plugin.sp::Event_BombBeginDefusePlusFrame
L 10/08/2021 - 01:29:57: [SM] Exception reported: Language phrase "InstaDefuseSuccessful" not found (arg 5)
L 10/08/2021 - 01:29:57: [SM] Blaming: retakes-instadefuse.smx
L 10/08/2021 - 01:29:57: [SM] Call stack trace:
L 10/08/2021 - 01:29:57: [SM]   [0] PrintToChat
L 10/08/2021 - 01:29:57: [SM]   [1] Line 197, plugin.sp::AttemptInstantDefuse
L 10/08/2021 - 01:29:57: [SM]   [2] Line 104, plugin.sp::Event_BombBeginDefusePlusFrame
L 10/08/2021 - 01:30:55: [SM] Exception reported: Language phrase "InstaDefuseSuccessful" not found (arg 5)
L 10/08/2021 - 01:30:55: [SM] Blaming: retakes-instadefuse.smx
L 10/08/2021 - 01:30:55: [SM] Call stack trace:
L 10/08/2021 - 01:30:55: [SM]   [0] PrintToChat
L 10/08/2021 - 01:30:55: [SM]   [1] Line 197, plugin.sp::AttemptInstantDefuse
L 10/08/2021 - 01:30:55: [SM]   [2] Line 104, plugin.sp::Event_BombBeginDefusePlusFrame
