L 09/29/2021 - 23:13:48: SourceMod error session started
L 09/29/2021 - 23:13:48: Info (map "de_dust2") (file "E:\retake\csgoserver\csgo\addons\sourcemod\logs\errors_20210929.log")
L 09/29/2021 - 23:13:48: [SM] Unable to load extension "PhysHooks.ext": Could not find patch signature for symbol: Physics_RunThinkFunctions
L 09/29/2021 - 23:13:51: [SM] Exception reported: Failed to create SDKCall for CCSBot::IsAtHidingSpot signature!
L 09/29/2021 - 23:13:51: [SM] Blaming: bot_improver.smx
L 09/29/2021 - 23:13:51: [SM] Call stack trace:
L 09/29/2021 - 23:13:51: [SM]   [0] SetFailState
L 09/29/2021 - 23:13:51: [SM]   [1] Line 116, plugin.sp::OnPluginStart
L 09/29/2021 - 23:13:51: [SM] Unable to load plugin "bot_improver.smx": Error detected in plugin startup (see error logs)
L 09/29/2021 - 23:13:51: [SM] Unable to load plugin "bot_inventory.smx": Native "eItems_AreItemsSynced" was not found
L 09/29/2021 - 23:13:51: [SM] Unable to load plugin "bot_stuff.smx": Could not find required plugin "navmesh"
L 09/29/2021 - 23:13:52: [SM] Unable to load plugin "LagCompensation.smx": Required extension "PhysHooks" file("PhysHooks.ext") not running
L 09/29/2021 - 23:13:53: [SM] Fatal error encountered parsing translation file "ranks_matchmaking.phrases.txt"
L 09/29/2021 - 23:13:53: [SM] Error (line 0, column 0): Stream failed to open
L 09/29/2021 - 23:13:53: [SM] Fatal error encountered parsing translation file "instadefuse.phrases.txt"
L 09/29/2021 - 23:13:53: [SM] Error (line 0, column 0): Stream failed to open
L 09/29/2021 - 23:14:13: [SM] Exception reported: Language phrase "Unranked" not found (arg 5)
L 09/29/2021 - 23:14:13: [SM] Blaming: ranks_matchmaking.smx
L 09/29/2021 - 23:14:13: [SM] Call stack trace:
L 09/29/2021 - 23:14:13: [SM]   [0] FormatEx
L 09/29/2021 - 23:14:13: [SM]   [1] Line 174, ranks_matchmaking.sp::GetRanksNames
L 09/29/2021 - 23:14:13: [SM]   [2] Line 169, ranks_matchmaking.sp::OnMapStart
L 09/29/2021 - 23:14:51: Error log file session closed.
L 09/29/2021 - 23:14:51: SourceMod error session started
L 09/29/2021 - 23:14:51: Info (map "de_dust2") (file "E:\retake\csgoserver\csgo\addons\sourcemod\logs\errors_20210929.log")
L 09/29/2021 - 23:14:51: [SM] Fatal error encountered parsing translation file "ranks_matchmaking.phrases.txt"
L 09/29/2021 - 23:14:51: [SM] Error (line 0, column 0): Stream failed to open
L 09/29/2021 - 23:14:51: [SM] Fatal error encountered parsing translation file "instadefuse.phrases.txt"
L 09/29/2021 - 23:14:51: [SM] Error (line 0, column 0): Stream failed to open
L 09/29/2021 - 23:14:52: [SM] Exception reported: Language phrase "Unranked" not found (arg 5)
L 09/29/2021 - 23:14:52: [SM] Blaming: ranks_matchmaking.smx
L 09/29/2021 - 23:14:52: [SM] Call stack trace:
L 09/29/2021 - 23:14:52: [SM]   [0] FormatEx
L 09/29/2021 - 23:14:52: [SM]   [1] Line 174, ranks_matchmaking.sp::GetRanksNames
L 09/29/2021 - 23:14:52: [SM]   [2] Line 169, ranks_matchmaking.sp::OnMapStart
L 09/29/2021 - 23:14:52: [kento_rankme.smx] [RankMe] Query Fail: UNIQUE constraint failed: rankme.steam
L 09/29/2021 - 23:14:52: [kento_rankme.smx] [RankMe] Query Fail: UNIQUE constraint failed: rankme.steam
L 09/29/2021 - 23:17:13: Error log file session closed.
L 09/29/2021 - 23:17:13: SourceMod error session started
L 09/29/2021 - 23:17:13: Info (map "de_mirage") (file "E:\retake\csgoserver\csgo\addons\sourcemod\logs\errors_20210929.log")
L 09/29/2021 - 23:17:13: [SM] Fatal error encountered parsing translation file "ranks_matchmaking.phrases.txt"
L 09/29/2021 - 23:17:13: [SM] Error (line 0, column 0): Stream failed to open
L 09/29/2021 - 23:17:13: [SM] Fatal error encountered parsing translation file "instadefuse.phrases.txt"
L 09/29/2021 - 23:17:13: [SM] Error (line 0, column 0): Stream failed to open
L 09/29/2021 - 23:17:16: [SM] Exception reported: Language phrase "Unranked" not found (arg 5)
L 09/29/2021 - 23:17:16: [SM] Blaming: ranks_matchmaking.smx
L 09/29/2021 - 23:17:16: [SM] Call stack trace:
L 09/29/2021 - 23:17:16: [SM]   [0] FormatEx
L 09/29/2021 - 23:17:16: [SM]   [1] Line 174, ranks_matchmaking.sp::GetRanksNames
L 09/29/2021 - 23:17:16: [SM]   [2] Line 169, ranks_matchmaking.sp::OnMapStart
L 09/29/2021 - 23:17:17: [kento_rankme.smx] [RankMe] Query Fail: UNIQUE constraint failed: rankme.steam
L 09/29/2021 - 23:17:58: [SM] Exception reported: Language phrase "InstaDefuseSuccessful" not found (arg 5)
L 09/29/2021 - 23:17:58: [SM] Blaming: retakes-instadefuse.smx
L 09/29/2021 - 23:17:58: [SM] Call stack trace:
L 09/29/2021 - 23:17:58: [SM]   [0] PrintToChat
L 09/29/2021 - 23:17:58: [SM]   [1] Line 197, plugin.sp::AttemptInstantDefuse
L 09/29/2021 - 23:17:58: [SM]   [2] Line 104, plugin.sp::Event_BombBeginDefusePlusFrame
L 09/29/2021 - 23:18:38: [SM] Exception reported: Language phrase "InstaDefuseSuccessful" not found (arg 5)
L 09/29/2021 - 23:18:38: [SM] Blaming: retakes-instadefuse.smx
L 09/29/2021 - 23:18:38: [SM] Call stack trace:
L 09/29/2021 - 23:18:38: [SM]   [0] PrintToChat
L 09/29/2021 - 23:18:38: [SM]   [1] Line 197, plugin.sp::AttemptInstantDefuse
L 09/29/2021 - 23:18:38: [SM]   [2] Line 104, plugin.sp::Event_BombBeginDefusePlusFrame
L 09/29/2021 - 23:18:53: [SM] Exception reported: Language phrase "InstaDefuseSuccessful" not found (arg 5)
L 09/29/2021 - 23:18:53: [SM] Blaming: retakes-instadefuse.smx
L 09/29/2021 - 23:18:53: [SM] Call stack trace:
L 09/29/2021 - 23:18:53: [SM]   [0] PrintToChat
L 09/29/2021 - 23:18:53: [SM]   [1] Line 197, plugin.sp::AttemptInstantDefuse
L 09/29/2021 - 23:18:53: [SM]   [2] Line 104, plugin.sp::Event_BombBeginDefusePlusFrame
L 09/29/2021 - 23:18:53: [SM] Exception reported: Language phrase "InstaDefuseSuccessful" not found (arg 5)
L 09/29/2021 - 23:18:53: [SM] Blaming: retakes-instadefuse.smx
L 09/29/2021 - 23:18:53: [SM] Call stack trace:
L 09/29/2021 - 23:18:53: [SM]   [0] PrintToChat
L 09/29/2021 - 23:18:53: [SM]   [1] Line 197, plugin.sp::AttemptInstantDefuse
L 09/29/2021 - 23:18:53: [SM]   [2] Line 104, plugin.sp::Event_BombBeginDefusePlusFrame
L 09/29/2021 - 23:18:53: [SM] Exception reported: Language phrase "InstaDefuseSuccessful" not found (arg 5)
L 09/29/2021 - 23:18:53: [SM] Blaming: retakes-instadefuse.smx
L 09/29/2021 - 23:18:53: [SM] Call stack trace:
L 09/29/2021 - 23:18:53: [SM]   [0] PrintToChat
L 09/29/2021 - 23:18:53: [SM]   [1] Line 197, plugin.sp::AttemptInstantDefuse
L 09/29/2021 - 23:18:53: [SM]   [2] Line 104, plugin.sp::Event_BombBeginDefusePlusFrame
L 09/29/2021 - 23:18:55: [SM] Exception reported: Language phrase "InstaDefuseSuccessful" not found (arg 5)
L 09/29/2021 - 23:18:55: [SM] Blaming: retakes-instadefuse.smx
L 09/29/2021 - 23:18:55: [SM] Call stack trace:
L 09/29/2021 - 23:18:55: [SM]   [0] PrintToChat
L 09/29/2021 - 23:18:55: [SM]   [1] Line 197, plugin.sp::AttemptInstantDefuse
L 09/29/2021 - 23:18:55: [SM]   [2] Line 104, plugin.sp::Event_BombBeginDefusePlusFrame
L 09/29/2021 - 23:19:18: [SM] Exception reported: Language phrase "InstaDefuseSuccessful" not found (arg 5)
L 09/29/2021 - 23:19:18: [SM] Blaming: retakes-instadefuse.smx
L 09/29/2021 - 23:19:18: [SM] Call stack trace:
L 09/29/2021 - 23:19:18: [SM]   [0] PrintToChat
L 09/29/2021 - 23:19:18: [SM]   [1] Line 197, plugin.sp::AttemptInstantDefuse
L 09/29/2021 - 23:19:18: [SM]   [2] Line 104, plugin.sp::Event_BombBeginDefusePlusFrame
L 09/29/2021 - 23:19:36: [SM] Exception reported: Language phrase "InstaDefuseSuccessful" not found (arg 5)
L 09/29/2021 - 23:19:36: [SM] Blaming: retakes-instadefuse.smx
L 09/29/2021 - 23:19:36: [SM] Call stack trace:
L 09/29/2021 - 23:19:36: [SM]   [0] PrintToChat
L 09/29/2021 - 23:19:36: [SM]   [1] Line 197, plugin.sp::AttemptInstantDefuse
L 09/29/2021 - 23:19:36: [SM]   [2] Line 104, plugin.sp::Event_BombBeginDefusePlusFrame
L 09/29/2021 - 23:19:54: [SM] Exception reported: Language phrase "InstaDefuseSuccessful" not found (arg 5)
L 09/29/2021 - 23:19:54: [SM] Blaming: retakes-instadefuse.smx
L 09/29/2021 - 23:19:54: [SM] Call stack trace:
L 09/29/2021 - 23:19:54: [SM]   [0] PrintToChat
L 09/29/2021 - 23:19:54: [SM]   [1] Line 197, plugin.sp::AttemptInstantDefuse
L 09/29/2021 - 23:19:54: [SM]   [2] Line 104, plugin.sp::Event_BombBeginDefusePlusFrame
L 09/29/2021 - 23:20:23: [SM] Exception reported: Language phrase "InstaDefuseSuccessful" not found (arg 5)
L 09/29/2021 - 23:20:23: [SM] Blaming: retakes-instadefuse.smx
L 09/29/2021 - 23:20:23: [SM] Call stack trace:
L 09/29/2021 - 23:20:23: [SM]   [0] PrintToChat
L 09/29/2021 - 23:20:23: [SM]   [1] Line 197, plugin.sp::AttemptInstantDefuse
L 09/29/2021 - 23:20:23: [SM]   [2] Line 104, plugin.sp::Event_BombBeginDefusePlusFrame
L 09/29/2021 - 23:21:12: [SM] Exception reported: Language phrase "InstaDefuseSuccessful" not found (arg 5)
L 09/29/2021 - 23:21:12: [SM] Blaming: retakes-instadefuse.smx
L 09/29/2021 - 23:21:12: [SM] Call stack trace:
L 09/29/2021 - 23:21:12: [SM]   [0] PrintToChat
L 09/29/2021 - 23:21:13: [SM]   [1] Line 197, plugin.sp::AttemptInstantDefuse
L 09/29/2021 - 23:21:13: [SM]   [2] Line 104, plugin.sp::Event_BombBeginDefusePlusFrame
L 09/29/2021 - 23:21:37: [SM] Exception reported: Language phrase "InstaDefuseSuccessful" not found (arg 5)
L 09/29/2021 - 23:21:37: [SM] Blaming: retakes-instadefuse.smx
L 09/29/2021 - 23:21:37: [SM] Call stack trace:
L 09/29/2021 - 23:21:37: [SM]   [0] PrintToChat
L 09/29/2021 - 23:21:37: [SM]   [1] Line 197, plugin.sp::AttemptInstantDefuse
L 09/29/2021 - 23:21:37: [SM]   [2] Line 104, plugin.sp::Event_BombBeginDefusePlusFrame
L 09/29/2021 - 23:21:57: [SM] Exception reported: Language phrase "InstaDefuseSuccessful" not found (arg 5)
L 09/29/2021 - 23:21:57: [SM] Blaming: retakes-instadefuse.smx
L 09/29/2021 - 23:21:57: [SM] Call stack trace:
L 09/29/2021 - 23:21:57: [SM]   [0] PrintToChat
L 09/29/2021 - 23:21:57: [SM]   [1] Line 197, plugin.sp::AttemptInstantDefuse
L 09/29/2021 - 23:21:57: [SM]   [2] Line 104, plugin.sp::Event_BombBeginDefusePlusFrame
L 09/29/2021 - 23:21:59: [SM] Exception reported: Language phrase "InstaDefuseSuccessful" not found (arg 5)
L 09/29/2021 - 23:21:59: [SM] Blaming: retakes-instadefuse.smx
L 09/29/2021 - 23:21:59: [SM] Call stack trace:
L 09/29/2021 - 23:21:59: [SM]   [0] PrintToChat
L 09/29/2021 - 23:21:59: [SM]   [1] Line 197, plugin.sp::AttemptInstantDefuse
L 09/29/2021 - 23:21:59: [SM]   [2] Line 104, plugin.sp::Event_BombBeginDefusePlusFrame
L 09/29/2021 - 23:21:59: [SM] Exception reported: Language phrase "InstaDefuseSuccessful" not found (arg 5)
L 09/29/2021 - 23:21:59: [SM] Blaming: retakes-instadefuse.smx
L 09/29/2021 - 23:21:59: [SM] Call stack trace:
L 09/29/2021 - 23:21:59: [SM]   [0] PrintToChat
L 09/29/2021 - 23:21:59: [SM]   [1] Line 197, plugin.sp::AttemptInstantDefuse
L 09/29/2021 - 23:21:59: [SM]   [2] Line 104, plugin.sp::Event_BombBeginDefusePlusFrame
L 09/29/2021 - 23:22:04: [SM] Exception reported: Language phrase "InstaDefuseSuccessful" not found (arg 5)
L 09/29/2021 - 23:22:04: [SM] Blaming: retakes-instadefuse.smx
L 09/29/2021 - 23:22:04: [SM] Call stack trace:
L 09/29/2021 - 23:22:04: [SM]   [0] PrintToChat
L 09/29/2021 - 23:22:04: [SM]   [1] Line 197, plugin.sp::AttemptInstantDefuse
L 09/29/2021 - 23:22:04: [SM]   [2] Line 104, plugin.sp::Event_BombBeginDefusePlusFrame
L 09/29/2021 - 23:22:47: [SM] Exception reported: Language phrase "InstaDefuseSuccessful" not found (arg 5)
L 09/29/2021 - 23:22:47: [SM] Blaming: retakes-instadefuse.smx
L 09/29/2021 - 23:22:47: [SM] Call stack trace:
L 09/29/2021 - 23:22:47: [SM]   [0] PrintToChat
L 09/29/2021 - 23:22:47: [SM]   [1] Line 197, plugin.sp::AttemptInstantDefuse
L 09/29/2021 - 23:22:47: [SM]   [2] Line 104, plugin.sp::Event_BombBeginDefusePlusFrame
L 09/29/2021 - 23:23:43: [SM] Exception reported: Language phrase "InstaDefuseSuccessful" not found (arg 5)
L 09/29/2021 - 23:23:43: [SM] Blaming: retakes-instadefuse.smx
L 09/29/2021 - 23:23:43: [SM] Call stack trace:
L 09/29/2021 - 23:23:43: [SM]   [0] PrintToChat
L 09/29/2021 - 23:23:43: [SM]   [1] Line 197, plugin.sp::AttemptInstantDefuse
L 09/29/2021 - 23:23:43: [SM]   [2] Line 104, plugin.sp::Event_BombBeginDefusePlusFrame
L 09/29/2021 - 23:23:48: [SM] Exception reported: Language phrase "InstaDefuseSuccessful" not found (arg 5)
L 09/29/2021 - 23:23:48: [SM] Blaming: retakes-instadefuse.smx
L 09/29/2021 - 23:23:48: [SM] Call stack trace:
L 09/29/2021 - 23:23:48: [SM]   [0] PrintToChat
L 09/29/2021 - 23:23:48: [SM]   [1] Line 197, plugin.sp::AttemptInstantDefuse
L 09/29/2021 - 23:23:48: [SM]   [2] Line 104, plugin.sp::Event_BombBeginDefusePlusFrame
L 09/29/2021 - 23:24:52: [SM] Exception reported: Language phrase "InstaDefuseSuccessful" not found (arg 5)
L 09/29/2021 - 23:24:52: [SM] Blaming: retakes-instadefuse.smx
L 09/29/2021 - 23:24:52: [SM] Call stack trace:
L 09/29/2021 - 23:24:52: [SM]   [0] PrintToChat
L 09/29/2021 - 23:24:52: [SM]   [1] Line 197, plugin.sp::AttemptInstantDefuse
L 09/29/2021 - 23:24:52: [SM]   [2] Line 104, plugin.sp::Event_BombBeginDefusePlusFrame
L 09/29/2021 - 23:25:31: [SM] Exception reported: Language phrase "InstaDefuseSuccessful" not found (arg 5)
L 09/29/2021 - 23:25:31: [SM] Blaming: retakes-instadefuse.smx
L 09/29/2021 - 23:25:31: [SM] Call stack trace:
L 09/29/2021 - 23:25:31: [SM]   [0] PrintToChat
L 09/29/2021 - 23:25:31: [SM]   [1] Line 197, plugin.sp::AttemptInstantDefuse
L 09/29/2021 - 23:25:31: [SM]   [2] Line 104, plugin.sp::Event_BombBeginDefusePlusFrame
L 09/29/2021 - 23:27:02: [SM] Exception reported: Language phrase "InstaDefuseSuccessful" not found (arg 5)
L 09/29/2021 - 23:27:02: [SM] Blaming: retakes-instadefuse.smx
L 09/29/2021 - 23:27:02: [SM] Call stack trace:
L 09/29/2021 - 23:27:02: [SM]   [0] PrintToChat
L 09/29/2021 - 23:27:02: [SM]   [1] Line 197, plugin.sp::AttemptInstantDefuse
L 09/29/2021 - 23:27:02: [SM]   [2] Line 104, plugin.sp::Event_BombBeginDefusePlusFrame
L 09/29/2021 - 23:28:04: [SM] Exception reported: Language phrase "InstaDefuseSuccessful" not found (arg 5)
L 09/29/2021 - 23:28:04: [SM] Blaming: retakes-instadefuse.smx
L 09/29/2021 - 23:28:04: [SM] Call stack trace:
L 09/29/2021 - 23:28:04: [SM]   [0] PrintToChat
L 09/29/2021 - 23:28:04: [SM]   [1] Line 197, plugin.sp::AttemptInstantDefuse
L 09/29/2021 - 23:28:04: [SM]   [2] Line 104, plugin.sp::Event_BombBeginDefusePlusFrame
L 09/29/2021 - 23:28:27: [SM] Exception reported: Language phrase "InstaDefuseSuccessful" not found (arg 5)
L 09/29/2021 - 23:28:27: [SM] Blaming: retakes-instadefuse.smx
L 09/29/2021 - 23:28:27: [SM] Call stack trace:
L 09/29/2021 - 23:28:27: [SM]   [0] PrintToChat
L 09/29/2021 - 23:28:27: [SM]   [1] Line 197, plugin.sp::AttemptInstantDefuse
L 09/29/2021 - 23:28:27: [SM]   [2] Line 104, plugin.sp::Event_BombBeginDefusePlusFrame
L 09/29/2021 - 23:28:50: [SM] Exception reported: Language phrase "InstaDefuseSuccessful" not found (arg 5)
L 09/29/2021 - 23:28:50: [SM] Blaming: retakes-instadefuse.smx
L 09/29/2021 - 23:28:50: [SM] Call stack trace:
L 09/29/2021 - 23:28:50: [SM]   [0] PrintToChat
L 09/29/2021 - 23:28:50: [SM]   [1] Line 197, plugin.sp::AttemptInstantDefuse
L 09/29/2021 - 23:28:50: [SM]   [2] Line 104, plugin.sp::Event_BombBeginDefusePlusFrame
L 09/29/2021 - 23:29:25: [SM] Exception reported: Language phrase "InstaDefuseSuccessful" not found (arg 5)
L 09/29/2021 - 23:29:25: [SM] Blaming: retakes-instadefuse.smx
L 09/29/2021 - 23:29:25: [SM] Call stack trace:
L 09/29/2021 - 23:29:25: [SM]   [0] PrintToChat
L 09/29/2021 - 23:29:25: [SM]   [1] Line 197, plugin.sp::AttemptInstantDefuse
L 09/29/2021 - 23:29:25: [SM]   [2] Line 104, plugin.sp::Event_BombBeginDefusePlusFrame
L 09/29/2021 - 23:29:29: [SM] Exception reported: Language phrase "InstaDefuseSuccessful" not found (arg 5)
L 09/29/2021 - 23:29:29: [SM] Blaming: retakes-instadefuse.smx
L 09/29/2021 - 23:29:29: [SM] Call stack trace:
L 09/29/2021 - 23:29:29: [SM]   [0] PrintToChat
L 09/29/2021 - 23:29:29: [SM]   [1] Line 197, plugin.sp::AttemptInstantDefuse
L 09/29/2021 - 23:29:29: [SM]   [2] Line 104, plugin.sp::Event_BombBeginDefusePlusFrame
L 09/29/2021 - 23:29:55: [SM] Exception reported: Language phrase "InstaDefuseSuccessful" not found (arg 5)
L 09/29/2021 - 23:29:55: [SM] Blaming: retakes-instadefuse.smx
L 09/29/2021 - 23:29:55: [SM] Call stack trace:
L 09/29/2021 - 23:29:55: [SM]   [0] PrintToChat
L 09/29/2021 - 23:29:55: [SM]   [1] Line 197, plugin.sp::AttemptInstantDefuse
L 09/29/2021 - 23:29:55: [SM]   [2] Line 104, plugin.sp::Event_BombBeginDefusePlusFrame
L 09/29/2021 - 23:30:16: [SM] Exception reported: Language phrase "InstaDefuseSuccessful" not found (arg 5)
L 09/29/2021 - 23:30:16: [SM] Blaming: retakes-instadefuse.smx
L 09/29/2021 - 23:30:16: [SM] Call stack trace:
L 09/29/2021 - 23:30:16: [SM]   [0] PrintToChat
L 09/29/2021 - 23:30:16: [SM]   [1] Line 197, plugin.sp::AttemptInstantDefuse
L 09/29/2021 - 23:30:16: [SM]   [2] Line 104, plugin.sp::Event_BombBeginDefusePlusFrame
L 09/29/2021 - 23:30:36: [SM] Exception reported: Language phrase "InstaDefuseSuccessful" not found (arg 5)
L 09/29/2021 - 23:30:36: [SM] Blaming: retakes-instadefuse.smx
L 09/29/2021 - 23:30:36: [SM] Call stack trace:
L 09/29/2021 - 23:30:36: [SM]   [0] PrintToChat
L 09/29/2021 - 23:30:36: [SM]   [1] Line 197, plugin.sp::AttemptInstantDefuse
L 09/29/2021 - 23:30:36: [SM]   [2] Line 104, plugin.sp::Event_BombBeginDefusePlusFrame
L 09/29/2021 - 23:31:01: [SM] Exception reported: Language phrase "InstaDefuseSuccessful" not found (arg 5)
L 09/29/2021 - 23:31:01: [SM] Blaming: retakes-instadefuse.smx
L 09/29/2021 - 23:31:01: [SM] Call stack trace:
L 09/29/2021 - 23:31:01: [SM]   [0] PrintToChat
L 09/29/2021 - 23:31:01: [SM]   [1] Line 197, plugin.sp::AttemptInstantDefuse
L 09/29/2021 - 23:31:01: [SM]   [2] Line 104, plugin.sp::Event_BombBeginDefusePlusFrame
L 09/29/2021 - 23:31:14: [SM] Exception reported: Language phrase "InstaDefuseSuccessful" not found (arg 5)
L 09/29/2021 - 23:31:14: [SM] Blaming: retakes-instadefuse.smx
L 09/29/2021 - 23:31:14: [SM] Call stack trace:
L 09/29/2021 - 23:31:14: [SM]   [0] PrintToChat
L 09/29/2021 - 23:31:14: [SM]   [1] Line 197, plugin.sp::AttemptInstantDefuse
L 09/29/2021 - 23:31:14: [SM]   [2] Line 104, plugin.sp::Event_BombBeginDefusePlusFrame
L 09/29/2021 - 23:31:32: [SM] Exception reported: Language phrase "InstaDefuseSuccessful" not found (arg 5)
L 09/29/2021 - 23:31:32: [SM] Blaming: retakes-instadefuse.smx
L 09/29/2021 - 23:31:32: [SM] Call stack trace:
L 09/29/2021 - 23:31:32: [SM]   [0] PrintToChat
L 09/29/2021 - 23:31:32: [SM]   [1] Line 197, plugin.sp::AttemptInstantDefuse
L 09/29/2021 - 23:31:32: [SM]   [2] Line 104, plugin.sp::Event_BombBeginDefusePlusFrame
L 09/29/2021 - 23:31:50: [SM] Exception reported: Language phrase "InstaDefuseSuccessful" not found (arg 5)
L 09/29/2021 - 23:31:50: [SM] Blaming: retakes-instadefuse.smx
L 09/29/2021 - 23:31:50: [SM] Call stack trace:
L 09/29/2021 - 23:31:50: [SM]   [0] PrintToChat
L 09/29/2021 - 23:31:50: [SM]   [1] Line 197, plugin.sp::AttemptInstantDefuse
L 09/29/2021 - 23:31:50: [SM]   [2] Line 104, plugin.sp::Event_BombBeginDefusePlusFrame
L 09/29/2021 - 23:31:54: [SM] Exception reported: Language phrase "InstaDefuseSuccessful" not found (arg 5)
L 09/29/2021 - 23:31:54: [SM] Blaming: retakes-instadefuse.smx
L 09/29/2021 - 23:31:54: [SM] Call stack trace:
L 09/29/2021 - 23:31:54: [SM]   [0] PrintToChat
L 09/29/2021 - 23:31:54: [SM]   [1] Line 197, plugin.sp::AttemptInstantDefuse
L 09/29/2021 - 23:31:54: [SM]   [2] Line 104, plugin.sp::Event_BombBeginDefusePlusFrame
L 09/29/2021 - 23:31:56: [SM] Exception reported: Language phrase "InstaDefuseSuccessful" not found (arg 5)
L 09/29/2021 - 23:31:56: [SM] Blaming: retakes-instadefuse.smx
L 09/29/2021 - 23:31:56: [SM] Call stack trace:
L 09/29/2021 - 23:31:56: [SM]   [0] PrintToChat
L 09/29/2021 - 23:31:56: [SM]   [1] Line 197, plugin.sp::AttemptInstantDefuse
L 09/29/2021 - 23:31:56: [SM]   [2] Line 104, plugin.sp::Event_BombBeginDefusePlusFrame
L 09/29/2021 - 23:31:56: [SM] Exception reported: Language phrase "InstaDefuseSuccessful" not found (arg 5)
L 09/29/2021 - 23:31:56: [SM] Blaming: retakes-instadefuse.smx
L 09/29/2021 - 23:31:56: [SM] Call stack trace:
L 09/29/2021 - 23:31:56: [SM]   [0] PrintToChat
L 09/29/2021 - 23:31:56: [SM]   [1] Line 197, plugin.sp::AttemptInstantDefuse
L 09/29/2021 - 23:31:56: [SM]   [2] Line 104, plugin.sp::Event_BombBeginDefusePlusFrame
L 09/29/2021 - 23:32:30: [SM] Exception reported: Language phrase "InstaDefuseSuccessful" not found (arg 5)
L 09/29/2021 - 23:32:30: [SM] Blaming: retakes-instadefuse.smx
L 09/29/2021 - 23:32:30: [SM] Call stack trace:
L 09/29/2021 - 23:32:30: [SM]   [0] PrintToChat
L 09/29/2021 - 23:32:30: [SM]   [1] Line 197, plugin.sp::AttemptInstantDefuse
L 09/29/2021 - 23:32:30: [SM]   [2] Line 104, plugin.sp::Event_BombBeginDefusePlusFrame
L 09/29/2021 - 23:32:50: [SM] Exception reported: Language phrase "InstaDefuseSuccessful" not found (arg 5)
L 09/29/2021 - 23:32:50: [SM] Blaming: retakes-instadefuse.smx
L 09/29/2021 - 23:32:50: [SM] Call stack trace:
L 09/29/2021 - 23:32:50: [SM]   [0] PrintToChat
L 09/29/2021 - 23:32:50: [SM]   [1] Line 197, plugin.sp::AttemptInstantDefuse
L 09/29/2021 - 23:32:50: [SM]   [2] Line 104, plugin.sp::Event_BombBeginDefusePlusFrame
L 09/29/2021 - 23:33:44: [SM] Exception reported: Language phrase "InstaDefuseSuccessful" not found (arg 5)
L 09/29/2021 - 23:33:44: [SM] Blaming: retakes-instadefuse.smx
L 09/29/2021 - 23:33:44: [SM] Call stack trace:
L 09/29/2021 - 23:33:44: [SM]   [0] PrintToChat
L 09/29/2021 - 23:33:44: [SM]   [1] Line 197, plugin.sp::AttemptInstantDefuse
L 09/29/2021 - 23:33:44: [SM]   [2] Line 104, plugin.sp::Event_BombBeginDefusePlusFrame
L 09/29/2021 - 23:34:22: [SM] Exception reported: Language phrase "InstaDefuseSuccessful" not found (arg 5)
L 09/29/2021 - 23:34:22: [SM] Blaming: retakes-instadefuse.smx
L 09/29/2021 - 23:34:22: [SM] Call stack trace:
L 09/29/2021 - 23:34:22: [SM]   [0] PrintToChat
L 09/29/2021 - 23:34:22: [SM]   [1] Line 197, plugin.sp::AttemptInstantDefuse
L 09/29/2021 - 23:34:22: [SM]   [2] Line 104, plugin.sp::Event_BombBeginDefusePlusFrame
L 09/29/2021 - 23:34:28: [SM] Exception reported: Language phrase "LiveNadeSomewhere" not found (arg 5)
L 09/29/2021 - 23:34:28: [SM] Blaming: retakes-instadefuse.smx
L 09/29/2021 - 23:34:28: [SM] Call stack trace:
L 09/29/2021 - 23:34:28: [SM]   [0] PrintToChat
L 09/29/2021 - 23:34:28: [SM]   [1] Line 168, plugin.sp::AttemptInstantDefuse
L 09/29/2021 - 23:34:28: [SM]   [2] Line 104, plugin.sp::Event_BombBeginDefusePlusFrame
L 09/29/2021 - 23:35:09: [SM] Exception reported: Language phrase "InstaDefuseSuccessful" not found (arg 5)
L 09/29/2021 - 23:35:09: [SM] Blaming: retakes-instadefuse.smx
L 09/29/2021 - 23:35:09: [SM] Call stack trace:
L 09/29/2021 - 23:35:09: [SM]   [0] PrintToChat
L 09/29/2021 - 23:35:09: [SM]   [1] Line 197, plugin.sp::AttemptInstantDefuse
L 09/29/2021 - 23:35:09: [SM]   [2] Line 104, plugin.sp::Event_BombBeginDefusePlusFrame
L 09/29/2021 - 23:35:30: [SM] Exception reported: Language phrase "InstaDefuseSuccessful" not found (arg 5)
L 09/29/2021 - 23:35:30: [SM] Blaming: retakes-instadefuse.smx
L 09/29/2021 - 23:35:30: [SM] Call stack trace:
L 09/29/2021 - 23:35:30: [SM]   [0] PrintToChat
L 09/29/2021 - 23:35:30: [SM]   [1] Line 197, plugin.sp::AttemptInstantDefuse
L 09/29/2021 - 23:35:30: [SM]   [2] Line 104, plugin.sp::Event_BombBeginDefusePlusFrame
L 09/29/2021 - 23:35:49: [SM] Exception reported: Language phrase "InstaDefuseSuccessful" not found (arg 5)
L 09/29/2021 - 23:35:49: [SM] Blaming: retakes-instadefuse.smx
L 09/29/2021 - 23:35:49: [SM] Call stack trace:
L 09/29/2021 - 23:35:49: [SM]   [0] PrintToChat
L 09/29/2021 - 23:35:49: [SM]   [1] Line 197, plugin.sp::AttemptInstantDefuse
L 09/29/2021 - 23:35:49: [SM]   [2] Line 104, plugin.sp::Event_BombBeginDefusePlusFrame
L 09/29/2021 - 23:36:44: [SM] Exception reported: Language phrase "InstaDefuseSuccessful" not found (arg 5)
L 09/29/2021 - 23:36:44: [SM] Blaming: retakes-instadefuse.smx
L 09/29/2021 - 23:36:44: [SM] Call stack trace:
L 09/29/2021 - 23:36:44: [SM]   [0] PrintToChat
L 09/29/2021 - 23:36:44: [SM]   [1] Line 197, plugin.sp::AttemptInstantDefuse
L 09/29/2021 - 23:36:44: [SM]   [2] Line 104, plugin.sp::Event_BombBeginDefusePlusFrame
L 09/29/2021 - 23:37:03: [SM] Exception reported: Language phrase "InstaDefuseSuccessful" not found (arg 5)
L 09/29/2021 - 23:37:03: [SM] Blaming: retakes-instadefuse.smx
L 09/29/2021 - 23:37:03: [SM] Call stack trace:
L 09/29/2021 - 23:37:03: [SM]   [0] PrintToChat
L 09/29/2021 - 23:37:03: [SM]   [1] Line 197, plugin.sp::AttemptInstantDefuse
L 09/29/2021 - 23:37:03: [SM]   [2] Line 104, plugin.sp::Event_BombBeginDefusePlusFrame
L 09/29/2021 - 23:37:23: [SM] Exception reported: Language phrase "InstaDefuseSuccessful" not found (arg 5)
L 09/29/2021 - 23:37:23: [SM] Blaming: retakes-instadefuse.smx
L 09/29/2021 - 23:37:23: [SM] Call stack trace:
L 09/29/2021 - 23:37:23: [SM]   [0] PrintToChat
L 09/29/2021 - 23:37:23: [SM]   [1] Line 197, plugin.sp::AttemptInstantDefuse
L 09/29/2021 - 23:37:23: [SM]   [2] Line 104, plugin.sp::Event_BombBeginDefusePlusFrame
L 09/29/2021 - 23:38:05: [SM] Exception reported: Language phrase "InstaDefuseSuccessful" not found (arg 5)
L 09/29/2021 - 23:38:05: [SM] Blaming: retakes-instadefuse.smx
L 09/29/2021 - 23:38:05: [SM] Call stack trace:
L 09/29/2021 - 23:38:05: [SM]   [0] PrintToChat
L 09/29/2021 - 23:38:05: [SM]   [1] Line 197, plugin.sp::AttemptInstantDefuse
L 09/29/2021 - 23:38:05: [SM]   [2] Line 104, plugin.sp::Event_BombBeginDefusePlusFrame
L 09/29/2021 - 23:38:26: [SM] Exception reported: Language phrase "InstaDefuseSuccessful" not found (arg 5)
L 09/29/2021 - 23:38:26: [SM] Blaming: retakes-instadefuse.smx
L 09/29/2021 - 23:38:26: [SM] Call stack trace:
L 09/29/2021 - 23:38:26: [SM]   [0] PrintToChat
L 09/29/2021 - 23:38:26: [SM]   [1] Line 197, plugin.sp::AttemptInstantDefuse
L 09/29/2021 - 23:38:26: [SM]   [2] Line 104, plugin.sp::Event_BombBeginDefusePlusFrame
L 09/29/2021 - 23:39:36: [SM] Exception reported: Language phrase "InstaDefuseSuccessful" not found (arg 5)
L 09/29/2021 - 23:39:36: [SM] Blaming: retakes-instadefuse.smx
L 09/29/2021 - 23:39:36: [SM] Call stack trace:
L 09/29/2021 - 23:39:36: [SM]   [0] PrintToChat
L 09/29/2021 - 23:39:36: [SM]   [1] Line 197, plugin.sp::AttemptInstantDefuse
L 09/29/2021 - 23:39:36: [SM]   [2] Line 104, plugin.sp::Event_BombBeginDefusePlusFrame
L 09/29/2021 - 23:40:06: [SM] Exception reported: Language phrase "InstaDefuseSuccessful" not found (arg 5)
L 09/29/2021 - 23:40:06: [SM] Blaming: retakes-instadefuse.smx
L 09/29/2021 - 23:40:06: [SM] Call stack trace:
L 09/29/2021 - 23:40:06: [SM]   [0] PrintToChat
L 09/29/2021 - 23:40:06: [SM]   [1] Line 197, plugin.sp::AttemptInstantDefuse
L 09/29/2021 - 23:40:06: [SM]   [2] Line 104, plugin.sp::Event_BombBeginDefusePlusFrame
L 09/29/2021 - 23:40:46: [SM] Exception reported: Language phrase "InstaDefuseSuccessful" not found (arg 5)
L 09/29/2021 - 23:40:46: [SM] Blaming: retakes-instadefuse.smx
L 09/29/2021 - 23:40:46: [SM] Call stack trace:
L 09/29/2021 - 23:40:46: [SM]   [0] PrintToChat
L 09/29/2021 - 23:40:46: [SM]   [1] Line 197, plugin.sp::AttemptInstantDefuse
L 09/29/2021 - 23:40:46: [SM]   [2] Line 104, plugin.sp::Event_BombBeginDefusePlusFrame
L 09/29/2021 - 23:41:07: [SM] Exception reported: Language phrase "InstaDefuseSuccessful" not found (arg 5)
L 09/29/2021 - 23:41:07: [SM] Blaming: retakes-instadefuse.smx
L 09/29/2021 - 23:41:07: [SM] Call stack trace:
L 09/29/2021 - 23:41:07: [SM]   [0] PrintToChat
L 09/29/2021 - 23:41:07: [SM]   [1] Line 197, plugin.sp::AttemptInstantDefuse
L 09/29/2021 - 23:41:07: [SM]   [2] Line 104, plugin.sp::Event_BombBeginDefusePlusFrame
L 09/29/2021 - 23:41:22: [SM] Exception reported: Language phrase "InstaDefuseSuccessful" not found (arg 5)
L 09/29/2021 - 23:41:22: [SM] Blaming: retakes-instadefuse.smx
L 09/29/2021 - 23:41:22: [SM] Call stack trace:
L 09/29/2021 - 23:41:22: [SM]   [0] PrintToChat
L 09/29/2021 - 23:41:22: [SM]   [1] Line 197, plugin.sp::AttemptInstantDefuse
L 09/29/2021 - 23:41:22: [SM]   [2] Line 104, plugin.sp::Event_BombBeginDefusePlusFrame
L 09/29/2021 - 23:43:24: [SM] Exception reported: Language phrase "InstaDefuseSuccessful" not found (arg 5)
L 09/29/2021 - 23:43:24: [SM] Blaming: retakes-instadefuse.smx
L 09/29/2021 - 23:43:24: [SM] Call stack trace:
L 09/29/2021 - 23:43:24: [SM]   [0] PrintToChat
L 09/29/2021 - 23:43:24: [SM]   [1] Line 197, plugin.sp::AttemptInstantDefuse
L 09/29/2021 - 23:43:24: [SM]   [2] Line 104, plugin.sp::Event_BombBeginDefusePlusFrame
L 09/29/2021 - 23:43:44: [SM] Exception reported: Language phrase "InstaDefuseSuccessful" not found (arg 5)
L 09/29/2021 - 23:43:44: [SM] Blaming: retakes-instadefuse.smx
L 09/29/2021 - 23:43:44: [SM] Call stack trace:
L 09/29/2021 - 23:43:44: [SM]   [0] PrintToChat
L 09/29/2021 - 23:43:44: [SM]   [1] Line 197, plugin.sp::AttemptInstantDefuse
L 09/29/2021 - 23:43:44: [SM]   [2] Line 104, plugin.sp::Event_BombBeginDefusePlusFrame
L 09/29/2021 - 23:44:23: [SM] Exception reported: Language phrase "InstaDefuseSuccessful" not found (arg 5)
L 09/29/2021 - 23:44:23: [SM] Blaming: retakes-instadefuse.smx
L 09/29/2021 - 23:44:23: [SM] Call stack trace:
L 09/29/2021 - 23:44:23: [SM]   [0] PrintToChat
L 09/29/2021 - 23:44:23: [SM]   [1] Line 197, plugin.sp::AttemptInstantDefuse
L 09/29/2021 - 23:44:23: [SM]   [2] Line 104, plugin.sp::Event_BombBeginDefusePlusFrame
L 09/29/2021 - 23:44:41: [SM] Exception reported: Language phrase "InstaDefuseSuccessful" not found (arg 5)
L 09/29/2021 - 23:44:41: [SM] Blaming: retakes-instadefuse.smx
L 09/29/2021 - 23:44:41: [SM] Call stack trace:
L 09/29/2021 - 23:44:41: [SM]   [0] PrintToChat
L 09/29/2021 - 23:44:41: [SM]   [1] Line 197, plugin.sp::AttemptInstantDefuse
L 09/29/2021 - 23:44:42: [SM]   [2] Line 104, plugin.sp::Event_BombBeginDefusePlusFrame
L 09/29/2021 - 23:45:24: [SM] Exception reported: Language phrase "InstaDefuseSuccessful" not found (arg 5)
L 09/29/2021 - 23:45:24: [SM] Blaming: retakes-instadefuse.smx
L 09/29/2021 - 23:45:24: [SM] Call stack trace:
L 09/29/2021 - 23:45:24: [SM]   [0] PrintToChat
L 09/29/2021 - 23:45:24: [SM]   [1] Line 197, plugin.sp::AttemptInstantDefuse
L 09/29/2021 - 23:45:24: [SM]   [2] Line 104, plugin.sp::Event_BombBeginDefusePlusFrame
L 09/29/2021 - 23:45:43: [SM] Exception reported: Language phrase "InstaDefuseSuccessful" not found (arg 5)
L 09/29/2021 - 23:45:43: [SM] Blaming: retakes-instadefuse.smx
L 09/29/2021 - 23:45:43: [SM] Call stack trace:
L 09/29/2021 - 23:45:43: [SM]   [0] PrintToChat
L 09/29/2021 - 23:45:43: [SM]   [1] Line 197, plugin.sp::AttemptInstantDefuse
L 09/29/2021 - 23:45:43: [SM]   [2] Line 104, plugin.sp::Event_BombBeginDefusePlusFrame
L 09/29/2021 - 23:46:06: [SM] Exception reported: Language phrase "InstaDefuseSuccessful" not found (arg 5)
L 09/29/2021 - 23:46:06: [SM] Blaming: retakes-instadefuse.smx
L 09/29/2021 - 23:46:06: [SM] Call stack trace:
L 09/29/2021 - 23:46:06: [SM]   [0] PrintToChat
L 09/29/2021 - 23:46:06: [SM]   [1] Line 197, plugin.sp::AttemptInstantDefuse
L 09/29/2021 - 23:46:06: [SM]   [2] Line 104, plugin.sp::Event_BombBeginDefusePlusFrame
L 09/29/2021 - 23:46:31: [SM] Exception reported: Language phrase "InstaDefuseSuccessful" not found (arg 5)
L 09/29/2021 - 23:46:31: [SM] Blaming: retakes-instadefuse.smx
L 09/29/2021 - 23:46:31: [SM] Call stack trace:
L 09/29/2021 - 23:46:32: [SM]   [0] PrintToChat
L 09/29/2021 - 23:46:32: [SM]   [1] Line 197, plugin.sp::AttemptInstantDefuse
L 09/29/2021 - 23:46:32: [SM]   [2] Line 104, plugin.sp::Event_BombBeginDefusePlusFrame
L 09/29/2021 - 23:47:36: [SM] Exception reported: Language phrase "InstaDefuseSuccessful" not found (arg 5)
L 09/29/2021 - 23:47:36: [SM] Blaming: retakes-instadefuse.smx
L 09/29/2021 - 23:47:36: [SM] Call stack trace:
L 09/29/2021 - 23:47:36: [SM]   [0] PrintToChat
L 09/29/2021 - 23:47:36: [SM]   [1] Line 197, plugin.sp::AttemptInstantDefuse
L 09/29/2021 - 23:47:36: [SM]   [2] Line 104, plugin.sp::Event_BombBeginDefusePlusFrame
L 09/29/2021 - 23:47:41: [SM] Exception reported: Language phrase "InstaDefuseSuccessful" not found (arg 5)
L 09/29/2021 - 23:47:41: [SM] Blaming: retakes-instadefuse.smx
L 09/29/2021 - 23:47:41: [SM] Call stack trace:
L 09/29/2021 - 23:47:41: [SM]   [0] PrintToChat
L 09/29/2021 - 23:47:41: [SM]   [1] Line 197, plugin.sp::AttemptInstantDefuse
L 09/29/2021 - 23:47:41: [SM]   [2] Line 104, plugin.sp::Event_BombBeginDefusePlusFrame
L 09/29/2021 - 23:48:27: [SM] Exception reported: Language phrase "InstaDefuseSuccessful" not found (arg 5)
L 09/29/2021 - 23:48:27: [SM] Blaming: retakes-instadefuse.smx
L 09/29/2021 - 23:48:27: [SM] Call stack trace:
L 09/29/2021 - 23:48:27: [SM]   [0] PrintToChat
L 09/29/2021 - 23:48:27: [SM]   [1] Line 197, plugin.sp::AttemptInstantDefuse
L 09/29/2021 - 23:48:27: [SM]   [2] Line 104, plugin.sp::Event_BombBeginDefusePlusFrame
L 09/29/2021 - 23:49:10: [SM] Exception reported: Language phrase "InstaDefuseUnsuccessful" not found (arg 5)
L 09/29/2021 - 23:49:10: [SM] Blaming: retakes-instadefuse.smx
L 09/29/2021 - 23:49:10: [SM] Call stack trace:
L 09/29/2021 - 23:49:10: [SM]   [0] PrintToChat
L 09/29/2021 - 23:49:10: [SM]   [1] Line 143, plugin.sp::AttemptInstantDefuse
L 09/29/2021 - 23:49:10: [SM]   [2] Line 104, plugin.sp::Event_BombBeginDefusePlusFrame
L 09/29/2021 - 23:49:10: [SM] Exception reported: Language phrase "InstaDefuseUnsuccessful" not found (arg 5)
L 09/29/2021 - 23:49:10: [SM] Blaming: retakes-instadefuse.smx
L 09/29/2021 - 23:49:10: [SM] Call stack trace:
L 09/29/2021 - 23:49:10: [SM]   [0] PrintToChat
L 09/29/2021 - 23:49:10: [SM]   [1] Line 143, plugin.sp::AttemptInstantDefuse
L 09/29/2021 - 23:49:10: [SM]   [2] Line 104, plugin.sp::Event_BombBeginDefusePlusFrame
L 09/29/2021 - 23:49:10: [SM] Exception reported: Language phrase "InstaDefuseUnsuccessful" not found (arg 5)
L 09/29/2021 - 23:49:10: [SM] Blaming: retakes-instadefuse.smx
L 09/29/2021 - 23:49:10: [SM] Call stack trace:
L 09/29/2021 - 23:49:10: [SM]   [0] PrintToChat
L 09/29/2021 - 23:49:10: [SM]   [1] Line 143, plugin.sp::AttemptInstantDefuse
L 09/29/2021 - 23:49:10: [SM]   [2] Line 104, plugin.sp::Event_BombBeginDefusePlusFrame
L 09/29/2021 - 23:49:10: [SM] Exception reported: Language phrase "InstaDefuseUnsuccessful" not found (arg 5)
L 09/29/2021 - 23:49:10: [SM] Blaming: retakes-instadefuse.smx
L 09/29/2021 - 23:49:10: [SM] Call stack trace:
L 09/29/2021 - 23:49:10: [SM]   [0] PrintToChat
L 09/29/2021 - 23:49:10: [SM]   [1] Line 143, plugin.sp::AttemptInstantDefuse
L 09/29/2021 - 23:49:10: [SM]   [2] Line 104, plugin.sp::Event_BombBeginDefusePlusFrame
L 09/29/2021 - 23:49:10: [SM] Exception reported: Language phrase "InstaDefuseUnsuccessful" not found (arg 5)
L 09/29/2021 - 23:49:10: [SM] Blaming: retakes-instadefuse.smx
L 09/29/2021 - 23:49:10: [SM] Call stack trace:
L 09/29/2021 - 23:49:10: [SM]   [0] PrintToChat
L 09/29/2021 - 23:49:10: [SM]   [1] Line 143, plugin.sp::AttemptInstantDefuse
L 09/29/2021 - 23:49:10: [SM]   [2] Line 104, plugin.sp::Event_BombBeginDefusePlusFrame
L 09/29/2021 - 23:49:10: [SM] Exception reported: Language phrase "InstaDefuseUnsuccessful" not found (arg 5)
L 09/29/2021 - 23:49:10: [SM] Blaming: retakes-instadefuse.smx
L 09/29/2021 - 23:49:10: [SM] Call stack trace:
L 09/29/2021 - 23:49:10: [SM]   [0] PrintToChat
L 09/29/2021 - 23:49:10: [SM]   [1] Line 143, plugin.sp::AttemptInstantDefuse
L 09/29/2021 - 23:49:10: [SM]   [2] Line 104, plugin.sp::Event_BombBeginDefusePlusFrame
L 09/29/2021 - 23:49:10: [SM] Exception reported: Language phrase "InstaDefuseUnsuccessful" not found (arg 5)
L 09/29/2021 - 23:49:10: [SM] Blaming: retakes-instadefuse.smx
L 09/29/2021 - 23:49:10: [SM] Call stack trace:
L 09/29/2021 - 23:49:10: [SM]   [0] PrintToChat
L 09/29/2021 - 23:49:10: [SM]   [1] Line 143, plugin.sp::AttemptInstantDefuse
L 09/29/2021 - 23:49:10: [SM]   [2] Line 104, plugin.sp::Event_BombBeginDefusePlusFrame
L 09/29/2021 - 23:49:27: [SM] Exception reported: Language phrase "InstaDefuseSuccessful" not found (arg 5)
L 09/29/2021 - 23:49:27: [SM] Blaming: retakes-instadefuse.smx
L 09/29/2021 - 23:49:27: [SM] Call stack trace:
L 09/29/2021 - 23:49:27: [SM]   [0] PrintToChat
L 09/29/2021 - 23:49:27: [SM]   [1] Line 197, plugin.sp::AttemptInstantDefuse
L 09/29/2021 - 23:49:27: [SM]   [2] Line 104, plugin.sp::Event_BombBeginDefusePlusFrame
L 09/29/2021 - 23:49:45: [SM] Exception reported: Language phrase "InstaDefuseSuccessful" not found (arg 5)
L 09/29/2021 - 23:49:45: [SM] Blaming: retakes-instadefuse.smx
L 09/29/2021 - 23:49:45: [SM] Call stack trace:
L 09/29/2021 - 23:49:45: [SM]   [0] PrintToChat
L 09/29/2021 - 23:49:45: [SM]   [1] Line 197, plugin.sp::AttemptInstantDefuse
L 09/29/2021 - 23:49:45: [SM]   [2] Line 104, plugin.sp::Event_BombBeginDefusePlusFrame
L 09/29/2021 - 23:50:07: [SM] Exception reported: Language phrase "InstaDefuseSuccessful" not found (arg 5)
L 09/29/2021 - 23:50:07: [SM] Blaming: retakes-instadefuse.smx
L 09/29/2021 - 23:50:07: [SM] Call stack trace:
L 09/29/2021 - 23:50:07: [SM]   [0] PrintToChat
L 09/29/2021 - 23:50:07: [SM]   [1] Line 197, plugin.sp::AttemptInstantDefuse
L 09/29/2021 - 23:50:07: [SM]   [2] Line 104, plugin.sp::Event_BombBeginDefusePlusFrame
L 09/29/2021 - 23:50:35: [SM] Exception reported: Language phrase "InstaDefuseSuccessful" not found (arg 5)
L 09/29/2021 - 23:50:35: [SM] Blaming: retakes-instadefuse.smx
L 09/29/2021 - 23:50:35: [SM] Call stack trace:
L 09/29/2021 - 23:50:35: [SM]   [0] PrintToChat
L 09/29/2021 - 23:50:35: [SM]   [1] Line 197, plugin.sp::AttemptInstantDefuse
L 09/29/2021 - 23:50:35: [SM]   [2] Line 104, plugin.sp::Event_BombBeginDefusePlusFrame
L 09/29/2021 - 23:50:58: [SM] Exception reported: Language phrase "InstaDefuseSuccessful" not found (arg 5)
L 09/29/2021 - 23:50:58: [SM] Blaming: retakes-instadefuse.smx
L 09/29/2021 - 23:50:58: [SM] Call stack trace:
L 09/29/2021 - 23:50:58: [SM]   [0] PrintToChat
L 09/29/2021 - 23:50:58: [SM]   [1] Line 197, plugin.sp::AttemptInstantDefuse
L 09/29/2021 - 23:50:58: [SM]   [2] Line 104, plugin.sp::Event_BombBeginDefusePlusFrame
L 09/29/2021 - 23:51:14: [SM] Exception reported: Language phrase "InstaDefuseSuccessful" not found (arg 5)
L 09/29/2021 - 23:51:14: [SM] Blaming: retakes-instadefuse.smx
L 09/29/2021 - 23:51:14: [SM] Call stack trace:
L 09/29/2021 - 23:51:14: [SM]   [0] PrintToChat
L 09/29/2021 - 23:51:14: [SM]   [1] Line 197, plugin.sp::AttemptInstantDefuse
L 09/29/2021 - 23:51:14: [SM]   [2] Line 104, plugin.sp::Event_BombBeginDefusePlusFrame
L 09/29/2021 - 23:51:29: [SM] Exception reported: Language phrase "InstaDefuseSuccessful" not found (arg 5)
L 09/29/2021 - 23:51:29: [SM] Blaming: retakes-instadefuse.smx
L 09/29/2021 - 23:51:29: [SM] Call stack trace:
L 09/29/2021 - 23:51:29: [SM]   [0] PrintToChat
L 09/29/2021 - 23:51:29: [SM]   [1] Line 197, plugin.sp::AttemptInstantDefuse
L 09/29/2021 - 23:51:29: [SM]   [2] Line 104, plugin.sp::Event_BombBeginDefusePlusFrame
L 09/29/2021 - 23:52:00: [SM] Exception reported: Language phrase "InstaDefuseSuccessful" not found (arg 5)
L 09/29/2021 - 23:52:00: [SM] Blaming: retakes-instadefuse.smx
L 09/29/2021 - 23:52:00: [SM] Call stack trace:
L 09/29/2021 - 23:52:00: [SM]   [0] PrintToChat
L 09/29/2021 - 23:52:00: [SM]   [1] Line 197, plugin.sp::AttemptInstantDefuse
L 09/29/2021 - 23:52:00: [SM]   [2] Line 104, plugin.sp::Event_BombBeginDefusePlusFrame
L 09/29/2021 - 23:52:21: [SM] Exception reported: Language phrase "InstaDefuseSuccessful" not found (arg 5)
L 09/29/2021 - 23:52:21: [SM] Blaming: retakes-instadefuse.smx
L 09/29/2021 - 23:52:21: [SM] Call stack trace:
L 09/29/2021 - 23:52:21: [SM]   [0] PrintToChat
L 09/29/2021 - 23:52:21: [SM]   [1] Line 197, plugin.sp::AttemptInstantDefuse
L 09/29/2021 - 23:52:21: [SM]   [2] Line 104, plugin.sp::Event_BombBeginDefusePlusFrame
L 09/29/2021 - 23:52:41: [SM] Exception reported: Language phrase "InstaDefuseSuccessful" not found (arg 5)
L 09/29/2021 - 23:52:41: [SM] Blaming: retakes-instadefuse.smx
L 09/29/2021 - 23:52:41: [SM] Call stack trace:
L 09/29/2021 - 23:52:41: [SM]   [0] PrintToChat
L 09/29/2021 - 23:52:41: [SM]   [1] Line 197, plugin.sp::AttemptInstantDefuse
L 09/29/2021 - 23:52:41: [SM]   [2] Line 104, plugin.sp::Event_BombBeginDefusePlusFrame
L 09/29/2021 - 23:53:18: [SM] Exception reported: Language phrase "LiveNadeSomewhere" not found (arg 5)
L 09/29/2021 - 23:53:18: [SM] Blaming: retakes-instadefuse.smx
L 09/29/2021 - 23:53:18: [SM] Call stack trace:
L 09/29/2021 - 23:53:18: [SM]   [0] PrintToChat
L 09/29/2021 - 23:53:18: [SM]   [1] Line 168, plugin.sp::AttemptInstantDefuse
L 09/29/2021 - 23:53:18: [SM]   [2] Line 104, plugin.sp::Event_BombBeginDefusePlusFrame
L 09/29/2021 - 23:54:21: [SM] Exception reported: Language phrase "InstaDefuseSuccessful" not found (arg 5)
L 09/29/2021 - 23:54:21: [SM] Blaming: retakes-instadefuse.smx
L 09/29/2021 - 23:54:21: [SM] Call stack trace:
L 09/29/2021 - 23:54:21: [SM]   [0] PrintToChat
L 09/29/2021 - 23:54:21: [SM]   [1] Line 197, plugin.sp::AttemptInstantDefuse
L 09/29/2021 - 23:54:21: [SM]   [2] Line 104, plugin.sp::Event_BombBeginDefusePlusFrame
L 09/29/2021 - 23:54:47: [SM] Exception reported: Language phrase "InstaDefuseSuccessful" not found (arg 5)
L 09/29/2021 - 23:54:47: [SM] Blaming: retakes-instadefuse.smx
L 09/29/2021 - 23:54:47: [SM] Call stack trace:
L 09/29/2021 - 23:54:47: [SM]   [0] PrintToChat
L 09/29/2021 - 23:54:47: [SM]   [1] Line 197, plugin.sp::AttemptInstantDefuse
L 09/29/2021 - 23:54:47: [SM]   [2] Line 104, plugin.sp::Event_BombBeginDefusePlusFrame
L 09/29/2021 - 23:55:38: [SM] Exception reported: Language phrase "InstaDefuseSuccessful" not found (arg 5)
L 09/29/2021 - 23:55:38: [SM] Blaming: retakes-instadefuse.smx
L 09/29/2021 - 23:55:38: [SM] Call stack trace:
L 09/29/2021 - 23:55:38: [SM]   [0] PrintToChat
L 09/29/2021 - 23:55:38: [SM]   [1] Line 197, plugin.sp::AttemptInstantDefuse
L 09/29/2021 - 23:55:38: [SM]   [2] Line 104, plugin.sp::Event_BombBeginDefusePlusFrame
L 09/29/2021 - 23:56:25: [SM] Exception reported: Language phrase "InstaDefuseSuccessful" not found (arg 5)
L 09/29/2021 - 23:56:25: [SM] Blaming: retakes-instadefuse.smx
L 09/29/2021 - 23:56:25: [SM] Call stack trace:
L 09/29/2021 - 23:56:25: [SM]   [0] PrintToChat
L 09/29/2021 - 23:56:25: [SM]   [1] Line 197, plugin.sp::AttemptInstantDefuse
L 09/29/2021 - 23:56:25: [SM]   [2] Line 104, plugin.sp::Event_BombBeginDefusePlusFrame
L 09/29/2021 - 23:56:41: [SM] Exception reported: Language phrase "InstaDefuseSuccessful" not found (arg 5)
L 09/29/2021 - 23:56:41: [SM] Blaming: retakes-instadefuse.smx
L 09/29/2021 - 23:56:41: [SM] Call stack trace:
L 09/29/2021 - 23:56:41: [SM]   [0] PrintToChat
L 09/29/2021 - 23:56:41: [SM]   [1] Line 197, plugin.sp::AttemptInstantDefuse
L 09/29/2021 - 23:56:41: [SM]   [2] Line 104, plugin.sp::Event_BombBeginDefusePlusFrame
L 09/29/2021 - 23:56:41: [SM] Exception reported: Language phrase "InstaDefuseSuccessful" not found (arg 5)
L 09/29/2021 - 23:56:41: [SM] Blaming: retakes-instadefuse.smx
L 09/29/2021 - 23:56:41: [SM] Call stack trace:
L 09/29/2021 - 23:56:41: [SM]   [0] PrintToChat
L 09/29/2021 - 23:56:41: [SM]   [1] Line 197, plugin.sp::AttemptInstantDefuse
L 09/29/2021 - 23:56:41: [SM]   [2] Line 104, plugin.sp::Event_BombBeginDefusePlusFrame
L 09/29/2021 - 23:57:18: [SM] Exception reported: Language phrase "InstaDefuseSuccessful" not found (arg 5)
L 09/29/2021 - 23:57:18: [SM] Blaming: retakes-instadefuse.smx
L 09/29/2021 - 23:57:18: [SM] Call stack trace:
L 09/29/2021 - 23:57:18: [SM]   [0] PrintToChat
L 09/29/2021 - 23:57:18: [SM]   [1] Line 197, plugin.sp::AttemptInstantDefuse
L 09/29/2021 - 23:57:18: [SM]   [2] Line 104, plugin.sp::Event_BombBeginDefusePlusFrame
L 09/29/2021 - 23:57:44: [SM] Exception reported: Language phrase "InstaDefuseSuccessful" not found (arg 5)
L 09/29/2021 - 23:57:44: [SM] Blaming: retakes-instadefuse.smx
L 09/29/2021 - 23:57:44: [SM] Call stack trace:
L 09/29/2021 - 23:57:44: [SM]   [0] PrintToChat
L 09/29/2021 - 23:57:44: [SM]   [1] Line 197, plugin.sp::AttemptInstantDefuse
L 09/29/2021 - 23:57:44: [SM]   [2] Line 104, plugin.sp::Event_BombBeginDefusePlusFrame
L 09/29/2021 - 23:58:03: [SM] Exception reported: Language phrase "InstaDefuseSuccessful" not found (arg 5)
L 09/29/2021 - 23:58:03: [SM] Blaming: retakes-instadefuse.smx
L 09/29/2021 - 23:58:03: [SM] Call stack trace:
L 09/29/2021 - 23:58:03: [SM]   [0] PrintToChat
L 09/29/2021 - 23:58:03: [SM]   [1] Line 197, plugin.sp::AttemptInstantDefuse
L 09/29/2021 - 23:58:03: [SM]   [2] Line 104, plugin.sp::Event_BombBeginDefusePlusFrame
L 09/29/2021 - 23:58:04: [SM] Exception reported: Language phrase "InstaDefuseSuccessful" not found (arg 5)
L 09/29/2021 - 23:58:04: [SM] Blaming: retakes-instadefuse.smx
L 09/29/2021 - 23:58:04: [SM] Call stack trace:
L 09/29/2021 - 23:58:04: [SM]   [0] PrintToChat
L 09/29/2021 - 23:58:04: [SM]   [1] Line 197, plugin.sp::AttemptInstantDefuse
L 09/29/2021 - 23:58:04: [SM]   [2] Line 104, plugin.sp::Event_BombBeginDefusePlusFrame
L 09/29/2021 - 23:58:23: [SM] Exception reported: Language phrase "InstaDefuseSuccessful" not found (arg 5)
L 09/29/2021 - 23:58:23: [SM] Blaming: retakes-instadefuse.smx
L 09/29/2021 - 23:58:23: [SM] Call stack trace:
L 09/29/2021 - 23:58:23: [SM]   [0] PrintToChat
L 09/29/2021 - 23:58:23: [SM]   [1] Line 197, plugin.sp::AttemptInstantDefuse
L 09/29/2021 - 23:58:23: [SM]   [2] Line 104, plugin.sp::Event_BombBeginDefusePlusFrame
L 09/29/2021 - 23:59:51: [SM] Exception reported: Language phrase "InstaDefuseSuccessful" not found (arg 5)
L 09/29/2021 - 23:59:51: [SM] Blaming: retakes-instadefuse.smx
L 09/29/2021 - 23:59:51: [SM] Call stack trace:
L 09/29/2021 - 23:59:51: [SM]   [0] PrintToChat
L 09/29/2021 - 23:59:51: [SM]   [1] Line 197, plugin.sp::AttemptInstantDefuse
L 09/29/2021 - 23:59:51: [SM]   [2] Line 104, plugin.sp::Event_BombBeginDefusePlusFrame
L 09/30/2021 - 00:00:06: Error log file session closed.
