L 01/14/2022 - 23:01:20: SourceMod error session started
L 01/14/2022 - 23:01:20: Info (map "de_mirage") (file "E:\retake\csgoserver\csgo\addons\sourcemod\logs\errors_20220114.log")
L 01/14/2022 - 23:01:20: [SM] Unable to load extension "PhysHooks.ext": Could not find patch signature for symbol: Physics_RunThinkFunctions
L 01/14/2022 - 23:01:23: [SM] Unable to load plugin "bot_inventory.smx": Native "eItems_AreItemsSynced" was not found
L 01/14/2022 - 23:01:23: [SM] Unable to load plugin "bot_stuff.smx": Could not find required plugin "navmesh"
L 01/14/2022 - 23:01:24: [SM] Unable to load plugin "LagCompensation.smx": Required extension "PhysHooks" file("PhysHooks.ext") not running
L 01/14/2022 - 23:01:25: [SM] Fatal error encountered parsing translation file "ranks_matchmaking.phrases.txt"
L 01/14/2022 - 23:01:25: [SM] Error (line 0, column 0): Stream failed to open
L 01/14/2022 - 23:01:25: [SM] Fatal error encountered parsing translation file "instadefuse.phrases.txt"
L 01/14/2022 - 23:01:25: [SM] Error (line 0, column 0): Stream failed to open
L 01/14/2022 - 23:01:45: [SM] Exception reported: Language phrase "Unranked" not found (arg 5)
L 01/14/2022 - 23:01:45: [SM] Blaming: ranks_matchmaking.smx
L 01/14/2022 - 23:01:45: [SM] Call stack trace:
L 01/14/2022 - 23:01:45: [SM]   [0] FormatEx
L 01/14/2022 - 23:01:45: [SM]   [1] Line 174, ranks_matchmaking.sp::GetRanksNames
L 01/14/2022 - 23:01:45: [SM]   [2] Line 169, ranks_matchmaking.sp::OnMapStart
L 01/14/2022 - 23:02:43: Error log file session closed.
L 01/14/2022 - 23:02:43: SourceMod error session started
L 01/14/2022 - 23:02:43: Info (map "de_mirage") (file "E:\retake\csgoserver\csgo\addons\sourcemod\logs\errors_20220114.log")
L 01/14/2022 - 23:02:43: [SM] Fatal error encountered parsing translation file "ranks_matchmaking.phrases.txt"
L 01/14/2022 - 23:02:43: [SM] Error (line 0, column 0): Stream failed to open
L 01/14/2022 - 23:02:43: [SM] Fatal error encountered parsing translation file "instadefuse.phrases.txt"
L 01/14/2022 - 23:02:43: [SM] Error (line 0, column 0): Stream failed to open
L 01/14/2022 - 23:02:44: [SM] Exception reported: Language phrase "Unranked" not found (arg 5)
L 01/14/2022 - 23:02:44: [SM] Blaming: ranks_matchmaking.smx
L 01/14/2022 - 23:02:44: [SM] Call stack trace:
L 01/14/2022 - 23:02:44: [SM]   [0] FormatEx
L 01/14/2022 - 23:02:44: [SM]   [1] Line 174, ranks_matchmaking.sp::GetRanksNames
L 01/14/2022 - 23:02:44: [SM]   [2] Line 169, ranks_matchmaking.sp::OnMapStart
L 01/14/2022 - 23:08:40: [SM] Exception reported: Language phrase "InstaDefuseSuccessful" not found (arg 5)
L 01/14/2022 - 23:08:40: [SM] Blaming: retakes-instadefuse.smx
L 01/14/2022 - 23:08:40: [SM] Call stack trace:
L 01/14/2022 - 23:08:40: [SM]   [0] PrintToChat
L 01/14/2022 - 23:08:40: [SM]   [1] Line 197, plugin.sp::AttemptInstantDefuse
L 01/14/2022 - 23:08:40: [SM]   [2] Line 104, plugin.sp::Event_BombBeginDefusePlusFrame
L 01/14/2022 - 23:09:08: [SM] Exception reported: Language phrase "InstaDefuseSuccessful" not found (arg 5)
L 01/14/2022 - 23:09:08: [SM] Blaming: retakes-instadefuse.smx
L 01/14/2022 - 23:09:08: [SM] Call stack trace:
L 01/14/2022 - 23:09:08: [SM]   [0] PrintToChat
L 01/14/2022 - 23:09:08: [SM]   [1] Line 197, plugin.sp::AttemptInstantDefuse
L 01/14/2022 - 23:09:08: [SM]   [2] Line 104, plugin.sp::Event_BombBeginDefusePlusFrame
L 01/14/2022 - 23:09:35: [SM] Exception reported: Language phrase "InstaDefuseSuccessful" not found (arg 5)
L 01/14/2022 - 23:09:35: [SM] Blaming: retakes-instadefuse.smx
L 01/14/2022 - 23:09:35: [SM] Call stack trace:
L 01/14/2022 - 23:09:35: [SM]   [0] PrintToChat
L 01/14/2022 - 23:09:35: [SM]   [1] Line 197, plugin.sp::AttemptInstantDefuse
L 01/14/2022 - 23:09:35: [SM]   [2] Line 104, plugin.sp::Event_BombBeginDefusePlusFrame
L 01/14/2022 - 23:10:32: [SM] Exception reported: Language phrase "InstaDefuseUnsuccessful" not found (arg 5)
L 01/14/2022 - 23:10:32: [SM] Blaming: retakes-instadefuse.smx
L 01/14/2022 - 23:10:32: [SM] Call stack trace:
L 01/14/2022 - 23:10:32: [SM]   [0] PrintToChat
L 01/14/2022 - 23:10:32: [SM]   [1] Line 143, plugin.sp::AttemptInstantDefuse
L 01/14/2022 - 23:10:32: [SM]   [2] Line 104, plugin.sp::Event_BombBeginDefusePlusFrame
L 01/14/2022 - 23:10:32: [SM] Exception reported: Language phrase "InstaDefuseUnsuccessful" not found (arg 5)
L 01/14/2022 - 23:10:32: [SM] Blaming: retakes-instadefuse.smx
L 01/14/2022 - 23:10:32: [SM] Call stack trace:
L 01/14/2022 - 23:10:32: [SM]   [0] PrintToChat
L 01/14/2022 - 23:10:32: [SM]   [1] Line 143, plugin.sp::AttemptInstantDefuse
L 01/14/2022 - 23:10:32: [SM]   [2] Line 104, plugin.sp::Event_BombBeginDefusePlusFrame
L 01/14/2022 - 23:10:33: [SM] Exception reported: Language phrase "InstaDefuseUnsuccessful" not found (arg 5)
L 01/14/2022 - 23:10:33: [SM] Blaming: retakes-instadefuse.smx
L 01/14/2022 - 23:10:33: [SM] Call stack trace:
L 01/14/2022 - 23:10:33: [SM]   [0] PrintToChat
L 01/14/2022 - 23:10:33: [SM]   [1] Line 143, plugin.sp::AttemptInstantDefuse
L 01/14/2022 - 23:10:33: [SM]   [2] Line 104, plugin.sp::Event_BombBeginDefusePlusFrame
L 01/14/2022 - 23:10:33: [SM] Exception reported: Language phrase "InstaDefuseUnsuccessful" not found (arg 5)
L 01/14/2022 - 23:10:33: [SM] Blaming: retakes-instadefuse.smx
L 01/14/2022 - 23:10:33: [SM] Call stack trace:
L 01/14/2022 - 23:10:33: [SM]   [0] PrintToChat
L 01/14/2022 - 23:10:33: [SM]   [1] Line 143, plugin.sp::AttemptInstantDefuse
L 01/14/2022 - 23:10:33: [SM]   [2] Line 104, plugin.sp::Event_BombBeginDefusePlusFrame
L 01/14/2022 - 23:10:33: [SM] Exception reported: Language phrase "InstaDefuseUnsuccessful" not found (arg 5)
L 01/14/2022 - 23:10:33: [SM] Blaming: retakes-instadefuse.smx
L 01/14/2022 - 23:10:33: [SM] Call stack trace:
L 01/14/2022 - 23:10:33: [SM]   [0] PrintToChat
L 01/14/2022 - 23:10:33: [SM]   [1] Line 143, plugin.sp::AttemptInstantDefuse
L 01/14/2022 - 23:10:33: [SM]   [2] Line 104, plugin.sp::Event_BombBeginDefusePlusFrame
L 01/14/2022 - 23:10:33: [SM] Exception reported: Language phrase "InstaDefuseUnsuccessful" not found (arg 5)
L 01/14/2022 - 23:10:33: [SM] Blaming: retakes-instadefuse.smx
L 01/14/2022 - 23:10:33: [SM] Call stack trace:
L 01/14/2022 - 23:10:33: [SM]   [0] PrintToChat
L 01/14/2022 - 23:10:33: [SM]   [1] Line 143, plugin.sp::AttemptInstantDefuse
L 01/14/2022 - 23:10:33: [SM]   [2] Line 104, plugin.sp::Event_BombBeginDefusePlusFrame
L 01/14/2022 - 23:10:50: [SM] Exception reported: Language phrase "InstaDefuseSuccessful" not found (arg 5)
L 01/14/2022 - 23:10:50: [SM] Blaming: retakes-instadefuse.smx
L 01/14/2022 - 23:10:50: [SM] Call stack trace:
L 01/14/2022 - 23:10:50: [SM]   [0] PrintToChat
L 01/14/2022 - 23:10:50: [SM]   [1] Line 197, plugin.sp::AttemptInstantDefuse
L 01/14/2022 - 23:10:50: [SM]   [2] Line 104, plugin.sp::Event_BombBeginDefusePlusFrame
L 01/14/2022 - 23:12:25: [SM] Exception reported: Language phrase "InstaDefuseSuccessful" not found (arg 5)
L 01/14/2022 - 23:12:25: [SM] Blaming: retakes-instadefuse.smx
L 01/14/2022 - 23:12:25: [SM] Call stack trace:
L 01/14/2022 - 23:12:25: [SM]   [0] PrintToChat
L 01/14/2022 - 23:12:25: [SM]   [1] Line 197, plugin.sp::AttemptInstantDefuse
L 01/14/2022 - 23:12:25: [SM]   [2] Line 104, plugin.sp::Event_BombBeginDefusePlusFrame
L 01/14/2022 - 23:14:30: [SM] Exception reported: Language phrase "InstaDefuseSuccessful" not found (arg 5)
L 01/14/2022 - 23:14:30: [SM] Blaming: retakes-instadefuse.smx
L 01/14/2022 - 23:14:30: [SM] Call stack trace:
L 01/14/2022 - 23:14:30: [SM]   [0] PrintToChat
L 01/14/2022 - 23:14:30: [SM]   [1] Line 197, plugin.sp::AttemptInstantDefuse
L 01/14/2022 - 23:14:30: [SM]   [2] Line 104, plugin.sp::Event_BombBeginDefusePlusFrame
L 01/14/2022 - 23:15:25: [SM] Exception reported: Language phrase "InstaDefuseSuccessful" not found (arg 5)
L 01/14/2022 - 23:15:25: [SM] Blaming: retakes-instadefuse.smx
L 01/14/2022 - 23:15:25: [SM] Call stack trace:
L 01/14/2022 - 23:15:25: [SM]   [0] PrintToChat
L 01/14/2022 - 23:15:25: [SM]   [1] Line 197, plugin.sp::AttemptInstantDefuse
L 01/14/2022 - 23:15:25: [SM]   [2] Line 104, plugin.sp::Event_BombBeginDefusePlusFrame
L 01/14/2022 - 23:16:19: [SM] Exception reported: Language phrase "InstaDefuseSuccessful" not found (arg 5)
L 01/14/2022 - 23:16:19: [SM] Blaming: retakes-instadefuse.smx
L 01/14/2022 - 23:16:19: [SM] Call stack trace:
L 01/14/2022 - 23:16:19: [SM]   [0] PrintToChat
L 01/14/2022 - 23:16:19: [SM]   [1] Line 197, plugin.sp::AttemptInstantDefuse
L 01/14/2022 - 23:16:19: [SM]   [2] Line 104, plugin.sp::Event_BombBeginDefusePlusFrame
L 01/14/2022 - 23:16:40: [SM] Exception reported: Language phrase "InstaDefuseSuccessful" not found (arg 5)
L 01/14/2022 - 23:16:40: [SM] Blaming: retakes-instadefuse.smx
L 01/14/2022 - 23:16:40: [SM] Call stack trace:
L 01/14/2022 - 23:16:40: [SM]   [0] PrintToChat
L 01/14/2022 - 23:16:40: [SM]   [1] Line 197, plugin.sp::AttemptInstantDefuse
L 01/14/2022 - 23:16:40: [SM]   [2] Line 104, plugin.sp::Event_BombBeginDefusePlusFrame
L 01/14/2022 - 23:16:59: [SM] Exception reported: Language phrase "InstaDefuseSuccessful" not found (arg 5)
L 01/14/2022 - 23:16:59: [SM] Blaming: retakes-instadefuse.smx
L 01/14/2022 - 23:16:59: [SM] Call stack trace:
L 01/14/2022 - 23:16:59: [SM]   [0] PrintToChat
L 01/14/2022 - 23:16:59: [SM]   [1] Line 197, plugin.sp::AttemptInstantDefuse
L 01/14/2022 - 23:16:59: [SM]   [2] Line 104, plugin.sp::Event_BombBeginDefusePlusFrame
L 01/14/2022 - 23:17:24: [SM] Exception reported: Language phrase "InstaDefuseSuccessful" not found (arg 5)
L 01/14/2022 - 23:17:24: [SM] Blaming: retakes-instadefuse.smx
L 01/14/2022 - 23:17:24: [SM] Call stack trace:
L 01/14/2022 - 23:17:24: [SM]   [0] PrintToChat
L 01/14/2022 - 23:17:24: [SM]   [1] Line 197, plugin.sp::AttemptInstantDefuse
L 01/14/2022 - 23:17:24: [SM]   [2] Line 104, plugin.sp::Event_BombBeginDefusePlusFrame
L 01/14/2022 - 23:17:50: [SM] Exception reported: Language phrase "InstaDefuseSuccessful" not found (arg 5)
L 01/14/2022 - 23:17:50: [SM] Blaming: retakes-instadefuse.smx
L 01/14/2022 - 23:17:50: [SM] Call stack trace:
L 01/14/2022 - 23:17:50: [SM]   [0] PrintToChat
L 01/14/2022 - 23:17:50: [SM]   [1] Line 197, plugin.sp::AttemptInstantDefuse
L 01/14/2022 - 23:17:50: [SM]   [2] Line 104, plugin.sp::Event_BombBeginDefusePlusFrame
L 01/14/2022 - 23:18:15: [SM] Exception reported: Language phrase "InstaDefuseSuccessful" not found (arg 5)
L 01/14/2022 - 23:18:15: [SM] Blaming: retakes-instadefuse.smx
L 01/14/2022 - 23:18:15: [SM] Call stack trace:
L 01/14/2022 - 23:18:15: [SM]   [0] PrintToChat
L 01/14/2022 - 23:18:15: [SM]   [1] Line 197, plugin.sp::AttemptInstantDefuse
L 01/14/2022 - 23:18:15: [SM]   [2] Line 104, plugin.sp::Event_BombBeginDefusePlusFrame
L 01/14/2022 - 23:19:00: [SM] Exception reported: Language phrase "InstaDefuseSuccessful" not found (arg 5)
L 01/14/2022 - 23:19:00: [SM] Blaming: retakes-instadefuse.smx
L 01/14/2022 - 23:19:00: [SM] Call stack trace:
L 01/14/2022 - 23:19:00: [SM]   [0] PrintToChat
L 01/14/2022 - 23:19:00: [SM]   [1] Line 197, plugin.sp::AttemptInstantDefuse
L 01/14/2022 - 23:19:00: [SM]   [2] Line 104, plugin.sp::Event_BombBeginDefusePlusFrame
L 01/14/2022 - 23:21:55: [SM] Exception reported: Language phrase "InstaDefuseSuccessful" not found (arg 5)
L 01/14/2022 - 23:21:55: [SM] Blaming: retakes-instadefuse.smx
L 01/14/2022 - 23:21:55: [SM] Call stack trace:
L 01/14/2022 - 23:21:55: [SM]   [0] PrintToChat
L 01/14/2022 - 23:21:55: [SM]   [1] Line 197, plugin.sp::AttemptInstantDefuse
L 01/14/2022 - 23:21:55: [SM]   [2] Line 104, plugin.sp::Event_BombBeginDefusePlusFrame
L 01/14/2022 - 23:23:29: [SM] Exception reported: Language phrase "InstaDefuseSuccessful" not found (arg 5)
L 01/14/2022 - 23:23:29: [SM] Blaming: retakes-instadefuse.smx
L 01/14/2022 - 23:23:29: [SM] Call stack trace:
L 01/14/2022 - 23:23:29: [SM]   [0] PrintToChat
L 01/14/2022 - 23:23:29: [SM]   [1] Line 197, plugin.sp::AttemptInstantDefuse
L 01/14/2022 - 23:23:29: [SM]   [2] Line 104, plugin.sp::Event_BombBeginDefusePlusFrame
L 01/14/2022 - 23:23:57: [SM] Exception reported: Language phrase "InstaDefuseSuccessful" not found (arg 5)
L 01/14/2022 - 23:23:57: [SM] Blaming: retakes-instadefuse.smx
L 01/14/2022 - 23:23:57: [SM] Call stack trace:
L 01/14/2022 - 23:23:57: [SM]   [0] PrintToChat
L 01/14/2022 - 23:23:57: [SM]   [1] Line 197, plugin.sp::AttemptInstantDefuse
L 01/14/2022 - 23:23:58: [SM]   [2] Line 104, plugin.sp::Event_BombBeginDefusePlusFrame
L 01/14/2022 - 23:25:41: [SM] Exception reported: Language phrase "InstaDefuseSuccessful" not found (arg 5)
L 01/14/2022 - 23:25:41: [SM] Blaming: retakes-instadefuse.smx
L 01/14/2022 - 23:25:41: [SM] Call stack trace:
L 01/14/2022 - 23:25:41: [SM]   [0] PrintToChat
L 01/14/2022 - 23:25:41: [SM]   [1] Line 197, plugin.sp::AttemptInstantDefuse
L 01/14/2022 - 23:25:41: [SM]   [2] Line 104, plugin.sp::Event_BombBeginDefusePlusFrame
L 01/14/2022 - 23:26:05: [SM] Exception reported: Language phrase "LiveNadeSomewhere" not found (arg 5)
L 01/14/2022 - 23:26:05: [SM] Blaming: retakes-instadefuse.smx
L 01/14/2022 - 23:26:05: [SM] Call stack trace:
L 01/14/2022 - 23:26:05: [SM]   [0] PrintToChat
L 01/14/2022 - 23:26:05: [SM]   [1] Line 168, plugin.sp::AttemptInstantDefuse
L 01/14/2022 - 23:26:05: [SM]   [2] Line 104, plugin.sp::Event_BombBeginDefusePlusFrame
L 01/14/2022 - 23:27:01: [SM] Exception reported: Language phrase "InstaDefuseSuccessful" not found (arg 5)
L 01/14/2022 - 23:27:01: [SM] Blaming: retakes-instadefuse.smx
L 01/14/2022 - 23:27:01: [SM] Call stack trace:
L 01/14/2022 - 23:27:01: [SM]   [0] PrintToChat
L 01/14/2022 - 23:27:01: [SM]   [1] Line 197, plugin.sp::AttemptInstantDefuse
L 01/14/2022 - 23:27:01: [SM]   [2] Line 104, plugin.sp::Event_BombBeginDefusePlusFrame
L 01/14/2022 - 23:27:41: [SM] Exception reported: Language phrase "InstaDefuseSuccessful" not found (arg 5)
L 01/14/2022 - 23:27:41: [SM] Blaming: retakes-instadefuse.smx
L 01/14/2022 - 23:27:41: [SM] Call stack trace:
L 01/14/2022 - 23:27:41: [SM]   [0] PrintToChat
L 01/14/2022 - 23:27:41: [SM]   [1] Line 197, plugin.sp::AttemptInstantDefuse
L 01/14/2022 - 23:27:41: [SM]   [2] Line 104, plugin.sp::Event_BombBeginDefusePlusFrame
L 01/14/2022 - 23:28:21: [SM] Exception reported: Language phrase "InstaDefuseUnsuccessful" not found (arg 5)
L 01/14/2022 - 23:28:21: [SM] Blaming: retakes-instadefuse.smx
L 01/14/2022 - 23:28:21: [SM] Call stack trace:
L 01/14/2022 - 23:28:21: [SM]   [0] PrintToChat
L 01/14/2022 - 23:28:21: [SM]   [1] Line 143, plugin.sp::AttemptInstantDefuse
L 01/14/2022 - 23:28:21: [SM]   [2] Line 104, plugin.sp::Event_BombBeginDefusePlusFrame
L 01/14/2022 - 23:28:22: [SM] Exception reported: Language phrase "InstaDefuseUnsuccessful" not found (arg 5)
L 01/14/2022 - 23:28:22: [SM] Blaming: retakes-instadefuse.smx
L 01/14/2022 - 23:28:22: [SM] Call stack trace:
L 01/14/2022 - 23:28:22: [SM]   [0] PrintToChat
L 01/14/2022 - 23:28:22: [SM]   [1] Line 143, plugin.sp::AttemptInstantDefuse
L 01/14/2022 - 23:28:22: [SM]   [2] Line 104, plugin.sp::Event_BombBeginDefusePlusFrame
L 01/14/2022 - 23:28:22: [SM] Exception reported: Language phrase "InstaDefuseUnsuccessful" not found (arg 5)
L 01/14/2022 - 23:28:22: [SM] Blaming: retakes-instadefuse.smx
L 01/14/2022 - 23:28:22: [SM] Call stack trace:
L 01/14/2022 - 23:28:22: [SM]   [0] PrintToChat
L 01/14/2022 - 23:28:22: [SM]   [1] Line 143, plugin.sp::AttemptInstantDefuse
L 01/14/2022 - 23:28:22: [SM]   [2] Line 104, plugin.sp::Event_BombBeginDefusePlusFrame
L 01/14/2022 - 23:28:22: [SM] Exception reported: Language phrase "InstaDefuseUnsuccessful" not found (arg 5)
L 01/14/2022 - 23:28:22: [SM] Blaming: retakes-instadefuse.smx
L 01/14/2022 - 23:28:22: [SM] Call stack trace:
L 01/14/2022 - 23:28:22: [SM]   [0] PrintToChat
L 01/14/2022 - 23:28:22: [SM]   [1] Line 143, plugin.sp::AttemptInstantDefuse
L 01/14/2022 - 23:28:22: [SM]   [2] Line 104, plugin.sp::Event_BombBeginDefusePlusFrame
L 01/14/2022 - 23:28:22: [SM] Exception reported: Language phrase "InstaDefuseUnsuccessful" not found (arg 5)
L 01/14/2022 - 23:28:22: [SM] Blaming: retakes-instadefuse.smx
L 01/14/2022 - 23:28:22: [SM] Call stack trace:
L 01/14/2022 - 23:28:22: [SM]   [0] PrintToChat
L 01/14/2022 - 23:28:22: [SM]   [1] Line 143, plugin.sp::AttemptInstantDefuse
L 01/14/2022 - 23:28:22: [SM]   [2] Line 104, plugin.sp::Event_BombBeginDefusePlusFrame
L 01/14/2022 - 23:28:23: [SM] Exception reported: Language phrase "InstaDefuseUnsuccessful" not found (arg 5)
L 01/14/2022 - 23:28:23: [SM] Blaming: retakes-instadefuse.smx
L 01/14/2022 - 23:28:23: [SM] Call stack trace:
L 01/14/2022 - 23:28:23: [SM]   [0] PrintToChat
L 01/14/2022 - 23:28:23: [SM]   [1] Line 143, plugin.sp::AttemptInstantDefuse
L 01/14/2022 - 23:28:23: [SM]   [2] Line 104, plugin.sp::Event_BombBeginDefusePlusFrame
L 01/14/2022 - 23:28:48: [SM] Exception reported: Language phrase "InstaDefuseSuccessful" not found (arg 5)
L 01/14/2022 - 23:28:48: [SM] Blaming: retakes-instadefuse.smx
L 01/14/2022 - 23:28:48: [SM] Call stack trace:
L 01/14/2022 - 23:28:48: [SM]   [0] PrintToChat
L 01/14/2022 - 23:28:48: [SM]   [1] Line 197, plugin.sp::AttemptInstantDefuse
L 01/14/2022 - 23:28:48: [SM]   [2] Line 104, plugin.sp::Event_BombBeginDefusePlusFrame
L 01/14/2022 - 23:29:17: [SM] Exception reported: Language phrase "InstaDefuseSuccessful" not found (arg 5)
L 01/14/2022 - 23:29:17: [SM] Blaming: retakes-instadefuse.smx
L 01/14/2022 - 23:29:17: [SM] Call stack trace:
L 01/14/2022 - 23:29:17: [SM]   [0] PrintToChat
L 01/14/2022 - 23:29:17: [SM]   [1] Line 197, plugin.sp::AttemptInstantDefuse
L 01/14/2022 - 23:29:17: [SM]   [2] Line 104, plugin.sp::Event_BombBeginDefusePlusFrame
L 01/14/2022 - 23:30:39: [SM] Exception reported: Language phrase "InstaDefuseSuccessful" not found (arg 5)
L 01/14/2022 - 23:30:39: [SM] Blaming: retakes-instadefuse.smx
L 01/14/2022 - 23:30:39: [SM] Call stack trace:
L 01/14/2022 - 23:30:39: [SM]   [0] PrintToChat
L 01/14/2022 - 23:30:39: [SM]   [1] Line 197, plugin.sp::AttemptInstantDefuse
L 01/14/2022 - 23:30:39: [SM]   [2] Line 104, plugin.sp::Event_BombBeginDefusePlusFrame
L 01/14/2022 - 23:32:09: [SM] Exception reported: Language phrase "InstaDefuseSuccessful" not found (arg 5)
L 01/14/2022 - 23:32:09: [SM] Blaming: retakes-instadefuse.smx
L 01/14/2022 - 23:32:09: [SM] Call stack trace:
L 01/14/2022 - 23:32:09: [SM]   [0] PrintToChat
L 01/14/2022 - 23:32:09: [SM]   [1] Line 197, plugin.sp::AttemptInstantDefuse
L 01/14/2022 - 23:32:09: [SM]   [2] Line 104, plugin.sp::Event_BombBeginDefusePlusFrame
L 01/14/2022 - 23:33:05: [SM] Exception reported: Language phrase "InstaDefuseUnsuccessful" not found (arg 5)
L 01/14/2022 - 23:33:05: [SM] Blaming: retakes-instadefuse.smx
L 01/14/2022 - 23:33:05: [SM] Call stack trace:
L 01/14/2022 - 23:33:05: [SM]   [0] PrintToChat
L 01/14/2022 - 23:33:05: [SM]   [1] Line 143, plugin.sp::AttemptInstantDefuse
L 01/14/2022 - 23:33:05: [SM]   [2] Line 104, plugin.sp::Event_BombBeginDefusePlusFrame
L 01/14/2022 - 23:33:44: [SM] Exception reported: Language phrase "InstaDefuseUnsuccessful" not found (arg 5)
L 01/14/2022 - 23:33:44: [SM] Blaming: retakes-instadefuse.smx
L 01/14/2022 - 23:33:44: [SM] Call stack trace:
L 01/14/2022 - 23:33:44: [SM]   [0] PrintToChat
L 01/14/2022 - 23:33:44: [SM]   [1] Line 143, plugin.sp::AttemptInstantDefuse
L 01/14/2022 - 23:33:44: [SM]   [2] Line 104, plugin.sp::Event_BombBeginDefusePlusFrame
L 01/14/2022 - 23:33:44: [SM] Exception reported: Language phrase "InstaDefuseUnsuccessful" not found (arg 5)
L 01/14/2022 - 23:33:44: [SM] Blaming: retakes-instadefuse.smx
L 01/14/2022 - 23:33:44: [SM] Call stack trace:
L 01/14/2022 - 23:33:44: [SM]   [0] PrintToChat
L 01/14/2022 - 23:33:44: [SM]   [1] Line 143, plugin.sp::AttemptInstantDefuse
L 01/14/2022 - 23:33:44: [SM]   [2] Line 104, plugin.sp::Event_BombBeginDefusePlusFrame
L 01/14/2022 - 23:33:44: [SM] Exception reported: Language phrase "InstaDefuseUnsuccessful" not found (arg 5)
L 01/14/2022 - 23:33:44: [SM] Blaming: retakes-instadefuse.smx
L 01/14/2022 - 23:33:44: [SM] Call stack trace:
L 01/14/2022 - 23:33:44: [SM]   [0] PrintToChat
L 01/14/2022 - 23:33:44: [SM]   [1] Line 143, plugin.sp::AttemptInstantDefuse
L 01/14/2022 - 23:33:44: [SM]   [2] Line 104, plugin.sp::Event_BombBeginDefusePlusFrame
L 01/14/2022 - 23:33:45: [SM] Exception reported: Language phrase "InstaDefuseUnsuccessful" not found (arg 5)
L 01/14/2022 - 23:33:45: [SM] Blaming: retakes-instadefuse.smx
L 01/14/2022 - 23:33:45: [SM] Call stack trace:
L 01/14/2022 - 23:33:45: [SM]   [0] PrintToChat
L 01/14/2022 - 23:33:45: [SM]   [1] Line 143, plugin.sp::AttemptInstantDefuse
L 01/14/2022 - 23:33:45: [SM]   [2] Line 104, plugin.sp::Event_BombBeginDefusePlusFrame
L 01/14/2022 - 23:33:45: [SM] Exception reported: Language phrase "InstaDefuseUnsuccessful" not found (arg 5)
L 01/14/2022 - 23:33:45: [SM] Blaming: retakes-instadefuse.smx
L 01/14/2022 - 23:33:45: [SM] Call stack trace:
L 01/14/2022 - 23:33:45: [SM]   [0] PrintToChat
L 01/14/2022 - 23:33:45: [SM]   [1] Line 143, plugin.sp::AttemptInstantDefuse
L 01/14/2022 - 23:33:45: [SM]   [2] Line 104, plugin.sp::Event_BombBeginDefusePlusFrame
L 01/14/2022 - 23:33:45: [SM] Exception reported: Language phrase "InstaDefuseUnsuccessful" not found (arg 5)
L 01/14/2022 - 23:33:45: [SM] Blaming: retakes-instadefuse.smx
L 01/14/2022 - 23:33:45: [SM] Call stack trace:
L 01/14/2022 - 23:33:45: [SM]   [0] PrintToChat
L 01/14/2022 - 23:33:45: [SM]   [1] Line 143, plugin.sp::AttemptInstantDefuse
L 01/14/2022 - 23:33:45: [SM]   [2] Line 104, plugin.sp::Event_BombBeginDefusePlusFrame
L 01/14/2022 - 23:33:45: [SM] Exception reported: Language phrase "InstaDefuseUnsuccessful" not found (arg 5)
L 01/14/2022 - 23:33:45: [SM] Blaming: retakes-instadefuse.smx
L 01/14/2022 - 23:33:45: [SM] Call stack trace:
L 01/14/2022 - 23:33:45: [SM]   [0] PrintToChat
L 01/14/2022 - 23:33:45: [SM]   [1] Line 143, plugin.sp::AttemptInstantDefuse
L 01/14/2022 - 23:33:45: [SM]   [2] Line 104, plugin.sp::Event_BombBeginDefusePlusFrame
L 01/14/2022 - 23:34:46: [SM] Exception reported: Language phrase "InstaDefuseUnsuccessful" not found (arg 5)
L 01/14/2022 - 23:34:46: [SM] Blaming: retakes-instadefuse.smx
L 01/14/2022 - 23:34:46: [SM] Call stack trace:
L 01/14/2022 - 23:34:46: [SM]   [0] PrintToChat
L 01/14/2022 - 23:34:46: [SM]   [1] Line 143, plugin.sp::AttemptInstantDefuse
L 01/14/2022 - 23:34:46: [SM]   [2] Line 104, plugin.sp::Event_BombBeginDefusePlusFrame
L 01/14/2022 - 23:34:47: [SM] Exception reported: Language phrase "InstaDefuseUnsuccessful" not found (arg 5)
L 01/14/2022 - 23:34:47: [SM] Blaming: retakes-instadefuse.smx
L 01/14/2022 - 23:34:47: [SM] Call stack trace:
L 01/14/2022 - 23:34:47: [SM]   [0] PrintToChat
L 01/14/2022 - 23:34:47: [SM]   [1] Line 143, plugin.sp::AttemptInstantDefuse
L 01/14/2022 - 23:34:47: [SM]   [2] Line 104, plugin.sp::Event_BombBeginDefusePlusFrame
L 01/14/2022 - 23:34:47: [SM] Exception reported: Language phrase "InstaDefuseUnsuccessful" not found (arg 5)
L 01/14/2022 - 23:34:47: [SM] Blaming: retakes-instadefuse.smx
L 01/14/2022 - 23:34:47: [SM] Call stack trace:
L 01/14/2022 - 23:34:47: [SM]   [0] PrintToChat
L 01/14/2022 - 23:34:47: [SM]   [1] Line 143, plugin.sp::AttemptInstantDefuse
L 01/14/2022 - 23:34:47: [SM]   [2] Line 104, plugin.sp::Event_BombBeginDefusePlusFrame
L 01/14/2022 - 23:34:47: [SM] Exception reported: Language phrase "InstaDefuseUnsuccessful" not found (arg 5)
L 01/14/2022 - 23:34:47: [SM] Blaming: retakes-instadefuse.smx
L 01/14/2022 - 23:34:47: [SM] Call stack trace:
L 01/14/2022 - 23:34:47: [SM]   [0] PrintToChat
L 01/14/2022 - 23:34:47: [SM]   [1] Line 143, plugin.sp::AttemptInstantDefuse
L 01/14/2022 - 23:34:47: [SM]   [2] Line 104, plugin.sp::Event_BombBeginDefusePlusFrame
L 01/14/2022 - 23:34:48: [SM] Exception reported: Language phrase "InstaDefuseUnsuccessful" not found (arg 5)
L 01/14/2022 - 23:34:48: [SM] Blaming: retakes-instadefuse.smx
L 01/14/2022 - 23:34:48: [SM] Call stack trace:
L 01/14/2022 - 23:34:48: [SM]   [0] PrintToChat
L 01/14/2022 - 23:34:48: [SM]   [1] Line 143, plugin.sp::AttemptInstantDefuse
L 01/14/2022 - 23:34:48: [SM]   [2] Line 104, plugin.sp::Event_BombBeginDefusePlusFrame
L 01/14/2022 - 23:35:15: [SM] Exception reported: Language phrase "InstaDefuseSuccessful" not found (arg 5)
L 01/14/2022 - 23:35:15: [SM] Blaming: retakes-instadefuse.smx
L 01/14/2022 - 23:35:15: [SM] Call stack trace:
L 01/14/2022 - 23:35:15: [SM]   [0] PrintToChat
L 01/14/2022 - 23:35:15: [SM]   [1] Line 197, plugin.sp::AttemptInstantDefuse
L 01/14/2022 - 23:35:15: [SM]   [2] Line 104, plugin.sp::Event_BombBeginDefusePlusFrame
L 01/14/2022 - 23:36:13: [SM] Exception reported: Language phrase "InstaDefuseSuccessful" not found (arg 5)
L 01/14/2022 - 23:36:13: [SM] Blaming: retakes-instadefuse.smx
L 01/14/2022 - 23:36:13: [SM] Call stack trace:
L 01/14/2022 - 23:36:13: [SM]   [0] PrintToChat
L 01/14/2022 - 23:36:13: [SM]   [1] Line 197, plugin.sp::AttemptInstantDefuse
L 01/14/2022 - 23:36:13: [SM]   [2] Line 104, plugin.sp::Event_BombBeginDefusePlusFrame
L 01/14/2022 - 23:38:16: [SM] Exception reported: Language phrase "InstaDefuseSuccessful" not found (arg 5)
L 01/14/2022 - 23:38:16: [SM] Blaming: retakes-instadefuse.smx
L 01/14/2022 - 23:38:16: [SM] Call stack trace:
L 01/14/2022 - 23:38:16: [SM]   [0] PrintToChat
L 01/14/2022 - 23:38:16: [SM]   [1] Line 197, plugin.sp::AttemptInstantDefuse
L 01/14/2022 - 23:38:16: [SM]   [2] Line 104, plugin.sp::Event_BombBeginDefusePlusFrame
L 01/14/2022 - 23:41:09: [SM] Exception reported: Language phrase "InstaDefuseSuccessful" not found (arg 5)
L 01/14/2022 - 23:41:09: [SM] Blaming: retakes-instadefuse.smx
L 01/14/2022 - 23:41:09: [SM] Call stack trace:
L 01/14/2022 - 23:41:09: [SM]   [0] PrintToChat
L 01/14/2022 - 23:41:09: [SM]   [1] Line 197, plugin.sp::AttemptInstantDefuse
L 01/14/2022 - 23:41:09: [SM]   [2] Line 104, plugin.sp::Event_BombBeginDefusePlusFrame
L 01/14/2022 - 23:42:07: [SM] Exception reported: Language phrase "InstaDefuseSuccessful" not found (arg 5)
L 01/14/2022 - 23:42:07: [SM] Blaming: retakes-instadefuse.smx
L 01/14/2022 - 23:42:07: [SM] Call stack trace:
L 01/14/2022 - 23:42:07: [SM]   [0] PrintToChat
L 01/14/2022 - 23:42:07: [SM]   [1] Line 197, plugin.sp::AttemptInstantDefuse
L 01/14/2022 - 23:42:07: [SM]   [2] Line 104, plugin.sp::Event_BombBeginDefusePlusFrame
L 01/14/2022 - 23:42:29: [SM] Exception reported: Language phrase "InstaDefuseSuccessful" not found (arg 5)
L 01/14/2022 - 23:42:29: [SM] Blaming: retakes-instadefuse.smx
L 01/14/2022 - 23:42:29: [SM] Call stack trace:
L 01/14/2022 - 23:42:29: [SM]   [0] PrintToChat
L 01/14/2022 - 23:42:29: [SM]   [1] Line 197, plugin.sp::AttemptInstantDefuse
L 01/14/2022 - 23:42:29: [SM]   [2] Line 104, plugin.sp::Event_BombBeginDefusePlusFrame
L 01/14/2022 - 23:42:33: [SM] Exception reported: Language phrase "InstaDefuseSuccessful" not found (arg 5)
L 01/14/2022 - 23:42:33: [SM] Blaming: retakes-instadefuse.smx
L 01/14/2022 - 23:42:33: [SM] Call stack trace:
L 01/14/2022 - 23:42:33: [SM]   [0] PrintToChat
L 01/14/2022 - 23:42:33: [SM]   [1] Line 197, plugin.sp::AttemptInstantDefuse
L 01/14/2022 - 23:42:33: [SM]   [2] Line 104, plugin.sp::Event_BombBeginDefusePlusFrame
L 01/14/2022 - 23:43:13: [SM] Exception reported: Language phrase "InstaDefuseSuccessful" not found (arg 5)
L 01/14/2022 - 23:43:13: [SM] Blaming: retakes-instadefuse.smx
L 01/14/2022 - 23:43:13: [SM] Call stack trace:
L 01/14/2022 - 23:43:13: [SM]   [0] PrintToChat
L 01/14/2022 - 23:43:13: [SM]   [1] Line 197, plugin.sp::AttemptInstantDefuse
L 01/14/2022 - 23:43:13: [SM]   [2] Line 104, plugin.sp::Event_BombBeginDefusePlusFrame
L 01/14/2022 - 23:43:55: [SM] Exception reported: Language phrase "InstaDefuseSuccessful" not found (arg 5)
L 01/14/2022 - 23:43:55: [SM] Blaming: retakes-instadefuse.smx
L 01/14/2022 - 23:43:55: [SM] Call stack trace:
L 01/14/2022 - 23:43:55: [SM]   [0] PrintToChat
L 01/14/2022 - 23:43:55: [SM]   [1] Line 197, plugin.sp::AttemptInstantDefuse
L 01/14/2022 - 23:43:55: [SM]   [2] Line 104, plugin.sp::Event_BombBeginDefusePlusFrame
L 01/14/2022 - 23:45:44: [SM] Exception reported: Language phrase "InstaDefuseSuccessful" not found (arg 5)
L 01/14/2022 - 23:45:44: [SM] Blaming: retakes-instadefuse.smx
L 01/14/2022 - 23:45:44: [SM] Call stack trace:
L 01/14/2022 - 23:45:44: [SM]   [0] PrintToChat
L 01/14/2022 - 23:45:44: [SM]   [1] Line 197, plugin.sp::AttemptInstantDefuse
L 01/14/2022 - 23:45:44: [SM]   [2] Line 104, plugin.sp::Event_BombBeginDefusePlusFrame
L 01/14/2022 - 23:46:10: [SM] Exception reported: Language phrase "InstaDefuseSuccessful" not found (arg 5)
L 01/14/2022 - 23:46:10: [SM] Blaming: retakes-instadefuse.smx
L 01/14/2022 - 23:46:10: [SM] Call stack trace:
L 01/14/2022 - 23:46:10: [SM]   [0] PrintToChat
L 01/14/2022 - 23:46:10: [SM]   [1] Line 197, plugin.sp::AttemptInstantDefuse
L 01/14/2022 - 23:46:10: [SM]   [2] Line 104, plugin.sp::Event_BombBeginDefusePlusFrame
L 01/14/2022 - 23:46:40: [SM] Exception reported: Language phrase "InstaDefuseSuccessful" not found (arg 5)
L 01/14/2022 - 23:46:40: [SM] Blaming: retakes-instadefuse.smx
L 01/14/2022 - 23:46:40: [SM] Call stack trace:
L 01/14/2022 - 23:46:40: [SM]   [0] PrintToChat
L 01/14/2022 - 23:46:40: [SM]   [1] Line 197, plugin.sp::AttemptInstantDefuse
L 01/14/2022 - 23:46:40: [SM]   [2] Line 104, plugin.sp::Event_BombBeginDefusePlusFrame
L 01/14/2022 - 23:47:40: [SM] Exception reported: Language phrase "InstaDefuseUnsuccessful" not found (arg 5)
L 01/14/2022 - 23:47:40: [SM] Blaming: retakes-instadefuse.smx
L 01/14/2022 - 23:47:40: [SM] Call stack trace:
L 01/14/2022 - 23:47:40: [SM]   [0] PrintToChat
L 01/14/2022 - 23:47:40: [SM]   [1] Line 143, plugin.sp::AttemptInstantDefuse
L 01/14/2022 - 23:47:40: [SM]   [2] Line 104, plugin.sp::Event_BombBeginDefusePlusFrame
L 01/14/2022 - 23:47:40: [SM] Exception reported: Language phrase "InstaDefuseUnsuccessful" not found (arg 5)
L 01/14/2022 - 23:47:40: [SM] Blaming: retakes-instadefuse.smx
L 01/14/2022 - 23:47:40: [SM] Call stack trace:
L 01/14/2022 - 23:47:40: [SM]   [0] PrintToChat
L 01/14/2022 - 23:47:40: [SM]   [1] Line 143, plugin.sp::AttemptInstantDefuse
L 01/14/2022 - 23:47:40: [SM]   [2] Line 104, plugin.sp::Event_BombBeginDefusePlusFrame
L 01/14/2022 - 23:47:41: [SM] Exception reported: Language phrase "InstaDefuseUnsuccessful" not found (arg 5)
L 01/14/2022 - 23:47:41: [SM] Blaming: retakes-instadefuse.smx
L 01/14/2022 - 23:47:41: [SM] Call stack trace:
L 01/14/2022 - 23:47:41: [SM]   [0] PrintToChat
L 01/14/2022 - 23:47:41: [SM]   [1] Line 143, plugin.sp::AttemptInstantDefuse
L 01/14/2022 - 23:47:41: [SM]   [2] Line 104, plugin.sp::Event_BombBeginDefusePlusFrame
L 01/14/2022 - 23:47:41: [SM] Exception reported: Language phrase "InstaDefuseUnsuccessful" not found (arg 5)
L 01/14/2022 - 23:47:41: [SM] Blaming: retakes-instadefuse.smx
L 01/14/2022 - 23:47:41: [SM] Call stack trace:
L 01/14/2022 - 23:47:41: [SM]   [0] PrintToChat
L 01/14/2022 - 23:47:41: [SM]   [1] Line 143, plugin.sp::AttemptInstantDefuse
L 01/14/2022 - 23:47:41: [SM]   [2] Line 104, plugin.sp::Event_BombBeginDefusePlusFrame
L 01/14/2022 - 23:48:53: [SM] Exception reported: Language phrase "InstaDefuseSuccessful" not found (arg 5)
L 01/14/2022 - 23:48:53: [SM] Blaming: retakes-instadefuse.smx
L 01/14/2022 - 23:48:53: [SM] Call stack trace:
L 01/14/2022 - 23:48:53: [SM]   [0] PrintToChat
L 01/14/2022 - 23:48:53: [SM]   [1] Line 197, plugin.sp::AttemptInstantDefuse
L 01/14/2022 - 23:48:53: [SM]   [2] Line 104, plugin.sp::Event_BombBeginDefusePlusFrame
L 01/14/2022 - 23:49:32: [SM] Exception reported: Language phrase "InstaDefuseUnsuccessful" not found (arg 5)
L 01/14/2022 - 23:49:32: [SM] Blaming: retakes-instadefuse.smx
L 01/14/2022 - 23:49:32: [SM] Call stack trace:
L 01/14/2022 - 23:49:32: [SM]   [0] PrintToChat
L 01/14/2022 - 23:49:32: [SM]   [1] Line 143, plugin.sp::AttemptInstantDefuse
L 01/14/2022 - 23:49:32: [SM]   [2] Line 104, plugin.sp::Event_BombBeginDefusePlusFrame
L 01/14/2022 - 23:49:32: [SM] Exception reported: Language phrase "InstaDefuseUnsuccessful" not found (arg 5)
L 01/14/2022 - 23:49:32: [SM] Blaming: retakes-instadefuse.smx
L 01/14/2022 - 23:49:32: [SM] Call stack trace:
L 01/14/2022 - 23:49:32: [SM]   [0] PrintToChat
L 01/14/2022 - 23:49:32: [SM]   [1] Line 143, plugin.sp::AttemptInstantDefuse
L 01/14/2022 - 23:49:32: [SM]   [2] Line 104, plugin.sp::Event_BombBeginDefusePlusFrame
L 01/14/2022 - 23:49:32: [SM] Exception reported: Language phrase "InstaDefuseUnsuccessful" not found (arg 5)
L 01/14/2022 - 23:49:32: [SM] Blaming: retakes-instadefuse.smx
L 01/14/2022 - 23:49:32: [SM] Call stack trace:
L 01/14/2022 - 23:49:32: [SM]   [0] PrintToChat
L 01/14/2022 - 23:49:32: [SM]   [1] Line 143, plugin.sp::AttemptInstantDefuse
L 01/14/2022 - 23:49:32: [SM]   [2] Line 104, plugin.sp::Event_BombBeginDefusePlusFrame
L 01/14/2022 - 23:49:32: [SM] Exception reported: Language phrase "InstaDefuseUnsuccessful" not found (arg 5)
L 01/14/2022 - 23:49:32: [SM] Blaming: retakes-instadefuse.smx
L 01/14/2022 - 23:49:32: [SM] Call stack trace:
L 01/14/2022 - 23:49:32: [SM]   [0] PrintToChat
L 01/14/2022 - 23:49:32: [SM]   [1] Line 143, plugin.sp::AttemptInstantDefuse
L 01/14/2022 - 23:49:32: [SM]   [2] Line 104, plugin.sp::Event_BombBeginDefusePlusFrame
L 01/14/2022 - 23:49:33: [SM] Exception reported: Language phrase "InstaDefuseUnsuccessful" not found (arg 5)
L 01/14/2022 - 23:49:33: [SM] Blaming: retakes-instadefuse.smx
L 01/14/2022 - 23:49:33: [SM] Call stack trace:
L 01/14/2022 - 23:49:33: [SM]   [0] PrintToChat
L 01/14/2022 - 23:49:33: [SM]   [1] Line 143, plugin.sp::AttemptInstantDefuse
L 01/14/2022 - 23:49:33: [SM]   [2] Line 104, plugin.sp::Event_BombBeginDefusePlusFrame
L 01/14/2022 - 23:49:33: [SM] Exception reported: Language phrase "InstaDefuseUnsuccessful" not found (arg 5)
L 01/14/2022 - 23:49:33: [SM] Blaming: retakes-instadefuse.smx
L 01/14/2022 - 23:49:33: [SM] Call stack trace:
L 01/14/2022 - 23:49:33: [SM]   [0] PrintToChat
L 01/14/2022 - 23:49:33: [SM]   [1] Line 143, plugin.sp::AttemptInstantDefuse
L 01/14/2022 - 23:49:33: [SM]   [2] Line 104, plugin.sp::Event_BombBeginDefusePlusFrame
L 01/14/2022 - 23:49:33: [SM] Exception reported: Language phrase "InstaDefuseUnsuccessful" not found (arg 5)
L 01/14/2022 - 23:49:33: [SM] Blaming: retakes-instadefuse.smx
L 01/14/2022 - 23:49:33: [SM] Call stack trace:
L 01/14/2022 - 23:49:33: [SM]   [0] PrintToChat
L 01/14/2022 - 23:49:33: [SM]   [1] Line 143, plugin.sp::AttemptInstantDefuse
L 01/14/2022 - 23:49:33: [SM]   [2] Line 104, plugin.sp::Event_BombBeginDefusePlusFrame
L 01/14/2022 - 23:51:47: [SM] Exception reported: Language phrase "InstaDefuseUnsuccessful" not found (arg 5)
L 01/14/2022 - 23:51:47: [SM] Blaming: retakes-instadefuse.smx
L 01/14/2022 - 23:51:47: [SM] Call stack trace:
L 01/14/2022 - 23:51:47: [SM]   [0] PrintToChat
L 01/14/2022 - 23:51:47: [SM]   [1] Line 143, plugin.sp::AttemptInstantDefuse
L 01/14/2022 - 23:51:47: [SM]   [2] Line 104, plugin.sp::Event_BombBeginDefusePlusFrame
L 01/14/2022 - 23:51:47: [SM] Exception reported: Language phrase "InstaDefuseUnsuccessful" not found (arg 5)
L 01/14/2022 - 23:51:47: [SM] Blaming: retakes-instadefuse.smx
L 01/14/2022 - 23:51:47: [SM] Call stack trace:
L 01/14/2022 - 23:51:47: [SM]   [0] PrintToChat
L 01/14/2022 - 23:51:47: [SM]   [1] Line 143, plugin.sp::AttemptInstantDefuse
L 01/14/2022 - 23:51:47: [SM]   [2] Line 104, plugin.sp::Event_BombBeginDefusePlusFrame
L 01/14/2022 - 23:51:48: [SM] Exception reported: Language phrase "InstaDefuseSuccessful" not found (arg 5)
L 01/14/2022 - 23:51:48: [SM] Blaming: retakes-instadefuse.smx
L 01/14/2022 - 23:51:48: [SM] Call stack trace:
L 01/14/2022 - 23:51:48: [SM]   [0] PrintToChat
L 01/14/2022 - 23:51:48: [SM]   [1] Line 197, plugin.sp::AttemptInstantDefuse
L 01/14/2022 - 23:51:48: [SM]   [2] Line 104, plugin.sp::Event_BombBeginDefusePlusFrame
L 01/14/2022 - 23:51:48: [SM] Exception reported: Language phrase "InstaDefuseUnsuccessful" not found (arg 5)
L 01/14/2022 - 23:51:48: [SM] Blaming: retakes-instadefuse.smx
L 01/14/2022 - 23:51:48: [SM] Call stack trace:
L 01/14/2022 - 23:51:48: [SM]   [0] PrintToChat
L 01/14/2022 - 23:51:48: [SM]   [1] Line 143, plugin.sp::AttemptInstantDefuse
L 01/14/2022 - 23:51:48: [SM]   [2] Line 104, plugin.sp::Event_BombBeginDefusePlusFrame
L 01/14/2022 - 23:54:49: [SM] Exception reported: Language phrase "LiveNadeSomewhere" not found (arg 5)
L 01/14/2022 - 23:54:49: [SM] Blaming: retakes-instadefuse.smx
L 01/14/2022 - 23:54:49: [SM] Call stack trace:
L 01/14/2022 - 23:54:49: [SM]   [0] PrintToChat
L 01/14/2022 - 23:54:49: [SM]   [1] Line 168, plugin.sp::AttemptInstantDefuse
L 01/14/2022 - 23:54:49: [SM]   [2] Line 104, plugin.sp::Event_BombBeginDefusePlusFrame
L 01/14/2022 - 23:55:12: [SM] Exception reported: Language phrase "InstaDefuseSuccessful" not found (arg 5)
L 01/14/2022 - 23:55:12: [SM] Blaming: retakes-instadefuse.smx
L 01/14/2022 - 23:55:12: [SM] Call stack trace:
L 01/14/2022 - 23:55:12: [SM]   [0] PrintToChat
L 01/14/2022 - 23:55:12: [SM]   [1] Line 197, plugin.sp::AttemptInstantDefuse
L 01/14/2022 - 23:55:12: [SM]   [2] Line 104, plugin.sp::Event_BombBeginDefusePlusFrame
L 01/14/2022 - 23:56:23: [SM] Exception reported: Language phrase "InstaDefuseSuccessful" not found (arg 5)
L 01/14/2022 - 23:56:23: [SM] Blaming: retakes-instadefuse.smx
L 01/14/2022 - 23:56:23: [SM] Call stack trace:
L 01/14/2022 - 23:56:23: [SM]   [0] PrintToChat
L 01/14/2022 - 23:56:23: [SM]   [1] Line 197, plugin.sp::AttemptInstantDefuse
L 01/14/2022 - 23:56:23: [SM]   [2] Line 104, plugin.sp::Event_BombBeginDefusePlusFrame
L 01/14/2022 - 23:59:56: [SM] Exception reported: Language phrase "InstaDefuseSuccessful" not found (arg 5)
L 01/14/2022 - 23:59:56: [SM] Blaming: retakes-instadefuse.smx
L 01/14/2022 - 23:59:56: [SM] Call stack trace:
L 01/14/2022 - 23:59:56: [SM]   [0] PrintToChat
L 01/14/2022 - 23:59:56: [SM]   [1] Line 197, plugin.sp::AttemptInstantDefuse
L 01/14/2022 - 23:59:56: [SM]   [2] Line 104, plugin.sp::Event_BombBeginDefusePlusFrame
L 01/15/2022 - 00:01:16: Error log file session closed.
