L 10/15/2021 - 01:40:43: SourceMod error session started
L 10/15/2021 - 01:40:43: Info (map "de_mirage") (file "E:\retake\csgoserver\csgo\addons\sourcemod\logs\errors_20211015.log")
L 10/15/2021 - 01:40:43: [SM] Unable to load extension "PhysHooks.ext": Could not find patch signature for symbol: Physics_RunThinkFunctions
L 10/15/2021 - 01:40:46: [SM] Exception reported: Failed to create SDKCall for CCSBot::IsAtHidingSpot signature!
L 10/15/2021 - 01:40:46: [SM] Blaming: bot_improver.smx
L 10/15/2021 - 01:40:46: [SM] Call stack trace:
L 10/15/2021 - 01:40:46: [SM]   [0] SetFailState
L 10/15/2021 - 01:40:46: [SM]   [1] Line 116, plugin.sp::OnPluginStart
L 10/15/2021 - 01:40:46: [SM] Unable to load plugin "bot_improver.smx": Error detected in plugin startup (see error logs)
L 10/15/2021 - 01:40:46: [SM] Unable to load plugin "bot_inventory.smx": Native "eItems_AreItemsSynced" was not found
L 10/15/2021 - 01:40:46: [SM] Unable to load plugin "bot_stuff.smx": Could not find required plugin "navmesh"
L 10/15/2021 - 01:40:47: [SM] Unable to load plugin "LagCompensation.smx": Required extension "PhysHooks" file("PhysHooks.ext") not running
L 10/15/2021 - 01:40:48: [SM] Fatal error encountered parsing translation file "ranks_matchmaking.phrases.txt"
L 10/15/2021 - 01:40:48: [SM] Error (line 0, column 0): Stream failed to open
L 10/15/2021 - 01:40:48: [SM] Fatal error encountered parsing translation file "instadefuse.phrases.txt"
L 10/15/2021 - 01:40:48: [SM] Error (line 0, column 0): Stream failed to open
L 10/15/2021 - 01:41:09: [SM] Exception reported: Language phrase "Unranked" not found (arg 5)
L 10/15/2021 - 01:41:09: [SM] Blaming: ranks_matchmaking.smx
L 10/15/2021 - 01:41:09: [SM] Call stack trace:
L 10/15/2021 - 01:41:09: [SM]   [0] FormatEx
L 10/15/2021 - 01:41:09: [SM]   [1] Line 174, ranks_matchmaking.sp::GetRanksNames
L 10/15/2021 - 01:41:09: [SM]   [2] Line 169, ranks_matchmaking.sp::OnMapStart
L 10/15/2021 - 01:41:55: Error log file session closed.
L 10/15/2021 - 01:41:55: SourceMod error session started
L 10/15/2021 - 01:41:55: Info (map "de_mirage") (file "E:\retake\csgoserver\csgo\addons\sourcemod\logs\errors_20211015.log")
L 10/15/2021 - 01:41:55: [SM] Fatal error encountered parsing translation file "ranks_matchmaking.phrases.txt"
L 10/15/2021 - 01:41:55: [SM] Error (line 0, column 0): Stream failed to open
L 10/15/2021 - 01:41:55: [SM] Fatal error encountered parsing translation file "instadefuse.phrases.txt"
L 10/15/2021 - 01:41:55: [SM] Error (line 0, column 0): Stream failed to open
L 10/15/2021 - 01:41:55: [SM] Exception reported: Language phrase "Unranked" not found (arg 5)
L 10/15/2021 - 01:41:55: [SM] Blaming: ranks_matchmaking.smx
L 10/15/2021 - 01:41:55: [SM] Call stack trace:
L 10/15/2021 - 01:41:55: [SM]   [0] FormatEx
L 10/15/2021 - 01:41:55: [SM]   [1] Line 174, ranks_matchmaking.sp::GetRanksNames
L 10/15/2021 - 01:41:55: [SM]   [2] Line 169, ranks_matchmaking.sp::OnMapStart
L 10/15/2021 - 01:42:34: Error log file session closed.
L 10/15/2021 - 01:42:34: SourceMod error session started
L 10/15/2021 - 01:42:34: Info (map "de_cache") (file "E:\retake\csgoserver\csgo\addons\sourcemod\logs\errors_20211015.log")
L 10/15/2021 - 01:42:34: [SM] Fatal error encountered parsing translation file "ranks_matchmaking.phrases.txt"
L 10/15/2021 - 01:42:34: [SM] Error (line 0, column 0): Stream failed to open
L 10/15/2021 - 01:42:34: [SM] Fatal error encountered parsing translation file "instadefuse.phrases.txt"
L 10/15/2021 - 01:42:34: [SM] Error (line 0, column 0): Stream failed to open
L 10/15/2021 - 01:42:36: [SM] Exception reported: Language phrase "Unranked" not found (arg 5)
L 10/15/2021 - 01:42:36: [SM] Blaming: ranks_matchmaking.smx
L 10/15/2021 - 01:42:36: [SM] Call stack trace:
L 10/15/2021 - 01:42:36: [SM]   [0] FormatEx
L 10/15/2021 - 01:42:36: [SM]   [1] Line 174, ranks_matchmaking.sp::GetRanksNames
L 10/15/2021 - 01:42:36: [SM]   [2] Line 169, ranks_matchmaking.sp::OnMapStart
L 10/15/2021 - 01:46:19: [SM] Exception reported: Language phrase "InstaDefuseSuccessful" not found (arg 5)
L 10/15/2021 - 01:46:19: [SM] Blaming: retakes-instadefuse.smx
L 10/15/2021 - 01:46:20: [SM] Call stack trace:
L 10/15/2021 - 01:46:20: [SM]   [0] PrintToChat
L 10/15/2021 - 01:46:20: [SM]   [1] Line 197, plugin.sp::AttemptInstantDefuse
L 10/15/2021 - 01:46:20: [SM]   [2] Line 104, plugin.sp::Event_BombBeginDefusePlusFrame
L 10/15/2021 - 01:48:02: [SM] Exception reported: Language phrase "InstaDefuseSuccessful" not found (arg 5)
L 10/15/2021 - 01:48:02: [SM] Blaming: retakes-instadefuse.smx
L 10/15/2021 - 01:48:02: [SM] Call stack trace:
L 10/15/2021 - 01:48:02: [SM]   [0] PrintToChat
L 10/15/2021 - 01:48:02: [SM]   [1] Line 197, plugin.sp::AttemptInstantDefuse
L 10/15/2021 - 01:48:02: [SM]   [2] Line 104, plugin.sp::Event_BombBeginDefusePlusFrame
L 10/15/2021 - 01:48:41: [SM] Exception reported: Language phrase "InstaDefuseUnsuccessful" not found (arg 5)
L 10/15/2021 - 01:48:41: [SM] Blaming: retakes-instadefuse.smx
L 10/15/2021 - 01:48:41: [SM] Call stack trace:
L 10/15/2021 - 01:48:41: [SM]   [0] PrintToChat
L 10/15/2021 - 01:48:41: [SM]   [1] Line 143, plugin.sp::AttemptInstantDefuse
L 10/15/2021 - 01:48:41: [SM]   [2] Line 104, plugin.sp::Event_BombBeginDefusePlusFrame
L 10/15/2021 - 01:48:41: [SM] Exception reported: Language phrase "InstaDefuseUnsuccessful" not found (arg 5)
L 10/15/2021 - 01:48:41: [SM] Blaming: retakes-instadefuse.smx
L 10/15/2021 - 01:48:41: [SM] Call stack trace:
L 10/15/2021 - 01:48:41: [SM]   [0] PrintToChat
L 10/15/2021 - 01:48:41: [SM]   [1] Line 143, plugin.sp::AttemptInstantDefuse
L 10/15/2021 - 01:48:41: [SM]   [2] Line 104, plugin.sp::Event_BombBeginDefusePlusFrame
L 10/15/2021 - 01:49:04: [SM] Exception reported: Language phrase "InstaDefuseSuccessful" not found (arg 5)
L 10/15/2021 - 01:49:04: [SM] Blaming: retakes-instadefuse.smx
L 10/15/2021 - 01:49:04: [SM] Call stack trace:
L 10/15/2021 - 01:49:04: [SM]   [0] PrintToChat
L 10/15/2021 - 01:49:04: [SM]   [1] Line 197, plugin.sp::AttemptInstantDefuse
L 10/15/2021 - 01:49:04: [SM]   [2] Line 104, plugin.sp::Event_BombBeginDefusePlusFrame
L 10/15/2021 - 01:49:22: [SM] Exception reported: Language phrase "InstaDefuseSuccessful" not found (arg 5)
L 10/15/2021 - 01:49:22: [SM] Blaming: retakes-instadefuse.smx
L 10/15/2021 - 01:49:22: [SM] Call stack trace:
L 10/15/2021 - 01:49:22: [SM]   [0] PrintToChat
L 10/15/2021 - 01:49:22: [SM]   [1] Line 197, plugin.sp::AttemptInstantDefuse
L 10/15/2021 - 01:49:22: [SM]   [2] Line 104, plugin.sp::Event_BombBeginDefusePlusFrame
L 10/15/2021 - 01:49:36: [SM] Exception reported: Language phrase "InstaDefuseSuccessful" not found (arg 5)
L 10/15/2021 - 01:49:36: [SM] Blaming: retakes-instadefuse.smx
L 10/15/2021 - 01:49:36: [SM] Call stack trace:
L 10/15/2021 - 01:49:36: [SM]   [0] PrintToChat
L 10/15/2021 - 01:49:36: [SM]   [1] Line 197, plugin.sp::AttemptInstantDefuse
L 10/15/2021 - 01:49:36: [SM]   [2] Line 104, plugin.sp::Event_BombBeginDefusePlusFrame
L 10/15/2021 - 01:50:01: [SM] Exception reported: Language phrase "InstaDefuseSuccessful" not found (arg 5)
L 10/15/2021 - 01:50:01: [SM] Blaming: retakes-instadefuse.smx
L 10/15/2021 - 01:50:01: [SM] Call stack trace:
L 10/15/2021 - 01:50:01: [SM]   [0] PrintToChat
L 10/15/2021 - 01:50:01: [SM]   [1] Line 197, plugin.sp::AttemptInstantDefuse
L 10/15/2021 - 01:50:01: [SM]   [2] Line 104, plugin.sp::Event_BombBeginDefusePlusFrame
L 10/15/2021 - 01:51:05: [SM] Exception reported: Language phrase "InstaDefuseSuccessful" not found (arg 5)
L 10/15/2021 - 01:51:05: [SM] Blaming: retakes-instadefuse.smx
L 10/15/2021 - 01:51:05: [SM] Call stack trace:
L 10/15/2021 - 01:51:05: [SM]   [0] PrintToChat
L 10/15/2021 - 01:51:05: [SM]   [1] Line 197, plugin.sp::AttemptInstantDefuse
L 10/15/2021 - 01:51:05: [SM]   [2] Line 104, plugin.sp::Event_BombBeginDefusePlusFrame
L 10/15/2021 - 01:51:24: [SM] Exception reported: Language phrase "InstaDefuseSuccessful" not found (arg 5)
L 10/15/2021 - 01:51:24: [SM] Blaming: retakes-instadefuse.smx
L 10/15/2021 - 01:51:24: [SM] Call stack trace:
L 10/15/2021 - 01:51:24: [SM]   [0] PrintToChat
L 10/15/2021 - 01:51:24: [SM]   [1] Line 197, plugin.sp::AttemptInstantDefuse
L 10/15/2021 - 01:51:24: [SM]   [2] Line 104, plugin.sp::Event_BombBeginDefusePlusFrame
L 10/15/2021 - 01:51:47: [SM] Exception reported: Language phrase "InstaDefuseSuccessful" not found (arg 5)
L 10/15/2021 - 01:51:47: [SM] Blaming: retakes-instadefuse.smx
L 10/15/2021 - 01:51:47: [SM] Call stack trace:
L 10/15/2021 - 01:51:47: [SM]   [0] PrintToChat
L 10/15/2021 - 01:51:47: [SM]   [1] Line 197, plugin.sp::AttemptInstantDefuse
L 10/15/2021 - 01:51:47: [SM]   [2] Line 104, plugin.sp::Event_BombBeginDefusePlusFrame
L 10/15/2021 - 01:52:04: [SM] Exception reported: Language phrase "InstaDefuseSuccessful" not found (arg 5)
L 10/15/2021 - 01:52:04: [SM] Blaming: retakes-instadefuse.smx
L 10/15/2021 - 01:52:04: [SM] Call stack trace:
L 10/15/2021 - 01:52:04: [SM]   [0] PrintToChat
L 10/15/2021 - 01:52:04: [SM]   [1] Line 197, plugin.sp::AttemptInstantDefuse
L 10/15/2021 - 01:52:04: [SM]   [2] Line 104, plugin.sp::Event_BombBeginDefusePlusFrame
L 10/15/2021 - 01:52:33: [SM] Exception reported: Language phrase "InstaDefuseSuccessful" not found (arg 5)
L 10/15/2021 - 01:52:33: [SM] Blaming: retakes-instadefuse.smx
L 10/15/2021 - 01:52:33: [SM] Call stack trace:
L 10/15/2021 - 01:52:33: [SM]   [0] PrintToChat
L 10/15/2021 - 01:52:33: [SM]   [1] Line 197, plugin.sp::AttemptInstantDefuse
L 10/15/2021 - 01:52:33: [SM]   [2] Line 104, plugin.sp::Event_BombBeginDefusePlusFrame
L 10/15/2021 - 01:52:53: [SM] Exception reported: Language phrase "InstaDefuseSuccessful" not found (arg 5)
L 10/15/2021 - 01:52:53: [SM] Blaming: retakes-instadefuse.smx
L 10/15/2021 - 01:52:53: [SM] Call stack trace:
L 10/15/2021 - 01:52:53: [SM]   [0] PrintToChat
L 10/15/2021 - 01:52:53: [SM]   [1] Line 197, plugin.sp::AttemptInstantDefuse
L 10/15/2021 - 01:52:53: [SM]   [2] Line 104, plugin.sp::Event_BombBeginDefusePlusFrame
L 10/15/2021 - 01:55:07: [SM] Exception reported: Language phrase "InstaDefuseSuccessful" not found (arg 5)
L 10/15/2021 - 01:55:07: [SM] Blaming: retakes-instadefuse.smx
L 10/15/2021 - 01:55:07: [SM] Call stack trace:
L 10/15/2021 - 01:55:07: [SM]   [0] PrintToChat
L 10/15/2021 - 01:55:07: [SM]   [1] Line 197, plugin.sp::AttemptInstantDefuse
L 10/15/2021 - 01:55:07: [SM]   [2] Line 104, plugin.sp::Event_BombBeginDefusePlusFrame
L 10/15/2021 - 01:55:23: [SM] Exception reported: Language phrase "InstaDefuseSuccessful" not found (arg 5)
L 10/15/2021 - 01:55:23: [SM] Blaming: retakes-instadefuse.smx
L 10/15/2021 - 01:55:23: [SM] Call stack trace:
L 10/15/2021 - 01:55:23: [SM]   [0] PrintToChat
L 10/15/2021 - 01:55:23: [SM]   [1] Line 197, plugin.sp::AttemptInstantDefuse
L 10/15/2021 - 01:55:23: [SM]   [2] Line 104, plugin.sp::Event_BombBeginDefusePlusFrame
L 10/15/2021 - 01:56:16: [SM] Exception reported: Language phrase "InstaDefuseSuccessful" not found (arg 5)
L 10/15/2021 - 01:56:16: [SM] Blaming: retakes-instadefuse.smx
L 10/15/2021 - 01:56:16: [SM] Call stack trace:
L 10/15/2021 - 01:56:16: [SM]   [0] PrintToChat
L 10/15/2021 - 01:56:16: [SM]   [1] Line 197, plugin.sp::AttemptInstantDefuse
L 10/15/2021 - 01:56:16: [SM]   [2] Line 104, plugin.sp::Event_BombBeginDefusePlusFrame
L 10/15/2021 - 01:56:30: [SM] Exception reported: Language phrase "InstaDefuseSuccessful" not found (arg 5)
L 10/15/2021 - 01:56:30: [SM] Blaming: retakes-instadefuse.smx
L 10/15/2021 - 01:56:30: [SM] Call stack trace:
L 10/15/2021 - 01:56:30: [SM]   [0] PrintToChat
L 10/15/2021 - 01:56:30: [SM]   [1] Line 197, plugin.sp::AttemptInstantDefuse
L 10/15/2021 - 01:56:30: [SM]   [2] Line 104, plugin.sp::Event_BombBeginDefusePlusFrame
L 10/15/2021 - 01:57:20: [SM] Exception reported: Language phrase "InstaDefuseSuccessful" not found (arg 5)
L 10/15/2021 - 01:57:20: [SM] Blaming: retakes-instadefuse.smx
L 10/15/2021 - 01:57:20: [SM] Call stack trace:
L 10/15/2021 - 01:57:20: [SM]   [0] PrintToChat
L 10/15/2021 - 01:57:20: [SM]   [1] Line 197, plugin.sp::AttemptInstantDefuse
L 10/15/2021 - 01:57:20: [SM]   [2] Line 104, plugin.sp::Event_BombBeginDefusePlusFrame
L 10/15/2021 - 01:57:55: [SM] Exception reported: Language phrase "InstaDefuseSuccessful" not found (arg 5)
L 10/15/2021 - 01:57:55: [SM] Blaming: retakes-instadefuse.smx
L 10/15/2021 - 01:57:55: [SM] Call stack trace:
L 10/15/2021 - 01:57:55: [SM]   [0] PrintToChat
L 10/15/2021 - 01:57:55: [SM]   [1] Line 197, plugin.sp::AttemptInstantDefuse
L 10/15/2021 - 01:57:55: [SM]   [2] Line 104, plugin.sp::Event_BombBeginDefusePlusFrame
L 10/15/2021 - 01:58:12: [SM] Exception reported: Language phrase "InstaDefuseSuccessful" not found (arg 5)
L 10/15/2021 - 01:58:12: [SM] Blaming: retakes-instadefuse.smx
L 10/15/2021 - 01:58:12: [SM] Call stack trace:
L 10/15/2021 - 01:58:12: [SM]   [0] PrintToChat
L 10/15/2021 - 01:58:12: [SM]   [1] Line 197, plugin.sp::AttemptInstantDefuse
L 10/15/2021 - 01:58:12: [SM]   [2] Line 104, plugin.sp::Event_BombBeginDefusePlusFrame
L 10/15/2021 - 01:58:26: [SM] Exception reported: Language phrase "InstaDefuseSuccessful" not found (arg 5)
L 10/15/2021 - 01:58:26: [SM] Blaming: retakes-instadefuse.smx
L 10/15/2021 - 01:58:26: [SM] Call stack trace:
L 10/15/2021 - 01:58:26: [SM]   [0] PrintToChat
L 10/15/2021 - 01:58:26: [SM]   [1] Line 197, plugin.sp::AttemptInstantDefuse
L 10/15/2021 - 01:58:26: [SM]   [2] Line 104, plugin.sp::Event_BombBeginDefusePlusFrame
L 10/15/2021 - 01:58:42: [SM] Exception reported: Language phrase "InstaDefuseSuccessful" not found (arg 5)
L 10/15/2021 - 01:58:42: [SM] Blaming: retakes-instadefuse.smx
L 10/15/2021 - 01:58:42: [SM] Call stack trace:
L 10/15/2021 - 01:58:42: [SM]   [0] PrintToChat
L 10/15/2021 - 01:58:42: [SM]   [1] Line 197, plugin.sp::AttemptInstantDefuse
L 10/15/2021 - 01:58:42: [SM]   [2] Line 104, plugin.sp::Event_BombBeginDefusePlusFrame
L 10/15/2021 - 01:58:44: [SM] Exception reported: Language phrase "InstaDefuseSuccessful" not found (arg 5)
L 10/15/2021 - 01:58:44: [SM] Blaming: retakes-instadefuse.smx
L 10/15/2021 - 01:58:44: [SM] Call stack trace:
L 10/15/2021 - 01:58:44: [SM]   [0] PrintToChat
L 10/15/2021 - 01:58:44: [SM]   [1] Line 197, plugin.sp::AttemptInstantDefuse
L 10/15/2021 - 01:58:44: [SM]   [2] Line 104, plugin.sp::Event_BombBeginDefusePlusFrame
L 10/15/2021 - 01:59:14: [SM] Exception reported: Language phrase "InstaDefuseSuccessful" not found (arg 5)
L 10/15/2021 - 01:59:14: [SM] Blaming: retakes-instadefuse.smx
L 10/15/2021 - 01:59:14: [SM] Call stack trace:
L 10/15/2021 - 01:59:14: [SM]   [0] PrintToChat
L 10/15/2021 - 01:59:14: [SM]   [1] Line 197, plugin.sp::AttemptInstantDefuse
L 10/15/2021 - 01:59:14: [SM]   [2] Line 104, plugin.sp::Event_BombBeginDefusePlusFrame
L 10/15/2021 - 01:59:27: [SM] Exception reported: Language phrase "InstaDefuseSuccessful" not found (arg 5)
L 10/15/2021 - 01:59:27: [SM] Blaming: retakes-instadefuse.smx
L 10/15/2021 - 01:59:27: [SM] Call stack trace:
L 10/15/2021 - 01:59:27: [SM]   [0] PrintToChat
L 10/15/2021 - 01:59:27: [SM]   [1] Line 197, plugin.sp::AttemptInstantDefuse
L 10/15/2021 - 01:59:27: [SM]   [2] Line 104, plugin.sp::Event_BombBeginDefusePlusFrame
L 10/15/2021 - 01:59:45: [SM] Exception reported: Language phrase "InstaDefuseSuccessful" not found (arg 5)
L 10/15/2021 - 01:59:45: [SM] Blaming: retakes-instadefuse.smx
L 10/15/2021 - 01:59:45: [SM] Call stack trace:
L 10/15/2021 - 01:59:45: [SM]   [0] PrintToChat
L 10/15/2021 - 01:59:45: [SM]   [1] Line 197, plugin.sp::AttemptInstantDefuse
L 10/15/2021 - 01:59:45: [SM]   [2] Line 104, plugin.sp::Event_BombBeginDefusePlusFrame
L 10/15/2021 - 02:00:02: [SM] Exception reported: Language phrase "InstaDefuseSuccessful" not found (arg 5)
L 10/15/2021 - 02:00:02: [SM] Blaming: retakes-instadefuse.smx
L 10/15/2021 - 02:00:02: [SM] Call stack trace:
L 10/15/2021 - 02:00:02: [SM]   [0] PrintToChat
L 10/15/2021 - 02:00:02: [SM]   [1] Line 197, plugin.sp::AttemptInstantDefuse
L 10/15/2021 - 02:00:02: [SM]   [2] Line 104, plugin.sp::Event_BombBeginDefusePlusFrame
L 10/15/2021 - 02:00:18: [SM] Exception reported: Language phrase "InstaDefuseSuccessful" not found (arg 5)
L 10/15/2021 - 02:00:18: [SM] Blaming: retakes-instadefuse.smx
L 10/15/2021 - 02:00:18: [SM] Call stack trace:
L 10/15/2021 - 02:00:18: [SM]   [0] PrintToChat
L 10/15/2021 - 02:00:18: [SM]   [1] Line 197, plugin.sp::AttemptInstantDefuse
L 10/15/2021 - 02:00:18: [SM]   [2] Line 104, plugin.sp::Event_BombBeginDefusePlusFrame
L 10/15/2021 - 02:01:16: [SM] Exception reported: Language phrase "InstaDefuseSuccessful" not found (arg 5)
L 10/15/2021 - 02:01:16: [SM] Blaming: retakes-instadefuse.smx
L 10/15/2021 - 02:01:16: [SM] Call stack trace:
L 10/15/2021 - 02:01:16: [SM]   [0] PrintToChat
L 10/15/2021 - 02:01:16: [SM]   [1] Line 197, plugin.sp::AttemptInstantDefuse
L 10/15/2021 - 02:01:16: [SM]   [2] Line 104, plugin.sp::Event_BombBeginDefusePlusFrame
L 10/15/2021 - 02:02:04: [SM] Exception reported: Language phrase "InstaDefuseSuccessful" not found (arg 5)
L 10/15/2021 - 02:02:04: [SM] Blaming: retakes-instadefuse.smx
L 10/15/2021 - 02:02:04: [SM] Call stack trace:
L 10/15/2021 - 02:02:04: [SM]   [0] PrintToChat
L 10/15/2021 - 02:02:04: [SM]   [1] Line 197, plugin.sp::AttemptInstantDefuse
L 10/15/2021 - 02:02:04: [SM]   [2] Line 104, plugin.sp::Event_BombBeginDefusePlusFrame
L 10/15/2021 - 02:02:39: [SM] Exception reported: Language phrase "InstaDefuseSuccessful" not found (arg 5)
L 10/15/2021 - 02:02:39: [SM] Blaming: retakes-instadefuse.smx
L 10/15/2021 - 02:02:39: [SM] Call stack trace:
L 10/15/2021 - 02:02:39: [SM]   [0] PrintToChat
L 10/15/2021 - 02:02:39: [SM]   [1] Line 197, plugin.sp::AttemptInstantDefuse
L 10/15/2021 - 02:02:39: [SM]   [2] Line 104, plugin.sp::Event_BombBeginDefusePlusFrame
L 10/15/2021 - 02:03:58: [SM] Exception reported: Language phrase "InstaDefuseSuccessful" not found (arg 5)
L 10/15/2021 - 02:03:58: [SM] Blaming: retakes-instadefuse.smx
L 10/15/2021 - 02:03:58: [SM] Call stack trace:
L 10/15/2021 - 02:03:58: [SM]   [0] PrintToChat
L 10/15/2021 - 02:03:58: [SM]   [1] Line 197, plugin.sp::AttemptInstantDefuse
L 10/15/2021 - 02:03:58: [SM]   [2] Line 104, plugin.sp::Event_BombBeginDefusePlusFrame
L 10/15/2021 - 02:03:59: [SM] Exception reported: Language phrase "InstaDefuseSuccessful" not found (arg 5)
L 10/15/2021 - 02:03:59: [SM] Blaming: retakes-instadefuse.smx
L 10/15/2021 - 02:03:59: [SM] Call stack trace:
L 10/15/2021 - 02:03:59: [SM]   [0] PrintToChat
L 10/15/2021 - 02:03:59: [SM]   [1] Line 197, plugin.sp::AttemptInstantDefuse
L 10/15/2021 - 02:03:59: [SM]   [2] Line 104, plugin.sp::Event_BombBeginDefusePlusFrame
L 10/15/2021 - 02:04:25: [SM] Exception reported: Language phrase "InstaDefuseSuccessful" not found (arg 5)
L 10/15/2021 - 02:04:25: [SM] Blaming: retakes-instadefuse.smx
L 10/15/2021 - 02:04:25: [SM] Call stack trace:
L 10/15/2021 - 02:04:25: [SM]   [0] PrintToChat
L 10/15/2021 - 02:04:25: [SM]   [1] Line 197, plugin.sp::AttemptInstantDefuse
L 10/15/2021 - 02:04:25: [SM]   [2] Line 104, plugin.sp::Event_BombBeginDefusePlusFrame
L 10/15/2021 - 02:04:46: [SM] Exception reported: Language phrase "InstaDefuseSuccessful" not found (arg 5)
L 10/15/2021 - 02:04:46: [SM] Blaming: retakes-instadefuse.smx
L 10/15/2021 - 02:04:46: [SM] Call stack trace:
L 10/15/2021 - 02:04:46: [SM]   [0] PrintToChat
L 10/15/2021 - 02:04:46: [SM]   [1] Line 197, plugin.sp::AttemptInstantDefuse
L 10/15/2021 - 02:04:46: [SM]   [2] Line 104, plugin.sp::Event_BombBeginDefusePlusFrame
L 10/15/2021 - 02:05:03: [SM] Exception reported: Language phrase "InstaDefuseSuccessful" not found (arg 5)
L 10/15/2021 - 02:05:03: [SM] Blaming: retakes-instadefuse.smx
L 10/15/2021 - 02:05:03: [SM] Call stack trace:
L 10/15/2021 - 02:05:03: [SM]   [0] PrintToChat
L 10/15/2021 - 02:05:03: [SM]   [1] Line 197, plugin.sp::AttemptInstantDefuse
L 10/15/2021 - 02:05:03: [SM]   [2] Line 104, plugin.sp::Event_BombBeginDefusePlusFrame
L 10/15/2021 - 02:05:24: [SM] Exception reported: Language phrase "InstaDefuseSuccessful" not found (arg 5)
L 10/15/2021 - 02:05:24: [SM] Blaming: retakes-instadefuse.smx
L 10/15/2021 - 02:05:24: [SM] Call stack trace:
L 10/15/2021 - 02:05:24: [SM]   [0] PrintToChat
L 10/15/2021 - 02:05:24: [SM]   [1] Line 197, plugin.sp::AttemptInstantDefuse
L 10/15/2021 - 02:05:24: [SM]   [2] Line 104, plugin.sp::Event_BombBeginDefusePlusFrame
L 10/15/2021 - 02:05:38: [SM] Exception reported: Language phrase "InstaDefuseSuccessful" not found (arg 5)
L 10/15/2021 - 02:05:38: [SM] Blaming: retakes-instadefuse.smx
L 10/15/2021 - 02:05:38: [SM] Call stack trace:
L 10/15/2021 - 02:05:38: [SM]   [0] PrintToChat
L 10/15/2021 - 02:05:38: [SM]   [1] Line 197, plugin.sp::AttemptInstantDefuse
L 10/15/2021 - 02:05:38: [SM]   [2] Line 104, plugin.sp::Event_BombBeginDefusePlusFrame
L 10/15/2021 - 02:06:10: [SM] Exception reported: Language phrase "InstaDefuseSuccessful" not found (arg 5)
L 10/15/2021 - 02:06:10: [SM] Blaming: retakes-instadefuse.smx
L 10/15/2021 - 02:06:10: [SM] Call stack trace:
L 10/15/2021 - 02:06:10: [SM]   [0] PrintToChat
L 10/15/2021 - 02:06:10: [SM]   [1] Line 197, plugin.sp::AttemptInstantDefuse
L 10/15/2021 - 02:06:10: [SM]   [2] Line 104, plugin.sp::Event_BombBeginDefusePlusFrame
L 10/15/2021 - 02:06:27: [SM] Exception reported: Language phrase "InstaDefuseSuccessful" not found (arg 5)
L 10/15/2021 - 02:06:27: [SM] Blaming: retakes-instadefuse.smx
L 10/15/2021 - 02:06:27: [SM] Call stack trace:
L 10/15/2021 - 02:06:27: [SM]   [0] PrintToChat
L 10/15/2021 - 02:06:27: [SM]   [1] Line 197, plugin.sp::AttemptInstantDefuse
L 10/15/2021 - 02:06:27: [SM]   [2] Line 104, plugin.sp::Event_BombBeginDefusePlusFrame
L 10/15/2021 - 02:07:25: [SM] Exception reported: Language phrase "InstaDefuseSuccessful" not found (arg 5)
L 10/15/2021 - 02:07:25: [SM] Blaming: retakes-instadefuse.smx
L 10/15/2021 - 02:07:25: [SM] Call stack trace:
L 10/15/2021 - 02:07:25: [SM]   [0] PrintToChat
L 10/15/2021 - 02:07:25: [SM]   [1] Line 197, plugin.sp::AttemptInstantDefuse
L 10/15/2021 - 02:07:25: [SM]   [2] Line 104, plugin.sp::Event_BombBeginDefusePlusFrame
L 10/15/2021 - 02:08:30: [SM] Exception reported: Language phrase "InstaDefuseUnsuccessful" not found (arg 5)
L 10/15/2021 - 02:08:30: [SM] Blaming: retakes-instadefuse.smx
L 10/15/2021 - 02:08:30: [SM] Call stack trace:
L 10/15/2021 - 02:08:30: [SM]   [0] PrintToChat
L 10/15/2021 - 02:08:30: [SM]   [1] Line 143, plugin.sp::AttemptInstantDefuse
L 10/15/2021 - 02:08:30: [SM]   [2] Line 104, plugin.sp::Event_BombBeginDefusePlusFrame
L 10/15/2021 - 02:08:30: [SM] Exception reported: Language phrase "InstaDefuseUnsuccessful" not found (arg 5)
L 10/15/2021 - 02:08:30: [SM] Blaming: retakes-instadefuse.smx
L 10/15/2021 - 02:08:30: [SM] Call stack trace:
L 10/15/2021 - 02:08:30: [SM]   [0] PrintToChat
L 10/15/2021 - 02:08:30: [SM]   [1] Line 143, plugin.sp::AttemptInstantDefuse
L 10/15/2021 - 02:08:30: [SM]   [2] Line 104, plugin.sp::Event_BombBeginDefusePlusFrame
L 10/15/2021 - 02:08:30: [SM] Exception reported: Language phrase "InstaDefuseUnsuccessful" not found (arg 5)
L 10/15/2021 - 02:08:30: [SM] Blaming: retakes-instadefuse.smx
L 10/15/2021 - 02:08:30: [SM] Call stack trace:
L 10/15/2021 - 02:08:30: [SM]   [0] PrintToChat
L 10/15/2021 - 02:08:30: [SM]   [1] Line 143, plugin.sp::AttemptInstantDefuse
L 10/15/2021 - 02:08:30: [SM]   [2] Line 104, plugin.sp::Event_BombBeginDefusePlusFrame
L 10/15/2021 - 02:08:31: [SM] Exception reported: Language phrase "InstaDefuseUnsuccessful" not found (arg 5)
L 10/15/2021 - 02:08:31: [SM] Blaming: retakes-instadefuse.smx
L 10/15/2021 - 02:08:31: [SM] Call stack trace:
L 10/15/2021 - 02:08:31: [SM]   [0] PrintToChat
L 10/15/2021 - 02:08:31: [SM]   [1] Line 143, plugin.sp::AttemptInstantDefuse
L 10/15/2021 - 02:08:31: [SM]   [2] Line 104, plugin.sp::Event_BombBeginDefusePlusFrame
L 10/15/2021 - 02:08:31: [SM] Exception reported: Language phrase "InstaDefuseUnsuccessful" not found (arg 5)
L 10/15/2021 - 02:08:31: [SM] Blaming: retakes-instadefuse.smx
L 10/15/2021 - 02:08:31: [SM] Call stack trace:
L 10/15/2021 - 02:08:31: [SM]   [0] PrintToChat
L 10/15/2021 - 02:08:31: [SM]   [1] Line 143, plugin.sp::AttemptInstantDefuse
L 10/15/2021 - 02:08:31: [SM]   [2] Line 104, plugin.sp::Event_BombBeginDefusePlusFrame
L 10/15/2021 - 02:08:31: [SM] Exception reported: Language phrase "InstaDefuseUnsuccessful" not found (arg 5)
L 10/15/2021 - 02:08:31: [SM] Blaming: retakes-instadefuse.smx
L 10/15/2021 - 02:08:31: [SM] Call stack trace:
L 10/15/2021 - 02:08:31: [SM]   [0] PrintToChat
L 10/15/2021 - 02:08:31: [SM]   [1] Line 143, plugin.sp::AttemptInstantDefuse
L 10/15/2021 - 02:08:31: [SM]   [2] Line 104, plugin.sp::Event_BombBeginDefusePlusFrame
L 10/15/2021 - 02:09:54: [SM] Exception reported: Language phrase "InstaDefuseSuccessful" not found (arg 5)
L 10/15/2021 - 02:09:54: [SM] Blaming: retakes-instadefuse.smx
L 10/15/2021 - 02:09:54: [SM] Call stack trace:
L 10/15/2021 - 02:09:54: [SM]   [0] PrintToChat
L 10/15/2021 - 02:09:54: [SM]   [1] Line 197, plugin.sp::AttemptInstantDefuse
L 10/15/2021 - 02:09:54: [SM]   [2] Line 104, plugin.sp::Event_BombBeginDefusePlusFrame
L 10/15/2021 - 02:11:24: [SM] Exception reported: Language phrase "InstaDefuseSuccessful" not found (arg 5)
L 10/15/2021 - 02:11:24: [SM] Blaming: retakes-instadefuse.smx
L 10/15/2021 - 02:11:24: [SM] Call stack trace:
L 10/15/2021 - 02:11:24: [SM]   [0] PrintToChat
L 10/15/2021 - 02:11:24: [SM]   [1] Line 197, plugin.sp::AttemptInstantDefuse
L 10/15/2021 - 02:11:24: [SM]   [2] Line 104, plugin.sp::Event_BombBeginDefusePlusFrame
L 10/15/2021 - 02:12:58: [SM] Exception reported: Language phrase "InstaDefuseSuccessful" not found (arg 5)
L 10/15/2021 - 02:12:58: [SM] Blaming: retakes-instadefuse.smx
L 10/15/2021 - 02:12:58: [SM] Call stack trace:
L 10/15/2021 - 02:12:58: [SM]   [0] PrintToChat
L 10/15/2021 - 02:12:58: [SM]   [1] Line 197, plugin.sp::AttemptInstantDefuse
L 10/15/2021 - 02:12:58: [SM]   [2] Line 104, plugin.sp::Event_BombBeginDefusePlusFrame
L 10/15/2021 - 02:13:45: [SM] Exception reported: Language phrase "InstaDefuseSuccessful" not found (arg 5)
L 10/15/2021 - 02:13:45: [SM] Blaming: retakes-instadefuse.smx
L 10/15/2021 - 02:13:45: [SM] Call stack trace:
L 10/15/2021 - 02:13:45: [SM]   [0] PrintToChat
L 10/15/2021 - 02:13:45: [SM]   [1] Line 197, plugin.sp::AttemptInstantDefuse
L 10/15/2021 - 02:13:45: [SM]   [2] Line 104, plugin.sp::Event_BombBeginDefusePlusFrame
L 10/15/2021 - 02:14:36: [SM] Exception reported: Language phrase "InstaDefuseSuccessful" not found (arg 5)
L 10/15/2021 - 02:14:36: [SM] Blaming: retakes-instadefuse.smx
L 10/15/2021 - 02:14:36: [SM] Call stack trace:
L 10/15/2021 - 02:14:36: [SM]   [0] PrintToChat
L 10/15/2021 - 02:14:36: [SM]   [1] Line 197, plugin.sp::AttemptInstantDefuse
L 10/15/2021 - 02:14:36: [SM]   [2] Line 104, plugin.sp::Event_BombBeginDefusePlusFrame
L 10/15/2021 - 02:15:58: [SM] Exception reported: Language phrase "InstaDefuseSuccessful" not found (arg 5)
L 10/15/2021 - 02:15:58: [SM] Blaming: retakes-instadefuse.smx
L 10/15/2021 - 02:15:58: [SM] Call stack trace:
L 10/15/2021 - 02:15:58: [SM]   [0] PrintToChat
L 10/15/2021 - 02:15:58: [SM]   [1] Line 197, plugin.sp::AttemptInstantDefuse
L 10/15/2021 - 02:15:58: [SM]   [2] Line 104, plugin.sp::Event_BombBeginDefusePlusFrame
L 10/15/2021 - 02:16:51: [SM] Exception reported: Language phrase "InstaDefuseSuccessful" not found (arg 5)
L 10/15/2021 - 02:16:51: [SM] Blaming: retakes-instadefuse.smx
L 10/15/2021 - 02:16:51: [SM] Call stack trace:
L 10/15/2021 - 02:16:51: [SM]   [0] PrintToChat
L 10/15/2021 - 02:16:51: [SM]   [1] Line 197, plugin.sp::AttemptInstantDefuse
L 10/15/2021 - 02:16:51: [SM]   [2] Line 104, plugin.sp::Event_BombBeginDefusePlusFrame
L 10/15/2021 - 02:17:17: [SM] Exception reported: Language phrase "InstaDefuseSuccessful" not found (arg 5)
L 10/15/2021 - 02:17:17: [SM] Blaming: retakes-instadefuse.smx
L 10/15/2021 - 02:17:17: [SM] Call stack trace:
L 10/15/2021 - 02:17:17: [SM]   [0] PrintToChat
L 10/15/2021 - 02:17:17: [SM]   [1] Line 197, plugin.sp::AttemptInstantDefuse
L 10/15/2021 - 02:17:17: [SM]   [2] Line 104, plugin.sp::Event_BombBeginDefusePlusFrame
L 10/15/2021 - 02:17:38: [SM] Exception reported: Language phrase "InstaDefuseSuccessful" not found (arg 5)
L 10/15/2021 - 02:17:38: [SM] Blaming: retakes-instadefuse.smx
L 10/15/2021 - 02:17:38: [SM] Call stack trace:
L 10/15/2021 - 02:17:38: [SM]   [0] PrintToChat
L 10/15/2021 - 02:17:38: [SM]   [1] Line 197, plugin.sp::AttemptInstantDefuse
L 10/15/2021 - 02:17:38: [SM]   [2] Line 104, plugin.sp::Event_BombBeginDefusePlusFrame
L 10/15/2021 - 02:18:21: [SM] Exception reported: Language phrase "InstaDefuseSuccessful" not found (arg 5)
L 10/15/2021 - 02:18:21: [SM] Blaming: retakes-instadefuse.smx
L 10/15/2021 - 02:18:21: [SM] Call stack trace:
L 10/15/2021 - 02:18:21: [SM]   [0] PrintToChat
L 10/15/2021 - 02:18:21: [SM]   [1] Line 197, plugin.sp::AttemptInstantDefuse
L 10/15/2021 - 02:18:21: [SM]   [2] Line 104, plugin.sp::Event_BombBeginDefusePlusFrame
L 10/15/2021 - 02:19:32: [SM] Exception reported: Language phrase "InstaDefuseSuccessful" not found (arg 5)
L 10/15/2021 - 02:19:32: [SM] Blaming: retakes-instadefuse.smx
L 10/15/2021 - 02:19:32: [SM] Call stack trace:
L 10/15/2021 - 02:19:32: [SM]   [0] PrintToChat
L 10/15/2021 - 02:19:32: [SM]   [1] Line 197, plugin.sp::AttemptInstantDefuse
L 10/15/2021 - 02:19:32: [SM]   [2] Line 104, plugin.sp::Event_BombBeginDefusePlusFrame
L 10/15/2021 - 02:19:48: [SM] Exception reported: Language phrase "InstaDefuseSuccessful" not found (arg 5)
L 10/15/2021 - 02:19:48: [SM] Blaming: retakes-instadefuse.smx
L 10/15/2021 - 02:19:48: [SM] Call stack trace:
L 10/15/2021 - 02:19:48: [SM]   [0] PrintToChat
L 10/15/2021 - 02:19:48: [SM]   [1] Line 197, plugin.sp::AttemptInstantDefuse
L 10/15/2021 - 02:19:48: [SM]   [2] Line 104, plugin.sp::Event_BombBeginDefusePlusFrame
L 10/15/2021 - 02:20:35: [SM] Exception reported: Language phrase "LiveNadeSomewhere" not found (arg 5)
L 10/15/2021 - 02:20:35: [SM] Blaming: retakes-instadefuse.smx
L 10/15/2021 - 02:20:35: [SM] Call stack trace:
L 10/15/2021 - 02:20:35: [SM]   [0] PrintToChat
L 10/15/2021 - 02:20:35: [SM]   [1] Line 168, plugin.sp::AttemptInstantDefuse
L 10/15/2021 - 02:20:35: [SM]   [2] Line 104, plugin.sp::Event_BombBeginDefusePlusFrame
L 10/15/2021 - 02:21:51: [SM] Exception reported: Language phrase "InstaDefuseSuccessful" not found (arg 5)
L 10/15/2021 - 02:21:51: [SM] Blaming: retakes-instadefuse.smx
L 10/15/2021 - 02:21:51: [SM] Call stack trace:
L 10/15/2021 - 02:21:51: [SM]   [0] PrintToChat
L 10/15/2021 - 02:21:51: [SM]   [1] Line 197, plugin.sp::AttemptInstantDefuse
L 10/15/2021 - 02:21:51: [SM]   [2] Line 104, plugin.sp::Event_BombBeginDefusePlusFrame
L 10/15/2021 - 02:22:47: [SM] Exception reported: Language phrase "InstaDefuseSuccessful" not found (arg 5)
L 10/15/2021 - 02:22:47: [SM] Blaming: retakes-instadefuse.smx
L 10/15/2021 - 02:22:47: [SM] Call stack trace:
L 10/15/2021 - 02:22:47: [SM]   [0] PrintToChat
L 10/15/2021 - 02:22:47: [SM]   [1] Line 197, plugin.sp::AttemptInstantDefuse
L 10/15/2021 - 02:22:47: [SM]   [2] Line 104, plugin.sp::Event_BombBeginDefusePlusFrame
L 10/15/2021 - 02:23:06: [SM] Exception reported: Language phrase "InstaDefuseSuccessful" not found (arg 5)
L 10/15/2021 - 02:23:06: [SM] Blaming: retakes-instadefuse.smx
L 10/15/2021 - 02:23:06: [SM] Call stack trace:
L 10/15/2021 - 02:23:06: [SM]   [0] PrintToChat
L 10/15/2021 - 02:23:06: [SM]   [1] Line 197, plugin.sp::AttemptInstantDefuse
L 10/15/2021 - 02:23:06: [SM]   [2] Line 104, plugin.sp::Event_BombBeginDefusePlusFrame
L 10/15/2021 - 02:23:46: [SM] Exception reported: Language phrase "InstaDefuseSuccessful" not found (arg 5)
L 10/15/2021 - 02:23:46: [SM] Blaming: retakes-instadefuse.smx
L 10/15/2021 - 02:23:46: [SM] Call stack trace:
L 10/15/2021 - 02:23:46: [SM]   [0] PrintToChat
L 10/15/2021 - 02:23:46: [SM]   [1] Line 197, plugin.sp::AttemptInstantDefuse
L 10/15/2021 - 02:23:46: [SM]   [2] Line 104, plugin.sp::Event_BombBeginDefusePlusFrame
L 10/15/2021 - 02:24:06: [SM] Exception reported: Language phrase "InstaDefuseSuccessful" not found (arg 5)
L 10/15/2021 - 02:24:06: [SM] Blaming: retakes-instadefuse.smx
L 10/15/2021 - 02:24:06: [SM] Call stack trace:
L 10/15/2021 - 02:24:06: [SM]   [0] PrintToChat
L 10/15/2021 - 02:24:06: [SM]   [1] Line 197, plugin.sp::AttemptInstantDefuse
L 10/15/2021 - 02:24:06: [SM]   [2] Line 104, plugin.sp::Event_BombBeginDefusePlusFrame
L 10/15/2021 - 02:25:49: [SM] Exception reported: Language phrase "InstaDefuseSuccessful" not found (arg 5)
L 10/15/2021 - 02:25:49: [SM] Blaming: retakes-instadefuse.smx
L 10/15/2021 - 02:25:49: [SM] Call stack trace:
L 10/15/2021 - 02:25:49: [SM]   [0] PrintToChat
L 10/15/2021 - 02:25:49: [SM]   [1] Line 197, plugin.sp::AttemptInstantDefuse
L 10/15/2021 - 02:25:49: [SM]   [2] Line 104, plugin.sp::Event_BombBeginDefusePlusFrame
L 10/15/2021 - 02:27:52: [SM] Exception reported: Language phrase "InstaDefuseSuccessful" not found (arg 5)
L 10/15/2021 - 02:27:52: [SM] Blaming: retakes-instadefuse.smx
L 10/15/2021 - 02:27:52: [SM] Call stack trace:
L 10/15/2021 - 02:27:52: [SM]   [0] PrintToChat
L 10/15/2021 - 02:27:52: [SM]   [1] Line 197, plugin.sp::AttemptInstantDefuse
L 10/15/2021 - 02:27:52: [SM]   [2] Line 104, plugin.sp::Event_BombBeginDefusePlusFrame
L 10/15/2021 - 02:28:18: [SM] Exception reported: Language phrase "InstaDefuseSuccessful" not found (arg 5)
L 10/15/2021 - 02:28:18: [SM] Blaming: retakes-instadefuse.smx
L 10/15/2021 - 02:28:18: [SM] Call stack trace:
L 10/15/2021 - 02:28:18: [SM]   [0] PrintToChat
L 10/15/2021 - 02:28:18: [SM]   [1] Line 197, plugin.sp::AttemptInstantDefuse
L 10/15/2021 - 02:28:18: [SM]   [2] Line 104, plugin.sp::Event_BombBeginDefusePlusFrame
L 10/15/2021 - 02:28:49: [SM] Exception reported: Language phrase "InstaDefuseSuccessful" not found (arg 5)
L 10/15/2021 - 02:28:49: [SM] Blaming: retakes-instadefuse.smx
L 10/15/2021 - 02:28:49: [SM] Call stack trace:
L 10/15/2021 - 02:28:49: [SM]   [0] PrintToChat
L 10/15/2021 - 02:28:49: [SM]   [1] Line 197, plugin.sp::AttemptInstantDefuse
L 10/15/2021 - 02:28:49: [SM]   [2] Line 104, plugin.sp::Event_BombBeginDefusePlusFrame
L 10/15/2021 - 02:30:10: [SM] Exception reported: Language phrase "InstaDefuseSuccessful" not found (arg 5)
L 10/15/2021 - 02:30:10: [SM] Blaming: retakes-instadefuse.smx
L 10/15/2021 - 02:30:10: [SM] Call stack trace:
L 10/15/2021 - 02:30:10: [SM]   [0] PrintToChat
L 10/15/2021 - 02:30:10: [SM]   [1] Line 197, plugin.sp::AttemptInstantDefuse
L 10/15/2021 - 02:30:10: [SM]   [2] Line 104, plugin.sp::Event_BombBeginDefusePlusFrame
L 10/15/2021 - 02:30:35: [SM] Exception reported: Language phrase "InstaDefuseSuccessful" not found (arg 5)
L 10/15/2021 - 02:30:35: [SM] Blaming: retakes-instadefuse.smx
L 10/15/2021 - 02:30:35: [SM] Call stack trace:
L 10/15/2021 - 02:30:35: [SM]   [0] PrintToChat
L 10/15/2021 - 02:30:35: [SM]   [1] Line 197, plugin.sp::AttemptInstantDefuse
L 10/15/2021 - 02:30:35: [SM]   [2] Line 104, plugin.sp::Event_BombBeginDefusePlusFrame
L 10/15/2021 - 02:31:07: [SM] Exception reported: Language phrase "InstaDefuseSuccessful" not found (arg 5)
L 10/15/2021 - 02:31:07: [SM] Blaming: retakes-instadefuse.smx
L 10/15/2021 - 02:31:07: [SM] Call stack trace:
L 10/15/2021 - 02:31:07: [SM]   [0] PrintToChat
L 10/15/2021 - 02:31:07: [SM]   [1] Line 197, plugin.sp::AttemptInstantDefuse
L 10/15/2021 - 02:31:07: [SM]   [2] Line 104, plugin.sp::Event_BombBeginDefusePlusFrame
L 10/15/2021 - 02:32:41: [SM] Exception reported: Language phrase "InstaDefuseSuccessful" not found (arg 5)
L 10/15/2021 - 02:32:41: [SM] Blaming: retakes-instadefuse.smx
L 10/15/2021 - 02:32:41: [SM] Call stack trace:
L 10/15/2021 - 02:32:41: [SM]   [0] PrintToChat
L 10/15/2021 - 02:32:41: [SM]   [1] Line 197, plugin.sp::AttemptInstantDefuse
L 10/15/2021 - 02:32:41: [SM]   [2] Line 104, plugin.sp::Event_BombBeginDefusePlusFrame
L 10/15/2021 - 02:33:03: [SM] Exception reported: Language phrase "InstaDefuseSuccessful" not found (arg 5)
L 10/15/2021 - 02:33:03: [SM] Blaming: retakes-instadefuse.smx
L 10/15/2021 - 02:33:03: [SM] Call stack trace:
L 10/15/2021 - 02:33:03: [SM]   [0] PrintToChat
L 10/15/2021 - 02:33:03: [SM]   [1] Line 197, plugin.sp::AttemptInstantDefuse
L 10/15/2021 - 02:33:03: [SM]   [2] Line 104, plugin.sp::Event_BombBeginDefusePlusFrame
L 10/15/2021 - 02:33:06: [SM] Exception reported: Language phrase "InstaDefuseSuccessful" not found (arg 5)
L 10/15/2021 - 02:33:06: [SM] Blaming: retakes-instadefuse.smx
L 10/15/2021 - 02:33:06: [SM] Call stack trace:
L 10/15/2021 - 02:33:06: [SM]   [0] PrintToChat
L 10/15/2021 - 02:33:06: [SM]   [1] Line 197, plugin.sp::AttemptInstantDefuse
L 10/15/2021 - 02:33:06: [SM]   [2] Line 104, plugin.sp::Event_BombBeginDefusePlusFrame
L 10/15/2021 - 02:33:52: [SM] Exception reported: Language phrase "InstaDefuseSuccessful" not found (arg 5)
L 10/15/2021 - 02:33:52: [SM] Blaming: retakes-instadefuse.smx
L 10/15/2021 - 02:33:52: [SM] Call stack trace:
L 10/15/2021 - 02:33:52: [SM]   [0] PrintToChat
L 10/15/2021 - 02:33:52: [SM]   [1] Line 197, plugin.sp::AttemptInstantDefuse
L 10/15/2021 - 02:33:52: [SM]   [2] Line 104, plugin.sp::Event_BombBeginDefusePlusFrame
L 10/15/2021 - 02:34:11: [SM] Exception reported: Language phrase "InstaDefuseSuccessful" not found (arg 5)
L 10/15/2021 - 02:34:11: [SM] Blaming: retakes-instadefuse.smx
L 10/15/2021 - 02:34:11: [SM] Call stack trace:
L 10/15/2021 - 02:34:11: [SM]   [0] PrintToChat
L 10/15/2021 - 02:34:11: [SM]   [1] Line 197, plugin.sp::AttemptInstantDefuse
L 10/15/2021 - 02:34:11: [SM]   [2] Line 104, plugin.sp::Event_BombBeginDefusePlusFrame
L 10/15/2021 - 02:34:33: [SM] Exception reported: Language phrase "InstaDefuseSuccessful" not found (arg 5)
L 10/15/2021 - 02:34:33: [SM] Blaming: retakes-instadefuse.smx
L 10/15/2021 - 02:34:33: [SM] Call stack trace:
L 10/15/2021 - 02:34:33: [SM]   [0] PrintToChat
L 10/15/2021 - 02:34:33: [SM]   [1] Line 197, plugin.sp::AttemptInstantDefuse
L 10/15/2021 - 02:34:33: [SM]   [2] Line 104, plugin.sp::Event_BombBeginDefusePlusFrame
L 10/15/2021 - 02:35:37: [SM] Exception reported: Language phrase "InstaDefuseSuccessful" not found (arg 5)
L 10/15/2021 - 02:35:37: [SM] Blaming: retakes-instadefuse.smx
L 10/15/2021 - 02:35:37: [SM] Call stack trace:
L 10/15/2021 - 02:35:37: [SM]   [0] PrintToChat
L 10/15/2021 - 02:35:37: [SM]   [1] Line 197, plugin.sp::AttemptInstantDefuse
L 10/15/2021 - 02:35:37: [SM]   [2] Line 104, plugin.sp::Event_BombBeginDefusePlusFrame
L 10/15/2021 - 02:36:07: [SM] Exception reported: Language phrase "InstaDefuseSuccessful" not found (arg 5)
L 10/15/2021 - 02:36:07: [SM] Blaming: retakes-instadefuse.smx
L 10/15/2021 - 02:36:07: [SM] Call stack trace:
L 10/15/2021 - 02:36:07: [SM]   [0] PrintToChat
L 10/15/2021 - 02:36:07: [SM]   [1] Line 197, plugin.sp::AttemptInstantDefuse
L 10/15/2021 - 02:36:07: [SM]   [2] Line 104, plugin.sp::Event_BombBeginDefusePlusFrame
L 10/15/2021 - 02:36:37: [SM] Exception reported: Language phrase "InstaDefuseSuccessful" not found (arg 5)
L 10/15/2021 - 02:36:37: [SM] Blaming: retakes-instadefuse.smx
L 10/15/2021 - 02:36:37: [SM] Call stack trace:
L 10/15/2021 - 02:36:37: [SM]   [0] PrintToChat
L 10/15/2021 - 02:36:37: [SM]   [1] Line 197, plugin.sp::AttemptInstantDefuse
L 10/15/2021 - 02:36:37: [SM]   [2] Line 104, plugin.sp::Event_BombBeginDefusePlusFrame
L 10/15/2021 - 02:36:53: [SM] Exception reported: Language phrase "InstaDefuseSuccessful" not found (arg 5)
L 10/15/2021 - 02:36:53: [SM] Blaming: retakes-instadefuse.smx
L 10/15/2021 - 02:36:53: [SM] Call stack trace:
L 10/15/2021 - 02:36:54: [SM]   [0] PrintToChat
L 10/15/2021 - 02:36:54: [SM]   [1] Line 197, plugin.sp::AttemptInstantDefuse
L 10/15/2021 - 02:36:54: [SM]   [2] Line 104, plugin.sp::Event_BombBeginDefusePlusFrame
L 10/15/2021 - 02:37:29: [SM] Exception reported: Language phrase "InstaDefuseSuccessful" not found (arg 5)
L 10/15/2021 - 02:37:29: [SM] Blaming: retakes-instadefuse.smx
L 10/15/2021 - 02:37:29: [SM] Call stack trace:
L 10/15/2021 - 02:37:29: [SM]   [0] PrintToChat
L 10/15/2021 - 02:37:29: [SM]   [1] Line 197, plugin.sp::AttemptInstantDefuse
L 10/15/2021 - 02:37:29: [SM]   [2] Line 104, plugin.sp::Event_BombBeginDefusePlusFrame
L 10/15/2021 - 02:37:47: [SM] Exception reported: Language phrase "InstaDefuseSuccessful" not found (arg 5)
L 10/15/2021 - 02:37:47: [SM] Blaming: retakes-instadefuse.smx
L 10/15/2021 - 02:37:47: [SM] Call stack trace:
L 10/15/2021 - 02:37:47: [SM]   [0] PrintToChat
L 10/15/2021 - 02:37:47: [SM]   [1] Line 197, plugin.sp::AttemptInstantDefuse
L 10/15/2021 - 02:37:47: [SM]   [2] Line 104, plugin.sp::Event_BombBeginDefusePlusFrame
L 10/15/2021 - 02:38:23: [SM] Exception reported: Language phrase "InstaDefuseSuccessful" not found (arg 5)
L 10/15/2021 - 02:38:23: [SM] Blaming: retakes-instadefuse.smx
L 10/15/2021 - 02:38:23: [SM] Call stack trace:
L 10/15/2021 - 02:38:23: [SM]   [0] PrintToChat
L 10/15/2021 - 02:38:23: [SM]   [1] Line 197, plugin.sp::AttemptInstantDefuse
L 10/15/2021 - 02:38:23: [SM]   [2] Line 104, plugin.sp::Event_BombBeginDefusePlusFrame
L 10/15/2021 - 02:39:50: [SM] Exception reported: Language phrase "InstaDefuseSuccessful" not found (arg 5)
L 10/15/2021 - 02:39:50: [SM] Blaming: retakes-instadefuse.smx
L 10/15/2021 - 02:39:50: [SM] Call stack trace:
L 10/15/2021 - 02:39:50: [SM]   [0] PrintToChat
L 10/15/2021 - 02:39:50: [SM]   [1] Line 197, plugin.sp::AttemptInstantDefuse
L 10/15/2021 - 02:39:50: [SM]   [2] Line 104, plugin.sp::Event_BombBeginDefusePlusFrame
L 10/15/2021 - 02:40:09: [SM] Exception reported: Language phrase "InstaDefuseSuccessful" not found (arg 5)
L 10/15/2021 - 02:40:10: [SM] Blaming: retakes-instadefuse.smx
L 10/15/2021 - 02:40:10: [SM] Call stack trace:
L 10/15/2021 - 02:40:10: [SM]   [0] PrintToChat
L 10/15/2021 - 02:40:10: [SM]   [1] Line 197, plugin.sp::AttemptInstantDefuse
L 10/15/2021 - 02:40:10: [SM]   [2] Line 104, plugin.sp::Event_BombBeginDefusePlusFrame
L 10/15/2021 - 02:40:45: [SM] Exception reported: Language phrase "InstaDefuseUnsuccessful" not found (arg 5)
L 10/15/2021 - 02:40:45: [SM] Blaming: retakes-instadefuse.smx
L 10/15/2021 - 02:40:45: [SM] Call stack trace:
L 10/15/2021 - 02:40:45: [SM]   [0] PrintToChat
L 10/15/2021 - 02:40:45: [SM]   [1] Line 143, plugin.sp::AttemptInstantDefuse
L 10/15/2021 - 02:40:45: [SM]   [2] Line 104, plugin.sp::Event_BombBeginDefusePlusFrame
L 10/15/2021 - 02:40:45: [SM] Exception reported: Language phrase "InstaDefuseUnsuccessful" not found (arg 5)
L 10/15/2021 - 02:40:45: [SM] Blaming: retakes-instadefuse.smx
L 10/15/2021 - 02:40:45: [SM] Call stack trace:
L 10/15/2021 - 02:40:45: [SM]   [0] PrintToChat
L 10/15/2021 - 02:40:45: [SM]   [1] Line 143, plugin.sp::AttemptInstantDefuse
L 10/15/2021 - 02:40:45: [SM]   [2] Line 104, plugin.sp::Event_BombBeginDefusePlusFrame
L 10/15/2021 - 02:40:45: [SM] Exception reported: Language phrase "InstaDefuseUnsuccessful" not found (arg 5)
L 10/15/2021 - 02:40:45: [SM] Blaming: retakes-instadefuse.smx
L 10/15/2021 - 02:40:45: [SM] Call stack trace:
L 10/15/2021 - 02:40:45: [SM]   [0] PrintToChat
L 10/15/2021 - 02:40:45: [SM]   [1] Line 143, plugin.sp::AttemptInstantDefuse
L 10/15/2021 - 02:40:45: [SM]   [2] Line 104, plugin.sp::Event_BombBeginDefusePlusFrame
L 10/15/2021 - 02:41:01: [SM] Exception reported: Language phrase "InstaDefuseSuccessful" not found (arg 5)
L 10/15/2021 - 02:41:01: [SM] Blaming: retakes-instadefuse.smx
L 10/15/2021 - 02:41:01: [SM] Call stack trace:
L 10/15/2021 - 02:41:01: [SM]   [0] PrintToChat
L 10/15/2021 - 02:41:01: [SM]   [1] Line 197, plugin.sp::AttemptInstantDefuse
L 10/15/2021 - 02:41:01: [SM]   [2] Line 104, plugin.sp::Event_BombBeginDefusePlusFrame
L 10/15/2021 - 02:41:24: [SM] Exception reported: Language phrase "InstaDefuseSuccessful" not found (arg 5)
L 10/15/2021 - 02:41:24: [SM] Blaming: retakes-instadefuse.smx
L 10/15/2021 - 02:41:24: [SM] Call stack trace:
L 10/15/2021 - 02:41:24: [SM]   [0] PrintToChat
L 10/15/2021 - 02:41:24: [SM]   [1] Line 197, plugin.sp::AttemptInstantDefuse
L 10/15/2021 - 02:41:24: [SM]   [2] Line 104, plugin.sp::Event_BombBeginDefusePlusFrame
L 10/15/2021 - 02:41:51: [SM] Exception reported: Language phrase "InstaDefuseSuccessful" not found (arg 5)
L 10/15/2021 - 02:41:51: [SM] Blaming: retakes-instadefuse.smx
L 10/15/2021 - 02:41:51: [SM] Call stack trace:
L 10/15/2021 - 02:41:51: [SM]   [0] PrintToChat
L 10/15/2021 - 02:41:51: [SM]   [1] Line 197, plugin.sp::AttemptInstantDefuse
L 10/15/2021 - 02:41:51: [SM]   [2] Line 104, plugin.sp::Event_BombBeginDefusePlusFrame
L 10/15/2021 - 02:42:09: [SM] Exception reported: Language phrase "InstaDefuseSuccessful" not found (arg 5)
L 10/15/2021 - 02:42:09: [SM] Blaming: retakes-instadefuse.smx
L 10/15/2021 - 02:42:09: [SM] Call stack trace:
L 10/15/2021 - 02:42:09: [SM]   [0] PrintToChat
L 10/15/2021 - 02:42:09: [SM]   [1] Line 197, plugin.sp::AttemptInstantDefuse
L 10/15/2021 - 02:42:09: [SM]   [2] Line 104, plugin.sp::Event_BombBeginDefusePlusFrame
L 10/15/2021 - 02:42:37: [SM] Exception reported: Language phrase "InstaDefuseSuccessful" not found (arg 5)
L 10/15/2021 - 02:42:37: [SM] Blaming: retakes-instadefuse.smx
L 10/15/2021 - 02:42:37: [SM] Call stack trace:
L 10/15/2021 - 02:42:37: [SM]   [0] PrintToChat
L 10/15/2021 - 02:42:37: [SM]   [1] Line 197, plugin.sp::AttemptInstantDefuse
L 10/15/2021 - 02:42:37: [SM]   [2] Line 104, plugin.sp::Event_BombBeginDefusePlusFrame
L 10/15/2021 - 02:43:22: [SM] Exception reported: Language phrase "InstaDefuseSuccessful" not found (arg 5)
L 10/15/2021 - 02:43:22: [SM] Blaming: retakes-instadefuse.smx
L 10/15/2021 - 02:43:22: [SM] Call stack trace:
L 10/15/2021 - 02:43:22: [SM]   [0] PrintToChat
L 10/15/2021 - 02:43:22: [SM]   [1] Line 197, plugin.sp::AttemptInstantDefuse
L 10/15/2021 - 02:43:22: [SM]   [2] Line 104, plugin.sp::Event_BombBeginDefusePlusFrame
L 10/15/2021 - 02:43:41: [SM] Exception reported: Language phrase "InstaDefuseSuccessful" not found (arg 5)
L 10/15/2021 - 02:43:41: [SM] Blaming: retakes-instadefuse.smx
L 10/15/2021 - 02:43:41: [SM] Call stack trace:
L 10/15/2021 - 02:43:41: [SM]   [0] PrintToChat
L 10/15/2021 - 02:43:41: [SM]   [1] Line 197, plugin.sp::AttemptInstantDefuse
L 10/15/2021 - 02:43:41: [SM]   [2] Line 104, plugin.sp::Event_BombBeginDefusePlusFrame
L 10/15/2021 - 02:43:57: [SM] Exception reported: Language phrase "InstaDefuseSuccessful" not found (arg 5)
L 10/15/2021 - 02:43:57: [SM] Blaming: retakes-instadefuse.smx
L 10/15/2021 - 02:43:57: [SM] Call stack trace:
L 10/15/2021 - 02:43:57: [SM]   [0] PrintToChat
L 10/15/2021 - 02:43:57: [SM]   [1] Line 197, plugin.sp::AttemptInstantDefuse
L 10/15/2021 - 02:43:57: [SM]   [2] Line 104, plugin.sp::Event_BombBeginDefusePlusFrame
L 10/15/2021 - 02:44:15: [SM] Exception reported: Language phrase "InstaDefuseSuccessful" not found (arg 5)
L 10/15/2021 - 02:44:15: [SM] Blaming: retakes-instadefuse.smx
L 10/15/2021 - 02:44:15: [SM] Call stack trace:
L 10/15/2021 - 02:44:15: [SM]   [0] PrintToChat
L 10/15/2021 - 02:44:15: [SM]   [1] Line 197, plugin.sp::AttemptInstantDefuse
L 10/15/2021 - 02:44:15: [SM]   [2] Line 104, plugin.sp::Event_BombBeginDefusePlusFrame
L 10/15/2021 - 02:45:10: [SM] Exception reported: Language phrase "InstaDefuseSuccessful" not found (arg 5)
L 10/15/2021 - 02:45:10: [SM] Blaming: retakes-instadefuse.smx
L 10/15/2021 - 02:45:10: [SM] Call stack trace:
L 10/15/2021 - 02:45:10: [SM]   [0] PrintToChat
L 10/15/2021 - 02:45:10: [SM]   [1] Line 197, plugin.sp::AttemptInstantDefuse
L 10/15/2021 - 02:45:10: [SM]   [2] Line 104, plugin.sp::Event_BombBeginDefusePlusFrame
L 10/15/2021 - 02:45:50: [SM] Exception reported: Language phrase "InstaDefuseSuccessful" not found (arg 5)
L 10/15/2021 - 02:45:50: [SM] Blaming: retakes-instadefuse.smx
L 10/15/2021 - 02:45:50: [SM] Call stack trace:
L 10/15/2021 - 02:45:50: [SM]   [0] PrintToChat
L 10/15/2021 - 02:45:50: [SM]   [1] Line 197, plugin.sp::AttemptInstantDefuse
L 10/15/2021 - 02:45:50: [SM]   [2] Line 104, plugin.sp::Event_BombBeginDefusePlusFrame
L 10/15/2021 - 02:46:39: [SM] Exception reported: Language phrase "InstaDefuseSuccessful" not found (arg 5)
L 10/15/2021 - 02:46:39: [SM] Blaming: retakes-instadefuse.smx
L 10/15/2021 - 02:46:39: [SM] Call stack trace:
L 10/15/2021 - 02:46:39: [SM]   [0] PrintToChat
L 10/15/2021 - 02:46:39: [SM]   [1] Line 197, plugin.sp::AttemptInstantDefuse
L 10/15/2021 - 02:46:39: [SM]   [2] Line 104, plugin.sp::Event_BombBeginDefusePlusFrame
L 10/15/2021 - 02:47:05: [SM] Exception reported: Language phrase "InstaDefuseSuccessful" not found (arg 5)
L 10/15/2021 - 02:47:05: [SM] Blaming: retakes-instadefuse.smx
L 10/15/2021 - 02:47:05: [SM] Call stack trace:
L 10/15/2021 - 02:47:05: [SM]   [0] PrintToChat
L 10/15/2021 - 02:47:05: [SM]   [1] Line 197, plugin.sp::AttemptInstantDefuse
L 10/15/2021 - 02:47:05: [SM]   [2] Line 104, plugin.sp::Event_BombBeginDefusePlusFrame
L 10/15/2021 - 02:47:45: [SM] Exception reported: Language phrase "InstaDefuseSuccessful" not found (arg 5)
L 10/15/2021 - 02:47:45: [SM] Blaming: retakes-instadefuse.smx
L 10/15/2021 - 02:47:45: [SM] Call stack trace:
L 10/15/2021 - 02:47:45: [SM]   [0] PrintToChat
L 10/15/2021 - 02:47:45: [SM]   [1] Line 197, plugin.sp::AttemptInstantDefuse
L 10/15/2021 - 02:47:45: [SM]   [2] Line 104, plugin.sp::Event_BombBeginDefusePlusFrame
L 10/15/2021 - 02:48:30: [SM] Exception reported: Language phrase "InstaDefuseSuccessful" not found (arg 5)
L 10/15/2021 - 02:48:30: [SM] Blaming: retakes-instadefuse.smx
L 10/15/2021 - 02:48:30: [SM] Call stack trace:
L 10/15/2021 - 02:48:30: [SM]   [0] PrintToChat
L 10/15/2021 - 02:48:30: [SM]   [1] Line 197, plugin.sp::AttemptInstantDefuse
L 10/15/2021 - 02:48:30: [SM]   [2] Line 104, plugin.sp::Event_BombBeginDefusePlusFrame
L 10/15/2021 - 02:48:48: [SM] Exception reported: Language phrase "InstaDefuseSuccessful" not found (arg 5)
L 10/15/2021 - 02:48:48: [SM] Blaming: retakes-instadefuse.smx
L 10/15/2021 - 02:48:48: [SM] Call stack trace:
L 10/15/2021 - 02:48:48: [SM]   [0] PrintToChat
L 10/15/2021 - 02:48:48: [SM]   [1] Line 197, plugin.sp::AttemptInstantDefuse
L 10/15/2021 - 02:48:48: [SM]   [2] Line 104, plugin.sp::Event_BombBeginDefusePlusFrame
L 10/15/2021 - 02:49:02: [SM] Exception reported: Language phrase "InstaDefuseSuccessful" not found (arg 5)
L 10/15/2021 - 02:49:03: [SM] Blaming: retakes-instadefuse.smx
L 10/15/2021 - 02:49:03: [SM] Call stack trace:
L 10/15/2021 - 02:49:03: [SM]   [0] PrintToChat
L 10/15/2021 - 02:49:03: [SM]   [1] Line 197, plugin.sp::AttemptInstantDefuse
L 10/15/2021 - 02:49:03: [SM]   [2] Line 104, plugin.sp::Event_BombBeginDefusePlusFrame
L 10/15/2021 - 02:50:12: [SM] Exception reported: Language phrase "InstaDefuseSuccessful" not found (arg 5)
L 10/15/2021 - 02:50:12: [SM] Blaming: retakes-instadefuse.smx
L 10/15/2021 - 02:50:12: [SM] Call stack trace:
L 10/15/2021 - 02:50:12: [SM]   [0] PrintToChat
L 10/15/2021 - 02:50:12: [SM]   [1] Line 197, plugin.sp::AttemptInstantDefuse
L 10/15/2021 - 02:50:12: [SM]   [2] Line 104, plugin.sp::Event_BombBeginDefusePlusFrame
L 10/15/2021 - 02:50:30: [SM] Exception reported: Language phrase "InstaDefuseSuccessful" not found (arg 5)
L 10/15/2021 - 02:50:30: [SM] Blaming: retakes-instadefuse.smx
L 10/15/2021 - 02:50:30: [SM] Call stack trace:
L 10/15/2021 - 02:50:30: [SM]   [0] PrintToChat
L 10/15/2021 - 02:50:30: [SM]   [1] Line 197, plugin.sp::AttemptInstantDefuse
L 10/15/2021 - 02:50:30: [SM]   [2] Line 104, plugin.sp::Event_BombBeginDefusePlusFrame
L 10/15/2021 - 02:50:44: [SM] Exception reported: Language phrase "InstaDefuseSuccessful" not found (arg 5)
L 10/15/2021 - 02:50:44: [SM] Blaming: retakes-instadefuse.smx
L 10/15/2021 - 02:50:44: [SM] Call stack trace:
L 10/15/2021 - 02:50:44: [SM]   [0] PrintToChat
L 10/15/2021 - 02:50:44: [SM]   [1] Line 197, plugin.sp::AttemptInstantDefuse
L 10/15/2021 - 02:50:44: [SM]   [2] Line 104, plugin.sp::Event_BombBeginDefusePlusFrame
L 10/15/2021 - 02:51:14: [SM] Exception reported: Language phrase "InstaDefuseSuccessful" not found (arg 5)
L 10/15/2021 - 02:51:14: [SM] Blaming: retakes-instadefuse.smx
L 10/15/2021 - 02:51:14: [SM] Call stack trace:
L 10/15/2021 - 02:51:14: [SM]   [0] PrintToChat
L 10/15/2021 - 02:51:14: [SM]   [1] Line 197, plugin.sp::AttemptInstantDefuse
L 10/15/2021 - 02:51:14: [SM]   [2] Line 104, plugin.sp::Event_BombBeginDefusePlusFrame
L 10/15/2021 - 02:51:29: [SM] Exception reported: Language phrase "InstaDefuseSuccessful" not found (arg 5)
L 10/15/2021 - 02:51:29: [SM] Blaming: retakes-instadefuse.smx
L 10/15/2021 - 02:51:29: [SM] Call stack trace:
L 10/15/2021 - 02:51:29: [SM]   [0] PrintToChat
L 10/15/2021 - 02:51:29: [SM]   [1] Line 197, plugin.sp::AttemptInstantDefuse
L 10/15/2021 - 02:51:29: [SM]   [2] Line 104, plugin.sp::Event_BombBeginDefusePlusFrame
L 10/15/2021 - 02:52:22: [SM] Exception reported: Language phrase "InstaDefuseSuccessful" not found (arg 5)
L 10/15/2021 - 02:52:22: [SM] Blaming: retakes-instadefuse.smx
L 10/15/2021 - 02:52:22: [SM] Call stack trace:
L 10/15/2021 - 02:52:22: [SM]   [0] PrintToChat
L 10/15/2021 - 02:52:22: [SM]   [1] Line 197, plugin.sp::AttemptInstantDefuse
L 10/15/2021 - 02:52:22: [SM]   [2] Line 104, plugin.sp::Event_BombBeginDefusePlusFrame
L 10/15/2021 - 02:52:46: [SM] Exception reported: Language phrase "InstaDefuseSuccessful" not found (arg 5)
L 10/15/2021 - 02:52:46: [SM] Blaming: retakes-instadefuse.smx
L 10/15/2021 - 02:52:46: [SM] Call stack trace:
L 10/15/2021 - 02:52:46: [SM]   [0] PrintToChat
L 10/15/2021 - 02:52:46: [SM]   [1] Line 197, plugin.sp::AttemptInstantDefuse
L 10/15/2021 - 02:52:46: [SM]   [2] Line 104, plugin.sp::Event_BombBeginDefusePlusFrame
L 10/15/2021 - 02:53:01: [SM] Exception reported: Language phrase "InstaDefuseSuccessful" not found (arg 5)
L 10/15/2021 - 02:53:01: [SM] Blaming: retakes-instadefuse.smx
L 10/15/2021 - 02:53:01: [SM] Call stack trace:
L 10/15/2021 - 02:53:01: [SM]   [0] PrintToChat
L 10/15/2021 - 02:53:01: [SM]   [1] Line 197, plugin.sp::AttemptInstantDefuse
L 10/15/2021 - 02:53:01: [SM]   [2] Line 104, plugin.sp::Event_BombBeginDefusePlusFrame
L 10/15/2021 - 02:53:18: [SM] Exception reported: Language phrase "LiveNadeSomewhere" not found (arg 5)
L 10/15/2021 - 02:53:18: [SM] Blaming: retakes-instadefuse.smx
L 10/15/2021 - 02:53:18: [SM] Call stack trace:
L 10/15/2021 - 02:53:18: [SM]   [0] PrintToChat
L 10/15/2021 - 02:53:18: [SM]   [1] Line 168, plugin.sp::AttemptInstantDefuse
L 10/15/2021 - 02:53:18: [SM]   [2] Line 104, plugin.sp::Event_BombBeginDefusePlusFrame
L 10/15/2021 - 02:53:32: [SM] Exception reported: Language phrase "InstaDefuseSuccessful" not found (arg 5)
L 10/15/2021 - 02:53:32: [SM] Blaming: retakes-instadefuse.smx
L 10/15/2021 - 02:53:32: [SM] Call stack trace:
L 10/15/2021 - 02:53:32: [SM]   [0] PrintToChat
L 10/15/2021 - 02:53:32: [SM]   [1] Line 197, plugin.sp::AttemptInstantDefuse
L 10/15/2021 - 02:53:32: [SM]   [2] Line 104, plugin.sp::Event_BombBeginDefusePlusFrame
L 10/15/2021 - 02:54:20: [SM] Exception reported: Language phrase "InstaDefuseSuccessful" not found (arg 5)
L 10/15/2021 - 02:54:20: [SM] Blaming: retakes-instadefuse.smx
L 10/15/2021 - 02:54:20: [SM] Call stack trace:
L 10/15/2021 - 02:54:20: [SM]   [0] PrintToChat
L 10/15/2021 - 02:54:20: [SM]   [1] Line 197, plugin.sp::AttemptInstantDefuse
L 10/15/2021 - 02:54:20: [SM]   [2] Line 104, plugin.sp::Event_BombBeginDefusePlusFrame
L 10/15/2021 - 02:54:53: [SM] Exception reported: Language phrase "InstaDefuseSuccessful" not found (arg 5)
L 10/15/2021 - 02:54:53: [SM] Blaming: retakes-instadefuse.smx
L 10/15/2021 - 02:54:53: [SM] Call stack trace:
L 10/15/2021 - 02:54:53: [SM]   [0] PrintToChat
L 10/15/2021 - 02:54:53: [SM]   [1] Line 197, plugin.sp::AttemptInstantDefuse
L 10/15/2021 - 02:54:53: [SM]   [2] Line 104, plugin.sp::Event_BombBeginDefusePlusFrame
L 10/15/2021 - 02:54:54: [SM] Exception reported: Language phrase "InstaDefuseSuccessful" not found (arg 5)
L 10/15/2021 - 02:54:54: [SM] Blaming: retakes-instadefuse.smx
L 10/15/2021 - 02:54:54: [SM] Call stack trace:
L 10/15/2021 - 02:54:54: [SM]   [0] PrintToChat
L 10/15/2021 - 02:54:54: [SM]   [1] Line 197, plugin.sp::AttemptInstantDefuse
L 10/15/2021 - 02:54:54: [SM]   [2] Line 104, plugin.sp::Event_BombBeginDefusePlusFrame
L 10/15/2021 - 02:55:25: [SM] Exception reported: Language phrase "InstaDefuseSuccessful" not found (arg 5)
L 10/15/2021 - 02:55:25: [SM] Blaming: retakes-instadefuse.smx
L 10/15/2021 - 02:55:25: [SM] Call stack trace:
L 10/15/2021 - 02:55:25: [SM]   [0] PrintToChat
L 10/15/2021 - 02:55:25: [SM]   [1] Line 197, plugin.sp::AttemptInstantDefuse
L 10/15/2021 - 02:55:25: [SM]   [2] Line 104, plugin.sp::Event_BombBeginDefusePlusFrame
L 10/15/2021 - 02:56:21: [SM] Exception reported: Language phrase "InstaDefuseSuccessful" not found (arg 5)
L 10/15/2021 - 02:56:21: [SM] Blaming: retakes-instadefuse.smx
L 10/15/2021 - 02:56:21: [SM] Call stack trace:
L 10/15/2021 - 02:56:22: [SM]   [0] PrintToChat
L 10/15/2021 - 02:56:22: [SM]   [1] Line 197, plugin.sp::AttemptInstantDefuse
L 10/15/2021 - 02:56:22: [SM]   [2] Line 104, plugin.sp::Event_BombBeginDefusePlusFrame
L 10/15/2021 - 02:56:51: [SM] Exception reported: Language phrase "InstaDefuseSuccessful" not found (arg 5)
L 10/15/2021 - 02:56:51: [SM] Blaming: retakes-instadefuse.smx
L 10/15/2021 - 02:56:51: [SM] Call stack trace:
L 10/15/2021 - 02:56:51: [SM]   [0] PrintToChat
L 10/15/2021 - 02:56:51: [SM]   [1] Line 197, plugin.sp::AttemptInstantDefuse
L 10/15/2021 - 02:56:51: [SM]   [2] Line 104, plugin.sp::Event_BombBeginDefusePlusFrame
L 10/15/2021 - 02:57:07: [SM] Exception reported: Language phrase "InstaDefuseSuccessful" not found (arg 5)
L 10/15/2021 - 02:57:07: [SM] Blaming: retakes-instadefuse.smx
L 10/15/2021 - 02:57:07: [SM] Call stack trace:
L 10/15/2021 - 02:57:07: [SM]   [0] PrintToChat
L 10/15/2021 - 02:57:07: [SM]   [1] Line 197, plugin.sp::AttemptInstantDefuse
L 10/15/2021 - 02:57:07: [SM]   [2] Line 104, plugin.sp::Event_BombBeginDefusePlusFrame
L 10/15/2021 - 02:57:26: [SM] Exception reported: Language phrase "InstaDefuseSuccessful" not found (arg 5)
L 10/15/2021 - 02:57:26: [SM] Blaming: retakes-instadefuse.smx
L 10/15/2021 - 02:57:26: [SM] Call stack trace:
L 10/15/2021 - 02:57:26: [SM]   [0] PrintToChat
L 10/15/2021 - 02:57:26: [SM]   [1] Line 197, plugin.sp::AttemptInstantDefuse
L 10/15/2021 - 02:57:26: [SM]   [2] Line 104, plugin.sp::Event_BombBeginDefusePlusFrame
L 10/15/2021 - 02:58:21: [SM] Exception reported: Language phrase "InstaDefuseSuccessful" not found (arg 5)
L 10/15/2021 - 02:58:21: [SM] Blaming: retakes-instadefuse.smx
L 10/15/2021 - 02:58:21: [SM] Call stack trace:
L 10/15/2021 - 02:58:21: [SM]   [0] PrintToChat
L 10/15/2021 - 02:58:21: [SM]   [1] Line 197, plugin.sp::AttemptInstantDefuse
L 10/15/2021 - 02:58:21: [SM]   [2] Line 104, plugin.sp::Event_BombBeginDefusePlusFrame
L 10/15/2021 - 02:59:01: [SM] Exception reported: Language phrase "InstaDefuseSuccessful" not found (arg 5)
L 10/15/2021 - 02:59:01: [SM] Blaming: retakes-instadefuse.smx
L 10/15/2021 - 02:59:01: [SM] Call stack trace:
L 10/15/2021 - 02:59:01: [SM]   [0] PrintToChat
L 10/15/2021 - 02:59:01: [SM]   [1] Line 197, plugin.sp::AttemptInstantDefuse
L 10/15/2021 - 02:59:01: [SM]   [2] Line 104, plugin.sp::Event_BombBeginDefusePlusFrame
L 10/15/2021 - 02:59:43: [SM] Exception reported: Language phrase "InstaDefuseSuccessful" not found (arg 5)
L 10/15/2021 - 02:59:43: [SM] Blaming: retakes-instadefuse.smx
L 10/15/2021 - 02:59:43: [SM] Call stack trace:
L 10/15/2021 - 02:59:43: [SM]   [0] PrintToChat
L 10/15/2021 - 02:59:43: [SM]   [1] Line 197, plugin.sp::AttemptInstantDefuse
L 10/15/2021 - 02:59:43: [SM]   [2] Line 104, plugin.sp::Event_BombBeginDefusePlusFrame
L 10/15/2021 - 03:00:01: [SM] Exception reported: Language phrase "InstaDefuseSuccessful" not found (arg 5)
L 10/15/2021 - 03:00:01: [SM] Blaming: retakes-instadefuse.smx
L 10/15/2021 - 03:00:01: [SM] Call stack trace:
L 10/15/2021 - 03:00:01: [SM]   [0] PrintToChat
L 10/15/2021 - 03:00:01: [SM]   [1] Line 197, plugin.sp::AttemptInstantDefuse
L 10/15/2021 - 03:00:01: [SM]   [2] Line 104, plugin.sp::Event_BombBeginDefusePlusFrame
L 10/15/2021 - 03:00:23: [SM] Exception reported: Language phrase "InstaDefuseSuccessful" not found (arg 5)
L 10/15/2021 - 03:00:23: [SM] Blaming: retakes-instadefuse.smx
L 10/15/2021 - 03:00:23: [SM] Call stack trace:
L 10/15/2021 - 03:00:23: [SM]   [0] PrintToChat
L 10/15/2021 - 03:00:23: [SM]   [1] Line 197, plugin.sp::AttemptInstantDefuse
L 10/15/2021 - 03:00:23: [SM]   [2] Line 104, plugin.sp::Event_BombBeginDefusePlusFrame
L 10/15/2021 - 03:00:42: [SM] Exception reported: Language phrase "InstaDefuseSuccessful" not found (arg 5)
L 10/15/2021 - 03:00:42: [SM] Blaming: retakes-instadefuse.smx
L 10/15/2021 - 03:00:42: [SM] Call stack trace:
L 10/15/2021 - 03:00:42: [SM]   [0] PrintToChat
L 10/15/2021 - 03:00:42: [SM]   [1] Line 197, plugin.sp::AttemptInstantDefuse
L 10/15/2021 - 03:00:42: [SM]   [2] Line 104, plugin.sp::Event_BombBeginDefusePlusFrame
L 10/15/2021 - 03:01:58: [SM] Exception reported: Language phrase "InstaDefuseSuccessful" not found (arg 5)
L 10/15/2021 - 03:01:58: [SM] Blaming: retakes-instadefuse.smx
L 10/15/2021 - 03:01:58: [SM] Call stack trace:
L 10/15/2021 - 03:01:58: [SM]   [0] PrintToChat
L 10/15/2021 - 03:01:58: [SM]   [1] Line 197, plugin.sp::AttemptInstantDefuse
L 10/15/2021 - 03:01:58: [SM]   [2] Line 104, plugin.sp::Event_BombBeginDefusePlusFrame
L 10/15/2021 - 03:02:30: [SM] Exception reported: Language phrase "InstaDefuseSuccessful" not found (arg 5)
L 10/15/2021 - 03:02:30: [SM] Blaming: retakes-instadefuse.smx
L 10/15/2021 - 03:02:30: [SM] Call stack trace:
L 10/15/2021 - 03:02:30: [SM]   [0] PrintToChat
L 10/15/2021 - 03:02:30: [SM]   [1] Line 197, plugin.sp::AttemptInstantDefuse
L 10/15/2021 - 03:02:30: [SM]   [2] Line 104, plugin.sp::Event_BombBeginDefusePlusFrame
L 10/15/2021 - 03:02:50: [SM] Exception reported: Language phrase "InstaDefuseSuccessful" not found (arg 5)
L 10/15/2021 - 03:02:50: [SM] Blaming: retakes-instadefuse.smx
L 10/15/2021 - 03:02:50: [SM] Call stack trace:
L 10/15/2021 - 03:02:50: [SM]   [0] PrintToChat
L 10/15/2021 - 03:02:50: [SM]   [1] Line 197, plugin.sp::AttemptInstantDefuse
L 10/15/2021 - 03:02:50: [SM]   [2] Line 104, plugin.sp::Event_BombBeginDefusePlusFrame
L 10/15/2021 - 03:03:06: [SM] Exception reported: Language phrase "InstaDefuseSuccessful" not found (arg 5)
L 10/15/2021 - 03:03:06: [SM] Blaming: retakes-instadefuse.smx
L 10/15/2021 - 03:03:06: [SM] Call stack trace:
L 10/15/2021 - 03:03:06: [SM]   [0] PrintToChat
L 10/15/2021 - 03:03:06: [SM]   [1] Line 197, plugin.sp::AttemptInstantDefuse
L 10/15/2021 - 03:03:06: [SM]   [2] Line 104, plugin.sp::Event_BombBeginDefusePlusFrame
L 10/15/2021 - 03:03:25: [SM] Exception reported: Language phrase "InstaDefuseSuccessful" not found (arg 5)
L 10/15/2021 - 03:03:25: [SM] Blaming: retakes-instadefuse.smx
L 10/15/2021 - 03:03:25: [SM] Call stack trace:
L 10/15/2021 - 03:03:25: [SM]   [0] PrintToChat
L 10/15/2021 - 03:03:25: [SM]   [1] Line 197, plugin.sp::AttemptInstantDefuse
L 10/15/2021 - 03:03:25: [SM]   [2] Line 104, plugin.sp::Event_BombBeginDefusePlusFrame
L 10/15/2021 - 03:03:44: [SM] Exception reported: Language phrase "InstaDefuseSuccessful" not found (arg 5)
L 10/15/2021 - 03:03:44: [SM] Blaming: retakes-instadefuse.smx
L 10/15/2021 - 03:03:44: [SM] Call stack trace:
L 10/15/2021 - 03:03:44: [SM]   [0] PrintToChat
L 10/15/2021 - 03:03:44: [SM]   [1] Line 197, plugin.sp::AttemptInstantDefuse
L 10/15/2021 - 03:03:44: [SM]   [2] Line 104, plugin.sp::Event_BombBeginDefusePlusFrame
L 10/15/2021 - 03:03:46: [SM] Exception reported: Language phrase "InstaDefuseSuccessful" not found (arg 5)
L 10/15/2021 - 03:03:46: [SM] Blaming: retakes-instadefuse.smx
L 10/15/2021 - 03:03:46: [SM] Call stack trace:
L 10/15/2021 - 03:03:46: [SM]   [0] PrintToChat
L 10/15/2021 - 03:03:46: [SM]   [1] Line 197, plugin.sp::AttemptInstantDefuse
L 10/15/2021 - 03:03:46: [SM]   [2] Line 104, plugin.sp::Event_BombBeginDefusePlusFrame
L 10/15/2021 - 03:04:11: [SM] Exception reported: Language phrase "InstaDefuseSuccessful" not found (arg 5)
L 10/15/2021 - 03:04:11: [SM] Blaming: retakes-instadefuse.smx
L 10/15/2021 - 03:04:11: [SM] Call stack trace:
L 10/15/2021 - 03:04:11: [SM]   [0] PrintToChat
L 10/15/2021 - 03:04:11: [SM]   [1] Line 197, plugin.sp::AttemptInstantDefuse
L 10/15/2021 - 03:04:11: [SM]   [2] Line 104, plugin.sp::Event_BombBeginDefusePlusFrame
L 10/15/2021 - 03:04:27: [SM] Exception reported: Language phrase "InstaDefuseSuccessful" not found (arg 5)
L 10/15/2021 - 03:04:27: [SM] Blaming: retakes-instadefuse.smx
L 10/15/2021 - 03:04:27: [SM] Call stack trace:
L 10/15/2021 - 03:04:27: [SM]   [0] PrintToChat
L 10/15/2021 - 03:04:27: [SM]   [1] Line 197, plugin.sp::AttemptInstantDefuse
L 10/15/2021 - 03:04:27: [SM]   [2] Line 104, plugin.sp::Event_BombBeginDefusePlusFrame
L 10/15/2021 - 03:04:49: [SM] Exception reported: Language phrase "InstaDefuseSuccessful" not found (arg 5)
L 10/15/2021 - 03:04:49: [SM] Blaming: retakes-instadefuse.smx
L 10/15/2021 - 03:04:49: [SM] Call stack trace:
L 10/15/2021 - 03:04:49: [SM]   [0] PrintToChat
L 10/15/2021 - 03:04:49: [SM]   [1] Line 197, plugin.sp::AttemptInstantDefuse
L 10/15/2021 - 03:04:49: [SM]   [2] Line 104, plugin.sp::Event_BombBeginDefusePlusFrame
