L 10/06/2021 - 22:26:01: SourceMod error session started
L 10/06/2021 - 22:26:01: Info (map "de_dust2") (file "E:\retake\csgoserver\csgo\addons\sourcemod\logs\errors_20211006.log")
L 10/06/2021 - 22:26:01: [SM] Unable to load extension "PhysHooks.ext": Could not find patch signature for symbol: Physics_RunThinkFunctions
L 10/06/2021 - 22:26:03: [SM] Exception reported: Failed to create SDKCall for CCSBot::IsAtHidingSpot signature!
L 10/06/2021 - 22:26:03: [SM] Blaming: bot_improver.smx
L 10/06/2021 - 22:26:03: [SM] Call stack trace:
L 10/06/2021 - 22:26:03: [SM]   [0] SetFailState
L 10/06/2021 - 22:26:03: [SM]   [1] Line 116, plugin.sp::OnPluginStart
L 10/06/2021 - 22:26:03: [SM] Unable to load plugin "bot_improver.smx": Error detected in plugin startup (see error logs)
L 10/06/2021 - 22:26:03: [SM] Unable to load plugin "bot_inventory.smx": Native "eItems_AreItemsSynced" was not found
L 10/06/2021 - 22:26:03: [SM] Unable to load plugin "bot_stuff.smx": Could not find required plugin "navmesh"
L 10/06/2021 - 22:26:04: [SM] Unable to load plugin "LagCompensation.smx": Required extension "PhysHooks" file("PhysHooks.ext") not running
L 10/06/2021 - 22:26:05: [SM] Fatal error encountered parsing translation file "ranks_matchmaking.phrases.txt"
L 10/06/2021 - 22:26:05: [SM] Error (line 0, column 0): Stream failed to open
L 10/06/2021 - 22:26:06: [SM] Fatal error encountered parsing translation file "instadefuse.phrases.txt"
L 10/06/2021 - 22:26:06: [SM] Error (line 0, column 0): Stream failed to open
L 10/06/2021 - 22:26:24: [SM] Exception reported: Language phrase "Unranked" not found (arg 5)
L 10/06/2021 - 22:26:24: [SM] Blaming: ranks_matchmaking.smx
L 10/06/2021 - 22:26:24: [SM] Call stack trace:
L 10/06/2021 - 22:26:24: [SM]   [0] FormatEx
L 10/06/2021 - 22:26:24: [SM]   [1] Line 174, ranks_matchmaking.sp::GetRanksNames
L 10/06/2021 - 22:26:24: [SM]   [2] Line 169, ranks_matchmaking.sp::OnMapStart
L 10/06/2021 - 22:26:43: Error log file session closed.
L 10/06/2021 - 22:26:43: SourceMod error session started
L 10/06/2021 - 22:26:43: Info (map "de_dust2") (file "E:\retake\csgoserver\csgo\addons\sourcemod\logs\errors_20211006.log")
L 10/06/2021 - 22:26:43: [SM] Fatal error encountered parsing translation file "ranks_matchmaking.phrases.txt"
L 10/06/2021 - 22:26:43: [SM] Error (line 0, column 0): Stream failed to open
L 10/06/2021 - 22:26:43: [SM] Fatal error encountered parsing translation file "instadefuse.phrases.txt"
L 10/06/2021 - 22:26:43: [SM] Error (line 0, column 0): Stream failed to open
L 10/06/2021 - 22:26:44: [SM] Exception reported: Language phrase "Unranked" not found (arg 5)
L 10/06/2021 - 22:26:44: [SM] Blaming: ranks_matchmaking.smx
L 10/06/2021 - 22:26:44: [SM] Call stack trace:
L 10/06/2021 - 22:26:44: [SM]   [0] FormatEx
L 10/06/2021 - 22:26:44: [SM]   [1] Line 174, ranks_matchmaking.sp::GetRanksNames
L 10/06/2021 - 22:26:44: [SM]   [2] Line 169, ranks_matchmaking.sp::OnMapStart
L 10/06/2021 - 22:30:56: SourceMod error session started
L 10/06/2021 - 22:30:56: Info (map "de_dust2") (file "E:\retake\csgoserver\csgo\addons\sourcemod\logs\errors_20211006.log")
L 10/06/2021 - 22:30:56: [SM] Unable to load extension "PhysHooks.ext": Could not find patch signature for symbol: Physics_RunThinkFunctions
L 10/06/2021 - 22:30:56: [SM] Exception reported: Failed to create SDKCall for CCSBot::IsAtHidingSpot signature!
L 10/06/2021 - 22:30:56: [SM] Blaming: bot_improver.smx
L 10/06/2021 - 22:30:56: [SM] Call stack trace:
L 10/06/2021 - 22:30:56: [SM]   [0] SetFailState
L 10/06/2021 - 22:30:56: [SM]   [1] Line 116, plugin.sp::OnPluginStart
L 10/06/2021 - 22:30:56: [SM] Unable to load plugin "bot_improver.smx": Error detected in plugin startup (see error logs)
L 10/06/2021 - 22:30:56: [SM] Unable to load plugin "bot_inventory.smx": Native "eItems_AreItemsSynced" was not found
L 10/06/2021 - 22:30:56: [SM] Unable to load plugin "bot_stuff.smx": Could not find required plugin "navmesh"
L 10/06/2021 - 22:30:56: [SM] Unable to load plugin "LagCompensation.smx": Required extension "PhysHooks" file("PhysHooks.ext") not running
L 10/06/2021 - 22:30:56: [SM] Fatal error encountered parsing translation file "ranks_matchmaking.phrases.txt"
L 10/06/2021 - 22:30:56: [SM] Error (line 0, column 0): Stream failed to open
L 10/06/2021 - 22:30:56: [SM] Fatal error encountered parsing translation file "instadefuse.phrases.txt"
L 10/06/2021 - 22:30:56: [SM] Error (line 0, column 0): Stream failed to open
L 10/06/2021 - 22:30:59: [SM] Exception reported: Language phrase "Unranked" not found (arg 5)
L 10/06/2021 - 22:30:59: [SM] Blaming: ranks_matchmaking.smx
L 10/06/2021 - 22:30:59: [SM] Call stack trace:
L 10/06/2021 - 22:30:59: [SM]   [0] FormatEx
L 10/06/2021 - 22:30:59: [SM]   [1] Line 174, ranks_matchmaking.sp::GetRanksNames
L 10/06/2021 - 22:30:59: [SM]   [2] Line 169, ranks_matchmaking.sp::OnMapStart
L 10/06/2021 - 22:31:25: Error log file session closed.
L 10/06/2021 - 22:31:25: SourceMod error session started
L 10/06/2021 - 22:31:25: Info (map "de_dust2") (file "E:\retake\csgoserver\csgo\addons\sourcemod\logs\errors_20211006.log")
L 10/06/2021 - 22:31:25: [SM] Fatal error encountered parsing translation file "ranks_matchmaking.phrases.txt"
L 10/06/2021 - 22:31:25: [SM] Error (line 0, column 0): Stream failed to open
L 10/06/2021 - 22:31:25: [SM] Fatal error encountered parsing translation file "instadefuse.phrases.txt"
L 10/06/2021 - 22:31:25: [SM] Error (line 0, column 0): Stream failed to open
L 10/06/2021 - 22:31:26: [SM] Exception reported: Language phrase "Unranked" not found (arg 5)
L 10/06/2021 - 22:31:26: [SM] Blaming: ranks_matchmaking.smx
L 10/06/2021 - 22:31:26: [SM] Call stack trace:
L 10/06/2021 - 22:31:26: [SM]   [0] FormatEx
L 10/06/2021 - 22:31:26: [SM]   [1] Line 174, ranks_matchmaking.sp::GetRanksNames
L 10/06/2021 - 22:31:26: [SM]   [2] Line 169, ranks_matchmaking.sp::OnMapStart
L 10/06/2021 - 22:36:50: Error log file session closed.
L 10/06/2021 - 22:36:50: SourceMod error session started
L 10/06/2021 - 22:36:50: Info (map "de_mirage") (file "E:\retake\csgoserver\csgo\addons\sourcemod\logs\errors_20211006.log")
L 10/06/2021 - 22:36:50: [SM] Fatal error encountered parsing translation file "ranks_matchmaking.phrases.txt"
L 10/06/2021 - 22:36:50: [SM] Error (line 0, column 0): Stream failed to open
L 10/06/2021 - 22:36:50: [SM] Fatal error encountered parsing translation file "instadefuse.phrases.txt"
L 10/06/2021 - 22:36:50: [SM] Error (line 0, column 0): Stream failed to open
L 10/06/2021 - 22:36:53: [SM] Exception reported: Language phrase "Unranked" not found (arg 5)
L 10/06/2021 - 22:36:53: [SM] Blaming: ranks_matchmaking.smx
L 10/06/2021 - 22:36:53: [SM] Call stack trace:
L 10/06/2021 - 22:36:53: [SM]   [0] FormatEx
L 10/06/2021 - 22:36:53: [SM]   [1] Line 174, ranks_matchmaking.sp::GetRanksNames
L 10/06/2021 - 22:36:53: [SM]   [2] Line 169, ranks_matchmaking.sp::OnMapStart
L 10/06/2021 - 22:38:42: [SM] Exception reported: Language phrase "InstaDefuseSuccessful" not found (arg 5)
L 10/06/2021 - 22:38:42: [SM] Blaming: retakes-instadefuse.smx
L 10/06/2021 - 22:38:42: [SM] Call stack trace:
L 10/06/2021 - 22:38:42: [SM]   [0] PrintToChat
L 10/06/2021 - 22:38:42: [SM]   [1] Line 197, plugin.sp::AttemptInstantDefuse
L 10/06/2021 - 22:38:42: [SM]   [2] Line 104, plugin.sp::Event_BombBeginDefusePlusFrame
L 10/06/2021 - 22:39:01: [SM] Exception reported: Language phrase "InstaDefuseSuccessful" not found (arg 5)
L 10/06/2021 - 22:39:01: [SM] Blaming: retakes-instadefuse.smx
L 10/06/2021 - 22:39:01: [SM] Call stack trace:
L 10/06/2021 - 22:39:01: [SM]   [0] PrintToChat
L 10/06/2021 - 22:39:01: [SM]   [1] Line 197, plugin.sp::AttemptInstantDefuse
L 10/06/2021 - 22:39:01: [SM]   [2] Line 104, plugin.sp::Event_BombBeginDefusePlusFrame
L 10/06/2021 - 22:39:19: [SM] Exception reported: Language phrase "InstaDefuseSuccessful" not found (arg 5)
L 10/06/2021 - 22:39:19: [SM] Blaming: retakes-instadefuse.smx
L 10/06/2021 - 22:39:19: [SM] Call stack trace:
L 10/06/2021 - 22:39:19: [SM]   [0] PrintToChat
L 10/06/2021 - 22:39:19: [SM]   [1] Line 197, plugin.sp::AttemptInstantDefuse
L 10/06/2021 - 22:39:19: [SM]   [2] Line 104, plugin.sp::Event_BombBeginDefusePlusFrame
L 10/06/2021 - 22:39:37: [SM] Exception reported: Language phrase "InstaDefuseSuccessful" not found (arg 5)
L 10/06/2021 - 22:39:37: [SM] Blaming: retakes-instadefuse.smx
L 10/06/2021 - 22:39:37: [SM] Call stack trace:
L 10/06/2021 - 22:39:37: [SM]   [0] PrintToChat
L 10/06/2021 - 22:39:37: [SM]   [1] Line 197, plugin.sp::AttemptInstantDefuse
L 10/06/2021 - 22:39:37: [SM]   [2] Line 104, plugin.sp::Event_BombBeginDefusePlusFrame
L 10/06/2021 - 22:39:55: [SM] Exception reported: Language phrase "InstaDefuseSuccessful" not found (arg 5)
L 10/06/2021 - 22:39:55: [SM] Blaming: retakes-instadefuse.smx
L 10/06/2021 - 22:39:55: [SM] Call stack trace:
L 10/06/2021 - 22:39:55: [SM]   [0] PrintToChat
L 10/06/2021 - 22:39:55: [SM]   [1] Line 197, plugin.sp::AttemptInstantDefuse
L 10/06/2021 - 22:39:55: [SM]   [2] Line 104, plugin.sp::Event_BombBeginDefusePlusFrame
L 10/06/2021 - 22:40:15: [SM] Exception reported: Language phrase "InstaDefuseSuccessful" not found (arg 5)
L 10/06/2021 - 22:40:15: [SM] Blaming: retakes-instadefuse.smx
L 10/06/2021 - 22:40:15: [SM] Call stack trace:
L 10/06/2021 - 22:40:15: [SM]   [0] PrintToChat
L 10/06/2021 - 22:40:15: [SM]   [1] Line 197, plugin.sp::AttemptInstantDefuse
L 10/06/2021 - 22:40:15: [SM]   [2] Line 104, plugin.sp::Event_BombBeginDefusePlusFrame
L 10/06/2021 - 22:40:33: [SM] Exception reported: Language phrase "InstaDefuseSuccessful" not found (arg 5)
L 10/06/2021 - 22:40:33: [SM] Blaming: retakes-instadefuse.smx
L 10/06/2021 - 22:40:33: [SM] Call stack trace:
L 10/06/2021 - 22:40:33: [SM]   [0] PrintToChat
L 10/06/2021 - 22:40:33: [SM]   [1] Line 197, plugin.sp::AttemptInstantDefuse
L 10/06/2021 - 22:40:33: [SM]   [2] Line 104, plugin.sp::Event_BombBeginDefusePlusFrame
L 10/06/2021 - 22:41:34: [SM] Exception reported: Language phrase "InstaDefuseSuccessful" not found (arg 5)
L 10/06/2021 - 22:41:34: [SM] Blaming: retakes-instadefuse.smx
L 10/06/2021 - 22:41:34: [SM] Call stack trace:
L 10/06/2021 - 22:41:34: [SM]   [0] PrintToChat
L 10/06/2021 - 22:41:34: [SM]   [1] Line 197, plugin.sp::AttemptInstantDefuse
L 10/06/2021 - 22:41:34: [SM]   [2] Line 104, plugin.sp::Event_BombBeginDefusePlusFrame
L 10/06/2021 - 22:41:59: [SM] Exception reported: Language phrase "InstaDefuseSuccessful" not found (arg 5)
L 10/06/2021 - 22:41:59: [SM] Blaming: retakes-instadefuse.smx
L 10/06/2021 - 22:41:59: [SM] Call stack trace:
L 10/06/2021 - 22:41:59: [SM]   [0] PrintToChat
L 10/06/2021 - 22:41:59: [SM]   [1] Line 197, plugin.sp::AttemptInstantDefuse
L 10/06/2021 - 22:41:59: [SM]   [2] Line 104, plugin.sp::Event_BombBeginDefusePlusFrame
L 10/06/2021 - 22:42:46: [SM] Exception reported: Language phrase "InstaDefuseSuccessful" not found (arg 5)
L 10/06/2021 - 22:42:46: [SM] Blaming: retakes-instadefuse.smx
L 10/06/2021 - 22:42:46: [SM] Call stack trace:
L 10/06/2021 - 22:42:46: [SM]   [0] PrintToChat
L 10/06/2021 - 22:42:46: [SM]   [1] Line 197, plugin.sp::AttemptInstantDefuse
L 10/06/2021 - 22:42:46: [SM]   [2] Line 104, plugin.sp::Event_BombBeginDefusePlusFrame
L 10/06/2021 - 22:43:05: [SM] Exception reported: Language phrase "InstaDefuseSuccessful" not found (arg 5)
L 10/06/2021 - 22:43:05: [SM] Blaming: retakes-instadefuse.smx
L 10/06/2021 - 22:43:05: [SM] Call stack trace:
L 10/06/2021 - 22:43:05: [SM]   [0] PrintToChat
L 10/06/2021 - 22:43:05: [SM]   [1] Line 197, plugin.sp::AttemptInstantDefuse
L 10/06/2021 - 22:43:05: [SM]   [2] Line 104, plugin.sp::Event_BombBeginDefusePlusFrame
L 10/06/2021 - 22:43:29: [SM] Exception reported: Language phrase "InstaDefuseSuccessful" not found (arg 5)
L 10/06/2021 - 22:43:29: [SM] Blaming: retakes-instadefuse.smx
L 10/06/2021 - 22:43:29: [SM] Call stack trace:
L 10/06/2021 - 22:43:29: [SM]   [0] PrintToChat
L 10/06/2021 - 22:43:29: [SM]   [1] Line 197, plugin.sp::AttemptInstantDefuse
L 10/06/2021 - 22:43:29: [SM]   [2] Line 104, plugin.sp::Event_BombBeginDefusePlusFrame
L 10/06/2021 - 22:43:46: [SM] Exception reported: Language phrase "InstaDefuseSuccessful" not found (arg 5)
L 10/06/2021 - 22:43:46: [SM] Blaming: retakes-instadefuse.smx
L 10/06/2021 - 22:43:46: [SM] Call stack trace:
L 10/06/2021 - 22:43:46: [SM]   [0] PrintToChat
L 10/06/2021 - 22:43:46: [SM]   [1] Line 197, plugin.sp::AttemptInstantDefuse
L 10/06/2021 - 22:43:46: [SM]   [2] Line 104, plugin.sp::Event_BombBeginDefusePlusFrame
L 10/06/2021 - 22:44:05: [SM] Exception reported: Language phrase "InstaDefuseSuccessful" not found (arg 5)
L 10/06/2021 - 22:44:05: [SM] Blaming: retakes-instadefuse.smx
L 10/06/2021 - 22:44:05: [SM] Call stack trace:
L 10/06/2021 - 22:44:05: [SM]   [0] PrintToChat
L 10/06/2021 - 22:44:05: [SM]   [1] Line 197, plugin.sp::AttemptInstantDefuse
L 10/06/2021 - 22:44:05: [SM]   [2] Line 104, plugin.sp::Event_BombBeginDefusePlusFrame
L 10/06/2021 - 22:44:19: [SM] Exception reported: Language phrase "InstaDefuseSuccessful" not found (arg 5)
L 10/06/2021 - 22:44:19: [SM] Blaming: retakes-instadefuse.smx
L 10/06/2021 - 22:44:19: [SM] Call stack trace:
L 10/06/2021 - 22:44:19: [SM]   [0] PrintToChat
L 10/06/2021 - 22:44:19: [SM]   [1] Line 197, plugin.sp::AttemptInstantDefuse
L 10/06/2021 - 22:44:19: [SM]   [2] Line 104, plugin.sp::Event_BombBeginDefusePlusFrame
L 10/06/2021 - 22:44:54: [SM] Exception reported: Language phrase "InstaDefuseSuccessful" not found (arg 5)
L 10/06/2021 - 22:44:54: [SM] Blaming: retakes-instadefuse.smx
L 10/06/2021 - 22:44:54: [SM] Call stack trace:
L 10/06/2021 - 22:44:54: [SM]   [0] PrintToChat
L 10/06/2021 - 22:44:54: [SM]   [1] Line 197, plugin.sp::AttemptInstantDefuse
L 10/06/2021 - 22:44:54: [SM]   [2] Line 104, plugin.sp::Event_BombBeginDefusePlusFrame
L 10/06/2021 - 22:45:28: [SM] Exception reported: Language phrase "InstaDefuseSuccessful" not found (arg 5)
L 10/06/2021 - 22:45:28: [SM] Blaming: retakes-instadefuse.smx
L 10/06/2021 - 22:45:28: [SM] Call stack trace:
L 10/06/2021 - 22:45:28: [SM]   [0] PrintToChat
L 10/06/2021 - 22:45:28: [SM]   [1] Line 197, plugin.sp::AttemptInstantDefuse
L 10/06/2021 - 22:45:28: [SM]   [2] Line 104, plugin.sp::Event_BombBeginDefusePlusFrame
L 10/06/2021 - 22:45:51: [SM] Exception reported: Language phrase "InstaDefuseSuccessful" not found (arg 5)
L 10/06/2021 - 22:45:51: [SM] Blaming: retakes-instadefuse.smx
L 10/06/2021 - 22:45:51: [SM] Call stack trace:
L 10/06/2021 - 22:45:51: [SM]   [0] PrintToChat
L 10/06/2021 - 22:45:51: [SM]   [1] Line 197, plugin.sp::AttemptInstantDefuse
L 10/06/2021 - 22:45:51: [SM]   [2] Line 104, plugin.sp::Event_BombBeginDefusePlusFrame
L 10/06/2021 - 22:46:07: [SM] Exception reported: Language phrase "InstaDefuseSuccessful" not found (arg 5)
L 10/06/2021 - 22:46:07: [SM] Blaming: retakes-instadefuse.smx
L 10/06/2021 - 22:46:07: [SM] Call stack trace:
L 10/06/2021 - 22:46:07: [SM]   [0] PrintToChat
L 10/06/2021 - 22:46:07: [SM]   [1] Line 197, plugin.sp::AttemptInstantDefuse
L 10/06/2021 - 22:46:07: [SM]   [2] Line 104, plugin.sp::Event_BombBeginDefusePlusFrame
L 10/06/2021 - 22:47:42: [SM] Exception reported: Language phrase "InstaDefuseSuccessful" not found (arg 5)
L 10/06/2021 - 22:47:42: [SM] Blaming: retakes-instadefuse.smx
L 10/06/2021 - 22:47:42: [SM] Call stack trace:
L 10/06/2021 - 22:47:42: [SM]   [0] PrintToChat
L 10/06/2021 - 22:47:42: [SM]   [1] Line 197, plugin.sp::AttemptInstantDefuse
L 10/06/2021 - 22:47:42: [SM]   [2] Line 104, plugin.sp::Event_BombBeginDefusePlusFrame
L 10/06/2021 - 22:48:04: [SM] Exception reported: Language phrase "InstaDefuseSuccessful" not found (arg 5)
L 10/06/2021 - 22:48:04: [SM] Blaming: retakes-instadefuse.smx
L 10/06/2021 - 22:48:04: [SM] Call stack trace:
L 10/06/2021 - 22:48:04: [SM]   [0] PrintToChat
L 10/06/2021 - 22:48:04: [SM]   [1] Line 197, plugin.sp::AttemptInstantDefuse
L 10/06/2021 - 22:48:04: [SM]   [2] Line 104, plugin.sp::Event_BombBeginDefusePlusFrame
L 10/06/2021 - 22:49:21: [SM] Exception reported: Language phrase "InstaDefuseSuccessful" not found (arg 5)
L 10/06/2021 - 22:49:21: [SM] Blaming: retakes-instadefuse.smx
L 10/06/2021 - 22:49:21: [SM] Call stack trace:
L 10/06/2021 - 22:49:21: [SM]   [0] PrintToChat
L 10/06/2021 - 22:49:21: [SM]   [1] Line 197, plugin.sp::AttemptInstantDefuse
L 10/06/2021 - 22:49:21: [SM]   [2] Line 104, plugin.sp::Event_BombBeginDefusePlusFrame
L 10/06/2021 - 22:49:39: [SM] Exception reported: Language phrase "InstaDefuseSuccessful" not found (arg 5)
L 10/06/2021 - 22:49:39: [SM] Blaming: retakes-instadefuse.smx
L 10/06/2021 - 22:49:39: [SM] Call stack trace:
L 10/06/2021 - 22:49:39: [SM]   [0] PrintToChat
L 10/06/2021 - 22:49:39: [SM]   [1] Line 197, plugin.sp::AttemptInstantDefuse
L 10/06/2021 - 22:49:39: [SM]   [2] Line 104, plugin.sp::Event_BombBeginDefusePlusFrame
L 10/06/2021 - 22:50:22: [SM] Exception reported: Language phrase "InstaDefuseSuccessful" not found (arg 5)
L 10/06/2021 - 22:50:22: [SM] Blaming: retakes-instadefuse.smx
L 10/06/2021 - 22:50:22: [SM] Call stack trace:
L 10/06/2021 - 22:50:22: [SM]   [0] PrintToChat
L 10/06/2021 - 22:50:22: [SM]   [1] Line 197, plugin.sp::AttemptInstantDefuse
L 10/06/2021 - 22:50:22: [SM]   [2] Line 104, plugin.sp::Event_BombBeginDefusePlusFrame
L 10/06/2021 - 22:51:13: [SM] Exception reported: Language phrase "LiveNadeSomewhere" not found (arg 5)
L 10/06/2021 - 22:51:13: [SM] Blaming: retakes-instadefuse.smx
L 10/06/2021 - 22:51:13: [SM] Call stack trace:
L 10/06/2021 - 22:51:13: [SM]   [0] PrintToChat
L 10/06/2021 - 22:51:13: [SM]   [1] Line 168, plugin.sp::AttemptInstantDefuse
L 10/06/2021 - 22:51:13: [SM]   [2] Line 104, plugin.sp::Event_BombBeginDefusePlusFrame
L 10/06/2021 - 22:51:28: [SM] Exception reported: Language phrase "InstaDefuseSuccessful" not found (arg 5)
L 10/06/2021 - 22:51:28: [SM] Blaming: retakes-instadefuse.smx
L 10/06/2021 - 22:51:28: [SM] Call stack trace:
L 10/06/2021 - 22:51:28: [SM]   [0] PrintToChat
L 10/06/2021 - 22:51:28: [SM]   [1] Line 197, plugin.sp::AttemptInstantDefuse
L 10/06/2021 - 22:51:28: [SM]   [2] Line 104, plugin.sp::Event_BombBeginDefusePlusFrame
L 10/06/2021 - 22:51:52: [SM] Exception reported: Language phrase "InstaDefuseSuccessful" not found (arg 5)
L 10/06/2021 - 22:51:52: [SM] Blaming: retakes-instadefuse.smx
L 10/06/2021 - 22:51:52: [SM] Call stack trace:
L 10/06/2021 - 22:51:52: [SM]   [0] PrintToChat
L 10/06/2021 - 22:51:52: [SM]   [1] Line 197, plugin.sp::AttemptInstantDefuse
L 10/06/2021 - 22:51:52: [SM]   [2] Line 104, plugin.sp::Event_BombBeginDefusePlusFrame
L 10/06/2021 - 22:52:21: [SM] Exception reported: Language phrase "InstaDefuseSuccessful" not found (arg 5)
L 10/06/2021 - 22:52:21: [SM] Blaming: retakes-instadefuse.smx
L 10/06/2021 - 22:52:21: [SM] Call stack trace:
L 10/06/2021 - 22:52:21: [SM]   [0] PrintToChat
L 10/06/2021 - 22:52:21: [SM]   [1] Line 197, plugin.sp::AttemptInstantDefuse
L 10/06/2021 - 22:52:21: [SM]   [2] Line 104, plugin.sp::Event_BombBeginDefusePlusFrame
L 10/06/2021 - 22:53:34: [SM] Exception reported: Language phrase "InstaDefuseSuccessful" not found (arg 5)
L 10/06/2021 - 22:53:34: [SM] Blaming: retakes-instadefuse.smx
L 10/06/2021 - 22:53:34: [SM] Call stack trace:
L 10/06/2021 - 22:53:34: [SM]   [0] PrintToChat
L 10/06/2021 - 22:53:34: [SM]   [1] Line 197, plugin.sp::AttemptInstantDefuse
L 10/06/2021 - 22:53:34: [SM]   [2] Line 104, plugin.sp::Event_BombBeginDefusePlusFrame
L 10/06/2021 - 22:54:02: [SM] Exception reported: Language phrase "InstaDefuseSuccessful" not found (arg 5)
L 10/06/2021 - 22:54:02: [SM] Blaming: retakes-instadefuse.smx
L 10/06/2021 - 22:54:02: [SM] Call stack trace:
L 10/06/2021 - 22:54:02: [SM]   [0] PrintToChat
L 10/06/2021 - 22:54:02: [SM]   [1] Line 197, plugin.sp::AttemptInstantDefuse
L 10/06/2021 - 22:54:02: [SM]   [2] Line 104, plugin.sp::Event_BombBeginDefusePlusFrame
L 10/06/2021 - 22:54:20: [SM] Exception reported: Language phrase "InstaDefuseSuccessful" not found (arg 5)
L 10/06/2021 - 22:54:20: [SM] Blaming: retakes-instadefuse.smx
L 10/06/2021 - 22:54:20: [SM] Call stack trace:
L 10/06/2021 - 22:54:20: [SM]   [0] PrintToChat
L 10/06/2021 - 22:54:20: [SM]   [1] Line 197, plugin.sp::AttemptInstantDefuse
L 10/06/2021 - 22:54:20: [SM]   [2] Line 104, plugin.sp::Event_BombBeginDefusePlusFrame
L 10/06/2021 - 22:54:52: [SM] Exception reported: Language phrase "InstaDefuseSuccessful" not found (arg 5)
L 10/06/2021 - 22:54:52: [SM] Blaming: retakes-instadefuse.smx
L 10/06/2021 - 22:54:52: [SM] Call stack trace:
L 10/06/2021 - 22:54:52: [SM]   [0] PrintToChat
L 10/06/2021 - 22:54:52: [SM]   [1] Line 197, plugin.sp::AttemptInstantDefuse
L 10/06/2021 - 22:54:52: [SM]   [2] Line 104, plugin.sp::Event_BombBeginDefusePlusFrame
L 10/06/2021 - 22:55:14: [SM] Exception reported: Language phrase "InstaDefuseSuccessful" not found (arg 5)
L 10/06/2021 - 22:55:14: [SM] Blaming: retakes-instadefuse.smx
L 10/06/2021 - 22:55:14: [SM] Call stack trace:
L 10/06/2021 - 22:55:14: [SM]   [0] PrintToChat
L 10/06/2021 - 22:55:14: [SM]   [1] Line 197, plugin.sp::AttemptInstantDefuse
L 10/06/2021 - 22:55:14: [SM]   [2] Line 104, plugin.sp::Event_BombBeginDefusePlusFrame
L 10/06/2021 - 22:55:40: [SM] Exception reported: Language phrase "InstaDefuseSuccessful" not found (arg 5)
L 10/06/2021 - 22:55:40: [SM] Blaming: retakes-instadefuse.smx
L 10/06/2021 - 22:55:40: [SM] Call stack trace:
L 10/06/2021 - 22:55:40: [SM]   [0] PrintToChat
L 10/06/2021 - 22:55:40: [SM]   [1] Line 197, plugin.sp::AttemptInstantDefuse
L 10/06/2021 - 22:55:40: [SM]   [2] Line 104, plugin.sp::Event_BombBeginDefusePlusFrame
L 10/06/2021 - 22:56:09: [SM] Exception reported: Language phrase "LiveNadeSomewhere" not found (arg 5)
L 10/06/2021 - 22:56:09: [SM] Blaming: retakes-instadefuse.smx
L 10/06/2021 - 22:56:09: [SM] Call stack trace:
L 10/06/2021 - 22:56:09: [SM]   [0] PrintToChat
L 10/06/2021 - 22:56:09: [SM]   [1] Line 168, plugin.sp::AttemptInstantDefuse
L 10/06/2021 - 22:56:09: [SM]   [2] Line 104, plugin.sp::Event_BombBeginDefusePlusFrame
L 10/06/2021 - 22:56:22: [SM] Exception reported: Language phrase "InstaDefuseSuccessful" not found (arg 5)
L 10/06/2021 - 22:56:22: [SM] Blaming: retakes-instadefuse.smx
L 10/06/2021 - 22:56:22: [SM] Call stack trace:
L 10/06/2021 - 22:56:22: [SM]   [0] PrintToChat
L 10/06/2021 - 22:56:22: [SM]   [1] Line 197, plugin.sp::AttemptInstantDefuse
L 10/06/2021 - 22:56:22: [SM]   [2] Line 104, plugin.sp::Event_BombBeginDefusePlusFrame
L 10/06/2021 - 22:56:45: [SM] Exception reported: Language phrase "InstaDefuseSuccessful" not found (arg 5)
L 10/06/2021 - 22:56:45: [SM] Blaming: retakes-instadefuse.smx
L 10/06/2021 - 22:56:45: [SM] Call stack trace:
L 10/06/2021 - 22:56:45: [SM]   [0] PrintToChat
L 10/06/2021 - 22:56:45: [SM]   [1] Line 197, plugin.sp::AttemptInstantDefuse
L 10/06/2021 - 22:56:45: [SM]   [2] Line 104, plugin.sp::Event_BombBeginDefusePlusFrame
L 10/06/2021 - 22:57:08: [SM] Exception reported: Language phrase "InstaDefuseSuccessful" not found (arg 5)
L 10/06/2021 - 22:57:08: [SM] Blaming: retakes-instadefuse.smx
L 10/06/2021 - 22:57:08: [SM] Call stack trace:
L 10/06/2021 - 22:57:08: [SM]   [0] PrintToChat
L 10/06/2021 - 22:57:08: [SM]   [1] Line 197, plugin.sp::AttemptInstantDefuse
L 10/06/2021 - 22:57:08: [SM]   [2] Line 104, plugin.sp::Event_BombBeginDefusePlusFrame
L 10/06/2021 - 22:57:26: [SM] Exception reported: Language phrase "InstaDefuseSuccessful" not found (arg 5)
L 10/06/2021 - 22:57:26: [SM] Blaming: retakes-instadefuse.smx
L 10/06/2021 - 22:57:26: [SM] Call stack trace:
L 10/06/2021 - 22:57:26: [SM]   [0] PrintToChat
L 10/06/2021 - 22:57:26: [SM]   [1] Line 197, plugin.sp::AttemptInstantDefuse
L 10/06/2021 - 22:57:26: [SM]   [2] Line 104, plugin.sp::Event_BombBeginDefusePlusFrame
L 10/06/2021 - 22:58:14: [SM] Exception reported: Language phrase "InstaDefuseSuccessful" not found (arg 5)
L 10/06/2021 - 22:58:14: [SM] Blaming: retakes-instadefuse.smx
L 10/06/2021 - 22:58:14: [SM] Call stack trace:
L 10/06/2021 - 22:58:14: [SM]   [0] PrintToChat
L 10/06/2021 - 22:58:14: [SM]   [1] Line 197, plugin.sp::AttemptInstantDefuse
L 10/06/2021 - 22:58:14: [SM]   [2] Line 104, plugin.sp::Event_BombBeginDefusePlusFrame
L 10/06/2021 - 22:58:16: [SM] Exception reported: Language phrase "InstaDefuseSuccessful" not found (arg 5)
L 10/06/2021 - 22:58:16: [SM] Blaming: retakes-instadefuse.smx
L 10/06/2021 - 22:58:16: [SM] Call stack trace:
L 10/06/2021 - 22:58:16: [SM]   [0] PrintToChat
L 10/06/2021 - 22:58:16: [SM]   [1] Line 197, plugin.sp::AttemptInstantDefuse
L 10/06/2021 - 22:58:16: [SM]   [2] Line 104, plugin.sp::Event_BombBeginDefusePlusFrame
L 10/06/2021 - 22:58:41: [SM] Exception reported: Language phrase "InstaDefuseSuccessful" not found (arg 5)
L 10/06/2021 - 22:58:41: [SM] Blaming: retakes-instadefuse.smx
L 10/06/2021 - 22:58:41: [SM] Call stack trace:
L 10/06/2021 - 22:58:41: [SM]   [0] PrintToChat
L 10/06/2021 - 22:58:41: [SM]   [1] Line 197, plugin.sp::AttemptInstantDefuse
L 10/06/2021 - 22:58:41: [SM]   [2] Line 104, plugin.sp::Event_BombBeginDefusePlusFrame
L 10/06/2021 - 22:58:59: [SM] Exception reported: Language phrase "InstaDefuseSuccessful" not found (arg 5)
L 10/06/2021 - 22:58:59: [SM] Blaming: retakes-instadefuse.smx
L 10/06/2021 - 22:58:59: [SM] Call stack trace:
L 10/06/2021 - 22:58:59: [SM]   [0] PrintToChat
L 10/06/2021 - 22:58:59: [SM]   [1] Line 197, plugin.sp::AttemptInstantDefuse
L 10/06/2021 - 22:58:59: [SM]   [2] Line 104, plugin.sp::Event_BombBeginDefusePlusFrame
L 10/06/2021 - 22:59:16: [SM] Exception reported: Language phrase "InstaDefuseSuccessful" not found (arg 5)
L 10/06/2021 - 22:59:16: [SM] Blaming: retakes-instadefuse.smx
L 10/06/2021 - 22:59:16: [SM] Call stack trace:
L 10/06/2021 - 22:59:16: [SM]   [0] PrintToChat
L 10/06/2021 - 22:59:16: [SM]   [1] Line 197, plugin.sp::AttemptInstantDefuse
L 10/06/2021 - 22:59:16: [SM]   [2] Line 104, plugin.sp::Event_BombBeginDefusePlusFrame
L 10/06/2021 - 22:59:33: [SM] Exception reported: Language phrase "InstaDefuseSuccessful" not found (arg 5)
L 10/06/2021 - 22:59:33: [SM] Blaming: retakes-instadefuse.smx
L 10/06/2021 - 22:59:33: [SM] Call stack trace:
L 10/06/2021 - 22:59:33: [SM]   [0] PrintToChat
L 10/06/2021 - 22:59:33: [SM]   [1] Line 197, plugin.sp::AttemptInstantDefuse
L 10/06/2021 - 22:59:33: [SM]   [2] Line 104, plugin.sp::Event_BombBeginDefusePlusFrame
L 10/06/2021 - 23:00:36: [SM] Exception reported: Language phrase "InstaDefuseSuccessful" not found (arg 5)
L 10/06/2021 - 23:00:36: [SM] Blaming: retakes-instadefuse.smx
L 10/06/2021 - 23:00:36: [SM] Call stack trace:
L 10/06/2021 - 23:00:36: [SM]   [0] PrintToChat
L 10/06/2021 - 23:00:36: [SM]   [1] Line 197, plugin.sp::AttemptInstantDefuse
L 10/06/2021 - 23:00:36: [SM]   [2] Line 104, plugin.sp::Event_BombBeginDefusePlusFrame
L 10/06/2021 - 23:00:54: [SM] Exception reported: Language phrase "InstaDefuseSuccessful" not found (arg 5)
L 10/06/2021 - 23:00:54: [SM] Blaming: retakes-instadefuse.smx
L 10/06/2021 - 23:00:54: [SM] Call stack trace:
L 10/06/2021 - 23:00:54: [SM]   [0] PrintToChat
L 10/06/2021 - 23:00:54: [SM]   [1] Line 197, plugin.sp::AttemptInstantDefuse
L 10/06/2021 - 23:00:54: [SM]   [2] Line 104, plugin.sp::Event_BombBeginDefusePlusFrame
L 10/06/2021 - 23:01:38: [SM] Exception reported: Language phrase "InstaDefuseSuccessful" not found (arg 5)
L 10/06/2021 - 23:01:38: [SM] Blaming: retakes-instadefuse.smx
L 10/06/2021 - 23:01:38: [SM] Call stack trace:
L 10/06/2021 - 23:01:38: [SM]   [0] PrintToChat
L 10/06/2021 - 23:01:38: [SM]   [1] Line 197, plugin.sp::AttemptInstantDefuse
L 10/06/2021 - 23:01:38: [SM]   [2] Line 104, plugin.sp::Event_BombBeginDefusePlusFrame
L 10/06/2021 - 23:01:53: [SM] Exception reported: Language phrase "InstaDefuseSuccessful" not found (arg 5)
L 10/06/2021 - 23:01:53: [SM] Blaming: retakes-instadefuse.smx
L 10/06/2021 - 23:01:53: [SM] Call stack trace:
L 10/06/2021 - 23:01:53: [SM]   [0] PrintToChat
L 10/06/2021 - 23:01:53: [SM]   [1] Line 197, plugin.sp::AttemptInstantDefuse
L 10/06/2021 - 23:01:53: [SM]   [2] Line 104, plugin.sp::Event_BombBeginDefusePlusFrame
L 10/06/2021 - 23:03:31: [SM] Exception reported: Language phrase "InstaDefuseSuccessful" not found (arg 5)
L 10/06/2021 - 23:03:31: [SM] Blaming: retakes-instadefuse.smx
L 10/06/2021 - 23:03:31: [SM] Call stack trace:
L 10/06/2021 - 23:03:31: [SM]   [0] PrintToChat
L 10/06/2021 - 23:03:31: [SM]   [1] Line 197, plugin.sp::AttemptInstantDefuse
L 10/06/2021 - 23:03:31: [SM]   [2] Line 104, plugin.sp::Event_BombBeginDefusePlusFrame
L 10/06/2021 - 23:04:20: [SM] Exception reported: Language phrase "InstaDefuseSuccessful" not found (arg 5)
L 10/06/2021 - 23:04:20: [SM] Blaming: retakes-instadefuse.smx
L 10/06/2021 - 23:04:20: [SM] Call stack trace:
L 10/06/2021 - 23:04:20: [SM]   [0] PrintToChat
L 10/06/2021 - 23:04:20: [SM]   [1] Line 197, plugin.sp::AttemptInstantDefuse
L 10/06/2021 - 23:04:20: [SM]   [2] Line 104, plugin.sp::Event_BombBeginDefusePlusFrame
L 10/06/2021 - 23:05:12: [SM] Exception reported: Language phrase "InstaDefuseSuccessful" not found (arg 5)
L 10/06/2021 - 23:05:12: [SM] Blaming: retakes-instadefuse.smx
L 10/06/2021 - 23:05:12: [SM] Call stack trace:
L 10/06/2021 - 23:05:12: [SM]   [0] PrintToChat
L 10/06/2021 - 23:05:12: [SM]   [1] Line 197, plugin.sp::AttemptInstantDefuse
L 10/06/2021 - 23:05:12: [SM]   [2] Line 104, plugin.sp::Event_BombBeginDefusePlusFrame
L 10/06/2021 - 23:05:34: [SM] Exception reported: Language phrase "InstaDefuseSuccessful" not found (arg 5)
L 10/06/2021 - 23:05:34: [SM] Blaming: retakes-instadefuse.smx
L 10/06/2021 - 23:05:34: [SM] Call stack trace:
L 10/06/2021 - 23:05:34: [SM]   [0] PrintToChat
L 10/06/2021 - 23:05:34: [SM]   [1] Line 197, plugin.sp::AttemptInstantDefuse
L 10/06/2021 - 23:05:34: [SM]   [2] Line 104, plugin.sp::Event_BombBeginDefusePlusFrame
L 10/06/2021 - 23:06:16: [SM] Exception reported: Language phrase "InstaDefuseSuccessful" not found (arg 5)
L 10/06/2021 - 23:06:16: [SM] Blaming: retakes-instadefuse.smx
L 10/06/2021 - 23:06:16: [SM] Call stack trace:
L 10/06/2021 - 23:06:16: [SM]   [0] PrintToChat
L 10/06/2021 - 23:06:16: [SM]   [1] Line 197, plugin.sp::AttemptInstantDefuse
L 10/06/2021 - 23:06:16: [SM]   [2] Line 104, plugin.sp::Event_BombBeginDefusePlusFrame
L 10/06/2021 - 23:09:33: [SM] Exception reported: Language phrase "InstaDefuseUnsuccessful" not found (arg 5)
L 10/06/2021 - 23:09:33: [SM] Blaming: retakes-instadefuse.smx
L 10/06/2021 - 23:09:33: [SM] Call stack trace:
L 10/06/2021 - 23:09:33: [SM]   [0] PrintToChat
L 10/06/2021 - 23:09:33: [SM]   [1] Line 143, plugin.sp::AttemptInstantDefuse
L 10/06/2021 - 23:09:33: [SM]   [2] Line 104, plugin.sp::Event_BombBeginDefusePlusFrame
L 10/06/2021 - 23:09:33: [SM] Exception reported: Language phrase "InstaDefuseUnsuccessful" not found (arg 5)
L 10/06/2021 - 23:09:33: [SM] Blaming: retakes-instadefuse.smx
L 10/06/2021 - 23:09:33: [SM] Call stack trace:
L 10/06/2021 - 23:09:33: [SM]   [0] PrintToChat
L 10/06/2021 - 23:09:33: [SM]   [1] Line 143, plugin.sp::AttemptInstantDefuse
L 10/06/2021 - 23:09:33: [SM]   [2] Line 104, plugin.sp::Event_BombBeginDefusePlusFrame
L 10/06/2021 - 23:09:33: [SM] Exception reported: Language phrase "InstaDefuseUnsuccessful" not found (arg 5)
L 10/06/2021 - 23:09:33: [SM] Blaming: retakes-instadefuse.smx
L 10/06/2021 - 23:09:33: [SM] Call stack trace:
L 10/06/2021 - 23:09:33: [SM]   [0] PrintToChat
L 10/06/2021 - 23:09:33: [SM]   [1] Line 143, plugin.sp::AttemptInstantDefuse
L 10/06/2021 - 23:09:33: [SM]   [2] Line 104, plugin.sp::Event_BombBeginDefusePlusFrame
L 10/06/2021 - 23:09:33: [SM] Exception reported: Language phrase "InstaDefuseUnsuccessful" not found (arg 5)
L 10/06/2021 - 23:09:33: [SM] Blaming: retakes-instadefuse.smx
L 10/06/2021 - 23:09:33: [SM] Call stack trace:
L 10/06/2021 - 23:09:33: [SM]   [0] PrintToChat
L 10/06/2021 - 23:09:33: [SM]   [1] Line 143, plugin.sp::AttemptInstantDefuse
L 10/06/2021 - 23:09:33: [SM]   [2] Line 104, plugin.sp::Event_BombBeginDefusePlusFrame
L 10/06/2021 - 23:09:34: [SM] Exception reported: Language phrase "InstaDefuseUnsuccessful" not found (arg 5)
L 10/06/2021 - 23:09:34: [SM] Blaming: retakes-instadefuse.smx
L 10/06/2021 - 23:09:34: [SM] Call stack trace:
L 10/06/2021 - 23:09:34: [SM]   [0] PrintToChat
L 10/06/2021 - 23:09:34: [SM]   [1] Line 143, plugin.sp::AttemptInstantDefuse
L 10/06/2021 - 23:09:34: [SM]   [2] Line 104, plugin.sp::Event_BombBeginDefusePlusFrame
L 10/06/2021 - 23:09:34: [SM] Exception reported: Language phrase "InstaDefuseUnsuccessful" not found (arg 5)
L 10/06/2021 - 23:09:34: [SM] Blaming: retakes-instadefuse.smx
L 10/06/2021 - 23:09:34: [SM] Call stack trace:
L 10/06/2021 - 23:09:34: [SM]   [0] PrintToChat
L 10/06/2021 - 23:09:34: [SM]   [1] Line 143, plugin.sp::AttemptInstantDefuse
L 10/06/2021 - 23:09:34: [SM]   [2] Line 104, plugin.sp::Event_BombBeginDefusePlusFrame
L 10/06/2021 - 23:09:34: [SM] Exception reported: Language phrase "InstaDefuseUnsuccessful" not found (arg 5)
L 10/06/2021 - 23:09:34: [SM] Blaming: retakes-instadefuse.smx
L 10/06/2021 - 23:09:34: [SM] Call stack trace:
L 10/06/2021 - 23:09:34: [SM]   [0] PrintToChat
L 10/06/2021 - 23:09:34: [SM]   [1] Line 143, plugin.sp::AttemptInstantDefuse
L 10/06/2021 - 23:09:34: [SM]   [2] Line 104, plugin.sp::Event_BombBeginDefusePlusFrame
L 10/06/2021 - 23:10:07: [SM] Exception reported: Language phrase "InstaDefuseSuccessful" not found (arg 5)
L 10/06/2021 - 23:10:07: [SM] Blaming: retakes-instadefuse.smx
L 10/06/2021 - 23:10:07: [SM] Call stack trace:
L 10/06/2021 - 23:10:07: [SM]   [0] PrintToChat
L 10/06/2021 - 23:10:07: [SM]   [1] Line 197, plugin.sp::AttemptInstantDefuse
L 10/06/2021 - 23:10:07: [SM]   [2] Line 104, plugin.sp::Event_BombBeginDefusePlusFrame
L 10/06/2021 - 23:11:28: [SM] Exception reported: Language phrase "InstaDefuseUnsuccessful" not found (arg 5)
L 10/06/2021 - 23:11:28: [SM] Blaming: retakes-instadefuse.smx
L 10/06/2021 - 23:11:28: [SM] Call stack trace:
L 10/06/2021 - 23:11:28: [SM]   [0] PrintToChat
L 10/06/2021 - 23:11:28: [SM]   [1] Line 143, plugin.sp::AttemptInstantDefuse
L 10/06/2021 - 23:11:28: [SM]   [2] Line 104, plugin.sp::Event_BombBeginDefusePlusFrame
L 10/06/2021 - 23:11:28: [SM] Exception reported: Language phrase "InstaDefuseUnsuccessful" not found (arg 5)
L 10/06/2021 - 23:11:28: [SM] Blaming: retakes-instadefuse.smx
L 10/06/2021 - 23:11:28: [SM] Call stack trace:
L 10/06/2021 - 23:11:28: [SM]   [0] PrintToChat
L 10/06/2021 - 23:11:28: [SM]   [1] Line 143, plugin.sp::AttemptInstantDefuse
L 10/06/2021 - 23:11:28: [SM]   [2] Line 104, plugin.sp::Event_BombBeginDefusePlusFrame
L 10/06/2021 - 23:11:29: [SM] Exception reported: Language phrase "InstaDefuseUnsuccessful" not found (arg 5)
L 10/06/2021 - 23:11:29: [SM] Blaming: retakes-instadefuse.smx
L 10/06/2021 - 23:11:29: [SM] Call stack trace:
L 10/06/2021 - 23:11:29: [SM]   [0] PrintToChat
L 10/06/2021 - 23:11:29: [SM]   [1] Line 143, plugin.sp::AttemptInstantDefuse
L 10/06/2021 - 23:11:29: [SM]   [2] Line 104, plugin.sp::Event_BombBeginDefusePlusFrame
L 10/06/2021 - 23:12:12: [SM] Exception reported: Language phrase "InstaDefuseSuccessful" not found (arg 5)
L 10/06/2021 - 23:12:12: [SM] Blaming: retakes-instadefuse.smx
L 10/06/2021 - 23:12:12: [SM] Call stack trace:
L 10/06/2021 - 23:12:12: [SM]   [0] PrintToChat
L 10/06/2021 - 23:12:12: [SM]   [1] Line 197, plugin.sp::AttemptInstantDefuse
L 10/06/2021 - 23:12:12: [SM]   [2] Line 104, plugin.sp::Event_BombBeginDefusePlusFrame
L 10/06/2021 - 23:12:37: [SM] Exception reported: Language phrase "InstaDefuseSuccessful" not found (arg 5)
L 10/06/2021 - 23:12:37: [SM] Blaming: retakes-instadefuse.smx
L 10/06/2021 - 23:12:37: [SM] Call stack trace:
L 10/06/2021 - 23:12:37: [SM]   [0] PrintToChat
L 10/06/2021 - 23:12:37: [SM]   [1] Line 197, plugin.sp::AttemptInstantDefuse
L 10/06/2021 - 23:12:37: [SM]   [2] Line 104, plugin.sp::Event_BombBeginDefusePlusFrame
L 10/06/2021 - 23:13:48: [SM] Exception reported: Language phrase "InstaDefuseSuccessful" not found (arg 5)
L 10/06/2021 - 23:13:48: [SM] Blaming: retakes-instadefuse.smx
L 10/06/2021 - 23:13:48: [SM] Call stack trace:
L 10/06/2021 - 23:13:48: [SM]   [0] PrintToChat
L 10/06/2021 - 23:13:48: [SM]   [1] Line 197, plugin.sp::AttemptInstantDefuse
L 10/06/2021 - 23:13:48: [SM]   [2] Line 104, plugin.sp::Event_BombBeginDefusePlusFrame
L 10/06/2021 - 23:19:12: [SM] Exception reported: Language phrase "InstaDefuseSuccessful" not found (arg 5)
L 10/06/2021 - 23:19:12: [SM] Blaming: retakes-instadefuse.smx
L 10/06/2021 - 23:19:12: [SM] Call stack trace:
L 10/06/2021 - 23:19:12: [SM]   [0] PrintToChat
L 10/06/2021 - 23:19:12: [SM]   [1] Line 197, plugin.sp::AttemptInstantDefuse
L 10/06/2021 - 23:19:12: [SM]   [2] Line 104, plugin.sp::Event_BombBeginDefusePlusFrame
L 10/06/2021 - 23:19:44: [SM] Exception reported: Language phrase "InstaDefuseSuccessful" not found (arg 5)
L 10/06/2021 - 23:19:44: [SM] Blaming: retakes-instadefuse.smx
L 10/06/2021 - 23:19:44: [SM] Call stack trace:
L 10/06/2021 - 23:19:44: [SM]   [0] PrintToChat
L 10/06/2021 - 23:19:44: [SM]   [1] Line 197, plugin.sp::AttemptInstantDefuse
L 10/06/2021 - 23:19:44: [SM]   [2] Line 104, plugin.sp::Event_BombBeginDefusePlusFrame
L 10/06/2021 - 23:20:28: [SM] Exception reported: Language phrase "InstaDefuseSuccessful" not found (arg 5)
L 10/06/2021 - 23:20:28: [SM] Blaming: retakes-instadefuse.smx
L 10/06/2021 - 23:20:28: [SM] Call stack trace:
L 10/06/2021 - 23:20:28: [SM]   [0] PrintToChat
L 10/06/2021 - 23:20:28: [SM]   [1] Line 197, plugin.sp::AttemptInstantDefuse
L 10/06/2021 - 23:20:28: [SM]   [2] Line 104, plugin.sp::Event_BombBeginDefusePlusFrame
L 10/06/2021 - 23:25:29: [SM] Exception reported: Language phrase "InstaDefuseSuccessful" not found (arg 5)
L 10/06/2021 - 23:25:29: [SM] Blaming: retakes-instadefuse.smx
L 10/06/2021 - 23:25:29: [SM] Call stack trace:
L 10/06/2021 - 23:25:29: [SM]   [0] PrintToChat
L 10/06/2021 - 23:25:29: [SM]   [1] Line 197, plugin.sp::AttemptInstantDefuse
L 10/06/2021 - 23:25:29: [SM]   [2] Line 104, plugin.sp::Event_BombBeginDefusePlusFrame
L 10/06/2021 - 23:27:25: [SM] Exception reported: Language phrase "InstaDefuseSuccessful" not found (arg 5)
L 10/06/2021 - 23:27:25: [SM] Blaming: retakes-instadefuse.smx
L 10/06/2021 - 23:27:25: [SM] Call stack trace:
L 10/06/2021 - 23:27:25: [SM]   [0] PrintToChat
L 10/06/2021 - 23:27:25: [SM]   [1] Line 197, plugin.sp::AttemptInstantDefuse
L 10/06/2021 - 23:27:25: [SM]   [2] Line 104, plugin.sp::Event_BombBeginDefusePlusFrame
L 10/06/2021 - 23:28:29: [SM] Exception reported: Language phrase "InstaDefuseSuccessful" not found (arg 5)
L 10/06/2021 - 23:28:29: [SM] Blaming: retakes-instadefuse.smx
L 10/06/2021 - 23:28:29: [SM] Call stack trace:
L 10/06/2021 - 23:28:29: [SM]   [0] PrintToChat
L 10/06/2021 - 23:28:29: [SM]   [1] Line 197, plugin.sp::AttemptInstantDefuse
L 10/06/2021 - 23:28:29: [SM]   [2] Line 104, plugin.sp::Event_BombBeginDefusePlusFrame
L 10/06/2021 - 23:28:30: [SM] Exception reported: Language phrase "InstaDefuseSuccessful" not found (arg 5)
L 10/06/2021 - 23:28:30: [SM] Blaming: retakes-instadefuse.smx
L 10/06/2021 - 23:28:30: [SM] Call stack trace:
L 10/06/2021 - 23:28:30: [SM]   [0] PrintToChat
L 10/06/2021 - 23:28:30: [SM]   [1] Line 197, plugin.sp::AttemptInstantDefuse
L 10/06/2021 - 23:28:30: [SM]   [2] Line 104, plugin.sp::Event_BombBeginDefusePlusFrame
L 10/06/2021 - 23:28:31: [SM] Exception reported: Language phrase "InstaDefuseSuccessful" not found (arg 5)
L 10/06/2021 - 23:28:31: [SM] Blaming: retakes-instadefuse.smx
L 10/06/2021 - 23:28:31: [SM] Call stack trace:
L 10/06/2021 - 23:28:31: [SM]   [0] PrintToChat
L 10/06/2021 - 23:28:31: [SM]   [1] Line 197, plugin.sp::AttemptInstantDefuse
L 10/06/2021 - 23:28:31: [SM]   [2] Line 104, plugin.sp::Event_BombBeginDefusePlusFrame
L 10/06/2021 - 23:29:51: [SM] Exception reported: Language phrase "LiveNadeSomewhere" not found (arg 5)
L 10/06/2021 - 23:29:51: [SM] Blaming: retakes-instadefuse.smx
L 10/06/2021 - 23:29:51: [SM] Call stack trace:
L 10/06/2021 - 23:29:51: [SM]   [0] PrintToChat
L 10/06/2021 - 23:29:51: [SM]   [1] Line 168, plugin.sp::AttemptInstantDefuse
L 10/06/2021 - 23:29:51: [SM]   [2] Line 104, plugin.sp::Event_BombBeginDefusePlusFrame
L 10/06/2021 - 23:31:02: [SM] Exception reported: Language phrase "InstaDefuseSuccessful" not found (arg 5)
L 10/06/2021 - 23:31:02: [SM] Blaming: retakes-instadefuse.smx
L 10/06/2021 - 23:31:02: [SM] Call stack trace:
L 10/06/2021 - 23:31:03: [SM]   [0] PrintToChat
L 10/06/2021 - 23:31:03: [SM]   [1] Line 197, plugin.sp::AttemptInstantDefuse
L 10/06/2021 - 23:31:03: [SM]   [2] Line 104, plugin.sp::Event_BombBeginDefusePlusFrame
L 10/06/2021 - 23:32:23: [SM] Exception reported: Language phrase "InstaDefuseSuccessful" not found (arg 5)
L 10/06/2021 - 23:32:23: [SM] Blaming: retakes-instadefuse.smx
L 10/06/2021 - 23:32:23: [SM] Call stack trace:
L 10/06/2021 - 23:32:23: [SM]   [0] PrintToChat
L 10/06/2021 - 23:32:23: [SM]   [1] Line 197, plugin.sp::AttemptInstantDefuse
L 10/06/2021 - 23:32:23: [SM]   [2] Line 104, plugin.sp::Event_BombBeginDefusePlusFrame
L 10/06/2021 - 23:32:40: [SM] Exception reported: Language phrase "InstaDefuseSuccessful" not found (arg 5)
L 10/06/2021 - 23:32:40: [SM] Blaming: retakes-instadefuse.smx
L 10/06/2021 - 23:32:40: [SM] Call stack trace:
L 10/06/2021 - 23:32:40: [SM]   [0] PrintToChat
L 10/06/2021 - 23:32:40: [SM]   [1] Line 197, plugin.sp::AttemptInstantDefuse
L 10/06/2021 - 23:32:40: [SM]   [2] Line 104, plugin.sp::Event_BombBeginDefusePlusFrame
L 10/06/2021 - 23:33:49: [SM] Exception reported: Language phrase "InstaDefuseSuccessful" not found (arg 5)
L 10/06/2021 - 23:33:49: [SM] Blaming: retakes-instadefuse.smx
L 10/06/2021 - 23:33:49: [SM] Call stack trace:
L 10/06/2021 - 23:33:49: [SM]   [0] PrintToChat
L 10/06/2021 - 23:33:49: [SM]   [1] Line 197, plugin.sp::AttemptInstantDefuse
L 10/06/2021 - 23:33:49: [SM]   [2] Line 104, plugin.sp::Event_BombBeginDefusePlusFrame
L 10/06/2021 - 23:34:13: [SM] Exception reported: Language phrase "InstaDefuseSuccessful" not found (arg 5)
L 10/06/2021 - 23:34:13: [SM] Blaming: retakes-instadefuse.smx
L 10/06/2021 - 23:34:13: [SM] Call stack trace:
L 10/06/2021 - 23:34:13: [SM]   [0] PrintToChat
L 10/06/2021 - 23:34:13: [SM]   [1] Line 197, plugin.sp::AttemptInstantDefuse
L 10/06/2021 - 23:34:13: [SM]   [2] Line 104, plugin.sp::Event_BombBeginDefusePlusFrame
L 10/06/2021 - 23:34:41: [SM] Exception reported: Language phrase "InstaDefuseSuccessful" not found (arg 5)
L 10/06/2021 - 23:34:41: [SM] Blaming: retakes-instadefuse.smx
L 10/06/2021 - 23:34:41: [SM] Call stack trace:
L 10/06/2021 - 23:34:41: [SM]   [0] PrintToChat
L 10/06/2021 - 23:34:41: [SM]   [1] Line 197, plugin.sp::AttemptInstantDefuse
L 10/06/2021 - 23:34:41: [SM]   [2] Line 104, plugin.sp::Event_BombBeginDefusePlusFrame
L 10/06/2021 - 23:35:19: [SM] Exception reported: Language phrase "InstaDefuseUnsuccessful" not found (arg 5)
L 10/06/2021 - 23:35:19: [SM] Blaming: retakes-instadefuse.smx
L 10/06/2021 - 23:35:19: [SM] Call stack trace:
L 10/06/2021 - 23:35:19: [SM]   [0] PrintToChat
L 10/06/2021 - 23:35:20: [SM]   [1] Line 143, plugin.sp::AttemptInstantDefuse
L 10/06/2021 - 23:35:20: [SM]   [2] Line 104, plugin.sp::Event_BombBeginDefusePlusFrame
L 10/06/2021 - 23:35:20: [SM] Exception reported: Language phrase "InstaDefuseUnsuccessful" not found (arg 5)
L 10/06/2021 - 23:35:20: [SM] Blaming: retakes-instadefuse.smx
L 10/06/2021 - 23:35:20: [SM] Call stack trace:
L 10/06/2021 - 23:35:20: [SM]   [0] PrintToChat
L 10/06/2021 - 23:35:20: [SM]   [1] Line 143, plugin.sp::AttemptInstantDefuse
L 10/06/2021 - 23:35:20: [SM]   [2] Line 104, plugin.sp::Event_BombBeginDefusePlusFrame
L 10/06/2021 - 23:35:20: [SM] Exception reported: Language phrase "InstaDefuseUnsuccessful" not found (arg 5)
L 10/06/2021 - 23:35:20: [SM] Blaming: retakes-instadefuse.smx
L 10/06/2021 - 23:35:20: [SM] Call stack trace:
L 10/06/2021 - 23:35:20: [SM]   [0] PrintToChat
L 10/06/2021 - 23:35:20: [SM]   [1] Line 143, plugin.sp::AttemptInstantDefuse
L 10/06/2021 - 23:35:20: [SM]   [2] Line 104, plugin.sp::Event_BombBeginDefusePlusFrame
L 10/06/2021 - 23:35:20: [SM] Exception reported: Language phrase "InstaDefuseUnsuccessful" not found (arg 5)
L 10/06/2021 - 23:35:20: [SM] Blaming: retakes-instadefuse.smx
L 10/06/2021 - 23:35:20: [SM] Call stack trace:
L 10/06/2021 - 23:35:20: [SM]   [0] PrintToChat
L 10/06/2021 - 23:35:20: [SM]   [1] Line 143, plugin.sp::AttemptInstantDefuse
L 10/06/2021 - 23:35:20: [SM]   [2] Line 104, plugin.sp::Event_BombBeginDefusePlusFrame
L 10/06/2021 - 23:35:20: [SM] Exception reported: Language phrase "InstaDefuseUnsuccessful" not found (arg 5)
L 10/06/2021 - 23:35:20: [SM] Blaming: retakes-instadefuse.smx
L 10/06/2021 - 23:35:20: [SM] Call stack trace:
L 10/06/2021 - 23:35:20: [SM]   [0] PrintToChat
L 10/06/2021 - 23:35:20: [SM]   [1] Line 143, plugin.sp::AttemptInstantDefuse
L 10/06/2021 - 23:35:20: [SM]   [2] Line 104, plugin.sp::Event_BombBeginDefusePlusFrame
L 10/06/2021 - 23:35:21: [SM] Exception reported: Language phrase "InstaDefuseUnsuccessful" not found (arg 5)
L 10/06/2021 - 23:35:21: [SM] Blaming: retakes-instadefuse.smx
L 10/06/2021 - 23:35:21: [SM] Call stack trace:
L 10/06/2021 - 23:35:21: [SM]   [0] PrintToChat
L 10/06/2021 - 23:35:21: [SM]   [1] Line 143, plugin.sp::AttemptInstantDefuse
L 10/06/2021 - 23:35:21: [SM]   [2] Line 104, plugin.sp::Event_BombBeginDefusePlusFrame
L 10/06/2021 - 23:35:21: [SM] Exception reported: Language phrase "InstaDefuseUnsuccessful" not found (arg 5)
L 10/06/2021 - 23:35:21: [SM] Blaming: retakes-instadefuse.smx
L 10/06/2021 - 23:35:21: [SM] Call stack trace:
L 10/06/2021 - 23:35:21: [SM]   [0] PrintToChat
L 10/06/2021 - 23:35:21: [SM]   [1] Line 143, plugin.sp::AttemptInstantDefuse
L 10/06/2021 - 23:35:21: [SM]   [2] Line 104, plugin.sp::Event_BombBeginDefusePlusFrame
L 10/06/2021 - 23:35:50: [SM] Exception reported: Language phrase "InstaDefuseSuccessful" not found (arg 5)
L 10/06/2021 - 23:35:50: [SM] Blaming: retakes-instadefuse.smx
L 10/06/2021 - 23:35:50: [SM] Call stack trace:
L 10/06/2021 - 23:35:50: [SM]   [0] PrintToChat
L 10/06/2021 - 23:35:50: [SM]   [1] Line 197, plugin.sp::AttemptInstantDefuse
L 10/06/2021 - 23:35:50: [SM]   [2] Line 104, plugin.sp::Event_BombBeginDefusePlusFrame
L 10/06/2021 - 23:36:28: [SM] Exception reported: Language phrase "InstaDefuseSuccessful" not found (arg 5)
L 10/06/2021 - 23:36:28: [SM] Blaming: retakes-instadefuse.smx
L 10/06/2021 - 23:36:29: [SM] Call stack trace:
L 10/06/2021 - 23:36:29: [SM]   [0] PrintToChat
L 10/06/2021 - 23:36:29: [SM]   [1] Line 197, plugin.sp::AttemptInstantDefuse
L 10/06/2021 - 23:36:29: [SM]   [2] Line 104, plugin.sp::Event_BombBeginDefusePlusFrame
L 10/06/2021 - 23:38:33: [SM] Exception reported: Language phrase "InstaDefuseSuccessful" not found (arg 5)
L 10/06/2021 - 23:38:33: [SM] Blaming: retakes-instadefuse.smx
L 10/06/2021 - 23:38:33: [SM] Call stack trace:
L 10/06/2021 - 23:38:33: [SM]   [0] PrintToChat
L 10/06/2021 - 23:38:33: [SM]   [1] Line 197, plugin.sp::AttemptInstantDefuse
L 10/06/2021 - 23:38:33: [SM]   [2] Line 104, plugin.sp::Event_BombBeginDefusePlusFrame
L 10/06/2021 - 23:39:16: [SM] Exception reported: Language phrase "InstaDefuseSuccessful" not found (arg 5)
L 10/06/2021 - 23:39:16: [SM] Blaming: retakes-instadefuse.smx
L 10/06/2021 - 23:39:16: [SM] Call stack trace:
L 10/06/2021 - 23:39:16: [SM]   [0] PrintToChat
L 10/06/2021 - 23:39:16: [SM]   [1] Line 197, plugin.sp::AttemptInstantDefuse
L 10/06/2021 - 23:39:16: [SM]   [2] Line 104, plugin.sp::Event_BombBeginDefusePlusFrame
L 10/06/2021 - 23:39:47: [SM] Exception reported: Language phrase "InstaDefuseSuccessful" not found (arg 5)
L 10/06/2021 - 23:39:47: [SM] Blaming: retakes-instadefuse.smx
L 10/06/2021 - 23:39:47: [SM] Call stack trace:
L 10/06/2021 - 23:39:47: [SM]   [0] PrintToChat
L 10/06/2021 - 23:39:47: [SM]   [1] Line 197, plugin.sp::AttemptInstantDefuse
L 10/06/2021 - 23:39:47: [SM]   [2] Line 104, plugin.sp::Event_BombBeginDefusePlusFrame
L 10/06/2021 - 23:40:45: [SM] Exception reported: Language phrase "InstaDefuseSuccessful" not found (arg 5)
L 10/06/2021 - 23:40:45: [SM] Blaming: retakes-instadefuse.smx
L 10/06/2021 - 23:40:45: [SM] Call stack trace:
L 10/06/2021 - 23:40:45: [SM]   [0] PrintToChat
L 10/06/2021 - 23:40:45: [SM]   [1] Line 197, plugin.sp::AttemptInstantDefuse
L 10/06/2021 - 23:40:45: [SM]   [2] Line 104, plugin.sp::Event_BombBeginDefusePlusFrame
L 10/06/2021 - 23:41:17: [SM] Exception reported: Language phrase "InstaDefuseSuccessful" not found (arg 5)
L 10/06/2021 - 23:41:17: [SM] Blaming: retakes-instadefuse.smx
L 10/06/2021 - 23:41:17: [SM] Call stack trace:
L 10/06/2021 - 23:41:17: [SM]   [0] PrintToChat
L 10/06/2021 - 23:41:17: [SM]   [1] Line 197, plugin.sp::AttemptInstantDefuse
L 10/06/2021 - 23:41:17: [SM]   [2] Line 104, plugin.sp::Event_BombBeginDefusePlusFrame
L 10/06/2021 - 23:43:47: [SM] Exception reported: Language phrase "InstaDefuseSuccessful" not found (arg 5)
L 10/06/2021 - 23:43:47: [SM] Blaming: retakes-instadefuse.smx
L 10/06/2021 - 23:43:47: [SM] Call stack trace:
L 10/06/2021 - 23:43:47: [SM]   [0] PrintToChat
L 10/06/2021 - 23:43:47: [SM]   [1] Line 197, plugin.sp::AttemptInstantDefuse
L 10/06/2021 - 23:43:47: [SM]   [2] Line 104, plugin.sp::Event_BombBeginDefusePlusFrame
L 10/06/2021 - 23:45:47: [SM] Exception reported: Language phrase "LiveNadeSomewhere" not found (arg 5)
L 10/06/2021 - 23:45:47: [SM] Blaming: retakes-instadefuse.smx
L 10/06/2021 - 23:45:47: [SM] Call stack trace:
L 10/06/2021 - 23:45:47: [SM]   [0] PrintToChat
L 10/06/2021 - 23:45:47: [SM]   [1] Line 168, plugin.sp::AttemptInstantDefuse
L 10/06/2021 - 23:45:47: [SM]   [2] Line 104, plugin.sp::Event_BombBeginDefusePlusFrame
L 10/06/2021 - 23:46:12: [SM] Exception reported: Language phrase "InstaDefuseSuccessful" not found (arg 5)
L 10/06/2021 - 23:46:12: [SM] Blaming: retakes-instadefuse.smx
L 10/06/2021 - 23:46:12: [SM] Call stack trace:
L 10/06/2021 - 23:46:12: [SM]   [0] PrintToChat
L 10/06/2021 - 23:46:12: [SM]   [1] Line 197, plugin.sp::AttemptInstantDefuse
L 10/06/2021 - 23:46:12: [SM]   [2] Line 104, plugin.sp::Event_BombBeginDefusePlusFrame
L 10/06/2021 - 23:46:14: [SM] Exception reported: Language phrase "InstaDefuseSuccessful" not found (arg 5)
L 10/06/2021 - 23:46:14: [SM] Blaming: retakes-instadefuse.smx
L 10/06/2021 - 23:46:14: [SM] Call stack trace:
L 10/06/2021 - 23:46:14: [SM]   [0] PrintToChat
L 10/06/2021 - 23:46:14: [SM]   [1] Line 197, plugin.sp::AttemptInstantDefuse
L 10/06/2021 - 23:46:14: [SM]   [2] Line 104, plugin.sp::Event_BombBeginDefusePlusFrame
L 10/06/2021 - 23:46:48: [SM] Exception reported: Language phrase "InstaDefuseSuccessful" not found (arg 5)
L 10/06/2021 - 23:46:48: [SM] Blaming: retakes-instadefuse.smx
L 10/06/2021 - 23:46:48: [SM] Call stack trace:
L 10/06/2021 - 23:46:48: [SM]   [0] PrintToChat
L 10/06/2021 - 23:46:48: [SM]   [1] Line 197, plugin.sp::AttemptInstantDefuse
L 10/06/2021 - 23:46:48: [SM]   [2] Line 104, plugin.sp::Event_BombBeginDefusePlusFrame
L 10/06/2021 - 23:47:05: [SM] Exception reported: Language phrase "InstaDefuseSuccessful" not found (arg 5)
L 10/06/2021 - 23:47:05: [SM] Blaming: retakes-instadefuse.smx
L 10/06/2021 - 23:47:05: [SM] Call stack trace:
L 10/06/2021 - 23:47:05: [SM]   [0] PrintToChat
L 10/06/2021 - 23:47:05: [SM]   [1] Line 197, plugin.sp::AttemptInstantDefuse
L 10/06/2021 - 23:47:05: [SM]   [2] Line 104, plugin.sp::Event_BombBeginDefusePlusFrame
L 10/06/2021 - 23:47:21: [SM] Exception reported: Language phrase "InstaDefuseSuccessful" not found (arg 5)
L 10/06/2021 - 23:47:21: [SM] Blaming: retakes-instadefuse.smx
L 10/06/2021 - 23:47:21: [SM] Call stack trace:
L 10/06/2021 - 23:47:21: [SM]   [0] PrintToChat
L 10/06/2021 - 23:47:21: [SM]   [1] Line 197, plugin.sp::AttemptInstantDefuse
L 10/06/2021 - 23:47:21: [SM]   [2] Line 104, plugin.sp::Event_BombBeginDefusePlusFrame
L 10/06/2021 - 23:48:08: [SM] Exception reported: Language phrase "InstaDefuseSuccessful" not found (arg 5)
L 10/06/2021 - 23:48:08: [SM] Blaming: retakes-instadefuse.smx
L 10/06/2021 - 23:48:08: [SM] Call stack trace:
L 10/06/2021 - 23:48:08: [SM]   [0] PrintToChat
L 10/06/2021 - 23:48:08: [SM]   [1] Line 197, plugin.sp::AttemptInstantDefuse
L 10/06/2021 - 23:48:08: [SM]   [2] Line 104, plugin.sp::Event_BombBeginDefusePlusFrame
L 10/06/2021 - 23:48:09: [SM] Exception reported: Language phrase "InstaDefuseSuccessful" not found (arg 5)
L 10/06/2021 - 23:48:09: [SM] Blaming: retakes-instadefuse.smx
L 10/06/2021 - 23:48:09: [SM] Call stack trace:
L 10/06/2021 - 23:48:09: [SM]   [0] PrintToChat
L 10/06/2021 - 23:48:09: [SM]   [1] Line 197, plugin.sp::AttemptInstantDefuse
L 10/06/2021 - 23:48:09: [SM]   [2] Line 104, plugin.sp::Event_BombBeginDefusePlusFrame
L 10/06/2021 - 23:49:10: [SM] Exception reported: Language phrase "LiveNadeSomewhere" not found (arg 5)
L 10/06/2021 - 23:49:10: [SM] Blaming: retakes-instadefuse.smx
L 10/06/2021 - 23:49:10: [SM] Call stack trace:
L 10/06/2021 - 23:49:10: [SM]   [0] PrintToChat
L 10/06/2021 - 23:49:10: [SM]   [1] Line 168, plugin.sp::AttemptInstantDefuse
L 10/06/2021 - 23:49:10: [SM]   [2] Line 104, plugin.sp::Event_BombBeginDefusePlusFrame
L 10/06/2021 - 23:49:31: [SM] Exception reported: Language phrase "InstaDefuseSuccessful" not found (arg 5)
L 10/06/2021 - 23:49:31: [SM] Blaming: retakes-instadefuse.smx
L 10/06/2021 - 23:49:31: [SM] Call stack trace:
L 10/06/2021 - 23:49:31: [SM]   [0] PrintToChat
L 10/06/2021 - 23:49:31: [SM]   [1] Line 197, plugin.sp::AttemptInstantDefuse
L 10/06/2021 - 23:49:31: [SM]   [2] Line 104, plugin.sp::Event_BombBeginDefusePlusFrame
L 10/06/2021 - 23:49:56: [SM] Exception reported: Language phrase "InstaDefuseSuccessful" not found (arg 5)
L 10/06/2021 - 23:49:56: [SM] Blaming: retakes-instadefuse.smx
L 10/06/2021 - 23:49:56: [SM] Call stack trace:
L 10/06/2021 - 23:49:56: [SM]   [0] PrintToChat
L 10/06/2021 - 23:49:56: [SM]   [1] Line 197, plugin.sp::AttemptInstantDefuse
L 10/06/2021 - 23:49:56: [SM]   [2] Line 104, plugin.sp::Event_BombBeginDefusePlusFrame
L 10/06/2021 - 23:50:14: [SM] Exception reported: Language phrase "InstaDefuseSuccessful" not found (arg 5)
L 10/06/2021 - 23:50:14: [SM] Blaming: retakes-instadefuse.smx
L 10/06/2021 - 23:50:14: [SM] Call stack trace:
L 10/06/2021 - 23:50:14: [SM]   [0] PrintToChat
L 10/06/2021 - 23:50:14: [SM]   [1] Line 197, plugin.sp::AttemptInstantDefuse
L 10/06/2021 - 23:50:14: [SM]   [2] Line 104, plugin.sp::Event_BombBeginDefusePlusFrame
L 10/06/2021 - 23:50:36: [SM] Exception reported: Language phrase "InstaDefuseSuccessful" not found (arg 5)
L 10/06/2021 - 23:50:36: [SM] Blaming: retakes-instadefuse.smx
L 10/06/2021 - 23:50:36: [SM] Call stack trace:
L 10/06/2021 - 23:50:36: [SM]   [0] PrintToChat
L 10/06/2021 - 23:50:36: [SM]   [1] Line 197, plugin.sp::AttemptInstantDefuse
L 10/06/2021 - 23:50:36: [SM]   [2] Line 104, plugin.sp::Event_BombBeginDefusePlusFrame
L 10/06/2021 - 23:50:37: [SM] Exception reported: Language phrase "InstaDefuseSuccessful" not found (arg 5)
L 10/06/2021 - 23:50:37: [SM] Blaming: retakes-instadefuse.smx
L 10/06/2021 - 23:50:37: [SM] Call stack trace:
L 10/06/2021 - 23:50:37: [SM]   [0] PrintToChat
L 10/06/2021 - 23:50:37: [SM]   [1] Line 197, plugin.sp::AttemptInstantDefuse
L 10/06/2021 - 23:50:37: [SM]   [2] Line 104, plugin.sp::Event_BombBeginDefusePlusFrame
L 10/06/2021 - 23:51:06: [SM] Exception reported: Language phrase "InstaDefuseSuccessful" not found (arg 5)
L 10/06/2021 - 23:51:06: [SM] Blaming: retakes-instadefuse.smx
L 10/06/2021 - 23:51:06: [SM] Call stack trace:
L 10/06/2021 - 23:51:06: [SM]   [0] PrintToChat
L 10/06/2021 - 23:51:06: [SM]   [1] Line 197, plugin.sp::AttemptInstantDefuse
L 10/06/2021 - 23:51:06: [SM]   [2] Line 104, plugin.sp::Event_BombBeginDefusePlusFrame
L 10/06/2021 - 23:52:28: [SM] Exception reported: Language phrase "InstaDefuseSuccessful" not found (arg 5)
L 10/06/2021 - 23:52:28: [SM] Blaming: retakes-instadefuse.smx
L 10/06/2021 - 23:52:28: [SM] Call stack trace:
L 10/06/2021 - 23:52:28: [SM]   [0] PrintToChat
L 10/06/2021 - 23:52:28: [SM]   [1] Line 197, plugin.sp::AttemptInstantDefuse
L 10/06/2021 - 23:52:28: [SM]   [2] Line 104, plugin.sp::Event_BombBeginDefusePlusFrame
L 10/06/2021 - 23:52:49: [SM] Exception reported: Language phrase "InstaDefuseSuccessful" not found (arg 5)
L 10/06/2021 - 23:52:49: [SM] Blaming: retakes-instadefuse.smx
L 10/06/2021 - 23:52:49: [SM] Call stack trace:
L 10/06/2021 - 23:52:49: [SM]   [0] PrintToChat
L 10/06/2021 - 23:52:49: [SM]   [1] Line 197, plugin.sp::AttemptInstantDefuse
L 10/06/2021 - 23:52:49: [SM]   [2] Line 104, plugin.sp::Event_BombBeginDefusePlusFrame
L 10/06/2021 - 23:53:19: [SM] Exception reported: Language phrase "InstaDefuseSuccessful" not found (arg 5)
L 10/06/2021 - 23:53:19: [SM] Blaming: retakes-instadefuse.smx
L 10/06/2021 - 23:53:19: [SM] Call stack trace:
L 10/06/2021 - 23:53:19: [SM]   [0] PrintToChat
L 10/06/2021 - 23:53:19: [SM]   [1] Line 197, plugin.sp::AttemptInstantDefuse
L 10/06/2021 - 23:53:19: [SM]   [2] Line 104, plugin.sp::Event_BombBeginDefusePlusFrame
L 10/06/2021 - 23:53:42: [SM] Exception reported: Language phrase "InstaDefuseSuccessful" not found (arg 5)
L 10/06/2021 - 23:53:42: [SM] Blaming: retakes-instadefuse.smx
L 10/06/2021 - 23:53:42: [SM] Call stack trace:
L 10/06/2021 - 23:53:42: [SM]   [0] PrintToChat
L 10/06/2021 - 23:53:42: [SM]   [1] Line 197, plugin.sp::AttemptInstantDefuse
L 10/06/2021 - 23:53:42: [SM]   [2] Line 104, plugin.sp::Event_BombBeginDefusePlusFrame
L 10/06/2021 - 23:54:08: [SM] Exception reported: Language phrase "InstaDefuseSuccessful" not found (arg 5)
L 10/06/2021 - 23:54:08: [SM] Blaming: retakes-instadefuse.smx
L 10/06/2021 - 23:54:08: [SM] Call stack trace:
L 10/06/2021 - 23:54:08: [SM]   [0] PrintToChat
L 10/06/2021 - 23:54:08: [SM]   [1] Line 197, plugin.sp::AttemptInstantDefuse
L 10/06/2021 - 23:54:08: [SM]   [2] Line 104, plugin.sp::Event_BombBeginDefusePlusFrame
L 10/06/2021 - 23:56:39: [SM] Exception reported: Language phrase "InstaDefuseSuccessful" not found (arg 5)
L 10/06/2021 - 23:56:39: [SM] Blaming: retakes-instadefuse.smx
L 10/06/2021 - 23:56:39: [SM] Call stack trace:
L 10/06/2021 - 23:56:39: [SM]   [0] PrintToChat
L 10/06/2021 - 23:56:40: [SM]   [1] Line 197, plugin.sp::AttemptInstantDefuse
L 10/06/2021 - 23:56:40: [SM]   [2] Line 104, plugin.sp::Event_BombBeginDefusePlusFrame
L 10/06/2021 - 23:59:20: [SM] Exception reported: Language phrase "InstaDefuseSuccessful" not found (arg 5)
L 10/06/2021 - 23:59:20: [SM] Blaming: retakes-instadefuse.smx
L 10/06/2021 - 23:59:20: [SM] Call stack trace:
L 10/06/2021 - 23:59:20: [SM]   [0] PrintToChat
L 10/06/2021 - 23:59:20: [SM]   [1] Line 197, plugin.sp::AttemptInstantDefuse
L 10/06/2021 - 23:59:20: [SM]   [2] Line 104, plugin.sp::Event_BombBeginDefusePlusFrame
L 10/06/2021 - 23:59:41: [SM] Exception reported: Language phrase "InstaDefuseSuccessful" not found (arg 5)
L 10/06/2021 - 23:59:41: [SM] Blaming: retakes-instadefuse.smx
L 10/06/2021 - 23:59:41: [SM] Call stack trace:
L 10/06/2021 - 23:59:41: [SM]   [0] PrintToChat
L 10/06/2021 - 23:59:41: [SM]   [1] Line 197, plugin.sp::AttemptInstantDefuse
L 10/06/2021 - 23:59:41: [SM]   [2] Line 104, plugin.sp::Event_BombBeginDefusePlusFrame
L 10/07/2021 - 00:00:23: Error log file session closed.
