L 01/30/2022 - 00:56:35: SourceMod error session started
L 01/30/2022 - 00:56:35: Info (map "de_mirage") (file "E:\retake\csgoserver\csgo\addons\sourcemod\logs\errors_20220130.log")
L 01/30/2022 - 00:56:35: [SM] Unable to load extension "PhysHooks.ext": Could not find patch signature for symbol: Physics_RunThinkFunctions
L 01/30/2022 - 00:56:37: [SM] Unable to load plugin "bot_inventory.smx": Native "eItems_AreItemsSynced" was not found
L 01/30/2022 - 00:56:37: [SM] Unable to load plugin "bot_stuff.smx": Could not find required plugin "navmesh"
L 01/30/2022 - 00:56:38: [SM] Unable to load plugin "LagCompensation.smx": Required extension "PhysHooks" file("PhysHooks.ext") not running
L 01/30/2022 - 00:56:40: [SM] Fatal error encountered parsing translation file "ranks_matchmaking.phrases.txt"
L 01/30/2022 - 00:56:40: [SM] Error (line 0, column 0): Stream failed to open
L 01/30/2022 - 00:56:40: [SM] Fatal error encountered parsing translation file "instadefuse.phrases.txt"
L 01/30/2022 - 00:56:40: [SM] Error (line 0, column 0): Stream failed to open
L 01/30/2022 - 00:57:00: [SM] Exception reported: Language phrase "Unranked" not found (arg 5)
L 01/30/2022 - 00:57:00: [SM] Blaming: ranks_matchmaking.smx
L 01/30/2022 - 00:57:00: [SM] Call stack trace:
L 01/30/2022 - 00:57:00: [SM]   [0] FormatEx
L 01/30/2022 - 00:57:00: [SM]   [1] Line 174, ranks_matchmaking.sp::GetRanksNames
L 01/30/2022 - 00:57:00: [SM]   [2] Line 169, ranks_matchmaking.sp::OnMapStart
L 01/30/2022 - 00:59:52: Error log file session closed.
L 01/30/2022 - 00:59:52: SourceMod error session started
L 01/30/2022 - 00:59:52: Info (map "de_mirage") (file "E:\retake\csgoserver\csgo\addons\sourcemod\logs\errors_20220130.log")
L 01/30/2022 - 00:59:52: [SM] Fatal error encountered parsing translation file "ranks_matchmaking.phrases.txt"
L 01/30/2022 - 00:59:52: [SM] Error (line 0, column 0): Stream failed to open
L 01/30/2022 - 00:59:52: [SM] Fatal error encountered parsing translation file "instadefuse.phrases.txt"
L 01/30/2022 - 00:59:52: [SM] Error (line 0, column 0): Stream failed to open
L 01/30/2022 - 00:59:52: [SM] Exception reported: Language phrase "Unranked" not found (arg 5)
L 01/30/2022 - 00:59:52: [SM] Blaming: ranks_matchmaking.smx
L 01/30/2022 - 00:59:52: [SM] Call stack trace:
L 01/30/2022 - 00:59:52: [SM]   [0] FormatEx
L 01/30/2022 - 00:59:52: [SM]   [1] Line 174, ranks_matchmaking.sp::GetRanksNames
L 01/30/2022 - 00:59:52: [SM]   [2] Line 169, ranks_matchmaking.sp::OnMapStart
L 01/30/2022 - 01:03:22: [SM] Exception reported: Language phrase "InstaDefuseSuccessful" not found (arg 5)
L 01/30/2022 - 01:03:22: [SM] Blaming: retakes-instadefuse.smx
L 01/30/2022 - 01:03:22: [SM] Call stack trace:
L 01/30/2022 - 01:03:22: [SM]   [0] PrintToChat
L 01/30/2022 - 01:03:22: [SM]   [1] Line 197, plugin.sp::AttemptInstantDefuse
L 01/30/2022 - 01:03:22: [SM]   [2] Line 104, plugin.sp::Event_BombBeginDefusePlusFrame
L 01/30/2022 - 01:03:41: [SM] Exception reported: Language phrase "InstaDefuseSuccessful" not found (arg 5)
L 01/30/2022 - 01:03:41: [SM] Blaming: retakes-instadefuse.smx
L 01/30/2022 - 01:03:41: [SM] Call stack trace:
L 01/30/2022 - 01:03:41: [SM]   [0] PrintToChat
L 01/30/2022 - 01:03:41: [SM]   [1] Line 197, plugin.sp::AttemptInstantDefuse
L 01/30/2022 - 01:03:41: [SM]   [2] Line 104, plugin.sp::Event_BombBeginDefusePlusFrame
L 01/30/2022 - 01:04:00: [SM] Exception reported: Language phrase "InstaDefuseSuccessful" not found (arg 5)
L 01/30/2022 - 01:04:00: [SM] Blaming: retakes-instadefuse.smx
L 01/30/2022 - 01:04:00: [SM] Call stack trace:
L 01/30/2022 - 01:04:00: [SM]   [0] PrintToChat
L 01/30/2022 - 01:04:00: [SM]   [1] Line 197, plugin.sp::AttemptInstantDefuse
L 01/30/2022 - 01:04:00: [SM]   [2] Line 104, plugin.sp::Event_BombBeginDefusePlusFrame
L 01/30/2022 - 01:04:20: [SM] Exception reported: Language phrase "InstaDefuseSuccessful" not found (arg 5)
L 01/30/2022 - 01:04:20: [SM] Blaming: retakes-instadefuse.smx
L 01/30/2022 - 01:04:20: [SM] Call stack trace:
L 01/30/2022 - 01:04:20: [SM]   [0] PrintToChat
L 01/30/2022 - 01:04:20: [SM]   [1] Line 197, plugin.sp::AttemptInstantDefuse
L 01/30/2022 - 01:04:20: [SM]   [2] Line 104, plugin.sp::Event_BombBeginDefusePlusFrame
L 01/30/2022 - 01:04:44: [SM] Exception reported: Language phrase "InstaDefuseSuccessful" not found (arg 5)
L 01/30/2022 - 01:04:44: [SM] Blaming: retakes-instadefuse.smx
L 01/30/2022 - 01:04:44: [SM] Call stack trace:
L 01/30/2022 - 01:04:44: [SM]   [0] PrintToChat
L 01/30/2022 - 01:04:44: [SM]   [1] Line 197, plugin.sp::AttemptInstantDefuse
L 01/30/2022 - 01:04:44: [SM]   [2] Line 104, plugin.sp::Event_BombBeginDefusePlusFrame
L 01/30/2022 - 01:04:58: [SM] Exception reported: Language phrase "InstaDefuseSuccessful" not found (arg 5)
L 01/30/2022 - 01:04:58: [SM] Blaming: retakes-instadefuse.smx
L 01/30/2022 - 01:04:58: [SM] Call stack trace:
L 01/30/2022 - 01:04:58: [SM]   [0] PrintToChat
L 01/30/2022 - 01:04:58: [SM]   [1] Line 197, plugin.sp::AttemptInstantDefuse
L 01/30/2022 - 01:04:58: [SM]   [2] Line 104, plugin.sp::Event_BombBeginDefusePlusFrame
L 01/30/2022 - 01:05:15: [SM] Exception reported: Language phrase "InstaDefuseSuccessful" not found (arg 5)
L 01/30/2022 - 01:05:15: [SM] Blaming: retakes-instadefuse.smx
L 01/30/2022 - 01:05:15: [SM] Call stack trace:
L 01/30/2022 - 01:05:15: [SM]   [0] PrintToChat
L 01/30/2022 - 01:05:15: [SM]   [1] Line 197, plugin.sp::AttemptInstantDefuse
L 01/30/2022 - 01:05:15: [SM]   [2] Line 104, plugin.sp::Event_BombBeginDefusePlusFrame
L 01/30/2022 - 01:05:16: [SM] Exception reported: Language phrase "InstaDefuseSuccessful" not found (arg 5)
L 01/30/2022 - 01:05:16: [SM] Blaming: retakes-instadefuse.smx
L 01/30/2022 - 01:05:16: [SM] Call stack trace:
L 01/30/2022 - 01:05:16: [SM]   [0] PrintToChat
L 01/30/2022 - 01:05:16: [SM]   [1] Line 197, plugin.sp::AttemptInstantDefuse
L 01/30/2022 - 01:05:16: [SM]   [2] Line 104, plugin.sp::Event_BombBeginDefusePlusFrame
L 01/30/2022 - 01:05:39: [SM] Exception reported: Language phrase "InstaDefuseSuccessful" not found (arg 5)
L 01/30/2022 - 01:05:39: [SM] Blaming: retakes-instadefuse.smx
L 01/30/2022 - 01:05:39: [SM] Call stack trace:
L 01/30/2022 - 01:05:39: [SM]   [0] PrintToChat
L 01/30/2022 - 01:05:39: [SM]   [1] Line 197, plugin.sp::AttemptInstantDefuse
L 01/30/2022 - 01:05:39: [SM]   [2] Line 104, plugin.sp::Event_BombBeginDefusePlusFrame
L 01/30/2022 - 01:05:54: [SM] Exception reported: Language phrase "InstaDefuseSuccessful" not found (arg 5)
L 01/30/2022 - 01:05:54: [SM] Blaming: retakes-instadefuse.smx
L 01/30/2022 - 01:05:54: [SM] Call stack trace:
L 01/30/2022 - 01:05:54: [SM]   [0] PrintToChat
L 01/30/2022 - 01:05:54: [SM]   [1] Line 197, plugin.sp::AttemptInstantDefuse
L 01/30/2022 - 01:05:54: [SM]   [2] Line 104, plugin.sp::Event_BombBeginDefusePlusFrame
L 01/30/2022 - 01:06:20: [SM] Exception reported: Language phrase "InstaDefuseSuccessful" not found (arg 5)
L 01/30/2022 - 01:06:20: [SM] Blaming: retakes-instadefuse.smx
L 01/30/2022 - 01:06:20: [SM] Call stack trace:
L 01/30/2022 - 01:06:20: [SM]   [0] PrintToChat
L 01/30/2022 - 01:06:20: [SM]   [1] Line 197, plugin.sp::AttemptInstantDefuse
L 01/30/2022 - 01:06:20: [SM]   [2] Line 104, plugin.sp::Event_BombBeginDefusePlusFrame
L 01/30/2022 - 01:06:39: [SM] Exception reported: Language phrase "InstaDefuseSuccessful" not found (arg 5)
L 01/30/2022 - 01:06:39: [SM] Blaming: retakes-instadefuse.smx
L 01/30/2022 - 01:06:39: [SM] Call stack trace:
L 01/30/2022 - 01:06:39: [SM]   [0] PrintToChat
L 01/30/2022 - 01:06:39: [SM]   [1] Line 197, plugin.sp::AttemptInstantDefuse
L 01/30/2022 - 01:06:39: [SM]   [2] Line 104, plugin.sp::Event_BombBeginDefusePlusFrame
L 01/30/2022 - 01:07:45: [SM] Exception reported: Language phrase "InstaDefuseSuccessful" not found (arg 5)
L 01/30/2022 - 01:07:45: [SM] Blaming: retakes-instadefuse.smx
L 01/30/2022 - 01:07:45: [SM] Call stack trace:
L 01/30/2022 - 01:07:45: [SM]   [0] PrintToChat
L 01/30/2022 - 01:07:45: [SM]   [1] Line 197, plugin.sp::AttemptInstantDefuse
L 01/30/2022 - 01:07:45: [SM]   [2] Line 104, plugin.sp::Event_BombBeginDefusePlusFrame
L 01/30/2022 - 01:09:16: [SM] Exception reported: Language phrase "InstaDefuseSuccessful" not found (arg 5)
L 01/30/2022 - 01:09:16: [SM] Blaming: retakes-instadefuse.smx
L 01/30/2022 - 01:09:16: [SM] Call stack trace:
L 01/30/2022 - 01:09:16: [SM]   [0] PrintToChat
L 01/30/2022 - 01:09:16: [SM]   [1] Line 197, plugin.sp::AttemptInstantDefuse
L 01/30/2022 - 01:09:16: [SM]   [2] Line 104, plugin.sp::Event_BombBeginDefusePlusFrame
L 01/30/2022 - 01:09:37: [SM] Exception reported: Language phrase "InstaDefuseSuccessful" not found (arg 5)
L 01/30/2022 - 01:09:37: [SM] Blaming: retakes-instadefuse.smx
L 01/30/2022 - 01:09:37: [SM] Call stack trace:
L 01/30/2022 - 01:09:37: [SM]   [0] PrintToChat
L 01/30/2022 - 01:09:37: [SM]   [1] Line 197, plugin.sp::AttemptInstantDefuse
L 01/30/2022 - 01:09:37: [SM]   [2] Line 104, plugin.sp::Event_BombBeginDefusePlusFrame
L 01/30/2022 - 01:10:31: [SM] Exception reported: Language phrase "InstaDefuseSuccessful" not found (arg 5)
L 01/30/2022 - 01:10:31: [SM] Blaming: retakes-instadefuse.smx
L 01/30/2022 - 01:10:31: [SM] Call stack trace:
L 01/30/2022 - 01:10:31: [SM]   [0] PrintToChat
L 01/30/2022 - 01:10:31: [SM]   [1] Line 197, plugin.sp::AttemptInstantDefuse
L 01/30/2022 - 01:10:32: [SM]   [2] Line 104, plugin.sp::Event_BombBeginDefusePlusFrame
L 01/30/2022 - 01:10:58: [SM] Exception reported: Language phrase "InstaDefuseSuccessful" not found (arg 5)
L 01/30/2022 - 01:10:58: [SM] Blaming: retakes-instadefuse.smx
L 01/30/2022 - 01:10:58: [SM] Call stack trace:
L 01/30/2022 - 01:10:58: [SM]   [0] PrintToChat
L 01/30/2022 - 01:10:58: [SM]   [1] Line 197, plugin.sp::AttemptInstantDefuse
L 01/30/2022 - 01:10:58: [SM]   [2] Line 104, plugin.sp::Event_BombBeginDefusePlusFrame
L 01/30/2022 - 01:12:02: [SM] Exception reported: Language phrase "InstaDefuseSuccessful" not found (arg 5)
L 01/30/2022 - 01:12:02: [SM] Blaming: retakes-instadefuse.smx
L 01/30/2022 - 01:12:02: [SM] Call stack trace:
L 01/30/2022 - 01:12:02: [SM]   [0] PrintToChat
L 01/30/2022 - 01:12:02: [SM]   [1] Line 197, plugin.sp::AttemptInstantDefuse
L 01/30/2022 - 01:12:02: [SM]   [2] Line 104, plugin.sp::Event_BombBeginDefusePlusFrame
L 01/30/2022 - 01:12:25: [SM] Exception reported: Language phrase "InstaDefuseSuccessful" not found (arg 5)
L 01/30/2022 - 01:12:25: [SM] Blaming: retakes-instadefuse.smx
L 01/30/2022 - 01:12:25: [SM] Call stack trace:
L 01/30/2022 - 01:12:25: [SM]   [0] PrintToChat
L 01/30/2022 - 01:12:25: [SM]   [1] Line 197, plugin.sp::AttemptInstantDefuse
L 01/30/2022 - 01:12:25: [SM]   [2] Line 104, plugin.sp::Event_BombBeginDefusePlusFrame
L 01/30/2022 - 01:12:48: [SM] Exception reported: Language phrase "InstaDefuseSuccessful" not found (arg 5)
L 01/30/2022 - 01:12:48: [SM] Blaming: retakes-instadefuse.smx
L 01/30/2022 - 01:12:48: [SM] Call stack trace:
L 01/30/2022 - 01:12:48: [SM]   [0] PrintToChat
L 01/30/2022 - 01:12:48: [SM]   [1] Line 197, plugin.sp::AttemptInstantDefuse
L 01/30/2022 - 01:12:48: [SM]   [2] Line 104, plugin.sp::Event_BombBeginDefusePlusFrame
L 01/30/2022 - 01:13:43: [SM] Exception reported: Language phrase "InstaDefuseSuccessful" not found (arg 5)
L 01/30/2022 - 01:13:43: [SM] Blaming: retakes-instadefuse.smx
L 01/30/2022 - 01:13:43: [SM] Call stack trace:
L 01/30/2022 - 01:13:43: [SM]   [0] PrintToChat
L 01/30/2022 - 01:13:43: [SM]   [1] Line 197, plugin.sp::AttemptInstantDefuse
L 01/30/2022 - 01:13:43: [SM]   [2] Line 104, plugin.sp::Event_BombBeginDefusePlusFrame
L 01/30/2022 - 01:15:05: [SM] Exception reported: Language phrase "LiveNadeSomewhere" not found (arg 5)
L 01/30/2022 - 01:15:05: [SM] Blaming: retakes-instadefuse.smx
L 01/30/2022 - 01:15:05: [SM] Call stack trace:
L 01/30/2022 - 01:15:05: [SM]   [0] PrintToChat
L 01/30/2022 - 01:15:05: [SM]   [1] Line 168, plugin.sp::AttemptInstantDefuse
L 01/30/2022 - 01:15:05: [SM]   [2] Line 104, plugin.sp::Event_BombBeginDefusePlusFrame
L 01/30/2022 - 01:15:45: [SM] Exception reported: Language phrase "InstaDefuseSuccessful" not found (arg 5)
L 01/30/2022 - 01:15:45: [SM] Blaming: retakes-instadefuse.smx
L 01/30/2022 - 01:15:45: [SM] Call stack trace:
L 01/30/2022 - 01:15:45: [SM]   [0] PrintToChat
L 01/30/2022 - 01:15:45: [SM]   [1] Line 197, plugin.sp::AttemptInstantDefuse
L 01/30/2022 - 01:15:45: [SM]   [2] Line 104, plugin.sp::Event_BombBeginDefusePlusFrame
L 01/30/2022 - 01:18:42: [SM] Exception reported: Language phrase "InstaDefuseSuccessful" not found (arg 5)
L 01/30/2022 - 01:18:42: [SM] Blaming: retakes-instadefuse.smx
L 01/30/2022 - 01:18:42: [SM] Call stack trace:
L 01/30/2022 - 01:18:42: [SM]   [0] PrintToChat
L 01/30/2022 - 01:18:42: [SM]   [1] Line 197, plugin.sp::AttemptInstantDefuse
L 01/30/2022 - 01:18:42: [SM]   [2] Line 104, plugin.sp::Event_BombBeginDefusePlusFrame
L 01/30/2022 - 01:20:23: [SM] Exception reported: Language phrase "InstaDefuseUnsuccessful" not found (arg 5)
L 01/30/2022 - 01:20:23: [SM] Blaming: retakes-instadefuse.smx
L 01/30/2022 - 01:20:23: [SM] Call stack trace:
L 01/30/2022 - 01:20:23: [SM]   [0] PrintToChat
L 01/30/2022 - 01:20:23: [SM]   [1] Line 143, plugin.sp::AttemptInstantDefuse
L 01/30/2022 - 01:20:23: [SM]   [2] Line 104, plugin.sp::Event_BombBeginDefusePlusFrame
L 01/30/2022 - 01:20:23: [SM] Exception reported: Language phrase "InstaDefuseUnsuccessful" not found (arg 5)
L 01/30/2022 - 01:20:23: [SM] Blaming: retakes-instadefuse.smx
L 01/30/2022 - 01:20:23: [SM] Call stack trace:
L 01/30/2022 - 01:20:24: [SM]   [0] PrintToChat
L 01/30/2022 - 01:20:24: [SM]   [1] Line 143, plugin.sp::AttemptInstantDefuse
L 01/30/2022 - 01:20:24: [SM]   [2] Line 104, plugin.sp::Event_BombBeginDefusePlusFrame
L 01/30/2022 - 01:20:24: [SM] Exception reported: Language phrase "InstaDefuseUnsuccessful" not found (arg 5)
L 01/30/2022 - 01:20:24: [SM] Blaming: retakes-instadefuse.smx
L 01/30/2022 - 01:20:24: [SM] Call stack trace:
L 01/30/2022 - 01:20:24: [SM]   [0] PrintToChat
L 01/30/2022 - 01:20:24: [SM]   [1] Line 143, plugin.sp::AttemptInstantDefuse
L 01/30/2022 - 01:20:24: [SM]   [2] Line 104, plugin.sp::Event_BombBeginDefusePlusFrame
L 01/30/2022 - 01:20:24: [SM] Exception reported: Language phrase "InstaDefuseUnsuccessful" not found (arg 5)
L 01/30/2022 - 01:20:24: [SM] Blaming: retakes-instadefuse.smx
L 01/30/2022 - 01:20:24: [SM] Call stack trace:
L 01/30/2022 - 01:20:24: [SM]   [0] PrintToChat
L 01/30/2022 - 01:20:24: [SM]   [1] Line 143, plugin.sp::AttemptInstantDefuse
L 01/30/2022 - 01:20:24: [SM]   [2] Line 104, plugin.sp::Event_BombBeginDefusePlusFrame
L 01/30/2022 - 01:20:24: [SM] Exception reported: Language phrase "InstaDefuseUnsuccessful" not found (arg 5)
L 01/30/2022 - 01:20:24: [SM] Blaming: retakes-instadefuse.smx
L 01/30/2022 - 01:20:24: [SM] Call stack trace:
L 01/30/2022 - 01:20:24: [SM]   [0] PrintToChat
L 01/30/2022 - 01:20:24: [SM]   [1] Line 143, plugin.sp::AttemptInstantDefuse
L 01/30/2022 - 01:20:24: [SM]   [2] Line 104, plugin.sp::Event_BombBeginDefusePlusFrame
L 01/30/2022 - 01:20:25: [SM] Exception reported: Language phrase "InstaDefuseUnsuccessful" not found (arg 5)
L 01/30/2022 - 01:20:25: [SM] Blaming: retakes-instadefuse.smx
L 01/30/2022 - 01:20:25: [SM] Call stack trace:
L 01/30/2022 - 01:20:25: [SM]   [0] PrintToChat
L 01/30/2022 - 01:20:25: [SM]   [1] Line 143, plugin.sp::AttemptInstantDefuse
L 01/30/2022 - 01:20:25: [SM]   [2] Line 104, plugin.sp::Event_BombBeginDefusePlusFrame
L 01/30/2022 - 01:20:25: [SM] Exception reported: Language phrase "InstaDefuseUnsuccessful" not found (arg 5)
L 01/30/2022 - 01:20:25: [SM] Blaming: retakes-instadefuse.smx
L 01/30/2022 - 01:20:25: [SM] Call stack trace:
L 01/30/2022 - 01:20:25: [SM]   [0] PrintToChat
L 01/30/2022 - 01:20:25: [SM]   [1] Line 143, plugin.sp::AttemptInstantDefuse
L 01/30/2022 - 01:20:25: [SM]   [2] Line 104, plugin.sp::Event_BombBeginDefusePlusFrame
L 01/30/2022 - 01:21:57: [SM] Exception reported: Language phrase "InstaDefuseSuccessful" not found (arg 5)
L 01/30/2022 - 01:21:57: [SM] Blaming: retakes-instadefuse.smx
L 01/30/2022 - 01:21:57: [SM] Call stack trace:
L 01/30/2022 - 01:21:57: [SM]   [0] PrintToChat
L 01/30/2022 - 01:21:57: [SM]   [1] Line 197, plugin.sp::AttemptInstantDefuse
L 01/30/2022 - 01:21:57: [SM]   [2] Line 104, plugin.sp::Event_BombBeginDefusePlusFrame
L 01/30/2022 - 01:23:06: [SM] Exception reported: Language phrase "InstaDefuseSuccessful" not found (arg 5)
L 01/30/2022 - 01:23:06: [SM] Blaming: retakes-instadefuse.smx
L 01/30/2022 - 01:23:06: [SM] Call stack trace:
L 01/30/2022 - 01:23:06: [SM]   [0] PrintToChat
L 01/30/2022 - 01:23:06: [SM]   [1] Line 197, plugin.sp::AttemptInstantDefuse
L 01/30/2022 - 01:23:06: [SM]   [2] Line 104, plugin.sp::Event_BombBeginDefusePlusFrame
L 01/30/2022 - 01:24:19: [SM] Exception reported: Language phrase "InstaDefuseSuccessful" not found (arg 5)
L 01/30/2022 - 01:24:19: [SM] Blaming: retakes-instadefuse.smx
L 01/30/2022 - 01:24:19: [SM] Call stack trace:
L 01/30/2022 - 01:24:19: [SM]   [0] PrintToChat
L 01/30/2022 - 01:24:19: [SM]   [1] Line 197, plugin.sp::AttemptInstantDefuse
L 01/30/2022 - 01:24:19: [SM]   [2] Line 104, plugin.sp::Event_BombBeginDefusePlusFrame
L 01/30/2022 - 01:24:56: [SM] Exception reported: Language phrase "InstaDefuseUnsuccessful" not found (arg 5)
L 01/30/2022 - 01:24:56: [SM] Blaming: retakes-instadefuse.smx
L 01/30/2022 - 01:24:56: [SM] Call stack trace:
L 01/30/2022 - 01:24:56: [SM]   [0] PrintToChat
L 01/30/2022 - 01:24:56: [SM]   [1] Line 143, plugin.sp::AttemptInstantDefuse
L 01/30/2022 - 01:24:56: [SM]   [2] Line 104, plugin.sp::Event_BombBeginDefusePlusFrame
L 01/30/2022 - 01:24:56: [SM] Exception reported: Language phrase "InstaDefuseUnsuccessful" not found (arg 5)
L 01/30/2022 - 01:24:56: [SM] Blaming: retakes-instadefuse.smx
L 01/30/2022 - 01:24:56: [SM] Call stack trace:
L 01/30/2022 - 01:24:56: [SM]   [0] PrintToChat
L 01/30/2022 - 01:24:56: [SM]   [1] Line 143, plugin.sp::AttemptInstantDefuse
L 01/30/2022 - 01:24:56: [SM]   [2] Line 104, plugin.sp::Event_BombBeginDefusePlusFrame
L 01/30/2022 - 01:24:56: [SM] Exception reported: Language phrase "InstaDefuseUnsuccessful" not found (arg 5)
L 01/30/2022 - 01:24:56: [SM] Blaming: retakes-instadefuse.smx
L 01/30/2022 - 01:24:56: [SM] Call stack trace:
L 01/30/2022 - 01:24:56: [SM]   [0] PrintToChat
L 01/30/2022 - 01:24:56: [SM]   [1] Line 143, plugin.sp::AttemptInstantDefuse
L 01/30/2022 - 01:24:56: [SM]   [2] Line 104, plugin.sp::Event_BombBeginDefusePlusFrame
L 01/30/2022 - 01:24:56: [SM] Exception reported: Language phrase "InstaDefuseUnsuccessful" not found (arg 5)
L 01/30/2022 - 01:24:56: [SM] Blaming: retakes-instadefuse.smx
L 01/30/2022 - 01:24:56: [SM] Call stack trace:
L 01/30/2022 - 01:24:56: [SM]   [0] PrintToChat
L 01/30/2022 - 01:24:56: [SM]   [1] Line 143, plugin.sp::AttemptInstantDefuse
L 01/30/2022 - 01:24:56: [SM]   [2] Line 104, plugin.sp::Event_BombBeginDefusePlusFrame
L 01/30/2022 - 01:24:57: [SM] Exception reported: Language phrase "InstaDefuseUnsuccessful" not found (arg 5)
L 01/30/2022 - 01:24:57: [SM] Blaming: retakes-instadefuse.smx
L 01/30/2022 - 01:24:57: [SM] Call stack trace:
L 01/30/2022 - 01:24:57: [SM]   [0] PrintToChat
L 01/30/2022 - 01:24:57: [SM]   [1] Line 143, plugin.sp::AttemptInstantDefuse
L 01/30/2022 - 01:24:57: [SM]   [2] Line 104, plugin.sp::Event_BombBeginDefusePlusFrame
L 01/30/2022 - 01:24:57: [SM] Exception reported: Language phrase "InstaDefuseUnsuccessful" not found (arg 5)
L 01/30/2022 - 01:24:57: [SM] Blaming: retakes-instadefuse.smx
L 01/30/2022 - 01:24:57: [SM] Call stack trace:
L 01/30/2022 - 01:24:57: [SM]   [0] PrintToChat
L 01/30/2022 - 01:24:57: [SM]   [1] Line 143, plugin.sp::AttemptInstantDefuse
L 01/30/2022 - 01:24:57: [SM]   [2] Line 104, plugin.sp::Event_BombBeginDefusePlusFrame
L 01/30/2022 - 01:24:57: [SM] Exception reported: Language phrase "InstaDefuseUnsuccessful" not found (arg 5)
L 01/30/2022 - 01:24:57: [SM] Blaming: retakes-instadefuse.smx
L 01/30/2022 - 01:24:57: [SM] Call stack trace:
L 01/30/2022 - 01:24:57: [SM]   [0] PrintToChat
L 01/30/2022 - 01:24:57: [SM]   [1] Line 143, plugin.sp::AttemptInstantDefuse
L 01/30/2022 - 01:24:57: [SM]   [2] Line 104, plugin.sp::Event_BombBeginDefusePlusFrame
L 01/30/2022 - 01:27:41: [SM] Exception reported: Language phrase "InstaDefuseSuccessful" not found (arg 5)
L 01/30/2022 - 01:27:41: [SM] Blaming: retakes-instadefuse.smx
L 01/30/2022 - 01:27:41: [SM] Call stack trace:
L 01/30/2022 - 01:27:41: [SM]   [0] PrintToChat
L 01/30/2022 - 01:27:41: [SM]   [1] Line 197, plugin.sp::AttemptInstantDefuse
L 01/30/2022 - 01:27:41: [SM]   [2] Line 104, plugin.sp::Event_BombBeginDefusePlusFrame
L 01/30/2022 - 01:28:22: [SM] Exception reported: Language phrase "InstaDefuseSuccessful" not found (arg 5)
L 01/30/2022 - 01:28:22: [SM] Blaming: retakes-instadefuse.smx
L 01/30/2022 - 01:28:22: [SM] Call stack trace:
L 01/30/2022 - 01:28:22: [SM]   [0] PrintToChat
L 01/30/2022 - 01:28:22: [SM]   [1] Line 197, plugin.sp::AttemptInstantDefuse
L 01/30/2022 - 01:28:22: [SM]   [2] Line 104, plugin.sp::Event_BombBeginDefusePlusFrame
L 01/30/2022 - 01:28:49: [SM] Exception reported: Language phrase "InstaDefuseSuccessful" not found (arg 5)
L 01/30/2022 - 01:28:49: [SM] Blaming: retakes-instadefuse.smx
L 01/30/2022 - 01:28:49: [SM] Call stack trace:
L 01/30/2022 - 01:28:49: [SM]   [0] PrintToChat
L 01/30/2022 - 01:28:49: [SM]   [1] Line 197, plugin.sp::AttemptInstantDefuse
L 01/30/2022 - 01:28:49: [SM]   [2] Line 104, plugin.sp::Event_BombBeginDefusePlusFrame
L 01/30/2022 - 01:29:46: [SM] Exception reported: Language phrase "InstaDefuseSuccessful" not found (arg 5)
L 01/30/2022 - 01:29:46: [SM] Blaming: retakes-instadefuse.smx
L 01/30/2022 - 01:29:46: [SM] Call stack trace:
L 01/30/2022 - 01:29:46: [SM]   [0] PrintToChat
L 01/30/2022 - 01:29:46: [SM]   [1] Line 197, plugin.sp::AttemptInstantDefuse
L 01/30/2022 - 01:29:46: [SM]   [2] Line 104, plugin.sp::Event_BombBeginDefusePlusFrame
L 01/30/2022 - 01:30:03: [SM] Exception reported: Language phrase "InstaDefuseSuccessful" not found (arg 5)
L 01/30/2022 - 01:30:03: [SM] Blaming: retakes-instadefuse.smx
L 01/30/2022 - 01:30:03: [SM] Call stack trace:
L 01/30/2022 - 01:30:03: [SM]   [0] PrintToChat
L 01/30/2022 - 01:30:03: [SM]   [1] Line 197, plugin.sp::AttemptInstantDefuse
L 01/30/2022 - 01:30:03: [SM]   [2] Line 104, plugin.sp::Event_BombBeginDefusePlusFrame
L 01/30/2022 - 01:30:29: [SM] Exception reported: Language phrase "InstaDefuseSuccessful" not found (arg 5)
L 01/30/2022 - 01:30:29: [SM] Blaming: retakes-instadefuse.smx
L 01/30/2022 - 01:30:29: [SM] Call stack trace:
L 01/30/2022 - 01:30:29: [SM]   [0] PrintToChat
L 01/30/2022 - 01:30:29: [SM]   [1] Line 197, plugin.sp::AttemptInstantDefuse
L 01/30/2022 - 01:30:29: [SM]   [2] Line 104, plugin.sp::Event_BombBeginDefusePlusFrame
L 01/30/2022 - 01:30:54: [SM] Exception reported: Language phrase "InstaDefuseSuccessful" not found (arg 5)
L 01/30/2022 - 01:30:54: [SM] Blaming: retakes-instadefuse.smx
L 01/30/2022 - 01:30:54: [SM] Call stack trace:
L 01/30/2022 - 01:30:54: [SM]   [0] PrintToChat
L 01/30/2022 - 01:30:54: [SM]   [1] Line 197, plugin.sp::AttemptInstantDefuse
L 01/30/2022 - 01:30:54: [SM]   [2] Line 104, plugin.sp::Event_BombBeginDefusePlusFrame
L 01/30/2022 - 01:31:16: [SM] Exception reported: Language phrase "InstaDefuseSuccessful" not found (arg 5)
L 01/30/2022 - 01:31:16: [SM] Blaming: retakes-instadefuse.smx
L 01/30/2022 - 01:31:16: [SM] Call stack trace:
L 01/30/2022 - 01:31:16: [SM]   [0] PrintToChat
L 01/30/2022 - 01:31:16: [SM]   [1] Line 197, plugin.sp::AttemptInstantDefuse
L 01/30/2022 - 01:31:16: [SM]   [2] Line 104, plugin.sp::Event_BombBeginDefusePlusFrame
L 01/30/2022 - 01:31:42: [SM] Exception reported: Language phrase "InstaDefuseSuccessful" not found (arg 5)
L 01/30/2022 - 01:31:42: [SM] Blaming: retakes-instadefuse.smx
L 01/30/2022 - 01:31:42: [SM] Call stack trace:
L 01/30/2022 - 01:31:42: [SM]   [0] PrintToChat
L 01/30/2022 - 01:31:42: [SM]   [1] Line 197, plugin.sp::AttemptInstantDefuse
L 01/30/2022 - 01:31:42: [SM]   [2] Line 104, plugin.sp::Event_BombBeginDefusePlusFrame
