L 08/11/2021 - 23:30:33: SourceMod error session started
L 08/11/2021 - 23:30:33: Info (map "de_dust2") (file "E:\retake\csgoserver\csgo\addons\sourcemod\logs\errors_20210811.log")
L 08/11/2021 - 23:30:33: [SM] Unable to load plugin "bot_inventory.smx": Native "eItems_AreItemsSynced" was not found
L 08/11/2021 - 23:30:33: [SM] Unable to load plugin "bot_stuff.smx": Could not find required plugin "navmesh"
L 08/11/2021 - 23:30:34: [SM] Fatal error encountered parsing translation file "ranks_matchmaking.phrases.txt"
L 08/11/2021 - 23:30:34: [SM] Error (line 0, column 0): Stream failed to open
L 08/11/2021 - 23:30:34: [SM] Fatal error encountered parsing translation file "instadefuse.phrases.txt"
L 08/11/2021 - 23:30:34: [SM] Error (line 0, column 0): Stream failed to open
L 08/11/2021 - 23:30:51: [SM] Exception reported: Language phrase "Unranked" not found (arg 5)
L 08/11/2021 - 23:30:51: [SM] Blaming: ranks_matchmaking.smx
L 08/11/2021 - 23:30:51: [SM] Call stack trace:
L 08/11/2021 - 23:30:51: [SM]   [0] FormatEx
L 08/11/2021 - 23:30:51: [SM]   [1] Line 174, ranks_matchmaking.sp::GetRanksNames
L 08/11/2021 - 23:30:51: [SM]   [2] Line 169, ranks_matchmaking.sp::OnMapStart
L 08/11/2021 - 23:32:49: SourceMod error session started
L 08/11/2021 - 23:32:49: Info (map "de_dust2") (file "E:\retake\csgoserver\csgo\addons\sourcemod\logs\errors_20210811.log")
L 08/11/2021 - 23:32:49: [SM] Unable to load plugin "bot_inventory.smx": Native "eItems_AreItemsSynced" was not found
L 08/11/2021 - 23:32:49: [SM] Unable to load plugin "bot_stuff.smx": Could not find required plugin "navmesh"
L 08/11/2021 - 23:32:49: [SM] Fatal error encountered parsing translation file "ranks_matchmaking.phrases.txt"
L 08/11/2021 - 23:32:49: [SM] Error (line 0, column 0): Stream failed to open
L 08/11/2021 - 23:32:49: [SM] Fatal error encountered parsing translation file "instadefuse.phrases.txt"
L 08/11/2021 - 23:32:49: [SM] Error (line 0, column 0): Stream failed to open
L 08/11/2021 - 23:32:51: [SM] Exception reported: Language phrase "Unranked" not found (arg 5)
L 08/11/2021 - 23:32:51: [SM] Blaming: ranks_matchmaking.smx
L 08/11/2021 - 23:32:51: [SM] Call stack trace:
L 08/11/2021 - 23:32:51: [SM]   [0] FormatEx
L 08/11/2021 - 23:32:51: [SM]   [1] Line 174, ranks_matchmaking.sp::GetRanksNames
L 08/11/2021 - 23:32:51: [SM]   [2] Line 169, ranks_matchmaking.sp::OnMapStart
L 08/11/2021 - 23:34:27: Error log file session closed.
L 08/11/2021 - 23:34:27: SourceMod error session started
L 08/11/2021 - 23:34:27: Info (map "de_dust2") (file "E:\retake\csgoserver\csgo\addons\sourcemod\logs\errors_20210811.log")
L 08/11/2021 - 23:34:27: [SM] Fatal error encountered parsing translation file "ranks_matchmaking.phrases.txt"
L 08/11/2021 - 23:34:27: [SM] Error (line 0, column 0): Stream failed to open
L 08/11/2021 - 23:34:27: [SM] Fatal error encountered parsing translation file "instadefuse.phrases.txt"
L 08/11/2021 - 23:34:27: [SM] Error (line 0, column 0): Stream failed to open
L 08/11/2021 - 23:34:28: [SM] Exception reported: Language phrase "Unranked" not found (arg 5)
L 08/11/2021 - 23:34:28: [SM] Blaming: ranks_matchmaking.smx
L 08/11/2021 - 23:34:28: [SM] Call stack trace:
L 08/11/2021 - 23:34:28: [SM]   [0] FormatEx
L 08/11/2021 - 23:34:28: [SM]   [1] Line 174, ranks_matchmaking.sp::GetRanksNames
L 08/11/2021 - 23:34:28: [SM]   [2] Line 169, ranks_matchmaking.sp::OnMapStart
L 08/11/2021 - 23:34:29: [nextmap.smx] FATAL: Cannot load map cycle. Nextmap not loaded.
L 08/11/2021 - 23:34:29: [SM] Exception reported: Mapcycle Not Found
L 08/11/2021 - 23:34:29: [SM] Blaming: nextmap.smx
L 08/11/2021 - 23:34:29: [SM] Call stack trace:
L 08/11/2021 - 23:34:29: [SM]   [0] SetFailState
L 08/11/2021 - 23:34:29: [SM]   [1] Line 143, D:\builds\build-sourcemod-msvc12\windows-1.11\build\plugins\nextmap.sp::FindAndSetNextMap
L 08/11/2021 - 23:34:29: [SM]   [2] Line 113, D:\builds\build-sourcemod-msvc12\windows-1.11\build\plugins\nextmap.sp::OnConfigsExecuted
L 08/11/2021 - 23:35:16: [SM] Exception reported: Language phrase "InstaDefuseSuccessful" not found (arg 5)
L 08/11/2021 - 23:35:16: [SM] Blaming: retakes-instadefuse.smx
L 08/11/2021 - 23:35:16: [SM] Call stack trace:
L 08/11/2021 - 23:35:16: [SM]   [0] PrintToChat
L 08/11/2021 - 23:35:16: [SM]   [1] Line 197, plugin.sp::AttemptInstantDefuse
L 08/11/2021 - 23:35:16: [SM]   [2] Line 104, plugin.sp::Event_BombBeginDefusePlusFrame
L 08/11/2021 - 23:35:18: [SM] Exception reported: Language phrase "InstaDefuseSuccessful" not found (arg 5)
L 08/11/2021 - 23:35:18: [SM] Blaming: retakes-instadefuse.smx
L 08/11/2021 - 23:35:18: [SM] Call stack trace:
L 08/11/2021 - 23:35:18: [SM]   [0] PrintToChat
L 08/11/2021 - 23:35:18: [SM]   [1] Line 197, plugin.sp::AttemptInstantDefuse
L 08/11/2021 - 23:35:18: [SM]   [2] Line 104, plugin.sp::Event_BombBeginDefusePlusFrame
L 08/11/2021 - 23:35:18: [SM] Exception reported: Language phrase "InstaDefuseSuccessful" not found (arg 5)
L 08/11/2021 - 23:35:18: [SM] Blaming: retakes-instadefuse.smx
L 08/11/2021 - 23:35:18: [SM] Call stack trace:
L 08/11/2021 - 23:35:18: [SM]   [0] PrintToChat
L 08/11/2021 - 23:35:18: [SM]   [1] Line 197, plugin.sp::AttemptInstantDefuse
L 08/11/2021 - 23:35:18: [SM]   [2] Line 104, plugin.sp::Event_BombBeginDefusePlusFrame
L 08/11/2021 - 23:35:22: [SM] Exception reported: Language phrase "InstaDefuseSuccessful" not found (arg 5)
L 08/11/2021 - 23:35:22: [SM] Blaming: retakes-instadefuse.smx
L 08/11/2021 - 23:35:22: [SM] Call stack trace:
L 08/11/2021 - 23:35:22: [SM]   [0] PrintToChat
L 08/11/2021 - 23:35:22: [SM]   [1] Line 197, plugin.sp::AttemptInstantDefuse
L 08/11/2021 - 23:35:22: [SM]   [2] Line 104, plugin.sp::Event_BombBeginDefusePlusFrame
L 08/11/2021 - 23:35:23: [SM] Exception reported: Language phrase "InstaDefuseSuccessful" not found (arg 5)
L 08/11/2021 - 23:35:23: [SM] Blaming: retakes-instadefuse.smx
L 08/11/2021 - 23:35:23: [SM] Call stack trace:
L 08/11/2021 - 23:35:23: [SM]   [0] PrintToChat
L 08/11/2021 - 23:35:23: [SM]   [1] Line 197, plugin.sp::AttemptInstantDefuse
L 08/11/2021 - 23:35:23: [SM]   [2] Line 104, plugin.sp::Event_BombBeginDefusePlusFrame
L 08/11/2021 - 23:35:50: [SM] Exception reported: Language phrase "InstaDefuseSuccessful" not found (arg 5)
L 08/11/2021 - 23:35:50: [SM] Blaming: retakes-instadefuse.smx
L 08/11/2021 - 23:35:50: [SM] Call stack trace:
L 08/11/2021 - 23:35:50: [SM]   [0] PrintToChat
L 08/11/2021 - 23:35:50: [SM]   [1] Line 197, plugin.sp::AttemptInstantDefuse
L 08/11/2021 - 23:35:50: [SM]   [2] Line 104, plugin.sp::Event_BombBeginDefusePlusFrame
L 08/11/2021 - 23:36:08: [SM] Exception reported: Language phrase "InstaDefuseSuccessful" not found (arg 5)
L 08/11/2021 - 23:36:08: [SM] Blaming: retakes-instadefuse.smx
L 08/11/2021 - 23:36:08: [SM] Call stack trace:
L 08/11/2021 - 23:36:08: [SM]   [0] PrintToChat
L 08/11/2021 - 23:36:08: [SM]   [1] Line 197, plugin.sp::AttemptInstantDefuse
L 08/11/2021 - 23:36:08: [SM]   [2] Line 104, plugin.sp::Event_BombBeginDefusePlusFrame
L 08/11/2021 - 23:37:18: [SM] Exception reported: Language phrase "InstaDefuseSuccessful" not found (arg 5)
L 08/11/2021 - 23:37:18: [SM] Blaming: retakes-instadefuse.smx
L 08/11/2021 - 23:37:18: [SM] Call stack trace:
L 08/11/2021 - 23:37:18: [SM]   [0] PrintToChat
L 08/11/2021 - 23:37:18: [SM]   [1] Line 197, plugin.sp::AttemptInstantDefuse
L 08/11/2021 - 23:37:18: [SM]   [2] Line 104, plugin.sp::Event_BombBeginDefusePlusFrame
L 08/11/2021 - 23:38:04: [SM] Exception reported: Language phrase "InstaDefuseSuccessful" not found (arg 5)
L 08/11/2021 - 23:38:04: [SM] Blaming: retakes-instadefuse.smx
L 08/11/2021 - 23:38:04: [SM] Call stack trace:
L 08/11/2021 - 23:38:04: [SM]   [0] PrintToChat
L 08/11/2021 - 23:38:04: [SM]   [1] Line 197, plugin.sp::AttemptInstantDefuse
L 08/11/2021 - 23:38:04: [SM]   [2] Line 104, plugin.sp::Event_BombBeginDefusePlusFrame
L 08/11/2021 - 23:38:27: [SM] Exception reported: Language phrase "InstaDefuseSuccessful" not found (arg 5)
L 08/11/2021 - 23:38:27: [SM] Blaming: retakes-instadefuse.smx
L 08/11/2021 - 23:38:27: [SM] Call stack trace:
L 08/11/2021 - 23:38:27: [SM]   [0] PrintToChat
L 08/11/2021 - 23:38:27: [SM]   [1] Line 197, plugin.sp::AttemptInstantDefuse
L 08/11/2021 - 23:38:27: [SM]   [2] Line 104, plugin.sp::Event_BombBeginDefusePlusFrame
L 08/11/2021 - 23:38:52: [SM] Exception reported: Language phrase "InstaDefuseSuccessful" not found (arg 5)
L 08/11/2021 - 23:38:52: [SM] Blaming: retakes-instadefuse.smx
L 08/11/2021 - 23:38:52: [SM] Call stack trace:
L 08/11/2021 - 23:38:52: [SM]   [0] PrintToChat
L 08/11/2021 - 23:38:52: [SM]   [1] Line 197, plugin.sp::AttemptInstantDefuse
L 08/11/2021 - 23:38:52: [SM]   [2] Line 104, plugin.sp::Event_BombBeginDefusePlusFrame
L 08/11/2021 - 23:39:30: [SM] Exception reported: Language phrase "InstaDefuseSuccessful" not found (arg 5)
L 08/11/2021 - 23:39:30: [SM] Blaming: retakes-instadefuse.smx
L 08/11/2021 - 23:39:30: [SM] Call stack trace:
L 08/11/2021 - 23:39:30: [SM]   [0] PrintToChat
L 08/11/2021 - 23:39:30: [SM]   [1] Line 197, plugin.sp::AttemptInstantDefuse
L 08/11/2021 - 23:39:30: [SM]   [2] Line 104, plugin.sp::Event_BombBeginDefusePlusFrame
L 08/11/2021 - 23:40:22: [SM] Exception reported: Language phrase "InstaDefuseSuccessful" not found (arg 5)
L 08/11/2021 - 23:40:22: [SM] Blaming: retakes-instadefuse.smx
L 08/11/2021 - 23:40:22: [SM] Call stack trace:
L 08/11/2021 - 23:40:22: [SM]   [0] PrintToChat
L 08/11/2021 - 23:40:22: [SM]   [1] Line 197, plugin.sp::AttemptInstantDefuse
L 08/11/2021 - 23:40:22: [SM]   [2] Line 104, plugin.sp::Event_BombBeginDefusePlusFrame
L 08/11/2021 - 23:41:01: [SM] Exception reported: Language phrase "InstaDefuseSuccessful" not found (arg 5)
L 08/11/2021 - 23:41:01: [SM] Blaming: retakes-instadefuse.smx
L 08/11/2021 - 23:41:01: [SM] Call stack trace:
L 08/11/2021 - 23:41:01: [SM]   [0] PrintToChat
L 08/11/2021 - 23:41:01: [SM]   [1] Line 197, plugin.sp::AttemptInstantDefuse
L 08/11/2021 - 23:41:01: [SM]   [2] Line 104, plugin.sp::Event_BombBeginDefusePlusFrame
L 08/11/2021 - 23:41:41: [SM] Exception reported: Language phrase "InstaDefuseSuccessful" not found (arg 5)
L 08/11/2021 - 23:41:41: [SM] Blaming: retakes-instadefuse.smx
L 08/11/2021 - 23:41:41: [SM] Call stack trace:
L 08/11/2021 - 23:41:41: [SM]   [0] PrintToChat
L 08/11/2021 - 23:41:41: [SM]   [1] Line 197, plugin.sp::AttemptInstantDefuse
L 08/11/2021 - 23:41:41: [SM]   [2] Line 104, plugin.sp::Event_BombBeginDefusePlusFrame
L 08/11/2021 - 23:41:42: [SM] Exception reported: Language phrase "InstaDefuseSuccessful" not found (arg 5)
L 08/11/2021 - 23:41:42: [SM] Blaming: retakes-instadefuse.smx
L 08/11/2021 - 23:41:42: [SM] Call stack trace:
L 08/11/2021 - 23:41:42: [SM]   [0] PrintToChat
L 08/11/2021 - 23:41:42: [SM]   [1] Line 197, plugin.sp::AttemptInstantDefuse
L 08/11/2021 - 23:41:42: [SM]   [2] Line 104, plugin.sp::Event_BombBeginDefusePlusFrame
L 08/11/2021 - 23:42:08: [SM] Exception reported: Language phrase "InstaDefuseSuccessful" not found (arg 5)
L 08/11/2021 - 23:42:08: [SM] Blaming: retakes-instadefuse.smx
L 08/11/2021 - 23:42:08: [SM] Call stack trace:
L 08/11/2021 - 23:42:08: [SM]   [0] PrintToChat
L 08/11/2021 - 23:42:08: [SM]   [1] Line 197, plugin.sp::AttemptInstantDefuse
L 08/11/2021 - 23:42:08: [SM]   [2] Line 104, plugin.sp::Event_BombBeginDefusePlusFrame
L 08/11/2021 - 23:42:13: [SM] Exception reported: Language phrase "InstaDefuseSuccessful" not found (arg 5)
L 08/11/2021 - 23:42:13: [SM] Blaming: retakes-instadefuse.smx
L 08/11/2021 - 23:42:13: [SM] Call stack trace:
L 08/11/2021 - 23:42:13: [SM]   [0] PrintToChat
L 08/11/2021 - 23:42:13: [SM]   [1] Line 197, plugin.sp::AttemptInstantDefuse
L 08/11/2021 - 23:42:13: [SM]   [2] Line 218, plugin.sp::Event_AttemptInstantDefuse
L 08/11/2021 - 23:42:34: [SM] Exception reported: Language phrase "InstaDefuseSuccessful" not found (arg 5)
L 08/11/2021 - 23:42:34: [SM] Blaming: retakes-instadefuse.smx
L 08/11/2021 - 23:42:34: [SM] Call stack trace:
L 08/11/2021 - 23:42:34: [SM]   [0] PrintToChat
L 08/11/2021 - 23:42:34: [SM]   [1] Line 197, plugin.sp::AttemptInstantDefuse
L 08/11/2021 - 23:42:34: [SM]   [2] Line 104, plugin.sp::Event_BombBeginDefusePlusFrame
L 08/11/2021 - 23:44:24: SourceMod error session started
L 08/11/2021 - 23:44:24: Info (map "de_dust2") (file "E:\retake\csgoserver\csgo\addons\sourcemod\logs\errors_20210811.log")
L 08/11/2021 - 23:44:24: [SM] Unable to load plugin "bot_inventory.smx": Native "eItems_AreItemsSynced" was not found
L 08/11/2021 - 23:44:24: [SM] Unable to load plugin "bot_stuff.smx": Could not find required plugin "navmesh"
L 08/11/2021 - 23:44:24: [SM] Fatal error encountered parsing translation file "ranks_matchmaking.phrases.txt"
L 08/11/2021 - 23:44:24: [SM] Error (line 0, column 0): Stream failed to open
L 08/11/2021 - 23:44:24: [SM] Fatal error encountered parsing translation file "instadefuse.phrases.txt"
L 08/11/2021 - 23:44:24: [SM] Error (line 0, column 0): Stream failed to open
L 08/11/2021 - 23:44:30: [SM] Exception reported: Language phrase "Unranked" not found (arg 5)
L 08/11/2021 - 23:44:30: [SM] Blaming: ranks_matchmaking.smx
L 08/11/2021 - 23:44:30: [SM] Call stack trace:
L 08/11/2021 - 23:44:30: [SM]   [0] FormatEx
L 08/11/2021 - 23:44:30: [SM]   [1] Line 174, ranks_matchmaking.sp::GetRanksNames
L 08/11/2021 - 23:44:30: [SM]   [2] Line 169, ranks_matchmaking.sp::OnMapStart
L 08/11/2021 - 23:44:38: [nextmap.smx] FATAL: Cannot load map cycle. Nextmap not loaded.
L 08/11/2021 - 23:44:38: [SM] Exception reported: Mapcycle Not Found
L 08/11/2021 - 23:44:38: [SM] Blaming: nextmap.smx
L 08/11/2021 - 23:44:38: [SM] Call stack trace:
L 08/11/2021 - 23:44:38: [SM]   [0] SetFailState
L 08/11/2021 - 23:44:38: [SM]   [1] Line 143, D:\builds\build-sourcemod-msvc12\windows-1.11\build\plugins\nextmap.sp::FindAndSetNextMap
L 08/11/2021 - 23:44:38: [SM]   [2] Line 113, D:\builds\build-sourcemod-msvc12\windows-1.11\build\plugins\nextmap.sp::OnConfigsExecuted
L 08/11/2021 - 23:44:41: Error log file session closed.
L 08/11/2021 - 23:44:41: SourceMod error session started
L 08/11/2021 - 23:44:41: Info (map "de_dust2") (file "E:\retake\csgoserver\csgo\addons\sourcemod\logs\errors_20210811.log")
L 08/11/2021 - 23:44:41: [SM] Fatal error encountered parsing translation file "ranks_matchmaking.phrases.txt"
L 08/11/2021 - 23:44:41: [SM] Error (line 0, column 0): Stream failed to open
L 08/11/2021 - 23:44:41: [SM] Fatal error encountered parsing translation file "instadefuse.phrases.txt"
L 08/11/2021 - 23:44:41: [SM] Error (line 0, column 0): Stream failed to open
L 08/11/2021 - 23:44:42: [SM] Exception reported: Language phrase "Unranked" not found (arg 5)
L 08/11/2021 - 23:44:42: [SM] Blaming: ranks_matchmaking.smx
L 08/11/2021 - 23:44:42: [SM] Call stack trace:
L 08/11/2021 - 23:44:42: [SM]   [0] FormatEx
L 08/11/2021 - 23:44:42: [SM]   [1] Line 174, ranks_matchmaking.sp::GetRanksNames
L 08/11/2021 - 23:44:42: [SM]   [2] Line 169, ranks_matchmaking.sp::OnMapStart
L 08/11/2021 - 23:44:43: [nextmap.smx] FATAL: Cannot load map cycle. Nextmap not loaded.
L 08/11/2021 - 23:44:43: [SM] Exception reported: Mapcycle Not Found
L 08/11/2021 - 23:44:43: [SM] Blaming: nextmap.smx
L 08/11/2021 - 23:44:43: [SM] Call stack trace:
L 08/11/2021 - 23:44:43: [SM]   [0] SetFailState
L 08/11/2021 - 23:44:43: [SM]   [1] Line 143, D:\builds\build-sourcemod-msvc12\windows-1.11\build\plugins\nextmap.sp::FindAndSetNextMap
L 08/11/2021 - 23:44:43: [SM]   [2] Line 113, D:\builds\build-sourcemod-msvc12\windows-1.11\build\plugins\nextmap.sp::OnConfigsExecuted
L 08/11/2021 - 23:45:43: [SM] Exception reported: Language phrase "InstaDefuseSuccessful" not found (arg 5)
L 08/11/2021 - 23:45:43: [SM] Blaming: retakes-instadefuse.smx
L 08/11/2021 - 23:45:43: [SM] Call stack trace:
L 08/11/2021 - 23:45:43: [SM]   [0] PrintToChat
L 08/11/2021 - 23:45:43: [SM]   [1] Line 197, plugin.sp::AttemptInstantDefuse
L 08/11/2021 - 23:45:43: [SM]   [2] Line 104, plugin.sp::Event_BombBeginDefusePlusFrame
L 08/11/2021 - 23:46:49: [SM] Exception reported: Language phrase "InstaDefuseSuccessful" not found (arg 5)
L 08/11/2021 - 23:46:49: [SM] Blaming: retakes-instadefuse.smx
L 08/11/2021 - 23:46:49: [SM] Call stack trace:
L 08/11/2021 - 23:46:49: [SM]   [0] PrintToChat
L 08/11/2021 - 23:46:49: [SM]   [1] Line 197, plugin.sp::AttemptInstantDefuse
L 08/11/2021 - 23:46:49: [SM]   [2] Line 104, plugin.sp::Event_BombBeginDefusePlusFrame
L 08/11/2021 - 23:47:04: [SM] Exception reported: Language phrase "InstaDefuseSuccessful" not found (arg 5)
L 08/11/2021 - 23:47:04: [SM] Blaming: retakes-instadefuse.smx
L 08/11/2021 - 23:47:04: [SM] Call stack trace:
L 08/11/2021 - 23:47:04: [SM]   [0] PrintToChat
L 08/11/2021 - 23:47:04: [SM]   [1] Line 197, plugin.sp::AttemptInstantDefuse
L 08/11/2021 - 23:47:04: [SM]   [2] Line 104, plugin.sp::Event_BombBeginDefusePlusFrame
L 08/11/2021 - 23:47:04: [SM] Exception reported: Language phrase "InstaDefuseSuccessful" not found (arg 5)
L 08/11/2021 - 23:47:04: [SM] Blaming: retakes-instadefuse.smx
L 08/11/2021 - 23:47:04: [SM] Call stack trace:
L 08/11/2021 - 23:47:04: [SM]   [0] PrintToChat
L 08/11/2021 - 23:47:04: [SM]   [1] Line 197, plugin.sp::AttemptInstantDefuse
L 08/11/2021 - 23:47:04: [SM]   [2] Line 104, plugin.sp::Event_BombBeginDefusePlusFrame
L 08/11/2021 - 23:48:55: [SM] Exception reported: Language phrase "InstaDefuseSuccessful" not found (arg 5)
L 08/11/2021 - 23:48:55: [SM] Blaming: retakes-instadefuse.smx
L 08/11/2021 - 23:48:55: [SM] Call stack trace:
L 08/11/2021 - 23:48:55: [SM]   [0] PrintToChat
L 08/11/2021 - 23:48:55: [SM]   [1] Line 197, plugin.sp::AttemptInstantDefuse
L 08/11/2021 - 23:48:55: [SM]   [2] Line 104, plugin.sp::Event_BombBeginDefusePlusFrame
L 08/11/2021 - 23:49:11: [SM] Exception reported: Language phrase "InstaDefuseSuccessful" not found (arg 5)
L 08/11/2021 - 23:49:11: [SM] Blaming: retakes-instadefuse.smx
L 08/11/2021 - 23:49:11: [SM] Call stack trace:
L 08/11/2021 - 23:49:11: [SM]   [0] PrintToChat
L 08/11/2021 - 23:49:11: [SM]   [1] Line 197, plugin.sp::AttemptInstantDefuse
L 08/11/2021 - 23:49:11: [SM]   [2] Line 104, plugin.sp::Event_BombBeginDefusePlusFrame
L 08/11/2021 - 23:49:12: [SM] Exception reported: Language phrase "InstaDefuseSuccessful" not found (arg 5)
L 08/11/2021 - 23:49:12: [SM] Blaming: retakes-instadefuse.smx
L 08/11/2021 - 23:49:12: [SM] Call stack trace:
L 08/11/2021 - 23:49:12: [SM]   [0] PrintToChat
L 08/11/2021 - 23:49:12: [SM]   [1] Line 197, plugin.sp::AttemptInstantDefuse
L 08/11/2021 - 23:49:12: [SM]   [2] Line 104, plugin.sp::Event_BombBeginDefusePlusFrame
L 08/11/2021 - 23:50:18: [SM] Exception reported: Language phrase "InstaDefuseSuccessful" not found (arg 5)
L 08/11/2021 - 23:50:18: [SM] Blaming: retakes-instadefuse.smx
L 08/11/2021 - 23:50:18: [SM] Call stack trace:
L 08/11/2021 - 23:50:18: [SM]   [0] PrintToChat
L 08/11/2021 - 23:50:18: [SM]   [1] Line 197, plugin.sp::AttemptInstantDefuse
L 08/11/2021 - 23:50:18: [SM]   [2] Line 104, plugin.sp::Event_BombBeginDefusePlusFrame
L 08/11/2021 - 23:51:29: [SM] Exception reported: Language phrase "InstaDefuseSuccessful" not found (arg 5)
L 08/11/2021 - 23:51:29: [SM] Blaming: retakes-instadefuse.smx
L 08/11/2021 - 23:51:29: [SM] Call stack trace:
L 08/11/2021 - 23:51:29: [SM]   [0] PrintToChat
L 08/11/2021 - 23:51:29: [SM]   [1] Line 197, plugin.sp::AttemptInstantDefuse
L 08/11/2021 - 23:51:29: [SM]   [2] Line 104, plugin.sp::Event_BombBeginDefusePlusFrame
L 08/11/2021 - 23:51:58: [SM] Exception reported: Language phrase "InstaDefuseSuccessful" not found (arg 5)
L 08/11/2021 - 23:51:58: [SM] Blaming: retakes-instadefuse.smx
L 08/11/2021 - 23:51:58: [SM] Call stack trace:
L 08/11/2021 - 23:51:58: [SM]   [0] PrintToChat
L 08/11/2021 - 23:51:58: [SM]   [1] Line 197, plugin.sp::AttemptInstantDefuse
L 08/11/2021 - 23:51:58: [SM]   [2] Line 104, plugin.sp::Event_BombBeginDefusePlusFrame
L 08/11/2021 - 23:52:19: [SM] Exception reported: Language phrase "InstaDefuseSuccessful" not found (arg 5)
L 08/11/2021 - 23:52:19: [SM] Blaming: retakes-instadefuse.smx
L 08/11/2021 - 23:52:19: [SM] Call stack trace:
L 08/11/2021 - 23:52:19: [SM]   [0] PrintToChat
L 08/11/2021 - 23:52:19: [SM]   [1] Line 197, plugin.sp::AttemptInstantDefuse
L 08/11/2021 - 23:52:19: [SM]   [2] Line 104, plugin.sp::Event_BombBeginDefusePlusFrame
L 08/11/2021 - 23:52:45: [SM] Exception reported: Language phrase "InstaDefuseSuccessful" not found (arg 5)
L 08/11/2021 - 23:52:45: [SM] Blaming: retakes-instadefuse.smx
L 08/11/2021 - 23:52:45: [SM] Call stack trace:
L 08/11/2021 - 23:52:45: [SM]   [0] PrintToChat
L 08/11/2021 - 23:52:45: [SM]   [1] Line 197, plugin.sp::AttemptInstantDefuse
L 08/11/2021 - 23:52:45: [SM]   [2] Line 104, plugin.sp::Event_BombBeginDefusePlusFrame
L 08/11/2021 - 23:53:12: [SM] Exception reported: Language phrase "InstaDefuseSuccessful" not found (arg 5)
L 08/11/2021 - 23:53:12: [SM] Blaming: retakes-instadefuse.smx
L 08/11/2021 - 23:53:12: [SM] Call stack trace:
L 08/11/2021 - 23:53:12: [SM]   [0] PrintToChat
L 08/11/2021 - 23:53:12: [SM]   [1] Line 197, plugin.sp::AttemptInstantDefuse
L 08/11/2021 - 23:53:12: [SM]   [2] Line 104, plugin.sp::Event_BombBeginDefusePlusFrame
L 08/11/2021 - 23:53:28: [SM] Exception reported: Language phrase "InstaDefuseSuccessful" not found (arg 5)
L 08/11/2021 - 23:53:28: [SM] Blaming: retakes-instadefuse.smx
L 08/11/2021 - 23:53:28: [SM] Call stack trace:
L 08/11/2021 - 23:53:28: [SM]   [0] PrintToChat
L 08/11/2021 - 23:53:28: [SM]   [1] Line 197, plugin.sp::AttemptInstantDefuse
L 08/11/2021 - 23:53:28: [SM]   [2] Line 104, plugin.sp::Event_BombBeginDefusePlusFrame
L 08/11/2021 - 23:53:57: [SM] Exception reported: Language phrase "InstaDefuseSuccessful" not found (arg 5)
L 08/11/2021 - 23:53:57: [SM] Blaming: retakes-instadefuse.smx
L 08/11/2021 - 23:53:57: [SM] Call stack trace:
L 08/11/2021 - 23:53:57: [SM]   [0] PrintToChat
L 08/11/2021 - 23:53:57: [SM]   [1] Line 197, plugin.sp::AttemptInstantDefuse
L 08/11/2021 - 23:53:57: [SM]   [2] Line 104, plugin.sp::Event_BombBeginDefusePlusFrame
L 08/11/2021 - 23:54:22: [SM] Exception reported: Language phrase "InstaDefuseSuccessful" not found (arg 5)
L 08/11/2021 - 23:54:22: [SM] Blaming: retakes-instadefuse.smx
L 08/11/2021 - 23:54:22: [SM] Call stack trace:
L 08/11/2021 - 23:54:22: [SM]   [0] PrintToChat
L 08/11/2021 - 23:54:22: [SM]   [1] Line 197, plugin.sp::AttemptInstantDefuse
L 08/11/2021 - 23:54:22: [SM]   [2] Line 104, plugin.sp::Event_BombBeginDefusePlusFrame
L 08/11/2021 - 23:54:25: [SM] Exception reported: Language phrase "InstaDefuseSuccessful" not found (arg 5)
L 08/11/2021 - 23:54:25: [SM] Blaming: retakes-instadefuse.smx
L 08/11/2021 - 23:54:25: [SM] Call stack trace:
L 08/11/2021 - 23:54:26: [SM]   [0] PrintToChat
L 08/11/2021 - 23:54:26: [SM]   [1] Line 197, plugin.sp::AttemptInstantDefuse
L 08/11/2021 - 23:54:26: [SM]   [2] Line 104, plugin.sp::Event_BombBeginDefusePlusFrame
L 08/11/2021 - 23:54:48: [SM] Exception reported: Language phrase "InstaDefuseSuccessful" not found (arg 5)
L 08/11/2021 - 23:54:48: [SM] Blaming: retakes-instadefuse.smx
L 08/11/2021 - 23:54:48: [SM] Call stack trace:
L 08/11/2021 - 23:54:48: [SM]   [0] PrintToChat
L 08/11/2021 - 23:54:48: [SM]   [1] Line 197, plugin.sp::AttemptInstantDefuse
L 08/11/2021 - 23:54:48: [SM]   [2] Line 104, plugin.sp::Event_BombBeginDefusePlusFrame
L 08/11/2021 - 23:55:37: [SM] Exception reported: Language phrase "InstaDefuseSuccessful" not found (arg 5)
L 08/11/2021 - 23:55:37: [SM] Blaming: retakes-instadefuse.smx
L 08/11/2021 - 23:55:37: [SM] Call stack trace:
L 08/11/2021 - 23:55:37: [SM]   [0] PrintToChat
L 08/11/2021 - 23:55:37: [SM]   [1] Line 197, plugin.sp::AttemptInstantDefuse
L 08/11/2021 - 23:55:37: [SM]   [2] Line 104, plugin.sp::Event_BombBeginDefusePlusFrame
L 08/11/2021 - 23:55:52: Error log file session closed.
L 08/11/2021 - 23:55:52: SourceMod error session started
L 08/11/2021 - 23:55:52: Info (map "de_mirage") (file "E:\retake\csgoserver\csgo\addons\sourcemod\logs\errors_20210811.log")
L 08/11/2021 - 23:55:52: [SM] Fatal error encountered parsing translation file "ranks_matchmaking.phrases.txt"
L 08/11/2021 - 23:55:52: [SM] Error (line 0, column 0): Stream failed to open
L 08/11/2021 - 23:55:52: [SM] Fatal error encountered parsing translation file "instadefuse.phrases.txt"
L 08/11/2021 - 23:55:52: [SM] Error (line 0, column 0): Stream failed to open
L 08/11/2021 - 23:55:56: [SM] Exception reported: Language phrase "Unranked" not found (arg 5)
L 08/11/2021 - 23:55:56: [SM] Blaming: ranks_matchmaking.smx
L 08/11/2021 - 23:55:56: [SM] Call stack trace:
L 08/11/2021 - 23:55:56: [SM]   [0] FormatEx
L 08/11/2021 - 23:55:56: [SM]   [1] Line 174, ranks_matchmaking.sp::GetRanksNames
L 08/11/2021 - 23:55:56: [SM]   [2] Line 169, ranks_matchmaking.sp::OnMapStart
L 08/11/2021 - 23:55:56: [nextmap.smx] FATAL: Cannot load map cycle. Nextmap not loaded.
L 08/11/2021 - 23:55:56: [SM] Exception reported: Mapcycle Not Found
L 08/11/2021 - 23:55:56: [SM] Blaming: nextmap.smx
L 08/11/2021 - 23:55:56: [SM] Call stack trace:
L 08/11/2021 - 23:55:56: [SM]   [0] SetFailState
L 08/11/2021 - 23:55:56: [SM]   [1] Line 143, D:\builds\build-sourcemod-msvc12\windows-1.11\build\plugins\nextmap.sp::FindAndSetNextMap
L 08/11/2021 - 23:55:56: [SM]   [2] Line 113, D:\builds\build-sourcemod-msvc12\windows-1.11\build\plugins\nextmap.sp::OnConfigsExecuted
L 08/11/2021 - 23:56:52: [SM] Exception reported: Language phrase "InstaDefuseSuccessful" not found (arg 5)
L 08/11/2021 - 23:56:52: [SM] Blaming: retakes-instadefuse.smx
L 08/11/2021 - 23:56:52: [SM] Call stack trace:
L 08/11/2021 - 23:56:52: [SM]   [0] PrintToChat
L 08/11/2021 - 23:56:52: [SM]   [1] Line 197, plugin.sp::AttemptInstantDefuse
L 08/11/2021 - 23:56:52: [SM]   [2] Line 104, plugin.sp::Event_BombBeginDefusePlusFrame
L 08/11/2021 - 23:57:46: [SM] Exception reported: Language phrase "InstaDefuseSuccessful" not found (arg 5)
L 08/11/2021 - 23:57:46: [SM] Blaming: retakes-instadefuse.smx
L 08/11/2021 - 23:57:47: [SM] Call stack trace:
L 08/11/2021 - 23:57:47: [SM]   [0] PrintToChat
L 08/11/2021 - 23:57:47: [SM]   [1] Line 197, plugin.sp::AttemptInstantDefuse
L 08/11/2021 - 23:57:47: [SM]   [2] Line 104, plugin.sp::Event_BombBeginDefusePlusFrame
L 08/11/2021 - 23:59:15: [SM] Exception reported: Language phrase "InstaDefuseSuccessful" not found (arg 5)
L 08/11/2021 - 23:59:15: [SM] Blaming: retakes-instadefuse.smx
L 08/11/2021 - 23:59:15: [SM] Call stack trace:
L 08/11/2021 - 23:59:15: [SM]   [0] PrintToChat
L 08/11/2021 - 23:59:15: [SM]   [1] Line 197, plugin.sp::AttemptInstantDefuse
L 08/11/2021 - 23:59:15: [SM]   [2] Line 104, plugin.sp::Event_BombBeginDefusePlusFrame
L 08/12/2021 - 00:00:23: Error log file session closed.
