L 06/10/2022 - 01:06:01: SourceMod error session started
L 06/10/2022 - 01:06:01: Info (map "de_mirage") (file "E:\retake\csgoserver\csgo\addons\sourcemod\logs\errors_20220610.log")
L 06/10/2022 - 01:06:01: [SM] Unable to load extension "PhysHooks.ext": Could not find patch signature for symbol: Physics_RunThinkFunctions
L 06/10/2022 - 01:06:04: [SM] Unable to load plugin "bot_inventory.smx": Native "eItems_AreItemsSynced" was not found
L 06/10/2022 - 01:06:04: [SM] Unable to load plugin "bot_stuff.smx": Could not find required plugin "navmesh"
L 06/10/2022 - 01:06:05: [SM] Unable to load plugin "LagCompensation.smx": Required extension "PhysHooks" file("PhysHooks.ext") not running
L 06/10/2022 - 01:06:06: [SM] Fatal error encountered parsing translation file "ranks_matchmaking.phrases.txt"
L 06/10/2022 - 01:06:06: [SM] Error (line 0, column 0): Stream failed to open
L 06/10/2022 - 01:06:06: [SM] Fatal error encountered parsing translation file "instadefuse.phrases.txt"
L 06/10/2022 - 01:06:06: [SM] Error (line 0, column 0): Stream failed to open
L 06/10/2022 - 01:06:26: [SM] Exception reported: Language phrase "Unranked" not found (arg 5)
L 06/10/2022 - 01:06:26: [SM] Blaming: ranks_matchmaking.smx
L 06/10/2022 - 01:06:26: [SM] Call stack trace:
L 06/10/2022 - 01:06:26: [SM]   [0] FormatEx
L 06/10/2022 - 01:06:26: [SM]   [1] Line 174, ranks_matchmaking.sp::GetRanksNames
L 06/10/2022 - 01:06:26: [SM]   [2] Line 169, ranks_matchmaking.sp::OnMapStart
L 06/10/2022 - 01:06:43: Error log file session closed.
L 06/10/2022 - 01:06:43: SourceMod error session started
L 06/10/2022 - 01:06:43: Info (map "de_overpass") (file "E:\retake\csgoserver\csgo\addons\sourcemod\logs\errors_20220610.log")
L 06/10/2022 - 01:06:43: [SM] Fatal error encountered parsing translation file "ranks_matchmaking.phrases.txt"
L 06/10/2022 - 01:06:43: [SM] Error (line 0, column 0): Stream failed to open
L 06/10/2022 - 01:06:43: [SM] Fatal error encountered parsing translation file "instadefuse.phrases.txt"
L 06/10/2022 - 01:06:43: [SM] Error (line 0, column 0): Stream failed to open
L 06/10/2022 - 01:06:45: [SM] Exception reported: Language phrase "Unranked" not found (arg 5)
L 06/10/2022 - 01:06:45: [SM] Blaming: ranks_matchmaking.smx
L 06/10/2022 - 01:06:45: [SM] Call stack trace:
L 06/10/2022 - 01:06:45: [SM]   [0] FormatEx
L 06/10/2022 - 01:06:45: [SM]   [1] Line 174, ranks_matchmaking.sp::GetRanksNames
L 06/10/2022 - 01:06:45: [SM]   [2] Line 169, ranks_matchmaking.sp::OnMapStart
L 06/10/2022 - 01:07:36: Error log file session closed.
L 06/10/2022 - 01:07:36: SourceMod error session started
L 06/10/2022 - 01:07:36: Info (map "de_overpass") (file "E:\retake\csgoserver\csgo\addons\sourcemod\logs\errors_20220610.log")
L 06/10/2022 - 01:07:36: [SM] Fatal error encountered parsing translation file "ranks_matchmaking.phrases.txt"
L 06/10/2022 - 01:07:36: [SM] Error (line 0, column 0): Stream failed to open
L 06/10/2022 - 01:07:36: [SM] Fatal error encountered parsing translation file "instadefuse.phrases.txt"
L 06/10/2022 - 01:07:36: [SM] Error (line 0, column 0): Stream failed to open
L 06/10/2022 - 01:07:38: [SM] Exception reported: Language phrase "Unranked" not found (arg 5)
L 06/10/2022 - 01:07:38: [SM] Blaming: ranks_matchmaking.smx
L 06/10/2022 - 01:07:38: [SM] Call stack trace:
L 06/10/2022 - 01:07:38: [SM]   [0] FormatEx
L 06/10/2022 - 01:07:38: [SM]   [1] Line 174, ranks_matchmaking.sp::GetRanksNames
L 06/10/2022 - 01:07:38: [SM]   [2] Line 169, ranks_matchmaking.sp::OnMapStart
L 06/10/2022 - 01:10:48: [SM] Exception reported: Language phrase "InstaDefuseSuccessful" not found (arg 5)
L 06/10/2022 - 01:10:48: [SM] Blaming: retakes-instadefuse.smx
L 06/10/2022 - 01:10:48: [SM] Call stack trace:
L 06/10/2022 - 01:10:48: [SM]   [0] PrintToChat
L 06/10/2022 - 01:10:48: [SM]   [1] Line 197, plugin.sp::AttemptInstantDefuse
L 06/10/2022 - 01:10:48: [SM]   [2] Line 104, plugin.sp::Event_BombBeginDefusePlusFrame
L 06/10/2022 - 01:11:56: [SM] Exception reported: Language phrase "InstaDefuseSuccessful" not found (arg 5)
L 06/10/2022 - 01:11:56: [SM] Blaming: retakes-instadefuse.smx
L 06/10/2022 - 01:11:56: [SM] Call stack trace:
L 06/10/2022 - 01:11:56: [SM]   [0] PrintToChat
L 06/10/2022 - 01:11:56: [SM]   [1] Line 197, plugin.sp::AttemptInstantDefuse
L 06/10/2022 - 01:11:56: [SM]   [2] Line 104, plugin.sp::Event_BombBeginDefusePlusFrame
L 06/10/2022 - 01:11:57: [SM] Exception reported: Language phrase "InstaDefuseSuccessful" not found (arg 5)
L 06/10/2022 - 01:11:57: [SM] Blaming: retakes-instadefuse.smx
L 06/10/2022 - 01:11:57: [SM] Call stack trace:
L 06/10/2022 - 01:11:57: [SM]   [0] PrintToChat
L 06/10/2022 - 01:11:57: [SM]   [1] Line 197, plugin.sp::AttemptInstantDefuse
L 06/10/2022 - 01:11:57: [SM]   [2] Line 104, plugin.sp::Event_BombBeginDefusePlusFrame
L 06/10/2022 - 01:12:32: [SM] Exception reported: Language phrase "InstaDefuseSuccessful" not found (arg 5)
L 06/10/2022 - 01:12:32: [SM] Blaming: retakes-instadefuse.smx
L 06/10/2022 - 01:12:32: [SM] Call stack trace:
L 06/10/2022 - 01:12:32: [SM]   [0] PrintToChat
L 06/10/2022 - 01:12:32: [SM]   [1] Line 197, plugin.sp::AttemptInstantDefuse
L 06/10/2022 - 01:12:32: [SM]   [2] Line 104, plugin.sp::Event_BombBeginDefusePlusFrame
L 06/10/2022 - 01:12:50: [SM] Exception reported: Language phrase "InstaDefuseSuccessful" not found (arg 5)
L 06/10/2022 - 01:12:50: [SM] Blaming: retakes-instadefuse.smx
L 06/10/2022 - 01:12:50: [SM] Call stack trace:
L 06/10/2022 - 01:12:50: [SM]   [0] PrintToChat
L 06/10/2022 - 01:12:50: [SM]   [1] Line 197, plugin.sp::AttemptInstantDefuse
L 06/10/2022 - 01:12:50: [SM]   [2] Line 104, plugin.sp::Event_BombBeginDefusePlusFrame
L 06/10/2022 - 01:12:51: [SM] Exception reported: Language phrase "InstaDefuseSuccessful" not found (arg 5)
L 06/10/2022 - 01:12:51: [SM] Blaming: retakes-instadefuse.smx
L 06/10/2022 - 01:12:51: [SM] Call stack trace:
L 06/10/2022 - 01:12:51: [SM]   [0] PrintToChat
L 06/10/2022 - 01:12:51: [SM]   [1] Line 197, plugin.sp::AttemptInstantDefuse
L 06/10/2022 - 01:12:51: [SM]   [2] Line 104, plugin.sp::Event_BombBeginDefusePlusFrame
L 06/10/2022 - 01:13:17: [SM] Exception reported: Language phrase "InstaDefuseSuccessful" not found (arg 5)
L 06/10/2022 - 01:13:17: [SM] Blaming: retakes-instadefuse.smx
L 06/10/2022 - 01:13:17: [SM] Call stack trace:
L 06/10/2022 - 01:13:17: [SM]   [0] PrintToChat
L 06/10/2022 - 01:13:17: [SM]   [1] Line 197, plugin.sp::AttemptInstantDefuse
L 06/10/2022 - 01:13:17: [SM]   [2] Line 104, plugin.sp::Event_BombBeginDefusePlusFrame
L 06/10/2022 - 01:13:30: [SM] Exception reported: Language phrase "InstaDefuseSuccessful" not found (arg 5)
L 06/10/2022 - 01:13:30: [SM] Blaming: retakes-instadefuse.smx
L 06/10/2022 - 01:13:30: [SM] Call stack trace:
L 06/10/2022 - 01:13:30: [SM]   [0] PrintToChat
L 06/10/2022 - 01:13:30: [SM]   [1] Line 197, plugin.sp::AttemptInstantDefuse
L 06/10/2022 - 01:13:30: [SM]   [2] Line 104, plugin.sp::Event_BombBeginDefusePlusFrame
L 06/10/2022 - 01:14:43: [SM] Exception reported: Language phrase "InstaDefuseSuccessful" not found (arg 5)
L 06/10/2022 - 01:14:43: [SM] Blaming: retakes-instadefuse.smx
L 06/10/2022 - 01:14:43: [SM] Call stack trace:
L 06/10/2022 - 01:14:43: [SM]   [0] PrintToChat
L 06/10/2022 - 01:14:43: [SM]   [1] Line 197, plugin.sp::AttemptInstantDefuse
L 06/10/2022 - 01:14:43: [SM]   [2] Line 104, plugin.sp::Event_BombBeginDefusePlusFrame
L 06/10/2022 - 01:15:01: [SM] Exception reported: Language phrase "InstaDefuseSuccessful" not found (arg 5)
L 06/10/2022 - 01:15:01: [SM] Blaming: retakes-instadefuse.smx
L 06/10/2022 - 01:15:01: [SM] Call stack trace:
L 06/10/2022 - 01:15:01: [SM]   [0] PrintToChat
L 06/10/2022 - 01:15:01: [SM]   [1] Line 197, plugin.sp::AttemptInstantDefuse
L 06/10/2022 - 01:15:01: [SM]   [2] Line 104, plugin.sp::Event_BombBeginDefusePlusFrame
L 06/10/2022 - 01:15:30: [SM] Exception reported: Language phrase "InstaDefuseSuccessful" not found (arg 5)
L 06/10/2022 - 01:15:30: [SM] Blaming: retakes-instadefuse.smx
L 06/10/2022 - 01:15:30: [SM] Call stack trace:
L 06/10/2022 - 01:15:30: [SM]   [0] PrintToChat
L 06/10/2022 - 01:15:30: [SM]   [1] Line 197, plugin.sp::AttemptInstantDefuse
L 06/10/2022 - 01:15:30: [SM]   [2] Line 104, plugin.sp::Event_BombBeginDefusePlusFrame
L 06/10/2022 - 01:15:46: [SM] Exception reported: Language phrase "InstaDefuseSuccessful" not found (arg 5)
L 06/10/2022 - 01:15:46: [SM] Blaming: retakes-instadefuse.smx
L 06/10/2022 - 01:15:46: [SM] Call stack trace:
L 06/10/2022 - 01:15:46: [SM]   [0] PrintToChat
L 06/10/2022 - 01:15:46: [SM]   [1] Line 197, plugin.sp::AttemptInstantDefuse
L 06/10/2022 - 01:15:46: [SM]   [2] Line 104, plugin.sp::Event_BombBeginDefusePlusFrame
L 06/10/2022 - 01:16:47: [SM] Exception reported: Language phrase "InstaDefuseSuccessful" not found (arg 5)
L 06/10/2022 - 01:16:47: [SM] Blaming: retakes-instadefuse.smx
L 06/10/2022 - 01:16:47: [SM] Call stack trace:
L 06/10/2022 - 01:16:47: [SM]   [0] PrintToChat
L 06/10/2022 - 01:16:48: [SM]   [1] Line 197, plugin.sp::AttemptInstantDefuse
L 06/10/2022 - 01:16:48: [SM]   [2] Line 104, plugin.sp::Event_BombBeginDefusePlusFrame
L 06/10/2022 - 01:17:50: [SM] Exception reported: Language phrase "InstaDefuseSuccessful" not found (arg 5)
L 06/10/2022 - 01:17:50: [SM] Blaming: retakes-instadefuse.smx
L 06/10/2022 - 01:17:50: [SM] Call stack trace:
L 06/10/2022 - 01:17:50: [SM]   [0] PrintToChat
L 06/10/2022 - 01:17:50: [SM]   [1] Line 197, plugin.sp::AttemptInstantDefuse
L 06/10/2022 - 01:17:50: [SM]   [2] Line 104, plugin.sp::Event_BombBeginDefusePlusFrame
L 06/10/2022 - 01:18:39: [SM] Exception reported: Language phrase "InstaDefuseSuccessful" not found (arg 5)
L 06/10/2022 - 01:18:39: [SM] Blaming: retakes-instadefuse.smx
L 06/10/2022 - 01:18:39: [SM] Call stack trace:
L 06/10/2022 - 01:18:39: [SM]   [0] PrintToChat
L 06/10/2022 - 01:18:39: [SM]   [1] Line 197, plugin.sp::AttemptInstantDefuse
L 06/10/2022 - 01:18:39: [SM]   [2] Line 104, plugin.sp::Event_BombBeginDefusePlusFrame
L 06/10/2022 - 01:18:59: [SM] Exception reported: Language phrase "InstaDefuseSuccessful" not found (arg 5)
L 06/10/2022 - 01:18:59: [SM] Blaming: retakes-instadefuse.smx
L 06/10/2022 - 01:18:59: [SM] Call stack trace:
L 06/10/2022 - 01:18:59: [SM]   [0] PrintToChat
L 06/10/2022 - 01:18:59: [SM]   [1] Line 197, plugin.sp::AttemptInstantDefuse
L 06/10/2022 - 01:18:59: [SM]   [2] Line 104, plugin.sp::Event_BombBeginDefusePlusFrame
L 06/10/2022 - 01:19:58: [SM] Exception reported: Language phrase "InstaDefuseSuccessful" not found (arg 5)
L 06/10/2022 - 01:19:58: [SM] Blaming: retakes-instadefuse.smx
L 06/10/2022 - 01:19:58: [SM] Call stack trace:
L 06/10/2022 - 01:19:58: [SM]   [0] PrintToChat
L 06/10/2022 - 01:19:58: [SM]   [1] Line 197, plugin.sp::AttemptInstantDefuse
L 06/10/2022 - 01:19:58: [SM]   [2] Line 104, plugin.sp::Event_BombBeginDefusePlusFrame
L 06/10/2022 - 01:20:18: [SM] Exception reported: Language phrase "InstaDefuseSuccessful" not found (arg 5)
L 06/10/2022 - 01:20:18: [SM] Blaming: retakes-instadefuse.smx
L 06/10/2022 - 01:20:18: [SM] Call stack trace:
L 06/10/2022 - 01:20:18: [SM]   [0] PrintToChat
L 06/10/2022 - 01:20:18: [SM]   [1] Line 197, plugin.sp::AttemptInstantDefuse
L 06/10/2022 - 01:20:18: [SM]   [2] Line 104, plugin.sp::Event_BombBeginDefusePlusFrame
L 06/10/2022 - 01:20:32: [SM] Exception reported: Language phrase "InstaDefuseSuccessful" not found (arg 5)
L 06/10/2022 - 01:20:32: [SM] Blaming: retakes-instadefuse.smx
L 06/10/2022 - 01:20:32: [SM] Call stack trace:
L 06/10/2022 - 01:20:32: [SM]   [0] PrintToChat
L 06/10/2022 - 01:20:32: [SM]   [1] Line 197, plugin.sp::AttemptInstantDefuse
L 06/10/2022 - 01:20:32: [SM]   [2] Line 104, plugin.sp::Event_BombBeginDefusePlusFrame
L 06/10/2022 - 01:21:30: [SM] Exception reported: Language phrase "InstaDefuseSuccessful" not found (arg 5)
L 06/10/2022 - 01:21:30: [SM] Blaming: retakes-instadefuse.smx
L 06/10/2022 - 01:21:30: [SM] Call stack trace:
L 06/10/2022 - 01:21:30: [SM]   [0] PrintToChat
L 06/10/2022 - 01:21:30: [SM]   [1] Line 197, plugin.sp::AttemptInstantDefuse
L 06/10/2022 - 01:21:30: [SM]   [2] Line 104, plugin.sp::Event_BombBeginDefusePlusFrame
L 06/10/2022 - 01:22:10: [SM] Exception reported: Language phrase "InstaDefuseUnsuccessful" not found (arg 5)
L 06/10/2022 - 01:22:10: [SM] Blaming: retakes-instadefuse.smx
L 06/10/2022 - 01:22:10: [SM] Call stack trace:
L 06/10/2022 - 01:22:10: [SM]   [0] PrintToChat
L 06/10/2022 - 01:22:10: [SM]   [1] Line 143, plugin.sp::AttemptInstantDefuse
L 06/10/2022 - 01:22:10: [SM]   [2] Line 104, plugin.sp::Event_BombBeginDefusePlusFrame
L 06/10/2022 - 01:22:10: [SM] Exception reported: Language phrase "InstaDefuseUnsuccessful" not found (arg 5)
L 06/10/2022 - 01:22:10: [SM] Blaming: retakes-instadefuse.smx
L 06/10/2022 - 01:22:10: [SM] Call stack trace:
L 06/10/2022 - 01:22:10: [SM]   [0] PrintToChat
L 06/10/2022 - 01:22:10: [SM]   [1] Line 143, plugin.sp::AttemptInstantDefuse
L 06/10/2022 - 01:22:10: [SM]   [2] Line 104, plugin.sp::Event_BombBeginDefusePlusFrame
L 06/10/2022 - 01:22:10: [SM] Exception reported: Language phrase "InstaDefuseUnsuccessful" not found (arg 5)
L 06/10/2022 - 01:22:10: [SM] Blaming: retakes-instadefuse.smx
L 06/10/2022 - 01:22:10: [SM] Call stack trace:
L 06/10/2022 - 01:22:10: [SM]   [0] PrintToChat
L 06/10/2022 - 01:22:10: [SM]   [1] Line 143, plugin.sp::AttemptInstantDefuse
L 06/10/2022 - 01:22:10: [SM]   [2] Line 104, plugin.sp::Event_BombBeginDefusePlusFrame
L 06/10/2022 - 01:22:10: [SM] Exception reported: Language phrase "InstaDefuseUnsuccessful" not found (arg 5)
L 06/10/2022 - 01:22:10: [SM] Blaming: retakes-instadefuse.smx
L 06/10/2022 - 01:22:10: [SM] Call stack trace:
L 06/10/2022 - 01:22:10: [SM]   [0] PrintToChat
L 06/10/2022 - 01:22:10: [SM]   [1] Line 143, plugin.sp::AttemptInstantDefuse
L 06/10/2022 - 01:22:10: [SM]   [2] Line 104, plugin.sp::Event_BombBeginDefusePlusFrame
L 06/10/2022 - 01:24:37: [SM] Exception reported: Language phrase "InstaDefuseUnsuccessful" not found (arg 5)
L 06/10/2022 - 01:24:37: [SM] Blaming: retakes-instadefuse.smx
L 06/10/2022 - 01:24:37: [SM] Call stack trace:
L 06/10/2022 - 01:24:37: [SM]   [0] PrintToChat
L 06/10/2022 - 01:24:37: [SM]   [1] Line 143, plugin.sp::AttemptInstantDefuse
L 06/10/2022 - 01:24:37: [SM]   [2] Line 104, plugin.sp::Event_BombBeginDefusePlusFrame
L 06/10/2022 - 01:24:37: [SM] Exception reported: Language phrase "InstaDefuseUnsuccessful" not found (arg 5)
L 06/10/2022 - 01:24:37: [SM] Blaming: retakes-instadefuse.smx
L 06/10/2022 - 01:24:37: [SM] Call stack trace:
L 06/10/2022 - 01:24:37: [SM]   [0] PrintToChat
L 06/10/2022 - 01:24:37: [SM]   [1] Line 143, plugin.sp::AttemptInstantDefuse
L 06/10/2022 - 01:24:37: [SM]   [2] Line 104, plugin.sp::Event_BombBeginDefusePlusFrame
L 06/10/2022 - 01:24:38: [SM] Exception reported: Language phrase "InstaDefuseUnsuccessful" not found (arg 5)
L 06/10/2022 - 01:24:38: [SM] Blaming: retakes-instadefuse.smx
L 06/10/2022 - 01:24:38: [SM] Call stack trace:
L 06/10/2022 - 01:24:38: [SM]   [0] PrintToChat
L 06/10/2022 - 01:24:38: [SM]   [1] Line 143, plugin.sp::AttemptInstantDefuse
L 06/10/2022 - 01:24:38: [SM]   [2] Line 104, plugin.sp::Event_BombBeginDefusePlusFrame
L 06/10/2022 - 01:24:38: [SM] Exception reported: Language phrase "InstaDefuseUnsuccessful" not found (arg 5)
L 06/10/2022 - 01:24:38: [SM] Blaming: retakes-instadefuse.smx
L 06/10/2022 - 01:24:38: [SM] Call stack trace:
L 06/10/2022 - 01:24:38: [SM]   [0] PrintToChat
L 06/10/2022 - 01:24:38: [SM]   [1] Line 143, plugin.sp::AttemptInstantDefuse
L 06/10/2022 - 01:24:38: [SM]   [2] Line 104, plugin.sp::Event_BombBeginDefusePlusFrame
L 06/10/2022 - 01:24:55: [SM] Exception reported: Language phrase "InstaDefuseSuccessful" not found (arg 5)
L 06/10/2022 - 01:24:55: [SM] Blaming: retakes-instadefuse.smx
L 06/10/2022 - 01:24:55: [SM] Call stack trace:
L 06/10/2022 - 01:24:55: [SM]   [0] PrintToChat
L 06/10/2022 - 01:24:55: [SM]   [1] Line 197, plugin.sp::AttemptInstantDefuse
L 06/10/2022 - 01:24:55: [SM]   [2] Line 104, plugin.sp::Event_BombBeginDefusePlusFrame
L 06/10/2022 - 01:25:09: [SM] Exception reported: Language phrase "InstaDefuseSuccessful" not found (arg 5)
L 06/10/2022 - 01:25:09: [SM] Blaming: retakes-instadefuse.smx
L 06/10/2022 - 01:25:09: [SM] Call stack trace:
L 06/10/2022 - 01:25:09: [SM]   [0] PrintToChat
L 06/10/2022 - 01:25:09: [SM]   [1] Line 197, plugin.sp::AttemptInstantDefuse
L 06/10/2022 - 01:25:09: [SM]   [2] Line 104, plugin.sp::Event_BombBeginDefusePlusFrame
L 06/10/2022 - 01:25:29: [SM] Exception reported: Language phrase "InstaDefuseSuccessful" not found (arg 5)
L 06/10/2022 - 01:25:29: [SM] Blaming: retakes-instadefuse.smx
L 06/10/2022 - 01:25:29: [SM] Call stack trace:
L 06/10/2022 - 01:25:29: [SM]   [0] PrintToChat
L 06/10/2022 - 01:25:29: [SM]   [1] Line 197, plugin.sp::AttemptInstantDefuse
L 06/10/2022 - 01:25:29: [SM]   [2] Line 104, plugin.sp::Event_BombBeginDefusePlusFrame
L 06/10/2022 - 01:25:47: [SM] Exception reported: Language phrase "InstaDefuseSuccessful" not found (arg 5)
L 06/10/2022 - 01:25:47: [SM] Blaming: retakes-instadefuse.smx
L 06/10/2022 - 01:25:47: [SM] Call stack trace:
L 06/10/2022 - 01:25:47: [SM]   [0] PrintToChat
L 06/10/2022 - 01:25:47: [SM]   [1] Line 197, plugin.sp::AttemptInstantDefuse
L 06/10/2022 - 01:25:47: [SM]   [2] Line 104, plugin.sp::Event_BombBeginDefusePlusFrame
L 06/10/2022 - 01:26:59: [SM] Exception reported: Language phrase "InstaDefuseSuccessful" not found (arg 5)
L 06/10/2022 - 01:26:59: [SM] Blaming: retakes-instadefuse.smx
L 06/10/2022 - 01:26:59: [SM] Call stack trace:
L 06/10/2022 - 01:26:59: [SM]   [0] PrintToChat
L 06/10/2022 - 01:26:59: [SM]   [1] Line 197, plugin.sp::AttemptInstantDefuse
L 06/10/2022 - 01:26:59: [SM]   [2] Line 104, plugin.sp::Event_BombBeginDefusePlusFrame
L 06/10/2022 - 01:27:28: [SM] Exception reported: Language phrase "InstaDefuseSuccessful" not found (arg 5)
L 06/10/2022 - 01:27:28: [SM] Blaming: retakes-instadefuse.smx
L 06/10/2022 - 01:27:28: [SM] Call stack trace:
L 06/10/2022 - 01:27:28: [SM]   [0] PrintToChat
L 06/10/2022 - 01:27:28: [SM]   [1] Line 197, plugin.sp::AttemptInstantDefuse
L 06/10/2022 - 01:27:28: [SM]   [2] Line 104, plugin.sp::Event_BombBeginDefusePlusFrame
L 06/10/2022 - 01:30:19: [SM] Exception reported: Language phrase "InstaDefuseSuccessful" not found (arg 5)
L 06/10/2022 - 01:30:19: [SM] Blaming: retakes-instadefuse.smx
L 06/10/2022 - 01:30:19: [SM] Call stack trace:
L 06/10/2022 - 01:30:19: [SM]   [0] PrintToChat
L 06/10/2022 - 01:30:19: [SM]   [1] Line 197, plugin.sp::AttemptInstantDefuse
L 06/10/2022 - 01:30:19: [SM]   [2] Line 104, plugin.sp::Event_BombBeginDefusePlusFrame
L 06/10/2022 - 01:30:40: [SM] Exception reported: Language phrase "InstaDefuseSuccessful" not found (arg 5)
L 06/10/2022 - 01:30:41: [SM] Blaming: retakes-instadefuse.smx
L 06/10/2022 - 01:30:41: [SM] Call stack trace:
L 06/10/2022 - 01:30:41: [SM]   [0] PrintToChat
L 06/10/2022 - 01:30:41: [SM]   [1] Line 197, plugin.sp::AttemptInstantDefuse
L 06/10/2022 - 01:30:41: [SM]   [2] Line 104, plugin.sp::Event_BombBeginDefusePlusFrame
L 06/10/2022 - 01:31:17: [SM] Exception reported: Language phrase "InstaDefuseSuccessful" not found (arg 5)
L 06/10/2022 - 01:31:17: [SM] Blaming: retakes-instadefuse.smx
L 06/10/2022 - 01:31:17: [SM] Call stack trace:
L 06/10/2022 - 01:31:17: [SM]   [0] PrintToChat
L 06/10/2022 - 01:31:17: [SM]   [1] Line 197, plugin.sp::AttemptInstantDefuse
L 06/10/2022 - 01:31:17: [SM]   [2] Line 104, plugin.sp::Event_BombBeginDefusePlusFrame
L 06/10/2022 - 01:32:57: [SM] Exception reported: Language phrase "InstaDefuseSuccessful" not found (arg 5)
L 06/10/2022 - 01:32:57: [SM] Blaming: retakes-instadefuse.smx
L 06/10/2022 - 01:32:57: [SM] Call stack trace:
L 06/10/2022 - 01:32:57: [SM]   [0] PrintToChat
L 06/10/2022 - 01:32:57: [SM]   [1] Line 197, plugin.sp::AttemptInstantDefuse
L 06/10/2022 - 01:32:57: [SM]   [2] Line 104, plugin.sp::Event_BombBeginDefusePlusFrame
L 06/10/2022 - 01:33:30: [SM] Exception reported: Language phrase "InstaDefuseSuccessful" not found (arg 5)
L 06/10/2022 - 01:33:30: [SM] Blaming: retakes-instadefuse.smx
L 06/10/2022 - 01:33:30: [SM] Call stack trace:
L 06/10/2022 - 01:33:30: [SM]   [0] PrintToChat
L 06/10/2022 - 01:33:30: [SM]   [1] Line 197, plugin.sp::AttemptInstantDefuse
L 06/10/2022 - 01:33:30: [SM]   [2] Line 104, plugin.sp::Event_BombBeginDefusePlusFrame
L 06/10/2022 - 01:34:57: [SM] Exception reported: Language phrase "InstaDefuseSuccessful" not found (arg 5)
L 06/10/2022 - 01:34:57: [SM] Blaming: retakes-instadefuse.smx
L 06/10/2022 - 01:34:57: [SM] Call stack trace:
L 06/10/2022 - 01:34:57: [SM]   [0] PrintToChat
L 06/10/2022 - 01:34:57: [SM]   [1] Line 197, plugin.sp::AttemptInstantDefuse
L 06/10/2022 - 01:34:57: [SM]   [2] Line 104, plugin.sp::Event_BombBeginDefusePlusFrame
L 06/10/2022 - 01:34:58: [SM] Exception reported: Language phrase "InstaDefuseSuccessful" not found (arg 5)
L 06/10/2022 - 01:34:58: [SM] Blaming: retakes-instadefuse.smx
L 06/10/2022 - 01:34:58: [SM] Call stack trace:
L 06/10/2022 - 01:34:58: [SM]   [0] PrintToChat
L 06/10/2022 - 01:34:58: [SM]   [1] Line 197, plugin.sp::AttemptInstantDefuse
L 06/10/2022 - 01:34:58: [SM]   [2] Line 104, plugin.sp::Event_BombBeginDefusePlusFrame
L 06/10/2022 - 01:36:17: [SM] Exception reported: Language phrase "InstaDefuseSuccessful" not found (arg 5)
L 06/10/2022 - 01:36:17: [SM] Blaming: retakes-instadefuse.smx
L 06/10/2022 - 01:36:17: [SM] Call stack trace:
L 06/10/2022 - 01:36:17: [SM]   [0] PrintToChat
L 06/10/2022 - 01:36:17: [SM]   [1] Line 197, plugin.sp::AttemptInstantDefuse
L 06/10/2022 - 01:36:17: [SM]   [2] Line 104, plugin.sp::Event_BombBeginDefusePlusFrame
L 06/10/2022 - 01:36:58: [SM] Exception reported: Language phrase "InstaDefuseSuccessful" not found (arg 5)
L 06/10/2022 - 01:36:58: [SM] Blaming: retakes-instadefuse.smx
L 06/10/2022 - 01:36:58: [SM] Call stack trace:
L 06/10/2022 - 01:36:58: [SM]   [0] PrintToChat
L 06/10/2022 - 01:36:58: [SM]   [1] Line 197, plugin.sp::AttemptInstantDefuse
L 06/10/2022 - 01:36:58: [SM]   [2] Line 104, plugin.sp::Event_BombBeginDefusePlusFrame
L 06/10/2022 - 01:38:21: [SM] Exception reported: Language phrase "InstaDefuseSuccessful" not found (arg 5)
L 06/10/2022 - 01:38:21: [SM] Blaming: retakes-instadefuse.smx
L 06/10/2022 - 01:38:21: [SM] Call stack trace:
L 06/10/2022 - 01:38:21: [SM]   [0] PrintToChat
L 06/10/2022 - 01:38:21: [SM]   [1] Line 197, plugin.sp::AttemptInstantDefuse
L 06/10/2022 - 01:38:21: [SM]   [2] Line 104, plugin.sp::Event_BombBeginDefusePlusFrame
L 06/10/2022 - 01:38:41: [SM] Exception reported: Language phrase "InstaDefuseSuccessful" not found (arg 5)
L 06/10/2022 - 01:38:41: [SM] Blaming: retakes-instadefuse.smx
L 06/10/2022 - 01:38:41: [SM] Call stack trace:
L 06/10/2022 - 01:38:41: [SM]   [0] PrintToChat
L 06/10/2022 - 01:38:41: [SM]   [1] Line 197, plugin.sp::AttemptInstantDefuse
L 06/10/2022 - 01:38:41: [SM]   [2] Line 104, plugin.sp::Event_BombBeginDefusePlusFrame
L 06/10/2022 - 01:39:30: [SM] Exception reported: Language phrase "LiveNadeSomewhere" not found (arg 5)
L 06/10/2022 - 01:39:30: [SM] Blaming: retakes-instadefuse.smx
L 06/10/2022 - 01:39:30: [SM] Call stack trace:
L 06/10/2022 - 01:39:30: [SM]   [0] PrintToChat
L 06/10/2022 - 01:39:30: [SM]   [1] Line 168, plugin.sp::AttemptInstantDefuse
L 06/10/2022 - 01:39:30: [SM]   [2] Line 104, plugin.sp::Event_BombBeginDefusePlusFrame
L 06/10/2022 - 01:39:48: [SM] Exception reported: Language phrase "InstaDefuseSuccessful" not found (arg 5)
L 06/10/2022 - 01:39:48: [SM] Blaming: retakes-instadefuse.smx
L 06/10/2022 - 01:39:48: [SM] Call stack trace:
L 06/10/2022 - 01:39:48: [SM]   [0] PrintToChat
L 06/10/2022 - 01:39:48: [SM]   [1] Line 197, plugin.sp::AttemptInstantDefuse
L 06/10/2022 - 01:39:48: [SM]   [2] Line 104, plugin.sp::Event_BombBeginDefusePlusFrame
L 06/10/2022 - 01:40:03: [SM] Exception reported: Language phrase "InstaDefuseSuccessful" not found (arg 5)
L 06/10/2022 - 01:40:03: [SM] Blaming: retakes-instadefuse.smx
L 06/10/2022 - 01:40:03: [SM] Call stack trace:
L 06/10/2022 - 01:40:03: [SM]   [0] PrintToChat
L 06/10/2022 - 01:40:03: [SM]   [1] Line 197, plugin.sp::AttemptInstantDefuse
L 06/10/2022 - 01:40:03: [SM]   [2] Line 104, plugin.sp::Event_BombBeginDefusePlusFrame
L 06/10/2022 - 01:40:23: [SM] Exception reported: Language phrase "InstaDefuseSuccessful" not found (arg 5)
L 06/10/2022 - 01:40:23: [SM] Blaming: retakes-instadefuse.smx
L 06/10/2022 - 01:40:23: [SM] Call stack trace:
L 06/10/2022 - 01:40:23: [SM]   [0] PrintToChat
L 06/10/2022 - 01:40:23: [SM]   [1] Line 197, plugin.sp::AttemptInstantDefuse
L 06/10/2022 - 01:40:23: [SM]   [2] Line 104, plugin.sp::Event_BombBeginDefusePlusFrame
L 06/10/2022 - 01:40:55: [SM] Exception reported: Language phrase "InstaDefuseSuccessful" not found (arg 5)
L 06/10/2022 - 01:40:55: [SM] Blaming: retakes-instadefuse.smx
L 06/10/2022 - 01:40:56: [SM] Call stack trace:
L 06/10/2022 - 01:40:56: [SM]   [0] PrintToChat
L 06/10/2022 - 01:40:56: [SM]   [1] Line 197, plugin.sp::AttemptInstantDefuse
L 06/10/2022 - 01:40:56: [SM]   [2] Line 104, plugin.sp::Event_BombBeginDefusePlusFrame
L 06/10/2022 - 01:41:09: [SM] Exception reported: Language phrase "InstaDefuseSuccessful" not found (arg 5)
L 06/10/2022 - 01:41:09: [SM] Blaming: retakes-instadefuse.smx
L 06/10/2022 - 01:41:09: [SM] Call stack trace:
L 06/10/2022 - 01:41:09: [SM]   [0] PrintToChat
L 06/10/2022 - 01:41:09: [SM]   [1] Line 197, plugin.sp::AttemptInstantDefuse
L 06/10/2022 - 01:41:09: [SM]   [2] Line 104, plugin.sp::Event_BombBeginDefusePlusFrame
L 06/10/2022 - 01:41:54: [SM] Exception reported: Language phrase "InstaDefuseSuccessful" not found (arg 5)
L 06/10/2022 - 01:41:54: [SM] Blaming: retakes-instadefuse.smx
L 06/10/2022 - 01:41:54: [SM] Call stack trace:
L 06/10/2022 - 01:41:54: [SM]   [0] PrintToChat
L 06/10/2022 - 01:41:54: [SM]   [1] Line 197, plugin.sp::AttemptInstantDefuse
L 06/10/2022 - 01:41:54: [SM]   [2] Line 104, plugin.sp::Event_BombBeginDefusePlusFrame
L 06/10/2022 - 01:42:44: [SM] Exception reported: Language phrase "InstaDefuseSuccessful" not found (arg 5)
L 06/10/2022 - 01:42:44: [SM] Blaming: retakes-instadefuse.smx
L 06/10/2022 - 01:42:44: [SM] Call stack trace:
L 06/10/2022 - 01:42:44: [SM]   [0] PrintToChat
L 06/10/2022 - 01:42:44: [SM]   [1] Line 197, plugin.sp::AttemptInstantDefuse
L 06/10/2022 - 01:42:44: [SM]   [2] Line 104, plugin.sp::Event_BombBeginDefusePlusFrame
L 06/10/2022 - 01:42:57: [SM] Exception reported: Language phrase "InstaDefuseSuccessful" not found (arg 5)
L 06/10/2022 - 01:42:57: [SM] Blaming: retakes-instadefuse.smx
L 06/10/2022 - 01:42:57: [SM] Call stack trace:
L 06/10/2022 - 01:42:57: [SM]   [0] PrintToChat
L 06/10/2022 - 01:42:57: [SM]   [1] Line 197, plugin.sp::AttemptInstantDefuse
L 06/10/2022 - 01:42:57: [SM]   [2] Line 104, plugin.sp::Event_BombBeginDefusePlusFrame
L 06/10/2022 - 01:44:03: [SM] Exception reported: Language phrase "InstaDefuseUnsuccessful" not found (arg 5)
L 06/10/2022 - 01:44:03: [SM] Blaming: retakes-instadefuse.smx
L 06/10/2022 - 01:44:03: [SM] Call stack trace:
L 06/10/2022 - 01:44:03: [SM]   [0] PrintToChat
L 06/10/2022 - 01:44:03: [SM]   [1] Line 143, plugin.sp::AttemptInstantDefuse
L 06/10/2022 - 01:44:03: [SM]   [2] Line 104, plugin.sp::Event_BombBeginDefusePlusFrame
L 06/10/2022 - 01:44:20: [SM] Exception reported: Language phrase "InstaDefuseSuccessful" not found (arg 5)
L 06/10/2022 - 01:44:20: [SM] Blaming: retakes-instadefuse.smx
L 06/10/2022 - 01:44:20: [SM] Call stack trace:
L 06/10/2022 - 01:44:20: [SM]   [0] PrintToChat
L 06/10/2022 - 01:44:20: [SM]   [1] Line 197, plugin.sp::AttemptInstantDefuse
L 06/10/2022 - 01:44:20: [SM]   [2] Line 104, plugin.sp::Event_BombBeginDefusePlusFrame
L 06/10/2022 - 01:44:35: [SM] Exception reported: Language phrase "InstaDefuseSuccessful" not found (arg 5)
L 06/10/2022 - 01:44:35: [SM] Blaming: retakes-instadefuse.smx
L 06/10/2022 - 01:44:35: [SM] Call stack trace:
L 06/10/2022 - 01:44:35: [SM]   [0] PrintToChat
L 06/10/2022 - 01:44:35: [SM]   [1] Line 197, plugin.sp::AttemptInstantDefuse
L 06/10/2022 - 01:44:35: [SM]   [2] Line 104, plugin.sp::Event_BombBeginDefusePlusFrame
L 06/10/2022 - 01:44:48: [SM] Exception reported: Language phrase "InstaDefuseSuccessful" not found (arg 5)
L 06/10/2022 - 01:44:48: [SM] Blaming: retakes-instadefuse.smx
L 06/10/2022 - 01:44:48: [SM] Call stack trace:
L 06/10/2022 - 01:44:48: [SM]   [0] PrintToChat
L 06/10/2022 - 01:44:48: [SM]   [1] Line 197, plugin.sp::AttemptInstantDefuse
L 06/10/2022 - 01:44:48: [SM]   [2] Line 104, plugin.sp::Event_BombBeginDefusePlusFrame
L 06/10/2022 - 01:45:04: Error log file session closed.
L 06/10/2022 - 01:45:04: SourceMod error session started
L 06/10/2022 - 01:45:04: Info (map "de_nuke") (file "E:\retake\csgoserver\csgo\addons\sourcemod\logs\errors_20220610.log")
L 06/10/2022 - 01:45:04: [SM] Fatal error encountered parsing translation file "ranks_matchmaking.phrases.txt"
L 06/10/2022 - 01:45:04: [SM] Error (line 0, column 0): Stream failed to open
L 06/10/2022 - 01:45:04: [SM] Fatal error encountered parsing translation file "instadefuse.phrases.txt"
L 06/10/2022 - 01:45:04: [SM] Error (line 0, column 0): Stream failed to open
L 06/10/2022 - 01:45:05: [SM] Exception reported: Language phrase "Unranked" not found (arg 5)
L 06/10/2022 - 01:45:05: [SM] Blaming: ranks_matchmaking.smx
L 06/10/2022 - 01:45:05: [SM] Call stack trace:
L 06/10/2022 - 01:45:05: [SM]   [0] FormatEx
L 06/10/2022 - 01:45:05: [SM]   [1] Line 174, ranks_matchmaking.sp::GetRanksNames
L 06/10/2022 - 01:45:05: [SM]   [2] Line 169, ranks_matchmaking.sp::OnMapStart
L 06/10/2022 - 01:46:04: [SM] Exception reported: Language phrase "InstaDefuseSuccessful" not found (arg 5)
L 06/10/2022 - 01:46:04: [SM] Blaming: retakes-instadefuse.smx
L 06/10/2022 - 01:46:04: [SM] Call stack trace:
L 06/10/2022 - 01:46:04: [SM]   [0] PrintToChat
L 06/10/2022 - 01:46:04: [SM]   [1] Line 197, plugin.sp::AttemptInstantDefuse
L 06/10/2022 - 01:46:04: [SM]   [2] Line 104, plugin.sp::Event_BombBeginDefusePlusFrame
L 06/10/2022 - 01:46:32: [SM] Exception reported: Language phrase "InstaDefuseSuccessful" not found (arg 5)
L 06/10/2022 - 01:46:32: [SM] Blaming: retakes-instadefuse.smx
L 06/10/2022 - 01:46:32: [SM] Call stack trace:
L 06/10/2022 - 01:46:32: [SM]   [0] PrintToChat
L 06/10/2022 - 01:46:32: [SM]   [1] Line 197, plugin.sp::AttemptInstantDefuse
L 06/10/2022 - 01:46:32: [SM]   [2] Line 104, plugin.sp::Event_BombBeginDefusePlusFrame
L 06/10/2022 - 01:46:33: [SM] Exception reported: Language phrase "InstaDefuseSuccessful" not found (arg 5)
L 06/10/2022 - 01:46:33: [SM] Blaming: retakes-instadefuse.smx
L 06/10/2022 - 01:46:33: [SM] Call stack trace:
L 06/10/2022 - 01:46:33: [SM]   [0] PrintToChat
L 06/10/2022 - 01:46:33: [SM]   [1] Line 197, plugin.sp::AttemptInstantDefuse
L 06/10/2022 - 01:46:33: [SM]   [2] Line 104, plugin.sp::Event_BombBeginDefusePlusFrame
L 06/10/2022 - 01:47:09: [SM] Exception reported: Language phrase "InstaDefuseSuccessful" not found (arg 5)
L 06/10/2022 - 01:47:09: [SM] Blaming: retakes-instadefuse.smx
L 06/10/2022 - 01:47:09: [SM] Call stack trace:
L 06/10/2022 - 01:47:09: [SM]   [0] PrintToChat
L 06/10/2022 - 01:47:09: [SM]   [1] Line 197, plugin.sp::AttemptInstantDefuse
L 06/10/2022 - 01:47:09: [SM]   [2] Line 104, plugin.sp::Event_BombBeginDefusePlusFrame
L 06/10/2022 - 01:47:34: [SM] Exception reported: Language phrase "InstaDefuseSuccessful" not found (arg 5)
L 06/10/2022 - 01:47:34: [SM] Blaming: retakes-instadefuse.smx
L 06/10/2022 - 01:47:34: [SM] Call stack trace:
L 06/10/2022 - 01:47:34: [SM]   [0] PrintToChat
L 06/10/2022 - 01:47:34: [SM]   [1] Line 197, plugin.sp::AttemptInstantDefuse
L 06/10/2022 - 01:47:34: [SM]   [2] Line 104, plugin.sp::Event_BombBeginDefusePlusFrame
L 06/10/2022 - 01:48:00: [SM] Exception reported: Language phrase "InstaDefuseSuccessful" not found (arg 5)
L 06/10/2022 - 01:48:00: [SM] Blaming: retakes-instadefuse.smx
L 06/10/2022 - 01:48:00: [SM] Call stack trace:
L 06/10/2022 - 01:48:00: [SM]   [0] PrintToChat
L 06/10/2022 - 01:48:00: [SM]   [1] Line 197, plugin.sp::AttemptInstantDefuse
L 06/10/2022 - 01:48:00: [SM]   [2] Line 104, plugin.sp::Event_BombBeginDefusePlusFrame
L 06/10/2022 - 01:48:23: [SM] Exception reported: Language phrase "InstaDefuseSuccessful" not found (arg 5)
L 06/10/2022 - 01:48:23: [SM] Blaming: retakes-instadefuse.smx
L 06/10/2022 - 01:48:23: [SM] Call stack trace:
L 06/10/2022 - 01:48:23: [SM]   [0] PrintToChat
L 06/10/2022 - 01:48:23: [SM]   [1] Line 197, plugin.sp::AttemptInstantDefuse
L 06/10/2022 - 01:48:23: [SM]   [2] Line 104, plugin.sp::Event_BombBeginDefusePlusFrame
L 06/10/2022 - 01:49:10: [SM] Exception reported: Language phrase "InstaDefuseSuccessful" not found (arg 5)
L 06/10/2022 - 01:49:10: [SM] Blaming: retakes-instadefuse.smx
L 06/10/2022 - 01:49:10: [SM] Call stack trace:
L 06/10/2022 - 01:49:10: [SM]   [0] PrintToChat
L 06/10/2022 - 01:49:10: [SM]   [1] Line 197, plugin.sp::AttemptInstantDefuse
L 06/10/2022 - 01:49:10: [SM]   [2] Line 104, plugin.sp::Event_BombBeginDefusePlusFrame
L 06/10/2022 - 01:49:29: [SM] Exception reported: Language phrase "InstaDefuseSuccessful" not found (arg 5)
L 06/10/2022 - 01:49:29: [SM] Blaming: retakes-instadefuse.smx
L 06/10/2022 - 01:49:29: [SM] Call stack trace:
L 06/10/2022 - 01:49:29: [SM]   [0] PrintToChat
L 06/10/2022 - 01:49:29: [SM]   [1] Line 197, plugin.sp::AttemptInstantDefuse
L 06/10/2022 - 01:49:29: [SM]   [2] Line 104, plugin.sp::Event_BombBeginDefusePlusFrame
L 06/10/2022 - 01:50:33: [SM] Exception reported: Language phrase "InstaDefuseSuccessful" not found (arg 5)
L 06/10/2022 - 01:50:33: [SM] Blaming: retakes-instadefuse.smx
L 06/10/2022 - 01:50:33: [SM] Call stack trace:
L 06/10/2022 - 01:50:33: [SM]   [0] PrintToChat
L 06/10/2022 - 01:50:33: [SM]   [1] Line 197, plugin.sp::AttemptInstantDefuse
L 06/10/2022 - 01:50:33: [SM]   [2] Line 104, plugin.sp::Event_BombBeginDefusePlusFrame
L 06/10/2022 - 01:50:50: [SM] Exception reported: Language phrase "InstaDefuseSuccessful" not found (arg 5)
L 06/10/2022 - 01:50:50: [SM] Blaming: retakes-instadefuse.smx
L 06/10/2022 - 01:50:50: [SM] Call stack trace:
L 06/10/2022 - 01:50:50: [SM]   [0] PrintToChat
L 06/10/2022 - 01:50:50: [SM]   [1] Line 197, plugin.sp::AttemptInstantDefuse
L 06/10/2022 - 01:50:50: [SM]   [2] Line 104, plugin.sp::Event_BombBeginDefusePlusFrame
L 06/10/2022 - 01:52:28: [SM] Exception reported: Language phrase "InstaDefuseSuccessful" not found (arg 5)
L 06/10/2022 - 01:52:28: [SM] Blaming: retakes-instadefuse.smx
L 06/10/2022 - 01:52:28: [SM] Call stack trace:
L 06/10/2022 - 01:52:28: [SM]   [0] PrintToChat
L 06/10/2022 - 01:52:28: [SM]   [1] Line 197, plugin.sp::AttemptInstantDefuse
L 06/10/2022 - 01:52:28: [SM]   [2] Line 104, plugin.sp::Event_BombBeginDefusePlusFrame
L 06/10/2022 - 01:54:07: [SM] Exception reported: Language phrase "InstaDefuseSuccessful" not found (arg 5)
L 06/10/2022 - 01:54:07: [SM] Blaming: retakes-instadefuse.smx
L 06/10/2022 - 01:54:07: [SM] Call stack trace:
L 06/10/2022 - 01:54:07: [SM]   [0] PrintToChat
L 06/10/2022 - 01:54:07: [SM]   [1] Line 197, plugin.sp::AttemptInstantDefuse
L 06/10/2022 - 01:54:07: [SM]   [2] Line 104, plugin.sp::Event_BombBeginDefusePlusFrame
L 06/10/2022 - 01:54:40: [SM] Exception reported: Language phrase "InstaDefuseSuccessful" not found (arg 5)
L 06/10/2022 - 01:54:40: [SM] Blaming: retakes-instadefuse.smx
L 06/10/2022 - 01:54:40: [SM] Call stack trace:
L 06/10/2022 - 01:54:40: [SM]   [0] PrintToChat
L 06/10/2022 - 01:54:40: [SM]   [1] Line 197, plugin.sp::AttemptInstantDefuse
L 06/10/2022 - 01:54:40: [SM]   [2] Line 104, plugin.sp::Event_BombBeginDefusePlusFrame
L 06/10/2022 - 01:55:18: [SM] Exception reported: Language phrase "InstaDefuseSuccessful" not found (arg 5)
L 06/10/2022 - 01:55:18: [SM] Blaming: retakes-instadefuse.smx
L 06/10/2022 - 01:55:18: [SM] Call stack trace:
L 06/10/2022 - 01:55:18: [SM]   [0] PrintToChat
L 06/10/2022 - 01:55:18: [SM]   [1] Line 197, plugin.sp::AttemptInstantDefuse
L 06/10/2022 - 01:55:18: [SM]   [2] Line 104, plugin.sp::Event_BombBeginDefusePlusFrame
L 06/10/2022 - 01:57:39: [SM] Exception reported: Language phrase "InstaDefuseSuccessful" not found (arg 5)
L 06/10/2022 - 01:57:39: [SM] Blaming: retakes-instadefuse.smx
L 06/10/2022 - 01:57:39: [SM] Call stack trace:
L 06/10/2022 - 01:57:39: [SM]   [0] PrintToChat
L 06/10/2022 - 01:57:39: [SM]   [1] Line 197, plugin.sp::AttemptInstantDefuse
L 06/10/2022 - 01:57:39: [SM]   [2] Line 104, plugin.sp::Event_BombBeginDefusePlusFrame
L 06/10/2022 - 01:57:54: [SM] Exception reported: Language phrase "InstaDefuseSuccessful" not found (arg 5)
L 06/10/2022 - 01:57:54: [SM] Blaming: retakes-instadefuse.smx
L 06/10/2022 - 01:57:54: [SM] Call stack trace:
L 06/10/2022 - 01:57:54: [SM]   [0] PrintToChat
L 06/10/2022 - 01:57:54: [SM]   [1] Line 197, plugin.sp::AttemptInstantDefuse
L 06/10/2022 - 01:57:54: [SM]   [2] Line 104, plugin.sp::Event_BombBeginDefusePlusFrame
L 06/10/2022 - 01:58:30: [SM] Exception reported: Language phrase "InstaDefuseSuccessful" not found (arg 5)
L 06/10/2022 - 01:58:30: [SM] Blaming: retakes-instadefuse.smx
L 06/10/2022 - 01:58:30: [SM] Call stack trace:
L 06/10/2022 - 01:58:30: [SM]   [0] PrintToChat
L 06/10/2022 - 01:58:30: [SM]   [1] Line 197, plugin.sp::AttemptInstantDefuse
L 06/10/2022 - 01:58:30: [SM]   [2] Line 104, plugin.sp::Event_BombBeginDefusePlusFrame
L 06/10/2022 - 01:59:00: [SM] Exception reported: Language phrase "InstaDefuseSuccessful" not found (arg 5)
L 06/10/2022 - 01:59:00: [SM] Blaming: retakes-instadefuse.smx
L 06/10/2022 - 01:59:00: [SM] Call stack trace:
L 06/10/2022 - 01:59:00: [SM]   [0] PrintToChat
L 06/10/2022 - 01:59:00: [SM]   [1] Line 197, plugin.sp::AttemptInstantDefuse
L 06/10/2022 - 01:59:00: [SM]   [2] Line 104, plugin.sp::Event_BombBeginDefusePlusFrame
L 06/10/2022 - 02:00:14: [SM] Exception reported: Language phrase "InstaDefuseSuccessful" not found (arg 5)
L 06/10/2022 - 02:00:14: [SM] Blaming: retakes-instadefuse.smx
L 06/10/2022 - 02:00:14: [SM] Call stack trace:
L 06/10/2022 - 02:00:14: [SM]   [0] PrintToChat
L 06/10/2022 - 02:00:14: [SM]   [1] Line 197, plugin.sp::AttemptInstantDefuse
L 06/10/2022 - 02:00:14: [SM]   [2] Line 104, plugin.sp::Event_BombBeginDefusePlusFrame
L 06/10/2022 - 02:01:28: [SM] Exception reported: Language phrase "InstaDefuseSuccessful" not found (arg 5)
L 06/10/2022 - 02:01:28: [SM] Blaming: retakes-instadefuse.smx
L 06/10/2022 - 02:01:28: [SM] Call stack trace:
L 06/10/2022 - 02:01:28: [SM]   [0] PrintToChat
L 06/10/2022 - 02:01:28: [SM]   [1] Line 197, plugin.sp::AttemptInstantDefuse
L 06/10/2022 - 02:01:28: [SM]   [2] Line 104, plugin.sp::Event_BombBeginDefusePlusFrame
L 06/10/2022 - 02:01:44: [SM] Exception reported: Language phrase "InstaDefuseSuccessful" not found (arg 5)
L 06/10/2022 - 02:01:44: [SM] Blaming: retakes-instadefuse.smx
L 06/10/2022 - 02:01:44: [SM] Call stack trace:
L 06/10/2022 - 02:01:44: [SM]   [0] PrintToChat
L 06/10/2022 - 02:01:44: [SM]   [1] Line 197, plugin.sp::AttemptInstantDefuse
L 06/10/2022 - 02:01:44: [SM]   [2] Line 104, plugin.sp::Event_BombBeginDefusePlusFrame
