L 02/04/2022 - 23:21:26: SourceMod error session started
L 02/04/2022 - 23:21:26: Info (map "de_mirage") (file "E:\retake\csgoserver\csgo\addons\sourcemod\logs\errors_20220204.log")
L 02/04/2022 - 23:21:26: [SM] Unable to load extension "PhysHooks.ext": Could not find patch signature for symbol: Physics_RunThinkFunctions
L 02/04/2022 - 23:21:29: [SM] Unable to load plugin "bot_inventory.smx": Native "eItems_AreItemsSynced" was not found
L 02/04/2022 - 23:21:29: [SM] Unable to load plugin "bot_stuff.smx": Could not find required plugin "navmesh"
L 02/04/2022 - 23:21:30: [SM] Unable to load plugin "LagCompensation.smx": Required extension "PhysHooks" file("PhysHooks.ext") not running
L 02/04/2022 - 23:21:31: [SM] Fatal error encountered parsing translation file "ranks_matchmaking.phrases.txt"
L 02/04/2022 - 23:21:31: [SM] Error (line 0, column 0): Stream failed to open
L 02/04/2022 - 23:21:32: [SM] Fatal error encountered parsing translation file "instadefuse.phrases.txt"
L 02/04/2022 - 23:21:32: [SM] Error (line 0, column 0): Stream failed to open
L 02/04/2022 - 23:21:52: [SM] Exception reported: Language phrase "Unranked" not found (arg 5)
L 02/04/2022 - 23:21:52: [SM] Blaming: ranks_matchmaking.smx
L 02/04/2022 - 23:21:52: [SM] Call stack trace:
L 02/04/2022 - 23:21:52: [SM]   [0] FormatEx
L 02/04/2022 - 23:21:52: [SM]   [1] Line 174, ranks_matchmaking.sp::GetRanksNames
L 02/04/2022 - 23:21:52: [SM]   [2] Line 169, ranks_matchmaking.sp::OnMapStart
L 02/04/2022 - 23:22:32: Error log file session closed.
L 02/04/2022 - 23:22:32: SourceMod error session started
L 02/04/2022 - 23:22:32: Info (map "de_mirage") (file "E:\retake\csgoserver\csgo\addons\sourcemod\logs\errors_20220204.log")
L 02/04/2022 - 23:22:32: [SM] Fatal error encountered parsing translation file "ranks_matchmaking.phrases.txt"
L 02/04/2022 - 23:22:32: [SM] Error (line 0, column 0): Stream failed to open
L 02/04/2022 - 23:22:32: [SM] Fatal error encountered parsing translation file "instadefuse.phrases.txt"
L 02/04/2022 - 23:22:32: [SM] Error (line 0, column 0): Stream failed to open
L 02/04/2022 - 23:22:35: [SM] Exception reported: Language phrase "Unranked" not found (arg 5)
L 02/04/2022 - 23:22:35: [SM] Blaming: ranks_matchmaking.smx
L 02/04/2022 - 23:22:35: [SM] Call stack trace:
L 02/04/2022 - 23:22:35: [SM]   [0] FormatEx
L 02/04/2022 - 23:22:35: [SM]   [1] Line 174, ranks_matchmaking.sp::GetRanksNames
L 02/04/2022 - 23:22:35: [SM]   [2] Line 169, ranks_matchmaking.sp::OnMapStart
L 02/04/2022 - 23:27:45: [SM] Exception reported: Language phrase "InstaDefuseSuccessful" not found (arg 5)
L 02/04/2022 - 23:27:45: [SM] Blaming: retakes-instadefuse.smx
L 02/04/2022 - 23:27:45: [SM] Call stack trace:
L 02/04/2022 - 23:27:45: [SM]   [0] PrintToChat
L 02/04/2022 - 23:27:45: [SM]   [1] Line 197, plugin.sp::AttemptInstantDefuse
L 02/04/2022 - 23:27:45: [SM]   [2] Line 104, plugin.sp::Event_BombBeginDefusePlusFrame
L 02/04/2022 - 23:28:04: [SM] Exception reported: Language phrase "InstaDefuseSuccessful" not found (arg 5)
L 02/04/2022 - 23:28:04: [SM] Blaming: retakes-instadefuse.smx
L 02/04/2022 - 23:28:04: [SM] Call stack trace:
L 02/04/2022 - 23:28:04: [SM]   [0] PrintToChat
L 02/04/2022 - 23:28:04: [SM]   [1] Line 197, plugin.sp::AttemptInstantDefuse
L 02/04/2022 - 23:28:04: [SM]   [2] Line 104, plugin.sp::Event_BombBeginDefusePlusFrame
L 02/04/2022 - 23:28:41: [SM] Exception reported: Language phrase "InstaDefuseUnsuccessful" not found (arg 5)
L 02/04/2022 - 23:28:41: [SM] Blaming: retakes-instadefuse.smx
L 02/04/2022 - 23:28:41: [SM] Call stack trace:
L 02/04/2022 - 23:28:41: [SM]   [0] PrintToChat
L 02/04/2022 - 23:28:41: [SM]   [1] Line 143, plugin.sp::AttemptInstantDefuse
L 02/04/2022 - 23:28:41: [SM]   [2] Line 104, plugin.sp::Event_BombBeginDefusePlusFrame
L 02/04/2022 - 23:28:41: [SM] Exception reported: Language phrase "InstaDefuseUnsuccessful" not found (arg 5)
L 02/04/2022 - 23:28:41: [SM] Blaming: retakes-instadefuse.smx
L 02/04/2022 - 23:28:41: [SM] Call stack trace:
L 02/04/2022 - 23:28:41: [SM]   [0] PrintToChat
L 02/04/2022 - 23:28:41: [SM]   [1] Line 143, plugin.sp::AttemptInstantDefuse
L 02/04/2022 - 23:28:41: [SM]   [2] Line 104, plugin.sp::Event_BombBeginDefusePlusFrame
L 02/04/2022 - 23:28:59: [SM] Exception reported: Language phrase "InstaDefuseSuccessful" not found (arg 5)
L 02/04/2022 - 23:28:59: [SM] Blaming: retakes-instadefuse.smx
L 02/04/2022 - 23:28:59: [SM] Call stack trace:
L 02/04/2022 - 23:28:59: [SM]   [0] PrintToChat
L 02/04/2022 - 23:28:59: [SM]   [1] Line 197, plugin.sp::AttemptInstantDefuse
L 02/04/2022 - 23:28:59: [SM]   [2] Line 104, plugin.sp::Event_BombBeginDefusePlusFrame
L 02/04/2022 - 23:29:14: [SM] Exception reported: Language phrase "InstaDefuseSuccessful" not found (arg 5)
L 02/04/2022 - 23:29:14: [SM] Blaming: retakes-instadefuse.smx
L 02/04/2022 - 23:29:14: [SM] Call stack trace:
L 02/04/2022 - 23:29:14: [SM]   [0] PrintToChat
L 02/04/2022 - 23:29:14: [SM]   [1] Line 197, plugin.sp::AttemptInstantDefuse
L 02/04/2022 - 23:29:14: [SM]   [2] Line 104, plugin.sp::Event_BombBeginDefusePlusFrame
L 02/04/2022 - 23:29:15: [SM] Exception reported: Language phrase "InstaDefuseSuccessful" not found (arg 5)
L 02/04/2022 - 23:29:15: [SM] Blaming: retakes-instadefuse.smx
L 02/04/2022 - 23:29:15: [SM] Call stack trace:
L 02/04/2022 - 23:29:15: [SM]   [0] PrintToChat
L 02/04/2022 - 23:29:15: [SM]   [1] Line 197, plugin.sp::AttemptInstantDefuse
L 02/04/2022 - 23:29:15: [SM]   [2] Line 104, plugin.sp::Event_BombBeginDefusePlusFrame
L 02/04/2022 - 23:29:44: [SM] Exception reported: Language phrase "InstaDefuseSuccessful" not found (arg 5)
L 02/04/2022 - 23:29:44: [SM] Blaming: retakes-instadefuse.smx
L 02/04/2022 - 23:29:44: [SM] Call stack trace:
L 02/04/2022 - 23:29:44: [SM]   [0] PrintToChat
L 02/04/2022 - 23:29:45: [SM]   [1] Line 197, plugin.sp::AttemptInstantDefuse
L 02/04/2022 - 23:29:45: [SM]   [2] Line 104, plugin.sp::Event_BombBeginDefusePlusFrame
L 02/04/2022 - 23:30:29: [SM] Exception reported: Language phrase "InstaDefuseSuccessful" not found (arg 5)
L 02/04/2022 - 23:30:29: [SM] Blaming: retakes-instadefuse.smx
L 02/04/2022 - 23:30:29: [SM] Call stack trace:
L 02/04/2022 - 23:30:29: [SM]   [0] PrintToChat
L 02/04/2022 - 23:30:29: [SM]   [1] Line 197, plugin.sp::AttemptInstantDefuse
L 02/04/2022 - 23:30:29: [SM]   [2] Line 104, plugin.sp::Event_BombBeginDefusePlusFrame
L 02/04/2022 - 23:31:09: [SM] Exception reported: Language phrase "InstaDefuseSuccessful" not found (arg 5)
L 02/04/2022 - 23:31:09: [SM] Blaming: retakes-instadefuse.smx
L 02/04/2022 - 23:31:09: [SM] Call stack trace:
L 02/04/2022 - 23:31:09: [SM]   [0] PrintToChat
L 02/04/2022 - 23:31:09: [SM]   [1] Line 197, plugin.sp::AttemptInstantDefuse
L 02/04/2022 - 23:31:09: [SM]   [2] Line 104, plugin.sp::Event_BombBeginDefusePlusFrame
L 02/04/2022 - 23:31:44: [SM] Exception reported: Language phrase "InstaDefuseSuccessful" not found (arg 5)
L 02/04/2022 - 23:31:44: [SM] Blaming: retakes-instadefuse.smx
L 02/04/2022 - 23:31:44: [SM] Call stack trace:
L 02/04/2022 - 23:31:44: [SM]   [0] PrintToChat
L 02/04/2022 - 23:31:44: [SM]   [1] Line 197, plugin.sp::AttemptInstantDefuse
L 02/04/2022 - 23:31:44: [SM]   [2] Line 104, plugin.sp::Event_BombBeginDefusePlusFrame
L 02/04/2022 - 23:31:59: [SM] Exception reported: Language phrase "InstaDefuseSuccessful" not found (arg 5)
L 02/04/2022 - 23:31:59: [SM] Blaming: retakes-instadefuse.smx
L 02/04/2022 - 23:31:59: [SM] Call stack trace:
L 02/04/2022 - 23:31:59: [SM]   [0] PrintToChat
L 02/04/2022 - 23:31:59: [SM]   [1] Line 197, plugin.sp::AttemptInstantDefuse
L 02/04/2022 - 23:31:59: [SM]   [2] Line 104, plugin.sp::Event_BombBeginDefusePlusFrame
L 02/04/2022 - 23:32:22: [SM] Exception reported: Language phrase "InstaDefuseSuccessful" not found (arg 5)
L 02/04/2022 - 23:32:22: [SM] Blaming: retakes-instadefuse.smx
L 02/04/2022 - 23:32:22: [SM] Call stack trace:
L 02/04/2022 - 23:32:22: [SM]   [0] PrintToChat
L 02/04/2022 - 23:32:22: [SM]   [1] Line 197, plugin.sp::AttemptInstantDefuse
L 02/04/2022 - 23:32:22: [SM]   [2] Line 104, plugin.sp::Event_BombBeginDefusePlusFrame
L 02/04/2022 - 23:32:37: [SM] Exception reported: Language phrase "InstaDefuseSuccessful" not found (arg 5)
L 02/04/2022 - 23:32:37: [SM] Blaming: retakes-instadefuse.smx
L 02/04/2022 - 23:32:37: [SM] Call stack trace:
L 02/04/2022 - 23:32:37: [SM]   [0] PrintToChat
L 02/04/2022 - 23:32:37: [SM]   [1] Line 197, plugin.sp::AttemptInstantDefuse
L 02/04/2022 - 23:32:37: [SM]   [2] Line 104, plugin.sp::Event_BombBeginDefusePlusFrame
L 02/04/2022 - 23:32:55: [SM] Exception reported: Language phrase "InstaDefuseSuccessful" not found (arg 5)
L 02/04/2022 - 23:32:55: [SM] Blaming: retakes-instadefuse.smx
L 02/04/2022 - 23:32:55: [SM] Call stack trace:
L 02/04/2022 - 23:32:55: [SM]   [0] PrintToChat
L 02/04/2022 - 23:32:55: [SM]   [1] Line 197, plugin.sp::AttemptInstantDefuse
L 02/04/2022 - 23:32:55: [SM]   [2] Line 104, plugin.sp::Event_BombBeginDefusePlusFrame
L 02/04/2022 - 23:33:11: [SM] Exception reported: Language phrase "InstaDefuseSuccessful" not found (arg 5)
L 02/04/2022 - 23:33:11: [SM] Blaming: retakes-instadefuse.smx
L 02/04/2022 - 23:33:11: [SM] Call stack trace:
L 02/04/2022 - 23:33:11: [SM]   [0] PrintToChat
L 02/04/2022 - 23:33:11: [SM]   [1] Line 197, plugin.sp::AttemptInstantDefuse
L 02/04/2022 - 23:33:11: [SM]   [2] Line 104, plugin.sp::Event_BombBeginDefusePlusFrame
L 02/04/2022 - 23:33:27: [SM] Exception reported: Language phrase "InstaDefuseSuccessful" not found (arg 5)
L 02/04/2022 - 23:33:27: [SM] Blaming: retakes-instadefuse.smx
L 02/04/2022 - 23:33:27: [SM] Call stack trace:
L 02/04/2022 - 23:33:27: [SM]   [0] PrintToChat
L 02/04/2022 - 23:33:27: [SM]   [1] Line 197, plugin.sp::AttemptInstantDefuse
L 02/04/2022 - 23:33:27: [SM]   [2] Line 104, plugin.sp::Event_BombBeginDefusePlusFrame
L 02/04/2022 - 23:33:50: [SM] Exception reported: Language phrase "InstaDefuseSuccessful" not found (arg 5)
L 02/04/2022 - 23:33:50: [SM] Blaming: retakes-instadefuse.smx
L 02/04/2022 - 23:33:50: [SM] Call stack trace:
L 02/04/2022 - 23:33:50: [SM]   [0] PrintToChat
L 02/04/2022 - 23:33:50: [SM]   [1] Line 197, plugin.sp::AttemptInstantDefuse
L 02/04/2022 - 23:33:50: [SM]   [2] Line 104, plugin.sp::Event_BombBeginDefusePlusFrame
L 02/04/2022 - 23:34:08: [SM] Exception reported: Language phrase "InstaDefuseSuccessful" not found (arg 5)
L 02/04/2022 - 23:34:08: [SM] Blaming: retakes-instadefuse.smx
L 02/04/2022 - 23:34:08: [SM] Call stack trace:
L 02/04/2022 - 23:34:08: [SM]   [0] PrintToChat
L 02/04/2022 - 23:34:08: [SM]   [1] Line 197, plugin.sp::AttemptInstantDefuse
L 02/04/2022 - 23:34:08: [SM]   [2] Line 104, plugin.sp::Event_BombBeginDefusePlusFrame
L 02/04/2022 - 23:34:54: [SM] Exception reported: Language phrase "LiveNadeSomewhere" not found (arg 5)
L 02/04/2022 - 23:34:54: [SM] Blaming: retakes-instadefuse.smx
L 02/04/2022 - 23:34:54: [SM] Call stack trace:
L 02/04/2022 - 23:34:54: [SM]   [0] PrintToChat
L 02/04/2022 - 23:34:54: [SM]   [1] Line 168, plugin.sp::AttemptInstantDefuse
L 02/04/2022 - 23:34:54: [SM]   [2] Line 104, plugin.sp::Event_BombBeginDefusePlusFrame
L 02/04/2022 - 23:35:06: [SM] Exception reported: Language phrase "InstaDefuseSuccessful" not found (arg 5)
L 02/04/2022 - 23:35:06: [SM] Blaming: retakes-instadefuse.smx
L 02/04/2022 - 23:35:06: [SM] Call stack trace:
L 02/04/2022 - 23:35:06: [SM]   [0] PrintToChat
L 02/04/2022 - 23:35:06: [SM]   [1] Line 197, plugin.sp::AttemptInstantDefuse
L 02/04/2022 - 23:35:06: [SM]   [2] Line 104, plugin.sp::Event_BombBeginDefusePlusFrame
L 02/04/2022 - 23:35:29: [SM] Exception reported: Language phrase "InstaDefuseSuccessful" not found (arg 5)
L 02/04/2022 - 23:35:29: [SM] Blaming: retakes-instadefuse.smx
L 02/04/2022 - 23:35:29: [SM] Call stack trace:
L 02/04/2022 - 23:35:29: [SM]   [0] PrintToChat
L 02/04/2022 - 23:35:29: [SM]   [1] Line 197, plugin.sp::AttemptInstantDefuse
L 02/04/2022 - 23:35:29: [SM]   [2] Line 104, plugin.sp::Event_BombBeginDefusePlusFrame
L 02/04/2022 - 23:36:05: [SM] Exception reported: Language phrase "InstaDefuseSuccessful" not found (arg 5)
L 02/04/2022 - 23:36:05: [SM] Blaming: retakes-instadefuse.smx
L 02/04/2022 - 23:36:05: [SM] Call stack trace:
L 02/04/2022 - 23:36:05: [SM]   [0] PrintToChat
L 02/04/2022 - 23:36:05: [SM]   [1] Line 197, plugin.sp::AttemptInstantDefuse
L 02/04/2022 - 23:36:05: [SM]   [2] Line 104, plugin.sp::Event_BombBeginDefusePlusFrame
L 02/04/2022 - 23:36:22: [SM] Exception reported: Language phrase "InstaDefuseSuccessful" not found (arg 5)
L 02/04/2022 - 23:36:22: [SM] Blaming: retakes-instadefuse.smx
L 02/04/2022 - 23:36:22: [SM] Call stack trace:
L 02/04/2022 - 23:36:22: [SM]   [0] PrintToChat
L 02/04/2022 - 23:36:22: [SM]   [1] Line 197, plugin.sp::AttemptInstantDefuse
L 02/04/2022 - 23:36:22: [SM]   [2] Line 104, plugin.sp::Event_BombBeginDefusePlusFrame
L 02/04/2022 - 23:36:38: [SM] Exception reported: Language phrase "InstaDefuseSuccessful" not found (arg 5)
L 02/04/2022 - 23:36:38: [SM] Blaming: retakes-instadefuse.smx
L 02/04/2022 - 23:36:38: [SM] Call stack trace:
L 02/04/2022 - 23:36:38: [SM]   [0] PrintToChat
L 02/04/2022 - 23:36:38: [SM]   [1] Line 197, plugin.sp::AttemptInstantDefuse
L 02/04/2022 - 23:36:38: [SM]   [2] Line 104, plugin.sp::Event_BombBeginDefusePlusFrame
L 02/04/2022 - 23:36:52: [SM] Exception reported: Language phrase "InstaDefuseSuccessful" not found (arg 5)
L 02/04/2022 - 23:36:52: [SM] Blaming: retakes-instadefuse.smx
L 02/04/2022 - 23:36:52: [SM] Call stack trace:
L 02/04/2022 - 23:36:52: [SM]   [0] PrintToChat
L 02/04/2022 - 23:36:52: [SM]   [1] Line 197, plugin.sp::AttemptInstantDefuse
L 02/04/2022 - 23:36:52: [SM]   [2] Line 104, plugin.sp::Event_BombBeginDefusePlusFrame
L 02/04/2022 - 23:38:04: [SM] Exception reported: Language phrase "InstaDefuseSuccessful" not found (arg 5)
L 02/04/2022 - 23:38:04: [SM] Blaming: retakes-instadefuse.smx
L 02/04/2022 - 23:38:04: [SM] Call stack trace:
L 02/04/2022 - 23:38:04: [SM]   [0] PrintToChat
L 02/04/2022 - 23:38:04: [SM]   [1] Line 197, plugin.sp::AttemptInstantDefuse
L 02/04/2022 - 23:38:04: [SM]   [2] Line 104, plugin.sp::Event_BombBeginDefusePlusFrame
L 02/04/2022 - 23:38:24: [SM] Exception reported: Language phrase "InstaDefuseSuccessful" not found (arg 5)
L 02/04/2022 - 23:38:24: [SM] Blaming: retakes-instadefuse.smx
L 02/04/2022 - 23:38:24: [SM] Call stack trace:
L 02/04/2022 - 23:38:24: [SM]   [0] PrintToChat
L 02/04/2022 - 23:38:24: [SM]   [1] Line 197, plugin.sp::AttemptInstantDefuse
L 02/04/2022 - 23:38:24: [SM]   [2] Line 104, plugin.sp::Event_BombBeginDefusePlusFrame
L 02/04/2022 - 23:38:26: [SM] Exception reported: Language phrase "InstaDefuseSuccessful" not found (arg 5)
L 02/04/2022 - 23:38:26: [SM] Blaming: retakes-instadefuse.smx
L 02/04/2022 - 23:38:26: [SM] Call stack trace:
L 02/04/2022 - 23:38:26: [SM]   [0] PrintToChat
L 02/04/2022 - 23:38:26: [SM]   [1] Line 197, plugin.sp::AttemptInstantDefuse
L 02/04/2022 - 23:38:26: [SM]   [2] Line 104, plugin.sp::Event_BombBeginDefusePlusFrame
L 02/04/2022 - 23:39:18: [SM] Exception reported: Language phrase "InstaDefuseSuccessful" not found (arg 5)
L 02/04/2022 - 23:39:18: [SM] Blaming: retakes-instadefuse.smx
L 02/04/2022 - 23:39:18: [SM] Call stack trace:
L 02/04/2022 - 23:39:18: [SM]   [0] PrintToChat
L 02/04/2022 - 23:39:18: [SM]   [1] Line 197, plugin.sp::AttemptInstantDefuse
L 02/04/2022 - 23:39:18: [SM]   [2] Line 104, plugin.sp::Event_BombBeginDefusePlusFrame
L 02/04/2022 - 23:40:12: [SM] Exception reported: Language phrase "InstaDefuseSuccessful" not found (arg 5)
L 02/04/2022 - 23:40:12: [SM] Blaming: retakes-instadefuse.smx
L 02/04/2022 - 23:40:12: [SM] Call stack trace:
L 02/04/2022 - 23:40:12: [SM]   [0] PrintToChat
L 02/04/2022 - 23:40:12: [SM]   [1] Line 197, plugin.sp::AttemptInstantDefuse
L 02/04/2022 - 23:40:12: [SM]   [2] Line 104, plugin.sp::Event_BombBeginDefusePlusFrame
L 02/04/2022 - 23:40:29: [SM] Exception reported: Language phrase "InstaDefuseSuccessful" not found (arg 5)
L 02/04/2022 - 23:40:29: [SM] Blaming: retakes-instadefuse.smx
L 02/04/2022 - 23:40:29: [SM] Call stack trace:
L 02/04/2022 - 23:40:29: [SM]   [0] PrintToChat
L 02/04/2022 - 23:40:29: [SM]   [1] Line 197, plugin.sp::AttemptInstantDefuse
L 02/04/2022 - 23:40:29: [SM]   [2] Line 104, plugin.sp::Event_BombBeginDefusePlusFrame
L 02/04/2022 - 23:40:59: [SM] Exception reported: Language phrase "InstaDefuseSuccessful" not found (arg 5)
L 02/04/2022 - 23:40:59: [SM] Blaming: retakes-instadefuse.smx
L 02/04/2022 - 23:40:59: [SM] Call stack trace:
L 02/04/2022 - 23:40:59: [SM]   [0] PrintToChat
L 02/04/2022 - 23:40:59: [SM]   [1] Line 197, plugin.sp::AttemptInstantDefuse
L 02/04/2022 - 23:40:59: [SM]   [2] Line 104, plugin.sp::Event_BombBeginDefusePlusFrame
L 02/04/2022 - 23:41:29: [SM] Exception reported: Language phrase "InstaDefuseSuccessful" not found (arg 5)
L 02/04/2022 - 23:41:29: [SM] Blaming: retakes-instadefuse.smx
L 02/04/2022 - 23:41:29: [SM] Call stack trace:
L 02/04/2022 - 23:41:29: [SM]   [0] PrintToChat
L 02/04/2022 - 23:41:29: [SM]   [1] Line 197, plugin.sp::AttemptInstantDefuse
L 02/04/2022 - 23:41:29: [SM]   [2] Line 104, plugin.sp::Event_BombBeginDefusePlusFrame
L 02/04/2022 - 23:44:15: [SM] Exception reported: Language phrase "InstaDefuseSuccessful" not found (arg 5)
L 02/04/2022 - 23:44:15: [SM] Blaming: retakes-instadefuse.smx
L 02/04/2022 - 23:44:15: [SM] Call stack trace:
L 02/04/2022 - 23:44:15: [SM]   [0] PrintToChat
L 02/04/2022 - 23:44:15: [SM]   [1] Line 197, plugin.sp::AttemptInstantDefuse
L 02/04/2022 - 23:44:15: [SM]   [2] Line 104, plugin.sp::Event_BombBeginDefusePlusFrame
L 02/04/2022 - 23:44:39: [SM] Exception reported: Language phrase "InstaDefuseSuccessful" not found (arg 5)
L 02/04/2022 - 23:44:39: [SM] Blaming: retakes-instadefuse.smx
L 02/04/2022 - 23:44:39: [SM] Call stack trace:
L 02/04/2022 - 23:44:39: [SM]   [0] PrintToChat
L 02/04/2022 - 23:44:39: [SM]   [1] Line 197, plugin.sp::AttemptInstantDefuse
L 02/04/2022 - 23:44:39: [SM]   [2] Line 104, plugin.sp::Event_BombBeginDefusePlusFrame
L 02/04/2022 - 23:44:54: [SM] Exception reported: Language phrase "InstaDefuseSuccessful" not found (arg 5)
L 02/04/2022 - 23:44:54: [SM] Blaming: retakes-instadefuse.smx
L 02/04/2022 - 23:44:54: [SM] Call stack trace:
L 02/04/2022 - 23:44:54: [SM]   [0] PrintToChat
L 02/04/2022 - 23:44:54: [SM]   [1] Line 197, plugin.sp::AttemptInstantDefuse
L 02/04/2022 - 23:44:54: [SM]   [2] Line 104, plugin.sp::Event_BombBeginDefusePlusFrame
L 02/04/2022 - 23:45:44: [SM] Exception reported: Language phrase "InstaDefuseSuccessful" not found (arg 5)
L 02/04/2022 - 23:45:44: [SM] Blaming: retakes-instadefuse.smx
L 02/04/2022 - 23:45:44: [SM] Call stack trace:
L 02/04/2022 - 23:45:44: [SM]   [0] PrintToChat
L 02/04/2022 - 23:45:44: [SM]   [1] Line 197, plugin.sp::AttemptInstantDefuse
L 02/04/2022 - 23:45:44: [SM]   [2] Line 104, plugin.sp::Event_BombBeginDefusePlusFrame
L 02/04/2022 - 23:46:21: [SM] Exception reported: Language phrase "InstaDefuseSuccessful" not found (arg 5)
L 02/04/2022 - 23:46:21: [SM] Blaming: retakes-instadefuse.smx
L 02/04/2022 - 23:46:21: [SM] Call stack trace:
L 02/04/2022 - 23:46:21: [SM]   [0] PrintToChat
L 02/04/2022 - 23:46:21: [SM]   [1] Line 197, plugin.sp::AttemptInstantDefuse
L 02/04/2022 - 23:46:21: [SM]   [2] Line 104, plugin.sp::Event_BombBeginDefusePlusFrame
L 02/04/2022 - 23:46:40: [SM] Exception reported: Language phrase "InstaDefuseSuccessful" not found (arg 5)
L 02/04/2022 - 23:46:40: [SM] Blaming: retakes-instadefuse.smx
L 02/04/2022 - 23:46:40: [SM] Call stack trace:
L 02/04/2022 - 23:46:40: [SM]   [0] PrintToChat
L 02/04/2022 - 23:46:40: [SM]   [1] Line 197, plugin.sp::AttemptInstantDefuse
L 02/04/2022 - 23:46:40: [SM]   [2] Line 104, plugin.sp::Event_BombBeginDefusePlusFrame
L 02/04/2022 - 23:48:53: [SM] Exception reported: Language phrase "InstaDefuseSuccessful" not found (arg 5)
L 02/04/2022 - 23:48:53: [SM] Blaming: retakes-instadefuse.smx
L 02/04/2022 - 23:48:53: [SM] Call stack trace:
L 02/04/2022 - 23:48:53: [SM]   [0] PrintToChat
L 02/04/2022 - 23:48:53: [SM]   [1] Line 197, plugin.sp::AttemptInstantDefuse
L 02/04/2022 - 23:48:53: [SM]   [2] Line 104, plugin.sp::Event_BombBeginDefusePlusFrame
L 02/04/2022 - 23:49:29: [SM] Exception reported: Language phrase "InstaDefuseUnsuccessful" not found (arg 5)
L 02/04/2022 - 23:49:29: [SM] Blaming: retakes-instadefuse.smx
L 02/04/2022 - 23:49:29: [SM] Call stack trace:
L 02/04/2022 - 23:49:29: [SM]   [0] PrintToChat
L 02/04/2022 - 23:49:29: [SM]   [1] Line 143, plugin.sp::AttemptInstantDefuse
L 02/04/2022 - 23:49:29: [SM]   [2] Line 104, plugin.sp::Event_BombBeginDefusePlusFrame
L 02/04/2022 - 23:49:30: [SM] Exception reported: Language phrase "InstaDefuseUnsuccessful" not found (arg 5)
L 02/04/2022 - 23:49:30: [SM] Blaming: retakes-instadefuse.smx
L 02/04/2022 - 23:49:30: [SM] Call stack trace:
L 02/04/2022 - 23:49:30: [SM]   [0] PrintToChat
L 02/04/2022 - 23:49:30: [SM]   [1] Line 143, plugin.sp::AttemptInstantDefuse
L 02/04/2022 - 23:49:30: [SM]   [2] Line 104, plugin.sp::Event_BombBeginDefusePlusFrame
L 02/04/2022 - 23:49:30: [SM] Exception reported: Language phrase "InstaDefuseUnsuccessful" not found (arg 5)
L 02/04/2022 - 23:49:30: [SM] Blaming: retakes-instadefuse.smx
L 02/04/2022 - 23:49:30: [SM] Call stack trace:
L 02/04/2022 - 23:49:30: [SM]   [0] PrintToChat
L 02/04/2022 - 23:49:30: [SM]   [1] Line 143, plugin.sp::AttemptInstantDefuse
L 02/04/2022 - 23:49:30: [SM]   [2] Line 104, plugin.sp::Event_BombBeginDefusePlusFrame
L 02/04/2022 - 23:49:30: [SM] Exception reported: Language phrase "InstaDefuseUnsuccessful" not found (arg 5)
L 02/04/2022 - 23:49:30: [SM] Blaming: retakes-instadefuse.smx
L 02/04/2022 - 23:49:30: [SM] Call stack trace:
L 02/04/2022 - 23:49:30: [SM]   [0] PrintToChat
L 02/04/2022 - 23:49:30: [SM]   [1] Line 143, plugin.sp::AttemptInstantDefuse
L 02/04/2022 - 23:49:30: [SM]   [2] Line 104, plugin.sp::Event_BombBeginDefusePlusFrame
L 02/04/2022 - 23:49:30: [SM] Exception reported: Language phrase "InstaDefuseUnsuccessful" not found (arg 5)
L 02/04/2022 - 23:49:30: [SM] Blaming: retakes-instadefuse.smx
L 02/04/2022 - 23:49:30: [SM] Call stack trace:
L 02/04/2022 - 23:49:30: [SM]   [0] PrintToChat
L 02/04/2022 - 23:49:30: [SM]   [1] Line 143, plugin.sp::AttemptInstantDefuse
L 02/04/2022 - 23:49:30: [SM]   [2] Line 104, plugin.sp::Event_BombBeginDefusePlusFrame
L 02/04/2022 - 23:49:31: [SM] Exception reported: Language phrase "InstaDefuseUnsuccessful" not found (arg 5)
L 02/04/2022 - 23:49:31: [SM] Blaming: retakes-instadefuse.smx
L 02/04/2022 - 23:49:31: [SM] Call stack trace:
L 02/04/2022 - 23:49:31: [SM]   [0] PrintToChat
L 02/04/2022 - 23:49:31: [SM]   [1] Line 143, plugin.sp::AttemptInstantDefuse
L 02/04/2022 - 23:49:31: [SM]   [2] Line 104, plugin.sp::Event_BombBeginDefusePlusFrame
L 02/04/2022 - 23:49:31: [SM] Exception reported: Language phrase "InstaDefuseUnsuccessful" not found (arg 5)
L 02/04/2022 - 23:49:31: [SM] Blaming: retakes-instadefuse.smx
L 02/04/2022 - 23:49:31: [SM] Call stack trace:
L 02/04/2022 - 23:49:31: [SM]   [0] PrintToChat
L 02/04/2022 - 23:49:31: [SM]   [1] Line 143, plugin.sp::AttemptInstantDefuse
L 02/04/2022 - 23:49:31: [SM]   [2] Line 104, plugin.sp::Event_BombBeginDefusePlusFrame
L 02/04/2022 - 23:50:07: [SM] Exception reported: Language phrase "InstaDefuseUnsuccessful" not found (arg 5)
L 02/04/2022 - 23:50:07: [SM] Blaming: retakes-instadefuse.smx
L 02/04/2022 - 23:50:07: [SM] Call stack trace:
L 02/04/2022 - 23:50:07: [SM]   [0] PrintToChat
L 02/04/2022 - 23:50:07: [SM]   [1] Line 143, plugin.sp::AttemptInstantDefuse
L 02/04/2022 - 23:50:07: [SM]   [2] Line 104, plugin.sp::Event_BombBeginDefusePlusFrame
L 02/04/2022 - 23:50:07: [SM] Exception reported: Language phrase "InstaDefuseUnsuccessful" not found (arg 5)
L 02/04/2022 - 23:50:07: [SM] Blaming: retakes-instadefuse.smx
L 02/04/2022 - 23:50:07: [SM] Call stack trace:
L 02/04/2022 - 23:50:07: [SM]   [0] PrintToChat
L 02/04/2022 - 23:50:07: [SM]   [1] Line 143, plugin.sp::AttemptInstantDefuse
L 02/04/2022 - 23:50:07: [SM]   [2] Line 104, plugin.sp::Event_BombBeginDefusePlusFrame
L 02/04/2022 - 23:50:07: [SM] Exception reported: Language phrase "InstaDefuseUnsuccessful" not found (arg 5)
L 02/04/2022 - 23:50:07: [SM] Blaming: retakes-instadefuse.smx
L 02/04/2022 - 23:50:07: [SM] Call stack trace:
L 02/04/2022 - 23:50:07: [SM]   [0] PrintToChat
L 02/04/2022 - 23:50:07: [SM]   [1] Line 143, plugin.sp::AttemptInstantDefuse
L 02/04/2022 - 23:50:07: [SM]   [2] Line 104, plugin.sp::Event_BombBeginDefusePlusFrame
L 02/04/2022 - 23:50:07: [SM] Exception reported: Language phrase "InstaDefuseUnsuccessful" not found (arg 5)
L 02/04/2022 - 23:50:07: [SM] Blaming: retakes-instadefuse.smx
L 02/04/2022 - 23:50:07: [SM] Call stack trace:
L 02/04/2022 - 23:50:07: [SM]   [0] PrintToChat
L 02/04/2022 - 23:50:07: [SM]   [1] Line 143, plugin.sp::AttemptInstantDefuse
L 02/04/2022 - 23:50:07: [SM]   [2] Line 104, plugin.sp::Event_BombBeginDefusePlusFrame
L 02/04/2022 - 23:50:08: [SM] Exception reported: Language phrase "InstaDefuseUnsuccessful" not found (arg 5)
L 02/04/2022 - 23:50:08: [SM] Blaming: retakes-instadefuse.smx
L 02/04/2022 - 23:50:08: [SM] Call stack trace:
L 02/04/2022 - 23:50:08: [SM]   [0] PrintToChat
L 02/04/2022 - 23:50:08: [SM]   [1] Line 143, plugin.sp::AttemptInstantDefuse
L 02/04/2022 - 23:50:08: [SM]   [2] Line 104, plugin.sp::Event_BombBeginDefusePlusFrame
L 02/04/2022 - 23:52:11: [SM] Exception reported: Language phrase "InstaDefuseSuccessful" not found (arg 5)
L 02/04/2022 - 23:52:11: [SM] Blaming: retakes-instadefuse.smx
L 02/04/2022 - 23:52:11: [SM] Call stack trace:
L 02/04/2022 - 23:52:11: [SM]   [0] PrintToChat
L 02/04/2022 - 23:52:11: [SM]   [1] Line 197, plugin.sp::AttemptInstantDefuse
L 02/04/2022 - 23:52:11: [SM]   [2] Line 104, plugin.sp::Event_BombBeginDefusePlusFrame
L 02/04/2022 - 23:54:18: [SM] Exception reported: Language phrase "InstaDefuseUnsuccessful" not found (arg 5)
L 02/04/2022 - 23:54:18: [SM] Blaming: retakes-instadefuse.smx
L 02/04/2022 - 23:54:18: [SM] Call stack trace:
L 02/04/2022 - 23:54:18: [SM]   [0] PrintToChat
L 02/04/2022 - 23:54:18: [SM]   [1] Line 143, plugin.sp::AttemptInstantDefuse
L 02/04/2022 - 23:54:18: [SM]   [2] Line 104, plugin.sp::Event_BombBeginDefusePlusFrame
L 02/04/2022 - 23:54:18: [SM] Exception reported: Language phrase "InstaDefuseUnsuccessful" not found (arg 5)
L 02/04/2022 - 23:54:18: [SM] Blaming: retakes-instadefuse.smx
L 02/04/2022 - 23:54:18: [SM] Call stack trace:
L 02/04/2022 - 23:54:18: [SM]   [0] PrintToChat
L 02/04/2022 - 23:54:18: [SM]   [1] Line 143, plugin.sp::AttemptInstantDefuse
L 02/04/2022 - 23:54:18: [SM]   [2] Line 104, plugin.sp::Event_BombBeginDefusePlusFrame
L 02/04/2022 - 23:55:38: [SM] Exception reported: Language phrase "InstaDefuseUnsuccessful" not found (arg 5)
L 02/04/2022 - 23:55:38: [SM] Blaming: retakes-instadefuse.smx
L 02/04/2022 - 23:55:38: [SM] Call stack trace:
L 02/04/2022 - 23:55:38: [SM]   [0] PrintToChat
L 02/04/2022 - 23:55:38: [SM]   [1] Line 143, plugin.sp::AttemptInstantDefuse
L 02/04/2022 - 23:55:38: [SM]   [2] Line 104, plugin.sp::Event_BombBeginDefusePlusFrame
L 02/04/2022 - 23:55:38: [SM] Exception reported: Language phrase "InstaDefuseUnsuccessful" not found (arg 5)
L 02/04/2022 - 23:55:38: [SM] Blaming: retakes-instadefuse.smx
L 02/04/2022 - 23:55:38: [SM] Call stack trace:
L 02/04/2022 - 23:55:38: [SM]   [0] PrintToChat
L 02/04/2022 - 23:55:38: [SM]   [1] Line 143, plugin.sp::AttemptInstantDefuse
L 02/04/2022 - 23:55:38: [SM]   [2] Line 104, plugin.sp::Event_BombBeginDefusePlusFrame
L 02/04/2022 - 23:55:38: [SM] Exception reported: Language phrase "InstaDefuseUnsuccessful" not found (arg 5)
L 02/04/2022 - 23:55:38: [SM] Blaming: retakes-instadefuse.smx
L 02/04/2022 - 23:55:38: [SM] Call stack trace:
L 02/04/2022 - 23:55:38: [SM]   [0] PrintToChat
L 02/04/2022 - 23:55:38: [SM]   [1] Line 143, plugin.sp::AttemptInstantDefuse
L 02/04/2022 - 23:55:38: [SM]   [2] Line 104, plugin.sp::Event_BombBeginDefusePlusFrame
L 02/04/2022 - 23:55:38: [SM] Exception reported: Language phrase "InstaDefuseUnsuccessful" not found (arg 5)
L 02/04/2022 - 23:55:38: [SM] Blaming: retakes-instadefuse.smx
L 02/04/2022 - 23:55:38: [SM] Call stack trace:
L 02/04/2022 - 23:55:38: [SM]   [0] PrintToChat
L 02/04/2022 - 23:55:38: [SM]   [1] Line 143, plugin.sp::AttemptInstantDefuse
L 02/04/2022 - 23:55:38: [SM]   [2] Line 104, plugin.sp::Event_BombBeginDefusePlusFrame
L 02/04/2022 - 23:55:39: [SM] Exception reported: Language phrase "InstaDefuseUnsuccessful" not found (arg 5)
L 02/04/2022 - 23:55:39: [SM] Blaming: retakes-instadefuse.smx
L 02/04/2022 - 23:55:39: [SM] Call stack trace:
L 02/04/2022 - 23:55:39: [SM]   [0] PrintToChat
L 02/04/2022 - 23:55:39: [SM]   [1] Line 143, plugin.sp::AttemptInstantDefuse
L 02/04/2022 - 23:55:39: [SM]   [2] Line 104, plugin.sp::Event_BombBeginDefusePlusFrame
L 02/04/2022 - 23:55:39: [SM] Exception reported: Language phrase "InstaDefuseUnsuccessful" not found (arg 5)
L 02/04/2022 - 23:55:39: [SM] Blaming: retakes-instadefuse.smx
L 02/04/2022 - 23:55:39: [SM] Call stack trace:
L 02/04/2022 - 23:55:39: [SM]   [0] PrintToChat
L 02/04/2022 - 23:55:39: [SM]   [1] Line 143, plugin.sp::AttemptInstantDefuse
L 02/04/2022 - 23:55:39: [SM]   [2] Line 104, plugin.sp::Event_BombBeginDefusePlusFrame
L 02/04/2022 - 23:55:55: [SM] Exception reported: Language phrase "InstaDefuseSuccessful" not found (arg 5)
L 02/04/2022 - 23:55:55: [SM] Blaming: retakes-instadefuse.smx
L 02/04/2022 - 23:55:55: [SM] Call stack trace:
L 02/04/2022 - 23:55:55: [SM]   [0] PrintToChat
L 02/04/2022 - 23:55:55: [SM]   [1] Line 197, plugin.sp::AttemptInstantDefuse
L 02/04/2022 - 23:55:55: [SM]   [2] Line 104, plugin.sp::Event_BombBeginDefusePlusFrame
L 02/04/2022 - 23:56:14: [SM] Exception reported: Language phrase "InstaDefuseSuccessful" not found (arg 5)
L 02/04/2022 - 23:56:14: [SM] Blaming: retakes-instadefuse.smx
L 02/04/2022 - 23:56:14: [SM] Call stack trace:
L 02/04/2022 - 23:56:14: [SM]   [0] PrintToChat
L 02/04/2022 - 23:56:14: [SM]   [1] Line 197, plugin.sp::AttemptInstantDefuse
L 02/04/2022 - 23:56:14: [SM]   [2] Line 104, plugin.sp::Event_BombBeginDefusePlusFrame
L 02/04/2022 - 23:56:46: [SM] Exception reported: Language phrase "InstaDefuseSuccessful" not found (arg 5)
L 02/04/2022 - 23:56:46: [SM] Blaming: retakes-instadefuse.smx
L 02/04/2022 - 23:56:46: [SM] Call stack trace:
L 02/04/2022 - 23:56:46: [SM]   [0] PrintToChat
L 02/04/2022 - 23:56:46: [SM]   [1] Line 197, plugin.sp::AttemptInstantDefuse
L 02/04/2022 - 23:56:46: [SM]   [2] Line 104, plugin.sp::Event_BombBeginDefusePlusFrame
L 02/04/2022 - 23:57:20: [SM] Exception reported: Language phrase "InstaDefuseSuccessful" not found (arg 5)
L 02/04/2022 - 23:57:20: [SM] Blaming: retakes-instadefuse.smx
L 02/04/2022 - 23:57:20: [SM] Call stack trace:
L 02/04/2022 - 23:57:20: [SM]   [0] PrintToChat
L 02/04/2022 - 23:57:20: [SM]   [1] Line 197, plugin.sp::AttemptInstantDefuse
L 02/04/2022 - 23:57:20: [SM]   [2] Line 104, plugin.sp::Event_BombBeginDefusePlusFrame
L 02/04/2022 - 23:58:10: [SM] Exception reported: Language phrase "InstaDefuseSuccessful" not found (arg 5)
L 02/04/2022 - 23:58:10: [SM] Blaming: retakes-instadefuse.smx
L 02/04/2022 - 23:58:10: [SM] Call stack trace:
L 02/04/2022 - 23:58:10: [SM]   [0] PrintToChat
L 02/04/2022 - 23:58:10: [SM]   [1] Line 197, plugin.sp::AttemptInstantDefuse
L 02/04/2022 - 23:58:10: [SM]   [2] Line 104, plugin.sp::Event_BombBeginDefusePlusFrame
L 02/04/2022 - 23:58:34: [SM] Exception reported: Language phrase "InstaDefuseSuccessful" not found (arg 5)
L 02/04/2022 - 23:58:34: [SM] Blaming: retakes-instadefuse.smx
L 02/04/2022 - 23:58:34: [SM] Call stack trace:
L 02/04/2022 - 23:58:34: [SM]   [0] PrintToChat
L 02/04/2022 - 23:58:35: [SM]   [1] Line 197, plugin.sp::AttemptInstantDefuse
L 02/04/2022 - 23:58:35: [SM]   [2] Line 104, plugin.sp::Event_BombBeginDefusePlusFrame
L 02/04/2022 - 23:59:57: [SM] Exception reported: Language phrase "InstaDefuseSuccessful" not found (arg 5)
L 02/04/2022 - 23:59:57: [SM] Blaming: retakes-instadefuse.smx
L 02/04/2022 - 23:59:57: [SM] Call stack trace:
L 02/04/2022 - 23:59:57: [SM]   [0] PrintToChat
L 02/04/2022 - 23:59:57: [SM]   [1] Line 197, plugin.sp::AttemptInstantDefuse
L 02/04/2022 - 23:59:57: [SM]   [2] Line 104, plugin.sp::Event_BombBeginDefusePlusFrame
L 02/05/2022 - 00:00:16: Error log file session closed.
