L 07/19/2021 - 00:05:50: SourceMod error session started
L 07/19/2021 - 00:05:50: Info (map "de_dust2") (file "C:\ESLSERVER\csgoserver\csgo\addons\sourcemod\logs\errors_20210719.log")
L 07/19/2021 - 00:05:50: [SM] Unable to load plugin "bot_inventory.smx": Native "eItems_AreItemsSynced" was not found
L 07/19/2021 - 00:05:50: [SM] Unable to load plugin "bot_stuff.smx": Could not find required plugin "navmesh"
L 07/19/2021 - 00:05:51: [SM] Fatal error encountered parsing translation file "ranks_matchmaking.phrases.txt"
L 07/19/2021 - 00:05:51: [SM] Error (line 0, column 0): Stream failed to open
L 07/19/2021 - 00:05:56: [SM] Exception reported: Language phrase "Unranked" not found (arg 5)
L 07/19/2021 - 00:05:56: [SM] Blaming: ranks_matchmaking.smx
L 07/19/2021 - 00:05:56: [SM] Call stack trace:
L 07/19/2021 - 00:05:56: [SM]   [0] FormatEx
L 07/19/2021 - 00:05:56: [SM]   [1] Line 174, ranks_matchmaking.sp::GetRanksNames
L 07/19/2021 - 00:05:56: [SM]   [2] Line 169, ranks_matchmaking.sp::OnMapStart
L 07/19/2021 - 01:18:38: SourceMod error session started
L 07/19/2021 - 01:18:38: Info (map "de_dust2") (file "E:\retake\csgoserver\csgo\addons\sourcemod\logs\errors_20210719.log")
L 07/19/2021 - 01:18:38: [SM] Unable to load plugin "bot_inventory.smx": Native "eItems_AreItemsSynced" was not found
L 07/19/2021 - 01:18:38: [SM] Unable to load plugin "bot_stuff.smx": Could not find required plugin "navmesh"
L 07/19/2021 - 01:18:39: [SM] Fatal error encountered parsing translation file "ranks_matchmaking.phrases.txt"
L 07/19/2021 - 01:18:39: [SM] Error (line 0, column 0): Stream failed to open
L 07/19/2021 - 01:18:54: [SM] Exception reported: Language phrase "Unranked" not found (arg 5)
L 07/19/2021 - 01:18:54: [SM] Blaming: ranks_matchmaking.smx
L 07/19/2021 - 01:18:54: [SM] Call stack trace:
L 07/19/2021 - 01:18:54: [SM]   [0] FormatEx
L 07/19/2021 - 01:18:54: [SM]   [1] Line 174, ranks_matchmaking.sp::GetRanksNames
L 07/19/2021 - 01:18:54: [SM]   [2] Line 169, ranks_matchmaking.sp::OnMapStart
L 07/19/2021 - 01:19:36: SourceMod error session started
L 07/19/2021 - 01:19:36: Info (map "de_dust2") (file "E:\retake\csgoserver\csgo\addons\sourcemod\logs\errors_20210719.log")
L 07/19/2021 - 01:19:36: [SM] Unable to load plugin "bot_inventory.smx": Native "eItems_AreItemsSynced" was not found
L 07/19/2021 - 01:19:36: [SM] Unable to load plugin "bot_stuff.smx": Could not find required plugin "navmesh"
L 07/19/2021 - 01:19:36: [SM] Fatal error encountered parsing translation file "ranks_matchmaking.phrases.txt"
L 07/19/2021 - 01:19:36: [SM] Error (line 0, column 0): Stream failed to open
L 07/19/2021 - 01:19:39: [SM] Exception reported: Language phrase "Unranked" not found (arg 5)
L 07/19/2021 - 01:19:39: [SM] Blaming: ranks_matchmaking.smx
L 07/19/2021 - 01:19:39: [SM] Call stack trace:
L 07/19/2021 - 01:19:39: [SM]   [0] FormatEx
L 07/19/2021 - 01:19:39: [SM]   [1] Line 174, ranks_matchmaking.sp::GetRanksNames
L 07/19/2021 - 01:19:39: [SM]   [2] Line 169, ranks_matchmaking.sp::OnMapStart
L 07/19/2021 - 01:19:57: [nextmap.smx] FATAL: Cannot load map cycle. Nextmap not loaded.
L 07/19/2021 - 01:19:57: [SM] Exception reported: Mapcycle Not Found
L 07/19/2021 - 01:19:57: [SM] Blaming: nextmap.smx
L 07/19/2021 - 01:19:57: [SM] Call stack trace:
L 07/19/2021 - 01:19:57: [SM]   [0] SetFailState
L 07/19/2021 - 01:19:57: [SM]   [1] Line 143, D:\builds\build-sourcemod-msvc12\windows-1.11\build\plugins\nextmap.sp::FindAndSetNextMap
L 07/19/2021 - 01:19:57: [SM]   [2] Line 113, D:\builds\build-sourcemod-msvc12\windows-1.11\build\plugins\nextmap.sp::OnConfigsExecuted
L 07/19/2021 - 01:20:01: Error log file session closed.
L 07/19/2021 - 01:20:01: SourceMod error session started
L 07/19/2021 - 01:20:01: Info (map "de_dust2") (file "E:\retake\csgoserver\csgo\addons\sourcemod\logs\errors_20210719.log")
L 07/19/2021 - 01:20:01: [SM] Fatal error encountered parsing translation file "ranks_matchmaking.phrases.txt"
L 07/19/2021 - 01:20:01: [SM] Error (line 0, column 0): Stream failed to open
L 07/19/2021 - 01:20:02: [SM] Exception reported: Language phrase "Unranked" not found (arg 5)
L 07/19/2021 - 01:20:02: [SM] Blaming: ranks_matchmaking.smx
L 07/19/2021 - 01:20:02: [SM] Call stack trace:
L 07/19/2021 - 01:20:02: [SM]   [0] FormatEx
L 07/19/2021 - 01:20:02: [SM]   [1] Line 174, ranks_matchmaking.sp::GetRanksNames
L 07/19/2021 - 01:20:02: [SM]   [2] Line 169, ranks_matchmaking.sp::OnMapStart
L 07/19/2021 - 01:20:02: [nextmap.smx] FATAL: Cannot load map cycle. Nextmap not loaded.
L 07/19/2021 - 01:20:02: [SM] Exception reported: Mapcycle Not Found
L 07/19/2021 - 01:20:02: [SM] Blaming: nextmap.smx
L 07/19/2021 - 01:20:02: [SM] Call stack trace:
L 07/19/2021 - 01:20:02: [SM]   [0] SetFailState
L 07/19/2021 - 01:20:02: [SM]   [1] Line 143, D:\builds\build-sourcemod-msvc12\windows-1.11\build\plugins\nextmap.sp::FindAndSetNextMap
L 07/19/2021 - 01:20:02: [SM]   [2] Line 113, D:\builds\build-sourcemod-msvc12\windows-1.11\build\plugins\nextmap.sp::OnConfigsExecuted
L 07/19/2021 - 01:24:22: SourceMod error session started
L 07/19/2021 - 01:24:22: Info (map "de_dust2") (file "E:\retake\csgoserver\csgo\addons\sourcemod\logs\errors_20210719.log")
L 07/19/2021 - 01:24:22: [SM] Unable to load plugin "bot_inventory.smx": Native "eItems_AreItemsSynced" was not found
L 07/19/2021 - 01:24:22: [SM] Unable to load plugin "bot_stuff.smx": Could not find required plugin "navmesh"
L 07/19/2021 - 01:24:22: [SM] Fatal error encountered parsing translation file "ranks_matchmaking.phrases.txt"
L 07/19/2021 - 01:24:22: [SM] Error (line 0, column 0): Stream failed to open
L 07/19/2021 - 01:24:24: [SM] Exception reported: Language phrase "Unranked" not found (arg 5)
L 07/19/2021 - 01:24:24: [SM] Blaming: ranks_matchmaking.smx
L 07/19/2021 - 01:24:24: [SM] Call stack trace:
L 07/19/2021 - 01:24:24: [SM]   [0] FormatEx
L 07/19/2021 - 01:24:24: [SM]   [1] Line 174, ranks_matchmaking.sp::GetRanksNames
L 07/19/2021 - 01:24:24: [SM]   [2] Line 169, ranks_matchmaking.sp::OnMapStart
L 07/19/2021 - 01:24:42: Error log file session closed.
L 07/19/2021 - 01:24:42: SourceMod error session started
L 07/19/2021 - 01:24:42: Info (map "de_dust2") (file "E:\retake\csgoserver\csgo\addons\sourcemod\logs\errors_20210719.log")
L 07/19/2021 - 01:24:42: [SM] Fatal error encountered parsing translation file "ranks_matchmaking.phrases.txt"
L 07/19/2021 - 01:24:42: [SM] Error (line 0, column 0): Stream failed to open
L 07/19/2021 - 01:24:43: [nextmap.smx] FATAL: Cannot load map cycle. Nextmap not loaded.
L 07/19/2021 - 01:24:43: [SM] Exception reported: Mapcycle Not Found
L 07/19/2021 - 01:24:43: [SM] Blaming: nextmap.smx
L 07/19/2021 - 01:24:43: [SM] Call stack trace:
L 07/19/2021 - 01:24:43: [SM]   [0] SetFailState
L 07/19/2021 - 01:24:43: [SM]   [1] Line 143, D:\builds\build-sourcemod-msvc12\windows-1.11\build\plugins\nextmap.sp::FindAndSetNextMap
L 07/19/2021 - 01:24:43: [SM]   [2] Line 113, D:\builds\build-sourcemod-msvc12\windows-1.11\build\plugins\nextmap.sp::OnConfigsExecuted
L 07/19/2021 - 01:24:44: [SM] Exception reported: Language phrase "Unranked" not found (arg 5)
L 07/19/2021 - 01:24:44: [SM] Blaming: ranks_matchmaking.smx
L 07/19/2021 - 01:24:44: [SM] Call stack trace:
L 07/19/2021 - 01:24:44: [SM]   [0] FormatEx
L 07/19/2021 - 01:24:44: [SM]   [1] Line 174, ranks_matchmaking.sp::GetRanksNames
L 07/19/2021 - 01:24:44: [SM]   [2] Line 169, ranks_matchmaking.sp::OnMapStart
L 07/19/2021 - 01:26:17: SourceMod error session started
L 07/19/2021 - 01:26:17: Info (map "de_dust2") (file "E:\retake\csgoserver\csgo\addons\sourcemod\logs\errors_20210719.log")
L 07/19/2021 - 01:26:17: [SM] Unable to load plugin "bot_inventory.smx": Native "eItems_AreItemsSynced" was not found
L 07/19/2021 - 01:26:17: [SM] Unable to load plugin "bot_stuff.smx": Could not find required plugin "navmesh"
L 07/19/2021 - 01:26:18: [SM] Fatal error encountered parsing translation file "ranks_matchmaking.phrases.txt"
L 07/19/2021 - 01:26:18: [SM] Error (line 0, column 0): Stream failed to open
L 07/19/2021 - 01:26:20: [SM] Exception reported: Language phrase "Unranked" not found (arg 5)
L 07/19/2021 - 01:26:20: [SM] Blaming: ranks_matchmaking.smx
L 07/19/2021 - 01:26:20: [SM] Call stack trace:
L 07/19/2021 - 01:26:20: [SM]   [0] FormatEx
L 07/19/2021 - 01:26:20: [SM]   [1] Line 174, ranks_matchmaking.sp::GetRanksNames
L 07/19/2021 - 01:26:20: [SM]   [2] Line 169, ranks_matchmaking.sp::OnMapStart
L 07/19/2021 - 01:29:26: SourceMod error session started
L 07/19/2021 - 01:29:26: Info (map "de_dust2") (file "E:\retake\csgoserver\csgo\addons\sourcemod\logs\errors_20210719.log")
L 07/19/2021 - 01:29:26: [SM] Unable to load plugin "bot_inventory.smx": Native "eItems_AreItemsSynced" was not found
L 07/19/2021 - 01:29:26: [SM] Unable to load plugin "bot_stuff.smx": Could not find required plugin "navmesh"
L 07/19/2021 - 01:29:26: [SM] Fatal error encountered parsing translation file "ranks_matchmaking.phrases.txt"
L 07/19/2021 - 01:29:26: [SM] Error (line 0, column 0): Stream failed to open
L 07/19/2021 - 01:29:26: [SM] Fatal error encountered parsing translation file "instadefuse.phrases.txt"
L 07/19/2021 - 01:29:26: [SM] Error (line 0, column 0): Stream failed to open
L 07/19/2021 - 01:29:29: [SM] Exception reported: Language phrase "Unranked" not found (arg 5)
L 07/19/2021 - 01:29:29: [SM] Blaming: ranks_matchmaking.smx
L 07/19/2021 - 01:29:29: [SM] Call stack trace:
L 07/19/2021 - 01:29:29: [SM]   [0] FormatEx
L 07/19/2021 - 01:29:29: [SM]   [1] Line 174, ranks_matchmaking.sp::GetRanksNames
L 07/19/2021 - 01:29:29: [SM]   [2] Line 169, ranks_matchmaking.sp::OnMapStart
L 07/19/2021 - 01:29:31: [nextmap.smx] FATAL: Cannot load map cycle. Nextmap not loaded.
L 07/19/2021 - 01:29:31: [SM] Exception reported: Mapcycle Not Found
L 07/19/2021 - 01:29:31: [SM] Blaming: nextmap.smx
L 07/19/2021 - 01:29:31: [SM] Call stack trace:
L 07/19/2021 - 01:29:31: [SM]   [0] SetFailState
L 07/19/2021 - 01:29:31: [SM]   [1] Line 143, D:\builds\build-sourcemod-msvc12\windows-1.11\build\plugins\nextmap.sp::FindAndSetNextMap
L 07/19/2021 - 01:29:31: [SM]   [2] Line 113, D:\builds\build-sourcemod-msvc12\windows-1.11\build\plugins\nextmap.sp::OnConfigsExecuted
L 07/19/2021 - 01:29:35: Error log file session closed.
L 07/19/2021 - 01:29:35: SourceMod error session started
L 07/19/2021 - 01:29:35: Info (map "de_dust2") (file "E:\retake\csgoserver\csgo\addons\sourcemod\logs\errors_20210719.log")
L 07/19/2021 - 01:29:35: [SM] Fatal error encountered parsing translation file "ranks_matchmaking.phrases.txt"
L 07/19/2021 - 01:29:35: [SM] Error (line 0, column 0): Stream failed to open
L 07/19/2021 - 01:29:35: [SM] Fatal error encountered parsing translation file "instadefuse.phrases.txt"
L 07/19/2021 - 01:29:35: [SM] Error (line 0, column 0): Stream failed to open
L 07/19/2021 - 01:29:36: [SM] Exception reported: Language phrase "Unranked" not found (arg 5)
L 07/19/2021 - 01:29:36: [SM] Blaming: ranks_matchmaking.smx
L 07/19/2021 - 01:29:36: [SM] Call stack trace:
L 07/19/2021 - 01:29:36: [SM]   [0] FormatEx
L 07/19/2021 - 01:29:36: [SM]   [1] Line 174, ranks_matchmaking.sp::GetRanksNames
L 07/19/2021 - 01:29:36: [SM]   [2] Line 169, ranks_matchmaking.sp::OnMapStart
L 07/19/2021 - 01:29:36: [nextmap.smx] FATAL: Cannot load map cycle. Nextmap not loaded.
L 07/19/2021 - 01:29:36: [SM] Exception reported: Mapcycle Not Found
L 07/19/2021 - 01:29:36: [SM] Blaming: nextmap.smx
L 07/19/2021 - 01:29:36: [SM] Call stack trace:
L 07/19/2021 - 01:29:36: [SM]   [0] SetFailState
L 07/19/2021 - 01:29:36: [SM]   [1] Line 143, D:\builds\build-sourcemod-msvc12\windows-1.11\build\plugins\nextmap.sp::FindAndSetNextMap
L 07/19/2021 - 01:29:36: [SM]   [2] Line 113, D:\builds\build-sourcemod-msvc12\windows-1.11\build\plugins\nextmap.sp::OnConfigsExecuted
L 07/19/2021 - 01:33:06: SourceMod error session started
L 07/19/2021 - 01:33:06: Info (map "de_dust2") (file "E:\retake\csgoserver\csgo\addons\sourcemod\logs\errors_20210719.log")
L 07/19/2021 - 01:33:06: [SM] Unable to load plugin "bot_inventory.smx": Native "eItems_AreItemsSynced" was not found
L 07/19/2021 - 01:33:06: [SM] Unable to load plugin "bot_stuff.smx": Could not find required plugin "navmesh"
L 07/19/2021 - 01:33:06: [SM] Fatal error encountered parsing translation file "ranks_matchmaking.phrases.txt"
L 07/19/2021 - 01:33:06: [SM] Error (line 0, column 0): Stream failed to open
L 07/19/2021 - 01:33:06: [SM] Fatal error encountered parsing translation file "instadefuse.phrases.txt"
L 07/19/2021 - 01:33:06: [SM] Error (line 0, column 0): Stream failed to open
L 07/19/2021 - 01:33:09: [SM] Exception reported: Language phrase "Unranked" not found (arg 5)
L 07/19/2021 - 01:33:09: [SM] Blaming: ranks_matchmaking.smx
L 07/19/2021 - 01:33:09: [SM] Call stack trace:
L 07/19/2021 - 01:33:09: [SM]   [0] FormatEx
L 07/19/2021 - 01:33:09: [SM]   [1] Line 174, ranks_matchmaking.sp::GetRanksNames
L 07/19/2021 - 01:33:09: [SM]   [2] Line 169, ranks_matchmaking.sp::OnMapStart
L 07/19/2021 - 01:33:17: [nextmap.smx] FATAL: Cannot load map cycle. Nextmap not loaded.
L 07/19/2021 - 01:33:17: [SM] Exception reported: Mapcycle Not Found
L 07/19/2021 - 01:33:17: [SM] Blaming: nextmap.smx
L 07/19/2021 - 01:33:17: [SM] Call stack trace:
L 07/19/2021 - 01:33:17: [SM]   [0] SetFailState
L 07/19/2021 - 01:33:17: [SM]   [1] Line 143, D:\builds\build-sourcemod-msvc12\windows-1.11\build\plugins\nextmap.sp::FindAndSetNextMap
L 07/19/2021 - 01:33:17: [SM]   [2] Line 113, D:\builds\build-sourcemod-msvc12\windows-1.11\build\plugins\nextmap.sp::OnConfigsExecuted
L 07/19/2021 - 01:33:21: Error log file session closed.
L 07/19/2021 - 01:33:21: SourceMod error session started
L 07/19/2021 - 01:33:21: Info (map "de_dust2") (file "E:\retake\csgoserver\csgo\addons\sourcemod\logs\errors_20210719.log")
L 07/19/2021 - 01:33:21: [SM] Fatal error encountered parsing translation file "ranks_matchmaking.phrases.txt"
L 07/19/2021 - 01:33:21: [SM] Error (line 0, column 0): Stream failed to open
L 07/19/2021 - 01:33:21: [SM] Fatal error encountered parsing translation file "instadefuse.phrases.txt"
L 07/19/2021 - 01:33:21: [SM] Error (line 0, column 0): Stream failed to open
L 07/19/2021 - 01:33:22: [SM] Exception reported: Language phrase "Unranked" not found (arg 5)
L 07/19/2021 - 01:33:22: [SM] Blaming: ranks_matchmaking.smx
L 07/19/2021 - 01:33:22: [SM] Call stack trace:
L 07/19/2021 - 01:33:22: [SM]   [0] FormatEx
L 07/19/2021 - 01:33:22: [SM]   [1] Line 174, ranks_matchmaking.sp::GetRanksNames
L 07/19/2021 - 01:33:22: [SM]   [2] Line 169, ranks_matchmaking.sp::OnMapStart
L 07/19/2021 - 01:33:22: [nextmap.smx] FATAL: Cannot load map cycle. Nextmap not loaded.
L 07/19/2021 - 01:33:22: [SM] Exception reported: Mapcycle Not Found
L 07/19/2021 - 01:33:22: [SM] Blaming: nextmap.smx
L 07/19/2021 - 01:33:22: [SM] Call stack trace:
L 07/19/2021 - 01:33:22: [SM]   [0] SetFailState
L 07/19/2021 - 01:33:22: [SM]   [1] Line 143, D:\builds\build-sourcemod-msvc12\windows-1.11\build\plugins\nextmap.sp::FindAndSetNextMap
L 07/19/2021 - 01:33:22: [SM]   [2] Line 113, D:\builds\build-sourcemod-msvc12\windows-1.11\build\plugins\nextmap.sp::OnConfigsExecuted
