L 10/29/2021 - 00:03:47: SourceMod error session started
L 10/29/2021 - 00:03:47: Info (map "de_mirage") (file "E:\retake\csgoserver\csgo\addons\sourcemod\logs\errors_20211029.log")
L 10/29/2021 - 00:03:47: [SM] Unable to load extension "PhysHooks.ext": Could not find patch signature for symbol: Physics_RunThinkFunctions
L 10/29/2021 - 00:03:48: [CSTRIKE] Sigscan for HandleCommand_Buy_Internal failed
L 10/29/2021 - 00:03:48: [CSTRIKE] HandleCommand_Buy_Internal detour could not be initialized - Disabled OnBuyCommand forward
L 10/29/2021 - 00:03:48: [SM] Unable to load plugin "bot_inventory.smx": Native "eItems_AreItemsSynced" was not found
L 10/29/2021 - 00:03:48: [CSTRIKE] Sigscan for HandleCommand_Buy_Internal failed
L 10/29/2021 - 00:03:48: [CSTRIKE] HandleCommand_Buy_Internal detour could not be initialized - Disabled OnBuyCommand forward
L 10/29/2021 - 00:03:48: [CSTRIKE] Sigscan for HandleCommand_Buy_Internal failed
L 10/29/2021 - 00:03:48: [CSTRIKE] HandleCommand_Buy_Internal detour could not be initialized - Disabled OnBuyCommand forward
L 10/29/2021 - 00:03:48: [SM] Unable to load plugin "bot_stuff.smx": Could not find required plugin "navmesh"
L 10/29/2021 - 00:03:48: [CSTRIKE] Sigscan for HandleCommand_Buy_Internal failed
L 10/29/2021 - 00:03:48: [CSTRIKE] HandleCommand_Buy_Internal detour could not be initialized - Disabled OnBuyCommand forward
L 10/29/2021 - 00:03:48: [CSTRIKE] Sigscan for HandleCommand_Buy_Internal failed
L 10/29/2021 - 00:03:48: [CSTRIKE] HandleCommand_Buy_Internal detour could not be initialized - Disabled OnBuyCommand forward
L 10/29/2021 - 00:03:48: [CSTRIKE] Sigscan for HandleCommand_Buy_Internal failed
L 10/29/2021 - 00:03:48: [CSTRIKE] HandleCommand_Buy_Internal detour could not be initialized - Disabled OnBuyCommand forward
L 10/29/2021 - 00:03:48: [CSTRIKE] Sigscan for HandleCommand_Buy_Internal failed
L 10/29/2021 - 00:03:48: [CSTRIKE] HandleCommand_Buy_Internal detour could not be initialized - Disabled OnBuyCommand forward
L 10/29/2021 - 00:03:48: [CSTRIKE] Sigscan for HandleCommand_Buy_Internal failed
L 10/29/2021 - 00:03:48: [CSTRIKE] HandleCommand_Buy_Internal detour could not be initialized - Disabled OnBuyCommand forward
L 10/29/2021 - 00:03:48: [CSTRIKE] Sigscan for HandleCommand_Buy_Internal failed
L 10/29/2021 - 00:03:48: [CSTRIKE] HandleCommand_Buy_Internal detour could not be initialized - Disabled OnBuyCommand forward
L 10/29/2021 - 00:03:48: [SM] Unable to load plugin "LagCompensation.smx": Required extension "PhysHooks" file("PhysHooks.ext") not running
L 10/29/2021 - 00:03:48: [CSTRIKE] Sigscan for HandleCommand_Buy_Internal failed
L 10/29/2021 - 00:03:48: [CSTRIKE] HandleCommand_Buy_Internal detour could not be initialized - Disabled OnBuyCommand forward
L 10/29/2021 - 00:03:48: [CSTRIKE] Sigscan for HandleCommand_Buy_Internal failed
L 10/29/2021 - 00:03:48: [CSTRIKE] HandleCommand_Buy_Internal detour could not be initialized - Disabled OnBuyCommand forward
L 10/29/2021 - 00:03:48: [CSTRIKE] Sigscan for HandleCommand_Buy_Internal failed
L 10/29/2021 - 00:03:48: [CSTRIKE] HandleCommand_Buy_Internal detour could not be initialized - Disabled OnBuyCommand forward
L 10/29/2021 - 00:03:48: [CSTRIKE] Sigscan for HandleCommand_Buy_Internal failed
L 10/29/2021 - 00:03:48: [CSTRIKE] HandleCommand_Buy_Internal detour could not be initialized - Disabled OnBuyCommand forward
L 10/29/2021 - 00:03:48: [SM] Fatal error encountered parsing translation file "ranks_matchmaking.phrases.txt"
L 10/29/2021 - 00:03:48: [SM] Error (line 0, column 0): Stream failed to open
L 10/29/2021 - 00:03:48: [CSTRIKE] Sigscan for HandleCommand_Buy_Internal failed
L 10/29/2021 - 00:03:48: [CSTRIKE] HandleCommand_Buy_Internal detour could not be initialized - Disabled OnBuyCommand forward
L 10/29/2021 - 00:03:48: [CSTRIKE] Sigscan for HandleCommand_Buy_Internal failed
L 10/29/2021 - 00:03:48: [CSTRIKE] HandleCommand_Buy_Internal detour could not be initialized - Disabled OnBuyCommand forward
L 10/29/2021 - 00:03:48: [CSTRIKE] Sigscan for HandleCommand_Buy_Internal failed
L 10/29/2021 - 00:03:48: [CSTRIKE] HandleCommand_Buy_Internal detour could not be initialized - Disabled OnBuyCommand forward
L 10/29/2021 - 00:03:48: [SM] Fatal error encountered parsing translation file "instadefuse.phrases.txt"
L 10/29/2021 - 00:03:48: [SM] Error (line 0, column 0): Stream failed to open
L 10/29/2021 - 00:03:48: [CSTRIKE] Sigscan for HandleCommand_Buy_Internal failed
L 10/29/2021 - 00:03:48: [CSTRIKE] HandleCommand_Buy_Internal detour could not be initialized - Disabled OnBuyCommand forward
L 10/29/2021 - 00:03:49: [CSTRIKE] Sigscan for HandleCommand_Buy_Internal failed
L 10/29/2021 - 00:03:49: [CSTRIKE] HandleCommand_Buy_Internal detour could not be initialized - Disabled OnBuyCommand forward
L 10/29/2021 - 00:03:49: [CSTRIKE] Sigscan for HandleCommand_Buy_Internal failed
L 10/29/2021 - 00:03:49: [CSTRIKE] HandleCommand_Buy_Internal detour could not be initialized - Disabled OnBuyCommand forward
L 10/29/2021 - 00:03:49: [CSTRIKE] Sigscan for HandleCommand_Buy_Internal failed
L 10/29/2021 - 00:03:49: [CSTRIKE] HandleCommand_Buy_Internal detour could not be initialized - Disabled OnBuyCommand forward
L 10/29/2021 - 00:04:07: [SM] Exception reported: Language phrase "Unranked" not found (arg 5)
L 10/29/2021 - 00:04:07: [SM] Blaming: ranks_matchmaking.smx
L 10/29/2021 - 00:04:07: [SM] Call stack trace:
L 10/29/2021 - 00:04:07: [SM]   [0] FormatEx
L 10/29/2021 - 00:04:07: [SM]   [1] Line 174, ranks_matchmaking.sp::GetRanksNames
L 10/29/2021 - 00:04:07: [SM]   [2] Line 169, ranks_matchmaking.sp::OnMapStart
L 10/29/2021 - 00:05:12: [SM] Exception reported: Failed to lookup TerminateRound signature.
L 10/29/2021 - 00:05:12: [SM] Blaming: retakes.smx
L 10/29/2021 - 00:05:12: [SM] Call stack trace:
L 10/29/2021 - 00:05:12: [SM]   [0] CS_TerminateRound
L 10/29/2021 - 00:05:12: [SM]   [1] Line 893, ././scripting/retakes.sp::CheckRoundDone
L 10/29/2021 - 00:05:12: [SM]   [2] Line 308, ././scripting/retakes.sp::OnClientDisconnect
L 10/29/2021 - 00:05:12: Error log file session closed.
L 10/29/2021 - 00:05:12: SourceMod error session started
L 10/29/2021 - 00:05:12: Info (map "de_mirage") (file "E:\retake\csgoserver\csgo\addons\sourcemod\logs\errors_20211029.log")
L 10/29/2021 - 00:05:12: [SM] Fatal error encountered parsing translation file "ranks_matchmaking.phrases.txt"
L 10/29/2021 - 00:05:12: [SM] Error (line 0, column 0): Stream failed to open
L 10/29/2021 - 00:05:12: [SM] Fatal error encountered parsing translation file "instadefuse.phrases.txt"
L 10/29/2021 - 00:05:12: [SM] Error (line 0, column 0): Stream failed to open
L 10/29/2021 - 00:05:13: [SM] Exception reported: Language phrase "Unranked" not found (arg 5)
L 10/29/2021 - 00:05:13: [SM] Blaming: ranks_matchmaking.smx
L 10/29/2021 - 00:05:13: [SM] Call stack trace:
L 10/29/2021 - 00:05:13: [SM]   [0] FormatEx
L 10/29/2021 - 00:05:13: [SM]   [1] Line 174, ranks_matchmaking.sp::GetRanksNames
L 10/29/2021 - 00:05:13: [SM]   [2] Line 169, ranks_matchmaking.sp::OnMapStart
L 10/29/2021 - 00:07:27: [SM] Exception reported: Language phrase "InstaDefuseSuccessful" not found (arg 5)
L 10/29/2021 - 00:07:27: [SM] Blaming: retakes-instadefuse.smx
L 10/29/2021 - 00:07:27: [SM] Call stack trace:
L 10/29/2021 - 00:07:27: [SM]   [0] PrintToChat
L 10/29/2021 - 00:07:27: [SM]   [1] Line 197, plugin.sp::AttemptInstantDefuse
L 10/29/2021 - 00:07:27: [SM]   [2] Line 104, plugin.sp::Event_BombBeginDefusePlusFrame
L 10/29/2021 - 00:08:40: [SM] Exception reported: Failed to lookup TerminateRound signature.
L 10/29/2021 - 00:08:40: [SM] Blaming: instadefuse.smx
L 10/29/2021 - 00:08:40: [SM] Call stack trace:
L 10/29/2021 - 00:08:40: [SM]   [0] CS_TerminateRound
L 10/29/2021 - 00:08:40: [SM]   [1] Line 67, /home/forums/content/files/2/7/6/9/3/2/167861.attach::Event_BeginDefuse
L 10/29/2021 - 00:08:40: [SM] Exception reported: Language phrase "InstaDefuseUnsuccessful" not found (arg 5)
L 10/29/2021 - 00:08:40: [SM] Blaming: retakes-instadefuse.smx
L 10/29/2021 - 00:08:40: [SM] Call stack trace:
L 10/29/2021 - 00:08:40: [SM]   [0] PrintToChat
L 10/29/2021 - 00:08:40: [SM]   [1] Line 143, plugin.sp::AttemptInstantDefuse
L 10/29/2021 - 00:08:40: [SM]   [2] Line 104, plugin.sp::Event_BombBeginDefusePlusFrame
L 10/29/2021 - 00:09:12: [SM] Exception reported: Language phrase "InstaDefuseSuccessful" not found (arg 5)
L 10/29/2021 - 00:09:12: [SM] Blaming: retakes-instadefuse.smx
L 10/29/2021 - 00:09:12: [SM] Call stack trace:
L 10/29/2021 - 00:09:12: [SM]   [0] PrintToChat
L 10/29/2021 - 00:09:12: [SM]   [1] Line 197, plugin.sp::AttemptInstantDefuse
L 10/29/2021 - 00:09:12: [SM]   [2] Line 104, plugin.sp::Event_BombBeginDefusePlusFrame
L 10/29/2021 - 00:09:49: [SM] Exception reported: Language phrase "InstaDefuseSuccessful" not found (arg 5)
L 10/29/2021 - 00:09:49: [SM] Blaming: retakes-instadefuse.smx
L 10/29/2021 - 00:09:49: [SM] Call stack trace:
L 10/29/2021 - 00:09:49: [SM]   [0] PrintToChat
L 10/29/2021 - 00:09:49: [SM]   [1] Line 197, plugin.sp::AttemptInstantDefuse
L 10/29/2021 - 00:09:49: [SM]   [2] Line 104, plugin.sp::Event_BombBeginDefusePlusFrame
L 10/29/2021 - 00:10:05: [SM] Exception reported: Language phrase "InstaDefuseSuccessful" not found (arg 5)
L 10/29/2021 - 00:10:05: [SM] Blaming: retakes-instadefuse.smx
L 10/29/2021 - 00:10:05: [SM] Call stack trace:
L 10/29/2021 - 00:10:05: [SM]   [0] PrintToChat
L 10/29/2021 - 00:10:05: [SM]   [1] Line 197, plugin.sp::AttemptInstantDefuse
L 10/29/2021 - 00:10:05: [SM]   [2] Line 104, plugin.sp::Event_BombBeginDefusePlusFrame
L 10/29/2021 - 00:11:44: [SM] Exception reported: Language phrase "InstaDefuseSuccessful" not found (arg 5)
L 10/29/2021 - 00:11:44: [SM] Blaming: retakes-instadefuse.smx
L 10/29/2021 - 00:11:44: [SM] Call stack trace:
L 10/29/2021 - 00:11:44: [SM]   [0] PrintToChat
L 10/29/2021 - 00:11:44: [SM]   [1] Line 197, plugin.sp::AttemptInstantDefuse
L 10/29/2021 - 00:11:44: [SM]   [2] Line 104, plugin.sp::Event_BombBeginDefusePlusFrame
L 10/29/2021 - 00:12:12: [SM] Exception reported: Language phrase "InstaDefuseSuccessful" not found (arg 5)
L 10/29/2021 - 00:12:12: [SM] Blaming: retakes-instadefuse.smx
L 10/29/2021 - 00:12:12: [SM] Call stack trace:
L 10/29/2021 - 00:12:12: [SM]   [0] PrintToChat
L 10/29/2021 - 00:12:12: [SM]   [1] Line 197, plugin.sp::AttemptInstantDefuse
L 10/29/2021 - 00:12:12: [SM]   [2] Line 104, plugin.sp::Event_BombBeginDefusePlusFrame
L 10/29/2021 - 00:12:16: [SM] Exception reported: Failed to lookup TerminateRound signature.
L 10/29/2021 - 00:12:16: [SM] Blaming: retakes.smx
L 10/29/2021 - 00:12:16: [SM] Call stack trace:
L 10/29/2021 - 00:12:16: [SM]   [0] CS_TerminateRound
L 10/29/2021 - 00:12:16: [SM]   [1] Line 893, ././scripting/retakes.sp::CheckRoundDone
L 10/29/2021 - 00:12:16: [SM]   [2] Line 398, ././scripting/retakes.sp::Command_JoinTeam
L 10/29/2021 - 00:12:25: [SM] Exception reported: Failed to lookup TerminateRound signature.
L 10/29/2021 - 00:12:25: [SM] Blaming: retakes.smx
L 10/29/2021 - 00:12:25: [SM] Call stack trace:
L 10/29/2021 - 00:12:25: [SM]   [0] CS_TerminateRound
L 10/29/2021 - 00:12:25: [SM]   [1] Line 893, ././scripting/retakes.sp::CheckRoundDone
L 10/29/2021 - 00:12:25: [SM]   [2] Line 398, ././scripting/retakes.sp::Command_JoinTeam
L 10/29/2021 - 00:18:43: [SM] Exception reported: Failed to lookup TerminateRound signature.
L 10/29/2021 - 00:18:43: [SM] Blaming: retakes.smx
L 10/29/2021 - 00:18:43: [SM] Call stack trace:
L 10/29/2021 - 00:18:43: [SM]   [0] CS_TerminateRound
L 10/29/2021 - 00:18:43: [SM]   [1] Line 422, ././scripting/retakes.sp::PlacePlayer
L 10/29/2021 - 00:18:43: [SM]   [2] Line 402, ././scripting/retakes.sp::Command_JoinTeam
L 10/29/2021 - 00:18:43: [retakes.smx] Failed to get any spawn on de_mirage, site=0, team=1
L 10/29/2021 - 00:30:23: [SM] Exception reported: Failed to lookup TerminateRound signature.
L 10/29/2021 - 00:30:23: [SM] Blaming: retakes.smx
L 10/29/2021 - 00:30:23: [SM] Call stack trace:
L 10/29/2021 - 00:30:23: [SM]   [0] CS_TerminateRound
L 10/29/2021 - 00:30:23: [SM]   [1] Line 893, ././scripting/retakes.sp::CheckRoundDone
L 10/29/2021 - 00:30:23: [SM]   [2] Line 308, ././scripting/retakes.sp::OnClientDisconnect
L 10/29/2021 - 00:39:44: SourceMod error session started
L 10/29/2021 - 00:39:44: Info (map "de_mirage") (file "E:\retake\csgoserver\csgo\addons\sourcemod\logs\errors_20211029.log")
L 10/29/2021 - 00:39:44: [SM] Unable to load extension "PhysHooks.ext": Could not find patch signature for symbol: Physics_RunThinkFunctions
L 10/29/2021 - 00:39:45: [SM] Unable to load plugin "bot_inventory.smx": Native "eItems_AreItemsSynced" was not found
L 10/29/2021 - 00:39:45: [SM] Unable to load plugin "bot_stuff.smx": Could not find required plugin "navmesh"
L 10/29/2021 - 00:39:45: [SM] Unable to load plugin "LagCompensation.smx": Required extension "PhysHooks" file("PhysHooks.ext") not running
L 10/29/2021 - 00:39:45: [SM] Fatal error encountered parsing translation file "ranks_matchmaking.phrases.txt"
L 10/29/2021 - 00:39:45: [SM] Error (line 0, column 0): Stream failed to open
L 10/29/2021 - 00:39:45: [SM] Fatal error encountered parsing translation file "instadefuse.phrases.txt"
L 10/29/2021 - 00:39:45: [SM] Error (line 0, column 0): Stream failed to open
L 10/29/2021 - 00:40:00: [SM] Exception reported: Language phrase "Unranked" not found (arg 5)
L 10/29/2021 - 00:40:00: [SM] Blaming: ranks_matchmaking.smx
L 10/29/2021 - 00:40:00: [SM] Call stack trace:
L 10/29/2021 - 00:40:00: [SM]   [0] FormatEx
L 10/29/2021 - 00:40:00: [SM]   [1] Line 174, ranks_matchmaking.sp::GetRanksNames
L 10/29/2021 - 00:40:00: [SM]   [2] Line 169, ranks_matchmaking.sp::OnMapStart
L 10/29/2021 - 00:40:31: Error log file session closed.
L 10/29/2021 - 00:40:31: SourceMod error session started
L 10/29/2021 - 00:40:31: Info (map "de_mirage") (file "E:\retake\csgoserver\csgo\addons\sourcemod\logs\errors_20211029.log")
L 10/29/2021 - 00:40:31: [SM] Fatal error encountered parsing translation file "ranks_matchmaking.phrases.txt"
L 10/29/2021 - 00:40:31: [SM] Error (line 0, column 0): Stream failed to open
L 10/29/2021 - 00:40:31: [SM] Fatal error encountered parsing translation file "instadefuse.phrases.txt"
L 10/29/2021 - 00:40:31: [SM] Error (line 0, column 0): Stream failed to open
L 10/29/2021 - 00:40:32: [SM] Exception reported: Language phrase "Unranked" not found (arg 5)
L 10/29/2021 - 00:40:32: [SM] Blaming: ranks_matchmaking.smx
L 10/29/2021 - 00:40:32: [SM] Call stack trace:
L 10/29/2021 - 00:40:32: [SM]   [0] FormatEx
L 10/29/2021 - 00:40:32: [SM]   [1] Line 174, ranks_matchmaking.sp::GetRanksNames
L 10/29/2021 - 00:40:32: [SM]   [2] Line 169, ranks_matchmaking.sp::OnMapStart
L 10/29/2021 - 17:52:40: SourceMod error session started
L 10/29/2021 - 17:52:40: Info (map "de_mirage") (file "E:\retake\csgoserver\csgo\addons\sourcemod\logs\errors_20211029.log")
L 10/29/2021 - 17:52:40: [SM] Unable to load extension "PhysHooks.ext": Could not find patch signature for symbol: Physics_RunThinkFunctions
L 10/29/2021 - 17:52:42: [SM] Unable to load plugin "bot_inventory.smx": Native "eItems_AreItemsSynced" was not found
L 10/29/2021 - 17:52:42: [SM] Unable to load plugin "bot_stuff.smx": Could not find required plugin "navmesh"
L 10/29/2021 - 17:52:43: [SM] Unable to load plugin "LagCompensation.smx": Required extension "PhysHooks" file("PhysHooks.ext") not running
L 10/29/2021 - 17:52:44: [SM] Fatal error encountered parsing translation file "ranks_matchmaking.phrases.txt"
L 10/29/2021 - 17:52:44: [SM] Error (line 0, column 0): Stream failed to open
L 10/29/2021 - 17:52:44: [SM] Fatal error encountered parsing translation file "instadefuse.phrases.txt"
L 10/29/2021 - 17:52:44: [SM] Error (line 0, column 0): Stream failed to open
L 10/29/2021 - 17:53:04: [SM] Exception reported: Language phrase "Unranked" not found (arg 5)
L 10/29/2021 - 17:53:04: [SM] Blaming: ranks_matchmaking.smx
L 10/29/2021 - 17:53:04: [SM] Call stack trace:
L 10/29/2021 - 17:53:04: [SM]   [0] FormatEx
L 10/29/2021 - 17:53:04: [SM]   [1] Line 174, ranks_matchmaking.sp::GetRanksNames
L 10/29/2021 - 17:53:04: [SM]   [2] Line 169, ranks_matchmaking.sp::OnMapStart
L 10/29/2021 - 17:56:19: Error log file session closed.
L 10/29/2021 - 17:56:19: SourceMod error session started
L 10/29/2021 - 17:56:19: Info (map "de_mirage") (file "E:\retake\csgoserver\csgo\addons\sourcemod\logs\errors_20211029.log")
L 10/29/2021 - 17:56:19: [SM] Fatal error encountered parsing translation file "ranks_matchmaking.phrases.txt"
L 10/29/2021 - 17:56:19: [SM] Error (line 0, column 0): Stream failed to open
L 10/29/2021 - 17:56:19: [SM] Fatal error encountered parsing translation file "instadefuse.phrases.txt"
L 10/29/2021 - 17:56:19: [SM] Error (line 0, column 0): Stream failed to open
L 10/29/2021 - 17:56:20: [SM] Exception reported: Language phrase "Unranked" not found (arg 5)
L 10/29/2021 - 17:56:20: [SM] Blaming: ranks_matchmaking.smx
L 10/29/2021 - 17:56:20: [SM] Call stack trace:
L 10/29/2021 - 17:56:20: [SM]   [0] FormatEx
L 10/29/2021 - 17:56:20: [SM]   [1] Line 174, ranks_matchmaking.sp::GetRanksNames
L 10/29/2021 - 17:56:20: [SM]   [2] Line 169, ranks_matchmaking.sp::OnMapStart
L 10/29/2021 - 18:00:26: [SM] Exception reported: Language phrase "InstaDefuseSuccessful" not found (arg 5)
L 10/29/2021 - 18:00:26: [SM] Blaming: retakes-instadefuse.smx
L 10/29/2021 - 18:00:26: [SM] Call stack trace:
L 10/29/2021 - 18:00:26: [SM]   [0] PrintToChat
L 10/29/2021 - 18:00:26: [SM]   [1] Line 197, plugin.sp::AttemptInstantDefuse
L 10/29/2021 - 18:00:26: [SM]   [2] Line 104, plugin.sp::Event_BombBeginDefusePlusFrame
L 10/29/2021 - 18:01:26: [SM] Exception reported: Language phrase "InstaDefuseSuccessful" not found (arg 5)
L 10/29/2021 - 18:01:26: [SM] Blaming: retakes-instadefuse.smx
L 10/29/2021 - 18:01:26: [SM] Call stack trace:
L 10/29/2021 - 18:01:26: [SM]   [0] PrintToChat
L 10/29/2021 - 18:01:26: [SM]   [1] Line 197, plugin.sp::AttemptInstantDefuse
L 10/29/2021 - 18:01:26: [SM]   [2] Line 104, plugin.sp::Event_BombBeginDefusePlusFrame
L 10/29/2021 - 18:01:57: [SM] Exception reported: Language phrase "InstaDefuseSuccessful" not found (arg 5)
L 10/29/2021 - 18:01:57: [SM] Blaming: retakes-instadefuse.smx
L 10/29/2021 - 18:01:57: [SM] Call stack trace:
L 10/29/2021 - 18:01:57: [SM]   [0] PrintToChat
L 10/29/2021 - 18:01:57: [SM]   [1] Line 197, plugin.sp::AttemptInstantDefuse
L 10/29/2021 - 18:01:57: [SM]   [2] Line 104, plugin.sp::Event_BombBeginDefusePlusFrame
L 10/29/2021 - 18:05:11: [SM] Exception reported: Language phrase "InstaDefuseSuccessful" not found (arg 5)
L 10/29/2021 - 18:05:11: [SM] Blaming: retakes-instadefuse.smx
L 10/29/2021 - 18:05:12: [SM] Call stack trace:
L 10/29/2021 - 18:05:12: [SM]   [0] PrintToChat
L 10/29/2021 - 18:05:12: [SM]   [1] Line 197, plugin.sp::AttemptInstantDefuse
L 10/29/2021 - 18:05:12: [SM]   [2] Line 104, plugin.sp::Event_BombBeginDefusePlusFrame
L 10/29/2021 - 18:06:30: [SM] Exception reported: Language phrase "InstaDefuseSuccessful" not found (arg 5)
L 10/29/2021 - 18:06:30: [SM] Blaming: retakes-instadefuse.smx
L 10/29/2021 - 18:06:30: [SM] Call stack trace:
L 10/29/2021 - 18:06:30: [SM]   [0] PrintToChat
L 10/29/2021 - 18:06:30: [SM]   [1] Line 197, plugin.sp::AttemptInstantDefuse
L 10/29/2021 - 18:06:30: [SM]   [2] Line 104, plugin.sp::Event_BombBeginDefusePlusFrame
L 10/29/2021 - 18:07:22: [SM] Exception reported: Language phrase "InstaDefuseSuccessful" not found (arg 5)
L 10/29/2021 - 18:07:22: [SM] Blaming: retakes-instadefuse.smx
L 10/29/2021 - 18:07:22: [SM] Call stack trace:
L 10/29/2021 - 18:07:22: [SM]   [0] PrintToChat
L 10/29/2021 - 18:07:22: [SM]   [1] Line 197, plugin.sp::AttemptInstantDefuse
L 10/29/2021 - 18:07:22: [SM]   [2] Line 104, plugin.sp::Event_BombBeginDefusePlusFrame
L 10/29/2021 - 18:10:08: [SM] Exception reported: Language phrase "InstaDefuseSuccessful" not found (arg 5)
L 10/29/2021 - 18:10:08: [SM] Blaming: retakes-instadefuse.smx
L 10/29/2021 - 18:10:08: [SM] Call stack trace:
L 10/29/2021 - 18:10:08: [SM]   [0] PrintToChat
L 10/29/2021 - 18:10:08: [SM]   [1] Line 197, plugin.sp::AttemptInstantDefuse
L 10/29/2021 - 18:10:08: [SM]   [2] Line 104, plugin.sp::Event_BombBeginDefusePlusFrame
L 10/29/2021 - 18:10:09: [SM] Exception reported: Language phrase "InstaDefuseSuccessful" not found (arg 5)
L 10/29/2021 - 18:10:09: [SM] Blaming: retakes-instadefuse.smx
L 10/29/2021 - 18:10:09: [SM] Call stack trace:
L 10/29/2021 - 18:10:09: [SM]   [0] PrintToChat
L 10/29/2021 - 18:10:09: [SM]   [1] Line 197, plugin.sp::AttemptInstantDefuse
L 10/29/2021 - 18:10:09: [SM]   [2] Line 104, plugin.sp::Event_BombBeginDefusePlusFrame
L 10/29/2021 - 18:10:10: [SM] Exception reported: Language phrase "InstaDefuseSuccessful" not found (arg 5)
L 10/29/2021 - 18:10:10: [SM] Blaming: retakes-instadefuse.smx
L 10/29/2021 - 18:10:10: [SM] Call stack trace:
L 10/29/2021 - 18:10:10: [SM]   [0] PrintToChat
L 10/29/2021 - 18:10:10: [SM]   [1] Line 197, plugin.sp::AttemptInstantDefuse
L 10/29/2021 - 18:10:10: [SM]   [2] Line 104, plugin.sp::Event_BombBeginDefusePlusFrame
L 10/29/2021 - 18:10:40: [SM] Exception reported: Language phrase "InstaDefuseSuccessful" not found (arg 5)
L 10/29/2021 - 18:10:40: [SM] Blaming: retakes-instadefuse.smx
L 10/29/2021 - 18:10:40: [SM] Call stack trace:
L 10/29/2021 - 18:10:40: [SM]   [0] PrintToChat
L 10/29/2021 - 18:10:40: [SM]   [1] Line 197, plugin.sp::AttemptInstantDefuse
L 10/29/2021 - 18:10:40: [SM]   [2] Line 104, plugin.sp::Event_BombBeginDefusePlusFrame
L 10/29/2021 - 18:11:16: [SM] Exception reported: Language phrase "InstaDefuseSuccessful" not found (arg 5)
L 10/29/2021 - 18:11:16: [SM] Blaming: retakes-instadefuse.smx
L 10/29/2021 - 18:11:16: [SM] Call stack trace:
L 10/29/2021 - 18:11:16: [SM]   [0] PrintToChat
L 10/29/2021 - 18:11:16: [SM]   [1] Line 197, plugin.sp::AttemptInstantDefuse
L 10/29/2021 - 18:11:16: [SM]   [2] Line 104, plugin.sp::Event_BombBeginDefusePlusFrame
L 10/29/2021 - 18:11:49: [SM] Exception reported: Language phrase "InstaDefuseSuccessful" not found (arg 5)
L 10/29/2021 - 18:11:49: [SM] Blaming: retakes-instadefuse.smx
L 10/29/2021 - 18:11:49: [SM] Call stack trace:
L 10/29/2021 - 18:11:49: [SM]   [0] PrintToChat
L 10/29/2021 - 18:11:49: [SM]   [1] Line 197, plugin.sp::AttemptInstantDefuse
L 10/29/2021 - 18:11:49: [SM]   [2] Line 104, plugin.sp::Event_BombBeginDefusePlusFrame
L 10/29/2021 - 18:13:09: [SM] Exception reported: Language phrase "InstaDefuseSuccessful" not found (arg 5)
L 10/29/2021 - 18:13:09: [SM] Blaming: retakes-instadefuse.smx
L 10/29/2021 - 18:13:09: [SM] Call stack trace:
L 10/29/2021 - 18:13:09: [SM]   [0] PrintToChat
L 10/29/2021 - 18:13:09: [SM]   [1] Line 197, plugin.sp::AttemptInstantDefuse
L 10/29/2021 - 18:13:09: [SM]   [2] Line 104, plugin.sp::Event_BombBeginDefusePlusFrame
L 10/29/2021 - 18:13:27: [SM] Exception reported: Language phrase "InstaDefuseSuccessful" not found (arg 5)
L 10/29/2021 - 18:13:27: [SM] Blaming: retakes-instadefuse.smx
L 10/29/2021 - 18:13:27: [SM] Call stack trace:
L 10/29/2021 - 18:13:27: [SM]   [0] PrintToChat
L 10/29/2021 - 18:13:27: [SM]   [1] Line 197, plugin.sp::AttemptInstantDefuse
L 10/29/2021 - 18:13:27: [SM]   [2] Line 104, plugin.sp::Event_BombBeginDefusePlusFrame
L 10/29/2021 - 18:14:16: [SM] Exception reported: Language phrase "InstaDefuseSuccessful" not found (arg 5)
L 10/29/2021 - 18:14:16: [SM] Blaming: retakes-instadefuse.smx
L 10/29/2021 - 18:14:16: [SM] Call stack trace:
L 10/29/2021 - 18:14:16: [SM]   [0] PrintToChat
L 10/29/2021 - 18:14:16: [SM]   [1] Line 197, plugin.sp::AttemptInstantDefuse
L 10/29/2021 - 18:14:16: [SM]   [2] Line 104, plugin.sp::Event_BombBeginDefusePlusFrame
L 10/29/2021 - 18:14:58: [SM] Exception reported: Language phrase "InstaDefuseSuccessful" not found (arg 5)
L 10/29/2021 - 18:14:58: [SM] Blaming: retakes-instadefuse.smx
L 10/29/2021 - 18:14:58: [SM] Call stack trace:
L 10/29/2021 - 18:14:58: [SM]   [0] PrintToChat
L 10/29/2021 - 18:14:58: [SM]   [1] Line 197, plugin.sp::AttemptInstantDefuse
L 10/29/2021 - 18:14:58: [SM]   [2] Line 104, plugin.sp::Event_BombBeginDefusePlusFrame
L 10/29/2021 - 18:15:26: [SM] Exception reported: Language phrase "InstaDefuseSuccessful" not found (arg 5)
L 10/29/2021 - 18:15:26: [SM] Blaming: retakes-instadefuse.smx
L 10/29/2021 - 18:15:26: [SM] Call stack trace:
L 10/29/2021 - 18:15:26: [SM]   [0] PrintToChat
L 10/29/2021 - 18:15:26: [SM]   [1] Line 197, plugin.sp::AttemptInstantDefuse
L 10/29/2021 - 18:15:26: [SM]   [2] Line 104, plugin.sp::Event_BombBeginDefusePlusFrame
L 10/29/2021 - 18:15:47: [SM] Exception reported: Language phrase "LiveNadeSomewhere" not found (arg 5)
L 10/29/2021 - 18:15:47: [SM] Blaming: retakes-instadefuse.smx
L 10/29/2021 - 18:15:47: [SM] Call stack trace:
L 10/29/2021 - 18:15:47: [SM]   [0] PrintToChat
L 10/29/2021 - 18:15:47: [SM]   [1] Line 168, plugin.sp::AttemptInstantDefuse
L 10/29/2021 - 18:15:47: [SM]   [2] Line 104, plugin.sp::Event_BombBeginDefusePlusFrame
L 10/29/2021 - 18:15:49: [SM] Exception reported: Language phrase "InstaDefuseSuccessful" not found (arg 5)
L 10/29/2021 - 18:15:49: [SM] Blaming: retakes-instadefuse.smx
L 10/29/2021 - 18:15:49: [SM] Call stack trace:
L 10/29/2021 - 18:15:49: [SM]   [0] PrintToChat
L 10/29/2021 - 18:15:49: [SM]   [1] Line 197, plugin.sp::AttemptInstantDefuse
L 10/29/2021 - 18:15:49: [SM]   [2] Line 104, plugin.sp::Event_BombBeginDefusePlusFrame
L 10/29/2021 - 18:16:27: [SM] Exception reported: Language phrase "InstaDefuseSuccessful" not found (arg 5)
L 10/29/2021 - 18:16:27: [SM] Blaming: retakes-instadefuse.smx
L 10/29/2021 - 18:16:27: [SM] Call stack trace:
L 10/29/2021 - 18:16:27: [SM]   [0] PrintToChat
L 10/29/2021 - 18:16:27: [SM]   [1] Line 197, plugin.sp::AttemptInstantDefuse
L 10/29/2021 - 18:16:27: [SM]   [2] Line 104, plugin.sp::Event_BombBeginDefusePlusFrame
L 10/29/2021 - 18:16:49: [SM] Exception reported: Language phrase "InstaDefuseSuccessful" not found (arg 5)
L 10/29/2021 - 18:16:49: [SM] Blaming: retakes-instadefuse.smx
L 10/29/2021 - 18:16:49: [SM] Call stack trace:
L 10/29/2021 - 18:16:49: [SM]   [0] PrintToChat
L 10/29/2021 - 18:16:49: [SM]   [1] Line 197, plugin.sp::AttemptInstantDefuse
L 10/29/2021 - 18:16:49: [SM]   [2] Line 104, plugin.sp::Event_BombBeginDefusePlusFrame
L 10/29/2021 - 18:17:17: [SM] Exception reported: Language phrase "InstaDefuseSuccessful" not found (arg 5)
L 10/29/2021 - 18:17:17: [SM] Blaming: retakes-instadefuse.smx
L 10/29/2021 - 18:17:17: [SM] Call stack trace:
L 10/29/2021 - 18:17:17: [SM]   [0] PrintToChat
L 10/29/2021 - 18:17:17: [SM]   [1] Line 197, plugin.sp::AttemptInstantDefuse
L 10/29/2021 - 18:17:17: [SM]   [2] Line 104, plugin.sp::Event_BombBeginDefusePlusFrame
L 10/29/2021 - 18:17:44: [SM] Exception reported: Language phrase "InstaDefuseSuccessful" not found (arg 5)
L 10/29/2021 - 18:17:44: [SM] Blaming: retakes-instadefuse.smx
L 10/29/2021 - 18:17:44: [SM] Call stack trace:
L 10/29/2021 - 18:17:44: [SM]   [0] PrintToChat
L 10/29/2021 - 18:17:44: [SM]   [1] Line 197, plugin.sp::AttemptInstantDefuse
L 10/29/2021 - 18:17:44: [SM]   [2] Line 104, plugin.sp::Event_BombBeginDefusePlusFrame
L 10/29/2021 - 18:18:08: [SM] Exception reported: Language phrase "InstaDefuseSuccessful" not found (arg 5)
L 10/29/2021 - 18:18:08: [SM] Blaming: retakes-instadefuse.smx
L 10/29/2021 - 18:18:08: [SM] Call stack trace:
L 10/29/2021 - 18:18:08: [SM]   [0] PrintToChat
L 10/29/2021 - 18:18:08: [SM]   [1] Line 197, plugin.sp::AttemptInstantDefuse
L 10/29/2021 - 18:18:08: [SM]   [2] Line 104, plugin.sp::Event_BombBeginDefusePlusFrame
L 10/29/2021 - 18:18:27: [SM] Exception reported: Language phrase "InstaDefuseSuccessful" not found (arg 5)
L 10/29/2021 - 18:18:27: [SM] Blaming: retakes-instadefuse.smx
L 10/29/2021 - 18:18:27: [SM] Call stack trace:
L 10/29/2021 - 18:18:27: [SM]   [0] PrintToChat
L 10/29/2021 - 18:18:27: [SM]   [1] Line 197, plugin.sp::AttemptInstantDefuse
L 10/29/2021 - 18:18:27: [SM]   [2] Line 104, plugin.sp::Event_BombBeginDefusePlusFrame
L 10/29/2021 - 18:19:13: [SM] Exception reported: Language phrase "InstaDefuseSuccessful" not found (arg 5)
L 10/29/2021 - 18:19:13: [SM] Blaming: retakes-instadefuse.smx
L 10/29/2021 - 18:19:13: [SM] Call stack trace:
L 10/29/2021 - 18:19:13: [SM]   [0] PrintToChat
L 10/29/2021 - 18:19:13: [SM]   [1] Line 197, plugin.sp::AttemptInstantDefuse
L 10/29/2021 - 18:19:13: [SM]   [2] Line 104, plugin.sp::Event_BombBeginDefusePlusFrame
L 10/29/2021 - 18:20:05: [SM] Exception reported: Language phrase "InstaDefuseSuccessful" not found (arg 5)
L 10/29/2021 - 18:20:05: [SM] Blaming: retakes-instadefuse.smx
L 10/29/2021 - 18:20:05: [SM] Call stack trace:
L 10/29/2021 - 18:20:05: [SM]   [0] PrintToChat
L 10/29/2021 - 18:20:05: [SM]   [1] Line 197, plugin.sp::AttemptInstantDefuse
L 10/29/2021 - 18:20:05: [SM]   [2] Line 104, plugin.sp::Event_BombBeginDefusePlusFrame
L 10/29/2021 - 18:20:48: [SM] Exception reported: Language phrase "InstaDefuseSuccessful" not found (arg 5)
L 10/29/2021 - 18:20:48: [SM] Blaming: retakes-instadefuse.smx
L 10/29/2021 - 18:20:48: [SM] Call stack trace:
L 10/29/2021 - 18:20:48: [SM]   [0] PrintToChat
L 10/29/2021 - 18:20:48: [SM]   [1] Line 197, plugin.sp::AttemptInstantDefuse
L 10/29/2021 - 18:20:48: [SM]   [2] Line 104, plugin.sp::Event_BombBeginDefusePlusFrame
L 10/29/2021 - 18:21:39: [SM] Exception reported: Language phrase "InstaDefuseSuccessful" not found (arg 5)
L 10/29/2021 - 18:21:39: [SM] Blaming: retakes-instadefuse.smx
L 10/29/2021 - 18:21:39: [SM] Call stack trace:
L 10/29/2021 - 18:21:39: [SM]   [0] PrintToChat
L 10/29/2021 - 18:21:39: [SM]   [1] Line 197, plugin.sp::AttemptInstantDefuse
L 10/29/2021 - 18:21:39: [SM]   [2] Line 104, plugin.sp::Event_BombBeginDefusePlusFrame
L 10/29/2021 - 18:22:29: [SM] Exception reported: Language phrase "InstaDefuseSuccessful" not found (arg 5)
L 10/29/2021 - 18:22:29: [SM] Blaming: retakes-instadefuse.smx
L 10/29/2021 - 18:22:29: [SM] Call stack trace:
L 10/29/2021 - 18:22:29: [SM]   [0] PrintToChat
L 10/29/2021 - 18:22:29: [SM]   [1] Line 197, plugin.sp::AttemptInstantDefuse
L 10/29/2021 - 18:22:29: [SM]   [2] Line 104, plugin.sp::Event_BombBeginDefusePlusFrame
L 10/29/2021 - 18:22:54: [SM] Exception reported: Language phrase "InstaDefuseSuccessful" not found (arg 5)
L 10/29/2021 - 18:22:54: [SM] Blaming: retakes-instadefuse.smx
L 10/29/2021 - 18:22:54: [SM] Call stack trace:
L 10/29/2021 - 18:22:54: [SM]   [0] PrintToChat
L 10/29/2021 - 18:22:54: [SM]   [1] Line 197, plugin.sp::AttemptInstantDefuse
L 10/29/2021 - 18:22:54: [SM]   [2] Line 104, plugin.sp::Event_BombBeginDefusePlusFrame
L 10/29/2021 - 18:23:28: [SM] Exception reported: Language phrase "InstaDefuseSuccessful" not found (arg 5)
L 10/29/2021 - 18:23:28: [SM] Blaming: retakes-instadefuse.smx
L 10/29/2021 - 18:23:28: [SM] Call stack trace:
L 10/29/2021 - 18:23:28: [SM]   [0] PrintToChat
L 10/29/2021 - 18:23:28: [SM]   [1] Line 197, plugin.sp::AttemptInstantDefuse
L 10/29/2021 - 18:23:28: [SM]   [2] Line 104, plugin.sp::Event_BombBeginDefusePlusFrame
L 10/29/2021 - 18:23:44: [SM] Exception reported: Language phrase "InstaDefuseSuccessful" not found (arg 5)
L 10/29/2021 - 18:23:44: [SM] Blaming: retakes-instadefuse.smx
L 10/29/2021 - 18:23:44: [SM] Call stack trace:
L 10/29/2021 - 18:23:44: [SM]   [0] PrintToChat
L 10/29/2021 - 18:23:44: [SM]   [1] Line 197, plugin.sp::AttemptInstantDefuse
L 10/29/2021 - 18:23:44: [SM]   [2] Line 104, plugin.sp::Event_BombBeginDefusePlusFrame
L 10/29/2021 - 18:23:47: [SM] Exception reported: Language phrase "InstaDefuseSuccessful" not found (arg 5)
L 10/29/2021 - 18:23:47: [SM] Blaming: retakes-instadefuse.smx
L 10/29/2021 - 18:23:47: [SM] Call stack trace:
L 10/29/2021 - 18:23:47: [SM]   [0] PrintToChat
L 10/29/2021 - 18:23:47: [SM]   [1] Line 197, plugin.sp::AttemptInstantDefuse
L 10/29/2021 - 18:23:47: [SM]   [2] Line 104, plugin.sp::Event_BombBeginDefusePlusFrame
L 10/29/2021 - 18:24:23: [SM] Exception reported: Language phrase "InstaDefuseSuccessful" not found (arg 5)
L 10/29/2021 - 18:24:23: [SM] Blaming: retakes-instadefuse.smx
L 10/29/2021 - 18:24:23: [SM] Call stack trace:
L 10/29/2021 - 18:24:23: [SM]   [0] PrintToChat
L 10/29/2021 - 18:24:23: [SM]   [1] Line 197, plugin.sp::AttemptInstantDefuse
L 10/29/2021 - 18:24:23: [SM]   [2] Line 104, plugin.sp::Event_BombBeginDefusePlusFrame
L 10/29/2021 - 18:24:46: [SM] Exception reported: Language phrase "InstaDefuseSuccessful" not found (arg 5)
L 10/29/2021 - 18:24:46: [SM] Blaming: retakes-instadefuse.smx
L 10/29/2021 - 18:24:46: [SM] Call stack trace:
L 10/29/2021 - 18:24:46: [SM]   [0] PrintToChat
L 10/29/2021 - 18:24:46: [SM]   [1] Line 197, plugin.sp::AttemptInstantDefuse
L 10/29/2021 - 18:24:46: [SM]   [2] Line 104, plugin.sp::Event_BombBeginDefusePlusFrame
L 10/29/2021 - 18:25:33: [SM] Exception reported: Language phrase "InstaDefuseSuccessful" not found (arg 5)
L 10/29/2021 - 18:25:33: [SM] Blaming: retakes-instadefuse.smx
L 10/29/2021 - 18:25:33: [SM] Call stack trace:
L 10/29/2021 - 18:25:33: [SM]   [0] PrintToChat
L 10/29/2021 - 18:25:33: [SM]   [1] Line 197, plugin.sp::AttemptInstantDefuse
L 10/29/2021 - 18:25:33: [SM]   [2] Line 104, plugin.sp::Event_BombBeginDefusePlusFrame
L 10/29/2021 - 18:25:52: [SM] Exception reported: Language phrase "InstaDefuseSuccessful" not found (arg 5)
L 10/29/2021 - 18:25:52: [SM] Blaming: retakes-instadefuse.smx
L 10/29/2021 - 18:25:52: [SM] Call stack trace:
L 10/29/2021 - 18:25:52: [SM]   [0] PrintToChat
L 10/29/2021 - 18:25:52: [SM]   [1] Line 197, plugin.sp::AttemptInstantDefuse
L 10/29/2021 - 18:25:52: [SM]   [2] Line 104, plugin.sp::Event_BombBeginDefusePlusFrame
L 10/29/2021 - 18:26:17: [SM] Exception reported: Language phrase "InstaDefuseSuccessful" not found (arg 5)
L 10/29/2021 - 18:26:17: [SM] Blaming: retakes-instadefuse.smx
L 10/29/2021 - 18:26:17: [SM] Call stack trace:
L 10/29/2021 - 18:26:17: [SM]   [0] PrintToChat
L 10/29/2021 - 18:26:17: [SM]   [1] Line 197, plugin.sp::AttemptInstantDefuse
L 10/29/2021 - 18:26:17: [SM]   [2] Line 104, plugin.sp::Event_BombBeginDefusePlusFrame
L 10/29/2021 - 18:27:49: [SM] Exception reported: Language phrase "InstaDefuseSuccessful" not found (arg 5)
L 10/29/2021 - 18:27:49: [SM] Blaming: retakes-instadefuse.smx
L 10/29/2021 - 18:27:49: [SM] Call stack trace:
L 10/29/2021 - 18:27:49: [SM]   [0] PrintToChat
L 10/29/2021 - 18:27:49: [SM]   [1] Line 197, plugin.sp::AttemptInstantDefuse
L 10/29/2021 - 18:27:49: [SM]   [2] Line 104, plugin.sp::Event_BombBeginDefusePlusFrame
L 10/29/2021 - 18:28:28: [SM] Exception reported: Language phrase "InstaDefuseSuccessful" not found (arg 5)
L 10/29/2021 - 18:28:28: [SM] Blaming: retakes-instadefuse.smx
L 10/29/2021 - 18:28:28: [SM] Call stack trace:
L 10/29/2021 - 18:28:28: [SM]   [0] PrintToChat
L 10/29/2021 - 18:28:28: [SM]   [1] Line 197, plugin.sp::AttemptInstantDefuse
L 10/29/2021 - 18:28:28: [SM]   [2] Line 104, plugin.sp::Event_BombBeginDefusePlusFrame
L 10/29/2021 - 18:29:11: [SM] Exception reported: Language phrase "InstaDefuseSuccessful" not found (arg 5)
L 10/29/2021 - 18:29:11: [SM] Blaming: retakes-instadefuse.smx
L 10/29/2021 - 18:29:11: [SM] Call stack trace:
L 10/29/2021 - 18:29:11: [SM]   [0] PrintToChat
L 10/29/2021 - 18:29:11: [SM]   [1] Line 197, plugin.sp::AttemptInstantDefuse
L 10/29/2021 - 18:29:11: [SM]   [2] Line 104, plugin.sp::Event_BombBeginDefusePlusFrame
L 10/29/2021 - 18:30:28: [SM] Exception reported: Language phrase "InstaDefuseSuccessful" not found (arg 5)
L 10/29/2021 - 18:30:28: [SM] Blaming: retakes-instadefuse.smx
L 10/29/2021 - 18:30:28: [SM] Call stack trace:
L 10/29/2021 - 18:30:28: [SM]   [0] PrintToChat
L 10/29/2021 - 18:30:28: [SM]   [1] Line 197, plugin.sp::AttemptInstantDefuse
L 10/29/2021 - 18:30:28: [SM]   [2] Line 104, plugin.sp::Event_BombBeginDefusePlusFrame
L 10/29/2021 - 18:30:45: [SM] Exception reported: Language phrase "InstaDefuseSuccessful" not found (arg 5)
L 10/29/2021 - 18:30:45: [SM] Blaming: retakes-instadefuse.smx
L 10/29/2021 - 18:30:45: [SM] Call stack trace:
L 10/29/2021 - 18:30:45: [SM]   [0] PrintToChat
L 10/29/2021 - 18:30:45: [SM]   [1] Line 197, plugin.sp::AttemptInstantDefuse
L 10/29/2021 - 18:30:45: [SM]   [2] Line 104, plugin.sp::Event_BombBeginDefusePlusFrame
L 10/29/2021 - 18:31:36: [SM] Exception reported: Language phrase "InstaDefuseSuccessful" not found (arg 5)
L 10/29/2021 - 18:31:36: [SM] Blaming: retakes-instadefuse.smx
L 10/29/2021 - 18:31:36: [SM] Call stack trace:
L 10/29/2021 - 18:31:36: [SM]   [0] PrintToChat
L 10/29/2021 - 18:31:36: [SM]   [1] Line 197, plugin.sp::AttemptInstantDefuse
L 10/29/2021 - 18:31:36: [SM]   [2] Line 104, plugin.sp::Event_BombBeginDefusePlusFrame
L 10/29/2021 - 18:32:24: [SM] Exception reported: Language phrase "InstaDefuseSuccessful" not found (arg 5)
L 10/29/2021 - 18:32:24: [SM] Blaming: retakes-instadefuse.smx
L 10/29/2021 - 18:32:24: [SM] Call stack trace:
L 10/29/2021 - 18:32:24: [SM]   [0] PrintToChat
L 10/29/2021 - 18:32:24: [SM]   [1] Line 197, plugin.sp::AttemptInstantDefuse
L 10/29/2021 - 18:32:24: [SM]   [2] Line 104, plugin.sp::Event_BombBeginDefusePlusFrame
L 10/29/2021 - 18:32:53: [SM] Exception reported: Language phrase "InstaDefuseSuccessful" not found (arg 5)
L 10/29/2021 - 18:32:53: [SM] Blaming: retakes-instadefuse.smx
L 10/29/2021 - 18:32:53: [SM] Call stack trace:
L 10/29/2021 - 18:32:53: [SM]   [0] PrintToChat
L 10/29/2021 - 18:32:53: [SM]   [1] Line 197, plugin.sp::AttemptInstantDefuse
L 10/29/2021 - 18:32:53: [SM]   [2] Line 104, plugin.sp::Event_BombBeginDefusePlusFrame
L 10/29/2021 - 18:33:14: [SM] Exception reported: Language phrase "InstaDefuseSuccessful" not found (arg 5)
L 10/29/2021 - 18:33:14: [SM] Blaming: retakes-instadefuse.smx
L 10/29/2021 - 18:33:14: [SM] Call stack trace:
L 10/29/2021 - 18:33:14: [SM]   [0] PrintToChat
L 10/29/2021 - 18:33:14: [SM]   [1] Line 197, plugin.sp::AttemptInstantDefuse
L 10/29/2021 - 18:33:14: [SM]   [2] Line 104, plugin.sp::Event_BombBeginDefusePlusFrame
L 10/29/2021 - 18:34:32: [SM] Exception reported: Language phrase "InstaDefuseSuccessful" not found (arg 5)
L 10/29/2021 - 18:34:33: [SM] Blaming: retakes-instadefuse.smx
L 10/29/2021 - 18:34:33: [SM] Call stack trace:
L 10/29/2021 - 18:34:33: [SM]   [0] PrintToChat
L 10/29/2021 - 18:34:33: [SM]   [1] Line 197, plugin.sp::AttemptInstantDefuse
L 10/29/2021 - 18:34:33: [SM]   [2] Line 104, plugin.sp::Event_BombBeginDefusePlusFrame
L 10/29/2021 - 18:36:39: [SM] Exception reported: Language phrase "InstaDefuseSuccessful" not found (arg 5)
L 10/29/2021 - 18:36:39: [SM] Blaming: retakes-instadefuse.smx
L 10/29/2021 - 18:36:39: [SM] Call stack trace:
L 10/29/2021 - 18:36:39: [SM]   [0] PrintToChat
L 10/29/2021 - 18:36:39: [SM]   [1] Line 197, plugin.sp::AttemptInstantDefuse
L 10/29/2021 - 18:36:39: [SM]   [2] Line 104, plugin.sp::Event_BombBeginDefusePlusFrame
L 10/29/2021 - 18:38:11: [SM] Exception reported: Language phrase "InstaDefuseSuccessful" not found (arg 5)
L 10/29/2021 - 18:38:11: [SM] Blaming: retakes-instadefuse.smx
L 10/29/2021 - 18:38:11: [SM] Call stack trace:
L 10/29/2021 - 18:38:11: [SM]   [0] PrintToChat
L 10/29/2021 - 18:38:11: [SM]   [1] Line 197, plugin.sp::AttemptInstantDefuse
L 10/29/2021 - 18:38:11: [SM]   [2] Line 104, plugin.sp::Event_BombBeginDefusePlusFrame
L 10/29/2021 - 18:38:28: [SM] Exception reported: Language phrase "InstaDefuseSuccessful" not found (arg 5)
L 10/29/2021 - 18:38:28: [SM] Blaming: retakes-instadefuse.smx
L 10/29/2021 - 18:38:28: [SM] Call stack trace:
L 10/29/2021 - 18:38:29: [SM]   [0] PrintToChat
L 10/29/2021 - 18:38:29: [SM]   [1] Line 197, plugin.sp::AttemptInstantDefuse
L 10/29/2021 - 18:38:29: [SM]   [2] Line 104, plugin.sp::Event_BombBeginDefusePlusFrame
L 10/29/2021 - 18:38:56: [SM] Exception reported: Language phrase "InstaDefuseSuccessful" not found (arg 5)
L 10/29/2021 - 18:38:56: [SM] Blaming: retakes-instadefuse.smx
L 10/29/2021 - 18:38:56: [SM] Call stack trace:
L 10/29/2021 - 18:38:56: [SM]   [0] PrintToChat
L 10/29/2021 - 18:38:56: [SM]   [1] Line 197, plugin.sp::AttemptInstantDefuse
L 10/29/2021 - 18:38:56: [SM]   [2] Line 104, plugin.sp::Event_BombBeginDefusePlusFrame
L 10/29/2021 - 18:39:18: [SM] Exception reported: Language phrase "InstaDefuseSuccessful" not found (arg 5)
L 10/29/2021 - 18:39:18: [SM] Blaming: retakes-instadefuse.smx
L 10/29/2021 - 18:39:18: [SM] Call stack trace:
L 10/29/2021 - 18:39:18: [SM]   [0] PrintToChat
L 10/29/2021 - 18:39:18: [SM]   [1] Line 197, plugin.sp::AttemptInstantDefuse
L 10/29/2021 - 18:39:18: [SM]   [2] Line 104, plugin.sp::Event_BombBeginDefusePlusFrame
L 10/29/2021 - 18:40:05: [SM] Exception reported: Language phrase "InstaDefuseSuccessful" not found (arg 5)
L 10/29/2021 - 18:40:05: [SM] Blaming: retakes-instadefuse.smx
L 10/29/2021 - 18:40:05: [SM] Call stack trace:
L 10/29/2021 - 18:40:05: [SM]   [0] PrintToChat
L 10/29/2021 - 18:40:05: [SM]   [1] Line 197, plugin.sp::AttemptInstantDefuse
L 10/29/2021 - 18:40:05: [SM]   [2] Line 104, plugin.sp::Event_BombBeginDefusePlusFrame
L 10/29/2021 - 18:40:24: [SM] Exception reported: Language phrase "InstaDefuseSuccessful" not found (arg 5)
L 10/29/2021 - 18:40:24: [SM] Blaming: retakes-instadefuse.smx
L 10/29/2021 - 18:40:24: [SM] Call stack trace:
L 10/29/2021 - 18:40:24: [SM]   [0] PrintToChat
L 10/29/2021 - 18:40:24: [SM]   [1] Line 197, plugin.sp::AttemptInstantDefuse
L 10/29/2021 - 18:40:24: [SM]   [2] Line 104, plugin.sp::Event_BombBeginDefusePlusFrame
L 10/29/2021 - 18:40:48: [SM] Exception reported: Language phrase "InstaDefuseSuccessful" not found (arg 5)
L 10/29/2021 - 18:40:48: [SM] Blaming: retakes-instadefuse.smx
L 10/29/2021 - 18:40:48: [SM] Call stack trace:
L 10/29/2021 - 18:40:48: [SM]   [0] PrintToChat
L 10/29/2021 - 18:40:48: [SM]   [1] Line 197, plugin.sp::AttemptInstantDefuse
L 10/29/2021 - 18:40:48: [SM]   [2] Line 104, plugin.sp::Event_BombBeginDefusePlusFrame
L 10/29/2021 - 18:41:09: [SM] Exception reported: Language phrase "InstaDefuseSuccessful" not found (arg 5)
L 10/29/2021 - 18:41:09: [SM] Blaming: retakes-instadefuse.smx
L 10/29/2021 - 18:41:09: [SM] Call stack trace:
L 10/29/2021 - 18:41:09: [SM]   [0] PrintToChat
L 10/29/2021 - 18:41:09: [SM]   [1] Line 197, plugin.sp::AttemptInstantDefuse
L 10/29/2021 - 18:41:09: [SM]   [2] Line 104, plugin.sp::Event_BombBeginDefusePlusFrame
L 10/29/2021 - 18:41:30: [SM] Exception reported: Language phrase "InstaDefuseSuccessful" not found (arg 5)
L 10/29/2021 - 18:41:30: [SM] Blaming: retakes-instadefuse.smx
L 10/29/2021 - 18:41:30: [SM] Call stack trace:
L 10/29/2021 - 18:41:30: [SM]   [0] PrintToChat
L 10/29/2021 - 18:41:30: [SM]   [1] Line 197, plugin.sp::AttemptInstantDefuse
L 10/29/2021 - 18:41:30: [SM]   [2] Line 104, plugin.sp::Event_BombBeginDefusePlusFrame
L 10/29/2021 - 18:41:56: [SM] Exception reported: Language phrase "InstaDefuseSuccessful" not found (arg 5)
L 10/29/2021 - 18:41:56: [SM] Blaming: retakes-instadefuse.smx
L 10/29/2021 - 18:41:56: [SM] Call stack trace:
L 10/29/2021 - 18:41:56: [SM]   [0] PrintToChat
L 10/29/2021 - 18:41:56: [SM]   [1] Line 197, plugin.sp::AttemptInstantDefuse
L 10/29/2021 - 18:41:56: [SM]   [2] Line 104, plugin.sp::Event_BombBeginDefusePlusFrame
L 10/29/2021 - 18:43:29: [SM] Exception reported: Language phrase "InstaDefuseSuccessful" not found (arg 5)
L 10/29/2021 - 18:43:29: [SM] Blaming: retakes-instadefuse.smx
L 10/29/2021 - 18:43:29: [SM] Call stack trace:
L 10/29/2021 - 18:43:29: [SM]   [0] PrintToChat
L 10/29/2021 - 18:43:29: [SM]   [1] Line 197, plugin.sp::AttemptInstantDefuse
L 10/29/2021 - 18:43:29: [SM]   [2] Line 104, plugin.sp::Event_BombBeginDefusePlusFrame
L 10/29/2021 - 18:44:15: [SM] Exception reported: Language phrase "InstaDefuseSuccessful" not found (arg 5)
L 10/29/2021 - 18:44:15: [SM] Blaming: retakes-instadefuse.smx
L 10/29/2021 - 18:44:15: [SM] Call stack trace:
L 10/29/2021 - 18:44:15: [SM]   [0] PrintToChat
L 10/29/2021 - 18:44:15: [SM]   [1] Line 197, plugin.sp::AttemptInstantDefuse
L 10/29/2021 - 18:44:15: [SM]   [2] Line 104, plugin.sp::Event_BombBeginDefusePlusFrame
L 10/29/2021 - 18:44:59: [SM] Exception reported: Language phrase "InstaDefuseSuccessful" not found (arg 5)
L 10/29/2021 - 18:44:59: [SM] Blaming: retakes-instadefuse.smx
L 10/29/2021 - 18:44:59: [SM] Call stack trace:
L 10/29/2021 - 18:44:59: [SM]   [0] PrintToChat
L 10/29/2021 - 18:44:59: [SM]   [1] Line 197, plugin.sp::AttemptInstantDefuse
L 10/29/2021 - 18:44:59: [SM]   [2] Line 104, plugin.sp::Event_BombBeginDefusePlusFrame
L 10/29/2021 - 18:45:45: [SM] Exception reported: Language phrase "InstaDefuseSuccessful" not found (arg 5)
L 10/29/2021 - 18:45:45: [SM] Blaming: retakes-instadefuse.smx
L 10/29/2021 - 18:45:45: [SM] Call stack trace:
L 10/29/2021 - 18:45:45: [SM]   [0] PrintToChat
L 10/29/2021 - 18:45:45: [SM]   [1] Line 197, plugin.sp::AttemptInstantDefuse
L 10/29/2021 - 18:45:45: [SM]   [2] Line 104, plugin.sp::Event_BombBeginDefusePlusFrame
L 10/29/2021 - 18:46:07: [SM] Exception reported: Language phrase "InstaDefuseSuccessful" not found (arg 5)
L 10/29/2021 - 18:46:07: [SM] Blaming: retakes-instadefuse.smx
L 10/29/2021 - 18:46:07: [SM] Call stack trace:
L 10/29/2021 - 18:46:07: [SM]   [0] PrintToChat
L 10/29/2021 - 18:46:07: [SM]   [1] Line 197, plugin.sp::AttemptInstantDefuse
L 10/29/2021 - 18:46:07: [SM]   [2] Line 104, plugin.sp::Event_BombBeginDefusePlusFrame
L 10/29/2021 - 18:46:40: [SM] Exception reported: Language phrase "InstaDefuseSuccessful" not found (arg 5)
L 10/29/2021 - 18:46:40: [SM] Blaming: retakes-instadefuse.smx
L 10/29/2021 - 18:46:40: [SM] Call stack trace:
L 10/29/2021 - 18:46:40: [SM]   [0] PrintToChat
L 10/29/2021 - 18:46:40: [SM]   [1] Line 197, plugin.sp::AttemptInstantDefuse
L 10/29/2021 - 18:46:40: [SM]   [2] Line 104, plugin.sp::Event_BombBeginDefusePlusFrame
L 10/29/2021 - 18:47:06: [SM] Exception reported: Language phrase "InstaDefuseSuccessful" not found (arg 5)
L 10/29/2021 - 18:47:06: [SM] Blaming: retakes-instadefuse.smx
L 10/29/2021 - 18:47:06: [SM] Call stack trace:
L 10/29/2021 - 18:47:06: [SM]   [0] PrintToChat
L 10/29/2021 - 18:47:06: [SM]   [1] Line 197, plugin.sp::AttemptInstantDefuse
L 10/29/2021 - 18:47:06: [SM]   [2] Line 104, plugin.sp::Event_BombBeginDefusePlusFrame
L 10/29/2021 - 18:47:08: [SM] Exception reported: Language phrase "InstaDefuseSuccessful" not found (arg 5)
L 10/29/2021 - 18:47:08: [SM] Blaming: retakes-instadefuse.smx
L 10/29/2021 - 18:47:08: [SM] Call stack trace:
L 10/29/2021 - 18:47:08: [SM]   [0] PrintToChat
L 10/29/2021 - 18:47:08: [SM]   [1] Line 197, plugin.sp::AttemptInstantDefuse
L 10/29/2021 - 18:47:08: [SM]   [2] Line 104, plugin.sp::Event_BombBeginDefusePlusFrame
L 10/29/2021 - 18:48:03: [SM] Exception reported: Language phrase "InstaDefuseSuccessful" not found (arg 5)
L 10/29/2021 - 18:48:03: [SM] Blaming: retakes-instadefuse.smx
L 10/29/2021 - 18:48:03: [SM] Call stack trace:
L 10/29/2021 - 18:48:03: [SM]   [0] PrintToChat
L 10/29/2021 - 18:48:03: [SM]   [1] Line 197, plugin.sp::AttemptInstantDefuse
L 10/29/2021 - 18:48:03: [SM]   [2] Line 104, plugin.sp::Event_BombBeginDefusePlusFrame
L 10/29/2021 - 18:48:32: [SM] Exception reported: Language phrase "InstaDefuseSuccessful" not found (arg 5)
L 10/29/2021 - 18:48:32: [SM] Blaming: retakes-instadefuse.smx
L 10/29/2021 - 18:48:32: [SM] Call stack trace:
L 10/29/2021 - 18:48:32: [SM]   [0] PrintToChat
L 10/29/2021 - 18:48:32: [SM]   [1] Line 197, plugin.sp::AttemptInstantDefuse
L 10/29/2021 - 18:48:32: [SM]   [2] Line 104, plugin.sp::Event_BombBeginDefusePlusFrame
L 10/29/2021 - 18:48:51: [SM] Exception reported: Language phrase "InstaDefuseSuccessful" not found (arg 5)
L 10/29/2021 - 18:48:51: [SM] Blaming: retakes-instadefuse.smx
L 10/29/2021 - 18:48:51: [SM] Call stack trace:
L 10/29/2021 - 18:48:51: [SM]   [0] PrintToChat
L 10/29/2021 - 18:48:51: [SM]   [1] Line 197, plugin.sp::AttemptInstantDefuse
L 10/29/2021 - 18:48:51: [SM]   [2] Line 104, plugin.sp::Event_BombBeginDefusePlusFrame
L 10/29/2021 - 18:49:34: [SM] Exception reported: Language phrase "InstaDefuseSuccessful" not found (arg 5)
L 10/29/2021 - 18:49:34: [SM] Blaming: retakes-instadefuse.smx
L 10/29/2021 - 18:49:34: [SM] Call stack trace:
L 10/29/2021 - 18:49:34: [SM]   [0] PrintToChat
L 10/29/2021 - 18:49:35: [SM]   [1] Line 197, plugin.sp::AttemptInstantDefuse
L 10/29/2021 - 18:49:35: [SM]   [2] Line 104, plugin.sp::Event_BombBeginDefusePlusFrame
L 10/29/2021 - 18:49:57: [SM] Exception reported: Language phrase "InstaDefuseSuccessful" not found (arg 5)
L 10/29/2021 - 18:49:57: [SM] Blaming: retakes-instadefuse.smx
L 10/29/2021 - 18:49:57: [SM] Call stack trace:
L 10/29/2021 - 18:49:57: [SM]   [0] PrintToChat
L 10/29/2021 - 18:49:57: [SM]   [1] Line 197, plugin.sp::AttemptInstantDefuse
L 10/29/2021 - 18:49:57: [SM]   [2] Line 104, plugin.sp::Event_BombBeginDefusePlusFrame
L 10/29/2021 - 18:50:19: [SM] Exception reported: Language phrase "InstaDefuseSuccessful" not found (arg 5)
L 10/29/2021 - 18:50:19: [SM] Blaming: retakes-instadefuse.smx
L 10/29/2021 - 18:50:19: [SM] Call stack trace:
L 10/29/2021 - 18:50:19: [SM]   [0] PrintToChat
L 10/29/2021 - 18:50:19: [SM]   [1] Line 197, plugin.sp::AttemptInstantDefuse
L 10/29/2021 - 18:50:19: [SM]   [2] Line 104, plugin.sp::Event_BombBeginDefusePlusFrame
L 10/29/2021 - 18:50:20: [SM] Exception reported: Language phrase "InstaDefuseSuccessful" not found (arg 5)
L 10/29/2021 - 18:50:20: [SM] Blaming: retakes-instadefuse.smx
L 10/29/2021 - 18:50:20: [SM] Call stack trace:
L 10/29/2021 - 18:50:20: [SM]   [0] PrintToChat
L 10/29/2021 - 18:50:20: [SM]   [1] Line 197, plugin.sp::AttemptInstantDefuse
L 10/29/2021 - 18:50:20: [SM]   [2] Line 104, plugin.sp::Event_BombBeginDefusePlusFrame
L 10/29/2021 - 18:50:47: [SM] Exception reported: Language phrase "InstaDefuseSuccessful" not found (arg 5)
L 10/29/2021 - 18:50:47: [SM] Blaming: retakes-instadefuse.smx
L 10/29/2021 - 18:50:47: [SM] Call stack trace:
L 10/29/2021 - 18:50:47: [SM]   [0] PrintToChat
L 10/29/2021 - 18:50:47: [SM]   [1] Line 197, plugin.sp::AttemptInstantDefuse
L 10/29/2021 - 18:50:47: [SM]   [2] Line 104, plugin.sp::Event_BombBeginDefusePlusFrame
L 10/29/2021 - 18:51:36: [SM] Exception reported: Language phrase "InstaDefuseSuccessful" not found (arg 5)
L 10/29/2021 - 18:51:36: [SM] Blaming: retakes-instadefuse.smx
L 10/29/2021 - 18:51:36: [SM] Call stack trace:
L 10/29/2021 - 18:51:36: [SM]   [0] PrintToChat
L 10/29/2021 - 18:51:36: [SM]   [1] Line 197, plugin.sp::AttemptInstantDefuse
L 10/29/2021 - 18:51:36: [SM]   [2] Line 104, plugin.sp::Event_BombBeginDefusePlusFrame
L 10/29/2021 - 18:52:00: [SM] Exception reported: Language phrase "InstaDefuseSuccessful" not found (arg 5)
L 10/29/2021 - 18:52:00: [SM] Blaming: retakes-instadefuse.smx
L 10/29/2021 - 18:52:00: [SM] Call stack trace:
L 10/29/2021 - 18:52:00: [SM]   [0] PrintToChat
L 10/29/2021 - 18:52:00: [SM]   [1] Line 197, plugin.sp::AttemptInstantDefuse
L 10/29/2021 - 18:52:00: [SM]   [2] Line 104, plugin.sp::Event_BombBeginDefusePlusFrame
L 10/29/2021 - 18:52:40: [SM] Exception reported: Language phrase "InstaDefuseSuccessful" not found (arg 5)
L 10/29/2021 - 18:52:40: [SM] Blaming: retakes-instadefuse.smx
L 10/29/2021 - 18:52:40: [SM] Call stack trace:
L 10/29/2021 - 18:52:40: [SM]   [0] PrintToChat
L 10/29/2021 - 18:52:40: [SM]   [1] Line 197, plugin.sp::AttemptInstantDefuse
L 10/29/2021 - 18:52:40: [SM]   [2] Line 104, plugin.sp::Event_BombBeginDefusePlusFrame
L 10/29/2021 - 18:53:32: [SM] Exception reported: Language phrase "InstaDefuseSuccessful" not found (arg 5)
L 10/29/2021 - 18:53:32: [SM] Blaming: retakes-instadefuse.smx
L 10/29/2021 - 18:53:32: [SM] Call stack trace:
L 10/29/2021 - 18:53:32: [SM]   [0] PrintToChat
L 10/29/2021 - 18:53:32: [SM]   [1] Line 197, plugin.sp::AttemptInstantDefuse
L 10/29/2021 - 18:53:32: [SM]   [2] Line 104, plugin.sp::Event_BombBeginDefusePlusFrame
L 10/29/2021 - 18:54:40: [SM] Exception reported: Language phrase "InstaDefuseSuccessful" not found (arg 5)
L 10/29/2021 - 18:54:40: [SM] Blaming: retakes-instadefuse.smx
L 10/29/2021 - 18:54:40: [SM] Call stack trace:
L 10/29/2021 - 18:54:40: [SM]   [0] PrintToChat
L 10/29/2021 - 18:54:40: [SM]   [1] Line 197, plugin.sp::AttemptInstantDefuse
L 10/29/2021 - 18:54:40: [SM]   [2] Line 104, plugin.sp::Event_BombBeginDefusePlusFrame
L 10/29/2021 - 18:55:36: [SM] Exception reported: Language phrase "InstaDefuseSuccessful" not found (arg 5)
L 10/29/2021 - 18:55:36: [SM] Blaming: retakes-instadefuse.smx
L 10/29/2021 - 18:55:36: [SM] Call stack trace:
L 10/29/2021 - 18:55:36: [SM]   [0] PrintToChat
L 10/29/2021 - 18:55:36: [SM]   [1] Line 197, plugin.sp::AttemptInstantDefuse
L 10/29/2021 - 18:55:36: [SM]   [2] Line 104, plugin.sp::Event_BombBeginDefusePlusFrame
L 10/29/2021 - 18:55:55: [SM] Exception reported: Language phrase "InstaDefuseSuccessful" not found (arg 5)
L 10/29/2021 - 18:55:55: [SM] Blaming: retakes-instadefuse.smx
L 10/29/2021 - 18:55:55: [SM] Call stack trace:
L 10/29/2021 - 18:55:55: [SM]   [0] PrintToChat
L 10/29/2021 - 18:55:55: [SM]   [1] Line 197, plugin.sp::AttemptInstantDefuse
L 10/29/2021 - 18:55:55: [SM]   [2] Line 104, plugin.sp::Event_BombBeginDefusePlusFrame
L 10/29/2021 - 18:56:17: [SM] Exception reported: Language phrase "InstaDefuseSuccessful" not found (arg 5)
L 10/29/2021 - 18:56:17: [SM] Blaming: retakes-instadefuse.smx
L 10/29/2021 - 18:56:17: [SM] Call stack trace:
L 10/29/2021 - 18:56:17: [SM]   [0] PrintToChat
L 10/29/2021 - 18:56:17: [SM]   [1] Line 197, plugin.sp::AttemptInstantDefuse
L 10/29/2021 - 18:56:17: [SM]   [2] Line 104, plugin.sp::Event_BombBeginDefusePlusFrame
L 10/29/2021 - 18:56:38: [SM] Exception reported: Language phrase "InstaDefuseSuccessful" not found (arg 5)
L 10/29/2021 - 18:56:38: [SM] Blaming: retakes-instadefuse.smx
L 10/29/2021 - 18:56:38: [SM] Call stack trace:
L 10/29/2021 - 18:56:38: [SM]   [0] PrintToChat
L 10/29/2021 - 18:56:38: [SM]   [1] Line 197, plugin.sp::AttemptInstantDefuse
L 10/29/2021 - 18:56:38: [SM]   [2] Line 104, plugin.sp::Event_BombBeginDefusePlusFrame
L 10/29/2021 - 18:57:04: [SM] Exception reported: Language phrase "InstaDefuseSuccessful" not found (arg 5)
L 10/29/2021 - 18:57:04: [SM] Blaming: retakes-instadefuse.smx
L 10/29/2021 - 18:57:04: [SM] Call stack trace:
L 10/29/2021 - 18:57:04: [SM]   [0] PrintToChat
L 10/29/2021 - 18:57:04: [SM]   [1] Line 197, plugin.sp::AttemptInstantDefuse
L 10/29/2021 - 18:57:04: [SM]   [2] Line 104, plugin.sp::Event_BombBeginDefusePlusFrame
L 10/29/2021 - 18:57:31: [SM] Exception reported: Language phrase "InstaDefuseSuccessful" not found (arg 5)
L 10/29/2021 - 18:57:31: [SM] Blaming: retakes-instadefuse.smx
L 10/29/2021 - 18:57:31: [SM] Call stack trace:
L 10/29/2021 - 18:57:31: [SM]   [0] PrintToChat
L 10/29/2021 - 18:57:31: [SM]   [1] Line 197, plugin.sp::AttemptInstantDefuse
L 10/29/2021 - 18:57:31: [SM]   [2] Line 104, plugin.sp::Event_BombBeginDefusePlusFrame
L 10/29/2021 - 18:57:52: [SM] Exception reported: Language phrase "InstaDefuseSuccessful" not found (arg 5)
L 10/29/2021 - 18:57:52: [SM] Blaming: retakes-instadefuse.smx
L 10/29/2021 - 18:57:52: [SM] Call stack trace:
L 10/29/2021 - 18:57:52: [SM]   [0] PrintToChat
L 10/29/2021 - 18:57:52: [SM]   [1] Line 197, plugin.sp::AttemptInstantDefuse
L 10/29/2021 - 18:57:52: [SM]   [2] Line 104, plugin.sp::Event_BombBeginDefusePlusFrame
L 10/29/2021 - 18:58:09: [SM] Exception reported: Language phrase "InstaDefuseSuccessful" not found (arg 5)
L 10/29/2021 - 18:58:09: [SM] Blaming: retakes-instadefuse.smx
L 10/29/2021 - 18:58:09: [SM] Call stack trace:
L 10/29/2021 - 18:58:09: [SM]   [0] PrintToChat
L 10/29/2021 - 18:58:09: [SM]   [1] Line 197, plugin.sp::AttemptInstantDefuse
L 10/29/2021 - 18:58:09: [SM]   [2] Line 104, plugin.sp::Event_BombBeginDefusePlusFrame
L 10/29/2021 - 18:58:29: [SM] Exception reported: Language phrase "InstaDefuseSuccessful" not found (arg 5)
L 10/29/2021 - 18:58:29: [SM] Blaming: retakes-instadefuse.smx
L 10/29/2021 - 18:58:29: [SM] Call stack trace:
L 10/29/2021 - 18:58:29: [SM]   [0] PrintToChat
L 10/29/2021 - 18:58:29: [SM]   [1] Line 197, plugin.sp::AttemptInstantDefuse
L 10/29/2021 - 18:58:29: [SM]   [2] Line 104, plugin.sp::Event_BombBeginDefusePlusFrame
L 10/29/2021 - 18:58:47: [SM] Exception reported: Language phrase "InstaDefuseSuccessful" not found (arg 5)
L 10/29/2021 - 18:58:47: [SM] Blaming: retakes-instadefuse.smx
L 10/29/2021 - 18:58:47: [SM] Call stack trace:
L 10/29/2021 - 18:58:47: [SM]   [0] PrintToChat
L 10/29/2021 - 18:58:47: [SM]   [1] Line 197, plugin.sp::AttemptInstantDefuse
L 10/29/2021 - 18:58:47: [SM]   [2] Line 104, plugin.sp::Event_BombBeginDefusePlusFrame
L 10/29/2021 - 19:00:29: [SM] Exception reported: Language phrase "InstaDefuseSuccessful" not found (arg 5)
L 10/29/2021 - 19:00:29: [SM] Blaming: retakes-instadefuse.smx
L 10/29/2021 - 19:00:29: [SM] Call stack trace:
L 10/29/2021 - 19:00:29: [SM]   [0] PrintToChat
L 10/29/2021 - 19:00:29: [SM]   [1] Line 197, plugin.sp::AttemptInstantDefuse
L 10/29/2021 - 19:00:29: [SM]   [2] Line 104, plugin.sp::Event_BombBeginDefusePlusFrame
L 10/29/2021 - 19:00:48: [SM] Exception reported: Language phrase "InstaDefuseSuccessful" not found (arg 5)
L 10/29/2021 - 19:00:48: [SM] Blaming: retakes-instadefuse.smx
L 10/29/2021 - 19:00:48: [SM] Call stack trace:
L 10/29/2021 - 19:00:48: [SM]   [0] PrintToChat
L 10/29/2021 - 19:00:48: [SM]   [1] Line 197, plugin.sp::AttemptInstantDefuse
L 10/29/2021 - 19:00:48: [SM]   [2] Line 104, plugin.sp::Event_BombBeginDefusePlusFrame
L 10/29/2021 - 19:01:25: [SM] Exception reported: Language phrase "InstaDefuseSuccessful" not found (arg 5)
L 10/29/2021 - 19:01:25: [SM] Blaming: retakes-instadefuse.smx
L 10/29/2021 - 19:01:25: [SM] Call stack trace:
L 10/29/2021 - 19:01:25: [SM]   [0] PrintToChat
L 10/29/2021 - 19:01:25: [SM]   [1] Line 197, plugin.sp::AttemptInstantDefuse
L 10/29/2021 - 19:01:25: [SM]   [2] Line 104, plugin.sp::Event_BombBeginDefusePlusFrame
L 10/29/2021 - 19:02:28: [SM] Exception reported: Language phrase "InstaDefuseUnsuccessful" not found (arg 5)
L 10/29/2021 - 19:02:28: [SM] Blaming: retakes-instadefuse.smx
L 10/29/2021 - 19:02:28: [SM] Call stack trace:
L 10/29/2021 - 19:02:28: [SM]   [0] PrintToChat
L 10/29/2021 - 19:02:28: [SM]   [1] Line 143, plugin.sp::AttemptInstantDefuse
L 10/29/2021 - 19:02:28: [SM]   [2] Line 104, plugin.sp::Event_BombBeginDefusePlusFrame
L 10/29/2021 - 19:02:28: [SM] Exception reported: Language phrase "InstaDefuseUnsuccessful" not found (arg 5)
L 10/29/2021 - 19:02:28: [SM] Blaming: retakes-instadefuse.smx
L 10/29/2021 - 19:02:28: [SM] Call stack trace:
L 10/29/2021 - 19:02:28: [SM]   [0] PrintToChat
L 10/29/2021 - 19:02:28: [SM]   [1] Line 143, plugin.sp::AttemptInstantDefuse
L 10/29/2021 - 19:02:28: [SM]   [2] Line 104, plugin.sp::Event_BombBeginDefusePlusFrame
L 10/29/2021 - 19:02:28: [SM] Exception reported: Language phrase "InstaDefuseUnsuccessful" not found (arg 5)
L 10/29/2021 - 19:02:28: [SM] Blaming: retakes-instadefuse.smx
L 10/29/2021 - 19:02:28: [SM] Call stack trace:
L 10/29/2021 - 19:02:28: [SM]   [0] PrintToChat
L 10/29/2021 - 19:02:28: [SM]   [1] Line 143, plugin.sp::AttemptInstantDefuse
L 10/29/2021 - 19:02:28: [SM]   [2] Line 104, plugin.sp::Event_BombBeginDefusePlusFrame
L 10/29/2021 - 19:02:29: [SM] Exception reported: Language phrase "InstaDefuseUnsuccessful" not found (arg 5)
L 10/29/2021 - 19:02:29: [SM] Blaming: retakes-instadefuse.smx
L 10/29/2021 - 19:02:29: [SM] Call stack trace:
L 10/29/2021 - 19:02:29: [SM]   [0] PrintToChat
L 10/29/2021 - 19:02:29: [SM]   [1] Line 143, plugin.sp::AttemptInstantDefuse
L 10/29/2021 - 19:02:29: [SM]   [2] Line 104, plugin.sp::Event_BombBeginDefusePlusFrame
L 10/29/2021 - 19:02:29: [SM] Exception reported: Language phrase "InstaDefuseUnsuccessful" not found (arg 5)
L 10/29/2021 - 19:02:29: [SM] Blaming: retakes-instadefuse.smx
L 10/29/2021 - 19:02:29: [SM] Call stack trace:
L 10/29/2021 - 19:02:29: [SM]   [0] PrintToChat
L 10/29/2021 - 19:02:29: [SM]   [1] Line 143, plugin.sp::AttemptInstantDefuse
L 10/29/2021 - 19:02:29: [SM]   [2] Line 104, plugin.sp::Event_BombBeginDefusePlusFrame
L 10/29/2021 - 19:02:29: [SM] Exception reported: Language phrase "InstaDefuseUnsuccessful" not found (arg 5)
L 10/29/2021 - 19:02:29: [SM] Blaming: retakes-instadefuse.smx
L 10/29/2021 - 19:02:29: [SM] Call stack trace:
L 10/29/2021 - 19:02:29: [SM]   [0] PrintToChat
L 10/29/2021 - 19:02:29: [SM]   [1] Line 143, plugin.sp::AttemptInstantDefuse
L 10/29/2021 - 19:02:29: [SM]   [2] Line 104, plugin.sp::Event_BombBeginDefusePlusFrame
L 10/29/2021 - 19:02:29: [SM] Exception reported: Language phrase "InstaDefuseUnsuccessful" not found (arg 5)
L 10/29/2021 - 19:02:29: [SM] Blaming: retakes-instadefuse.smx
L 10/29/2021 - 19:02:29: [SM] Call stack trace:
L 10/29/2021 - 19:02:29: [SM]   [0] PrintToChat
L 10/29/2021 - 19:02:29: [SM]   [1] Line 143, plugin.sp::AttemptInstantDefuse
L 10/29/2021 - 19:02:29: [SM]   [2] Line 104, plugin.sp::Event_BombBeginDefusePlusFrame
L 10/29/2021 - 19:02:29: [SM] Exception reported: Language phrase "InstaDefuseUnsuccessful" not found (arg 5)
L 10/29/2021 - 19:02:30: [SM] Blaming: retakes-instadefuse.smx
L 10/29/2021 - 19:02:30: [SM] Call stack trace:
L 10/29/2021 - 19:02:30: [SM]   [0] PrintToChat
L 10/29/2021 - 19:02:30: [SM]   [1] Line 143, plugin.sp::AttemptInstantDefuse
L 10/29/2021 - 19:02:30: [SM]   [2] Line 104, plugin.sp::Event_BombBeginDefusePlusFrame
L 10/29/2021 - 19:03:12: [SM] Exception reported: Language phrase "LiveNadeSomewhere" not found (arg 5)
L 10/29/2021 - 19:03:12: [SM] Blaming: retakes-instadefuse.smx
L 10/29/2021 - 19:03:12: [SM] Call stack trace:
L 10/29/2021 - 19:03:12: [SM]   [0] PrintToChat
L 10/29/2021 - 19:03:12: [SM]   [1] Line 168, plugin.sp::AttemptInstantDefuse
L 10/29/2021 - 19:03:12: [SM]   [2] Line 104, plugin.sp::Event_BombBeginDefusePlusFrame
L 10/29/2021 - 19:03:40: [SM] Exception reported: Language phrase "InstaDefuseSuccessful" not found (arg 5)
L 10/29/2021 - 19:03:40: [SM] Blaming: retakes-instadefuse.smx
L 10/29/2021 - 19:03:40: [SM] Call stack trace:
L 10/29/2021 - 19:03:40: [SM]   [0] PrintToChat
L 10/29/2021 - 19:03:40: [SM]   [1] Line 197, plugin.sp::AttemptInstantDefuse
L 10/29/2021 - 19:03:40: [SM]   [2] Line 104, plugin.sp::Event_BombBeginDefusePlusFrame
L 10/29/2021 - 19:04:02: [SM] Exception reported: Language phrase "InstaDefuseSuccessful" not found (arg 5)
L 10/29/2021 - 19:04:02: [SM] Blaming: retakes-instadefuse.smx
L 10/29/2021 - 19:04:02: [SM] Call stack trace:
L 10/29/2021 - 19:04:02: [SM]   [0] PrintToChat
L 10/29/2021 - 19:04:02: [SM]   [1] Line 197, plugin.sp::AttemptInstantDefuse
L 10/29/2021 - 19:04:02: [SM]   [2] Line 104, plugin.sp::Event_BombBeginDefusePlusFrame
L 10/29/2021 - 19:04:27: [SM] Exception reported: Language phrase "InstaDefuseSuccessful" not found (arg 5)
L 10/29/2021 - 19:04:27: [SM] Blaming: retakes-instadefuse.smx
L 10/29/2021 - 19:04:27: [SM] Call stack trace:
L 10/29/2021 - 19:04:27: [SM]   [0] PrintToChat
L 10/29/2021 - 19:04:27: [SM]   [1] Line 197, plugin.sp::AttemptInstantDefuse
L 10/29/2021 - 19:04:27: [SM]   [2] Line 104, plugin.sp::Event_BombBeginDefusePlusFrame
L 10/29/2021 - 19:04:45: [SM] Exception reported: Language phrase "InstaDefuseSuccessful" not found (arg 5)
L 10/29/2021 - 19:04:45: [SM] Blaming: retakes-instadefuse.smx
L 10/29/2021 - 19:04:45: [SM] Call stack trace:
L 10/29/2021 - 19:04:45: [SM]   [0] PrintToChat
L 10/29/2021 - 19:04:45: [SM]   [1] Line 197, plugin.sp::AttemptInstantDefuse
L 10/29/2021 - 19:04:45: [SM]   [2] Line 104, plugin.sp::Event_BombBeginDefusePlusFrame
L 10/29/2021 - 19:05:31: [SM] Exception reported: Language phrase "InstaDefuseSuccessful" not found (arg 5)
L 10/29/2021 - 19:05:31: [SM] Blaming: retakes-instadefuse.smx
L 10/29/2021 - 19:05:31: [SM] Call stack trace:
L 10/29/2021 - 19:05:31: [SM]   [0] PrintToChat
L 10/29/2021 - 19:05:31: [SM]   [1] Line 197, plugin.sp::AttemptInstantDefuse
L 10/29/2021 - 19:05:31: [SM]   [2] Line 104, plugin.sp::Event_BombBeginDefusePlusFrame
L 10/29/2021 - 19:05:55: [SM] Exception reported: Language phrase "InstaDefuseSuccessful" not found (arg 5)
L 10/29/2021 - 19:05:55: [SM] Blaming: retakes-instadefuse.smx
L 10/29/2021 - 19:05:55: [SM] Call stack trace:
L 10/29/2021 - 19:05:55: [SM]   [0] PrintToChat
L 10/29/2021 - 19:05:55: [SM]   [1] Line 197, plugin.sp::AttemptInstantDefuse
L 10/29/2021 - 19:05:55: [SM]   [2] Line 104, plugin.sp::Event_BombBeginDefusePlusFrame
L 10/29/2021 - 19:06:12: [SM] Exception reported: Language phrase "InstaDefuseSuccessful" not found (arg 5)
L 10/29/2021 - 19:06:12: [SM] Blaming: retakes-instadefuse.smx
L 10/29/2021 - 19:06:12: [SM] Call stack trace:
L 10/29/2021 - 19:06:12: [SM]   [0] PrintToChat
L 10/29/2021 - 19:06:12: [SM]   [1] Line 197, plugin.sp::AttemptInstantDefuse
L 10/29/2021 - 19:06:12: [SM]   [2] Line 104, plugin.sp::Event_BombBeginDefusePlusFrame
L 10/29/2021 - 19:06:34: [SM] Exception reported: Language phrase "InstaDefuseSuccessful" not found (arg 5)
L 10/29/2021 - 19:06:34: [SM] Blaming: retakes-instadefuse.smx
L 10/29/2021 - 19:06:34: [SM] Call stack trace:
L 10/29/2021 - 19:06:34: [SM]   [0] PrintToChat
L 10/29/2021 - 19:06:34: [SM]   [1] Line 197, plugin.sp::AttemptInstantDefuse
L 10/29/2021 - 19:06:34: [SM]   [2] Line 104, plugin.sp::Event_BombBeginDefusePlusFrame
L 10/29/2021 - 19:06:59: [SM] Exception reported: Language phrase "InstaDefuseSuccessful" not found (arg 5)
L 10/29/2021 - 19:06:59: [SM] Blaming: retakes-instadefuse.smx
L 10/29/2021 - 19:06:59: [SM] Call stack trace:
L 10/29/2021 - 19:06:59: [SM]   [0] PrintToChat
L 10/29/2021 - 19:06:59: [SM]   [1] Line 197, plugin.sp::AttemptInstantDefuse
L 10/29/2021 - 19:06:59: [SM]   [2] Line 104, plugin.sp::Event_BombBeginDefusePlusFrame
L 10/29/2021 - 19:07:34: [SM] Exception reported: Language phrase "InstaDefuseSuccessful" not found (arg 5)
L 10/29/2021 - 19:07:34: [SM] Blaming: retakes-instadefuse.smx
L 10/29/2021 - 19:07:34: [SM] Call stack trace:
L 10/29/2021 - 19:07:34: [SM]   [0] PrintToChat
L 10/29/2021 - 19:07:35: [SM]   [1] Line 197, plugin.sp::AttemptInstantDefuse
L 10/29/2021 - 19:07:35: [SM]   [2] Line 104, plugin.sp::Event_BombBeginDefusePlusFrame
L 10/29/2021 - 19:07:57: [SM] Exception reported: Language phrase "InstaDefuseSuccessful" not found (arg 5)
L 10/29/2021 - 19:07:57: [SM] Blaming: retakes-instadefuse.smx
L 10/29/2021 - 19:07:57: [SM] Call stack trace:
L 10/29/2021 - 19:07:57: [SM]   [0] PrintToChat
L 10/29/2021 - 19:07:57: [SM]   [1] Line 197, plugin.sp::AttemptInstantDefuse
L 10/29/2021 - 19:07:57: [SM]   [2] Line 104, plugin.sp::Event_BombBeginDefusePlusFrame
L 10/29/2021 - 19:08:15: [SM] Exception reported: Language phrase "InstaDefuseSuccessful" not found (arg 5)
L 10/29/2021 - 19:08:15: [SM] Blaming: retakes-instadefuse.smx
L 10/29/2021 - 19:08:15: [SM] Call stack trace:
L 10/29/2021 - 19:08:15: [SM]   [0] PrintToChat
L 10/29/2021 - 19:08:15: [SM]   [1] Line 197, plugin.sp::AttemptInstantDefuse
L 10/29/2021 - 19:08:15: [SM]   [2] Line 104, plugin.sp::Event_BombBeginDefusePlusFrame
L 10/29/2021 - 19:08:37: [SM] Exception reported: Language phrase "InstaDefuseSuccessful" not found (arg 5)
L 10/29/2021 - 19:08:37: [SM] Blaming: retakes-instadefuse.smx
L 10/29/2021 - 19:08:37: [SM] Call stack trace:
L 10/29/2021 - 19:08:37: [SM]   [0] PrintToChat
L 10/29/2021 - 19:08:37: [SM]   [1] Line 197, plugin.sp::AttemptInstantDefuse
L 10/29/2021 - 19:08:37: [SM]   [2] Line 104, plugin.sp::Event_BombBeginDefusePlusFrame
L 10/29/2021 - 19:09:30: [SM] Exception reported: Language phrase "InstaDefuseSuccessful" not found (arg 5)
L 10/29/2021 - 19:09:30: [SM] Blaming: retakes-instadefuse.smx
L 10/29/2021 - 19:09:30: [SM] Call stack trace:
L 10/29/2021 - 19:09:30: [SM]   [0] PrintToChat
L 10/29/2021 - 19:09:30: [SM]   [1] Line 197, plugin.sp::AttemptInstantDefuse
L 10/29/2021 - 19:09:30: [SM]   [2] Line 104, plugin.sp::Event_BombBeginDefusePlusFrame
L 10/29/2021 - 19:11:20: [SM] Exception reported: Language phrase "InstaDefuseSuccessful" not found (arg 5)
L 10/29/2021 - 19:11:20: [SM] Blaming: retakes-instadefuse.smx
L 10/29/2021 - 19:11:20: [SM] Call stack trace:
L 10/29/2021 - 19:11:20: [SM]   [0] PrintToChat
L 10/29/2021 - 19:11:20: [SM]   [1] Line 197, plugin.sp::AttemptInstantDefuse
L 10/29/2021 - 19:11:20: [SM]   [2] Line 104, plugin.sp::Event_BombBeginDefusePlusFrame
L 10/29/2021 - 19:13:40: [SM] Exception reported: Language phrase "InstaDefuseSuccessful" not found (arg 5)
L 10/29/2021 - 19:13:40: [SM] Blaming: retakes-instadefuse.smx
L 10/29/2021 - 19:13:40: [SM] Call stack trace:
L 10/29/2021 - 19:13:40: [SM]   [0] PrintToChat
L 10/29/2021 - 19:13:40: [SM]   [1] Line 197, plugin.sp::AttemptInstantDefuse
L 10/29/2021 - 19:13:40: [SM]   [2] Line 104, plugin.sp::Event_BombBeginDefusePlusFrame
L 10/29/2021 - 19:13:40: [SM] Exception reported: Language phrase "InstaDefuseSuccessful" not found (arg 5)
L 10/29/2021 - 19:13:40: [SM] Blaming: retakes-instadefuse.smx
L 10/29/2021 - 19:13:40: [SM] Call stack trace:
L 10/29/2021 - 19:13:40: [SM]   [0] PrintToChat
L 10/29/2021 - 19:13:40: [SM]   [1] Line 197, plugin.sp::AttemptInstantDefuse
L 10/29/2021 - 19:13:40: [SM]   [2] Line 104, plugin.sp::Event_BombBeginDefusePlusFrame
L 10/29/2021 - 19:14:04: [SM] Exception reported: Language phrase "InstaDefuseSuccessful" not found (arg 5)
L 10/29/2021 - 19:14:04: [SM] Blaming: retakes-instadefuse.smx
L 10/29/2021 - 19:14:04: [SM] Call stack trace:
L 10/29/2021 - 19:14:04: [SM]   [0] PrintToChat
L 10/29/2021 - 19:14:04: [SM]   [1] Line 197, plugin.sp::AttemptInstantDefuse
L 10/29/2021 - 19:14:04: [SM]   [2] Line 104, plugin.sp::Event_BombBeginDefusePlusFrame
L 10/29/2021 - 19:14:53: [SM] Exception reported: Language phrase "InstaDefuseSuccessful" not found (arg 5)
L 10/29/2021 - 19:14:53: [SM] Blaming: retakes-instadefuse.smx
L 10/29/2021 - 19:14:53: [SM] Call stack trace:
L 10/29/2021 - 19:14:53: [SM]   [0] PrintToChat
L 10/29/2021 - 19:14:53: [SM]   [1] Line 197, plugin.sp::AttemptInstantDefuse
L 10/29/2021 - 19:14:53: [SM]   [2] Line 104, plugin.sp::Event_BombBeginDefusePlusFrame
L 10/29/2021 - 19:16:46: [SM] Exception reported: Language phrase "InstaDefuseSuccessful" not found (arg 5)
L 10/29/2021 - 19:16:46: [SM] Blaming: retakes-instadefuse.smx
L 10/29/2021 - 19:16:46: [SM] Call stack trace:
L 10/29/2021 - 19:16:46: [SM]   [0] PrintToChat
L 10/29/2021 - 19:16:46: [SM]   [1] Line 197, plugin.sp::AttemptInstantDefuse
L 10/29/2021 - 19:16:46: [SM]   [2] Line 104, plugin.sp::Event_BombBeginDefusePlusFrame
L 10/29/2021 - 19:17:28: [SM] Exception reported: Language phrase "InstaDefuseSuccessful" not found (arg 5)
L 10/29/2021 - 19:17:28: [SM] Blaming: retakes-instadefuse.smx
L 10/29/2021 - 19:17:28: [SM] Call stack trace:
L 10/29/2021 - 19:17:28: [SM]   [0] PrintToChat
L 10/29/2021 - 19:17:28: [SM]   [1] Line 197, plugin.sp::AttemptInstantDefuse
L 10/29/2021 - 19:17:28: [SM]   [2] Line 104, plugin.sp::Event_BombBeginDefusePlusFrame
