L 01/10/2022 - 23:26:51: SourceMod error session started
L 01/10/2022 - 23:26:51: Info (map "de_mirage") (file "E:\retake\csgoserver\csgo\addons\sourcemod\logs\errors_20220110.log")
L 01/10/2022 - 23:26:51: [SM] Unable to load extension "PhysHooks.ext": Could not find patch signature for symbol: Physics_RunThinkFunctions
L 01/10/2022 - 23:26:54: [SM] Unable to load plugin "bot_inventory.smx": Native "eItems_AreItemsSynced" was not found
L 01/10/2022 - 23:26:54: [SM] Unable to load plugin "bot_stuff.smx": Could not find required plugin "navmesh"
L 01/10/2022 - 23:26:55: [SM] Unable to load plugin "LagCompensation.smx": Required extension "PhysHooks" file("PhysHooks.ext") not running
L 01/10/2022 - 23:26:56: [SM] Fatal error encountered parsing translation file "ranks_matchmaking.phrases.txt"
L 01/10/2022 - 23:26:56: [SM] Error (line 0, column 0): Stream failed to open
L 01/10/2022 - 23:26:57: [SM] Fatal error encountered parsing translation file "instadefuse.phrases.txt"
L 01/10/2022 - 23:26:57: [SM] Error (line 0, column 0): Stream failed to open
L 01/10/2022 - 23:27:17: [SM] Exception reported: Language phrase "Unranked" not found (arg 5)
L 01/10/2022 - 23:27:17: [SM] Blaming: ranks_matchmaking.smx
L 01/10/2022 - 23:27:17: [SM] Call stack trace:
L 01/10/2022 - 23:27:17: [SM]   [0] FormatEx
L 01/10/2022 - 23:27:17: [SM]   [1] Line 174, ranks_matchmaking.sp::GetRanksNames
L 01/10/2022 - 23:27:17: [SM]   [2] Line 169, ranks_matchmaking.sp::OnMapStart
L 01/10/2022 - 23:28:18: Error log file session closed.
L 01/10/2022 - 23:28:19: SourceMod error session started
L 01/10/2022 - 23:28:19: Info (map "de_mirage") (file "E:\retake\csgoserver\csgo\addons\sourcemod\logs\errors_20220110.log")
L 01/10/2022 - 23:28:19: [SM] Fatal error encountered parsing translation file "ranks_matchmaking.phrases.txt"
L 01/10/2022 - 23:28:19: [SM] Error (line 0, column 0): Stream failed to open
L 01/10/2022 - 23:28:19: [SM] Fatal error encountered parsing translation file "instadefuse.phrases.txt"
L 01/10/2022 - 23:28:19: [SM] Error (line 0, column 0): Stream failed to open
L 01/10/2022 - 23:28:19: [SM] Exception reported: Language phrase "Unranked" not found (arg 5)
L 01/10/2022 - 23:28:19: [SM] Blaming: ranks_matchmaking.smx
L 01/10/2022 - 23:28:19: [SM] Call stack trace:
L 01/10/2022 - 23:28:19: [SM]   [0] FormatEx
L 01/10/2022 - 23:28:19: [SM]   [1] Line 174, ranks_matchmaking.sp::GetRanksNames
L 01/10/2022 - 23:28:19: [SM]   [2] Line 169, ranks_matchmaking.sp::OnMapStart
L 01/10/2022 - 23:30:06: [SM] Exception reported: Language phrase "InstaDefuseSuccessful" not found (arg 5)
L 01/10/2022 - 23:30:06: [SM] Blaming: retakes-instadefuse.smx
L 01/10/2022 - 23:30:06: [SM] Call stack trace:
L 01/10/2022 - 23:30:06: [SM]   [0] PrintToChat
L 01/10/2022 - 23:30:06: [SM]   [1] Line 197, plugin.sp::AttemptInstantDefuse
L 01/10/2022 - 23:30:06: [SM]   [2] Line 104, plugin.sp::Event_BombBeginDefusePlusFrame
L 01/10/2022 - 23:30:30: [SM] Exception reported: Language phrase "InstaDefuseSuccessful" not found (arg 5)
L 01/10/2022 - 23:30:30: [SM] Blaming: retakes-instadefuse.smx
L 01/10/2022 - 23:30:30: [SM] Call stack trace:
L 01/10/2022 - 23:30:30: [SM]   [0] PrintToChat
L 01/10/2022 - 23:30:30: [SM]   [1] Line 197, plugin.sp::AttemptInstantDefuse
L 01/10/2022 - 23:30:30: [SM]   [2] Line 104, plugin.sp::Event_BombBeginDefusePlusFrame
L 01/10/2022 - 23:31:07: [SM] Exception reported: Language phrase "InstaDefuseSuccessful" not found (arg 5)
L 01/10/2022 - 23:31:07: [SM] Blaming: retakes-instadefuse.smx
L 01/10/2022 - 23:31:07: [SM] Call stack trace:
L 01/10/2022 - 23:31:07: [SM]   [0] PrintToChat
L 01/10/2022 - 23:31:08: [SM]   [1] Line 197, plugin.sp::AttemptInstantDefuse
L 01/10/2022 - 23:31:08: [SM]   [2] Line 104, plugin.sp::Event_BombBeginDefusePlusFrame
L 01/10/2022 - 23:31:25: [SM] Exception reported: Language phrase "InstaDefuseSuccessful" not found (arg 5)
L 01/10/2022 - 23:31:25: [SM] Blaming: retakes-instadefuse.smx
L 01/10/2022 - 23:31:25: [SM] Call stack trace:
L 01/10/2022 - 23:31:25: [SM]   [0] PrintToChat
L 01/10/2022 - 23:31:25: [SM]   [1] Line 197, plugin.sp::AttemptInstantDefuse
L 01/10/2022 - 23:31:25: [SM]   [2] Line 104, plugin.sp::Event_BombBeginDefusePlusFrame
L 01/10/2022 - 23:31:42: [SM] Exception reported: Language phrase "InstaDefuseSuccessful" not found (arg 5)
L 01/10/2022 - 23:31:42: [SM] Blaming: retakes-instadefuse.smx
L 01/10/2022 - 23:31:42: [SM] Call stack trace:
L 01/10/2022 - 23:31:42: [SM]   [0] PrintToChat
L 01/10/2022 - 23:31:42: [SM]   [1] Line 197, plugin.sp::AttemptInstantDefuse
L 01/10/2022 - 23:31:42: [SM]   [2] Line 104, plugin.sp::Event_BombBeginDefusePlusFrame
L 01/10/2022 - 23:32:03: [SM] Exception reported: Language phrase "LiveNadeSomewhere" not found (arg 5)
L 01/10/2022 - 23:32:03: [SM] Blaming: retakes-instadefuse.smx
L 01/10/2022 - 23:32:03: [SM] Call stack trace:
L 01/10/2022 - 23:32:03: [SM]   [0] PrintToChat
L 01/10/2022 - 23:32:03: [SM]   [1] Line 168, plugin.sp::AttemptInstantDefuse
L 01/10/2022 - 23:32:03: [SM]   [2] Line 104, plugin.sp::Event_BombBeginDefusePlusFrame
L 01/10/2022 - 23:32:29: [SM] Exception reported: Language phrase "InstaDefuseSuccessful" not found (arg 5)
L 01/10/2022 - 23:32:29: [SM] Blaming: retakes-instadefuse.smx
L 01/10/2022 - 23:32:29: [SM] Call stack trace:
L 01/10/2022 - 23:32:29: [SM]   [0] PrintToChat
L 01/10/2022 - 23:32:29: [SM]   [1] Line 197, plugin.sp::AttemptInstantDefuse
L 01/10/2022 - 23:32:29: [SM]   [2] Line 104, plugin.sp::Event_BombBeginDefusePlusFrame
L 01/10/2022 - 23:33:28: [SM] Exception reported: Language phrase "InstaDefuseSuccessful" not found (arg 5)
L 01/10/2022 - 23:33:28: [SM] Blaming: retakes-instadefuse.smx
L 01/10/2022 - 23:33:28: [SM] Call stack trace:
L 01/10/2022 - 23:33:28: [SM]   [0] PrintToChat
L 01/10/2022 - 23:33:28: [SM]   [1] Line 197, plugin.sp::AttemptInstantDefuse
L 01/10/2022 - 23:33:28: [SM]   [2] Line 104, plugin.sp::Event_BombBeginDefusePlusFrame
L 01/10/2022 - 23:34:55: [SM] Exception reported: Language phrase "InstaDefuseSuccessful" not found (arg 5)
L 01/10/2022 - 23:34:55: [SM] Blaming: retakes-instadefuse.smx
L 01/10/2022 - 23:34:55: [SM] Call stack trace:
L 01/10/2022 - 23:34:55: [SM]   [0] PrintToChat
L 01/10/2022 - 23:34:55: [SM]   [1] Line 197, plugin.sp::AttemptInstantDefuse
L 01/10/2022 - 23:34:55: [SM]   [2] Line 104, plugin.sp::Event_BombBeginDefusePlusFrame
L 01/10/2022 - 23:35:33: [SM] Exception reported: Language phrase "InstaDefuseSuccessful" not found (arg 5)
L 01/10/2022 - 23:35:33: [SM] Blaming: retakes-instadefuse.smx
L 01/10/2022 - 23:35:33: [SM] Call stack trace:
L 01/10/2022 - 23:35:33: [SM]   [0] PrintToChat
L 01/10/2022 - 23:35:33: [SM]   [1] Line 197, plugin.sp::AttemptInstantDefuse
L 01/10/2022 - 23:35:33: [SM]   [2] Line 104, plugin.sp::Event_BombBeginDefusePlusFrame
L 01/10/2022 - 23:35:54: [SM] Exception reported: Language phrase "InstaDefuseSuccessful" not found (arg 5)
L 01/10/2022 - 23:35:54: [SM] Blaming: retakes-instadefuse.smx
L 01/10/2022 - 23:35:54: [SM] Call stack trace:
L 01/10/2022 - 23:35:54: [SM]   [0] PrintToChat
L 01/10/2022 - 23:35:54: [SM]   [1] Line 197, plugin.sp::AttemptInstantDefuse
L 01/10/2022 - 23:35:54: [SM]   [2] Line 104, plugin.sp::Event_BombBeginDefusePlusFrame
L 01/10/2022 - 23:39:13: [SM] Exception reported: Language phrase "InstaDefuseSuccessful" not found (arg 5)
L 01/10/2022 - 23:39:13: [SM] Blaming: retakes-instadefuse.smx
L 01/10/2022 - 23:39:13: [SM] Call stack trace:
L 01/10/2022 - 23:39:13: [SM]   [0] PrintToChat
L 01/10/2022 - 23:39:13: [SM]   [1] Line 197, plugin.sp::AttemptInstantDefuse
L 01/10/2022 - 23:39:13: [SM]   [2] Line 104, plugin.sp::Event_BombBeginDefusePlusFrame
L 01/10/2022 - 23:39:44: [SM] Exception reported: Language phrase "InstaDefuseSuccessful" not found (arg 5)
L 01/10/2022 - 23:39:44: [SM] Blaming: retakes-instadefuse.smx
L 01/10/2022 - 23:39:44: [SM] Call stack trace:
L 01/10/2022 - 23:39:44: [SM]   [0] PrintToChat
L 01/10/2022 - 23:39:44: [SM]   [1] Line 197, plugin.sp::AttemptInstantDefuse
L 01/10/2022 - 23:39:44: [SM]   [2] Line 104, plugin.sp::Event_BombBeginDefusePlusFrame
L 01/10/2022 - 23:39:47: [SM] Exception reported: Language phrase "InstaDefuseSuccessful" not found (arg 5)
L 01/10/2022 - 23:39:47: [SM] Blaming: retakes-instadefuse.smx
L 01/10/2022 - 23:39:47: [SM] Call stack trace:
L 01/10/2022 - 23:39:47: [SM]   [0] PrintToChat
L 01/10/2022 - 23:39:47: [SM]   [1] Line 197, plugin.sp::AttemptInstantDefuse
L 01/10/2022 - 23:39:47: [SM]   [2] Line 104, plugin.sp::Event_BombBeginDefusePlusFrame
L 01/10/2022 - 23:41:04: [SM] Exception reported: Language phrase "InstaDefuseSuccessful" not found (arg 5)
L 01/10/2022 - 23:41:04: [SM] Blaming: retakes-instadefuse.smx
L 01/10/2022 - 23:41:04: [SM] Call stack trace:
L 01/10/2022 - 23:41:04: [SM]   [0] PrintToChat
L 01/10/2022 - 23:41:04: [SM]   [1] Line 197, plugin.sp::AttemptInstantDefuse
L 01/10/2022 - 23:41:04: [SM]   [2] Line 104, plugin.sp::Event_BombBeginDefusePlusFrame
L 01/10/2022 - 23:41:28: [SM] Exception reported: Language phrase "InstaDefuseSuccessful" not found (arg 5)
L 01/10/2022 - 23:41:28: [SM] Blaming: retakes-instadefuse.smx
L 01/10/2022 - 23:41:28: [SM] Call stack trace:
L 01/10/2022 - 23:41:28: [SM]   [0] PrintToChat
L 01/10/2022 - 23:41:28: [SM]   [1] Line 197, plugin.sp::AttemptInstantDefuse
L 01/10/2022 - 23:41:28: [SM]   [2] Line 104, plugin.sp::Event_BombBeginDefusePlusFrame
L 01/10/2022 - 23:41:49: [SM] Exception reported: Language phrase "InstaDefuseSuccessful" not found (arg 5)
L 01/10/2022 - 23:41:49: [SM] Blaming: retakes-instadefuse.smx
L 01/10/2022 - 23:41:49: [SM] Call stack trace:
L 01/10/2022 - 23:41:49: [SM]   [0] PrintToChat
L 01/10/2022 - 23:41:49: [SM]   [1] Line 197, plugin.sp::AttemptInstantDefuse
L 01/10/2022 - 23:41:49: [SM]   [2] Line 104, plugin.sp::Event_BombBeginDefusePlusFrame
L 01/10/2022 - 23:42:16: [SM] Exception reported: Language phrase "InstaDefuseSuccessful" not found (arg 5)
L 01/10/2022 - 23:42:16: [SM] Blaming: retakes-instadefuse.smx
L 01/10/2022 - 23:42:16: [SM] Call stack trace:
L 01/10/2022 - 23:42:16: [SM]   [0] PrintToChat
L 01/10/2022 - 23:42:16: [SM]   [1] Line 197, plugin.sp::AttemptInstantDefuse
L 01/10/2022 - 23:42:16: [SM]   [2] Line 104, plugin.sp::Event_BombBeginDefusePlusFrame
L 01/10/2022 - 23:42:37: [SM] Exception reported: Language phrase "InstaDefuseSuccessful" not found (arg 5)
L 01/10/2022 - 23:42:37: [SM] Blaming: retakes-instadefuse.smx
L 01/10/2022 - 23:42:37: [SM] Call stack trace:
L 01/10/2022 - 23:42:37: [SM]   [0] PrintToChat
L 01/10/2022 - 23:42:37: [SM]   [1] Line 197, plugin.sp::AttemptInstantDefuse
L 01/10/2022 - 23:42:37: [SM]   [2] Line 104, plugin.sp::Event_BombBeginDefusePlusFrame
L 01/10/2022 - 23:43:32: [SM] Exception reported: Language phrase "InstaDefuseSuccessful" not found (arg 5)
L 01/10/2022 - 23:43:32: [SM] Blaming: retakes-instadefuse.smx
L 01/10/2022 - 23:43:32: [SM] Call stack trace:
L 01/10/2022 - 23:43:32: [SM]   [0] PrintToChat
L 01/10/2022 - 23:43:32: [SM]   [1] Line 197, plugin.sp::AttemptInstantDefuse
L 01/10/2022 - 23:43:32: [SM]   [2] Line 104, plugin.sp::Event_BombBeginDefusePlusFrame
L 01/10/2022 - 23:44:10: [SM] Exception reported: Language phrase "InstaDefuseSuccessful" not found (arg 5)
L 01/10/2022 - 23:44:10: [SM] Blaming: retakes-instadefuse.smx
L 01/10/2022 - 23:44:10: [SM] Call stack trace:
L 01/10/2022 - 23:44:10: [SM]   [0] PrintToChat
L 01/10/2022 - 23:44:10: [SM]   [1] Line 197, plugin.sp::AttemptInstantDefuse
L 01/10/2022 - 23:44:10: [SM]   [2] Line 104, plugin.sp::Event_BombBeginDefusePlusFrame
L 01/10/2022 - 23:44:27: [SM] Exception reported: Language phrase "InstaDefuseSuccessful" not found (arg 5)
L 01/10/2022 - 23:44:27: [SM] Blaming: retakes-instadefuse.smx
L 01/10/2022 - 23:44:27: [SM] Call stack trace:
L 01/10/2022 - 23:44:27: [SM]   [0] PrintToChat
L 01/10/2022 - 23:44:27: [SM]   [1] Line 197, plugin.sp::AttemptInstantDefuse
L 01/10/2022 - 23:44:27: [SM]   [2] Line 104, plugin.sp::Event_BombBeginDefusePlusFrame
L 01/10/2022 - 23:45:47: [SM] Exception reported: Language phrase "InstaDefuseSuccessful" not found (arg 5)
L 01/10/2022 - 23:45:47: [SM] Blaming: retakes-instadefuse.smx
L 01/10/2022 - 23:45:47: [SM] Call stack trace:
L 01/10/2022 - 23:45:47: [SM]   [0] PrintToChat
L 01/10/2022 - 23:45:47: [SM]   [1] Line 197, plugin.sp::AttemptInstantDefuse
L 01/10/2022 - 23:45:47: [SM]   [2] Line 104, plugin.sp::Event_BombBeginDefusePlusFrame
L 01/10/2022 - 23:47:19: [SM] Exception reported: Language phrase "InstaDefuseSuccessful" not found (arg 5)
L 01/10/2022 - 23:47:19: [SM] Blaming: retakes-instadefuse.smx
L 01/10/2022 - 23:47:19: [SM] Call stack trace:
L 01/10/2022 - 23:47:19: [SM]   [0] PrintToChat
L 01/10/2022 - 23:47:19: [SM]   [1] Line 197, plugin.sp::AttemptInstantDefuse
L 01/10/2022 - 23:47:19: [SM]   [2] Line 104, plugin.sp::Event_BombBeginDefusePlusFrame
L 01/10/2022 - 23:48:17: [SM] Exception reported: Language phrase "InstaDefuseSuccessful" not found (arg 5)
L 01/10/2022 - 23:48:17: [SM] Blaming: retakes-instadefuse.smx
L 01/10/2022 - 23:48:17: [SM] Call stack trace:
L 01/10/2022 - 23:48:17: [SM]   [0] PrintToChat
L 01/10/2022 - 23:48:17: [SM]   [1] Line 197, plugin.sp::AttemptInstantDefuse
L 01/10/2022 - 23:48:17: [SM]   [2] Line 104, plugin.sp::Event_BombBeginDefusePlusFrame
L 01/10/2022 - 23:48:37: [SM] Exception reported: Language phrase "InstaDefuseSuccessful" not found (arg 5)
L 01/10/2022 - 23:48:37: [SM] Blaming: retakes-instadefuse.smx
L 01/10/2022 - 23:48:37: [SM] Call stack trace:
L 01/10/2022 - 23:48:37: [SM]   [0] PrintToChat
L 01/10/2022 - 23:48:37: [SM]   [1] Line 197, plugin.sp::AttemptInstantDefuse
L 01/10/2022 - 23:48:37: [SM]   [2] Line 104, plugin.sp::Event_BombBeginDefusePlusFrame
L 01/10/2022 - 23:49:56: [SM] Exception reported: Language phrase "InstaDefuseUnsuccessful" not found (arg 5)
L 01/10/2022 - 23:49:56: [SM] Blaming: retakes-instadefuse.smx
L 01/10/2022 - 23:49:56: [SM] Call stack trace:
L 01/10/2022 - 23:49:56: [SM]   [0] PrintToChat
L 01/10/2022 - 23:49:56: [SM]   [1] Line 143, plugin.sp::AttemptInstantDefuse
L 01/10/2022 - 23:49:56: [SM]   [2] Line 104, plugin.sp::Event_BombBeginDefusePlusFrame
L 01/10/2022 - 23:49:56: [SM] Exception reported: Language phrase "InstaDefuseUnsuccessful" not found (arg 5)
L 01/10/2022 - 23:49:56: [SM] Blaming: retakes-instadefuse.smx
L 01/10/2022 - 23:49:56: [SM] Call stack trace:
L 01/10/2022 - 23:49:56: [SM]   [0] PrintToChat
L 01/10/2022 - 23:49:56: [SM]   [1] Line 143, plugin.sp::AttemptInstantDefuse
L 01/10/2022 - 23:49:56: [SM]   [2] Line 104, plugin.sp::Event_BombBeginDefusePlusFrame
L 01/10/2022 - 23:53:24: [SM] Exception reported: Language phrase "InstaDefuseSuccessful" not found (arg 5)
L 01/10/2022 - 23:53:24: [SM] Blaming: retakes-instadefuse.smx
L 01/10/2022 - 23:53:24: [SM] Call stack trace:
L 01/10/2022 - 23:53:24: [SM]   [0] PrintToChat
L 01/10/2022 - 23:53:24: [SM]   [1] Line 197, plugin.sp::AttemptInstantDefuse
L 01/10/2022 - 23:53:24: [SM]   [2] Line 104, plugin.sp::Event_BombBeginDefusePlusFrame
L 01/10/2022 - 23:54:18: [SM] Exception reported: Language phrase "InstaDefuseUnsuccessful" not found (arg 5)
L 01/10/2022 - 23:54:18: [SM] Blaming: retakes-instadefuse.smx
L 01/10/2022 - 23:54:18: [SM] Call stack trace:
L 01/10/2022 - 23:54:18: [SM]   [0] PrintToChat
L 01/10/2022 - 23:54:18: [SM]   [1] Line 143, plugin.sp::AttemptInstantDefuse
L 01/10/2022 - 23:54:18: [SM]   [2] Line 104, plugin.sp::Event_BombBeginDefusePlusFrame
L 01/10/2022 - 23:54:18: [SM] Exception reported: Language phrase "InstaDefuseUnsuccessful" not found (arg 5)
L 01/10/2022 - 23:54:18: [SM] Blaming: retakes-instadefuse.smx
L 01/10/2022 - 23:54:18: [SM] Call stack trace:
L 01/10/2022 - 23:54:18: [SM]   [0] PrintToChat
L 01/10/2022 - 23:54:18: [SM]   [1] Line 143, plugin.sp::AttemptInstantDefuse
L 01/10/2022 - 23:54:18: [SM]   [2] Line 104, plugin.sp::Event_BombBeginDefusePlusFrame
L 01/10/2022 - 23:54:18: [SM] Exception reported: Language phrase "InstaDefuseUnsuccessful" not found (arg 5)
L 01/10/2022 - 23:54:18: [SM] Blaming: retakes-instadefuse.smx
L 01/10/2022 - 23:54:18: [SM] Call stack trace:
L 01/10/2022 - 23:54:18: [SM]   [0] PrintToChat
L 01/10/2022 - 23:54:18: [SM]   [1] Line 143, plugin.sp::AttemptInstantDefuse
L 01/10/2022 - 23:54:18: [SM]   [2] Line 104, plugin.sp::Event_BombBeginDefusePlusFrame
L 01/10/2022 - 23:54:18: [SM] Exception reported: Language phrase "InstaDefuseUnsuccessful" not found (arg 5)
L 01/10/2022 - 23:54:18: [SM] Blaming: retakes-instadefuse.smx
L 01/10/2022 - 23:54:18: [SM] Call stack trace:
L 01/10/2022 - 23:54:18: [SM]   [0] PrintToChat
L 01/10/2022 - 23:54:18: [SM]   [1] Line 143, plugin.sp::AttemptInstantDefuse
L 01/10/2022 - 23:54:18: [SM]   [2] Line 104, plugin.sp::Event_BombBeginDefusePlusFrame
L 01/10/2022 - 23:54:18: [SM] Exception reported: Language phrase "InstaDefuseUnsuccessful" not found (arg 5)
L 01/10/2022 - 23:54:18: [SM] Blaming: retakes-instadefuse.smx
L 01/10/2022 - 23:54:18: [SM] Call stack trace:
L 01/10/2022 - 23:54:18: [SM]   [0] PrintToChat
L 01/10/2022 - 23:54:18: [SM]   [1] Line 143, plugin.sp::AttemptInstantDefuse
L 01/10/2022 - 23:54:18: [SM]   [2] Line 104, plugin.sp::Event_BombBeginDefusePlusFrame
L 01/10/2022 - 23:54:18: [SM] Exception reported: Language phrase "InstaDefuseUnsuccessful" not found (arg 5)
L 01/10/2022 - 23:54:18: [SM] Blaming: retakes-instadefuse.smx
L 01/10/2022 - 23:54:18: [SM] Call stack trace:
L 01/10/2022 - 23:54:18: [SM]   [0] PrintToChat
L 01/10/2022 - 23:54:18: [SM]   [1] Line 143, plugin.sp::AttemptInstantDefuse
L 01/10/2022 - 23:54:18: [SM]   [2] Line 104, plugin.sp::Event_BombBeginDefusePlusFrame
L 01/10/2022 - 23:54:18: [SM] Exception reported: Language phrase "InstaDefuseUnsuccessful" not found (arg 5)
L 01/10/2022 - 23:54:18: [SM] Blaming: retakes-instadefuse.smx
L 01/10/2022 - 23:54:18: [SM] Call stack trace:
L 01/10/2022 - 23:54:18: [SM]   [0] PrintToChat
L 01/10/2022 - 23:54:18: [SM]   [1] Line 143, plugin.sp::AttemptInstantDefuse
L 01/10/2022 - 23:54:18: [SM]   [2] Line 104, plugin.sp::Event_BombBeginDefusePlusFrame
L 01/10/2022 - 23:54:54: [SM] Exception reported: Language phrase "InstaDefuseSuccessful" not found (arg 5)
L 01/10/2022 - 23:54:54: [SM] Blaming: retakes-instadefuse.smx
L 01/10/2022 - 23:54:54: [SM] Call stack trace:
L 01/10/2022 - 23:54:54: [SM]   [0] PrintToChat
L 01/10/2022 - 23:54:54: [SM]   [1] Line 197, plugin.sp::AttemptInstantDefuse
L 01/10/2022 - 23:54:54: [SM]   [2] Line 104, plugin.sp::Event_BombBeginDefusePlusFrame
L 01/10/2022 - 23:55:39: [SM] Exception reported: Language phrase "InstaDefuseUnsuccessful" not found (arg 5)
L 01/10/2022 - 23:55:39: [SM] Blaming: retakes-instadefuse.smx
L 01/10/2022 - 23:55:39: [SM] Call stack trace:
L 01/10/2022 - 23:55:39: [SM]   [0] PrintToChat
L 01/10/2022 - 23:55:39: [SM]   [1] Line 143, plugin.sp::AttemptInstantDefuse
L 01/10/2022 - 23:55:39: [SM]   [2] Line 104, plugin.sp::Event_BombBeginDefusePlusFrame
L 01/10/2022 - 23:55:39: [SM] Exception reported: Language phrase "InstaDefuseUnsuccessful" not found (arg 5)
L 01/10/2022 - 23:55:39: [SM] Blaming: retakes-instadefuse.smx
L 01/10/2022 - 23:55:39: [SM] Call stack trace:
L 01/10/2022 - 23:55:40: [SM]   [0] PrintToChat
L 01/10/2022 - 23:55:40: [SM]   [1] Line 143, plugin.sp::AttemptInstantDefuse
L 01/10/2022 - 23:55:40: [SM]   [2] Line 104, plugin.sp::Event_BombBeginDefusePlusFrame
L 01/10/2022 - 23:57:46: [SM] Exception reported: Language phrase "InstaDefuseSuccessful" not found (arg 5)
L 01/10/2022 - 23:57:46: [SM] Blaming: retakes-instadefuse.smx
L 01/10/2022 - 23:57:46: [SM] Call stack trace:
L 01/10/2022 - 23:57:46: [SM]   [0] PrintToChat
L 01/10/2022 - 23:57:46: [SM]   [1] Line 197, plugin.sp::AttemptInstantDefuse
L 01/10/2022 - 23:57:46: [SM]   [2] Line 104, plugin.sp::Event_BombBeginDefusePlusFrame
L 01/10/2022 - 23:58:15: [SM] Exception reported: Language phrase "InstaDefuseSuccessful" not found (arg 5)
L 01/10/2022 - 23:58:15: [SM] Blaming: retakes-instadefuse.smx
L 01/10/2022 - 23:58:15: [SM] Call stack trace:
L 01/10/2022 - 23:58:15: [SM]   [0] PrintToChat
L 01/10/2022 - 23:58:15: [SM]   [1] Line 197, plugin.sp::AttemptInstantDefuse
L 01/10/2022 - 23:58:15: [SM]   [2] Line 104, plugin.sp::Event_BombBeginDefusePlusFrame
L 01/10/2022 - 23:58:32: [SM] Exception reported: Language phrase "InstaDefuseSuccessful" not found (arg 5)
L 01/10/2022 - 23:58:32: [SM] Blaming: retakes-instadefuse.smx
L 01/10/2022 - 23:58:32: [SM] Call stack trace:
L 01/10/2022 - 23:58:32: [SM]   [0] PrintToChat
L 01/10/2022 - 23:58:32: [SM]   [1] Line 197, plugin.sp::AttemptInstantDefuse
L 01/10/2022 - 23:58:32: [SM]   [2] Line 104, plugin.sp::Event_BombBeginDefusePlusFrame
L 01/10/2022 - 23:58:52: [SM] Exception reported: Language phrase "InstaDefuseSuccessful" not found (arg 5)
L 01/10/2022 - 23:58:52: [SM] Blaming: retakes-instadefuse.smx
L 01/10/2022 - 23:58:52: [SM] Call stack trace:
L 01/10/2022 - 23:58:52: [SM]   [0] PrintToChat
L 01/10/2022 - 23:58:52: [SM]   [1] Line 197, plugin.sp::AttemptInstantDefuse
L 01/10/2022 - 23:58:52: [SM]   [2] Line 104, plugin.sp::Event_BombBeginDefusePlusFrame
L 01/10/2022 - 23:59:10: [SM] Exception reported: Language phrase "InstaDefuseSuccessful" not found (arg 5)
L 01/10/2022 - 23:59:10: [SM] Blaming: retakes-instadefuse.smx
L 01/10/2022 - 23:59:10: [SM] Call stack trace:
L 01/10/2022 - 23:59:10: [SM]   [0] PrintToChat
L 01/10/2022 - 23:59:10: [SM]   [1] Line 197, plugin.sp::AttemptInstantDefuse
L 01/10/2022 - 23:59:10: [SM]   [2] Line 104, plugin.sp::Event_BombBeginDefusePlusFrame
