L 05/21/2022 - 00:37:10: SourceMod error session started
L 05/21/2022 - 00:37:10: Info (map "de_mirage") (file "E:\retake\csgoserver\csgo\addons\sourcemod\logs\errors_20220521.log")
L 05/21/2022 - 00:37:10: [SM] Unable to load extension "PhysHooks.ext": Could not find patch signature for symbol: Physics_RunThinkFunctions
L 05/21/2022 - 00:37:12: [SM] Unable to load plugin "bot_inventory.smx": Native "eItems_AreItemsSynced" was not found
L 05/21/2022 - 00:37:12: [SM] Unable to load plugin "bot_stuff.smx": Could not find required plugin "navmesh"
L 05/21/2022 - 00:37:13: [SM] Unable to load plugin "LagCompensation.smx": Required extension "PhysHooks" file("PhysHooks.ext") not running
L 05/21/2022 - 00:37:14: [SM] Fatal error encountered parsing translation file "ranks_matchmaking.phrases.txt"
L 05/21/2022 - 00:37:14: [SM] Error (line 0, column 0): Stream failed to open
L 05/21/2022 - 00:37:14: [SM] Fatal error encountered parsing translation file "instadefuse.phrases.txt"
L 05/21/2022 - 00:37:14: [SM] Error (line 0, column 0): Stream failed to open
L 05/21/2022 - 00:37:35: [SM] Exception reported: Language phrase "Unranked" not found (arg 5)
L 05/21/2022 - 00:37:35: [SM] Blaming: ranks_matchmaking.smx
L 05/21/2022 - 00:37:35: [SM] Call stack trace:
L 05/21/2022 - 00:37:35: [SM]   [0] FormatEx
L 05/21/2022 - 00:37:35: [SM]   [1] Line 174, ranks_matchmaking.sp::GetRanksNames
L 05/21/2022 - 00:37:35: [SM]   [2] Line 169, ranks_matchmaking.sp::OnMapStart
L 05/21/2022 - 00:37:48: Error log file session closed.
L 05/21/2022 - 00:37:48: SourceMod error session started
L 05/21/2022 - 00:37:48: Info (map "de_mirage") (file "E:\retake\csgoserver\csgo\addons\sourcemod\logs\errors_20220521.log")
L 05/21/2022 - 00:37:48: [SM] Fatal error encountered parsing translation file "ranks_matchmaking.phrases.txt"
L 05/21/2022 - 00:37:48: [SM] Error (line 0, column 0): Stream failed to open
L 05/21/2022 - 00:37:48: [SM] Fatal error encountered parsing translation file "instadefuse.phrases.txt"
L 05/21/2022 - 00:37:48: [SM] Error (line 0, column 0): Stream failed to open
L 05/21/2022 - 00:37:50: [SM] Exception reported: Language phrase "Unranked" not found (arg 5)
L 05/21/2022 - 00:37:50: [SM] Blaming: ranks_matchmaking.smx
L 05/21/2022 - 00:37:50: [SM] Call stack trace:
L 05/21/2022 - 00:37:50: [SM]   [0] FormatEx
L 05/21/2022 - 00:37:50: [SM]   [1] Line 174, ranks_matchmaking.sp::GetRanksNames
L 05/21/2022 - 00:37:50: [SM]   [2] Line 169, ranks_matchmaking.sp::OnMapStart
L 05/21/2022 - 00:40:07: [SM] Exception reported: Language phrase "InstaDefuseSuccessful" not found (arg 5)
L 05/21/2022 - 00:40:07: [SM] Blaming: retakes-instadefuse.smx
L 05/21/2022 - 00:40:07: [SM] Call stack trace:
L 05/21/2022 - 00:40:07: [SM]   [0] PrintToChat
L 05/21/2022 - 00:40:07: [SM]   [1] Line 197, plugin.sp::AttemptInstantDefuse
L 05/21/2022 - 00:40:08: [SM]   [2] Line 104, plugin.sp::Event_BombBeginDefusePlusFrame
L 05/21/2022 - 00:41:54: [SM] Exception reported: Language phrase "InstaDefuseSuccessful" not found (arg 5)
L 05/21/2022 - 00:41:54: [SM] Blaming: retakes-instadefuse.smx
L 05/21/2022 - 00:41:54: [SM] Call stack trace:
L 05/21/2022 - 00:41:54: [SM]   [0] PrintToChat
L 05/21/2022 - 00:41:54: [SM]   [1] Line 197, plugin.sp::AttemptInstantDefuse
L 05/21/2022 - 00:41:54: [SM]   [2] Line 104, plugin.sp::Event_BombBeginDefusePlusFrame
L 05/21/2022 - 00:42:15: [SM] Exception reported: Language phrase "InstaDefuseSuccessful" not found (arg 5)
L 05/21/2022 - 00:42:15: [SM] Blaming: retakes-instadefuse.smx
L 05/21/2022 - 00:42:15: [SM] Call stack trace:
L 05/21/2022 - 00:42:15: [SM]   [0] PrintToChat
L 05/21/2022 - 00:42:15: [SM]   [1] Line 197, plugin.sp::AttemptInstantDefuse
L 05/21/2022 - 00:42:15: [SM]   [2] Line 104, plugin.sp::Event_BombBeginDefusePlusFrame
L 05/21/2022 - 00:43:08: [SM] Exception reported: Language phrase "InstaDefuseSuccessful" not found (arg 5)
L 05/21/2022 - 00:43:08: [SM] Blaming: retakes-instadefuse.smx
L 05/21/2022 - 00:43:08: [SM] Call stack trace:
L 05/21/2022 - 00:43:08: [SM]   [0] PrintToChat
L 05/21/2022 - 00:43:08: [SM]   [1] Line 197, plugin.sp::AttemptInstantDefuse
L 05/21/2022 - 00:43:08: [SM]   [2] Line 104, plugin.sp::Event_BombBeginDefusePlusFrame
L 05/21/2022 - 00:43:58: [SM] Exception reported: Language phrase "InstaDefuseSuccessful" not found (arg 5)
L 05/21/2022 - 00:43:58: [SM] Blaming: retakes-instadefuse.smx
L 05/21/2022 - 00:43:58: [SM] Call stack trace:
L 05/21/2022 - 00:43:58: [SM]   [0] PrintToChat
L 05/21/2022 - 00:43:58: [SM]   [1] Line 197, plugin.sp::AttemptInstantDefuse
L 05/21/2022 - 00:43:58: [SM]   [2] Line 104, plugin.sp::Event_BombBeginDefusePlusFrame
L 05/21/2022 - 00:45:22: [SM] Exception reported: Language phrase "InstaDefuseSuccessful" not found (arg 5)
L 05/21/2022 - 00:45:22: [SM] Blaming: retakes-instadefuse.smx
L 05/21/2022 - 00:45:22: [SM] Call stack trace:
L 05/21/2022 - 00:45:22: [SM]   [0] PrintToChat
L 05/21/2022 - 00:45:22: [SM]   [1] Line 197, plugin.sp::AttemptInstantDefuse
L 05/21/2022 - 00:45:22: [SM]   [2] Line 104, plugin.sp::Event_BombBeginDefusePlusFrame
L 05/21/2022 - 00:46:05: [SM] Exception reported: Language phrase "InstaDefuseSuccessful" not found (arg 5)
L 05/21/2022 - 00:46:05: [SM] Blaming: retakes-instadefuse.smx
L 05/21/2022 - 00:46:05: [SM] Call stack trace:
L 05/21/2022 - 00:46:05: [SM]   [0] PrintToChat
L 05/21/2022 - 00:46:05: [SM]   [1] Line 197, plugin.sp::AttemptInstantDefuse
L 05/21/2022 - 00:46:05: [SM]   [2] Line 104, plugin.sp::Event_BombBeginDefusePlusFrame
L 05/21/2022 - 00:46:24: [SM] Exception reported: Language phrase "InstaDefuseSuccessful" not found (arg 5)
L 05/21/2022 - 00:46:24: [SM] Blaming: retakes-instadefuse.smx
L 05/21/2022 - 00:46:24: [SM] Call stack trace:
L 05/21/2022 - 00:46:24: [SM]   [0] PrintToChat
L 05/21/2022 - 00:46:24: [SM]   [1] Line 197, plugin.sp::AttemptInstantDefuse
L 05/21/2022 - 00:46:24: [SM]   [2] Line 104, plugin.sp::Event_BombBeginDefusePlusFrame
L 05/21/2022 - 00:47:08: [SM] Exception reported: Language phrase "InstaDefuseSuccessful" not found (arg 5)
L 05/21/2022 - 00:47:08: [SM] Blaming: retakes-instadefuse.smx
L 05/21/2022 - 00:47:08: [SM] Call stack trace:
L 05/21/2022 - 00:47:08: [SM]   [0] PrintToChat
L 05/21/2022 - 00:47:08: [SM]   [1] Line 197, plugin.sp::AttemptInstantDefuse
L 05/21/2022 - 00:47:08: [SM]   [2] Line 104, plugin.sp::Event_BombBeginDefusePlusFrame
L 05/21/2022 - 00:47:47: [SM] Exception reported: Language phrase "InstaDefuseSuccessful" not found (arg 5)
L 05/21/2022 - 00:47:47: [SM] Blaming: retakes-instadefuse.smx
L 05/21/2022 - 00:47:47: [SM] Call stack trace:
L 05/21/2022 - 00:47:47: [SM]   [0] PrintToChat
L 05/21/2022 - 00:47:47: [SM]   [1] Line 197, plugin.sp::AttemptInstantDefuse
L 05/21/2022 - 00:47:47: [SM]   [2] Line 104, plugin.sp::Event_BombBeginDefusePlusFrame
L 05/21/2022 - 00:48:59: [SM] Exception reported: Language phrase "InstaDefuseUnsuccessful" not found (arg 5)
L 05/21/2022 - 00:48:59: [SM] Blaming: retakes-instadefuse.smx
L 05/21/2022 - 00:48:59: [SM] Call stack trace:
L 05/21/2022 - 00:48:59: [SM]   [0] PrintToChat
L 05/21/2022 - 00:48:59: [SM]   [1] Line 143, plugin.sp::AttemptInstantDefuse
L 05/21/2022 - 00:48:59: [SM]   [2] Line 104, plugin.sp::Event_BombBeginDefusePlusFrame
L 05/21/2022 - 00:48:59: [SM] Exception reported: Language phrase "InstaDefuseUnsuccessful" not found (arg 5)
L 05/21/2022 - 00:48:59: [SM] Blaming: retakes-instadefuse.smx
L 05/21/2022 - 00:48:59: [SM] Call stack trace:
L 05/21/2022 - 00:48:59: [SM]   [0] PrintToChat
L 05/21/2022 - 00:48:59: [SM]   [1] Line 143, plugin.sp::AttemptInstantDefuse
L 05/21/2022 - 00:48:59: [SM]   [2] Line 104, plugin.sp::Event_BombBeginDefusePlusFrame
L 05/21/2022 - 00:48:59: [SM] Exception reported: Language phrase "InstaDefuseUnsuccessful" not found (arg 5)
L 05/21/2022 - 00:48:59: [SM] Blaming: retakes-instadefuse.smx
L 05/21/2022 - 00:48:59: [SM] Call stack trace:
L 05/21/2022 - 00:48:59: [SM]   [0] PrintToChat
L 05/21/2022 - 00:48:59: [SM]   [1] Line 143, plugin.sp::AttemptInstantDefuse
L 05/21/2022 - 00:48:59: [SM]   [2] Line 104, plugin.sp::Event_BombBeginDefusePlusFrame
L 05/21/2022 - 00:49:00: [SM] Exception reported: Language phrase "InstaDefuseUnsuccessful" not found (arg 5)
L 05/21/2022 - 00:49:00: [SM] Blaming: retakes-instadefuse.smx
L 05/21/2022 - 00:49:00: [SM] Call stack trace:
L 05/21/2022 - 00:49:00: [SM]   [0] PrintToChat
L 05/21/2022 - 00:49:00: [SM]   [1] Line 143, plugin.sp::AttemptInstantDefuse
L 05/21/2022 - 00:49:00: [SM]   [2] Line 104, plugin.sp::Event_BombBeginDefusePlusFrame
L 05/21/2022 - 00:49:00: [SM] Exception reported: Language phrase "InstaDefuseUnsuccessful" not found (arg 5)
L 05/21/2022 - 00:49:00: [SM] Blaming: retakes-instadefuse.smx
L 05/21/2022 - 00:49:00: [SM] Call stack trace:
L 05/21/2022 - 00:49:00: [SM]   [0] PrintToChat
L 05/21/2022 - 00:49:00: [SM]   [1] Line 143, plugin.sp::AttemptInstantDefuse
L 05/21/2022 - 00:49:00: [SM]   [2] Line 104, plugin.sp::Event_BombBeginDefusePlusFrame
L 05/21/2022 - 00:49:00: [SM] Exception reported: Language phrase "InstaDefuseUnsuccessful" not found (arg 5)
L 05/21/2022 - 00:49:00: [SM] Blaming: retakes-instadefuse.smx
L 05/21/2022 - 00:49:00: [SM] Call stack trace:
L 05/21/2022 - 00:49:00: [SM]   [0] PrintToChat
L 05/21/2022 - 00:49:00: [SM]   [1] Line 143, plugin.sp::AttemptInstantDefuse
L 05/21/2022 - 00:49:00: [SM]   [2] Line 104, plugin.sp::Event_BombBeginDefusePlusFrame
L 05/21/2022 - 00:49:38: [SM] Exception reported: Language phrase "InstaDefuseSuccessful" not found (arg 5)
L 05/21/2022 - 00:49:38: [SM] Blaming: retakes-instadefuse.smx
L 05/21/2022 - 00:49:38: [SM] Call stack trace:
L 05/21/2022 - 00:49:38: [SM]   [0] PrintToChat
L 05/21/2022 - 00:49:38: [SM]   [1] Line 197, plugin.sp::AttemptInstantDefuse
L 05/21/2022 - 00:49:38: [SM]   [2] Line 104, plugin.sp::Event_BombBeginDefusePlusFrame
L 05/21/2022 - 00:50:11: [SM] Exception reported: Language phrase "InstaDefuseSuccessful" not found (arg 5)
L 05/21/2022 - 00:50:11: [SM] Blaming: retakes-instadefuse.smx
L 05/21/2022 - 00:50:11: [SM] Call stack trace:
L 05/21/2022 - 00:50:11: [SM]   [0] PrintToChat
L 05/21/2022 - 00:50:11: [SM]   [1] Line 197, plugin.sp::AttemptInstantDefuse
L 05/21/2022 - 00:50:11: [SM]   [2] Line 104, plugin.sp::Event_BombBeginDefusePlusFrame
L 05/21/2022 - 00:50:28: [SM] Exception reported: Language phrase "InstaDefuseSuccessful" not found (arg 5)
L 05/21/2022 - 00:50:28: [SM] Blaming: retakes-instadefuse.smx
L 05/21/2022 - 00:50:28: [SM] Call stack trace:
L 05/21/2022 - 00:50:28: [SM]   [0] PrintToChat
L 05/21/2022 - 00:50:28: [SM]   [1] Line 197, plugin.sp::AttemptInstantDefuse
L 05/21/2022 - 00:50:28: [SM]   [2] Line 104, plugin.sp::Event_BombBeginDefusePlusFrame
L 05/21/2022 - 00:52:28: [SM] Exception reported: Language phrase "InstaDefuseSuccessful" not found (arg 5)
L 05/21/2022 - 00:52:28: [SM] Blaming: retakes-instadefuse.smx
L 05/21/2022 - 00:52:28: [SM] Call stack trace:
L 05/21/2022 - 00:52:28: [SM]   [0] PrintToChat
L 05/21/2022 - 00:52:28: [SM]   [1] Line 197, plugin.sp::AttemptInstantDefuse
L 05/21/2022 - 00:52:28: [SM]   [2] Line 104, plugin.sp::Event_BombBeginDefusePlusFrame
L 05/21/2022 - 00:54:04: [SM] Exception reported: Language phrase "InstaDefuseSuccessful" not found (arg 5)
L 05/21/2022 - 00:54:04: [SM] Blaming: retakes-instadefuse.smx
L 05/21/2022 - 00:54:04: [SM] Call stack trace:
L 05/21/2022 - 00:54:04: [SM]   [0] PrintToChat
L 05/21/2022 - 00:54:04: [SM]   [1] Line 197, plugin.sp::AttemptInstantDefuse
L 05/21/2022 - 00:54:04: [SM]   [2] Line 104, plugin.sp::Event_BombBeginDefusePlusFrame
L 05/21/2022 - 00:54:25: [SM] Exception reported: Language phrase "InstaDefuseSuccessful" not found (arg 5)
L 05/21/2022 - 00:54:25: [SM] Blaming: retakes-instadefuse.smx
L 05/21/2022 - 00:54:25: [SM] Call stack trace:
L 05/21/2022 - 00:54:25: [SM]   [0] PrintToChat
L 05/21/2022 - 00:54:25: [SM]   [1] Line 197, plugin.sp::AttemptInstantDefuse
L 05/21/2022 - 00:54:25: [SM]   [2] Line 104, plugin.sp::Event_BombBeginDefusePlusFrame
L 05/21/2022 - 00:56:29: [SM] Exception reported: Language phrase "LiveNadeSomewhere" not found (arg 5)
L 05/21/2022 - 00:56:29: [SM] Blaming: retakes-instadefuse.smx
L 05/21/2022 - 00:56:29: [SM] Call stack trace:
L 05/21/2022 - 00:56:29: [SM]   [0] PrintToChat
L 05/21/2022 - 00:56:29: [SM]   [1] Line 168, plugin.sp::AttemptInstantDefuse
L 05/21/2022 - 00:56:29: [SM]   [2] Line 104, plugin.sp::Event_BombBeginDefusePlusFrame
L 05/21/2022 - 00:56:52: [SM] Exception reported: Language phrase "InstaDefuseSuccessful" not found (arg 5)
L 05/21/2022 - 00:56:52: [SM] Blaming: retakes-instadefuse.smx
L 05/21/2022 - 00:56:52: [SM] Call stack trace:
L 05/21/2022 - 00:56:52: [SM]   [0] PrintToChat
L 05/21/2022 - 00:56:52: [SM]   [1] Line 197, plugin.sp::AttemptInstantDefuse
L 05/21/2022 - 00:56:52: [SM]   [2] Line 104, plugin.sp::Event_BombBeginDefusePlusFrame
L 05/21/2022 - 00:57:20: [SM] Exception reported: Language phrase "InstaDefuseSuccessful" not found (arg 5)
L 05/21/2022 - 00:57:20: [SM] Blaming: retakes-instadefuse.smx
L 05/21/2022 - 00:57:20: [SM] Call stack trace:
L 05/21/2022 - 00:57:20: [SM]   [0] PrintToChat
L 05/21/2022 - 00:57:20: [SM]   [1] Line 197, plugin.sp::AttemptInstantDefuse
L 05/21/2022 - 00:57:20: [SM]   [2] Line 104, plugin.sp::Event_BombBeginDefusePlusFrame
L 05/21/2022 - 00:58:48: [SM] Exception reported: Language phrase "InstaDefuseUnsuccessful" not found (arg 5)
L 05/21/2022 - 00:58:48: [SM] Blaming: retakes-instadefuse.smx
L 05/21/2022 - 00:58:48: [SM] Call stack trace:
L 05/21/2022 - 00:58:48: [SM]   [0] PrintToChat
L 05/21/2022 - 00:58:48: [SM]   [1] Line 143, plugin.sp::AttemptInstantDefuse
L 05/21/2022 - 00:58:48: [SM]   [2] Line 104, plugin.sp::Event_BombBeginDefusePlusFrame
L 05/21/2022 - 00:58:48: [SM] Exception reported: Language phrase "InstaDefuseUnsuccessful" not found (arg 5)
L 05/21/2022 - 00:58:48: [SM] Blaming: retakes-instadefuse.smx
L 05/21/2022 - 00:58:48: [SM] Call stack trace:
L 05/21/2022 - 00:58:48: [SM]   [0] PrintToChat
L 05/21/2022 - 00:58:48: [SM]   [1] Line 143, plugin.sp::AttemptInstantDefuse
L 05/21/2022 - 00:58:48: [SM]   [2] Line 104, plugin.sp::Event_BombBeginDefusePlusFrame
L 05/21/2022 - 00:58:48: [SM] Exception reported: Language phrase "InstaDefuseUnsuccessful" not found (arg 5)
L 05/21/2022 - 00:58:48: [SM] Blaming: retakes-instadefuse.smx
L 05/21/2022 - 00:58:48: [SM] Call stack trace:
L 05/21/2022 - 00:58:48: [SM]   [0] PrintToChat
L 05/21/2022 - 00:58:48: [SM]   [1] Line 143, plugin.sp::AttemptInstantDefuse
L 05/21/2022 - 00:58:48: [SM]   [2] Line 104, plugin.sp::Event_BombBeginDefusePlusFrame
L 05/21/2022 - 00:58:48: [SM] Exception reported: Language phrase "InstaDefuseUnsuccessful" not found (arg 5)
L 05/21/2022 - 00:58:48: [SM] Blaming: retakes-instadefuse.smx
L 05/21/2022 - 00:58:48: [SM] Call stack trace:
L 05/21/2022 - 00:58:48: [SM]   [0] PrintToChat
L 05/21/2022 - 00:58:48: [SM]   [1] Line 143, plugin.sp::AttemptInstantDefuse
L 05/21/2022 - 00:58:48: [SM]   [2] Line 104, plugin.sp::Event_BombBeginDefusePlusFrame
L 05/21/2022 - 00:58:49: [SM] Exception reported: Language phrase "InstaDefuseUnsuccessful" not found (arg 5)
L 05/21/2022 - 00:58:49: [SM] Blaming: retakes-instadefuse.smx
L 05/21/2022 - 00:58:49: [SM] Call stack trace:
L 05/21/2022 - 00:58:49: [SM]   [0] PrintToChat
L 05/21/2022 - 00:58:49: [SM]   [1] Line 143, plugin.sp::AttemptInstantDefuse
L 05/21/2022 - 00:58:49: [SM]   [2] Line 104, plugin.sp::Event_BombBeginDefusePlusFrame
L 05/21/2022 - 00:58:49: [SM] Exception reported: Language phrase "InstaDefuseUnsuccessful" not found (arg 5)
L 05/21/2022 - 00:58:49: [SM] Blaming: retakes-instadefuse.smx
L 05/21/2022 - 00:58:49: [SM] Call stack trace:
L 05/21/2022 - 00:58:49: [SM]   [0] PrintToChat
L 05/21/2022 - 00:58:49: [SM]   [1] Line 143, plugin.sp::AttemptInstantDefuse
L 05/21/2022 - 00:58:49: [SM]   [2] Line 104, plugin.sp::Event_BombBeginDefusePlusFrame
L 05/21/2022 - 00:58:49: [SM] Exception reported: Language phrase "InstaDefuseUnsuccessful" not found (arg 5)
L 05/21/2022 - 00:58:49: [SM] Blaming: retakes-instadefuse.smx
L 05/21/2022 - 00:58:49: [SM] Call stack trace:
L 05/21/2022 - 00:58:49: [SM]   [0] PrintToChat
L 05/21/2022 - 00:58:49: [SM]   [1] Line 143, plugin.sp::AttemptInstantDefuse
L 05/21/2022 - 00:58:49: [SM]   [2] Line 104, plugin.sp::Event_BombBeginDefusePlusFrame
L 05/21/2022 - 00:59:24: [SM] Exception reported: Language phrase "InstaDefuseSuccessful" not found (arg 5)
L 05/21/2022 - 00:59:24: [SM] Blaming: retakes-instadefuse.smx
L 05/21/2022 - 00:59:24: [SM] Call stack trace:
L 05/21/2022 - 00:59:24: [SM]   [0] PrintToChat
L 05/21/2022 - 00:59:24: [SM]   [1] Line 197, plugin.sp::AttemptInstantDefuse
L 05/21/2022 - 00:59:24: [SM]   [2] Line 104, plugin.sp::Event_BombBeginDefusePlusFrame
L 05/21/2022 - 01:00:03: [SM] Exception reported: Language phrase "InstaDefuseSuccessful" not found (arg 5)
L 05/21/2022 - 01:00:03: [SM] Blaming: retakes-instadefuse.smx
L 05/21/2022 - 01:00:03: [SM] Call stack trace:
L 05/21/2022 - 01:00:03: [SM]   [0] PrintToChat
L 05/21/2022 - 01:00:03: [SM]   [1] Line 197, plugin.sp::AttemptInstantDefuse
L 05/21/2022 - 01:00:03: [SM]   [2] Line 104, plugin.sp::Event_BombBeginDefusePlusFrame
L 05/21/2022 - 01:00:52: [SM] Exception reported: Language phrase "InstaDefuseSuccessful" not found (arg 5)
L 05/21/2022 - 01:00:52: [SM] Blaming: retakes-instadefuse.smx
L 05/21/2022 - 01:00:52: [SM] Call stack trace:
L 05/21/2022 - 01:00:52: [SM]   [0] PrintToChat
L 05/21/2022 - 01:00:52: [SM]   [1] Line 197, plugin.sp::AttemptInstantDefuse
L 05/21/2022 - 01:00:52: [SM]   [2] Line 104, plugin.sp::Event_BombBeginDefusePlusFrame
L 05/21/2022 - 01:02:50: [SM] Exception reported: Language phrase "InstaDefuseSuccessful" not found (arg 5)
L 05/21/2022 - 01:02:50: [SM] Blaming: retakes-instadefuse.smx
L 05/21/2022 - 01:02:50: [SM] Call stack trace:
L 05/21/2022 - 01:02:50: [SM]   [0] PrintToChat
L 05/21/2022 - 01:02:50: [SM]   [1] Line 197, plugin.sp::AttemptInstantDefuse
L 05/21/2022 - 01:02:50: [SM]   [2] Line 104, plugin.sp::Event_BombBeginDefusePlusFrame
L 05/21/2022 - 01:03:14: [SM] Exception reported: Language phrase "InstaDefuseSuccessful" not found (arg 5)
L 05/21/2022 - 01:03:14: [SM] Blaming: retakes-instadefuse.smx
L 05/21/2022 - 01:03:14: [SM] Call stack trace:
L 05/21/2022 - 01:03:14: [SM]   [0] PrintToChat
L 05/21/2022 - 01:03:14: [SM]   [1] Line 197, plugin.sp::AttemptInstantDefuse
L 05/21/2022 - 01:03:14: [SM]   [2] Line 104, plugin.sp::Event_BombBeginDefusePlusFrame
L 05/21/2022 - 01:03:30: [SM] Exception reported: Language phrase "InstaDefuseSuccessful" not found (arg 5)
L 05/21/2022 - 01:03:30: [SM] Blaming: retakes-instadefuse.smx
L 05/21/2022 - 01:03:30: [SM] Call stack trace:
L 05/21/2022 - 01:03:30: [SM]   [0] PrintToChat
L 05/21/2022 - 01:03:30: [SM]   [1] Line 197, plugin.sp::AttemptInstantDefuse
L 05/21/2022 - 01:03:31: [SM]   [2] Line 104, plugin.sp::Event_BombBeginDefusePlusFrame
L 05/21/2022 - 01:03:50: [SM] Exception reported: Language phrase "InstaDefuseSuccessful" not found (arg 5)
L 05/21/2022 - 01:03:50: [SM] Blaming: retakes-instadefuse.smx
L 05/21/2022 - 01:03:50: [SM] Call stack trace:
L 05/21/2022 - 01:03:50: [SM]   [0] PrintToChat
L 05/21/2022 - 01:03:50: [SM]   [1] Line 197, plugin.sp::AttemptInstantDefuse
L 05/21/2022 - 01:03:50: [SM]   [2] Line 104, plugin.sp::Event_BombBeginDefusePlusFrame
L 05/21/2022 - 01:04:24: [SM] Exception reported: Language phrase "InstaDefuseSuccessful" not found (arg 5)
L 05/21/2022 - 01:04:24: [SM] Blaming: retakes-instadefuse.smx
L 05/21/2022 - 01:04:24: [SM] Call stack trace:
L 05/21/2022 - 01:04:24: [SM]   [0] PrintToChat
L 05/21/2022 - 01:04:24: [SM]   [1] Line 197, plugin.sp::AttemptInstantDefuse
L 05/21/2022 - 01:04:24: [SM]   [2] Line 104, plugin.sp::Event_BombBeginDefusePlusFrame
L 05/21/2022 - 01:05:07: [SM] Exception reported: Language phrase "InstaDefuseUnsuccessful" not found (arg 5)
L 05/21/2022 - 01:05:07: [SM] Blaming: retakes-instadefuse.smx
L 05/21/2022 - 01:05:07: [SM] Call stack trace:
L 05/21/2022 - 01:05:07: [SM]   [0] PrintToChat
L 05/21/2022 - 01:05:07: [SM]   [1] Line 143, plugin.sp::AttemptInstantDefuse
L 05/21/2022 - 01:05:07: [SM]   [2] Line 104, plugin.sp::Event_BombBeginDefusePlusFrame
L 05/21/2022 - 01:05:34: [SM] Exception reported: Language phrase "InstaDefuseSuccessful" not found (arg 5)
L 05/21/2022 - 01:05:34: [SM] Blaming: retakes-instadefuse.smx
L 05/21/2022 - 01:05:34: [SM] Call stack trace:
L 05/21/2022 - 01:05:34: [SM]   [0] PrintToChat
L 05/21/2022 - 01:05:34: [SM]   [1] Line 197, plugin.sp::AttemptInstantDefuse
L 05/21/2022 - 01:05:34: [SM]   [2] Line 104, plugin.sp::Event_BombBeginDefusePlusFrame
L 05/21/2022 - 01:06:16: [SM] Exception reported: Language phrase "InstaDefuseUnsuccessful" not found (arg 5)
L 05/21/2022 - 01:06:16: [SM] Blaming: retakes-instadefuse.smx
L 05/21/2022 - 01:06:16: [SM] Call stack trace:
L 05/21/2022 - 01:06:16: [SM]   [0] PrintToChat
L 05/21/2022 - 01:06:16: [SM]   [1] Line 143, plugin.sp::AttemptInstantDefuse
L 05/21/2022 - 01:06:16: [SM]   [2] Line 104, plugin.sp::Event_BombBeginDefusePlusFrame
L 05/21/2022 - 01:06:16: [SM] Exception reported: Language phrase "InstaDefuseUnsuccessful" not found (arg 5)
L 05/21/2022 - 01:06:16: [SM] Blaming: retakes-instadefuse.smx
L 05/21/2022 - 01:06:16: [SM] Call stack trace:
L 05/21/2022 - 01:06:16: [SM]   [0] PrintToChat
L 05/21/2022 - 01:06:16: [SM]   [1] Line 143, plugin.sp::AttemptInstantDefuse
L 05/21/2022 - 01:06:16: [SM]   [2] Line 104, plugin.sp::Event_BombBeginDefusePlusFrame
L 05/21/2022 - 01:06:16: [SM] Exception reported: Language phrase "InstaDefuseUnsuccessful" not found (arg 5)
L 05/21/2022 - 01:06:16: [SM] Blaming: retakes-instadefuse.smx
L 05/21/2022 - 01:06:16: [SM] Call stack trace:
L 05/21/2022 - 01:06:16: [SM]   [0] PrintToChat
L 05/21/2022 - 01:06:16: [SM]   [1] Line 143, plugin.sp::AttemptInstantDefuse
L 05/21/2022 - 01:06:16: [SM]   [2] Line 104, plugin.sp::Event_BombBeginDefusePlusFrame
L 05/21/2022 - 01:06:17: [SM] Exception reported: Language phrase "InstaDefuseUnsuccessful" not found (arg 5)
L 05/21/2022 - 01:06:17: [SM] Blaming: retakes-instadefuse.smx
L 05/21/2022 - 01:06:17: [SM] Call stack trace:
L 05/21/2022 - 01:06:17: [SM]   [0] PrintToChat
L 05/21/2022 - 01:06:17: [SM]   [1] Line 143, plugin.sp::AttemptInstantDefuse
L 05/21/2022 - 01:06:17: [SM]   [2] Line 104, plugin.sp::Event_BombBeginDefusePlusFrame
L 05/21/2022 - 01:06:17: [SM] Exception reported: Language phrase "InstaDefuseUnsuccessful" not found (arg 5)
L 05/21/2022 - 01:06:17: [SM] Blaming: retakes-instadefuse.smx
L 05/21/2022 - 01:06:17: [SM] Call stack trace:
L 05/21/2022 - 01:06:17: [SM]   [0] PrintToChat
L 05/21/2022 - 01:06:17: [SM]   [1] Line 143, plugin.sp::AttemptInstantDefuse
L 05/21/2022 - 01:06:17: [SM]   [2] Line 104, plugin.sp::Event_BombBeginDefusePlusFrame
L 05/21/2022 - 01:06:40: [SM] Exception reported: Language phrase "InstaDefuseSuccessful" not found (arg 5)
L 05/21/2022 - 01:06:40: [SM] Blaming: retakes-instadefuse.smx
L 05/21/2022 - 01:06:40: [SM] Call stack trace:
L 05/21/2022 - 01:06:40: [SM]   [0] PrintToChat
L 05/21/2022 - 01:06:40: [SM]   [1] Line 197, plugin.sp::AttemptInstantDefuse
L 05/21/2022 - 01:06:40: [SM]   [2] Line 104, plugin.sp::Event_BombBeginDefusePlusFrame
L 05/21/2022 - 01:07:16: [SM] Exception reported: Language phrase "InstaDefuseSuccessful" not found (arg 5)
L 05/21/2022 - 01:07:16: [SM] Blaming: retakes-instadefuse.smx
L 05/21/2022 - 01:07:16: [SM] Call stack trace:
L 05/21/2022 - 01:07:16: [SM]   [0] PrintToChat
L 05/21/2022 - 01:07:16: [SM]   [1] Line 197, plugin.sp::AttemptInstantDefuse
L 05/21/2022 - 01:07:16: [SM]   [2] Line 104, plugin.sp::Event_BombBeginDefusePlusFrame
L 05/21/2022 - 01:08:02: [SM] Exception reported: Language phrase "InstaDefuseSuccessful" not found (arg 5)
L 05/21/2022 - 01:08:02: [SM] Blaming: retakes-instadefuse.smx
L 05/21/2022 - 01:08:02: [SM] Call stack trace:
L 05/21/2022 - 01:08:02: [SM]   [0] PrintToChat
L 05/21/2022 - 01:08:02: [SM]   [1] Line 197, plugin.sp::AttemptInstantDefuse
L 05/21/2022 - 01:08:02: [SM]   [2] Line 104, plugin.sp::Event_BombBeginDefusePlusFrame
L 05/21/2022 - 01:08:33: [SM] Exception reported: Language phrase "InstaDefuseSuccessful" not found (arg 5)
L 05/21/2022 - 01:08:33: [SM] Blaming: retakes-instadefuse.smx
L 05/21/2022 - 01:08:33: [SM] Call stack trace:
L 05/21/2022 - 01:08:33: [SM]   [0] PrintToChat
L 05/21/2022 - 01:08:33: [SM]   [1] Line 197, plugin.sp::AttemptInstantDefuse
L 05/21/2022 - 01:08:33: [SM]   [2] Line 104, plugin.sp::Event_BombBeginDefusePlusFrame
L 05/21/2022 - 01:08:54: [SM] Exception reported: Language phrase "InstaDefuseSuccessful" not found (arg 5)
L 05/21/2022 - 01:08:54: [SM] Blaming: retakes-instadefuse.smx
L 05/21/2022 - 01:08:54: [SM] Call stack trace:
L 05/21/2022 - 01:08:54: [SM]   [0] PrintToChat
L 05/21/2022 - 01:08:54: [SM]   [1] Line 197, plugin.sp::AttemptInstantDefuse
L 05/21/2022 - 01:08:54: [SM]   [2] Line 104, plugin.sp::Event_BombBeginDefusePlusFrame
L 05/21/2022 - 01:09:47: [SM] Exception reported: Language phrase "InstaDefuseSuccessful" not found (arg 5)
L 05/21/2022 - 01:09:47: [SM] Blaming: retakes-instadefuse.smx
L 05/21/2022 - 01:09:47: [SM] Call stack trace:
L 05/21/2022 - 01:09:47: [SM]   [0] PrintToChat
L 05/21/2022 - 01:09:47: [SM]   [1] Line 197, plugin.sp::AttemptInstantDefuse
L 05/21/2022 - 01:09:47: [SM]   [2] Line 104, plugin.sp::Event_BombBeginDefusePlusFrame
L 05/21/2022 - 01:10:17: [SM] Exception reported: Language phrase "LiveNadeSomewhere" not found (arg 5)
L 05/21/2022 - 01:10:17: [SM] Blaming: retakes-instadefuse.smx
L 05/21/2022 - 01:10:17: [SM] Call stack trace:
L 05/21/2022 - 01:10:17: [SM]   [0] PrintToChat
L 05/21/2022 - 01:10:17: [SM]   [1] Line 168, plugin.sp::AttemptInstantDefuse
L 05/21/2022 - 01:10:17: [SM]   [2] Line 104, plugin.sp::Event_BombBeginDefusePlusFrame
L 05/21/2022 - 01:10:35: [SM] Exception reported: Language phrase "InstaDefuseSuccessful" not found (arg 5)
L 05/21/2022 - 01:10:35: [SM] Blaming: retakes-instadefuse.smx
L 05/21/2022 - 01:10:35: [SM] Call stack trace:
L 05/21/2022 - 01:10:35: [SM]   [0] PrintToChat
L 05/21/2022 - 01:10:35: [SM]   [1] Line 197, plugin.sp::AttemptInstantDefuse
L 05/21/2022 - 01:10:35: [SM]   [2] Line 104, plugin.sp::Event_BombBeginDefusePlusFrame
L 05/21/2022 - 01:11:46: [SM] Exception reported: Language phrase "InstaDefuseSuccessful" not found (arg 5)
L 05/21/2022 - 01:11:46: [SM] Blaming: retakes-instadefuse.smx
L 05/21/2022 - 01:11:46: [SM] Call stack trace:
L 05/21/2022 - 01:11:46: [SM]   [0] PrintToChat
L 05/21/2022 - 01:11:46: [SM]   [1] Line 197, plugin.sp::AttemptInstantDefuse
L 05/21/2022 - 01:11:46: [SM]   [2] Line 104, plugin.sp::Event_BombBeginDefusePlusFrame
L 05/21/2022 - 01:11:48: [SM] Exception reported: Language phrase "InstaDefuseSuccessful" not found (arg 5)
L 05/21/2022 - 01:11:48: [SM] Blaming: retakes-instadefuse.smx
L 05/21/2022 - 01:11:48: [SM] Call stack trace:
L 05/21/2022 - 01:11:48: [SM]   [0] PrintToChat
L 05/21/2022 - 01:11:48: [SM]   [1] Line 197, plugin.sp::AttemptInstantDefuse
L 05/21/2022 - 01:11:48: [SM]   [2] Line 104, plugin.sp::Event_BombBeginDefusePlusFrame
L 05/21/2022 - 01:12:56: [SM] Exception reported: Language phrase "InstaDefuseUnsuccessful" not found (arg 5)
L 05/21/2022 - 01:12:56: [SM] Blaming: retakes-instadefuse.smx
L 05/21/2022 - 01:12:57: [SM] Call stack trace:
L 05/21/2022 - 01:12:57: [SM]   [0] PrintToChat
L 05/21/2022 - 01:12:57: [SM]   [1] Line 143, plugin.sp::AttemptInstantDefuse
L 05/21/2022 - 01:12:57: [SM]   [2] Line 104, plugin.sp::Event_BombBeginDefusePlusFrame
L 05/21/2022 - 01:12:57: [SM] Exception reported: Language phrase "InstaDefuseUnsuccessful" not found (arg 5)
L 05/21/2022 - 01:12:57: [SM] Blaming: retakes-instadefuse.smx
L 05/21/2022 - 01:12:57: [SM] Call stack trace:
L 05/21/2022 - 01:12:57: [SM]   [0] PrintToChat
L 05/21/2022 - 01:12:57: [SM]   [1] Line 143, plugin.sp::AttemptInstantDefuse
L 05/21/2022 - 01:12:57: [SM]   [2] Line 104, plugin.sp::Event_BombBeginDefusePlusFrame
L 05/21/2022 - 01:13:21: [SM] Exception reported: Language phrase "LiveNadeSomewhere" not found (arg 5)
L 05/21/2022 - 01:13:21: [SM] Blaming: retakes-instadefuse.smx
L 05/21/2022 - 01:13:21: [SM] Call stack trace:
L 05/21/2022 - 01:13:21: [SM]   [0] PrintToChat
L 05/21/2022 - 01:13:21: [SM]   [1] Line 168, plugin.sp::AttemptInstantDefuse
L 05/21/2022 - 01:13:21: [SM]   [2] Line 104, plugin.sp::Event_BombBeginDefusePlusFrame
L 05/21/2022 - 01:14:28: [SM] Exception reported: Language phrase "InstaDefuseSuccessful" not found (arg 5)
L 05/21/2022 - 01:14:28: [SM] Blaming: retakes-instadefuse.smx
L 05/21/2022 - 01:14:28: [SM] Call stack trace:
L 05/21/2022 - 01:14:28: [SM]   [0] PrintToChat
L 05/21/2022 - 01:14:28: [SM]   [1] Line 197, plugin.sp::AttemptInstantDefuse
L 05/21/2022 - 01:14:28: [SM]   [2] Line 104, plugin.sp::Event_BombBeginDefusePlusFrame
L 05/21/2022 - 01:14:51: [SM] Exception reported: Language phrase "InstaDefuseSuccessful" not found (arg 5)
L 05/21/2022 - 01:14:51: [SM] Blaming: retakes-instadefuse.smx
L 05/21/2022 - 01:14:51: [SM] Call stack trace:
L 05/21/2022 - 01:14:51: [SM]   [0] PrintToChat
L 05/21/2022 - 01:14:51: [SM]   [1] Line 197, plugin.sp::AttemptInstantDefuse
L 05/21/2022 - 01:14:51: [SM]   [2] Line 104, plugin.sp::Event_BombBeginDefusePlusFrame
L 05/21/2022 - 01:15:18: [SM] Exception reported: Language phrase "InstaDefuseSuccessful" not found (arg 5)
L 05/21/2022 - 01:15:18: [SM] Blaming: retakes-instadefuse.smx
L 05/21/2022 - 01:15:18: [SM] Call stack trace:
L 05/21/2022 - 01:15:18: [SM]   [0] PrintToChat
L 05/21/2022 - 01:15:18: [SM]   [1] Line 197, plugin.sp::AttemptInstantDefuse
L 05/21/2022 - 01:15:18: [SM]   [2] Line 104, plugin.sp::Event_BombBeginDefusePlusFrame
L 05/21/2022 - 01:15:36: [SM] Exception reported: Language phrase "InstaDefuseSuccessful" not found (arg 5)
L 05/21/2022 - 01:15:36: [SM] Blaming: retakes-instadefuse.smx
L 05/21/2022 - 01:15:36: [SM] Call stack trace:
L 05/21/2022 - 01:15:36: [SM]   [0] PrintToChat
L 05/21/2022 - 01:15:36: [SM]   [1] Line 197, plugin.sp::AttemptInstantDefuse
L 05/21/2022 - 01:15:36: [SM]   [2] Line 104, plugin.sp::Event_BombBeginDefusePlusFrame
L 05/21/2022 - 01:15:57: [SM] Exception reported: Language phrase "InstaDefuseSuccessful" not found (arg 5)
L 05/21/2022 - 01:15:57: [SM] Blaming: retakes-instadefuse.smx
L 05/21/2022 - 01:15:57: [SM] Call stack trace:
L 05/21/2022 - 01:15:57: [SM]   [0] PrintToChat
L 05/21/2022 - 01:15:57: [SM]   [1] Line 197, plugin.sp::AttemptInstantDefuse
L 05/21/2022 - 01:15:57: [SM]   [2] Line 104, plugin.sp::Event_BombBeginDefusePlusFrame
L 05/21/2022 - 01:16:16: [SM] Exception reported: Language phrase "InstaDefuseSuccessful" not found (arg 5)
L 05/21/2022 - 01:16:16: [SM] Blaming: retakes-instadefuse.smx
L 05/21/2022 - 01:16:16: [SM] Call stack trace:
L 05/21/2022 - 01:16:16: [SM]   [0] PrintToChat
L 05/21/2022 - 01:16:16: [SM]   [1] Line 197, plugin.sp::AttemptInstantDefuse
L 05/21/2022 - 01:16:16: [SM]   [2] Line 104, plugin.sp::Event_BombBeginDefusePlusFrame
L 05/21/2022 - 01:17:25: [SM] Exception reported: Language phrase "InstaDefuseSuccessful" not found (arg 5)
L 05/21/2022 - 01:17:25: [SM] Blaming: retakes-instadefuse.smx
L 05/21/2022 - 01:17:25: [SM] Call stack trace:
L 05/21/2022 - 01:17:25: [SM]   [0] PrintToChat
L 05/21/2022 - 01:17:25: [SM]   [1] Line 197, plugin.sp::AttemptInstantDefuse
L 05/21/2022 - 01:17:25: [SM]   [2] Line 104, plugin.sp::Event_BombBeginDefusePlusFrame
L 05/21/2022 - 01:18:37: [SM] Exception reported: Language phrase "InstaDefuseSuccessful" not found (arg 5)
L 05/21/2022 - 01:18:37: [SM] Blaming: retakes-instadefuse.smx
L 05/21/2022 - 01:18:37: [SM] Call stack trace:
L 05/21/2022 - 01:18:37: [SM]   [0] PrintToChat
L 05/21/2022 - 01:18:37: [SM]   [1] Line 197, plugin.sp::AttemptInstantDefuse
L 05/21/2022 - 01:18:37: [SM]   [2] Line 104, plugin.sp::Event_BombBeginDefusePlusFrame
L 05/21/2022 - 01:19:14: [SM] Exception reported: Language phrase "InstaDefuseSuccessful" not found (arg 5)
L 05/21/2022 - 01:19:14: [SM] Blaming: retakes-instadefuse.smx
L 05/21/2022 - 01:19:14: [SM] Call stack trace:
L 05/21/2022 - 01:19:14: [SM]   [0] PrintToChat
L 05/21/2022 - 01:19:14: [SM]   [1] Line 197, plugin.sp::AttemptInstantDefuse
L 05/21/2022 - 01:19:14: [SM]   [2] Line 104, plugin.sp::Event_BombBeginDefusePlusFrame
L 05/21/2022 - 01:20:00: [SM] Exception reported: Language phrase "InstaDefuseSuccessful" not found (arg 5)
L 05/21/2022 - 01:20:00: [SM] Blaming: retakes-instadefuse.smx
L 05/21/2022 - 01:20:00: [SM] Call stack trace:
L 05/21/2022 - 01:20:00: [SM]   [0] PrintToChat
L 05/21/2022 - 01:20:00: [SM]   [1] Line 197, plugin.sp::AttemptInstantDefuse
L 05/21/2022 - 01:20:00: [SM]   [2] Line 104, plugin.sp::Event_BombBeginDefusePlusFrame
L 05/21/2022 - 01:20:02: [SM] Exception reported: Language phrase "InstaDefuseSuccessful" not found (arg 5)
L 05/21/2022 - 01:20:02: [SM] Blaming: retakes-instadefuse.smx
L 05/21/2022 - 01:20:02: [SM] Call stack trace:
L 05/21/2022 - 01:20:02: [SM]   [0] PrintToChat
L 05/21/2022 - 01:20:02: [SM]   [1] Line 197, plugin.sp::AttemptInstantDefuse
L 05/21/2022 - 01:20:02: [SM]   [2] Line 104, plugin.sp::Event_BombBeginDefusePlusFrame
L 05/21/2022 - 01:20:31: [SM] Exception reported: Language phrase "InstaDefuseSuccessful" not found (arg 5)
L 05/21/2022 - 01:20:31: [SM] Blaming: retakes-instadefuse.smx
L 05/21/2022 - 01:20:31: [SM] Call stack trace:
L 05/21/2022 - 01:20:31: [SM]   [0] PrintToChat
L 05/21/2022 - 01:20:31: [SM]   [1] Line 197, plugin.sp::AttemptInstantDefuse
L 05/21/2022 - 01:20:31: [SM]   [2] Line 104, plugin.sp::Event_BombBeginDefusePlusFrame
L 05/21/2022 - 01:22:41: [SM] Exception reported: Language phrase "InstaDefuseUnsuccessful" not found (arg 5)
L 05/21/2022 - 01:22:41: [SM] Blaming: retakes-instadefuse.smx
L 05/21/2022 - 01:22:41: [SM] Call stack trace:
L 05/21/2022 - 01:22:41: [SM]   [0] PrintToChat
L 05/21/2022 - 01:22:41: [SM]   [1] Line 143, plugin.sp::AttemptInstantDefuse
L 05/21/2022 - 01:22:41: [SM]   [2] Line 104, plugin.sp::Event_BombBeginDefusePlusFrame
L 05/21/2022 - 01:22:41: [SM] Exception reported: Language phrase "InstaDefuseUnsuccessful" not found (arg 5)
L 05/21/2022 - 01:22:41: [SM] Blaming: retakes-instadefuse.smx
L 05/21/2022 - 01:22:41: [SM] Call stack trace:
L 05/21/2022 - 01:22:41: [SM]   [0] PrintToChat
L 05/21/2022 - 01:22:41: [SM]   [1] Line 143, plugin.sp::AttemptInstantDefuse
L 05/21/2022 - 01:22:41: [SM]   [2] Line 104, plugin.sp::Event_BombBeginDefusePlusFrame
L 05/21/2022 - 01:22:59: [SM] Exception reported: Language phrase "InstaDefuseSuccessful" not found (arg 5)
L 05/21/2022 - 01:22:59: [SM] Blaming: retakes-instadefuse.smx
L 05/21/2022 - 01:22:59: [SM] Call stack trace:
L 05/21/2022 - 01:22:59: [SM]   [0] PrintToChat
L 05/21/2022 - 01:22:59: [SM]   [1] Line 197, plugin.sp::AttemptInstantDefuse
L 05/21/2022 - 01:22:59: [SM]   [2] Line 104, plugin.sp::Event_BombBeginDefusePlusFrame
L 05/21/2022 - 01:23:15: [SM] Exception reported: Language phrase "InstaDefuseSuccessful" not found (arg 5)
L 05/21/2022 - 01:23:15: [SM] Blaming: retakes-instadefuse.smx
L 05/21/2022 - 01:23:15: [SM] Call stack trace:
L 05/21/2022 - 01:23:15: [SM]   [0] PrintToChat
L 05/21/2022 - 01:23:15: [SM]   [1] Line 197, plugin.sp::AttemptInstantDefuse
L 05/21/2022 - 01:23:15: [SM]   [2] Line 104, plugin.sp::Event_BombBeginDefusePlusFrame
L 05/21/2022 - 01:23:52: [SM] Exception reported: Language phrase "InstaDefuseSuccessful" not found (arg 5)
L 05/21/2022 - 01:23:52: [SM] Blaming: retakes-instadefuse.smx
L 05/21/2022 - 01:23:52: [SM] Call stack trace:
L 05/21/2022 - 01:23:52: [SM]   [0] PrintToChat
L 05/21/2022 - 01:23:52: [SM]   [1] Line 197, plugin.sp::AttemptInstantDefuse
L 05/21/2022 - 01:23:52: [SM]   [2] Line 104, plugin.sp::Event_BombBeginDefusePlusFrame
L 05/21/2022 - 01:24:17: [SM] Exception reported: Language phrase "InstaDefuseSuccessful" not found (arg 5)
L 05/21/2022 - 01:24:17: [SM] Blaming: retakes-instadefuse.smx
L 05/21/2022 - 01:24:17: [SM] Call stack trace:
L 05/21/2022 - 01:24:17: [SM]   [0] PrintToChat
L 05/21/2022 - 01:24:17: [SM]   [1] Line 197, plugin.sp::AttemptInstantDefuse
L 05/21/2022 - 01:24:17: [SM]   [2] Line 104, plugin.sp::Event_BombBeginDefusePlusFrame
L 05/21/2022 - 01:24:53: [SM] Exception reported: Language phrase "InstaDefuseSuccessful" not found (arg 5)
L 05/21/2022 - 01:24:53: [SM] Blaming: retakes-instadefuse.smx
L 05/21/2022 - 01:24:53: [SM] Call stack trace:
L 05/21/2022 - 01:24:53: [SM]   [0] PrintToChat
L 05/21/2022 - 01:24:53: [SM]   [1] Line 197, plugin.sp::AttemptInstantDefuse
L 05/21/2022 - 01:24:53: [SM]   [2] Line 104, plugin.sp::Event_BombBeginDefusePlusFrame
L 05/21/2022 - 01:25:10: [SM] Exception reported: Language phrase "InstaDefuseSuccessful" not found (arg 5)
L 05/21/2022 - 01:25:10: [SM] Blaming: retakes-instadefuse.smx
L 05/21/2022 - 01:25:10: [SM] Call stack trace:
L 05/21/2022 - 01:25:10: [SM]   [0] PrintToChat
L 05/21/2022 - 01:25:10: [SM]   [1] Line 197, plugin.sp::AttemptInstantDefuse
L 05/21/2022 - 01:25:10: [SM]   [2] Line 104, plugin.sp::Event_BombBeginDefusePlusFrame
L 05/21/2022 - 01:25:27: [SM] Exception reported: Language phrase "InstaDefuseSuccessful" not found (arg 5)
L 05/21/2022 - 01:25:27: [SM] Blaming: retakes-instadefuse.smx
L 05/21/2022 - 01:25:27: [SM] Call stack trace:
L 05/21/2022 - 01:25:27: [SM]   [0] PrintToChat
L 05/21/2022 - 01:25:27: [SM]   [1] Line 197, plugin.sp::AttemptInstantDefuse
L 05/21/2022 - 01:25:27: [SM]   [2] Line 104, plugin.sp::Event_BombBeginDefusePlusFrame
L 05/21/2022 - 01:25:50: [SM] Exception reported: Language phrase "InstaDefuseSuccessful" not found (arg 5)
L 05/21/2022 - 01:25:50: [SM] Blaming: retakes-instadefuse.smx
L 05/21/2022 - 01:25:50: [SM] Call stack trace:
L 05/21/2022 - 01:25:50: [SM]   [0] PrintToChat
L 05/21/2022 - 01:25:50: [SM]   [1] Line 197, plugin.sp::AttemptInstantDefuse
L 05/21/2022 - 01:25:50: [SM]   [2] Line 104, plugin.sp::Event_BombBeginDefusePlusFrame
L 05/21/2022 - 01:27:38: [SM] Exception reported: Language phrase "LiveNadeSomewhere" not found (arg 5)
L 05/21/2022 - 01:27:38: [SM] Blaming: retakes-instadefuse.smx
L 05/21/2022 - 01:27:38: [SM] Call stack trace:
L 05/21/2022 - 01:27:38: [SM]   [0] PrintToChat
L 05/21/2022 - 01:27:38: [SM]   [1] Line 168, plugin.sp::AttemptInstantDefuse
L 05/21/2022 - 01:27:38: [SM]   [2] Line 104, plugin.sp::Event_BombBeginDefusePlusFrame
L 05/21/2022 - 01:27:56: [SM] Exception reported: Language phrase "InstaDefuseSuccessful" not found (arg 5)
L 05/21/2022 - 01:27:56: [SM] Blaming: retakes-instadefuse.smx
L 05/21/2022 - 01:27:56: [SM] Call stack trace:
L 05/21/2022 - 01:27:56: [SM]   [0] PrintToChat
L 05/21/2022 - 01:27:56: [SM]   [1] Line 197, plugin.sp::AttemptInstantDefuse
L 05/21/2022 - 01:27:56: [SM]   [2] Line 104, plugin.sp::Event_BombBeginDefusePlusFrame
L 05/21/2022 - 01:29:31: [SM] Exception reported: Language phrase "InstaDefuseSuccessful" not found (arg 5)
L 05/21/2022 - 01:29:31: [SM] Blaming: retakes-instadefuse.smx
L 05/21/2022 - 01:29:31: [SM] Call stack trace:
L 05/21/2022 - 01:29:31: [SM]   [0] PrintToChat
L 05/21/2022 - 01:29:31: [SM]   [1] Line 197, plugin.sp::AttemptInstantDefuse
L 05/21/2022 - 01:29:31: [SM]   [2] Line 104, plugin.sp::Event_BombBeginDefusePlusFrame
L 05/21/2022 - 01:30:00: [SM] Exception reported: Language phrase "InstaDefuseSuccessful" not found (arg 5)
L 05/21/2022 - 01:30:00: [SM] Blaming: retakes-instadefuse.smx
L 05/21/2022 - 01:30:00: [SM] Call stack trace:
L 05/21/2022 - 01:30:00: [SM]   [0] PrintToChat
L 05/21/2022 - 01:30:00: [SM]   [1] Line 197, plugin.sp::AttemptInstantDefuse
L 05/21/2022 - 01:30:00: [SM]   [2] Line 104, plugin.sp::Event_BombBeginDefusePlusFrame
L 05/21/2022 - 01:30:19: [SM] Exception reported: Language phrase "InstaDefuseSuccessful" not found (arg 5)
L 05/21/2022 - 01:30:19: [SM] Blaming: retakes-instadefuse.smx
L 05/21/2022 - 01:30:19: [SM] Call stack trace:
L 05/21/2022 - 01:30:19: [SM]   [0] PrintToChat
L 05/21/2022 - 01:30:19: [SM]   [1] Line 197, plugin.sp::AttemptInstantDefuse
L 05/21/2022 - 01:30:19: [SM]   [2] Line 104, plugin.sp::Event_BombBeginDefusePlusFrame
L 05/21/2022 - 01:30:53: [SM] Exception reported: Language phrase "InstaDefuseSuccessful" not found (arg 5)
L 05/21/2022 - 01:30:53: [SM] Blaming: retakes-instadefuse.smx
L 05/21/2022 - 01:30:53: [SM] Call stack trace:
L 05/21/2022 - 01:30:53: [SM]   [0] PrintToChat
L 05/21/2022 - 01:30:53: [SM]   [1] Line 197, plugin.sp::AttemptInstantDefuse
L 05/21/2022 - 01:30:53: [SM]   [2] Line 104, plugin.sp::Event_BombBeginDefusePlusFrame
L 05/21/2022 - 01:31:43: [SM] Exception reported: Language phrase "InstaDefuseSuccessful" not found (arg 5)
L 05/21/2022 - 01:31:43: [SM] Blaming: retakes-instadefuse.smx
L 05/21/2022 - 01:31:43: [SM] Call stack trace:
L 05/21/2022 - 01:31:43: [SM]   [0] PrintToChat
L 05/21/2022 - 01:31:43: [SM]   [1] Line 197, plugin.sp::AttemptInstantDefuse
L 05/21/2022 - 01:31:43: [SM]   [2] Line 104, plugin.sp::Event_BombBeginDefusePlusFrame
L 05/21/2022 - 01:32:09: [SM] Exception reported: Language phrase "LiveNadeSomewhere" not found (arg 5)
L 05/21/2022 - 01:32:09: [SM] Blaming: retakes-instadefuse.smx
L 05/21/2022 - 01:32:09: [SM] Call stack trace:
L 05/21/2022 - 01:32:09: [SM]   [0] PrintToChat
L 05/21/2022 - 01:32:09: [SM]   [1] Line 168, plugin.sp::AttemptInstantDefuse
L 05/21/2022 - 01:32:09: [SM]   [2] Line 104, plugin.sp::Event_BombBeginDefusePlusFrame
L 05/21/2022 - 01:32:35: [SM] Exception reported: Language phrase "InstaDefuseSuccessful" not found (arg 5)
L 05/21/2022 - 01:32:35: [SM] Blaming: retakes-instadefuse.smx
L 05/21/2022 - 01:32:35: [SM] Call stack trace:
L 05/21/2022 - 01:32:35: [SM]   [0] PrintToChat
L 05/21/2022 - 01:32:35: [SM]   [1] Line 197, plugin.sp::AttemptInstantDefuse
L 05/21/2022 - 01:32:35: [SM]   [2] Line 104, plugin.sp::Event_BombBeginDefusePlusFrame
L 05/21/2022 - 01:33:07: [SM] Exception reported: Language phrase "InstaDefuseSuccessful" not found (arg 5)
L 05/21/2022 - 01:33:07: [SM] Blaming: retakes-instadefuse.smx
L 05/21/2022 - 01:33:07: [SM] Call stack trace:
L 05/21/2022 - 01:33:07: [SM]   [0] PrintToChat
L 05/21/2022 - 01:33:07: [SM]   [1] Line 197, plugin.sp::AttemptInstantDefuse
L 05/21/2022 - 01:33:07: [SM]   [2] Line 104, plugin.sp::Event_BombBeginDefusePlusFrame
L 05/21/2022 - 01:33:35: [SM] Exception reported: Language phrase "InstaDefuseSuccessful" not found (arg 5)
L 05/21/2022 - 01:33:35: [SM] Blaming: retakes-instadefuse.smx
L 05/21/2022 - 01:33:35: [SM] Call stack trace:
L 05/21/2022 - 01:33:35: [SM]   [0] PrintToChat
L 05/21/2022 - 01:33:35: [SM]   [1] Line 197, plugin.sp::AttemptInstantDefuse
L 05/21/2022 - 01:33:35: [SM]   [2] Line 104, plugin.sp::Event_BombBeginDefusePlusFrame
L 05/21/2022 - 01:34:04: [SM] Exception reported: Language phrase "InstaDefuseSuccessful" not found (arg 5)
L 05/21/2022 - 01:34:04: [SM] Blaming: retakes-instadefuse.smx
L 05/21/2022 - 01:34:04: [SM] Call stack trace:
L 05/21/2022 - 01:34:04: [SM]   [0] PrintToChat
L 05/21/2022 - 01:34:04: [SM]   [1] Line 197, plugin.sp::AttemptInstantDefuse
L 05/21/2022 - 01:34:04: [SM]   [2] Line 104, plugin.sp::Event_BombBeginDefusePlusFrame
L 05/21/2022 - 01:34:36: [SM] Exception reported: Language phrase "InstaDefuseSuccessful" not found (arg 5)
L 05/21/2022 - 01:34:36: [SM] Blaming: retakes-instadefuse.smx
L 05/21/2022 - 01:34:36: [SM] Call stack trace:
L 05/21/2022 - 01:34:36: [SM]   [0] PrintToChat
L 05/21/2022 - 01:34:36: [SM]   [1] Line 197, plugin.sp::AttemptInstantDefuse
L 05/21/2022 - 01:34:36: [SM]   [2] Line 104, plugin.sp::Event_BombBeginDefusePlusFrame
L 05/21/2022 - 01:35:11: [SM] Exception reported: Language phrase "InstaDefuseSuccessful" not found (arg 5)
L 05/21/2022 - 01:35:11: [SM] Blaming: retakes-instadefuse.smx
L 05/21/2022 - 01:35:11: [SM] Call stack trace:
L 05/21/2022 - 01:35:11: [SM]   [0] PrintToChat
L 05/21/2022 - 01:35:11: [SM]   [1] Line 197, plugin.sp::AttemptInstantDefuse
L 05/21/2022 - 01:35:11: [SM]   [2] Line 104, plugin.sp::Event_BombBeginDefusePlusFrame
L 05/21/2022 - 01:36:12: [SM] Exception reported: Language phrase "InstaDefuseSuccessful" not found (arg 5)
L 05/21/2022 - 01:36:12: [SM] Blaming: retakes-instadefuse.smx
L 05/21/2022 - 01:36:12: [SM] Call stack trace:
L 05/21/2022 - 01:36:12: [SM]   [0] PrintToChat
L 05/21/2022 - 01:36:12: [SM]   [1] Line 197, plugin.sp::AttemptInstantDefuse
L 05/21/2022 - 01:36:12: [SM]   [2] Line 104, plugin.sp::Event_BombBeginDefusePlusFrame
L 05/21/2022 - 01:36:44: [SM] Exception reported: Language phrase "InstaDefuseSuccessful" not found (arg 5)
L 05/21/2022 - 01:36:44: [SM] Blaming: retakes-instadefuse.smx
L 05/21/2022 - 01:36:44: [SM] Call stack trace:
L 05/21/2022 - 01:36:44: [SM]   [0] PrintToChat
L 05/21/2022 - 01:36:44: [SM]   [1] Line 197, plugin.sp::AttemptInstantDefuse
L 05/21/2022 - 01:36:44: [SM]   [2] Line 104, plugin.sp::Event_BombBeginDefusePlusFrame
L 05/21/2022 - 01:37:13: [SM] Exception reported: Language phrase "InstaDefuseSuccessful" not found (arg 5)
L 05/21/2022 - 01:37:13: [SM] Blaming: retakes-instadefuse.smx
L 05/21/2022 - 01:37:13: [SM] Call stack trace:
L 05/21/2022 - 01:37:13: [SM]   [0] PrintToChat
L 05/21/2022 - 01:37:13: [SM]   [1] Line 197, plugin.sp::AttemptInstantDefuse
L 05/21/2022 - 01:37:13: [SM]   [2] Line 104, plugin.sp::Event_BombBeginDefusePlusFrame
L 05/21/2022 - 01:37:31: [SM] Exception reported: Language phrase "InstaDefuseSuccessful" not found (arg 5)
L 05/21/2022 - 01:37:31: [SM] Blaming: retakes-instadefuse.smx
L 05/21/2022 - 01:37:31: [SM] Call stack trace:
L 05/21/2022 - 01:37:31: [SM]   [0] PrintToChat
L 05/21/2022 - 01:37:31: [SM]   [1] Line 197, plugin.sp::AttemptInstantDefuse
L 05/21/2022 - 01:37:31: [SM]   [2] Line 104, plugin.sp::Event_BombBeginDefusePlusFrame
L 05/21/2022 - 01:38:22: [SM] Exception reported: Language phrase "LiveNadeSomewhere" not found (arg 5)
L 05/21/2022 - 01:38:22: [SM] Blaming: retakes-instadefuse.smx
L 05/21/2022 - 01:38:22: [SM] Call stack trace:
L 05/21/2022 - 01:38:22: [SM]   [0] PrintToChat
L 05/21/2022 - 01:38:22: [SM]   [1] Line 168, plugin.sp::AttemptInstantDefuse
L 05/21/2022 - 01:38:22: [SM]   [2] Line 104, plugin.sp::Event_BombBeginDefusePlusFrame
L 05/21/2022 - 01:40:32: [SM] Exception reported: Language phrase "InstaDefuseSuccessful" not found (arg 5)
L 05/21/2022 - 01:40:32: [SM] Blaming: retakes-instadefuse.smx
L 05/21/2022 - 01:40:32: [SM] Call stack trace:
L 05/21/2022 - 01:40:32: [SM]   [0] PrintToChat
L 05/21/2022 - 01:40:32: [SM]   [1] Line 197, plugin.sp::AttemptInstantDefuse
L 05/21/2022 - 01:40:32: [SM]   [2] Line 104, plugin.sp::Event_BombBeginDefusePlusFrame
L 05/21/2022 - 01:41:00: [SM] Exception reported: Language phrase "InstaDefuseSuccessful" not found (arg 5)
L 05/21/2022 - 01:41:00: [SM] Blaming: retakes-instadefuse.smx
L 05/21/2022 - 01:41:00: [SM] Call stack trace:
L 05/21/2022 - 01:41:00: [SM]   [0] PrintToChat
L 05/21/2022 - 01:41:00: [SM]   [1] Line 197, plugin.sp::AttemptInstantDefuse
L 05/21/2022 - 01:41:00: [SM]   [2] Line 104, plugin.sp::Event_BombBeginDefusePlusFrame
L 05/21/2022 - 01:41:59: [SM] Exception reported: Language phrase "InstaDefuseSuccessful" not found (arg 5)
L 05/21/2022 - 01:41:59: [SM] Blaming: retakes-instadefuse.smx
L 05/21/2022 - 01:41:59: [SM] Call stack trace:
L 05/21/2022 - 01:41:59: [SM]   [0] PrintToChat
L 05/21/2022 - 01:41:59: [SM]   [1] Line 197, plugin.sp::AttemptInstantDefuse
L 05/21/2022 - 01:41:59: [SM]   [2] Line 104, plugin.sp::Event_BombBeginDefusePlusFrame
L 05/21/2022 - 01:42:19: [SM] Exception reported: Language phrase "InstaDefuseSuccessful" not found (arg 5)
L 05/21/2022 - 01:42:19: [SM] Blaming: retakes-instadefuse.smx
L 05/21/2022 - 01:42:19: [SM] Call stack trace:
L 05/21/2022 - 01:42:19: [SM]   [0] PrintToChat
L 05/21/2022 - 01:42:19: [SM]   [1] Line 197, plugin.sp::AttemptInstantDefuse
L 05/21/2022 - 01:42:19: [SM]   [2] Line 104, plugin.sp::Event_BombBeginDefusePlusFrame
L 05/21/2022 - 01:42:51: [SM] Exception reported: Language phrase "InstaDefuseSuccessful" not found (arg 5)
L 05/21/2022 - 01:42:51: [SM] Blaming: retakes-instadefuse.smx
L 05/21/2022 - 01:42:51: [SM] Call stack trace:
L 05/21/2022 - 01:42:51: [SM]   [0] PrintToChat
L 05/21/2022 - 01:42:51: [SM]   [1] Line 197, plugin.sp::AttemptInstantDefuse
L 05/21/2022 - 01:42:51: [SM]   [2] Line 104, plugin.sp::Event_BombBeginDefusePlusFrame
L 05/21/2022 - 01:43:39: [SM] Exception reported: Language phrase "InstaDefuseSuccessful" not found (arg 5)
L 05/21/2022 - 01:43:39: [SM] Blaming: retakes-instadefuse.smx
L 05/21/2022 - 01:43:39: [SM] Call stack trace:
L 05/21/2022 - 01:43:39: [SM]   [0] PrintToChat
L 05/21/2022 - 01:43:39: [SM]   [1] Line 197, plugin.sp::AttemptInstantDefuse
L 05/21/2022 - 01:43:39: [SM]   [2] Line 104, plugin.sp::Event_BombBeginDefusePlusFrame
L 05/21/2022 - 01:44:37: [SM] Exception reported: Language phrase "InstaDefuseSuccessful" not found (arg 5)
L 05/21/2022 - 01:44:37: [SM] Blaming: retakes-instadefuse.smx
L 05/21/2022 - 01:44:37: [SM] Call stack trace:
L 05/21/2022 - 01:44:37: [SM]   [0] PrintToChat
L 05/21/2022 - 01:44:37: [SM]   [1] Line 197, plugin.sp::AttemptInstantDefuse
L 05/21/2022 - 01:44:37: [SM]   [2] Line 104, plugin.sp::Event_BombBeginDefusePlusFrame
L 05/21/2022 - 01:45:52: [SM] Exception reported: Language phrase "InstaDefuseSuccessful" not found (arg 5)
L 05/21/2022 - 01:45:52: [SM] Blaming: retakes-instadefuse.smx
L 05/21/2022 - 01:45:52: [SM] Call stack trace:
L 05/21/2022 - 01:45:52: [SM]   [0] PrintToChat
L 05/21/2022 - 01:45:52: [SM]   [1] Line 197, plugin.sp::AttemptInstantDefuse
L 05/21/2022 - 01:45:52: [SM]   [2] Line 104, plugin.sp::Event_BombBeginDefusePlusFrame
L 05/21/2022 - 01:46:11: [SM] Exception reported: Language phrase "InstaDefuseSuccessful" not found (arg 5)
L 05/21/2022 - 01:46:11: [SM] Blaming: retakes-instadefuse.smx
L 05/21/2022 - 01:46:11: [SM] Call stack trace:
L 05/21/2022 - 01:46:11: [SM]   [0] PrintToChat
L 05/21/2022 - 01:46:11: [SM]   [1] Line 197, plugin.sp::AttemptInstantDefuse
L 05/21/2022 - 01:46:11: [SM]   [2] Line 104, plugin.sp::Event_BombBeginDefusePlusFrame
L 05/21/2022 - 01:47:17: [SM] Exception reported: Language phrase "InstaDefuseSuccessful" not found (arg 5)
L 05/21/2022 - 01:47:17: [SM] Blaming: retakes-instadefuse.smx
L 05/21/2022 - 01:47:17: [SM] Call stack trace:
L 05/21/2022 - 01:47:17: [SM]   [0] PrintToChat
L 05/21/2022 - 01:47:17: [SM]   [1] Line 197, plugin.sp::AttemptInstantDefuse
L 05/21/2022 - 01:47:17: [SM]   [2] Line 104, plugin.sp::Event_BombBeginDefusePlusFrame
L 05/21/2022 - 01:48:08: [SM] Exception reported: Language phrase "InstaDefuseSuccessful" not found (arg 5)
L 05/21/2022 - 01:48:08: [SM] Blaming: retakes-instadefuse.smx
L 05/21/2022 - 01:48:08: [SM] Call stack trace:
L 05/21/2022 - 01:48:08: [SM]   [0] PrintToChat
L 05/21/2022 - 01:48:08: [SM]   [1] Line 197, plugin.sp::AttemptInstantDefuse
L 05/21/2022 - 01:48:08: [SM]   [2] Line 104, plugin.sp::Event_BombBeginDefusePlusFrame
L 05/21/2022 - 01:48:23: [SM] Exception reported: Language phrase "InstaDefuseSuccessful" not found (arg 5)
L 05/21/2022 - 01:48:23: [SM] Blaming: retakes-instadefuse.smx
L 05/21/2022 - 01:48:23: [SM] Call stack trace:
L 05/21/2022 - 01:48:23: [SM]   [0] PrintToChat
L 05/21/2022 - 01:48:23: [SM]   [1] Line 197, plugin.sp::AttemptInstantDefuse
L 05/21/2022 - 01:48:23: [SM]   [2] Line 104, plugin.sp::Event_BombBeginDefusePlusFrame
L 05/21/2022 - 01:49:00: [SM] Exception reported: Language phrase "InstaDefuseUnsuccessful" not found (arg 5)
L 05/21/2022 - 01:49:00: [SM] Blaming: retakes-instadefuse.smx
L 05/21/2022 - 01:49:00: [SM] Call stack trace:
L 05/21/2022 - 01:49:00: [SM]   [0] PrintToChat
L 05/21/2022 - 01:49:00: [SM]   [1] Line 143, plugin.sp::AttemptInstantDefuse
L 05/21/2022 - 01:49:00: [SM]   [2] Line 104, plugin.sp::Event_BombBeginDefusePlusFrame
L 05/21/2022 - 01:49:00: [SM] Exception reported: Language phrase "InstaDefuseUnsuccessful" not found (arg 5)
L 05/21/2022 - 01:49:00: [SM] Blaming: retakes-instadefuse.smx
L 05/21/2022 - 01:49:00: [SM] Call stack trace:
L 05/21/2022 - 01:49:00: [SM]   [0] PrintToChat
L 05/21/2022 - 01:49:00: [SM]   [1] Line 143, plugin.sp::AttemptInstantDefuse
L 05/21/2022 - 01:49:00: [SM]   [2] Line 104, plugin.sp::Event_BombBeginDefusePlusFrame
L 05/21/2022 - 01:49:00: [SM] Exception reported: Language phrase "InstaDefuseUnsuccessful" not found (arg 5)
L 05/21/2022 - 01:49:00: [SM] Blaming: retakes-instadefuse.smx
L 05/21/2022 - 01:49:00: [SM] Call stack trace:
L 05/21/2022 - 01:49:00: [SM]   [0] PrintToChat
L 05/21/2022 - 01:49:00: [SM]   [1] Line 143, plugin.sp::AttemptInstantDefuse
L 05/21/2022 - 01:49:00: [SM]   [2] Line 104, plugin.sp::Event_BombBeginDefusePlusFrame
L 05/21/2022 - 01:49:01: [SM] Exception reported: Language phrase "InstaDefuseUnsuccessful" not found (arg 5)
L 05/21/2022 - 01:49:01: [SM] Blaming: retakes-instadefuse.smx
L 05/21/2022 - 01:49:01: [SM] Call stack trace:
L 05/21/2022 - 01:49:01: [SM]   [0] PrintToChat
L 05/21/2022 - 01:49:01: [SM]   [1] Line 143, plugin.sp::AttemptInstantDefuse
L 05/21/2022 - 01:49:01: [SM]   [2] Line 104, plugin.sp::Event_BombBeginDefusePlusFrame
L 05/21/2022 - 01:49:01: [SM] Exception reported: Language phrase "InstaDefuseUnsuccessful" not found (arg 5)
L 05/21/2022 - 01:49:01: [SM] Blaming: retakes-instadefuse.smx
L 05/21/2022 - 01:49:01: [SM] Call stack trace:
L 05/21/2022 - 01:49:01: [SM]   [0] PrintToChat
L 05/21/2022 - 01:49:01: [SM]   [1] Line 143, plugin.sp::AttemptInstantDefuse
L 05/21/2022 - 01:49:01: [SM]   [2] Line 104, plugin.sp::Event_BombBeginDefusePlusFrame
L 05/21/2022 - 01:49:01: [SM] Exception reported: Language phrase "InstaDefuseUnsuccessful" not found (arg 5)
L 05/21/2022 - 01:49:01: [SM] Blaming: retakes-instadefuse.smx
L 05/21/2022 - 01:49:01: [SM] Call stack trace:
L 05/21/2022 - 01:49:01: [SM]   [0] PrintToChat
L 05/21/2022 - 01:49:01: [SM]   [1] Line 143, plugin.sp::AttemptInstantDefuse
L 05/21/2022 - 01:49:01: [SM]   [2] Line 104, plugin.sp::Event_BombBeginDefusePlusFrame
L 05/21/2022 - 01:49:15: [SM] Exception reported: Language phrase "InstaDefuseSuccessful" not found (arg 5)
L 05/21/2022 - 01:49:15: [SM] Blaming: retakes-instadefuse.smx
L 05/21/2022 - 01:49:15: [SM] Call stack trace:
L 05/21/2022 - 01:49:15: [SM]   [0] PrintToChat
L 05/21/2022 - 01:49:15: [SM]   [1] Line 197, plugin.sp::AttemptInstantDefuse
L 05/21/2022 - 01:49:15: [SM]   [2] Line 104, plugin.sp::Event_BombBeginDefusePlusFrame
L 05/21/2022 - 01:49:35: [SM] Exception reported: Language phrase "InstaDefuseSuccessful" not found (arg 5)
L 05/21/2022 - 01:49:35: [SM] Blaming: retakes-instadefuse.smx
L 05/21/2022 - 01:49:35: [SM] Call stack trace:
L 05/21/2022 - 01:49:35: [SM]   [0] PrintToChat
L 05/21/2022 - 01:49:35: [SM]   [1] Line 197, plugin.sp::AttemptInstantDefuse
L 05/21/2022 - 01:49:35: [SM]   [2] Line 104, plugin.sp::Event_BombBeginDefusePlusFrame
L 05/21/2022 - 01:49:51: [SM] Exception reported: Language phrase "InstaDefuseSuccessful" not found (arg 5)
L 05/21/2022 - 01:49:51: [SM] Blaming: retakes-instadefuse.smx
L 05/21/2022 - 01:49:51: [SM] Call stack trace:
L 05/21/2022 - 01:49:51: [SM]   [0] PrintToChat
L 05/21/2022 - 01:49:51: [SM]   [1] Line 197, plugin.sp::AttemptInstantDefuse
L 05/21/2022 - 01:49:51: [SM]   [2] Line 104, plugin.sp::Event_BombBeginDefusePlusFrame
L 05/21/2022 - 01:50:13: [SM] Exception reported: Language phrase "InstaDefuseSuccessful" not found (arg 5)
L 05/21/2022 - 01:50:13: [SM] Blaming: retakes-instadefuse.smx
L 05/21/2022 - 01:50:13: [SM] Call stack trace:
L 05/21/2022 - 01:50:13: [SM]   [0] PrintToChat
L 05/21/2022 - 01:50:13: [SM]   [1] Line 197, plugin.sp::AttemptInstantDefuse
L 05/21/2022 - 01:50:13: [SM]   [2] Line 104, plugin.sp::Event_BombBeginDefusePlusFrame
L 05/21/2022 - 01:50:15: [SM] Exception reported: Language phrase "InstaDefuseSuccessful" not found (arg 5)
L 05/21/2022 - 01:50:15: [SM] Blaming: retakes-instadefuse.smx
L 05/21/2022 - 01:50:15: [SM] Call stack trace:
L 05/21/2022 - 01:50:15: [SM]   [0] PrintToChat
L 05/21/2022 - 01:50:15: [SM]   [1] Line 197, plugin.sp::AttemptInstantDefuse
L 05/21/2022 - 01:50:15: [SM]   [2] Line 104, plugin.sp::Event_BombBeginDefusePlusFrame
L 05/21/2022 - 01:50:42: [SM] Exception reported: Language phrase "InstaDefuseSuccessful" not found (arg 5)
L 05/21/2022 - 01:50:42: [SM] Blaming: retakes-instadefuse.smx
L 05/21/2022 - 01:50:42: [SM] Call stack trace:
L 05/21/2022 - 01:50:42: [SM]   [0] PrintToChat
L 05/21/2022 - 01:50:42: [SM]   [1] Line 197, plugin.sp::AttemptInstantDefuse
L 05/21/2022 - 01:50:42: [SM]   [2] Line 104, plugin.sp::Event_BombBeginDefusePlusFrame
L 05/21/2022 - 01:50:59: [SM] Exception reported: Language phrase "InstaDefuseSuccessful" not found (arg 5)
L 05/21/2022 - 01:50:59: [SM] Blaming: retakes-instadefuse.smx
L 05/21/2022 - 01:50:59: [SM] Call stack trace:
L 05/21/2022 - 01:50:59: [SM]   [0] PrintToChat
L 05/21/2022 - 01:50:59: [SM]   [1] Line 197, plugin.sp::AttemptInstantDefuse
L 05/21/2022 - 01:50:59: [SM]   [2] Line 104, plugin.sp::Event_BombBeginDefusePlusFrame
L 05/21/2022 - 01:51:15: [SM] Exception reported: Language phrase "InstaDefuseSuccessful" not found (arg 5)
L 05/21/2022 - 01:51:15: [SM] Blaming: retakes-instadefuse.smx
L 05/21/2022 - 01:51:15: [SM] Call stack trace:
L 05/21/2022 - 01:51:15: [SM]   [0] PrintToChat
L 05/21/2022 - 01:51:15: [SM]   [1] Line 197, plugin.sp::AttemptInstantDefuse
L 05/21/2022 - 01:51:15: [SM]   [2] Line 104, plugin.sp::Event_BombBeginDefusePlusFrame
L 05/21/2022 - 01:51:45: [SM] Exception reported: Language phrase "InstaDefuseSuccessful" not found (arg 5)
L 05/21/2022 - 01:51:45: [SM] Blaming: retakes-instadefuse.smx
L 05/21/2022 - 01:51:45: [SM] Call stack trace:
L 05/21/2022 - 01:51:45: [SM]   [0] PrintToChat
L 05/21/2022 - 01:51:45: [SM]   [1] Line 197, plugin.sp::AttemptInstantDefuse
L 05/21/2022 - 01:51:45: [SM]   [2] Line 104, plugin.sp::Event_BombBeginDefusePlusFrame
L 05/21/2022 - 01:52:07: [SM] Exception reported: Language phrase "InstaDefuseSuccessful" not found (arg 5)
L 05/21/2022 - 01:52:07: [SM] Blaming: retakes-instadefuse.smx
L 05/21/2022 - 01:52:07: [SM] Call stack trace:
L 05/21/2022 - 01:52:07: [SM]   [0] PrintToChat
L 05/21/2022 - 01:52:07: [SM]   [1] Line 197, plugin.sp::AttemptInstantDefuse
L 05/21/2022 - 01:52:07: [SM]   [2] Line 104, plugin.sp::Event_BombBeginDefusePlusFrame
L 05/21/2022 - 01:52:55: [SM] Exception reported: Language phrase "InstaDefuseSuccessful" not found (arg 5)
L 05/21/2022 - 01:52:55: [SM] Blaming: retakes-instadefuse.smx
L 05/21/2022 - 01:52:55: [SM] Call stack trace:
L 05/21/2022 - 01:52:55: [SM]   [0] PrintToChat
L 05/21/2022 - 01:52:55: [SM]   [1] Line 197, plugin.sp::AttemptInstantDefuse
L 05/21/2022 - 01:52:55: [SM]   [2] Line 104, plugin.sp::Event_BombBeginDefusePlusFrame
L 05/21/2022 - 01:53:11: [SM] Exception reported: Language phrase "InstaDefuseSuccessful" not found (arg 5)
L 05/21/2022 - 01:53:11: [SM] Blaming: retakes-instadefuse.smx
L 05/21/2022 - 01:53:11: [SM] Call stack trace:
L 05/21/2022 - 01:53:11: [SM]   [0] PrintToChat
L 05/21/2022 - 01:53:11: [SM]   [1] Line 197, plugin.sp::AttemptInstantDefuse
L 05/21/2022 - 01:53:11: [SM]   [2] Line 104, plugin.sp::Event_BombBeginDefusePlusFrame
L 05/21/2022 - 01:54:08: [SM] Exception reported: Language phrase "InstaDefuseSuccessful" not found (arg 5)
L 05/21/2022 - 01:54:08: [SM] Blaming: retakes-instadefuse.smx
L 05/21/2022 - 01:54:08: [SM] Call stack trace:
L 05/21/2022 - 01:54:08: [SM]   [0] PrintToChat
L 05/21/2022 - 01:54:09: [SM]   [1] Line 197, plugin.sp::AttemptInstantDefuse
L 05/21/2022 - 01:54:09: [SM]   [2] Line 104, plugin.sp::Event_BombBeginDefusePlusFrame
L 05/21/2022 - 01:54:09: [SM] Exception reported: Language phrase "InstaDefuseSuccessful" not found (arg 5)
L 05/21/2022 - 01:54:09: [SM] Blaming: retakes-instadefuse.smx
L 05/21/2022 - 01:54:09: [SM] Call stack trace:
L 05/21/2022 - 01:54:09: [SM]   [0] PrintToChat
L 05/21/2022 - 01:54:09: [SM]   [1] Line 197, plugin.sp::AttemptInstantDefuse
L 05/21/2022 - 01:54:09: [SM]   [2] Line 104, plugin.sp::Event_BombBeginDefusePlusFrame
L 05/21/2022 - 01:54:10: [SM] Exception reported: Language phrase "InstaDefuseSuccessful" not found (arg 5)
L 05/21/2022 - 01:54:10: [SM] Blaming: retakes-instadefuse.smx
L 05/21/2022 - 01:54:10: [SM] Call stack trace:
L 05/21/2022 - 01:54:10: [SM]   [0] PrintToChat
L 05/21/2022 - 01:54:10: [SM]   [1] Line 197, plugin.sp::AttemptInstantDefuse
L 05/21/2022 - 01:54:10: [SM]   [2] Line 104, plugin.sp::Event_BombBeginDefusePlusFrame
L 05/21/2022 - 01:54:44: [SM] Exception reported: Language phrase "InstaDefuseSuccessful" not found (arg 5)
L 05/21/2022 - 01:54:44: [SM] Blaming: retakes-instadefuse.smx
L 05/21/2022 - 01:54:44: [SM] Call stack trace:
L 05/21/2022 - 01:54:44: [SM]   [0] PrintToChat
L 05/21/2022 - 01:54:44: [SM]   [1] Line 197, plugin.sp::AttemptInstantDefuse
L 05/21/2022 - 01:54:44: [SM]   [2] Line 104, plugin.sp::Event_BombBeginDefusePlusFrame
L 05/21/2022 - 01:55:01: [SM] Exception reported: Language phrase "InstaDefuseSuccessful" not found (arg 5)
L 05/21/2022 - 01:55:01: [SM] Blaming: retakes-instadefuse.smx
L 05/21/2022 - 01:55:01: [SM] Call stack trace:
L 05/21/2022 - 01:55:01: [SM]   [0] PrintToChat
L 05/21/2022 - 01:55:01: [SM]   [1] Line 197, plugin.sp::AttemptInstantDefuse
L 05/21/2022 - 01:55:01: [SM]   [2] Line 104, plugin.sp::Event_BombBeginDefusePlusFrame
L 05/21/2022 - 01:55:22: [SM] Exception reported: Language phrase "InstaDefuseSuccessful" not found (arg 5)
L 05/21/2022 - 01:55:22: [SM] Blaming: retakes-instadefuse.smx
L 05/21/2022 - 01:55:22: [SM] Call stack trace:
L 05/21/2022 - 01:55:22: [SM]   [0] PrintToChat
L 05/21/2022 - 01:55:22: [SM]   [1] Line 197, plugin.sp::AttemptInstantDefuse
L 05/21/2022 - 01:55:22: [SM]   [2] Line 104, plugin.sp::Event_BombBeginDefusePlusFrame
L 05/21/2022 - 01:55:36: [SM] Exception reported: Language phrase "InstaDefuseSuccessful" not found (arg 5)
L 05/21/2022 - 01:55:36: [SM] Blaming: retakes-instadefuse.smx
L 05/21/2022 - 01:55:36: [SM] Call stack trace:
L 05/21/2022 - 01:55:36: [SM]   [0] PrintToChat
L 05/21/2022 - 01:55:36: [SM]   [1] Line 197, plugin.sp::AttemptInstantDefuse
L 05/21/2022 - 01:55:36: [SM]   [2] Line 104, plugin.sp::Event_BombBeginDefusePlusFrame
