L 12/24/2021 - 00:31:42: SourceMod error session started
L 12/24/2021 - 00:31:42: Info (map "de_mirage") (file "E:\retake\csgoserver\csgo\addons\sourcemod\logs\errors_20211224.log")
L 12/24/2021 - 00:31:42: [SM] Unable to load extension "PhysHooks.ext": Could not find patch signature for symbol: Physics_RunThinkFunctions
L 12/24/2021 - 00:31:45: [SM] Unable to load plugin "bot_inventory.smx": Native "eItems_AreItemsSynced" was not found
L 12/24/2021 - 00:31:45: [SM] Unable to load plugin "bot_stuff.smx": Could not find required plugin "navmesh"
L 12/24/2021 - 00:31:46: [SM] Unable to load plugin "LagCompensation.smx": Required extension "PhysHooks" file("PhysHooks.ext") not running
L 12/24/2021 - 00:31:48: [SM] Fatal error encountered parsing translation file "ranks_matchmaking.phrases.txt"
L 12/24/2021 - 00:31:48: [SM] Error (line 0, column 0): Stream failed to open
L 12/24/2021 - 00:31:49: [SM] Fatal error encountered parsing translation file "instadefuse.phrases.txt"
L 12/24/2021 - 00:31:49: [SM] Error (line 0, column 0): Stream failed to open
L 12/24/2021 - 00:32:11: [SM] Exception reported: Language phrase "Unranked" not found (arg 5)
L 12/24/2021 - 00:32:11: [SM] Blaming: ranks_matchmaking.smx
L 12/24/2021 - 00:32:11: [SM] Call stack trace:
L 12/24/2021 - 00:32:11: [SM]   [0] FormatEx
L 12/24/2021 - 00:32:11: [SM]   [1] Line 174, ranks_matchmaking.sp::GetRanksNames
L 12/24/2021 - 00:32:11: [SM]   [2] Line 169, ranks_matchmaking.sp::OnMapStart
L 12/24/2021 - 00:35:12: SourceMod error session started
L 12/24/2021 - 00:35:12: Info (map "de_mirage") (file "E:\retake\csgoserver\csgo\addons\sourcemod\logs\errors_20211224.log")
L 12/24/2021 - 00:35:12: [SM] Unable to load extension "PhysHooks.ext": Could not find patch signature for symbol: Physics_RunThinkFunctions
L 12/24/2021 - 00:35:12: [SM] Unable to load plugin "bot_inventory.smx": Native "eItems_AreItemsSynced" was not found
L 12/24/2021 - 00:35:12: [SM] Unable to load plugin "bot_stuff.smx": Could not find required plugin "navmesh"
L 12/24/2021 - 00:35:12: [SM] Unable to load plugin "LagCompensation.smx": Required extension "PhysHooks" file("PhysHooks.ext") not running
L 12/24/2021 - 00:35:12: [SM] Fatal error encountered parsing translation file "ranks_matchmaking.phrases.txt"
L 12/24/2021 - 00:35:12: [SM] Error (line 0, column 0): Stream failed to open
L 12/24/2021 - 00:35:12: [SM] Fatal error encountered parsing translation file "instadefuse.phrases.txt"
L 12/24/2021 - 00:35:12: [SM] Error (line 0, column 0): Stream failed to open
L 12/24/2021 - 00:35:15: [SM] Exception reported: Language phrase "Unranked" not found (arg 5)
L 12/24/2021 - 00:35:15: [SM] Blaming: ranks_matchmaking.smx
L 12/24/2021 - 00:35:15: [SM] Call stack trace:
L 12/24/2021 - 00:35:15: [SM]   [0] FormatEx
L 12/24/2021 - 00:35:15: [SM]   [1] Line 174, ranks_matchmaking.sp::GetRanksNames
L 12/24/2021 - 00:35:15: [SM]   [2] Line 169, ranks_matchmaking.sp::OnMapStart
L 12/24/2021 - 00:36:01: Error log file session closed.
L 12/24/2021 - 00:36:01: SourceMod error session started
L 12/24/2021 - 00:36:01: Info (map "de_mirage") (file "E:\retake\csgoserver\csgo\addons\sourcemod\logs\errors_20211224.log")
L 12/24/2021 - 00:36:01: [SM] Fatal error encountered parsing translation file "ranks_matchmaking.phrases.txt"
L 12/24/2021 - 00:36:01: [SM] Error (line 0, column 0): Stream failed to open
L 12/24/2021 - 00:36:01: [SM] Fatal error encountered parsing translation file "instadefuse.phrases.txt"
L 12/24/2021 - 00:36:01: [SM] Error (line 0, column 0): Stream failed to open
L 12/24/2021 - 00:36:02: [SM] Exception reported: Language phrase "Unranked" not found (arg 5)
L 12/24/2021 - 00:36:02: [SM] Blaming: ranks_matchmaking.smx
L 12/24/2021 - 00:36:02: [SM] Call stack trace:
L 12/24/2021 - 00:36:02: [SM]   [0] FormatEx
L 12/24/2021 - 00:36:02: [SM]   [1] Line 174, ranks_matchmaking.sp::GetRanksNames
L 12/24/2021 - 00:36:02: [SM]   [2] Line 169, ranks_matchmaking.sp::OnMapStart
L 12/24/2021 - 00:37:45: [SM] Exception reported: Language phrase "InstaDefuseSuccessful" not found (arg 5)
L 12/24/2021 - 00:37:45: [SM] Blaming: retakes-instadefuse.smx
L 12/24/2021 - 00:37:45: [SM] Call stack trace:
L 12/24/2021 - 00:37:45: [SM]   [0] PrintToChat
L 12/24/2021 - 00:37:45: [SM]   [1] Line 197, plugin.sp::AttemptInstantDefuse
L 12/24/2021 - 00:37:45: [SM]   [2] Line 104, plugin.sp::Event_BombBeginDefusePlusFrame
L 12/24/2021 - 00:38:27: [SM] Exception reported: Language phrase "InstaDefuseSuccessful" not found (arg 5)
L 12/24/2021 - 00:38:27: [SM] Blaming: retakes-instadefuse.smx
L 12/24/2021 - 00:38:27: [SM] Call stack trace:
L 12/24/2021 - 00:38:27: [SM]   [0] PrintToChat
L 12/24/2021 - 00:38:28: [SM]   [1] Line 197, plugin.sp::AttemptInstantDefuse
L 12/24/2021 - 00:38:28: [SM]   [2] Line 104, plugin.sp::Event_BombBeginDefusePlusFrame
L 12/24/2021 - 00:39:01: [SM] Exception reported: Language phrase "InstaDefuseSuccessful" not found (arg 5)
L 12/24/2021 - 00:39:01: [SM] Blaming: retakes-instadefuse.smx
L 12/24/2021 - 00:39:01: [SM] Call stack trace:
L 12/24/2021 - 00:39:01: [SM]   [0] PrintToChat
L 12/24/2021 - 00:39:01: [SM]   [1] Line 197, plugin.sp::AttemptInstantDefuse
L 12/24/2021 - 00:39:01: [SM]   [2] Line 104, plugin.sp::Event_BombBeginDefusePlusFrame
L 12/24/2021 - 00:40:36: [SM] Exception reported: Language phrase "InstaDefuseSuccessful" not found (arg 5)
L 12/24/2021 - 00:40:36: [SM] Blaming: retakes-instadefuse.smx
L 12/24/2021 - 00:40:36: [SM] Call stack trace:
L 12/24/2021 - 00:40:36: [SM]   [0] PrintToChat
L 12/24/2021 - 00:40:36: [SM]   [1] Line 197, plugin.sp::AttemptInstantDefuse
L 12/24/2021 - 00:40:36: [SM]   [2] Line 104, plugin.sp::Event_BombBeginDefusePlusFrame
L 12/24/2021 - 00:42:24: [SM] Exception reported: Language phrase "InstaDefuseSuccessful" not found (arg 5)
L 12/24/2021 - 00:42:24: [SM] Blaming: retakes-instadefuse.smx
L 12/24/2021 - 00:42:24: [SM] Call stack trace:
L 12/24/2021 - 00:42:24: [SM]   [0] PrintToChat
L 12/24/2021 - 00:42:24: [SM]   [1] Line 197, plugin.sp::AttemptInstantDefuse
L 12/24/2021 - 00:42:24: [SM]   [2] Line 104, plugin.sp::Event_BombBeginDefusePlusFrame
L 12/24/2021 - 00:44:18: [SM] Exception reported: Language phrase "InstaDefuseSuccessful" not found (arg 5)
L 12/24/2021 - 00:44:18: [SM] Blaming: retakes-instadefuse.smx
L 12/24/2021 - 00:44:18: [SM] Call stack trace:
L 12/24/2021 - 00:44:18: [SM]   [0] PrintToChat
L 12/24/2021 - 00:44:18: [SM]   [1] Line 197, plugin.sp::AttemptInstantDefuse
L 12/24/2021 - 00:44:18: [SM]   [2] Line 104, plugin.sp::Event_BombBeginDefusePlusFrame
L 12/24/2021 - 00:45:02: [SM] Exception reported: Language phrase "LiveNadeSomewhere" not found (arg 5)
L 12/24/2021 - 00:45:02: [SM] Blaming: retakes-instadefuse.smx
L 12/24/2021 - 00:45:02: [SM] Call stack trace:
L 12/24/2021 - 00:45:02: [SM]   [0] PrintToChat
L 12/24/2021 - 00:45:02: [SM]   [1] Line 168, plugin.sp::AttemptInstantDefuse
L 12/24/2021 - 00:45:02: [SM]   [2] Line 104, plugin.sp::Event_BombBeginDefusePlusFrame
L 12/24/2021 - 00:47:12: [SM] Exception reported: Language phrase "InstaDefuseSuccessful" not found (arg 5)
L 12/24/2021 - 00:47:12: [SM] Blaming: retakes-instadefuse.smx
L 12/24/2021 - 00:47:12: [SM] Call stack trace:
L 12/24/2021 - 00:47:12: [SM]   [0] PrintToChat
L 12/24/2021 - 00:47:12: [SM]   [1] Line 197, plugin.sp::AttemptInstantDefuse
L 12/24/2021 - 00:47:12: [SM]   [2] Line 104, plugin.sp::Event_BombBeginDefusePlusFrame
L 12/24/2021 - 00:47:40: [SM] Exception reported: Language phrase "InstaDefuseSuccessful" not found (arg 5)
L 12/24/2021 - 00:47:40: [SM] Blaming: retakes-instadefuse.smx
L 12/24/2021 - 00:47:40: [SM] Call stack trace:
L 12/24/2021 - 00:47:40: [SM]   [0] PrintToChat
L 12/24/2021 - 00:47:40: [SM]   [1] Line 197, plugin.sp::AttemptInstantDefuse
L 12/24/2021 - 00:47:40: [SM]   [2] Line 104, plugin.sp::Event_BombBeginDefusePlusFrame
L 12/24/2021 - 00:48:34: [SM] Exception reported: Language phrase "InstaDefuseSuccessful" not found (arg 5)
L 12/24/2021 - 00:48:34: [SM] Blaming: retakes-instadefuse.smx
L 12/24/2021 - 00:48:34: [SM] Call stack trace:
L 12/24/2021 - 00:48:34: [SM]   [0] PrintToChat
L 12/24/2021 - 00:48:34: [SM]   [1] Line 197, plugin.sp::AttemptInstantDefuse
L 12/24/2021 - 00:48:34: [SM]   [2] Line 104, plugin.sp::Event_BombBeginDefusePlusFrame
L 12/24/2021 - 00:52:01: [SM] Exception reported: Language phrase "InstaDefuseSuccessful" not found (arg 5)
L 12/24/2021 - 00:52:01: [SM] Blaming: retakes-instadefuse.smx
L 12/24/2021 - 00:52:01: [SM] Call stack trace:
L 12/24/2021 - 00:52:01: [SM]   [0] PrintToChat
L 12/24/2021 - 00:52:01: [SM]   [1] Line 197, plugin.sp::AttemptInstantDefuse
L 12/24/2021 - 00:52:01: [SM]   [2] Line 104, plugin.sp::Event_BombBeginDefusePlusFrame
L 12/24/2021 - 00:52:49: [SM] Exception reported: Language phrase "InstaDefuseSuccessful" not found (arg 5)
L 12/24/2021 - 00:52:49: [SM] Blaming: retakes-instadefuse.smx
L 12/24/2021 - 00:52:49: [SM] Call stack trace:
L 12/24/2021 - 00:52:49: [SM]   [0] PrintToChat
L 12/24/2021 - 00:52:49: [SM]   [1] Line 197, plugin.sp::AttemptInstantDefuse
L 12/24/2021 - 00:52:49: [SM]   [2] Line 104, plugin.sp::Event_BombBeginDefusePlusFrame
L 12/24/2021 - 00:53:12: [SM] Exception reported: Language phrase "InstaDefuseSuccessful" not found (arg 5)
L 12/24/2021 - 00:53:12: [SM] Blaming: retakes-instadefuse.smx
L 12/24/2021 - 00:53:12: [SM] Call stack trace:
L 12/24/2021 - 00:53:12: [SM]   [0] PrintToChat
L 12/24/2021 - 00:53:12: [SM]   [1] Line 197, plugin.sp::AttemptInstantDefuse
L 12/24/2021 - 00:53:12: [SM]   [2] Line 104, plugin.sp::Event_BombBeginDefusePlusFrame
L 12/24/2021 - 00:53:47: [SM] Exception reported: Language phrase "InstaDefuseSuccessful" not found (arg 5)
L 12/24/2021 - 00:53:47: [SM] Blaming: retakes-instadefuse.smx
L 12/24/2021 - 00:53:47: [SM] Call stack trace:
L 12/24/2021 - 00:53:47: [SM]   [0] PrintToChat
L 12/24/2021 - 00:53:47: [SM]   [1] Line 197, plugin.sp::AttemptInstantDefuse
L 12/24/2021 - 00:53:47: [SM]   [2] Line 104, plugin.sp::Event_BombBeginDefusePlusFrame
L 12/24/2021 - 00:56:16: [SM] Exception reported: Language phrase "LiveNadeSomewhere" not found (arg 5)
L 12/24/2021 - 00:56:16: [SM] Blaming: retakes-instadefuse.smx
L 12/24/2021 - 00:56:16: [SM] Call stack trace:
L 12/24/2021 - 00:56:16: [SM]   [0] PrintToChat
L 12/24/2021 - 00:56:16: [SM]   [1] Line 168, plugin.sp::AttemptInstantDefuse
L 12/24/2021 - 00:56:16: [SM]   [2] Line 104, plugin.sp::Event_BombBeginDefusePlusFrame
L 12/24/2021 - 00:56:18: [SM] Exception reported: Language phrase "InstaDefuseSuccessful" not found (arg 5)
L 12/24/2021 - 00:56:18: [SM] Blaming: retakes-instadefuse.smx
L 12/24/2021 - 00:56:18: [SM] Call stack trace:
L 12/24/2021 - 00:56:18: [SM]   [0] PrintToChat
L 12/24/2021 - 00:56:18: [SM]   [1] Line 197, plugin.sp::AttemptInstantDefuse
L 12/24/2021 - 00:56:18: [SM]   [2] Line 104, plugin.sp::Event_BombBeginDefusePlusFrame
L 12/24/2021 - 00:57:26: [SM] Exception reported: Language phrase "InstaDefuseSuccessful" not found (arg 5)
L 12/24/2021 - 00:57:26: [SM] Blaming: retakes-instadefuse.smx
L 12/24/2021 - 00:57:26: [SM] Call stack trace:
L 12/24/2021 - 00:57:26: [SM]   [0] PrintToChat
L 12/24/2021 - 00:57:26: [SM]   [1] Line 197, plugin.sp::AttemptInstantDefuse
L 12/24/2021 - 00:57:26: [SM]   [2] Line 104, plugin.sp::Event_BombBeginDefusePlusFrame
L 12/24/2021 - 00:57:53: [SM] Exception reported: Language phrase "InstaDefuseSuccessful" not found (arg 5)
L 12/24/2021 - 00:57:53: [SM] Blaming: retakes-instadefuse.smx
L 12/24/2021 - 00:57:53: [SM] Call stack trace:
L 12/24/2021 - 00:57:53: [SM]   [0] PrintToChat
L 12/24/2021 - 00:57:53: [SM]   [1] Line 197, plugin.sp::AttemptInstantDefuse
L 12/24/2021 - 00:57:53: [SM]   [2] Line 104, plugin.sp::Event_BombBeginDefusePlusFrame
L 12/24/2021 - 00:58:07: [SM] Exception reported: Language phrase "InstaDefuseSuccessful" not found (arg 5)
L 12/24/2021 - 00:58:07: [SM] Blaming: retakes-instadefuse.smx
L 12/24/2021 - 00:58:07: [SM] Call stack trace:
L 12/24/2021 - 00:58:07: [SM]   [0] PrintToChat
L 12/24/2021 - 00:58:07: [SM]   [1] Line 197, plugin.sp::AttemptInstantDefuse
L 12/24/2021 - 00:58:07: [SM]   [2] Line 104, plugin.sp::Event_BombBeginDefusePlusFrame
L 12/24/2021 - 00:58:33: [SM] Exception reported: Language phrase "InstaDefuseSuccessful" not found (arg 5)
L 12/24/2021 - 00:58:33: [SM] Blaming: retakes-instadefuse.smx
L 12/24/2021 - 00:58:33: [SM] Call stack trace:
L 12/24/2021 - 00:58:33: [SM]   [0] PrintToChat
L 12/24/2021 - 00:58:33: [SM]   [1] Line 197, plugin.sp::AttemptInstantDefuse
L 12/24/2021 - 00:58:33: [SM]   [2] Line 104, plugin.sp::Event_BombBeginDefusePlusFrame
L 12/24/2021 - 00:59:14: [SM] Exception reported: Language phrase "InstaDefuseSuccessful" not found (arg 5)
L 12/24/2021 - 00:59:14: [SM] Blaming: retakes-instadefuse.smx
L 12/24/2021 - 00:59:14: [SM] Call stack trace:
L 12/24/2021 - 00:59:14: [SM]   [0] PrintToChat
L 12/24/2021 - 00:59:14: [SM]   [1] Line 197, plugin.sp::AttemptInstantDefuse
L 12/24/2021 - 00:59:15: [SM]   [2] Line 104, plugin.sp::Event_BombBeginDefusePlusFrame
L 12/24/2021 - 00:59:36: [SM] Exception reported: Language phrase "LiveNadeSomewhere" not found (arg 5)
L 12/24/2021 - 00:59:36: [SM] Blaming: retakes-instadefuse.smx
L 12/24/2021 - 00:59:36: [SM] Call stack trace:
L 12/24/2021 - 00:59:36: [SM]   [0] PrintToChat
L 12/24/2021 - 00:59:36: [SM]   [1] Line 168, plugin.sp::AttemptInstantDefuse
L 12/24/2021 - 00:59:36: [SM]   [2] Line 104, plugin.sp::Event_BombBeginDefusePlusFrame
L 12/24/2021 - 01:02:13: [SM] Exception reported: Language phrase "InstaDefuseSuccessful" not found (arg 5)
L 12/24/2021 - 01:02:13: [SM] Blaming: retakes-instadefuse.smx
L 12/24/2021 - 01:02:13: [SM] Call stack trace:
L 12/24/2021 - 01:02:13: [SM]   [0] PrintToChat
L 12/24/2021 - 01:02:13: [SM]   [1] Line 197, plugin.sp::AttemptInstantDefuse
L 12/24/2021 - 01:02:13: [SM]   [2] Line 104, plugin.sp::Event_BombBeginDefusePlusFrame
L 12/24/2021 - 01:03:23: [SM] Exception reported: Language phrase "InstaDefuseSuccessful" not found (arg 5)
L 12/24/2021 - 01:03:23: [SM] Blaming: retakes-instadefuse.smx
L 12/24/2021 - 01:03:23: [SM] Call stack trace:
L 12/24/2021 - 01:03:23: [SM]   [0] PrintToChat
L 12/24/2021 - 01:03:23: [SM]   [1] Line 197, plugin.sp::AttemptInstantDefuse
L 12/24/2021 - 01:03:23: [SM]   [2] Line 104, plugin.sp::Event_BombBeginDefusePlusFrame
L 12/24/2021 - 01:06:47: [SM] Exception reported: Language phrase "InstaDefuseUnsuccessful" not found (arg 5)
L 12/24/2021 - 01:06:47: [SM] Blaming: retakes-instadefuse.smx
L 12/24/2021 - 01:06:47: [SM] Call stack trace:
L 12/24/2021 - 01:06:47: [SM]   [0] PrintToChat
L 12/24/2021 - 01:06:47: [SM]   [1] Line 143, plugin.sp::AttemptInstantDefuse
L 12/24/2021 - 01:06:47: [SM]   [2] Line 104, plugin.sp::Event_BombBeginDefusePlusFrame
L 12/24/2021 - 01:07:46: [SM] Exception reported: Language phrase "InstaDefuseSuccessful" not found (arg 5)
L 12/24/2021 - 01:07:46: [SM] Blaming: retakes-instadefuse.smx
L 12/24/2021 - 01:07:46: [SM] Call stack trace:
L 12/24/2021 - 01:07:46: [SM]   [0] PrintToChat
L 12/24/2021 - 01:07:47: [SM]   [1] Line 197, plugin.sp::AttemptInstantDefuse
L 12/24/2021 - 01:07:47: [SM]   [2] Line 104, plugin.sp::Event_BombBeginDefusePlusFrame
L 12/24/2021 - 01:09:10: [SM] Exception reported: Language phrase "InstaDefuseSuccessful" not found (arg 5)
L 12/24/2021 - 01:09:10: [SM] Blaming: retakes-instadefuse.smx
L 12/24/2021 - 01:09:10: [SM] Call stack trace:
L 12/24/2021 - 01:09:10: [SM]   [0] PrintToChat
L 12/24/2021 - 01:09:10: [SM]   [1] Line 197, plugin.sp::AttemptInstantDefuse
L 12/24/2021 - 01:09:10: [SM]   [2] Line 104, plugin.sp::Event_BombBeginDefusePlusFrame
L 12/24/2021 - 01:09:30: [SM] Exception reported: Language phrase "InstaDefuseSuccessful" not found (arg 5)
L 12/24/2021 - 01:09:30: [SM] Blaming: retakes-instadefuse.smx
L 12/24/2021 - 01:09:30: [SM] Call stack trace:
L 12/24/2021 - 01:09:30: [SM]   [0] PrintToChat
L 12/24/2021 - 01:09:30: [SM]   [1] Line 197, plugin.sp::AttemptInstantDefuse
L 12/24/2021 - 01:09:30: [SM]   [2] Line 104, plugin.sp::Event_BombBeginDefusePlusFrame
L 12/24/2021 - 01:11:20: [SM] Exception reported: Language phrase "InstaDefuseSuccessful" not found (arg 5)
L 12/24/2021 - 01:11:20: [SM] Blaming: retakes-instadefuse.smx
L 12/24/2021 - 01:11:20: [SM] Call stack trace:
L 12/24/2021 - 01:11:20: [SM]   [0] PrintToChat
L 12/24/2021 - 01:11:20: [SM]   [1] Line 197, plugin.sp::AttemptInstantDefuse
L 12/24/2021 - 01:11:20: [SM]   [2] Line 104, plugin.sp::Event_BombBeginDefusePlusFrame
L 12/24/2021 - 01:12:32: [SM] Exception reported: Language phrase "LiveNadeSomewhere" not found (arg 5)
L 12/24/2021 - 01:12:32: [SM] Blaming: retakes-instadefuse.smx
L 12/24/2021 - 01:12:32: [SM] Call stack trace:
L 12/24/2021 - 01:12:32: [SM]   [0] PrintToChat
L 12/24/2021 - 01:12:32: [SM]   [1] Line 168, plugin.sp::AttemptInstantDefuse
L 12/24/2021 - 01:12:32: [SM]   [2] Line 104, plugin.sp::Event_BombBeginDefusePlusFrame
L 12/24/2021 - 01:15:15: [SM] Exception reported: Language phrase "InstaDefuseSuccessful" not found (arg 5)
L 12/24/2021 - 01:15:15: [SM] Blaming: retakes-instadefuse.smx
L 12/24/2021 - 01:15:15: [SM] Call stack trace:
L 12/24/2021 - 01:15:15: [SM]   [0] PrintToChat
L 12/24/2021 - 01:15:15: [SM]   [1] Line 197, plugin.sp::AttemptInstantDefuse
L 12/24/2021 - 01:15:15: [SM]   [2] Line 104, plugin.sp::Event_BombBeginDefusePlusFrame
