L 11/11/2021 - 23:19:25: SourceMod error session started
L 11/11/2021 - 23:19:25: Info (map "de_mirage") (file "E:\retake\csgoserver\csgo\addons\sourcemod\logs\errors_20211111.log")
L 11/11/2021 - 23:19:25: [SM] Unable to load extension "PhysHooks.ext": Could not find patch signature for symbol: Physics_RunThinkFunctions
L 11/11/2021 - 23:19:27: [SM] Unable to load plugin "bot_inventory.smx": Native "eItems_AreItemsSynced" was not found
L 11/11/2021 - 23:19:27: [SM] Unable to load plugin "bot_stuff.smx": Could not find required plugin "navmesh"
L 11/11/2021 - 23:19:28: [SM] Unable to load plugin "LagCompensation.smx": Required extension "PhysHooks" file("PhysHooks.ext") not running
L 11/11/2021 - 23:19:29: [SM] Fatal error encountered parsing translation file "ranks_matchmaking.phrases.txt"
L 11/11/2021 - 23:19:29: [SM] Error (line 0, column 0): Stream failed to open
L 11/11/2021 - 23:19:29: [SM] Fatal error encountered parsing translation file "instadefuse.phrases.txt"
L 11/11/2021 - 23:19:29: [SM] Error (line 0, column 0): Stream failed to open
L 11/11/2021 - 23:19:50: [SM] Exception reported: Language phrase "Unranked" not found (arg 5)
L 11/11/2021 - 23:19:50: [SM] Blaming: ranks_matchmaking.smx
L 11/11/2021 - 23:19:50: [SM] Call stack trace:
L 11/11/2021 - 23:19:50: [SM]   [0] FormatEx
L 11/11/2021 - 23:19:50: [SM]   [1] Line 174, ranks_matchmaking.sp::GetRanksNames
L 11/11/2021 - 23:19:50: [SM]   [2] Line 169, ranks_matchmaking.sp::OnMapStart
L 11/11/2021 - 23:20:55: SourceMod error session started
L 11/11/2021 - 23:20:55: Info (map "de_mirage") (file "E:\retake\csgoserver\csgo\addons\sourcemod\logs\errors_20211111.log")
L 11/11/2021 - 23:20:55: [SM] Unable to load extension "PhysHooks.ext": Could not find patch signature for symbol: Physics_RunThinkFunctions
L 11/11/2021 - 23:20:55: [SM] Unable to load plugin "bot_inventory.smx": Native "eItems_AreItemsSynced" was not found
L 11/11/2021 - 23:20:55: [SM] Unable to load plugin "bot_stuff.smx": Could not find required plugin "navmesh"
L 11/11/2021 - 23:20:55: [SM] Unable to load plugin "LagCompensation.smx": Required extension "PhysHooks" file("PhysHooks.ext") not running
L 11/11/2021 - 23:20:55: [SM] Fatal error encountered parsing translation file "ranks_matchmaking.phrases.txt"
L 11/11/2021 - 23:20:55: [SM] Error (line 0, column 0): Stream failed to open
L 11/11/2021 - 23:20:55: [SM] Fatal error encountered parsing translation file "instadefuse.phrases.txt"
L 11/11/2021 - 23:20:55: [SM] Error (line 0, column 0): Stream failed to open
L 11/11/2021 - 23:20:58: [SM] Exception reported: Language phrase "Unranked" not found (arg 5)
L 11/11/2021 - 23:20:58: [SM] Blaming: ranks_matchmaking.smx
L 11/11/2021 - 23:20:58: [SM] Call stack trace:
L 11/11/2021 - 23:20:58: [SM]   [0] FormatEx
L 11/11/2021 - 23:20:58: [SM]   [1] Line 174, ranks_matchmaking.sp::GetRanksNames
L 11/11/2021 - 23:20:58: [SM]   [2] Line 169, ranks_matchmaking.sp::OnMapStart
L 11/11/2021 - 23:21:00: Error log file session closed.
L 11/11/2021 - 23:21:00: SourceMod error session started
L 11/11/2021 - 23:21:00: Info (map "de_mirage") (file "E:\retake\csgoserver\csgo\addons\sourcemod\logs\errors_20211111.log")
L 11/11/2021 - 23:21:00: [SM] Fatal error encountered parsing translation file "ranks_matchmaking.phrases.txt"
L 11/11/2021 - 23:21:00: [SM] Error (line 0, column 0): Stream failed to open
L 11/11/2021 - 23:21:00: [SM] Fatal error encountered parsing translation file "instadefuse.phrases.txt"
L 11/11/2021 - 23:21:00: [SM] Error (line 0, column 0): Stream failed to open
L 11/11/2021 - 23:21:01: [SM] Exception reported: Language phrase "Unranked" not found (arg 5)
L 11/11/2021 - 23:21:01: [SM] Blaming: ranks_matchmaking.smx
L 11/11/2021 - 23:21:01: [SM] Call stack trace:
L 11/11/2021 - 23:21:01: [SM]   [0] FormatEx
L 11/11/2021 - 23:21:01: [SM]   [1] Line 174, ranks_matchmaking.sp::GetRanksNames
L 11/11/2021 - 23:21:01: [SM]   [2] Line 169, ranks_matchmaking.sp::OnMapStart
L 11/11/2021 - 23:22:02: [SM] Exception reported: Language phrase "InstaDefuseSuccessful" not found (arg 5)
L 11/11/2021 - 23:22:02: [SM] Blaming: retakes-instadefuse.smx
L 11/11/2021 - 23:22:02: [SM] Call stack trace:
L 11/11/2021 - 23:22:02: [SM]   [0] PrintToChat
L 11/11/2021 - 23:22:02: [SM]   [1] Line 197, plugin.sp::AttemptInstantDefuse
L 11/11/2021 - 23:22:02: [SM]   [2] Line 104, plugin.sp::Event_BombBeginDefusePlusFrame
L 11/11/2021 - 23:24:05: [SM] Exception reported: Language phrase "InstaDefuseSuccessful" not found (arg 5)
L 11/11/2021 - 23:24:05: [SM] Blaming: retakes-instadefuse.smx
L 11/11/2021 - 23:24:05: [SM] Call stack trace:
L 11/11/2021 - 23:24:05: [SM]   [0] PrintToChat
L 11/11/2021 - 23:24:05: [SM]   [1] Line 197, plugin.sp::AttemptInstantDefuse
L 11/11/2021 - 23:24:05: [SM]   [2] Line 104, plugin.sp::Event_BombBeginDefusePlusFrame
L 11/11/2021 - 23:26:07: [SM] Exception reported: Language phrase "InstaDefuseSuccessful" not found (arg 5)
L 11/11/2021 - 23:26:07: [SM] Blaming: retakes-instadefuse.smx
L 11/11/2021 - 23:26:07: [SM] Call stack trace:
L 11/11/2021 - 23:26:07: [SM]   [0] PrintToChat
L 11/11/2021 - 23:26:07: [SM]   [1] Line 197, plugin.sp::AttemptInstantDefuse
L 11/11/2021 - 23:26:07: [SM]   [2] Line 104, plugin.sp::Event_BombBeginDefusePlusFrame
L 11/11/2021 - 23:27:02: [SM] Exception reported: Language phrase "InstaDefuseSuccessful" not found (arg 5)
L 11/11/2021 - 23:27:02: [SM] Blaming: retakes-instadefuse.smx
L 11/11/2021 - 23:27:02: [SM] Call stack trace:
L 11/11/2021 - 23:27:02: [SM]   [0] PrintToChat
L 11/11/2021 - 23:27:02: [SM]   [1] Line 197, plugin.sp::AttemptInstantDefuse
L 11/11/2021 - 23:27:02: [SM]   [2] Line 104, plugin.sp::Event_BombBeginDefusePlusFrame
L 11/11/2021 - 23:27:51: [SM] Exception reported: Language phrase "InstaDefuseSuccessful" not found (arg 5)
L 11/11/2021 - 23:27:51: [SM] Blaming: retakes-instadefuse.smx
L 11/11/2021 - 23:27:51: [SM] Call stack trace:
L 11/11/2021 - 23:27:51: [SM]   [0] PrintToChat
L 11/11/2021 - 23:27:51: [SM]   [1] Line 197, plugin.sp::AttemptInstantDefuse
L 11/11/2021 - 23:27:51: [SM]   [2] Line 104, plugin.sp::Event_BombBeginDefusePlusFrame
L 11/11/2021 - 23:28:12: [SM] Exception reported: Language phrase "InstaDefuseSuccessful" not found (arg 5)
L 11/11/2021 - 23:28:12: [SM] Blaming: retakes-instadefuse.smx
L 11/11/2021 - 23:28:12: [SM] Call stack trace:
L 11/11/2021 - 23:28:12: [SM]   [0] PrintToChat
L 11/11/2021 - 23:28:12: [SM]   [1] Line 197, plugin.sp::AttemptInstantDefuse
L 11/11/2021 - 23:28:12: [SM]   [2] Line 104, plugin.sp::Event_BombBeginDefusePlusFrame
L 11/11/2021 - 23:29:27: [SM] Exception reported: Language phrase "InstaDefuseSuccessful" not found (arg 5)
L 11/11/2021 - 23:29:27: [SM] Blaming: retakes-instadefuse.smx
L 11/11/2021 - 23:29:27: [SM] Call stack trace:
L 11/11/2021 - 23:29:27: [SM]   [0] PrintToChat
L 11/11/2021 - 23:29:27: [SM]   [1] Line 197, plugin.sp::AttemptInstantDefuse
L 11/11/2021 - 23:29:27: [SM]   [2] Line 104, plugin.sp::Event_BombBeginDefusePlusFrame
L 11/11/2021 - 23:29:47: [SM] Exception reported: Language phrase "InstaDefuseSuccessful" not found (arg 5)
L 11/11/2021 - 23:29:47: [SM] Blaming: retakes-instadefuse.smx
L 11/11/2021 - 23:29:47: [SM] Call stack trace:
L 11/11/2021 - 23:29:47: [SM]   [0] PrintToChat
L 11/11/2021 - 23:29:47: [SM]   [1] Line 197, plugin.sp::AttemptInstantDefuse
L 11/11/2021 - 23:29:47: [SM]   [2] Line 104, plugin.sp::Event_BombBeginDefusePlusFrame
L 11/11/2021 - 23:30:47: [SM] Exception reported: Language phrase "InstaDefuseSuccessful" not found (arg 5)
L 11/11/2021 - 23:30:47: [SM] Blaming: retakes-instadefuse.smx
L 11/11/2021 - 23:30:47: [SM] Call stack trace:
L 11/11/2021 - 23:30:47: [SM]   [0] PrintToChat
L 11/11/2021 - 23:30:47: [SM]   [1] Line 197, plugin.sp::AttemptInstantDefuse
L 11/11/2021 - 23:30:47: [SM]   [2] Line 104, plugin.sp::Event_BombBeginDefusePlusFrame
L 11/11/2021 - 23:32:14: [SM] Exception reported: Language phrase "InstaDefuseSuccessful" not found (arg 5)
L 11/11/2021 - 23:32:14: [SM] Blaming: retakes-instadefuse.smx
L 11/11/2021 - 23:32:14: [SM] Call stack trace:
L 11/11/2021 - 23:32:14: [SM]   [0] PrintToChat
L 11/11/2021 - 23:32:14: [SM]   [1] Line 197, plugin.sp::AttemptInstantDefuse
L 11/11/2021 - 23:32:14: [SM]   [2] Line 104, plugin.sp::Event_BombBeginDefusePlusFrame
L 11/11/2021 - 23:32:38: [SM] Exception reported: Language phrase "InstaDefuseSuccessful" not found (arg 5)
L 11/11/2021 - 23:32:38: [SM] Blaming: retakes-instadefuse.smx
L 11/11/2021 - 23:32:38: [SM] Call stack trace:
L 11/11/2021 - 23:32:38: [SM]   [0] PrintToChat
L 11/11/2021 - 23:32:38: [SM]   [1] Line 197, plugin.sp::AttemptInstantDefuse
L 11/11/2021 - 23:32:38: [SM]   [2] Line 104, plugin.sp::Event_BombBeginDefusePlusFrame
L 11/11/2021 - 23:33:22: [SM] Exception reported: Language phrase "InstaDefuseSuccessful" not found (arg 5)
L 11/11/2021 - 23:33:22: [SM] Blaming: retakes-instadefuse.smx
L 11/11/2021 - 23:33:22: [SM] Call stack trace:
L 11/11/2021 - 23:33:22: [SM]   [0] PrintToChat
L 11/11/2021 - 23:33:22: [SM]   [1] Line 197, plugin.sp::AttemptInstantDefuse
L 11/11/2021 - 23:33:22: [SM]   [2] Line 104, plugin.sp::Event_BombBeginDefusePlusFrame
L 11/11/2021 - 23:33:36: [SM] Exception reported: Language phrase "InstaDefuseSuccessful" not found (arg 5)
L 11/11/2021 - 23:33:36: [SM] Blaming: retakes-instadefuse.smx
L 11/11/2021 - 23:33:36: [SM] Call stack trace:
L 11/11/2021 - 23:33:36: [SM]   [0] PrintToChat
L 11/11/2021 - 23:33:36: [SM]   [1] Line 197, plugin.sp::AttemptInstantDefuse
L 11/11/2021 - 23:33:36: [SM]   [2] Line 104, plugin.sp::Event_BombBeginDefusePlusFrame
L 11/11/2021 - 23:33:53: [SM] Exception reported: Language phrase "InstaDefuseSuccessful" not found (arg 5)
L 11/11/2021 - 23:33:53: [SM] Blaming: retakes-instadefuse.smx
L 11/11/2021 - 23:33:53: [SM] Call stack trace:
L 11/11/2021 - 23:33:53: [SM]   [0] PrintToChat
L 11/11/2021 - 23:33:53: [SM]   [1] Line 197, plugin.sp::AttemptInstantDefuse
L 11/11/2021 - 23:33:53: [SM]   [2] Line 104, plugin.sp::Event_BombBeginDefusePlusFrame
L 11/11/2021 - 23:34:07: [SM] Exception reported: Language phrase "InstaDefuseSuccessful" not found (arg 5)
L 11/11/2021 - 23:34:07: [SM] Blaming: retakes-instadefuse.smx
L 11/11/2021 - 23:34:07: [SM] Call stack trace:
L 11/11/2021 - 23:34:07: [SM]   [0] PrintToChat
L 11/11/2021 - 23:34:07: [SM]   [1] Line 197, plugin.sp::AttemptInstantDefuse
L 11/11/2021 - 23:34:07: [SM]   [2] Line 104, plugin.sp::Event_BombBeginDefusePlusFrame
L 11/11/2021 - 23:34:30: [SM] Exception reported: Language phrase "InstaDefuseSuccessful" not found (arg 5)
L 11/11/2021 - 23:34:30: [SM] Blaming: retakes-instadefuse.smx
L 11/11/2021 - 23:34:30: [SM] Call stack trace:
L 11/11/2021 - 23:34:30: [SM]   [0] PrintToChat
L 11/11/2021 - 23:34:30: [SM]   [1] Line 197, plugin.sp::AttemptInstantDefuse
L 11/11/2021 - 23:34:30: [SM]   [2] Line 104, plugin.sp::Event_BombBeginDefusePlusFrame
L 11/11/2021 - 23:34:56: [SM] Exception reported: Language phrase "InstaDefuseSuccessful" not found (arg 5)
L 11/11/2021 - 23:34:56: [SM] Blaming: retakes-instadefuse.smx
L 11/11/2021 - 23:34:56: [SM] Call stack trace:
L 11/11/2021 - 23:34:56: [SM]   [0] PrintToChat
L 11/11/2021 - 23:34:56: [SM]   [1] Line 197, plugin.sp::AttemptInstantDefuse
L 11/11/2021 - 23:34:56: [SM]   [2] Line 104, plugin.sp::Event_BombBeginDefusePlusFrame
L 11/11/2021 - 23:35:09: [SM] Exception reported: Language phrase "InstaDefuseSuccessful" not found (arg 5)
L 11/11/2021 - 23:35:09: [SM] Blaming: retakes-instadefuse.smx
L 11/11/2021 - 23:35:09: [SM] Call stack trace:
L 11/11/2021 - 23:35:09: [SM]   [0] PrintToChat
L 11/11/2021 - 23:35:09: [SM]   [1] Line 197, plugin.sp::AttemptInstantDefuse
L 11/11/2021 - 23:35:09: [SM]   [2] Line 104, plugin.sp::Event_BombBeginDefusePlusFrame
L 11/11/2021 - 23:35:26: [SM] Exception reported: Language phrase "InstaDefuseSuccessful" not found (arg 5)
L 11/11/2021 - 23:35:26: [SM] Blaming: retakes-instadefuse.smx
L 11/11/2021 - 23:35:26: [SM] Call stack trace:
L 11/11/2021 - 23:35:26: [SM]   [0] PrintToChat
L 11/11/2021 - 23:35:26: [SM]   [1] Line 197, plugin.sp::AttemptInstantDefuse
L 11/11/2021 - 23:35:26: [SM]   [2] Line 104, plugin.sp::Event_BombBeginDefusePlusFrame
L 11/11/2021 - 23:35:41: [SM] Exception reported: Language phrase "InstaDefuseSuccessful" not found (arg 5)
L 11/11/2021 - 23:35:41: [SM] Blaming: retakes-instadefuse.smx
L 11/11/2021 - 23:35:41: [SM] Call stack trace:
L 11/11/2021 - 23:35:41: [SM]   [0] PrintToChat
L 11/11/2021 - 23:35:41: [SM]   [1] Line 197, plugin.sp::AttemptInstantDefuse
L 11/11/2021 - 23:35:41: [SM]   [2] Line 104, plugin.sp::Event_BombBeginDefusePlusFrame
L 11/11/2021 - 23:35:56: [SM] Exception reported: Language phrase "InstaDefuseSuccessful" not found (arg 5)
L 11/11/2021 - 23:35:56: [SM] Blaming: retakes-instadefuse.smx
L 11/11/2021 - 23:35:56: [SM] Call stack trace:
L 11/11/2021 - 23:35:56: [SM]   [0] PrintToChat
L 11/11/2021 - 23:35:56: [SM]   [1] Line 197, plugin.sp::AttemptInstantDefuse
L 11/11/2021 - 23:35:57: [SM]   [2] Line 104, plugin.sp::Event_BombBeginDefusePlusFrame
L 11/11/2021 - 23:36:24: [SM] Exception reported: Language phrase "InstaDefuseSuccessful" not found (arg 5)
L 11/11/2021 - 23:36:24: [SM] Blaming: retakes-instadefuse.smx
L 11/11/2021 - 23:36:24: [SM] Call stack trace:
L 11/11/2021 - 23:36:24: [SM]   [0] PrintToChat
L 11/11/2021 - 23:36:24: [SM]   [1] Line 197, plugin.sp::AttemptInstantDefuse
L 11/11/2021 - 23:36:24: [SM]   [2] Line 104, plugin.sp::Event_BombBeginDefusePlusFrame
L 11/11/2021 - 23:36:46: [SM] Exception reported: Language phrase "InstaDefuseSuccessful" not found (arg 5)
L 11/11/2021 - 23:36:46: [SM] Blaming: retakes-instadefuse.smx
L 11/11/2021 - 23:36:46: [SM] Call stack trace:
L 11/11/2021 - 23:36:46: [SM]   [0] PrintToChat
L 11/11/2021 - 23:36:46: [SM]   [1] Line 197, plugin.sp::AttemptInstantDefuse
L 11/11/2021 - 23:36:46: [SM]   [2] Line 104, plugin.sp::Event_BombBeginDefusePlusFrame
L 11/11/2021 - 23:37:29: [SM] Exception reported: Language phrase "InstaDefuseSuccessful" not found (arg 5)
L 11/11/2021 - 23:37:29: [SM] Blaming: retakes-instadefuse.smx
L 11/11/2021 - 23:37:29: [SM] Call stack trace:
L 11/11/2021 - 23:37:29: [SM]   [0] PrintToChat
L 11/11/2021 - 23:37:29: [SM]   [1] Line 197, plugin.sp::AttemptInstantDefuse
L 11/11/2021 - 23:37:29: [SM]   [2] Line 104, plugin.sp::Event_BombBeginDefusePlusFrame
L 11/11/2021 - 23:39:10: [SM] Exception reported: Language phrase "InstaDefuseSuccessful" not found (arg 5)
L 11/11/2021 - 23:39:10: [SM] Blaming: retakes-instadefuse.smx
L 11/11/2021 - 23:39:10: [SM] Call stack trace:
L 11/11/2021 - 23:39:10: [SM]   [0] PrintToChat
L 11/11/2021 - 23:39:10: [SM]   [1] Line 197, plugin.sp::AttemptInstantDefuse
L 11/11/2021 - 23:39:10: [SM]   [2] Line 104, plugin.sp::Event_BombBeginDefusePlusFrame
L 11/11/2021 - 23:39:35: [SM] Exception reported: Language phrase "InstaDefuseSuccessful" not found (arg 5)
L 11/11/2021 - 23:39:35: [SM] Blaming: retakes-instadefuse.smx
L 11/11/2021 - 23:39:35: [SM] Call stack trace:
L 11/11/2021 - 23:39:35: [SM]   [0] PrintToChat
L 11/11/2021 - 23:39:35: [SM]   [1] Line 197, plugin.sp::AttemptInstantDefuse
L 11/11/2021 - 23:39:35: [SM]   [2] Line 104, plugin.sp::Event_BombBeginDefusePlusFrame
L 11/11/2021 - 23:39:53: [SM] Exception reported: Language phrase "InstaDefuseSuccessful" not found (arg 5)
L 11/11/2021 - 23:39:53: [SM] Blaming: retakes-instadefuse.smx
L 11/11/2021 - 23:39:53: [SM] Call stack trace:
L 11/11/2021 - 23:39:53: [SM]   [0] PrintToChat
L 11/11/2021 - 23:39:53: [SM]   [1] Line 197, plugin.sp::AttemptInstantDefuse
L 11/11/2021 - 23:39:53: [SM]   [2] Line 104, plugin.sp::Event_BombBeginDefusePlusFrame
L 11/11/2021 - 23:40:14: [SM] Exception reported: Language phrase "InstaDefuseSuccessful" not found (arg 5)
L 11/11/2021 - 23:40:14: [SM] Blaming: retakes-instadefuse.smx
L 11/11/2021 - 23:40:14: [SM] Call stack trace:
L 11/11/2021 - 23:40:14: [SM]   [0] PrintToChat
L 11/11/2021 - 23:40:14: [SM]   [1] Line 197, plugin.sp::AttemptInstantDefuse
L 11/11/2021 - 23:40:14: [SM]   [2] Line 104, plugin.sp::Event_BombBeginDefusePlusFrame
L 11/11/2021 - 23:40:36: [SM] Exception reported: Language phrase "InstaDefuseSuccessful" not found (arg 5)
L 11/11/2021 - 23:40:36: [SM] Blaming: retakes-instadefuse.smx
L 11/11/2021 - 23:40:36: [SM] Call stack trace:
L 11/11/2021 - 23:40:36: [SM]   [0] PrintToChat
L 11/11/2021 - 23:40:36: [SM]   [1] Line 197, plugin.sp::AttemptInstantDefuse
L 11/11/2021 - 23:40:36: [SM]   [2] Line 104, plugin.sp::Event_BombBeginDefusePlusFrame
L 11/11/2021 - 23:40:54: [SM] Exception reported: Language phrase "InstaDefuseSuccessful" not found (arg 5)
L 11/11/2021 - 23:40:54: [SM] Blaming: retakes-instadefuse.smx
L 11/11/2021 - 23:40:54: [SM] Call stack trace:
L 11/11/2021 - 23:40:54: [SM]   [0] PrintToChat
L 11/11/2021 - 23:40:54: [SM]   [1] Line 197, plugin.sp::AttemptInstantDefuse
L 11/11/2021 - 23:40:54: [SM]   [2] Line 104, plugin.sp::Event_BombBeginDefusePlusFrame
L 11/11/2021 - 23:41:14: [SM] Exception reported: Language phrase "InstaDefuseSuccessful" not found (arg 5)
L 11/11/2021 - 23:41:14: [SM] Blaming: retakes-instadefuse.smx
L 11/11/2021 - 23:41:14: [SM] Call stack trace:
L 11/11/2021 - 23:41:14: [SM]   [0] PrintToChat
L 11/11/2021 - 23:41:14: [SM]   [1] Line 197, plugin.sp::AttemptInstantDefuse
L 11/11/2021 - 23:41:14: [SM]   [2] Line 104, plugin.sp::Event_BombBeginDefusePlusFrame
