L 10/07/2021 - 00:00:23: SourceMod error session started
L 10/07/2021 - 00:00:23: Info (map "de_mirage") (file "E:\retake\csgoserver\csgo\addons\sourcemod\logs\errors_20211007.log")
L 10/07/2021 - 00:00:23: [SM] Exception reported: Language phrase "InstaDefuseSuccessful" not found (arg 5)
L 10/07/2021 - 00:00:23: [SM] Blaming: retakes-instadefuse.smx
L 10/07/2021 - 00:00:23: [SM] Call stack trace:
L 10/07/2021 - 00:00:23: [SM]   [0] PrintToChat
L 10/07/2021 - 00:00:23: [SM]   [1] Line 197, plugin.sp::AttemptInstantDefuse
L 10/07/2021 - 00:00:23: [SM]   [2] Line 104, plugin.sp::Event_BombBeginDefusePlusFrame
L 10/07/2021 - 00:01:48: [SM] Exception reported: Language phrase "InstaDefuseSuccessful" not found (arg 5)
L 10/07/2021 - 00:01:48: [SM] Blaming: retakes-instadefuse.smx
L 10/07/2021 - 00:01:48: [SM] Call stack trace:
L 10/07/2021 - 00:01:48: [SM]   [0] PrintToChat
L 10/07/2021 - 00:01:48: [SM]   [1] Line 197, plugin.sp::AttemptInstantDefuse
L 10/07/2021 - 00:01:48: [SM]   [2] Line 104, plugin.sp::Event_BombBeginDefusePlusFrame
L 10/07/2021 - 00:04:10: [SM] Exception reported: Language phrase "InstaDefuseSuccessful" not found (arg 5)
L 10/07/2021 - 00:04:10: [SM] Blaming: retakes-instadefuse.smx
L 10/07/2021 - 00:04:10: [SM] Call stack trace:
L 10/07/2021 - 00:04:10: [SM]   [0] PrintToChat
L 10/07/2021 - 00:04:10: [SM]   [1] Line 197, plugin.sp::AttemptInstantDefuse
L 10/07/2021 - 00:04:10: [SM]   [2] Line 104, plugin.sp::Event_BombBeginDefusePlusFrame
L 10/07/2021 - 00:04:27: [SM] Exception reported: Language phrase "InstaDefuseSuccessful" not found (arg 5)
L 10/07/2021 - 00:04:27: [SM] Blaming: retakes-instadefuse.smx
L 10/07/2021 - 00:04:27: [SM] Call stack trace:
L 10/07/2021 - 00:04:27: [SM]   [0] PrintToChat
L 10/07/2021 - 00:04:27: [SM]   [1] Line 197, plugin.sp::AttemptInstantDefuse
L 10/07/2021 - 00:04:27: [SM]   [2] Line 104, plugin.sp::Event_BombBeginDefusePlusFrame
L 10/07/2021 - 00:04:29: [SM] Exception reported: Language phrase "InstaDefuseSuccessful" not found (arg 5)
L 10/07/2021 - 00:04:29: [SM] Blaming: retakes-instadefuse.smx
L 10/07/2021 - 00:04:29: [SM] Call stack trace:
L 10/07/2021 - 00:04:29: [SM]   [0] PrintToChat
L 10/07/2021 - 00:04:29: [SM]   [1] Line 197, plugin.sp::AttemptInstantDefuse
L 10/07/2021 - 00:04:29: [SM]   [2] Line 104, plugin.sp::Event_BombBeginDefusePlusFrame
L 10/07/2021 - 00:04:29: [SM] Exception reported: Language phrase "InstaDefuseSuccessful" not found (arg 5)
L 10/07/2021 - 00:04:29: [SM] Blaming: retakes-instadefuse.smx
L 10/07/2021 - 00:04:29: [SM] Call stack trace:
L 10/07/2021 - 00:04:29: [SM]   [0] PrintToChat
L 10/07/2021 - 00:04:29: [SM]   [1] Line 197, plugin.sp::AttemptInstantDefuse
L 10/07/2021 - 00:04:29: [SM]   [2] Line 104, plugin.sp::Event_BombBeginDefusePlusFrame
L 10/07/2021 - 00:04:49: [SM] Exception reported: Language phrase "InstaDefuseSuccessful" not found (arg 5)
L 10/07/2021 - 00:04:49: [SM] Blaming: retakes-instadefuse.smx
L 10/07/2021 - 00:04:49: [SM] Call stack trace:
L 10/07/2021 - 00:04:49: [SM]   [0] PrintToChat
L 10/07/2021 - 00:04:49: [SM]   [1] Line 197, plugin.sp::AttemptInstantDefuse
L 10/07/2021 - 00:04:49: [SM]   [2] Line 104, plugin.sp::Event_BombBeginDefusePlusFrame
L 10/07/2021 - 00:05:05: [SM] Exception reported: Language phrase "InstaDefuseSuccessful" not found (arg 5)
L 10/07/2021 - 00:05:05: [SM] Blaming: retakes-instadefuse.smx
L 10/07/2021 - 00:05:05: [SM] Call stack trace:
L 10/07/2021 - 00:05:05: [SM]   [0] PrintToChat
L 10/07/2021 - 00:05:05: [SM]   [1] Line 197, plugin.sp::AttemptInstantDefuse
L 10/07/2021 - 00:05:05: [SM]   [2] Line 104, plugin.sp::Event_BombBeginDefusePlusFrame
L 10/07/2021 - 00:06:39: [SM] Exception reported: Language phrase "InstaDefuseSuccessful" not found (arg 5)
L 10/07/2021 - 00:06:39: [SM] Blaming: retakes-instadefuse.smx
L 10/07/2021 - 00:06:39: [SM] Call stack trace:
L 10/07/2021 - 00:06:39: [SM]   [0] PrintToChat
L 10/07/2021 - 00:06:39: [SM]   [1] Line 197, plugin.sp::AttemptInstantDefuse
L 10/07/2021 - 00:06:39: [SM]   [2] Line 104, plugin.sp::Event_BombBeginDefusePlusFrame
L 10/07/2021 - 00:07:31: [SM] Exception reported: Language phrase "InstaDefuseSuccessful" not found (arg 5)
L 10/07/2021 - 00:07:31: [SM] Blaming: retakes-instadefuse.smx
L 10/07/2021 - 00:07:31: [SM] Call stack trace:
L 10/07/2021 - 00:07:31: [SM]   [0] PrintToChat
L 10/07/2021 - 00:07:31: [SM]   [1] Line 197, plugin.sp::AttemptInstantDefuse
L 10/07/2021 - 00:07:31: [SM]   [2] Line 104, plugin.sp::Event_BombBeginDefusePlusFrame
L 10/07/2021 - 00:07:45: [SM] Exception reported: Language phrase "InstaDefuseSuccessful" not found (arg 5)
L 10/07/2021 - 00:07:45: [SM] Blaming: retakes-instadefuse.smx
L 10/07/2021 - 00:07:45: [SM] Call stack trace:
L 10/07/2021 - 00:07:45: [SM]   [0] PrintToChat
L 10/07/2021 - 00:07:45: [SM]   [1] Line 197, plugin.sp::AttemptInstantDefuse
L 10/07/2021 - 00:07:45: [SM]   [2] Line 104, plugin.sp::Event_BombBeginDefusePlusFrame
L 10/07/2021 - 00:08:09: [SM] Exception reported: Language phrase "InstaDefuseSuccessful" not found (arg 5)
L 10/07/2021 - 00:08:09: [SM] Blaming: retakes-instadefuse.smx
L 10/07/2021 - 00:08:09: [SM] Call stack trace:
L 10/07/2021 - 00:08:09: [SM]   [0] PrintToChat
L 10/07/2021 - 00:08:09: [SM]   [1] Line 197, plugin.sp::AttemptInstantDefuse
L 10/07/2021 - 00:08:09: [SM]   [2] Line 104, plugin.sp::Event_BombBeginDefusePlusFrame
L 10/07/2021 - 00:08:34: [SM] Exception reported: Language phrase "InstaDefuseSuccessful" not found (arg 5)
L 10/07/2021 - 00:08:34: [SM] Blaming: retakes-instadefuse.smx
L 10/07/2021 - 00:08:34: [SM] Call stack trace:
L 10/07/2021 - 00:08:34: [SM]   [0] PrintToChat
L 10/07/2021 - 00:08:34: [SM]   [1] Line 197, plugin.sp::AttemptInstantDefuse
L 10/07/2021 - 00:08:34: [SM]   [2] Line 104, plugin.sp::Event_BombBeginDefusePlusFrame
L 10/07/2021 - 00:08:35: [SM] Exception reported: Language phrase "InstaDefuseSuccessful" not found (arg 5)
L 10/07/2021 - 00:08:35: [SM] Blaming: retakes-instadefuse.smx
L 10/07/2021 - 00:08:35: [SM] Call stack trace:
L 10/07/2021 - 00:08:35: [SM]   [0] PrintToChat
L 10/07/2021 - 00:08:35: [SM]   [1] Line 197, plugin.sp::AttemptInstantDefuse
L 10/07/2021 - 00:08:35: [SM]   [2] Line 104, plugin.sp::Event_BombBeginDefusePlusFrame
L 10/07/2021 - 00:08:53: [SM] Exception reported: Language phrase "InstaDefuseSuccessful" not found (arg 5)
L 10/07/2021 - 00:08:53: [SM] Blaming: retakes-instadefuse.smx
L 10/07/2021 - 00:08:53: [SM] Call stack trace:
L 10/07/2021 - 00:08:53: [SM]   [0] PrintToChat
L 10/07/2021 - 00:08:53: [SM]   [1] Line 197, plugin.sp::AttemptInstantDefuse
L 10/07/2021 - 00:08:53: [SM]   [2] Line 104, plugin.sp::Event_BombBeginDefusePlusFrame
L 10/07/2021 - 00:10:08: [SM] Exception reported: Language phrase "InstaDefuseSuccessful" not found (arg 5)
L 10/07/2021 - 00:10:08: [SM] Blaming: retakes-instadefuse.smx
L 10/07/2021 - 00:10:08: [SM] Call stack trace:
L 10/07/2021 - 00:10:08: [SM]   [0] PrintToChat
L 10/07/2021 - 00:10:08: [SM]   [1] Line 197, plugin.sp::AttemptInstantDefuse
L 10/07/2021 - 00:10:08: [SM]   [2] Line 104, plugin.sp::Event_BombBeginDefusePlusFrame
L 10/07/2021 - 00:10:24: [SM] Exception reported: Language phrase "InstaDefuseSuccessful" not found (arg 5)
L 10/07/2021 - 00:10:24: [SM] Blaming: retakes-instadefuse.smx
L 10/07/2021 - 00:10:24: [SM] Call stack trace:
L 10/07/2021 - 00:10:24: [SM]   [0] PrintToChat
L 10/07/2021 - 00:10:24: [SM]   [1] Line 197, plugin.sp::AttemptInstantDefuse
L 10/07/2021 - 00:10:24: [SM]   [2] Line 104, plugin.sp::Event_BombBeginDefusePlusFrame
L 10/07/2021 - 00:10:44: [SM] Exception reported: Language phrase "InstaDefuseSuccessful" not found (arg 5)
L 10/07/2021 - 00:10:44: [SM] Blaming: retakes-instadefuse.smx
L 10/07/2021 - 00:10:44: [SM] Call stack trace:
L 10/07/2021 - 00:10:44: [SM]   [0] PrintToChat
L 10/07/2021 - 00:10:44: [SM]   [1] Line 197, plugin.sp::AttemptInstantDefuse
L 10/07/2021 - 00:10:44: [SM]   [2] Line 104, plugin.sp::Event_BombBeginDefusePlusFrame
L 10/07/2021 - 00:11:00: [SM] Exception reported: Language phrase "InstaDefuseSuccessful" not found (arg 5)
L 10/07/2021 - 00:11:00: [SM] Blaming: retakes-instadefuse.smx
L 10/07/2021 - 00:11:00: [SM] Call stack trace:
L 10/07/2021 - 00:11:00: [SM]   [0] PrintToChat
L 10/07/2021 - 00:11:00: [SM]   [1] Line 197, plugin.sp::AttemptInstantDefuse
L 10/07/2021 - 00:11:00: [SM]   [2] Line 104, plugin.sp::Event_BombBeginDefusePlusFrame
L 10/07/2021 - 00:11:17: [SM] Exception reported: Language phrase "InstaDefuseSuccessful" not found (arg 5)
L 10/07/2021 - 00:11:17: [SM] Blaming: retakes-instadefuse.smx
L 10/07/2021 - 00:11:17: [SM] Call stack trace:
L 10/07/2021 - 00:11:17: [SM]   [0] PrintToChat
L 10/07/2021 - 00:11:17: [SM]   [1] Line 197, plugin.sp::AttemptInstantDefuse
L 10/07/2021 - 00:11:17: [SM]   [2] Line 104, plugin.sp::Event_BombBeginDefusePlusFrame
L 10/07/2021 - 00:11:32: [SM] Exception reported: Language phrase "InstaDefuseSuccessful" not found (arg 5)
L 10/07/2021 - 00:11:32: [SM] Blaming: retakes-instadefuse.smx
L 10/07/2021 - 00:11:32: [SM] Call stack trace:
L 10/07/2021 - 00:11:32: [SM]   [0] PrintToChat
L 10/07/2021 - 00:11:32: [SM]   [1] Line 197, plugin.sp::AttemptInstantDefuse
L 10/07/2021 - 00:11:32: [SM]   [2] Line 104, plugin.sp::Event_BombBeginDefusePlusFrame
L 10/07/2021 - 00:11:34: [SM] Exception reported: Language phrase "InstaDefuseSuccessful" not found (arg 5)
L 10/07/2021 - 00:11:34: [SM] Blaming: retakes-instadefuse.smx
L 10/07/2021 - 00:11:34: [SM] Call stack trace:
L 10/07/2021 - 00:11:34: [SM]   [0] PrintToChat
L 10/07/2021 - 00:11:34: [SM]   [1] Line 197, plugin.sp::AttemptInstantDefuse
L 10/07/2021 - 00:11:34: [SM]   [2] Line 104, plugin.sp::Event_BombBeginDefusePlusFrame
L 10/07/2021 - 00:11:57: [SM] Exception reported: Language phrase "InstaDefuseSuccessful" not found (arg 5)
L 10/07/2021 - 00:11:57: [SM] Blaming: retakes-instadefuse.smx
L 10/07/2021 - 00:11:57: [SM] Call stack trace:
L 10/07/2021 - 00:11:57: [SM]   [0] PrintToChat
L 10/07/2021 - 00:11:57: [SM]   [1] Line 197, plugin.sp::AttemptInstantDefuse
L 10/07/2021 - 00:11:57: [SM]   [2] Line 104, plugin.sp::Event_BombBeginDefusePlusFrame
L 10/07/2021 - 00:12:46: [SM] Exception reported: Language phrase "InstaDefuseSuccessful" not found (arg 5)
L 10/07/2021 - 00:12:46: [SM] Blaming: retakes-instadefuse.smx
L 10/07/2021 - 00:12:46: [SM] Call stack trace:
L 10/07/2021 - 00:12:46: [SM]   [0] PrintToChat
L 10/07/2021 - 00:12:46: [SM]   [1] Line 197, plugin.sp::AttemptInstantDefuse
L 10/07/2021 - 00:12:46: [SM]   [2] Line 104, plugin.sp::Event_BombBeginDefusePlusFrame
L 10/07/2021 - 00:13:25: [SM] Exception reported: Language phrase "InstaDefuseSuccessful" not found (arg 5)
L 10/07/2021 - 00:13:25: [SM] Blaming: retakes-instadefuse.smx
L 10/07/2021 - 00:13:25: [SM] Call stack trace:
L 10/07/2021 - 00:13:25: [SM]   [0] PrintToChat
L 10/07/2021 - 00:13:25: [SM]   [1] Line 197, plugin.sp::AttemptInstantDefuse
L 10/07/2021 - 00:13:25: [SM]   [2] Line 104, plugin.sp::Event_BombBeginDefusePlusFrame
L 10/07/2021 - 00:13:54: [SM] Exception reported: Language phrase "InstaDefuseSuccessful" not found (arg 5)
L 10/07/2021 - 00:13:54: [SM] Blaming: retakes-instadefuse.smx
L 10/07/2021 - 00:13:54: [SM] Call stack trace:
L 10/07/2021 - 00:13:54: [SM]   [0] PrintToChat
L 10/07/2021 - 00:13:54: [SM]   [1] Line 197, plugin.sp::AttemptInstantDefuse
L 10/07/2021 - 00:13:54: [SM]   [2] Line 104, plugin.sp::Event_BombBeginDefusePlusFrame
L 10/07/2021 - 00:14:10: [SM] Exception reported: Language phrase "InstaDefuseSuccessful" not found (arg 5)
L 10/07/2021 - 00:14:10: [SM] Blaming: retakes-instadefuse.smx
L 10/07/2021 - 00:14:10: [SM] Call stack trace:
L 10/07/2021 - 00:14:10: [SM]   [0] PrintToChat
L 10/07/2021 - 00:14:10: [SM]   [1] Line 197, plugin.sp::AttemptInstantDefuse
L 10/07/2021 - 00:14:10: [SM]   [2] Line 104, plugin.sp::Event_BombBeginDefusePlusFrame
L 10/07/2021 - 00:14:25: [SM] Exception reported: Language phrase "InstaDefuseSuccessful" not found (arg 5)
L 10/07/2021 - 00:14:25: [SM] Blaming: retakes-instadefuse.smx
L 10/07/2021 - 00:14:25: [SM] Call stack trace:
L 10/07/2021 - 00:14:25: [SM]   [0] PrintToChat
L 10/07/2021 - 00:14:25: [SM]   [1] Line 197, plugin.sp::AttemptInstantDefuse
L 10/07/2021 - 00:14:25: [SM]   [2] Line 104, plugin.sp::Event_BombBeginDefusePlusFrame
L 10/07/2021 - 00:14:43: [SM] Exception reported: Language phrase "InstaDefuseSuccessful" not found (arg 5)
L 10/07/2021 - 00:14:43: [SM] Blaming: retakes-instadefuse.smx
L 10/07/2021 - 00:14:43: [SM] Call stack trace:
L 10/07/2021 - 00:14:43: [SM]   [0] PrintToChat
L 10/07/2021 - 00:14:43: [SM]   [1] Line 197, plugin.sp::AttemptInstantDefuse
L 10/07/2021 - 00:14:43: [SM]   [2] Line 104, plugin.sp::Event_BombBeginDefusePlusFrame
L 10/07/2021 - 00:14:59: [SM] Exception reported: Language phrase "InstaDefuseSuccessful" not found (arg 5)
L 10/07/2021 - 00:14:59: [SM] Blaming: retakes-instadefuse.smx
L 10/07/2021 - 00:14:59: [SM] Call stack trace:
L 10/07/2021 - 00:14:59: [SM]   [0] PrintToChat
L 10/07/2021 - 00:14:59: [SM]   [1] Line 197, plugin.sp::AttemptInstantDefuse
L 10/07/2021 - 00:14:59: [SM]   [2] Line 104, plugin.sp::Event_BombBeginDefusePlusFrame
L 10/07/2021 - 00:16:19: [SM] Exception reported: Language phrase "InstaDefuseSuccessful" not found (arg 5)
L 10/07/2021 - 00:16:19: [SM] Blaming: retakes-instadefuse.smx
L 10/07/2021 - 00:16:19: [SM] Call stack trace:
L 10/07/2021 - 00:16:19: [SM]   [0] PrintToChat
L 10/07/2021 - 00:16:19: [SM]   [1] Line 197, plugin.sp::AttemptInstantDefuse
L 10/07/2021 - 00:16:19: [SM]   [2] Line 104, plugin.sp::Event_BombBeginDefusePlusFrame
L 10/07/2021 - 00:16:52: [SM] Exception reported: Language phrase "InstaDefuseSuccessful" not found (arg 5)
L 10/07/2021 - 00:16:52: [SM] Blaming: retakes-instadefuse.smx
L 10/07/2021 - 00:16:52: [SM] Call stack trace:
L 10/07/2021 - 00:16:52: [SM]   [0] PrintToChat
L 10/07/2021 - 00:16:52: [SM]   [1] Line 197, plugin.sp::AttemptInstantDefuse
L 10/07/2021 - 00:16:52: [SM]   [2] Line 104, plugin.sp::Event_BombBeginDefusePlusFrame
L 10/07/2021 - 00:17:33: [SM] Exception reported: Language phrase "InstaDefuseSuccessful" not found (arg 5)
L 10/07/2021 - 00:17:33: [SM] Blaming: retakes-instadefuse.smx
L 10/07/2021 - 00:17:33: [SM] Call stack trace:
L 10/07/2021 - 00:17:33: [SM]   [0] PrintToChat
L 10/07/2021 - 00:17:33: [SM]   [1] Line 197, plugin.sp::AttemptInstantDefuse
L 10/07/2021 - 00:17:33: [SM]   [2] Line 104, plugin.sp::Event_BombBeginDefusePlusFrame
L 10/07/2021 - 00:17:48: [SM] Exception reported: Language phrase "InstaDefuseSuccessful" not found (arg 5)
L 10/07/2021 - 00:17:48: [SM] Blaming: retakes-instadefuse.smx
L 10/07/2021 - 00:17:48: [SM] Call stack trace:
L 10/07/2021 - 00:17:48: [SM]   [0] PrintToChat
L 10/07/2021 - 00:17:48: [SM]   [1] Line 197, plugin.sp::AttemptInstantDefuse
L 10/07/2021 - 00:17:48: [SM]   [2] Line 104, plugin.sp::Event_BombBeginDefusePlusFrame
L 10/07/2021 - 00:18:08: [SM] Exception reported: Language phrase "InstaDefuseSuccessful" not found (arg 5)
L 10/07/2021 - 00:18:08: [SM] Blaming: retakes-instadefuse.smx
L 10/07/2021 - 00:18:08: [SM] Call stack trace:
L 10/07/2021 - 00:18:08: [SM]   [0] PrintToChat
L 10/07/2021 - 00:18:08: [SM]   [1] Line 197, plugin.sp::AttemptInstantDefuse
L 10/07/2021 - 00:18:08: [SM]   [2] Line 104, plugin.sp::Event_BombBeginDefusePlusFrame
L 10/07/2021 - 00:18:58: [SM] Exception reported: Language phrase "InstaDefuseSuccessful" not found (arg 5)
L 10/07/2021 - 00:18:58: [SM] Blaming: retakes-instadefuse.smx
L 10/07/2021 - 00:18:58: [SM] Call stack trace:
L 10/07/2021 - 00:18:58: [SM]   [0] PrintToChat
L 10/07/2021 - 00:18:58: [SM]   [1] Line 197, plugin.sp::AttemptInstantDefuse
L 10/07/2021 - 00:18:58: [SM]   [2] Line 104, plugin.sp::Event_BombBeginDefusePlusFrame
L 10/07/2021 - 00:19:11: [SM] Exception reported: Language phrase "InstaDefuseSuccessful" not found (arg 5)
L 10/07/2021 - 00:19:11: [SM] Blaming: retakes-instadefuse.smx
L 10/07/2021 - 00:19:11: [SM] Call stack trace:
L 10/07/2021 - 00:19:11: [SM]   [0] PrintToChat
L 10/07/2021 - 00:19:11: [SM]   [1] Line 197, plugin.sp::AttemptInstantDefuse
L 10/07/2021 - 00:19:11: [SM]   [2] Line 104, plugin.sp::Event_BombBeginDefusePlusFrame
L 10/07/2021 - 00:19:26: [SM] Exception reported: Language phrase "InstaDefuseSuccessful" not found (arg 5)
L 10/07/2021 - 00:19:26: [SM] Blaming: retakes-instadefuse.smx
L 10/07/2021 - 00:19:26: [SM] Call stack trace:
L 10/07/2021 - 00:19:26: [SM]   [0] PrintToChat
L 10/07/2021 - 00:19:26: [SM]   [1] Line 197, plugin.sp::AttemptInstantDefuse
L 10/07/2021 - 00:19:26: [SM]   [2] Line 104, plugin.sp::Event_BombBeginDefusePlusFrame
L 10/07/2021 - 00:19:46: [SM] Exception reported: Language phrase "InstaDefuseSuccessful" not found (arg 5)
L 10/07/2021 - 00:19:46: [SM] Blaming: retakes-instadefuse.smx
L 10/07/2021 - 00:19:46: [SM] Call stack trace:
L 10/07/2021 - 00:19:46: [SM]   [0] PrintToChat
L 10/07/2021 - 00:19:46: [SM]   [1] Line 197, plugin.sp::AttemptInstantDefuse
L 10/07/2021 - 00:19:46: [SM]   [2] Line 104, plugin.sp::Event_BombBeginDefusePlusFrame
L 10/07/2021 - 00:20:03: [SM] Exception reported: Language phrase "InstaDefuseSuccessful" not found (arg 5)
L 10/07/2021 - 00:20:03: [SM] Blaming: retakes-instadefuse.smx
L 10/07/2021 - 00:20:03: [SM] Call stack trace:
L 10/07/2021 - 00:20:03: [SM]   [0] PrintToChat
L 10/07/2021 - 00:20:03: [SM]   [1] Line 197, plugin.sp::AttemptInstantDefuse
L 10/07/2021 - 00:20:03: [SM]   [2] Line 104, plugin.sp::Event_BombBeginDefusePlusFrame
L 10/07/2021 - 00:20:18: [SM] Exception reported: Language phrase "InstaDefuseSuccessful" not found (arg 5)
L 10/07/2021 - 00:20:18: [SM] Blaming: retakes-instadefuse.smx
L 10/07/2021 - 00:20:18: [SM] Call stack trace:
L 10/07/2021 - 00:20:18: [SM]   [0] PrintToChat
L 10/07/2021 - 00:20:18: [SM]   [1] Line 197, plugin.sp::AttemptInstantDefuse
L 10/07/2021 - 00:20:18: [SM]   [2] Line 104, plugin.sp::Event_BombBeginDefusePlusFrame
L 10/07/2021 - 00:21:03: [SM] Exception reported: Language phrase "InstaDefuseSuccessful" not found (arg 5)
L 10/07/2021 - 00:21:03: [SM] Blaming: retakes-instadefuse.smx
L 10/07/2021 - 00:21:03: [SM] Call stack trace:
L 10/07/2021 - 00:21:03: [SM]   [0] PrintToChat
L 10/07/2021 - 00:21:03: [SM]   [1] Line 197, plugin.sp::AttemptInstantDefuse
L 10/07/2021 - 00:21:03: [SM]   [2] Line 104, plugin.sp::Event_BombBeginDefusePlusFrame
L 10/07/2021 - 00:21:28: [SM] Exception reported: Language phrase "InstaDefuseSuccessful" not found (arg 5)
L 10/07/2021 - 00:21:28: [SM] Blaming: retakes-instadefuse.smx
L 10/07/2021 - 00:21:28: [SM] Call stack trace:
L 10/07/2021 - 00:21:28: [SM]   [0] PrintToChat
L 10/07/2021 - 00:21:28: [SM]   [1] Line 197, plugin.sp::AttemptInstantDefuse
L 10/07/2021 - 00:21:28: [SM]   [2] Line 104, plugin.sp::Event_BombBeginDefusePlusFrame
L 10/07/2021 - 00:21:46: [SM] Exception reported: Language phrase "InstaDefuseSuccessful" not found (arg 5)
L 10/07/2021 - 00:21:46: [SM] Blaming: retakes-instadefuse.smx
L 10/07/2021 - 00:21:46: [SM] Call stack trace:
L 10/07/2021 - 00:21:46: [SM]   [0] PrintToChat
L 10/07/2021 - 00:21:46: [SM]   [1] Line 197, plugin.sp::AttemptInstantDefuse
L 10/07/2021 - 00:21:46: [SM]   [2] Line 104, plugin.sp::Event_BombBeginDefusePlusFrame
L 10/07/2021 - 00:22:03: [SM] Exception reported: Language phrase "InstaDefuseSuccessful" not found (arg 5)
L 10/07/2021 - 00:22:03: [SM] Blaming: retakes-instadefuse.smx
L 10/07/2021 - 00:22:03: [SM] Call stack trace:
L 10/07/2021 - 00:22:03: [SM]   [0] PrintToChat
L 10/07/2021 - 00:22:03: [SM]   [1] Line 197, plugin.sp::AttemptInstantDefuse
L 10/07/2021 - 00:22:03: [SM]   [2] Line 104, plugin.sp::Event_BombBeginDefusePlusFrame
L 10/07/2021 - 00:22:40: [SM] Exception reported: Language phrase "InstaDefuseSuccessful" not found (arg 5)
L 10/07/2021 - 00:22:40: [SM] Blaming: retakes-instadefuse.smx
L 10/07/2021 - 00:22:40: [SM] Call stack trace:
L 10/07/2021 - 00:22:40: [SM]   [0] PrintToChat
L 10/07/2021 - 00:22:40: [SM]   [1] Line 197, plugin.sp::AttemptInstantDefuse
L 10/07/2021 - 00:22:40: [SM]   [2] Line 104, plugin.sp::Event_BombBeginDefusePlusFrame
L 10/07/2021 - 00:23:02: [SM] Exception reported: Language phrase "InstaDefuseSuccessful" not found (arg 5)
L 10/07/2021 - 00:23:02: [SM] Blaming: retakes-instadefuse.smx
L 10/07/2021 - 00:23:02: [SM] Call stack trace:
L 10/07/2021 - 00:23:02: [SM]   [0] PrintToChat
L 10/07/2021 - 00:23:02: [SM]   [1] Line 197, plugin.sp::AttemptInstantDefuse
L 10/07/2021 - 00:23:02: [SM]   [2] Line 104, plugin.sp::Event_BombBeginDefusePlusFrame
L 10/07/2021 - 00:23:21: [SM] Exception reported: Language phrase "InstaDefuseSuccessful" not found (arg 5)
L 10/07/2021 - 00:23:21: [SM] Blaming: retakes-instadefuse.smx
L 10/07/2021 - 00:23:21: [SM] Call stack trace:
L 10/07/2021 - 00:23:21: [SM]   [0] PrintToChat
L 10/07/2021 - 00:23:21: [SM]   [1] Line 197, plugin.sp::AttemptInstantDefuse
L 10/07/2021 - 00:23:21: [SM]   [2] Line 104, plugin.sp::Event_BombBeginDefusePlusFrame
L 10/07/2021 - 00:23:35: [SM] Exception reported: Language phrase "InstaDefuseSuccessful" not found (arg 5)
L 10/07/2021 - 00:23:35: [SM] Blaming: retakes-instadefuse.smx
L 10/07/2021 - 00:23:35: [SM] Call stack trace:
L 10/07/2021 - 00:23:35: [SM]   [0] PrintToChat
L 10/07/2021 - 00:23:35: [SM]   [1] Line 197, plugin.sp::AttemptInstantDefuse
L 10/07/2021 - 00:23:35: [SM]   [2] Line 104, plugin.sp::Event_BombBeginDefusePlusFrame
L 10/07/2021 - 00:24:00: [SM] Exception reported: Language phrase "InstaDefuseSuccessful" not found (arg 5)
L 10/07/2021 - 00:24:00: [SM] Blaming: retakes-instadefuse.smx
L 10/07/2021 - 00:24:00: [SM] Call stack trace:
L 10/07/2021 - 00:24:00: [SM]   [0] PrintToChat
L 10/07/2021 - 00:24:00: [SM]   [1] Line 197, plugin.sp::AttemptInstantDefuse
L 10/07/2021 - 00:24:00: [SM]   [2] Line 104, plugin.sp::Event_BombBeginDefusePlusFrame
L 10/07/2021 - 00:24:16: [SM] Exception reported: Language phrase "InstaDefuseSuccessful" not found (arg 5)
L 10/07/2021 - 00:24:16: [SM] Blaming: retakes-instadefuse.smx
L 10/07/2021 - 00:24:16: [SM] Call stack trace:
L 10/07/2021 - 00:24:16: [SM]   [0] PrintToChat
L 10/07/2021 - 00:24:16: [SM]   [1] Line 197, plugin.sp::AttemptInstantDefuse
L 10/07/2021 - 00:24:16: [SM]   [2] Line 104, plugin.sp::Event_BombBeginDefusePlusFrame
L 10/07/2021 - 19:11:39: SourceMod error session started
L 10/07/2021 - 19:11:39: Info (map "de_dust2") (file "E:\retake\csgoserver\csgo\addons\sourcemod\logs\errors_20211007.log")
L 10/07/2021 - 19:11:39: [SM] Unable to load extension "PhysHooks.ext": Could not find patch signature for symbol: Physics_RunThinkFunctions
L 10/07/2021 - 19:11:41: [SM] Exception reported: Failed to create SDKCall for CCSBot::IsAtHidingSpot signature!
L 10/07/2021 - 19:11:41: [SM] Blaming: bot_improver.smx
L 10/07/2021 - 19:11:41: [SM] Call stack trace:
L 10/07/2021 - 19:11:41: [SM]   [0] SetFailState
L 10/07/2021 - 19:11:41: [SM]   [1] Line 116, plugin.sp::OnPluginStart
L 10/07/2021 - 19:11:41: [SM] Unable to load plugin "bot_improver.smx": Error detected in plugin startup (see error logs)
L 10/07/2021 - 19:11:41: [SM] Unable to load plugin "bot_inventory.smx": Native "eItems_AreItemsSynced" was not found
L 10/07/2021 - 19:11:41: [SM] Unable to load plugin "bot_stuff.smx": Could not find required plugin "navmesh"
L 10/07/2021 - 19:11:42: [SM] Unable to load plugin "LagCompensation.smx": Required extension "PhysHooks" file("PhysHooks.ext") not running
L 10/07/2021 - 19:11:43: [SM] Fatal error encountered parsing translation file "ranks_matchmaking.phrases.txt"
L 10/07/2021 - 19:11:43: [SM] Error (line 0, column 0): Stream failed to open
L 10/07/2021 - 19:11:43: [SM] Fatal error encountered parsing translation file "instadefuse.phrases.txt"
L 10/07/2021 - 19:11:43: [SM] Error (line 0, column 0): Stream failed to open
L 10/07/2021 - 19:12:01: [SM] Exception reported: Language phrase "Unranked" not found (arg 5)
L 10/07/2021 - 19:12:01: [SM] Blaming: ranks_matchmaking.smx
L 10/07/2021 - 19:12:01: [SM] Call stack trace:
L 10/07/2021 - 19:12:01: [SM]   [0] FormatEx
L 10/07/2021 - 19:12:01: [SM]   [1] Line 174, ranks_matchmaking.sp::GetRanksNames
L 10/07/2021 - 19:12:01: [SM]   [2] Line 169, ranks_matchmaking.sp::OnMapStart
L 10/07/2021 - 19:12:53: Error log file session closed.
L 10/07/2021 - 19:12:53: SourceMod error session started
L 10/07/2021 - 19:12:53: Info (map "de_dust2") (file "E:\retake\csgoserver\csgo\addons\sourcemod\logs\errors_20211007.log")
L 10/07/2021 - 19:12:53: [SM] Fatal error encountered parsing translation file "ranks_matchmaking.phrases.txt"
L 10/07/2021 - 19:12:53: [SM] Error (line 0, column 0): Stream failed to open
L 10/07/2021 - 19:12:53: [SM] Fatal error encountered parsing translation file "instadefuse.phrases.txt"
L 10/07/2021 - 19:12:54: [SM] Error (line 0, column 0): Stream failed to open
L 10/07/2021 - 19:12:54: [SM] Exception reported: Language phrase "Unranked" not found (arg 5)
L 10/07/2021 - 19:12:54: [SM] Blaming: ranks_matchmaking.smx
L 10/07/2021 - 19:12:54: [SM] Call stack trace:
L 10/07/2021 - 19:12:54: [SM]   [0] FormatEx
L 10/07/2021 - 19:12:54: [SM]   [1] Line 174, ranks_matchmaking.sp::GetRanksNames
L 10/07/2021 - 19:12:54: [SM]   [2] Line 169, ranks_matchmaking.sp::OnMapStart
L 10/07/2021 - 19:13:53: Error log file session closed.
L 10/07/2021 - 19:13:53: SourceMod error session started
L 10/07/2021 - 19:13:53: Info (map "de_MIRAGE") (file "E:\retake\csgoserver\csgo\addons\sourcemod\logs\errors_20211007.log")
L 10/07/2021 - 19:13:53: [SM] Fatal error encountered parsing translation file "ranks_matchmaking.phrases.txt"
L 10/07/2021 - 19:13:53: [SM] Error (line 0, column 0): Stream failed to open
L 10/07/2021 - 19:13:53: [SM] Fatal error encountered parsing translation file "instadefuse.phrases.txt"
L 10/07/2021 - 19:13:53: [SM] Error (line 0, column 0): Stream failed to open
L 10/07/2021 - 19:13:57: [SM] Exception reported: Language phrase "Unranked" not found (arg 5)
L 10/07/2021 - 19:13:57: [SM] Blaming: ranks_matchmaking.smx
L 10/07/2021 - 19:13:57: [SM] Call stack trace:
L 10/07/2021 - 19:13:57: [SM]   [0] FormatEx
L 10/07/2021 - 19:13:57: [SM]   [1] Line 174, ranks_matchmaking.sp::GetRanksNames
L 10/07/2021 - 19:13:57: [SM]   [2] Line 169, ranks_matchmaking.sp::OnMapStart
L 10/07/2021 - 19:16:02: [SM] Exception reported: Language phrase "InstaDefuseSuccessful" not found (arg 5)
L 10/07/2021 - 19:16:02: [SM] Blaming: retakes-instadefuse.smx
L 10/07/2021 - 19:16:02: [SM] Call stack trace:
L 10/07/2021 - 19:16:02: [SM]   [0] PrintToChat
L 10/07/2021 - 19:16:02: [SM]   [1] Line 197, plugin.sp::AttemptInstantDefuse
L 10/07/2021 - 19:16:02: [SM]   [2] Line 104, plugin.sp::Event_BombBeginDefusePlusFrame
L 10/07/2021 - 19:16:46: [SM] Exception reported: Language phrase "InstaDefuseSuccessful" not found (arg 5)
L 10/07/2021 - 19:16:46: [SM] Blaming: retakes-instadefuse.smx
L 10/07/2021 - 19:16:46: [SM] Call stack trace:
L 10/07/2021 - 19:16:46: [SM]   [0] PrintToChat
L 10/07/2021 - 19:16:46: [SM]   [1] Line 197, plugin.sp::AttemptInstantDefuse
L 10/07/2021 - 19:16:46: [SM]   [2] Line 104, plugin.sp::Event_BombBeginDefusePlusFrame
L 10/07/2021 - 19:17:05: [SM] Exception reported: Language phrase "InstaDefuseSuccessful" not found (arg 5)
L 10/07/2021 - 19:17:05: [SM] Blaming: retakes-instadefuse.smx
L 10/07/2021 - 19:17:05: [SM] Call stack trace:
L 10/07/2021 - 19:17:05: [SM]   [0] PrintToChat
L 10/07/2021 - 19:17:05: [SM]   [1] Line 197, plugin.sp::AttemptInstantDefuse
L 10/07/2021 - 19:17:05: [SM]   [2] Line 104, plugin.sp::Event_BombBeginDefusePlusFrame
L 10/07/2021 - 19:18:17: [SM] Exception reported: Language phrase "InstaDefuseSuccessful" not found (arg 5)
L 10/07/2021 - 19:18:17: [SM] Blaming: retakes-instadefuse.smx
L 10/07/2021 - 19:18:17: [SM] Call stack trace:
L 10/07/2021 - 19:18:17: [SM]   [0] PrintToChat
L 10/07/2021 - 19:18:17: [SM]   [1] Line 197, plugin.sp::AttemptInstantDefuse
L 10/07/2021 - 19:18:17: [SM]   [2] Line 104, plugin.sp::Event_BombBeginDefusePlusFrame
L 10/07/2021 - 19:19:09: [SM] Exception reported: Language phrase "InstaDefuseSuccessful" not found (arg 5)
L 10/07/2021 - 19:19:09: [SM] Blaming: retakes-instadefuse.smx
L 10/07/2021 - 19:19:09: [SM] Call stack trace:
L 10/07/2021 - 19:19:09: [SM]   [0] PrintToChat
L 10/07/2021 - 19:19:09: [SM]   [1] Line 197, plugin.sp::AttemptInstantDefuse
L 10/07/2021 - 19:19:09: [SM]   [2] Line 104, plugin.sp::Event_BombBeginDefusePlusFrame
L 10/07/2021 - 19:19:37: [SM] Exception reported: Language phrase "InstaDefuseSuccessful" not found (arg 5)
L 10/07/2021 - 19:19:37: [SM] Blaming: retakes-instadefuse.smx
L 10/07/2021 - 19:19:37: [SM] Call stack trace:
L 10/07/2021 - 19:19:37: [SM]   [0] PrintToChat
L 10/07/2021 - 19:19:37: [SM]   [1] Line 197, plugin.sp::AttemptInstantDefuse
L 10/07/2021 - 19:19:37: [SM]   [2] Line 104, plugin.sp::Event_BombBeginDefusePlusFrame
L 10/07/2021 - 19:20:29: [SM] Exception reported: Language phrase "InstaDefuseSuccessful" not found (arg 5)
L 10/07/2021 - 19:20:29: [SM] Blaming: retakes-instadefuse.smx
L 10/07/2021 - 19:20:29: [SM] Call stack trace:
L 10/07/2021 - 19:20:29: [SM]   [0] PrintToChat
L 10/07/2021 - 19:20:29: [SM]   [1] Line 197, plugin.sp::AttemptInstantDefuse
L 10/07/2021 - 19:20:29: [SM]   [2] Line 104, plugin.sp::Event_BombBeginDefusePlusFrame
L 10/07/2021 - 19:20:47: [SM] Exception reported: Language phrase "InstaDefuseSuccessful" not found (arg 5)
L 10/07/2021 - 19:20:47: [SM] Blaming: retakes-instadefuse.smx
L 10/07/2021 - 19:20:47: [SM] Call stack trace:
L 10/07/2021 - 19:20:47: [SM]   [0] PrintToChat
L 10/07/2021 - 19:20:47: [SM]   [1] Line 197, plugin.sp::AttemptInstantDefuse
L 10/07/2021 - 19:20:47: [SM]   [2] Line 104, plugin.sp::Event_BombBeginDefusePlusFrame
L 10/07/2021 - 19:22:06: [SM] Exception reported: Language phrase "InstaDefuseUnsuccessful" not found (arg 5)
L 10/07/2021 - 19:22:07: [SM] Blaming: retakes-instadefuse.smx
L 10/07/2021 - 19:22:07: [SM] Call stack trace:
L 10/07/2021 - 19:22:07: [SM]   [0] PrintToChat
L 10/07/2021 - 19:22:07: [SM]   [1] Line 143, plugin.sp::AttemptInstantDefuse
L 10/07/2021 - 19:22:07: [SM]   [2] Line 104, plugin.sp::Event_BombBeginDefusePlusFrame
L 10/07/2021 - 19:22:07: [SM] Exception reported: Language phrase "InstaDefuseUnsuccessful" not found (arg 5)
L 10/07/2021 - 19:22:07: [SM] Blaming: retakes-instadefuse.smx
L 10/07/2021 - 19:22:07: [SM] Call stack trace:
L 10/07/2021 - 19:22:07: [SM]   [0] PrintToChat
L 10/07/2021 - 19:22:07: [SM]   [1] Line 143, plugin.sp::AttemptInstantDefuse
L 10/07/2021 - 19:22:07: [SM]   [2] Line 104, plugin.sp::Event_BombBeginDefusePlusFrame
L 10/07/2021 - 19:22:07: [SM] Exception reported: Language phrase "InstaDefuseUnsuccessful" not found (arg 5)
L 10/07/2021 - 19:22:07: [SM] Blaming: retakes-instadefuse.smx
L 10/07/2021 - 19:22:07: [SM] Call stack trace:
L 10/07/2021 - 19:22:07: [SM]   [0] PrintToChat
L 10/07/2021 - 19:22:07: [SM]   [1] Line 143, plugin.sp::AttemptInstantDefuse
L 10/07/2021 - 19:22:07: [SM]   [2] Line 104, plugin.sp::Event_BombBeginDefusePlusFrame
L 10/07/2021 - 19:22:20: [SM] Exception reported: Language phrase "InstaDefuseSuccessful" not found (arg 5)
L 10/07/2021 - 19:22:20: [SM] Blaming: retakes-instadefuse.smx
L 10/07/2021 - 19:22:20: [SM] Call stack trace:
L 10/07/2021 - 19:22:20: [SM]   [0] PrintToChat
L 10/07/2021 - 19:22:20: [SM]   [1] Line 197, plugin.sp::AttemptInstantDefuse
L 10/07/2021 - 19:22:20: [SM]   [2] Line 104, plugin.sp::Event_BombBeginDefusePlusFrame
L 10/07/2021 - 19:22:44: [SM] Exception reported: Language phrase "InstaDefuseSuccessful" not found (arg 5)
L 10/07/2021 - 19:22:44: [SM] Blaming: retakes-instadefuse.smx
L 10/07/2021 - 19:22:44: [SM] Call stack trace:
L 10/07/2021 - 19:22:44: [SM]   [0] PrintToChat
L 10/07/2021 - 19:22:44: [SM]   [1] Line 197, plugin.sp::AttemptInstantDefuse
L 10/07/2021 - 19:22:44: [SM]   [2] Line 104, plugin.sp::Event_BombBeginDefusePlusFrame
L 10/07/2021 - 19:23:01: [SM] Exception reported: Language phrase "InstaDefuseSuccessful" not found (arg 5)
L 10/07/2021 - 19:23:01: [SM] Blaming: retakes-instadefuse.smx
L 10/07/2021 - 19:23:01: [SM] Call stack trace:
L 10/07/2021 - 19:23:01: [SM]   [0] PrintToChat
L 10/07/2021 - 19:23:01: [SM]   [1] Line 197, plugin.sp::AttemptInstantDefuse
L 10/07/2021 - 19:23:01: [SM]   [2] Line 104, plugin.sp::Event_BombBeginDefusePlusFrame
L 10/07/2021 - 19:23:30: [SM] Exception reported: Language phrase "InstaDefuseSuccessful" not found (arg 5)
L 10/07/2021 - 19:23:30: [SM] Blaming: retakes-instadefuse.smx
L 10/07/2021 - 19:23:30: [SM] Call stack trace:
L 10/07/2021 - 19:23:30: [SM]   [0] PrintToChat
L 10/07/2021 - 19:23:30: [SM]   [1] Line 197, plugin.sp::AttemptInstantDefuse
L 10/07/2021 - 19:23:30: [SM]   [2] Line 104, plugin.sp::Event_BombBeginDefusePlusFrame
L 10/07/2021 - 19:23:51: [SM] Exception reported: Language phrase "InstaDefuseSuccessful" not found (arg 5)
L 10/07/2021 - 19:23:51: [SM] Blaming: retakes-instadefuse.smx
L 10/07/2021 - 19:23:51: [SM] Call stack trace:
L 10/07/2021 - 19:23:51: [SM]   [0] PrintToChat
L 10/07/2021 - 19:23:51: [SM]   [1] Line 197, plugin.sp::AttemptInstantDefuse
L 10/07/2021 - 19:23:51: [SM]   [2] Line 104, plugin.sp::Event_BombBeginDefusePlusFrame
L 10/07/2021 - 19:24:16: [SM] Exception reported: Language phrase "InstaDefuseSuccessful" not found (arg 5)
L 10/07/2021 - 19:24:16: [SM] Blaming: retakes-instadefuse.smx
L 10/07/2021 - 19:24:16: [SM] Call stack trace:
L 10/07/2021 - 19:24:16: [SM]   [0] PrintToChat
L 10/07/2021 - 19:24:16: [SM]   [1] Line 197, plugin.sp::AttemptInstantDefuse
L 10/07/2021 - 19:24:16: [SM]   [2] Line 104, plugin.sp::Event_BombBeginDefusePlusFrame
L 10/07/2021 - 19:25:19: [SM] Exception reported: Language phrase "InstaDefuseSuccessful" not found (arg 5)
L 10/07/2021 - 19:25:19: [SM] Blaming: retakes-instadefuse.smx
L 10/07/2021 - 19:25:19: [SM] Call stack trace:
L 10/07/2021 - 19:25:19: [SM]   [0] PrintToChat
L 10/07/2021 - 19:25:19: [SM]   [1] Line 197, plugin.sp::AttemptInstantDefuse
L 10/07/2021 - 19:25:19: [SM]   [2] Line 104, plugin.sp::Event_BombBeginDefusePlusFrame
L 10/07/2021 - 19:26:26: [SM] Exception reported: Language phrase "InstaDefuseSuccessful" not found (arg 5)
L 10/07/2021 - 19:26:26: [SM] Blaming: retakes-instadefuse.smx
L 10/07/2021 - 19:26:26: [SM] Call stack trace:
L 10/07/2021 - 19:26:26: [SM]   [0] PrintToChat
L 10/07/2021 - 19:26:26: [SM]   [1] Line 197, plugin.sp::AttemptInstantDefuse
L 10/07/2021 - 19:26:26: [SM]   [2] Line 104, plugin.sp::Event_BombBeginDefusePlusFrame
L 10/07/2021 - 19:26:40: [SM] Exception reported: Language phrase "InstaDefuseSuccessful" not found (arg 5)
L 10/07/2021 - 19:26:40: [SM] Blaming: retakes-instadefuse.smx
L 10/07/2021 - 19:26:40: [SM] Call stack trace:
L 10/07/2021 - 19:26:40: [SM]   [0] PrintToChat
L 10/07/2021 - 19:26:40: [SM]   [1] Line 197, plugin.sp::AttemptInstantDefuse
L 10/07/2021 - 19:26:40: [SM]   [2] Line 104, plugin.sp::Event_BombBeginDefusePlusFrame
L 10/07/2021 - 19:26:57: [SM] Exception reported: Language phrase "InstaDefuseSuccessful" not found (arg 5)
L 10/07/2021 - 19:26:57: [SM] Blaming: retakes-instadefuse.smx
L 10/07/2021 - 19:26:57: [SM] Call stack trace:
L 10/07/2021 - 19:26:57: [SM]   [0] PrintToChat
L 10/07/2021 - 19:26:57: [SM]   [1] Line 197, plugin.sp::AttemptInstantDefuse
L 10/07/2021 - 19:26:57: [SM]   [2] Line 104, plugin.sp::Event_BombBeginDefusePlusFrame
L 10/07/2021 - 19:27:30: [SM] Exception reported: Language phrase "InstaDefuseSuccessful" not found (arg 5)
L 10/07/2021 - 19:27:30: [SM] Blaming: retakes-instadefuse.smx
L 10/07/2021 - 19:27:30: [SM] Call stack trace:
L 10/07/2021 - 19:27:30: [SM]   [0] PrintToChat
L 10/07/2021 - 19:27:30: [SM]   [1] Line 197, plugin.sp::AttemptInstantDefuse
L 10/07/2021 - 19:27:30: [SM]   [2] Line 104, plugin.sp::Event_BombBeginDefusePlusFrame
L 10/07/2021 - 19:27:50: [SM] Exception reported: Language phrase "InstaDefuseSuccessful" not found (arg 5)
L 10/07/2021 - 19:27:50: [SM] Blaming: retakes-instadefuse.smx
L 10/07/2021 - 19:27:50: [SM] Call stack trace:
L 10/07/2021 - 19:27:50: [SM]   [0] PrintToChat
L 10/07/2021 - 19:27:50: [SM]   [1] Line 197, plugin.sp::AttemptInstantDefuse
L 10/07/2021 - 19:27:50: [SM]   [2] Line 104, plugin.sp::Event_BombBeginDefusePlusFrame
L 10/07/2021 - 19:28:10: [SM] Exception reported: Language phrase "InstaDefuseSuccessful" not found (arg 5)
L 10/07/2021 - 19:28:10: [SM] Blaming: retakes-instadefuse.smx
L 10/07/2021 - 19:28:10: [SM] Call stack trace:
L 10/07/2021 - 19:28:10: [SM]   [0] PrintToChat
L 10/07/2021 - 19:28:10: [SM]   [1] Line 197, plugin.sp::AttemptInstantDefuse
L 10/07/2021 - 19:28:10: [SM]   [2] Line 104, plugin.sp::Event_BombBeginDefusePlusFrame
L 10/07/2021 - 19:28:41: [SM] Exception reported: Language phrase "InstaDefuseSuccessful" not found (arg 5)
L 10/07/2021 - 19:28:41: [SM] Blaming: retakes-instadefuse.smx
L 10/07/2021 - 19:28:41: [SM] Call stack trace:
L 10/07/2021 - 19:28:41: [SM]   [0] PrintToChat
L 10/07/2021 - 19:28:41: [SM]   [1] Line 197, plugin.sp::AttemptInstantDefuse
L 10/07/2021 - 19:28:41: [SM]   [2] Line 104, plugin.sp::Event_BombBeginDefusePlusFrame
L 10/07/2021 - 19:28:57: [SM] Exception reported: Language phrase "InstaDefuseSuccessful" not found (arg 5)
L 10/07/2021 - 19:28:57: [SM] Blaming: retakes-instadefuse.smx
L 10/07/2021 - 19:28:57: [SM] Call stack trace:
L 10/07/2021 - 19:28:57: [SM]   [0] PrintToChat
L 10/07/2021 - 19:28:57: [SM]   [1] Line 197, plugin.sp::AttemptInstantDefuse
L 10/07/2021 - 19:28:57: [SM]   [2] Line 104, plugin.sp::Event_BombBeginDefusePlusFrame
L 10/07/2021 - 19:29:11: [SM] Exception reported: Language phrase "InstaDefuseSuccessful" not found (arg 5)
L 10/07/2021 - 19:29:11: [SM] Blaming: retakes-instadefuse.smx
L 10/07/2021 - 19:29:11: [SM] Call stack trace:
L 10/07/2021 - 19:29:12: [SM]   [0] PrintToChat
L 10/07/2021 - 19:29:12: [SM]   [1] Line 197, plugin.sp::AttemptInstantDefuse
L 10/07/2021 - 19:29:12: [SM]   [2] Line 104, plugin.sp::Event_BombBeginDefusePlusFrame
L 10/07/2021 - 19:29:27: [SM] Exception reported: Language phrase "InstaDefuseSuccessful" not found (arg 5)
L 10/07/2021 - 19:29:27: [SM] Blaming: retakes-instadefuse.smx
L 10/07/2021 - 19:29:27: [SM] Call stack trace:
L 10/07/2021 - 19:29:27: [SM]   [0] PrintToChat
L 10/07/2021 - 19:29:27: [SM]   [1] Line 197, plugin.sp::AttemptInstantDefuse
L 10/07/2021 - 19:29:27: [SM]   [2] Line 104, plugin.sp::Event_BombBeginDefusePlusFrame
L 10/07/2021 - 19:29:56: [SM] Exception reported: Language phrase "InstaDefuseSuccessful" not found (arg 5)
L 10/07/2021 - 19:29:56: [SM] Blaming: retakes-instadefuse.smx
L 10/07/2021 - 19:29:56: [SM] Call stack trace:
L 10/07/2021 - 19:29:56: [SM]   [0] PrintToChat
L 10/07/2021 - 19:29:56: [SM]   [1] Line 197, plugin.sp::AttemptInstantDefuse
L 10/07/2021 - 19:29:56: [SM]   [2] Line 104, plugin.sp::Event_BombBeginDefusePlusFrame
L 10/07/2021 - 19:30:14: [SM] Exception reported: Language phrase "InstaDefuseSuccessful" not found (arg 5)
L 10/07/2021 - 19:30:14: [SM] Blaming: retakes-instadefuse.smx
L 10/07/2021 - 19:30:14: [SM] Call stack trace:
L 10/07/2021 - 19:30:14: [SM]   [0] PrintToChat
L 10/07/2021 - 19:30:14: [SM]   [1] Line 197, plugin.sp::AttemptInstantDefuse
L 10/07/2021 - 19:30:14: [SM]   [2] Line 104, plugin.sp::Event_BombBeginDefusePlusFrame
L 10/07/2021 - 19:30:44: [SM] Exception reported: Language phrase "InstaDefuseSuccessful" not found (arg 5)
L 10/07/2021 - 19:30:44: [SM] Blaming: retakes-instadefuse.smx
L 10/07/2021 - 19:30:44: [SM] Call stack trace:
L 10/07/2021 - 19:30:44: [SM]   [0] PrintToChat
L 10/07/2021 - 19:30:44: [SM]   [1] Line 197, plugin.sp::AttemptInstantDefuse
L 10/07/2021 - 19:30:44: [SM]   [2] Line 104, plugin.sp::Event_BombBeginDefusePlusFrame
L 10/07/2021 - 19:31:03: [SM] Exception reported: Language phrase "InstaDefuseSuccessful" not found (arg 5)
L 10/07/2021 - 19:31:03: [SM] Blaming: retakes-instadefuse.smx
L 10/07/2021 - 19:31:03: [SM] Call stack trace:
L 10/07/2021 - 19:31:03: [SM]   [0] PrintToChat
L 10/07/2021 - 19:31:03: [SM]   [1] Line 197, plugin.sp::AttemptInstantDefuse
L 10/07/2021 - 19:31:03: [SM]   [2] Line 104, plugin.sp::Event_BombBeginDefusePlusFrame
L 10/07/2021 - 19:32:16: [SM] Exception reported: Language phrase "InstaDefuseSuccessful" not found (arg 5)
L 10/07/2021 - 19:32:16: [SM] Blaming: retakes-instadefuse.smx
L 10/07/2021 - 19:32:16: [SM] Call stack trace:
L 10/07/2021 - 19:32:16: [SM]   [0] PrintToChat
L 10/07/2021 - 19:32:16: [SM]   [1] Line 197, plugin.sp::AttemptInstantDefuse
L 10/07/2021 - 19:32:16: [SM]   [2] Line 104, plugin.sp::Event_BombBeginDefusePlusFrame
L 10/07/2021 - 19:33:05: [SM] Exception reported: Language phrase "InstaDefuseSuccessful" not found (arg 5)
L 10/07/2021 - 19:33:05: [SM] Blaming: retakes-instadefuse.smx
L 10/07/2021 - 19:33:05: [SM] Call stack trace:
L 10/07/2021 - 19:33:05: [SM]   [0] PrintToChat
L 10/07/2021 - 19:33:05: [SM]   [1] Line 197, plugin.sp::AttemptInstantDefuse
L 10/07/2021 - 19:33:05: [SM]   [2] Line 104, plugin.sp::Event_BombBeginDefusePlusFrame
L 10/07/2021 - 19:33:28: [SM] Exception reported: Language phrase "InstaDefuseSuccessful" not found (arg 5)
L 10/07/2021 - 19:33:28: [SM] Blaming: retakes-instadefuse.smx
L 10/07/2021 - 19:33:28: [SM] Call stack trace:
L 10/07/2021 - 19:33:28: [SM]   [0] PrintToChat
L 10/07/2021 - 19:33:28: [SM]   [1] Line 197, plugin.sp::AttemptInstantDefuse
L 10/07/2021 - 19:33:28: [SM]   [2] Line 104, plugin.sp::Event_BombBeginDefusePlusFrame
L 10/07/2021 - 19:33:45: [SM] Exception reported: Language phrase "InstaDefuseSuccessful" not found (arg 5)
L 10/07/2021 - 19:33:45: [SM] Blaming: retakes-instadefuse.smx
L 10/07/2021 - 19:33:45: [SM] Call stack trace:
L 10/07/2021 - 19:33:45: [SM]   [0] PrintToChat
L 10/07/2021 - 19:33:45: [SM]   [1] Line 197, plugin.sp::AttemptInstantDefuse
L 10/07/2021 - 19:33:45: [SM]   [2] Line 104, plugin.sp::Event_BombBeginDefusePlusFrame
L 10/07/2021 - 19:34:13: [SM] Exception reported: Language phrase "InstaDefuseSuccessful" not found (arg 5)
L 10/07/2021 - 19:34:13: [SM] Blaming: retakes-instadefuse.smx
L 10/07/2021 - 19:34:13: [SM] Call stack trace:
L 10/07/2021 - 19:34:13: [SM]   [0] PrintToChat
L 10/07/2021 - 19:34:13: [SM]   [1] Line 197, plugin.sp::AttemptInstantDefuse
L 10/07/2021 - 19:34:13: [SM]   [2] Line 104, plugin.sp::Event_BombBeginDefusePlusFrame
L 10/07/2021 - 19:34:27: [SM] Exception reported: Language phrase "InstaDefuseSuccessful" not found (arg 5)
L 10/07/2021 - 19:34:27: [SM] Blaming: retakes-instadefuse.smx
L 10/07/2021 - 19:34:27: [SM] Call stack trace:
L 10/07/2021 - 19:34:27: [SM]   [0] PrintToChat
L 10/07/2021 - 19:34:27: [SM]   [1] Line 197, plugin.sp::AttemptInstantDefuse
L 10/07/2021 - 19:34:27: [SM]   [2] Line 104, plugin.sp::Event_BombBeginDefusePlusFrame
L 10/07/2021 - 19:35:19: [SM] Exception reported: Language phrase "InstaDefuseSuccessful" not found (arg 5)
L 10/07/2021 - 19:35:19: [SM] Blaming: retakes-instadefuse.smx
L 10/07/2021 - 19:35:19: [SM] Call stack trace:
L 10/07/2021 - 19:35:19: [SM]   [0] PrintToChat
L 10/07/2021 - 19:35:19: [SM]   [1] Line 197, plugin.sp::AttemptInstantDefuse
L 10/07/2021 - 19:35:19: [SM]   [2] Line 104, plugin.sp::Event_BombBeginDefusePlusFrame
L 10/07/2021 - 19:35:36: [SM] Exception reported: Language phrase "InstaDefuseSuccessful" not found (arg 5)
L 10/07/2021 - 19:35:36: [SM] Blaming: retakes-instadefuse.smx
L 10/07/2021 - 19:35:36: [SM] Call stack trace:
L 10/07/2021 - 19:35:36: [SM]   [0] PrintToChat
L 10/07/2021 - 19:35:36: [SM]   [1] Line 197, plugin.sp::AttemptInstantDefuse
L 10/07/2021 - 19:35:37: [SM]   [2] Line 104, plugin.sp::Event_BombBeginDefusePlusFrame
L 10/07/2021 - 19:36:49: [SM] Exception reported: Language phrase "InstaDefuseSuccessful" not found (arg 5)
L 10/07/2021 - 19:36:49: [SM] Blaming: retakes-instadefuse.smx
L 10/07/2021 - 19:36:49: [SM] Call stack trace:
L 10/07/2021 - 19:36:49: [SM]   [0] PrintToChat
L 10/07/2021 - 19:36:49: [SM]   [1] Line 197, plugin.sp::AttemptInstantDefuse
L 10/07/2021 - 19:36:49: [SM]   [2] Line 104, plugin.sp::Event_BombBeginDefusePlusFrame
L 10/07/2021 - 19:37:15: [SM] Exception reported: Language phrase "InstaDefuseSuccessful" not found (arg 5)
L 10/07/2021 - 19:37:15: [SM] Blaming: retakes-instadefuse.smx
L 10/07/2021 - 19:37:15: [SM] Call stack trace:
L 10/07/2021 - 19:37:15: [SM]   [0] PrintToChat
L 10/07/2021 - 19:37:15: [SM]   [1] Line 197, plugin.sp::AttemptInstantDefuse
L 10/07/2021 - 19:37:15: [SM]   [2] Line 104, plugin.sp::Event_BombBeginDefusePlusFrame
L 10/07/2021 - 21:54:07: SourceMod error session started
L 10/07/2021 - 21:54:07: Info (map "de_dust2") (file "E:\retake\csgoserver\csgo\addons\sourcemod\logs\errors_20211007.log")
L 10/07/2021 - 21:54:07: [SM] Unable to load extension "PhysHooks.ext": Could not find patch signature for symbol: Physics_RunThinkFunctions
L 10/07/2021 - 21:54:07: [SM] Exception reported: Failed to create SDKCall for CCSBot::IsAtHidingSpot signature!
L 10/07/2021 - 21:54:07: [SM] Blaming: bot_improver.smx
L 10/07/2021 - 21:54:07: [SM] Call stack trace:
L 10/07/2021 - 21:54:07: [SM]   [0] SetFailState
L 10/07/2021 - 21:54:07: [SM]   [1] Line 116, plugin.sp::OnPluginStart
L 10/07/2021 - 21:54:07: [SM] Unable to load plugin "bot_improver.smx": Error detected in plugin startup (see error logs)
L 10/07/2021 - 21:54:07: [SM] Unable to load plugin "bot_inventory.smx": Native "eItems_AreItemsSynced" was not found
L 10/07/2021 - 21:54:07: [SM] Unable to load plugin "bot_stuff.smx": Could not find required plugin "navmesh"
L 10/07/2021 - 21:54:08: [SM] Unable to load plugin "LagCompensation.smx": Required extension "PhysHooks" file("PhysHooks.ext") not running
L 10/07/2021 - 21:54:08: [SM] Fatal error encountered parsing translation file "ranks_matchmaking.phrases.txt"
L 10/07/2021 - 21:54:08: [SM] Error (line 0, column 0): Stream failed to open
L 10/07/2021 - 21:54:08: [SM] Fatal error encountered parsing translation file "instadefuse.phrases.txt"
L 10/07/2021 - 21:54:08: [SM] Error (line 0, column 0): Stream failed to open
L 10/07/2021 - 21:54:22: [SM] Exception reported: Language phrase "Unranked" not found (arg 5)
L 10/07/2021 - 21:54:23: [SM] Blaming: ranks_matchmaking.smx
L 10/07/2021 - 21:54:23: [SM] Call stack trace:
L 10/07/2021 - 21:54:23: [SM]   [0] FormatEx
L 10/07/2021 - 21:54:23: [SM]   [1] Line 174, ranks_matchmaking.sp::GetRanksNames
L 10/07/2021 - 21:54:23: [SM]   [2] Line 169, ranks_matchmaking.sp::OnMapStart
L 10/07/2021 - 21:59:31: Error log file session closed.
L 10/07/2021 - 21:59:31: SourceMod error session started
L 10/07/2021 - 21:59:31: Info (map "de_mirage") (file "E:\retake\csgoserver\csgo\addons\sourcemod\logs\errors_20211007.log")
L 10/07/2021 - 21:59:31: [SM] Fatal error encountered parsing translation file "ranks_matchmaking.phrases.txt"
L 10/07/2021 - 21:59:31: [SM] Error (line 0, column 0): Stream failed to open
L 10/07/2021 - 21:59:31: [SM] Fatal error encountered parsing translation file "instadefuse.phrases.txt"
L 10/07/2021 - 21:59:31: [SM] Error (line 0, column 0): Stream failed to open
L 10/07/2021 - 21:59:33: [SM] Exception reported: Language phrase "Unranked" not found (arg 5)
L 10/07/2021 - 21:59:33: [SM] Blaming: ranks_matchmaking.smx
L 10/07/2021 - 21:59:33: [SM] Call stack trace:
L 10/07/2021 - 21:59:33: [SM]   [0] FormatEx
L 10/07/2021 - 21:59:33: [SM]   [1] Line 174, ranks_matchmaking.sp::GetRanksNames
L 10/07/2021 - 21:59:33: [SM]   [2] Line 169, ranks_matchmaking.sp::OnMapStart
L 10/07/2021 - 22:00:32: Error log file session closed.
L 10/07/2021 - 22:00:33: SourceMod error session started
L 10/07/2021 - 22:00:33: Info (map "de_mirage") (file "E:\retake\csgoserver\csgo\addons\sourcemod\logs\errors_20211007.log")
L 10/07/2021 - 22:00:33: [SM] Fatal error encountered parsing translation file "ranks_matchmaking.phrases.txt"
L 10/07/2021 - 22:00:33: [SM] Error (line 0, column 0): Stream failed to open
L 10/07/2021 - 22:00:33: [SM] Fatal error encountered parsing translation file "instadefuse.phrases.txt"
L 10/07/2021 - 22:00:33: [SM] Error (line 0, column 0): Stream failed to open
L 10/07/2021 - 22:00:34: [SM] Exception reported: Language phrase "Unranked" not found (arg 5)
L 10/07/2021 - 22:00:34: [SM] Blaming: ranks_matchmaking.smx
L 10/07/2021 - 22:00:34: [SM] Call stack trace:
L 10/07/2021 - 22:00:34: [SM]   [0] FormatEx
L 10/07/2021 - 22:00:34: [SM]   [1] Line 174, ranks_matchmaking.sp::GetRanksNames
L 10/07/2021 - 22:00:34: [SM]   [2] Line 169, ranks_matchmaking.sp::OnMapStart
L 10/07/2021 - 22:01:56: [SM] Exception reported: Language phrase "InstaDefuseSuccessful" not found (arg 5)
L 10/07/2021 - 22:01:56: [SM] Blaming: retakes-instadefuse.smx
L 10/07/2021 - 22:01:56: [SM] Call stack trace:
L 10/07/2021 - 22:01:56: [SM]   [0] PrintToChat
L 10/07/2021 - 22:01:56: [SM]   [1] Line 197, plugin.sp::AttemptInstantDefuse
L 10/07/2021 - 22:01:56: [SM]   [2] Line 104, plugin.sp::Event_BombBeginDefusePlusFrame
L 10/07/2021 - 22:03:00: [SM] Exception reported: Language phrase "InstaDefuseSuccessful" not found (arg 5)
L 10/07/2021 - 22:03:00: [SM] Blaming: retakes-instadefuse.smx
L 10/07/2021 - 22:03:00: [SM] Call stack trace:
L 10/07/2021 - 22:03:00: [SM]   [0] PrintToChat
L 10/07/2021 - 22:03:00: [SM]   [1] Line 197, plugin.sp::AttemptInstantDefuse
L 10/07/2021 - 22:03:00: [SM]   [2] Line 104, plugin.sp::Event_BombBeginDefusePlusFrame
L 10/07/2021 - 22:03:25: [SM] Exception reported: Language phrase "InstaDefuseSuccessful" not found (arg 5)
L 10/07/2021 - 22:03:25: [SM] Blaming: retakes-instadefuse.smx
L 10/07/2021 - 22:03:25: [SM] Call stack trace:
L 10/07/2021 - 22:03:25: [SM]   [0] PrintToChat
L 10/07/2021 - 22:03:25: [SM]   [1] Line 197, plugin.sp::AttemptInstantDefuse
L 10/07/2021 - 22:03:25: [SM]   [2] Line 104, plugin.sp::Event_BombBeginDefusePlusFrame
L 10/07/2021 - 22:04:41: [SM] Exception reported: Language phrase "InstaDefuseSuccessful" not found (arg 5)
L 10/07/2021 - 22:04:41: [SM] Blaming: retakes-instadefuse.smx
L 10/07/2021 - 22:04:41: [SM] Call stack trace:
L 10/07/2021 - 22:04:41: [SM]   [0] PrintToChat
L 10/07/2021 - 22:04:41: [SM]   [1] Line 197, plugin.sp::AttemptInstantDefuse
L 10/07/2021 - 22:04:41: [SM]   [2] Line 104, plugin.sp::Event_BombBeginDefusePlusFrame
L 10/07/2021 - 22:05:21: [SM] Exception reported: Language phrase "InstaDefuseSuccessful" not found (arg 5)
L 10/07/2021 - 22:05:21: [SM] Blaming: retakes-instadefuse.smx
L 10/07/2021 - 22:05:21: [SM] Call stack trace:
L 10/07/2021 - 22:05:21: [SM]   [0] PrintToChat
L 10/07/2021 - 22:05:21: [SM]   [1] Line 197, plugin.sp::AttemptInstantDefuse
L 10/07/2021 - 22:05:21: [SM]   [2] Line 104, plugin.sp::Event_BombBeginDefusePlusFrame
L 10/07/2021 - 22:06:17: [SM] Exception reported: Language phrase "InstaDefuseSuccessful" not found (arg 5)
L 10/07/2021 - 22:06:17: [SM] Blaming: retakes-instadefuse.smx
L 10/07/2021 - 22:06:17: [SM] Call stack trace:
L 10/07/2021 - 22:06:17: [SM]   [0] PrintToChat
L 10/07/2021 - 22:06:17: [SM]   [1] Line 197, plugin.sp::AttemptInstantDefuse
L 10/07/2021 - 22:06:17: [SM]   [2] Line 104, plugin.sp::Event_BombBeginDefusePlusFrame
L 10/07/2021 - 22:06:40: [SM] Exception reported: Language phrase "InstaDefuseSuccessful" not found (arg 5)
L 10/07/2021 - 22:06:40: [SM] Blaming: retakes-instadefuse.smx
L 10/07/2021 - 22:06:40: [SM] Call stack trace:
L 10/07/2021 - 22:06:40: [SM]   [0] PrintToChat
L 10/07/2021 - 22:06:40: [SM]   [1] Line 197, plugin.sp::AttemptInstantDefuse
L 10/07/2021 - 22:06:40: [SM]   [2] Line 104, plugin.sp::Event_BombBeginDefusePlusFrame
L 10/07/2021 - 22:07:10: [SM] Exception reported: Language phrase "InstaDefuseSuccessful" not found (arg 5)
L 10/07/2021 - 22:07:10: [SM] Blaming: retakes-instadefuse.smx
L 10/07/2021 - 22:07:10: [SM] Call stack trace:
L 10/07/2021 - 22:07:10: [SM]   [0] PrintToChat
L 10/07/2021 - 22:07:10: [SM]   [1] Line 197, plugin.sp::AttemptInstantDefuse
L 10/07/2021 - 22:07:10: [SM]   [2] Line 104, plugin.sp::Event_BombBeginDefusePlusFrame
L 10/07/2021 - 22:07:27: [SM] Exception reported: Language phrase "InstaDefuseSuccessful" not found (arg 5)
L 10/07/2021 - 22:07:27: [SM] Blaming: retakes-instadefuse.smx
L 10/07/2021 - 22:07:27: [SM] Call stack trace:
L 10/07/2021 - 22:07:27: [SM]   [0] PrintToChat
L 10/07/2021 - 22:07:27: [SM]   [1] Line 197, plugin.sp::AttemptInstantDefuse
L 10/07/2021 - 22:07:27: [SM]   [2] Line 104, plugin.sp::Event_BombBeginDefusePlusFrame
L 10/07/2021 - 22:07:45: [SM] Exception reported: Language phrase "InstaDefuseSuccessful" not found (arg 5)
L 10/07/2021 - 22:07:45: [SM] Blaming: retakes-instadefuse.smx
L 10/07/2021 - 22:07:45: [SM] Call stack trace:
L 10/07/2021 - 22:07:45: [SM]   [0] PrintToChat
L 10/07/2021 - 22:07:45: [SM]   [1] Line 197, plugin.sp::AttemptInstantDefuse
L 10/07/2021 - 22:07:45: [SM]   [2] Line 104, plugin.sp::Event_BombBeginDefusePlusFrame
L 10/07/2021 - 22:08:00: [SM] Exception reported: Language phrase "InstaDefuseSuccessful" not found (arg 5)
L 10/07/2021 - 22:08:00: [SM] Blaming: retakes-instadefuse.smx
L 10/07/2021 - 22:08:00: [SM] Call stack trace:
L 10/07/2021 - 22:08:00: [SM]   [0] PrintToChat
L 10/07/2021 - 22:08:00: [SM]   [1] Line 197, plugin.sp::AttemptInstantDefuse
L 10/07/2021 - 22:08:00: [SM]   [2] Line 104, plugin.sp::Event_BombBeginDefusePlusFrame
L 10/07/2021 - 22:08:35: [SM] Exception reported: Language phrase "LiveNadeSomewhere" not found (arg 5)
L 10/07/2021 - 22:08:35: [SM] Blaming: retakes-instadefuse.smx
L 10/07/2021 - 22:08:35: [SM] Call stack trace:
L 10/07/2021 - 22:08:35: [SM]   [0] PrintToChat
L 10/07/2021 - 22:08:35: [SM]   [1] Line 168, plugin.sp::AttemptInstantDefuse
L 10/07/2021 - 22:08:35: [SM]   [2] Line 104, plugin.sp::Event_BombBeginDefusePlusFrame
L 10/07/2021 - 22:08:49: [SM] Exception reported: Language phrase "InstaDefuseSuccessful" not found (arg 5)
L 10/07/2021 - 22:08:49: [SM] Blaming: retakes-instadefuse.smx
L 10/07/2021 - 22:08:49: [SM] Call stack trace:
L 10/07/2021 - 22:08:49: [SM]   [0] PrintToChat
L 10/07/2021 - 22:08:49: [SM]   [1] Line 197, plugin.sp::AttemptInstantDefuse
L 10/07/2021 - 22:08:49: [SM]   [2] Line 104, plugin.sp::Event_BombBeginDefusePlusFrame
L 10/07/2021 - 22:09:05: [SM] Exception reported: Language phrase "InstaDefuseSuccessful" not found (arg 5)
L 10/07/2021 - 22:09:05: [SM] Blaming: retakes-instadefuse.smx
L 10/07/2021 - 22:09:05: [SM] Call stack trace:
L 10/07/2021 - 22:09:05: [SM]   [0] PrintToChat
L 10/07/2021 - 22:09:05: [SM]   [1] Line 197, plugin.sp::AttemptInstantDefuse
L 10/07/2021 - 22:09:05: [SM]   [2] Line 104, plugin.sp::Event_BombBeginDefusePlusFrame
L 10/07/2021 - 22:09:19: [SM] Exception reported: Language phrase "InstaDefuseSuccessful" not found (arg 5)
L 10/07/2021 - 22:09:19: [SM] Blaming: retakes-instadefuse.smx
L 10/07/2021 - 22:09:19: [SM] Call stack trace:
L 10/07/2021 - 22:09:19: [SM]   [0] PrintToChat
L 10/07/2021 - 22:09:19: [SM]   [1] Line 197, plugin.sp::AttemptInstantDefuse
L 10/07/2021 - 22:09:19: [SM]   [2] Line 104, plugin.sp::Event_BombBeginDefusePlusFrame
L 10/07/2021 - 22:09:34: [SM] Exception reported: Language phrase "LiveNadeSomewhere" not found (arg 5)
L 10/07/2021 - 22:09:34: [SM] Blaming: retakes-instadefuse.smx
L 10/07/2021 - 22:09:34: [SM] Call stack trace:
L 10/07/2021 - 22:09:34: [SM]   [0] PrintToChat
L 10/07/2021 - 22:09:34: [SM]   [1] Line 168, plugin.sp::AttemptInstantDefuse
L 10/07/2021 - 22:09:34: [SM]   [2] Line 104, plugin.sp::Event_BombBeginDefusePlusFrame
L 10/07/2021 - 22:10:23: [SM] Exception reported: Language phrase "InstaDefuseSuccessful" not found (arg 5)
L 10/07/2021 - 22:10:23: [SM] Blaming: retakes-instadefuse.smx
L 10/07/2021 - 22:10:23: [SM] Call stack trace:
L 10/07/2021 - 22:10:23: [SM]   [0] PrintToChat
L 10/07/2021 - 22:10:23: [SM]   [1] Line 197, plugin.sp::AttemptInstantDefuse
L 10/07/2021 - 22:10:23: [SM]   [2] Line 104, plugin.sp::Event_BombBeginDefusePlusFrame
L 10/07/2021 - 22:11:05: [SM] Exception reported: Language phrase "InstaDefuseSuccessful" not found (arg 5)
L 10/07/2021 - 22:11:05: [SM] Blaming: retakes-instadefuse.smx
L 10/07/2021 - 22:11:05: [SM] Call stack trace:
L 10/07/2021 - 22:11:05: [SM]   [0] PrintToChat
L 10/07/2021 - 22:11:05: [SM]   [1] Line 197, plugin.sp::AttemptInstantDefuse
L 10/07/2021 - 22:11:05: [SM]   [2] Line 104, plugin.sp::Event_BombBeginDefusePlusFrame
L 10/07/2021 - 22:11:42: [SM] Exception reported: Language phrase "InstaDefuseSuccessful" not found (arg 5)
L 10/07/2021 - 22:11:42: [SM] Blaming: retakes-instadefuse.smx
L 10/07/2021 - 22:11:42: [SM] Call stack trace:
L 10/07/2021 - 22:11:42: [SM]   [0] PrintToChat
L 10/07/2021 - 22:11:42: [SM]   [1] Line 197, plugin.sp::AttemptInstantDefuse
L 10/07/2021 - 22:11:42: [SM]   [2] Line 104, plugin.sp::Event_BombBeginDefusePlusFrame
L 10/07/2021 - 22:11:56: [SM] Exception reported: Language phrase "InstaDefuseSuccessful" not found (arg 5)
L 10/07/2021 - 22:11:56: [SM] Blaming: retakes-instadefuse.smx
L 10/07/2021 - 22:11:56: [SM] Call stack trace:
L 10/07/2021 - 22:11:56: [SM]   [0] PrintToChat
L 10/07/2021 - 22:11:56: [SM]   [1] Line 197, plugin.sp::AttemptInstantDefuse
L 10/07/2021 - 22:11:56: [SM]   [2] Line 104, plugin.sp::Event_BombBeginDefusePlusFrame
L 10/07/2021 - 22:12:18: [SM] Exception reported: Language phrase "InstaDefuseSuccessful" not found (arg 5)
L 10/07/2021 - 22:12:18: [SM] Blaming: retakes-instadefuse.smx
L 10/07/2021 - 22:12:18: [SM] Call stack trace:
L 10/07/2021 - 22:12:18: [SM]   [0] PrintToChat
L 10/07/2021 - 22:12:18: [SM]   [1] Line 197, plugin.sp::AttemptInstantDefuse
L 10/07/2021 - 22:12:18: [SM]   [2] Line 104, plugin.sp::Event_BombBeginDefusePlusFrame
L 10/07/2021 - 22:13:42: [SM] Exception reported: Language phrase "InstaDefuseSuccessful" not found (arg 5)
L 10/07/2021 - 22:13:42: [SM] Blaming: retakes-instadefuse.smx
L 10/07/2021 - 22:13:42: [SM] Call stack trace:
L 10/07/2021 - 22:13:42: [SM]   [0] PrintToChat
L 10/07/2021 - 22:13:42: [SM]   [1] Line 197, plugin.sp::AttemptInstantDefuse
L 10/07/2021 - 22:13:42: [SM]   [2] Line 104, plugin.sp::Event_BombBeginDefusePlusFrame
L 10/07/2021 - 22:14:35: [SM] Exception reported: Language phrase "InstaDefuseSuccessful" not found (arg 5)
L 10/07/2021 - 22:14:35: [SM] Blaming: retakes-instadefuse.smx
L 10/07/2021 - 22:14:35: [SM] Call stack trace:
L 10/07/2021 - 22:14:35: [SM]   [0] PrintToChat
L 10/07/2021 - 22:14:35: [SM]   [1] Line 197, plugin.sp::AttemptInstantDefuse
L 10/07/2021 - 22:14:35: [SM]   [2] Line 104, plugin.sp::Event_BombBeginDefusePlusFrame
L 10/07/2021 - 22:14:57: [SM] Exception reported: Language phrase "InstaDefuseSuccessful" not found (arg 5)
L 10/07/2021 - 22:14:57: [SM] Blaming: retakes-instadefuse.smx
L 10/07/2021 - 22:14:57: [SM] Call stack trace:
L 10/07/2021 - 22:14:57: [SM]   [0] PrintToChat
L 10/07/2021 - 22:14:57: [SM]   [1] Line 197, plugin.sp::AttemptInstantDefuse
L 10/07/2021 - 22:14:57: [SM]   [2] Line 104, plugin.sp::Event_BombBeginDefusePlusFrame
L 10/07/2021 - 22:15:47: [SM] Exception reported: Language phrase "InstaDefuseSuccessful" not found (arg 5)
L 10/07/2021 - 22:15:47: [SM] Blaming: retakes-instadefuse.smx
L 10/07/2021 - 22:15:47: [SM] Call stack trace:
L 10/07/2021 - 22:15:47: [SM]   [0] PrintToChat
L 10/07/2021 - 22:15:47: [SM]   [1] Line 197, plugin.sp::AttemptInstantDefuse
L 10/07/2021 - 22:15:47: [SM]   [2] Line 104, plugin.sp::Event_BombBeginDefusePlusFrame
L 10/07/2021 - 22:16:47: [SM] Exception reported: Language phrase "InstaDefuseSuccessful" not found (arg 5)
L 10/07/2021 - 22:16:47: [SM] Blaming: retakes-instadefuse.smx
L 10/07/2021 - 22:16:47: [SM] Call stack trace:
L 10/07/2021 - 22:16:47: [SM]   [0] PrintToChat
L 10/07/2021 - 22:16:47: [SM]   [1] Line 197, plugin.sp::AttemptInstantDefuse
L 10/07/2021 - 22:16:47: [SM]   [2] Line 104, plugin.sp::Event_BombBeginDefusePlusFrame
L 10/07/2021 - 22:17:16: [SM] Exception reported: Language phrase "InstaDefuseSuccessful" not found (arg 5)
L 10/07/2021 - 22:17:16: [SM] Blaming: retakes-instadefuse.smx
L 10/07/2021 - 22:17:16: [SM] Call stack trace:
L 10/07/2021 - 22:17:16: [SM]   [0] PrintToChat
L 10/07/2021 - 22:17:16: [SM]   [1] Line 197, plugin.sp::AttemptInstantDefuse
L 10/07/2021 - 22:17:16: [SM]   [2] Line 104, plugin.sp::Event_BombBeginDefusePlusFrame
L 10/07/2021 - 22:17:50: [SM] Exception reported: Language phrase "InstaDefuseSuccessful" not found (arg 5)
L 10/07/2021 - 22:17:50: [SM] Blaming: retakes-instadefuse.smx
L 10/07/2021 - 22:17:50: [SM] Call stack trace:
L 10/07/2021 - 22:17:50: [SM]   [0] PrintToChat
L 10/07/2021 - 22:17:50: [SM]   [1] Line 197, plugin.sp::AttemptInstantDefuse
L 10/07/2021 - 22:17:50: [SM]   [2] Line 104, plugin.sp::Event_BombBeginDefusePlusFrame
L 10/07/2021 - 22:18:07: [SM] Exception reported: Language phrase "InstaDefuseSuccessful" not found (arg 5)
L 10/07/2021 - 22:18:07: [SM] Blaming: retakes-instadefuse.smx
L 10/07/2021 - 22:18:07: [SM] Call stack trace:
L 10/07/2021 - 22:18:07: [SM]   [0] PrintToChat
L 10/07/2021 - 22:18:07: [SM]   [1] Line 197, plugin.sp::AttemptInstantDefuse
L 10/07/2021 - 22:18:07: [SM]   [2] Line 104, plugin.sp::Event_BombBeginDefusePlusFrame
L 10/07/2021 - 22:18:25: [SM] Exception reported: Language phrase "InstaDefuseSuccessful" not found (arg 5)
L 10/07/2021 - 22:18:25: [SM] Blaming: retakes-instadefuse.smx
L 10/07/2021 - 22:18:25: [SM] Call stack trace:
L 10/07/2021 - 22:18:25: [SM]   [0] PrintToChat
L 10/07/2021 - 22:18:25: [SM]   [1] Line 197, plugin.sp::AttemptInstantDefuse
L 10/07/2021 - 22:18:25: [SM]   [2] Line 104, plugin.sp::Event_BombBeginDefusePlusFrame
L 10/07/2021 - 22:18:44: [SM] Exception reported: Language phrase "InstaDefuseSuccessful" not found (arg 5)
L 10/07/2021 - 22:18:44: [SM] Blaming: retakes-instadefuse.smx
L 10/07/2021 - 22:18:44: [SM] Call stack trace:
L 10/07/2021 - 22:18:44: [SM]   [0] PrintToChat
L 10/07/2021 - 22:18:44: [SM]   [1] Line 197, plugin.sp::AttemptInstantDefuse
L 10/07/2021 - 22:18:44: [SM]   [2] Line 104, plugin.sp::Event_BombBeginDefusePlusFrame
L 10/07/2021 - 22:19:47: [SM] Exception reported: Language phrase "InstaDefuseSuccessful" not found (arg 5)
L 10/07/2021 - 22:19:47: [SM] Blaming: retakes-instadefuse.smx
L 10/07/2021 - 22:19:47: [SM] Call stack trace:
L 10/07/2021 - 22:19:47: [SM]   [0] PrintToChat
L 10/07/2021 - 22:19:47: [SM]   [1] Line 197, plugin.sp::AttemptInstantDefuse
L 10/07/2021 - 22:19:47: [SM]   [2] Line 104, plugin.sp::Event_BombBeginDefusePlusFrame
L 10/07/2021 - 22:20:11: [SM] Exception reported: Language phrase "InstaDefuseSuccessful" not found (arg 5)
L 10/07/2021 - 22:20:11: [SM] Blaming: retakes-instadefuse.smx
L 10/07/2021 - 22:20:11: [SM] Call stack trace:
L 10/07/2021 - 22:20:11: [SM]   [0] PrintToChat
L 10/07/2021 - 22:20:11: [SM]   [1] Line 197, plugin.sp::AttemptInstantDefuse
L 10/07/2021 - 22:20:11: [SM]   [2] Line 104, plugin.sp::Event_BombBeginDefusePlusFrame
L 10/07/2021 - 22:22:52: [SM] Exception reported: Language phrase "InstaDefuseSuccessful" not found (arg 5)
L 10/07/2021 - 22:22:52: [SM] Blaming: retakes-instadefuse.smx
L 10/07/2021 - 22:22:52: [SM] Call stack trace:
L 10/07/2021 - 22:22:52: [SM]   [0] PrintToChat
L 10/07/2021 - 22:22:52: [SM]   [1] Line 197, plugin.sp::AttemptInstantDefuse
L 10/07/2021 - 22:22:52: [SM]   [2] Line 104, plugin.sp::Event_BombBeginDefusePlusFrame
L 10/07/2021 - 22:23:09: [SM] Exception reported: Language phrase "InstaDefuseSuccessful" not found (arg 5)
L 10/07/2021 - 22:23:09: [SM] Blaming: retakes-instadefuse.smx
L 10/07/2021 - 22:23:09: [SM] Call stack trace:
L 10/07/2021 - 22:23:09: [SM]   [0] PrintToChat
L 10/07/2021 - 22:23:09: [SM]   [1] Line 197, plugin.sp::AttemptInstantDefuse
L 10/07/2021 - 22:23:09: [SM]   [2] Line 104, plugin.sp::Event_BombBeginDefusePlusFrame
