L 03/11/2022 - 00:51:03: SourceMod error session started
L 03/11/2022 - 00:51:03: Info (map "de_mirage") (file "E:\retake\csgoserver\csgo\addons\sourcemod\logs\errors_20220311.log")
L 03/11/2022 - 00:51:03: [SM] Unable to load extension "PhysHooks.ext": Could not find patch signature for symbol: Physics_RunThinkFunctions
L 03/11/2022 - 00:51:06: [SM] Unable to load plugin "bot_inventory.smx": Native "eItems_AreItemsSynced" was not found
L 03/11/2022 - 00:51:06: [SM] Unable to load plugin "bot_stuff.smx": Could not find required plugin "navmesh"
L 03/11/2022 - 00:51:07: [SM] Unable to load plugin "LagCompensation.smx": Required extension "PhysHooks" file("PhysHooks.ext") not running
L 03/11/2022 - 00:51:08: [SM] Fatal error encountered parsing translation file "ranks_matchmaking.phrases.txt"
L 03/11/2022 - 00:51:08: [SM] Error (line 0, column 0): Stream failed to open
L 03/11/2022 - 00:51:08: [SM] Fatal error encountered parsing translation file "instadefuse.phrases.txt"
L 03/11/2022 - 00:51:08: [SM] Error (line 0, column 0): Stream failed to open
L 03/11/2022 - 00:51:28: [SM] Exception reported: Language phrase "Unranked" not found (arg 5)
L 03/11/2022 - 00:51:28: [SM] Blaming: ranks_matchmaking.smx
L 03/11/2022 - 00:51:28: [SM] Call stack trace:
L 03/11/2022 - 00:51:28: [SM]   [0] FormatEx
L 03/11/2022 - 00:51:28: [SM]   [1] Line 174, ranks_matchmaking.sp::GetRanksNames
L 03/11/2022 - 00:51:28: [SM]   [2] Line 169, ranks_matchmaking.sp::OnMapStart
L 03/11/2022 - 00:52:02: Error log file session closed.
L 03/11/2022 - 00:52:02: SourceMod error session started
L 03/11/2022 - 00:52:02: Info (map "de_mirage") (file "E:\retake\csgoserver\csgo\addons\sourcemod\logs\errors_20220311.log")
L 03/11/2022 - 00:52:02: [SM] Fatal error encountered parsing translation file "ranks_matchmaking.phrases.txt"
L 03/11/2022 - 00:52:02: [SM] Error (line 0, column 0): Stream failed to open
L 03/11/2022 - 00:52:02: [SM] Fatal error encountered parsing translation file "instadefuse.phrases.txt"
L 03/11/2022 - 00:52:02: [SM] Error (line 0, column 0): Stream failed to open
L 03/11/2022 - 00:52:03: [SM] Exception reported: Language phrase "Unranked" not found (arg 5)
L 03/11/2022 - 00:52:03: [SM] Blaming: ranks_matchmaking.smx
L 03/11/2022 - 00:52:03: [SM] Call stack trace:
L 03/11/2022 - 00:52:03: [SM]   [0] FormatEx
L 03/11/2022 - 00:52:03: [SM]   [1] Line 174, ranks_matchmaking.sp::GetRanksNames
L 03/11/2022 - 00:52:03: [SM]   [2] Line 169, ranks_matchmaking.sp::OnMapStart
L 03/11/2022 - 00:54:45: [SM] Exception reported: Language phrase "InstaDefuseSuccessful" not found (arg 5)
L 03/11/2022 - 00:54:45: [SM] Blaming: retakes-instadefuse.smx
L 03/11/2022 - 00:54:45: [SM] Call stack trace:
L 03/11/2022 - 00:54:45: [SM]   [0] PrintToChat
L 03/11/2022 - 00:54:45: [SM]   [1] Line 197, plugin.sp::AttemptInstantDefuse
L 03/11/2022 - 00:54:45: [SM]   [2] Line 104, plugin.sp::Event_BombBeginDefusePlusFrame
L 03/11/2022 - 00:55:13: [SM] Exception reported: Language phrase "InstaDefuseSuccessful" not found (arg 5)
L 03/11/2022 - 00:55:13: [SM] Blaming: retakes-instadefuse.smx
L 03/11/2022 - 00:55:13: [SM] Call stack trace:
L 03/11/2022 - 00:55:13: [SM]   [0] PrintToChat
L 03/11/2022 - 00:55:13: [SM]   [1] Line 197, plugin.sp::AttemptInstantDefuse
L 03/11/2022 - 00:55:13: [SM]   [2] Line 104, plugin.sp::Event_BombBeginDefusePlusFrame
L 03/11/2022 - 00:55:42: [SM] Exception reported: Language phrase "InstaDefuseSuccessful" not found (arg 5)
L 03/11/2022 - 00:55:42: [SM] Blaming: retakes-instadefuse.smx
L 03/11/2022 - 00:55:42: [SM] Call stack trace:
L 03/11/2022 - 00:55:42: [SM]   [0] PrintToChat
L 03/11/2022 - 00:55:42: [SM]   [1] Line 197, plugin.sp::AttemptInstantDefuse
L 03/11/2022 - 00:55:42: [SM]   [2] Line 104, plugin.sp::Event_BombBeginDefusePlusFrame
L 03/11/2022 - 00:56:00: [SM] Exception reported: Language phrase "InstaDefuseSuccessful" not found (arg 5)
L 03/11/2022 - 00:56:00: [SM] Blaming: retakes-instadefuse.smx
L 03/11/2022 - 00:56:00: [SM] Call stack trace:
L 03/11/2022 - 00:56:00: [SM]   [0] PrintToChat
L 03/11/2022 - 00:56:00: [SM]   [1] Line 197, plugin.sp::AttemptInstantDefuse
L 03/11/2022 - 00:56:00: [SM]   [2] Line 104, plugin.sp::Event_BombBeginDefusePlusFrame
L 03/11/2022 - 00:56:33: [SM] Exception reported: Language phrase "InstaDefuseSuccessful" not found (arg 5)
L 03/11/2022 - 00:56:33: [SM] Blaming: retakes-instadefuse.smx
L 03/11/2022 - 00:56:33: [SM] Call stack trace:
L 03/11/2022 - 00:56:33: [SM]   [0] PrintToChat
L 03/11/2022 - 00:56:33: [SM]   [1] Line 197, plugin.sp::AttemptInstantDefuse
L 03/11/2022 - 00:56:33: [SM]   [2] Line 104, plugin.sp::Event_BombBeginDefusePlusFrame
L 03/11/2022 - 00:56:54: [SM] Exception reported: Language phrase "InstaDefuseSuccessful" not found (arg 5)
L 03/11/2022 - 00:56:54: [SM] Blaming: retakes-instadefuse.smx
L 03/11/2022 - 00:56:54: [SM] Call stack trace:
L 03/11/2022 - 00:56:54: [SM]   [0] PrintToChat
L 03/11/2022 - 00:56:54: [SM]   [1] Line 197, plugin.sp::AttemptInstantDefuse
L 03/11/2022 - 00:56:54: [SM]   [2] Line 104, plugin.sp::Event_BombBeginDefusePlusFrame
L 03/11/2022 - 00:57:19: [SM] Exception reported: Language phrase "InstaDefuseSuccessful" not found (arg 5)
L 03/11/2022 - 00:57:19: [SM] Blaming: retakes-instadefuse.smx
L 03/11/2022 - 00:57:19: [SM] Call stack trace:
L 03/11/2022 - 00:57:19: [SM]   [0] PrintToChat
L 03/11/2022 - 00:57:19: [SM]   [1] Line 197, plugin.sp::AttemptInstantDefuse
L 03/11/2022 - 00:57:19: [SM]   [2] Line 104, plugin.sp::Event_BombBeginDefusePlusFrame
L 03/11/2022 - 00:57:41: [SM] Exception reported: Language phrase "InstaDefuseSuccessful" not found (arg 5)
L 03/11/2022 - 00:57:41: [SM] Blaming: retakes-instadefuse.smx
L 03/11/2022 - 00:57:41: [SM] Call stack trace:
L 03/11/2022 - 00:57:41: [SM]   [0] PrintToChat
L 03/11/2022 - 00:57:41: [SM]   [1] Line 197, plugin.sp::AttemptInstantDefuse
L 03/11/2022 - 00:57:41: [SM]   [2] Line 104, plugin.sp::Event_BombBeginDefusePlusFrame
L 03/11/2022 - 00:58:22: [SM] Exception reported: Language phrase "InstaDefuseSuccessful" not found (arg 5)
L 03/11/2022 - 00:58:22: [SM] Blaming: retakes-instadefuse.smx
L 03/11/2022 - 00:58:22: [SM] Call stack trace:
L 03/11/2022 - 00:58:22: [SM]   [0] PrintToChat
L 03/11/2022 - 00:58:22: [SM]   [1] Line 197, plugin.sp::AttemptInstantDefuse
L 03/11/2022 - 00:58:22: [SM]   [2] Line 104, plugin.sp::Event_BombBeginDefusePlusFrame
L 03/11/2022 - 00:58:46: [SM] Exception reported: Language phrase "InstaDefuseSuccessful" not found (arg 5)
L 03/11/2022 - 00:58:46: [SM] Blaming: retakes-instadefuse.smx
L 03/11/2022 - 00:58:46: [SM] Call stack trace:
L 03/11/2022 - 00:58:46: [SM]   [0] PrintToChat
L 03/11/2022 - 00:58:46: [SM]   [1] Line 197, plugin.sp::AttemptInstantDefuse
L 03/11/2022 - 00:58:46: [SM]   [2] Line 104, plugin.sp::Event_BombBeginDefusePlusFrame
L 03/11/2022 - 00:59:01: [SM] Exception reported: Language phrase "InstaDefuseSuccessful" not found (arg 5)
L 03/11/2022 - 00:59:01: [SM] Blaming: retakes-instadefuse.smx
L 03/11/2022 - 00:59:01: [SM] Call stack trace:
L 03/11/2022 - 00:59:01: [SM]   [0] PrintToChat
L 03/11/2022 - 00:59:01: [SM]   [1] Line 197, plugin.sp::AttemptInstantDefuse
L 03/11/2022 - 00:59:01: [SM]   [2] Line 104, plugin.sp::Event_BombBeginDefusePlusFrame
L 03/11/2022 - 00:59:29: [SM] Exception reported: Language phrase "InstaDefuseSuccessful" not found (arg 5)
L 03/11/2022 - 00:59:29: [SM] Blaming: retakes-instadefuse.smx
L 03/11/2022 - 00:59:29: [SM] Call stack trace:
L 03/11/2022 - 00:59:29: [SM]   [0] PrintToChat
L 03/11/2022 - 00:59:29: [SM]   [1] Line 197, plugin.sp::AttemptInstantDefuse
L 03/11/2022 - 00:59:29: [SM]   [2] Line 104, plugin.sp::Event_BombBeginDefusePlusFrame
L 03/11/2022 - 00:59:47: [SM] Exception reported: Language phrase "InstaDefuseSuccessful" not found (arg 5)
L 03/11/2022 - 00:59:47: [SM] Blaming: retakes-instadefuse.smx
L 03/11/2022 - 00:59:47: [SM] Call stack trace:
L 03/11/2022 - 00:59:47: [SM]   [0] PrintToChat
L 03/11/2022 - 00:59:47: [SM]   [1] Line 197, plugin.sp::AttemptInstantDefuse
L 03/11/2022 - 00:59:47: [SM]   [2] Line 104, plugin.sp::Event_BombBeginDefusePlusFrame
L 03/11/2022 - 01:00:08: [SM] Exception reported: Language phrase "InstaDefuseSuccessful" not found (arg 5)
L 03/11/2022 - 01:00:08: [SM] Blaming: retakes-instadefuse.smx
L 03/11/2022 - 01:00:08: [SM] Call stack trace:
L 03/11/2022 - 01:00:08: [SM]   [0] PrintToChat
L 03/11/2022 - 01:00:08: [SM]   [1] Line 197, plugin.sp::AttemptInstantDefuse
L 03/11/2022 - 01:00:08: [SM]   [2] Line 104, plugin.sp::Event_BombBeginDefusePlusFrame
L 03/11/2022 - 01:00:30: [SM] Exception reported: Language phrase "InstaDefuseSuccessful" not found (arg 5)
L 03/11/2022 - 01:00:30: [SM] Blaming: retakes-instadefuse.smx
L 03/11/2022 - 01:00:30: [SM] Call stack trace:
L 03/11/2022 - 01:00:30: [SM]   [0] PrintToChat
L 03/11/2022 - 01:00:30: [SM]   [1] Line 197, plugin.sp::AttemptInstantDefuse
L 03/11/2022 - 01:00:30: [SM]   [2] Line 104, plugin.sp::Event_BombBeginDefusePlusFrame
L 03/11/2022 - 01:00:57: [SM] Exception reported: Language phrase "InstaDefuseSuccessful" not found (arg 5)
L 03/11/2022 - 01:00:57: [SM] Blaming: retakes-instadefuse.smx
L 03/11/2022 - 01:00:57: [SM] Call stack trace:
L 03/11/2022 - 01:00:57: [SM]   [0] PrintToChat
L 03/11/2022 - 01:00:57: [SM]   [1] Line 197, plugin.sp::AttemptInstantDefuse
L 03/11/2022 - 01:00:57: [SM]   [2] Line 104, plugin.sp::Event_BombBeginDefusePlusFrame
L 03/11/2022 - 01:01:36: [SM] Exception reported: Language phrase "InstaDefuseSuccessful" not found (arg 5)
L 03/11/2022 - 01:01:36: [SM] Blaming: retakes-instadefuse.smx
L 03/11/2022 - 01:01:36: [SM] Call stack trace:
L 03/11/2022 - 01:01:36: [SM]   [0] PrintToChat
L 03/11/2022 - 01:01:36: [SM]   [1] Line 197, plugin.sp::AttemptInstantDefuse
L 03/11/2022 - 01:01:36: [SM]   [2] Line 104, plugin.sp::Event_BombBeginDefusePlusFrame
L 03/11/2022 - 01:01:57: [SM] Exception reported: Language phrase "InstaDefuseSuccessful" not found (arg 5)
L 03/11/2022 - 01:01:57: [SM] Blaming: retakes-instadefuse.smx
L 03/11/2022 - 01:01:57: [SM] Call stack trace:
L 03/11/2022 - 01:01:57: [SM]   [0] PrintToChat
L 03/11/2022 - 01:01:57: [SM]   [1] Line 197, plugin.sp::AttemptInstantDefuse
L 03/11/2022 - 01:01:57: [SM]   [2] Line 104, plugin.sp::Event_BombBeginDefusePlusFrame
L 03/11/2022 - 01:02:31: [SM] Exception reported: Language phrase "InstaDefuseUnsuccessful" not found (arg 5)
L 03/11/2022 - 01:02:31: [SM] Blaming: retakes-instadefuse.smx
L 03/11/2022 - 01:02:31: [SM] Call stack trace:
L 03/11/2022 - 01:02:31: [SM]   [0] PrintToChat
L 03/11/2022 - 01:02:31: [SM]   [1] Line 143, plugin.sp::AttemptInstantDefuse
L 03/11/2022 - 01:02:31: [SM]   [2] Line 104, plugin.sp::Event_BombBeginDefusePlusFrame
L 03/11/2022 - 01:02:31: [SM] Exception reported: Language phrase "InstaDefuseUnsuccessful" not found (arg 5)
L 03/11/2022 - 01:02:31: [SM] Blaming: retakes-instadefuse.smx
L 03/11/2022 - 01:02:31: [SM] Call stack trace:
L 03/11/2022 - 01:02:31: [SM]   [0] PrintToChat
L 03/11/2022 - 01:02:31: [SM]   [1] Line 143, plugin.sp::AttemptInstantDefuse
L 03/11/2022 - 01:02:31: [SM]   [2] Line 104, plugin.sp::Event_BombBeginDefusePlusFrame
L 03/11/2022 - 01:02:32: [SM] Exception reported: Language phrase "InstaDefuseUnsuccessful" not found (arg 5)
L 03/11/2022 - 01:02:32: [SM] Blaming: retakes-instadefuse.smx
L 03/11/2022 - 01:02:32: [SM] Call stack trace:
L 03/11/2022 - 01:02:32: [SM]   [0] PrintToChat
L 03/11/2022 - 01:02:32: [SM]   [1] Line 143, plugin.sp::AttemptInstantDefuse
L 03/11/2022 - 01:02:32: [SM]   [2] Line 104, plugin.sp::Event_BombBeginDefusePlusFrame
L 03/11/2022 - 01:02:32: [SM] Exception reported: Language phrase "InstaDefuseUnsuccessful" not found (arg 5)
L 03/11/2022 - 01:02:32: [SM] Blaming: retakes-instadefuse.smx
L 03/11/2022 - 01:02:32: [SM] Call stack trace:
L 03/11/2022 - 01:02:32: [SM]   [0] PrintToChat
L 03/11/2022 - 01:02:32: [SM]   [1] Line 143, plugin.sp::AttemptInstantDefuse
L 03/11/2022 - 01:02:32: [SM]   [2] Line 104, plugin.sp::Event_BombBeginDefusePlusFrame
L 03/11/2022 - 01:02:48: [SM] Exception reported: Language phrase "InstaDefuseSuccessful" not found (arg 5)
L 03/11/2022 - 01:02:48: [SM] Blaming: retakes-instadefuse.smx
L 03/11/2022 - 01:02:48: [SM] Call stack trace:
L 03/11/2022 - 01:02:48: [SM]   [0] PrintToChat
L 03/11/2022 - 01:02:48: [SM]   [1] Line 197, plugin.sp::AttemptInstantDefuse
L 03/11/2022 - 01:02:48: [SM]   [2] Line 104, plugin.sp::Event_BombBeginDefusePlusFrame
L 03/11/2022 - 01:03:05: [SM] Exception reported: Language phrase "InstaDefuseSuccessful" not found (arg 5)
L 03/11/2022 - 01:03:05: [SM] Blaming: retakes-instadefuse.smx
L 03/11/2022 - 01:03:05: [SM] Call stack trace:
L 03/11/2022 - 01:03:05: [SM]   [0] PrintToChat
L 03/11/2022 - 01:03:05: [SM]   [1] Line 197, plugin.sp::AttemptInstantDefuse
L 03/11/2022 - 01:03:05: [SM]   [2] Line 104, plugin.sp::Event_BombBeginDefusePlusFrame
L 03/11/2022 - 01:03:21: [SM] Exception reported: Language phrase "InstaDefuseSuccessful" not found (arg 5)
L 03/11/2022 - 01:03:21: [SM] Blaming: retakes-instadefuse.smx
L 03/11/2022 - 01:03:21: [SM] Call stack trace:
L 03/11/2022 - 01:03:21: [SM]   [0] PrintToChat
L 03/11/2022 - 01:03:21: [SM]   [1] Line 197, plugin.sp::AttemptInstantDefuse
L 03/11/2022 - 01:03:21: [SM]   [2] Line 104, plugin.sp::Event_BombBeginDefusePlusFrame
L 03/11/2022 - 01:03:56: [SM] Exception reported: Language phrase "InstaDefuseSuccessful" not found (arg 5)
L 03/11/2022 - 01:03:56: [SM] Blaming: retakes-instadefuse.smx
L 03/11/2022 - 01:03:56: [SM] Call stack trace:
L 03/11/2022 - 01:03:56: [SM]   [0] PrintToChat
L 03/11/2022 - 01:03:56: [SM]   [1] Line 197, plugin.sp::AttemptInstantDefuse
L 03/11/2022 - 01:03:56: [SM]   [2] Line 104, plugin.sp::Event_BombBeginDefusePlusFrame
L 03/11/2022 - 01:03:58: [SM] Exception reported: Language phrase "InstaDefuseSuccessful" not found (arg 5)
L 03/11/2022 - 01:03:58: [SM] Blaming: retakes-instadefuse.smx
L 03/11/2022 - 01:03:58: [SM] Call stack trace:
L 03/11/2022 - 01:03:58: [SM]   [0] PrintToChat
L 03/11/2022 - 01:03:58: [SM]   [1] Line 197, plugin.sp::AttemptInstantDefuse
L 03/11/2022 - 01:03:58: [SM]   [2] Line 104, plugin.sp::Event_BombBeginDefusePlusFrame
L 03/11/2022 - 01:03:59: [SM] Exception reported: Language phrase "InstaDefuseSuccessful" not found (arg 5)
L 03/11/2022 - 01:03:59: [SM] Blaming: retakes-instadefuse.smx
L 03/11/2022 - 01:03:59: [SM] Call stack trace:
L 03/11/2022 - 01:03:59: [SM]   [0] PrintToChat
L 03/11/2022 - 01:03:59: [SM]   [1] Line 197, plugin.sp::AttemptInstantDefuse
L 03/11/2022 - 01:03:59: [SM]   [2] Line 104, plugin.sp::Event_BombBeginDefusePlusFrame
L 03/11/2022 - 01:04:55: [SM] Exception reported: Language phrase "InstaDefuseSuccessful" not found (arg 5)
L 03/11/2022 - 01:04:55: [SM] Blaming: retakes-instadefuse.smx
L 03/11/2022 - 01:04:55: [SM] Call stack trace:
L 03/11/2022 - 01:04:56: [SM]   [0] PrintToChat
L 03/11/2022 - 01:04:56: [SM]   [1] Line 197, plugin.sp::AttemptInstantDefuse
L 03/11/2022 - 01:04:56: [SM]   [2] Line 104, plugin.sp::Event_BombBeginDefusePlusFrame
L 03/11/2022 - 01:05:24: [SM] Exception reported: Language phrase "InstaDefuseSuccessful" not found (arg 5)
L 03/11/2022 - 01:05:24: [SM] Blaming: retakes-instadefuse.smx
L 03/11/2022 - 01:05:24: [SM] Call stack trace:
L 03/11/2022 - 01:05:24: [SM]   [0] PrintToChat
L 03/11/2022 - 01:05:24: [SM]   [1] Line 197, plugin.sp::AttemptInstantDefuse
L 03/11/2022 - 01:05:24: [SM]   [2] Line 104, plugin.sp::Event_BombBeginDefusePlusFrame
L 03/11/2022 - 01:05:41: [SM] Exception reported: Language phrase "InstaDefuseSuccessful" not found (arg 5)
L 03/11/2022 - 01:05:41: [SM] Blaming: retakes-instadefuse.smx
L 03/11/2022 - 01:05:41: [SM] Call stack trace:
L 03/11/2022 - 01:05:41: [SM]   [0] PrintToChat
L 03/11/2022 - 01:05:41: [SM]   [1] Line 197, plugin.sp::AttemptInstantDefuse
L 03/11/2022 - 01:05:41: [SM]   [2] Line 104, plugin.sp::Event_BombBeginDefusePlusFrame
L 03/11/2022 - 01:06:30: [SM] Exception reported: Language phrase "InstaDefuseSuccessful" not found (arg 5)
L 03/11/2022 - 01:06:30: [SM] Blaming: retakes-instadefuse.smx
L 03/11/2022 - 01:06:30: [SM] Call stack trace:
L 03/11/2022 - 01:06:30: [SM]   [0] PrintToChat
L 03/11/2022 - 01:06:30: [SM]   [1] Line 197, plugin.sp::AttemptInstantDefuse
L 03/11/2022 - 01:06:30: [SM]   [2] Line 104, plugin.sp::Event_BombBeginDefusePlusFrame
L 03/11/2022 - 01:06:48: [SM] Exception reported: Language phrase "InstaDefuseSuccessful" not found (arg 5)
L 03/11/2022 - 01:06:48: [SM] Blaming: retakes-instadefuse.smx
L 03/11/2022 - 01:06:48: [SM] Call stack trace:
L 03/11/2022 - 01:06:48: [SM]   [0] PrintToChat
L 03/11/2022 - 01:06:48: [SM]   [1] Line 197, plugin.sp::AttemptInstantDefuse
L 03/11/2022 - 01:06:48: [SM]   [2] Line 104, plugin.sp::Event_BombBeginDefusePlusFrame
L 03/11/2022 - 01:07:07: [SM] Exception reported: Language phrase "InstaDefuseSuccessful" not found (arg 5)
L 03/11/2022 - 01:07:07: [SM] Blaming: retakes-instadefuse.smx
L 03/11/2022 - 01:07:07: [SM] Call stack trace:
L 03/11/2022 - 01:07:07: [SM]   [0] PrintToChat
L 03/11/2022 - 01:07:07: [SM]   [1] Line 197, plugin.sp::AttemptInstantDefuse
L 03/11/2022 - 01:07:07: [SM]   [2] Line 104, plugin.sp::Event_BombBeginDefusePlusFrame
L 03/11/2022 - 01:07:27: [SM] Exception reported: Language phrase "InstaDefuseSuccessful" not found (arg 5)
L 03/11/2022 - 01:07:27: [SM] Blaming: retakes-instadefuse.smx
L 03/11/2022 - 01:07:27: [SM] Call stack trace:
L 03/11/2022 - 01:07:27: [SM]   [0] PrintToChat
L 03/11/2022 - 01:07:27: [SM]   [1] Line 197, plugin.sp::AttemptInstantDefuse
L 03/11/2022 - 01:07:27: [SM]   [2] Line 104, plugin.sp::Event_BombBeginDefusePlusFrame
L 03/11/2022 - 01:08:12: [SM] Exception reported: Language phrase "InstaDefuseSuccessful" not found (arg 5)
L 03/11/2022 - 01:08:12: [SM] Blaming: retakes-instadefuse.smx
L 03/11/2022 - 01:08:12: [SM] Call stack trace:
L 03/11/2022 - 01:08:12: [SM]   [0] PrintToChat
L 03/11/2022 - 01:08:12: [SM]   [1] Line 197, plugin.sp::AttemptInstantDefuse
L 03/11/2022 - 01:08:12: [SM]   [2] Line 104, plugin.sp::Event_BombBeginDefusePlusFrame
L 03/11/2022 - 01:08:13: [SM] Exception reported: Language phrase "InstaDefuseSuccessful" not found (arg 5)
L 03/11/2022 - 01:08:13: [SM] Blaming: retakes-instadefuse.smx
L 03/11/2022 - 01:08:13: [SM] Call stack trace:
L 03/11/2022 - 01:08:13: [SM]   [0] PrintToChat
L 03/11/2022 - 01:08:13: [SM]   [1] Line 197, plugin.sp::AttemptInstantDefuse
L 03/11/2022 - 01:08:13: [SM]   [2] Line 104, plugin.sp::Event_BombBeginDefusePlusFrame
L 03/11/2022 - 01:08:42: [SM] Exception reported: Language phrase "InstaDefuseSuccessful" not found (arg 5)
L 03/11/2022 - 01:08:42: [SM] Blaming: retakes-instadefuse.smx
L 03/11/2022 - 01:08:42: [SM] Call stack trace:
L 03/11/2022 - 01:08:42: [SM]   [0] PrintToChat
L 03/11/2022 - 01:08:42: [SM]   [1] Line 197, plugin.sp::AttemptInstantDefuse
L 03/11/2022 - 01:08:42: [SM]   [2] Line 104, plugin.sp::Event_BombBeginDefusePlusFrame
L 03/11/2022 - 01:09:04: [SM] Exception reported: Language phrase "InstaDefuseSuccessful" not found (arg 5)
L 03/11/2022 - 01:09:04: [SM] Blaming: retakes-instadefuse.smx
L 03/11/2022 - 01:09:04: [SM] Call stack trace:
L 03/11/2022 - 01:09:04: [SM]   [0] PrintToChat
L 03/11/2022 - 01:09:04: [SM]   [1] Line 197, plugin.sp::AttemptInstantDefuse
L 03/11/2022 - 01:09:04: [SM]   [2] Line 104, plugin.sp::Event_BombBeginDefusePlusFrame
L 03/11/2022 - 01:09:18: [SM] Exception reported: Language phrase "InstaDefuseSuccessful" not found (arg 5)
L 03/11/2022 - 01:09:18: [SM] Blaming: retakes-instadefuse.smx
L 03/11/2022 - 01:09:18: [SM] Call stack trace:
L 03/11/2022 - 01:09:18: [SM]   [0] PrintToChat
L 03/11/2022 - 01:09:18: [SM]   [1] Line 197, plugin.sp::AttemptInstantDefuse
L 03/11/2022 - 01:09:18: [SM]   [2] Line 104, plugin.sp::Event_BombBeginDefusePlusFrame
L 03/11/2022 - 01:09:39: [SM] Exception reported: Language phrase "InstaDefuseSuccessful" not found (arg 5)
L 03/11/2022 - 01:09:39: [SM] Blaming: retakes-instadefuse.smx
L 03/11/2022 - 01:09:39: [SM] Call stack trace:
L 03/11/2022 - 01:09:39: [SM]   [0] PrintToChat
L 03/11/2022 - 01:09:39: [SM]   [1] Line 197, plugin.sp::AttemptInstantDefuse
L 03/11/2022 - 01:09:39: [SM]   [2] Line 104, plugin.sp::Event_BombBeginDefusePlusFrame
L 03/11/2022 - 01:10:23: [SM] Exception reported: Language phrase "InstaDefuseSuccessful" not found (arg 5)
L 03/11/2022 - 01:10:23: [SM] Blaming: retakes-instadefuse.smx
L 03/11/2022 - 01:10:23: [SM] Call stack trace:
L 03/11/2022 - 01:10:23: [SM]   [0] PrintToChat
L 03/11/2022 - 01:10:23: [SM]   [1] Line 197, plugin.sp::AttemptInstantDefuse
L 03/11/2022 - 01:10:23: [SM]   [2] Line 104, plugin.sp::Event_BombBeginDefusePlusFrame
L 03/11/2022 - 01:10:40: [SM] Exception reported: Language phrase "InstaDefuseSuccessful" not found (arg 5)
L 03/11/2022 - 01:10:40: [SM] Blaming: retakes-instadefuse.smx
L 03/11/2022 - 01:10:41: [SM] Call stack trace:
L 03/11/2022 - 01:10:41: [SM]   [0] PrintToChat
L 03/11/2022 - 01:10:41: [SM]   [1] Line 197, plugin.sp::AttemptInstantDefuse
L 03/11/2022 - 01:10:41: [SM]   [2] Line 104, plugin.sp::Event_BombBeginDefusePlusFrame
L 03/11/2022 - 01:11:17: [SM] Exception reported: Language phrase "InstaDefuseUnsuccessful" not found (arg 5)
L 03/11/2022 - 01:11:17: [SM] Blaming: retakes-instadefuse.smx
L 03/11/2022 - 01:11:17: [SM] Call stack trace:
L 03/11/2022 - 01:11:17: [SM]   [0] PrintToChat
L 03/11/2022 - 01:11:17: [SM]   [1] Line 143, plugin.sp::AttemptInstantDefuse
L 03/11/2022 - 01:11:17: [SM]   [2] Line 104, plugin.sp::Event_BombBeginDefusePlusFrame
L 03/11/2022 - 01:11:17: [SM] Exception reported: Language phrase "InstaDefuseUnsuccessful" not found (arg 5)
L 03/11/2022 - 01:11:17: [SM] Blaming: retakes-instadefuse.smx
L 03/11/2022 - 01:11:17: [SM] Call stack trace:
L 03/11/2022 - 01:11:17: [SM]   [0] PrintToChat
L 03/11/2022 - 01:11:17: [SM]   [1] Line 143, plugin.sp::AttemptInstantDefuse
L 03/11/2022 - 01:11:17: [SM]   [2] Line 104, plugin.sp::Event_BombBeginDefusePlusFrame
L 03/11/2022 - 01:11:17: [SM] Exception reported: Language phrase "InstaDefuseUnsuccessful" not found (arg 5)
L 03/11/2022 - 01:11:17: [SM] Blaming: retakes-instadefuse.smx
L 03/11/2022 - 01:11:17: [SM] Call stack trace:
L 03/11/2022 - 01:11:17: [SM]   [0] PrintToChat
L 03/11/2022 - 01:11:17: [SM]   [1] Line 143, plugin.sp::AttemptInstantDefuse
L 03/11/2022 - 01:11:17: [SM]   [2] Line 104, plugin.sp::Event_BombBeginDefusePlusFrame
L 03/11/2022 - 01:11:18: [SM] Exception reported: Language phrase "InstaDefuseUnsuccessful" not found (arg 5)
L 03/11/2022 - 01:11:18: [SM] Blaming: retakes-instadefuse.smx
L 03/11/2022 - 01:11:18: [SM] Call stack trace:
L 03/11/2022 - 01:11:18: [SM]   [0] PrintToChat
L 03/11/2022 - 01:11:18: [SM]   [1] Line 143, plugin.sp::AttemptInstantDefuse
L 03/11/2022 - 01:11:18: [SM]   [2] Line 104, plugin.sp::Event_BombBeginDefusePlusFrame
L 03/11/2022 - 01:11:34: [SM] Exception reported: Language phrase "InstaDefuseSuccessful" not found (arg 5)
L 03/11/2022 - 01:11:34: [SM] Blaming: retakes-instadefuse.smx
L 03/11/2022 - 01:11:34: [SM] Call stack trace:
L 03/11/2022 - 01:11:34: [SM]   [0] PrintToChat
L 03/11/2022 - 01:11:34: [SM]   [1] Line 197, plugin.sp::AttemptInstantDefuse
L 03/11/2022 - 01:11:34: [SM]   [2] Line 104, plugin.sp::Event_BombBeginDefusePlusFrame
L 03/11/2022 - 01:12:01: [SM] Exception reported: Language phrase "InstaDefuseSuccessful" not found (arg 5)
L 03/11/2022 - 01:12:01: [SM] Blaming: retakes-instadefuse.smx
L 03/11/2022 - 01:12:01: [SM] Call stack trace:
L 03/11/2022 - 01:12:01: [SM]   [0] PrintToChat
L 03/11/2022 - 01:12:01: [SM]   [1] Line 197, plugin.sp::AttemptInstantDefuse
L 03/11/2022 - 01:12:01: [SM]   [2] Line 104, plugin.sp::Event_BombBeginDefusePlusFrame
L 03/11/2022 - 01:12:21: [SM] Exception reported: Language phrase "InstaDefuseSuccessful" not found (arg 5)
L 03/11/2022 - 01:12:21: [SM] Blaming: retakes-instadefuse.smx
L 03/11/2022 - 01:12:21: [SM] Call stack trace:
L 03/11/2022 - 01:12:21: [SM]   [0] PrintToChat
L 03/11/2022 - 01:12:21: [SM]   [1] Line 197, plugin.sp::AttemptInstantDefuse
L 03/11/2022 - 01:12:21: [SM]   [2] Line 104, plugin.sp::Event_BombBeginDefusePlusFrame
L 03/11/2022 - 01:12:47: [SM] Exception reported: Language phrase "InstaDefuseSuccessful" not found (arg 5)
L 03/11/2022 - 01:12:47: [SM] Blaming: retakes-instadefuse.smx
L 03/11/2022 - 01:12:47: [SM] Call stack trace:
L 03/11/2022 - 01:12:47: [SM]   [0] PrintToChat
L 03/11/2022 - 01:12:47: [SM]   [1] Line 197, plugin.sp::AttemptInstantDefuse
L 03/11/2022 - 01:12:47: [SM]   [2] Line 104, plugin.sp::Event_BombBeginDefusePlusFrame
L 03/11/2022 - 01:13:03: [SM] Exception reported: Language phrase "InstaDefuseSuccessful" not found (arg 5)
L 03/11/2022 - 01:13:03: [SM] Blaming: retakes-instadefuse.smx
L 03/11/2022 - 01:13:03: [SM] Call stack trace:
L 03/11/2022 - 01:13:03: [SM]   [0] PrintToChat
L 03/11/2022 - 01:13:03: [SM]   [1] Line 197, plugin.sp::AttemptInstantDefuse
L 03/11/2022 - 01:13:03: [SM]   [2] Line 104, plugin.sp::Event_BombBeginDefusePlusFrame
L 03/11/2022 - 01:13:16: [SM] Exception reported: Language phrase "InstaDefuseSuccessful" not found (arg 5)
L 03/11/2022 - 01:13:16: [SM] Blaming: retakes-instadefuse.smx
L 03/11/2022 - 01:13:16: [SM] Call stack trace:
L 03/11/2022 - 01:13:16: [SM]   [0] PrintToChat
L 03/11/2022 - 01:13:16: [SM]   [1] Line 197, plugin.sp::AttemptInstantDefuse
L 03/11/2022 - 01:13:16: [SM]   [2] Line 104, plugin.sp::Event_BombBeginDefusePlusFrame
L 03/11/2022 - 01:13:37: [SM] Exception reported: Language phrase "InstaDefuseSuccessful" not found (arg 5)
L 03/11/2022 - 01:13:37: [SM] Blaming: retakes-instadefuse.smx
L 03/11/2022 - 01:13:37: [SM] Call stack trace:
L 03/11/2022 - 01:13:37: [SM]   [0] PrintToChat
L 03/11/2022 - 01:13:37: [SM]   [1] Line 197, plugin.sp::AttemptInstantDefuse
L 03/11/2022 - 01:13:37: [SM]   [2] Line 104, plugin.sp::Event_BombBeginDefusePlusFrame
L 03/11/2022 - 01:14:20: [SM] Exception reported: Language phrase "InstaDefuseSuccessful" not found (arg 5)
L 03/11/2022 - 01:14:20: [SM] Blaming: retakes-instadefuse.smx
L 03/11/2022 - 01:14:20: [SM] Call stack trace:
L 03/11/2022 - 01:14:20: [SM]   [0] PrintToChat
L 03/11/2022 - 01:14:20: [SM]   [1] Line 197, plugin.sp::AttemptInstantDefuse
L 03/11/2022 - 01:14:20: [SM]   [2] Line 104, plugin.sp::Event_BombBeginDefusePlusFrame
L 03/11/2022 - 01:14:36: [SM] Exception reported: Language phrase "InstaDefuseSuccessful" not found (arg 5)
L 03/11/2022 - 01:14:36: [SM] Blaming: retakes-instadefuse.smx
L 03/11/2022 - 01:14:36: [SM] Call stack trace:
L 03/11/2022 - 01:14:36: [SM]   [0] PrintToChat
L 03/11/2022 - 01:14:36: [SM]   [1] Line 197, plugin.sp::AttemptInstantDefuse
L 03/11/2022 - 01:14:36: [SM]   [2] Line 104, plugin.sp::Event_BombBeginDefusePlusFrame
L 03/11/2022 - 01:15:12: [SM] Exception reported: Language phrase "InstaDefuseSuccessful" not found (arg 5)
L 03/11/2022 - 01:15:12: [SM] Blaming: retakes-instadefuse.smx
L 03/11/2022 - 01:15:12: [SM] Call stack trace:
L 03/11/2022 - 01:15:12: [SM]   [0] PrintToChat
L 03/11/2022 - 01:15:12: [SM]   [1] Line 197, plugin.sp::AttemptInstantDefuse
L 03/11/2022 - 01:15:12: [SM]   [2] Line 104, plugin.sp::Event_BombBeginDefusePlusFrame
L 03/11/2022 - 01:15:27: [SM] Exception reported: Language phrase "InstaDefuseSuccessful" not found (arg 5)
L 03/11/2022 - 01:15:27: [SM] Blaming: retakes-instadefuse.smx
L 03/11/2022 - 01:15:27: [SM] Call stack trace:
L 03/11/2022 - 01:15:27: [SM]   [0] PrintToChat
L 03/11/2022 - 01:15:27: [SM]   [1] Line 197, plugin.sp::AttemptInstantDefuse
L 03/11/2022 - 01:15:27: [SM]   [2] Line 104, plugin.sp::Event_BombBeginDefusePlusFrame
L 03/11/2022 - 01:15:44: [SM] Exception reported: Language phrase "InstaDefuseSuccessful" not found (arg 5)
L 03/11/2022 - 01:15:44: [SM] Blaming: retakes-instadefuse.smx
L 03/11/2022 - 01:15:44: [SM] Call stack trace:
L 03/11/2022 - 01:15:44: [SM]   [0] PrintToChat
L 03/11/2022 - 01:15:44: [SM]   [1] Line 197, plugin.sp::AttemptInstantDefuse
L 03/11/2022 - 01:15:44: [SM]   [2] Line 104, plugin.sp::Event_BombBeginDefusePlusFrame
