L 08/24/2021 - 19:55:18: SourceMod error session started
L 08/24/2021 - 19:55:18: Info (map "de_dust2") (file "E:\retake\csgoserver\csgo\addons\sourcemod\logs\errors_20210824.log")
L 08/24/2021 - 19:55:18: [SM] Unable to load plugin "bot_inventory.smx": Native "eItems_AreItemsSynced" was not found
L 08/24/2021 - 19:55:18: [SM] Unable to load plugin "bot_stuff.smx": Could not find required plugin "navmesh"
L 08/24/2021 - 19:55:20: [SM] Fatal error encountered parsing translation file "ranks_matchmaking.phrases.txt"
L 08/24/2021 - 19:55:20: [SM] Error (line 0, column 0): Stream failed to open
L 08/24/2021 - 19:55:20: [SM] Fatal error encountered parsing translation file "instadefuse.phrases.txt"
L 08/24/2021 - 19:55:20: [SM] Error (line 0, column 0): Stream failed to open
L 08/24/2021 - 19:55:36: [SM] Exception reported: Language phrase "Unranked" not found (arg 5)
L 08/24/2021 - 19:55:36: [SM] Blaming: ranks_matchmaking.smx
L 08/24/2021 - 19:55:36: [SM] Call stack trace:
L 08/24/2021 - 19:55:36: [SM]   [0] FormatEx
L 08/24/2021 - 19:55:36: [SM]   [1] Line 174, ranks_matchmaking.sp::GetRanksNames
L 08/24/2021 - 19:55:36: [SM]   [2] Line 169, ranks_matchmaking.sp::OnMapStart
L 08/24/2021 - 19:57:01: Error log file session closed.
L 08/24/2021 - 19:57:01: SourceMod error session started
L 08/24/2021 - 19:57:01: Info (map "de_dust2") (file "E:\retake\csgoserver\csgo\addons\sourcemod\logs\errors_20210824.log")
L 08/24/2021 - 19:57:01: [SM] Fatal error encountered parsing translation file "ranks_matchmaking.phrases.txt"
L 08/24/2021 - 19:57:01: [SM] Error (line 0, column 0): Stream failed to open
L 08/24/2021 - 19:57:01: [SM] Fatal error encountered parsing translation file "instadefuse.phrases.txt"
L 08/24/2021 - 19:57:01: [SM] Error (line 0, column 0): Stream failed to open
L 08/24/2021 - 19:57:02: [SM] Exception reported: Language phrase "Unranked" not found (arg 5)
L 08/24/2021 - 19:57:02: [SM] Blaming: ranks_matchmaking.smx
L 08/24/2021 - 19:57:02: [SM] Call stack trace:
L 08/24/2021 - 19:57:02: [SM]   [0] FormatEx
L 08/24/2021 - 19:57:02: [SM]   [1] Line 174, ranks_matchmaking.sp::GetRanksNames
L 08/24/2021 - 19:57:02: [SM]   [2] Line 169, ranks_matchmaking.sp::OnMapStart
L 08/24/2021 - 19:57:03: [nextmap.smx] FATAL: Cannot load map cycle. Nextmap not loaded.
L 08/24/2021 - 19:57:03: [SM] Exception reported: Mapcycle Not Found
L 08/24/2021 - 19:57:03: [SM] Blaming: nextmap.smx
L 08/24/2021 - 19:57:03: [SM] Call stack trace:
L 08/24/2021 - 19:57:03: [SM]   [0] SetFailState
L 08/24/2021 - 19:57:03: [SM]   [1] Line 143, D:\builds\build-sourcemod-msvc12\windows-1.11\build\plugins\nextmap.sp::FindAndSetNextMap
L 08/24/2021 - 19:57:03: [SM]   [2] Line 113, D:\builds\build-sourcemod-msvc12\windows-1.11\build\plugins\nextmap.sp::OnConfigsExecuted
L 08/24/2021 - 19:58:28: [SM] Exception reported: Language phrase "InstaDefuseSuccessful" not found (arg 5)
L 08/24/2021 - 19:58:28: [SM] Blaming: retakes-instadefuse.smx
L 08/24/2021 - 19:58:28: [SM] Call stack trace:
L 08/24/2021 - 19:58:28: [SM]   [0] PrintToChat
L 08/24/2021 - 19:58:28: [SM]   [1] Line 197, plugin.sp::AttemptInstantDefuse
L 08/24/2021 - 19:58:28: [SM]   [2] Line 104, plugin.sp::Event_BombBeginDefusePlusFrame
L 08/24/2021 - 19:58:55: [SM] Exception reported: Language phrase "InstaDefuseSuccessful" not found (arg 5)
L 08/24/2021 - 19:58:55: [SM] Blaming: retakes-instadefuse.smx
L 08/24/2021 - 19:58:55: [SM] Call stack trace:
L 08/24/2021 - 19:58:55: [SM]   [0] PrintToChat
L 08/24/2021 - 19:58:55: [SM]   [1] Line 197, plugin.sp::AttemptInstantDefuse
L 08/24/2021 - 19:58:55: [SM]   [2] Line 104, plugin.sp::Event_BombBeginDefusePlusFrame
L 08/24/2021 - 19:59:22: [SM] Exception reported: Language phrase "InstaDefuseSuccessful" not found (arg 5)
L 08/24/2021 - 19:59:22: [SM] Blaming: retakes-instadefuse.smx
L 08/24/2021 - 19:59:22: [SM] Call stack trace:
L 08/24/2021 - 19:59:22: [SM]   [0] PrintToChat
L 08/24/2021 - 19:59:22: [SM]   [1] Line 197, plugin.sp::AttemptInstantDefuse
L 08/24/2021 - 19:59:22: [SM]   [2] Line 104, plugin.sp::Event_BombBeginDefusePlusFrame
L 08/24/2021 - 19:59:48: [SM] Exception reported: Language phrase "InstaDefuseSuccessful" not found (arg 5)
L 08/24/2021 - 19:59:48: [SM] Blaming: retakes-instadefuse.smx
L 08/24/2021 - 19:59:48: [SM] Call stack trace:
L 08/24/2021 - 19:59:48: [SM]   [0] PrintToChat
L 08/24/2021 - 19:59:48: [SM]   [1] Line 197, plugin.sp::AttemptInstantDefuse
L 08/24/2021 - 19:59:48: [SM]   [2] Line 104, plugin.sp::Event_BombBeginDefusePlusFrame
L 08/24/2021 - 20:00:04: [SM] Exception reported: Language phrase "InstaDefuseSuccessful" not found (arg 5)
L 08/24/2021 - 20:00:04: [SM] Blaming: retakes-instadefuse.smx
L 08/24/2021 - 20:00:04: [SM] Call stack trace:
L 08/24/2021 - 20:00:04: [SM]   [0] PrintToChat
L 08/24/2021 - 20:00:04: [SM]   [1] Line 197, plugin.sp::AttemptInstantDefuse
L 08/24/2021 - 20:00:04: [SM]   [2] Line 104, plugin.sp::Event_BombBeginDefusePlusFrame
L 08/24/2021 - 20:00:52: [SM] Exception reported: Language phrase "InstaDefuseSuccessful" not found (arg 5)
L 08/24/2021 - 20:00:52: [SM] Blaming: retakes-instadefuse.smx
L 08/24/2021 - 20:00:52: [SM] Call stack trace:
L 08/24/2021 - 20:00:52: [SM]   [0] PrintToChat
L 08/24/2021 - 20:00:52: [SM]   [1] Line 197, plugin.sp::AttemptInstantDefuse
L 08/24/2021 - 20:00:52: [SM]   [2] Line 104, plugin.sp::Event_BombBeginDefusePlusFrame
L 08/24/2021 - 20:01:32: [SM] Exception reported: Language phrase "InstaDefuseSuccessful" not found (arg 5)
L 08/24/2021 - 20:01:32: [SM] Blaming: retakes-instadefuse.smx
L 08/24/2021 - 20:01:32: [SM] Call stack trace:
L 08/24/2021 - 20:01:32: [SM]   [0] PrintToChat
L 08/24/2021 - 20:01:32: [SM]   [1] Line 197, plugin.sp::AttemptInstantDefuse
L 08/24/2021 - 20:01:32: [SM]   [2] Line 104, plugin.sp::Event_BombBeginDefusePlusFrame
L 08/24/2021 - 20:01:57: [SM] Exception reported: Language phrase "InstaDefuseSuccessful" not found (arg 5)
L 08/24/2021 - 20:01:57: [SM] Blaming: retakes-instadefuse.smx
L 08/24/2021 - 20:01:57: [SM] Call stack trace:
L 08/24/2021 - 20:01:57: [SM]   [0] PrintToChat
L 08/24/2021 - 20:01:57: [SM]   [1] Line 197, plugin.sp::AttemptInstantDefuse
L 08/24/2021 - 20:01:57: [SM]   [2] Line 104, plugin.sp::Event_BombBeginDefusePlusFrame
L 08/24/2021 - 20:02:08: [SM] Exception reported: Language phrase "InstaDefuseSuccessful" not found (arg 5)
L 08/24/2021 - 20:02:08: [SM] Blaming: retakes-instadefuse.smx
L 08/24/2021 - 20:02:08: [SM] Call stack trace:
L 08/24/2021 - 20:02:08: [SM]   [0] PrintToChat
L 08/24/2021 - 20:02:08: [SM]   [1] Line 197, plugin.sp::AttemptInstantDefuse
L 08/24/2021 - 20:02:08: [SM]   [2] Line 104, plugin.sp::Event_BombBeginDefusePlusFrame
L 08/24/2021 - 20:02:26: [SM] Exception reported: Language phrase "InstaDefuseSuccessful" not found (arg 5)
L 08/24/2021 - 20:02:26: [SM] Blaming: retakes-instadefuse.smx
L 08/24/2021 - 20:02:26: [SM] Call stack trace:
L 08/24/2021 - 20:02:26: [SM]   [0] PrintToChat
L 08/24/2021 - 20:02:26: [SM]   [1] Line 197, plugin.sp::AttemptInstantDefuse
L 08/24/2021 - 20:02:26: [SM]   [2] Line 104, plugin.sp::Event_BombBeginDefusePlusFrame
L 08/24/2021 - 20:03:22: [SM] Exception reported: Language phrase "InstaDefuseSuccessful" not found (arg 5)
L 08/24/2021 - 20:03:22: [SM] Blaming: retakes-instadefuse.smx
L 08/24/2021 - 20:03:22: [SM] Call stack trace:
L 08/24/2021 - 20:03:22: [SM]   [0] PrintToChat
L 08/24/2021 - 20:03:22: [SM]   [1] Line 197, plugin.sp::AttemptInstantDefuse
L 08/24/2021 - 20:03:22: [SM]   [2] Line 104, plugin.sp::Event_BombBeginDefusePlusFrame
L 08/24/2021 - 20:04:58: [SM] Exception reported: Language phrase "InstaDefuseSuccessful" not found (arg 5)
L 08/24/2021 - 20:04:58: [SM] Blaming: retakes-instadefuse.smx
L 08/24/2021 - 20:04:58: [SM] Call stack trace:
L 08/24/2021 - 20:04:58: [SM]   [0] PrintToChat
L 08/24/2021 - 20:04:58: [SM]   [1] Line 197, plugin.sp::AttemptInstantDefuse
L 08/24/2021 - 20:04:58: [SM]   [2] Line 104, plugin.sp::Event_BombBeginDefusePlusFrame
L 08/24/2021 - 20:05:16: [SM] Exception reported: Language phrase "InstaDefuseSuccessful" not found (arg 5)
L 08/24/2021 - 20:05:16: [SM] Blaming: retakes-instadefuse.smx
L 08/24/2021 - 20:05:16: [SM] Call stack trace:
L 08/24/2021 - 20:05:16: [SM]   [0] PrintToChat
L 08/24/2021 - 20:05:16: [SM]   [1] Line 197, plugin.sp::AttemptInstantDefuse
L 08/24/2021 - 20:05:16: [SM]   [2] Line 104, plugin.sp::Event_BombBeginDefusePlusFrame
L 08/24/2021 - 20:05:41: [SM] Exception reported: Language phrase "InstaDefuseSuccessful" not found (arg 5)
L 08/24/2021 - 20:05:41: [SM] Blaming: retakes-instadefuse.smx
L 08/24/2021 - 20:05:41: [SM] Call stack trace:
L 08/24/2021 - 20:05:41: [SM]   [0] PrintToChat
L 08/24/2021 - 20:05:41: [SM]   [1] Line 197, plugin.sp::AttemptInstantDefuse
L 08/24/2021 - 20:05:41: [SM]   [2] Line 104, plugin.sp::Event_BombBeginDefusePlusFrame
L 08/24/2021 - 20:06:04: [SM] Exception reported: Language phrase "InstaDefuseSuccessful" not found (arg 5)
L 08/24/2021 - 20:06:04: [SM] Blaming: retakes-instadefuse.smx
L 08/24/2021 - 20:06:04: [SM] Call stack trace:
L 08/24/2021 - 20:06:04: [SM]   [0] PrintToChat
L 08/24/2021 - 20:06:04: [SM]   [1] Line 197, plugin.sp::AttemptInstantDefuse
L 08/24/2021 - 20:06:04: [SM]   [2] Line 104, plugin.sp::Event_BombBeginDefusePlusFrame
L 08/24/2021 - 20:07:17: [SM] Exception reported: Language phrase "InstaDefuseSuccessful" not found (arg 5)
L 08/24/2021 - 20:07:17: [SM] Blaming: retakes-instadefuse.smx
L 08/24/2021 - 20:07:17: [SM] Call stack trace:
L 08/24/2021 - 20:07:17: [SM]   [0] PrintToChat
L 08/24/2021 - 20:07:17: [SM]   [1] Line 197, plugin.sp::AttemptInstantDefuse
L 08/24/2021 - 20:07:17: [SM]   [2] Line 104, plugin.sp::Event_BombBeginDefusePlusFrame
L 08/24/2021 - 20:07:55: [SM] Exception reported: Language phrase "InstaDefuseSuccessful" not found (arg 5)
L 08/24/2021 - 20:07:55: [SM] Blaming: retakes-instadefuse.smx
L 08/24/2021 - 20:07:55: [SM] Call stack trace:
L 08/24/2021 - 20:07:55: [SM]   [0] PrintToChat
L 08/24/2021 - 20:07:55: [SM]   [1] Line 197, plugin.sp::AttemptInstantDefuse
L 08/24/2021 - 20:07:55: [SM]   [2] Line 104, plugin.sp::Event_BombBeginDefusePlusFrame
L 08/24/2021 - 20:08:13: [SM] Exception reported: Language phrase "InstaDefuseSuccessful" not found (arg 5)
L 08/24/2021 - 20:08:13: [SM] Blaming: retakes-instadefuse.smx
L 08/24/2021 - 20:08:13: [SM] Call stack trace:
L 08/24/2021 - 20:08:13: [SM]   [0] PrintToChat
L 08/24/2021 - 20:08:13: [SM]   [1] Line 197, plugin.sp::AttemptInstantDefuse
L 08/24/2021 - 20:08:13: [SM]   [2] Line 104, plugin.sp::Event_BombBeginDefusePlusFrame
L 08/24/2021 - 20:08:44: [SM] Exception reported: Language phrase "InstaDefuseSuccessful" not found (arg 5)
L 08/24/2021 - 20:08:44: [SM] Blaming: retakes-instadefuse.smx
L 08/24/2021 - 20:08:44: [SM] Call stack trace:
L 08/24/2021 - 20:08:44: [SM]   [0] PrintToChat
L 08/24/2021 - 20:08:44: [SM]   [1] Line 197, plugin.sp::AttemptInstantDefuse
L 08/24/2021 - 20:08:44: [SM]   [2] Line 104, plugin.sp::Event_BombBeginDefusePlusFrame
L 08/24/2021 - 20:08:59: [SM] Exception reported: Language phrase "InstaDefuseSuccessful" not found (arg 5)
L 08/24/2021 - 20:08:59: [SM] Blaming: retakes-instadefuse.smx
L 08/24/2021 - 20:08:59: [SM] Call stack trace:
L 08/24/2021 - 20:08:59: [SM]   [0] PrintToChat
L 08/24/2021 - 20:08:59: [SM]   [1] Line 197, plugin.sp::AttemptInstantDefuse
L 08/24/2021 - 20:08:59: [SM]   [2] Line 104, plugin.sp::Event_BombBeginDefusePlusFrame
L 08/24/2021 - 20:09:16: [SM] Exception reported: Language phrase "InstaDefuseSuccessful" not found (arg 5)
L 08/24/2021 - 20:09:16: [SM] Blaming: retakes-instadefuse.smx
L 08/24/2021 - 20:09:16: [SM] Call stack trace:
L 08/24/2021 - 20:09:16: [SM]   [0] PrintToChat
L 08/24/2021 - 20:09:16: [SM]   [1] Line 197, plugin.sp::AttemptInstantDefuse
L 08/24/2021 - 20:09:16: [SM]   [2] Line 104, plugin.sp::Event_BombBeginDefusePlusFrame
L 08/24/2021 - 20:09:47: [SM] Exception reported: Language phrase "InstaDefuseSuccessful" not found (arg 5)
L 08/24/2021 - 20:09:47: [SM] Blaming: retakes-instadefuse.smx
L 08/24/2021 - 20:09:47: [SM] Call stack trace:
L 08/24/2021 - 20:09:47: [SM]   [0] PrintToChat
L 08/24/2021 - 20:09:47: [SM]   [1] Line 197, plugin.sp::AttemptInstantDefuse
L 08/24/2021 - 20:09:47: [SM]   [2] Line 104, plugin.sp::Event_BombBeginDefusePlusFrame
