L 09/22/2021 - 00:00:05: SourceMod error session started
L 09/22/2021 - 00:00:05: Info (map "de_dust2") (file "E:\retake\csgoserver\csgo\addons\sourcemod\logs\errors_20210922.log")
L 09/22/2021 - 00:00:05: [SM] Fatal error encountered parsing translation file "ranks_matchmaking.phrases.txt"
L 09/22/2021 - 00:00:05: [SM] Error (line 0, column 0): Stream failed to open
L 09/22/2021 - 00:00:05: [SM] Fatal error encountered parsing translation file "instadefuse.phrases.txt"
L 09/22/2021 - 00:00:05: [SM] Error (line 0, column 0): Stream failed to open
L 09/22/2021 - 00:00:05: [SM] Exception reported: Language phrase "Unranked" not found (arg 5)
L 09/22/2021 - 00:00:05: [SM] Blaming: ranks_matchmaking.smx
L 09/22/2021 - 00:00:05: [SM] Call stack trace:
L 09/22/2021 - 00:00:05: [SM]   [0] FormatEx
L 09/22/2021 - 00:00:05: [SM]   [1] Line 174, ranks_matchmaking.sp::GetRanksNames
L 09/22/2021 - 00:00:05: [SM]   [2] Line 169, ranks_matchmaking.sp::OnMapStart
L 09/22/2021 - 00:00:57: SourceMod error session started
L 09/22/2021 - 00:00:57: Info (map "de_mirage") (file "e:\retake\csgoserver\csgo\addons\sourcemod\logs\errors_20210922.log")
L 09/22/2021 - 00:00:57: [SM] Exception reported: Failed to create SDKCall for CCSBot::IsAtHidingSpot signature!
L 09/22/2021 - 00:00:57: [SM] Blaming: bot_improver.smx
L 09/22/2021 - 00:00:57: [SM] Call stack trace:
L 09/22/2021 - 00:00:57: [SM]   [0] SetFailState
L 09/22/2021 - 00:00:57: [SM]   [1] Line 116, plugin.sp::OnPluginStart
L 09/22/2021 - 00:00:57: [SM] Unable to load plugin "bot_improver.smx": Error detected in plugin startup (see error logs)
L 09/22/2021 - 00:00:57: [SM] Unable to load plugin "bot_inventory.smx": Native "eItems_AreItemsSynced" was not found
L 09/22/2021 - 00:00:57: [SM] Unable to load plugin "bot_stuff.smx": Could not find required plugin "navmesh"
L 09/22/2021 - 00:00:57: [SM] Fatal error encountered parsing translation file "ranks_matchmaking.phrases.txt"
L 09/22/2021 - 00:00:57: [SM] Error (line 0, column 0): Stream failed to open
L 09/22/2021 - 00:00:57: [SM] Fatal error encountered parsing translation file "instadefuse.phrases.txt"
L 09/22/2021 - 00:00:57: [SM] Error (line 0, column 0): Stream failed to open
L 09/22/2021 - 00:01:01: [SM] Exception reported: Language phrase "Unranked" not found (arg 5)
L 09/22/2021 - 00:01:01: [SM] Blaming: ranks_matchmaking.smx
L 09/22/2021 - 00:01:01: [SM] Call stack trace:
L 09/22/2021 - 00:01:01: [SM]   [0] FormatEx
L 09/22/2021 - 00:01:01: [SM]   [1] Line 174, ranks_matchmaking.sp::GetRanksNames
L 09/22/2021 - 00:01:01: [SM]   [2] Line 169, ranks_matchmaking.sp::OnMapStart
L 09/22/2021 - 00:01:49: SourceMod error session started
L 09/22/2021 - 00:01:49: Info (map "de_dust2") (file "E:\retake\csgoserver\csgo\addons\sourcemod\logs\errors_20210922.log")
L 09/22/2021 - 00:01:49: [SM] Exception reported: Failed to create SDKCall for CCSBot::IsAtHidingSpot signature!
L 09/22/2021 - 00:01:49: [SM] Blaming: bot_improver.smx
L 09/22/2021 - 00:01:49: [SM] Call stack trace:
L 09/22/2021 - 00:01:49: [SM]   [0] SetFailState
L 09/22/2021 - 00:01:49: [SM]   [1] Line 116, plugin.sp::OnPluginStart
L 09/22/2021 - 00:01:49: [SM] Unable to load plugin "bot_improver.smx": Error detected in plugin startup (see error logs)
L 09/22/2021 - 00:01:49: [SM] Unable to load plugin "bot_inventory.smx": Native "eItems_AreItemsSynced" was not found
L 09/22/2021 - 00:01:49: [SM] Unable to load plugin "bot_stuff.smx": Could not find required plugin "navmesh"
L 09/22/2021 - 00:01:50: [SM] Fatal error encountered parsing translation file "ranks_matchmaking.phrases.txt"
L 09/22/2021 - 00:01:50: [SM] Error (line 0, column 0): Stream failed to open
L 09/22/2021 - 00:01:50: [SM] Fatal error encountered parsing translation file "instadefuse.phrases.txt"
L 09/22/2021 - 00:01:50: [SM] Error (line 0, column 0): Stream failed to open
L 09/22/2021 - 00:01:52: [SM] Exception reported: Language phrase "Unranked" not found (arg 5)
L 09/22/2021 - 00:01:52: [SM] Blaming: ranks_matchmaking.smx
L 09/22/2021 - 00:01:52: [SM] Call stack trace:
L 09/22/2021 - 00:01:52: [SM]   [0] FormatEx
L 09/22/2021 - 00:01:52: [SM]   [1] Line 174, ranks_matchmaking.sp::GetRanksNames
L 09/22/2021 - 00:01:52: [SM]   [2] Line 169, ranks_matchmaking.sp::OnMapStart
L 09/22/2021 - 00:01:58: Error log file session closed.
L 09/22/2021 - 00:01:58: SourceMod error session started
L 09/22/2021 - 00:01:58: Info (map "de_dust2") (file "E:\retake\csgoserver\csgo\addons\sourcemod\logs\errors_20210922.log")
L 09/22/2021 - 00:01:58: [SM] Fatal error encountered parsing translation file "ranks_matchmaking.phrases.txt"
L 09/22/2021 - 00:01:58: [SM] Error (line 0, column 0): Stream failed to open
L 09/22/2021 - 00:01:58: [SM] Fatal error encountered parsing translation file "instadefuse.phrases.txt"
L 09/22/2021 - 00:01:58: [SM] Error (line 0, column 0): Stream failed to open
L 09/22/2021 - 00:01:59: [SM] Exception reported: Language phrase "Unranked" not found (arg 5)
L 09/22/2021 - 00:01:59: [SM] Blaming: ranks_matchmaking.smx
L 09/22/2021 - 00:01:59: [SM] Call stack trace:
L 09/22/2021 - 00:01:59: [SM]   [0] FormatEx
L 09/22/2021 - 00:01:59: [SM]   [1] Line 174, ranks_matchmaking.sp::GetRanksNames
L 09/22/2021 - 00:01:59: [SM]   [2] Line 169, ranks_matchmaking.sp::OnMapStart
L 09/22/2021 - 00:02:52: SourceMod error session started
L 09/22/2021 - 00:02:52: Info (map "de_dust2") (file "E:\retake\csgoserver\csgo\addons\sourcemod\logs\errors_20210922.log")
L 09/22/2021 - 00:02:52: [SM] Exception reported: Failed to create SDKCall for CCSBot::IsAtHidingSpot signature!
L 09/22/2021 - 00:02:52: [SM] Blaming: bot_improver.smx
L 09/22/2021 - 00:02:52: [SM] Call stack trace:
L 09/22/2021 - 00:02:52: [SM]   [0] SetFailState
L 09/22/2021 - 00:02:52: [SM]   [1] Line 116, plugin.sp::OnPluginStart
L 09/22/2021 - 00:02:52: [SM] Unable to load plugin "bot_improver.smx": Error detected in plugin startup (see error logs)
L 09/22/2021 - 00:02:52: [SM] Unable to load plugin "bot_inventory.smx": Native "eItems_AreItemsSynced" was not found
L 09/22/2021 - 00:02:52: [SM] Unable to load plugin "bot_stuff.smx": Could not find required plugin "navmesh"
L 09/22/2021 - 00:02:52: [SM] Fatal error encountered parsing translation file "ranks_matchmaking.phrases.txt"
L 09/22/2021 - 00:02:52: [SM] Error (line 0, column 0): Stream failed to open
L 09/22/2021 - 00:02:52: [SM] Fatal error encountered parsing translation file "instadefuse.phrases.txt"
L 09/22/2021 - 00:02:52: [SM] Error (line 0, column 0): Stream failed to open
L 09/22/2021 - 00:02:54: [SM] Exception reported: Language phrase "Unranked" not found (arg 5)
L 09/22/2021 - 00:02:54: [SM] Blaming: ranks_matchmaking.smx
L 09/22/2021 - 00:02:54: [SM] Call stack trace:
L 09/22/2021 - 00:02:54: [SM]   [0] FormatEx
L 09/22/2021 - 00:02:54: [SM]   [1] Line 174, ranks_matchmaking.sp::GetRanksNames
L 09/22/2021 - 00:02:54: [SM]   [2] Line 169, ranks_matchmaking.sp::OnMapStart
L 09/22/2021 - 00:03:17: Error log file session closed.
L 09/22/2021 - 00:03:17: SourceMod error session started
L 09/22/2021 - 00:03:17: Info (map "de_dust2") (file "E:\retake\csgoserver\csgo\addons\sourcemod\logs\errors_20210922.log")
L 09/22/2021 - 00:03:17: [SM] Fatal error encountered parsing translation file "ranks_matchmaking.phrases.txt"
L 09/22/2021 - 00:03:17: [SM] Error (line 0, column 0): Stream failed to open
L 09/22/2021 - 00:03:17: [SM] Fatal error encountered parsing translation file "instadefuse.phrases.txt"
L 09/22/2021 - 00:03:17: [SM] Error (line 0, column 0): Stream failed to open
L 09/22/2021 - 00:03:18: [SM] Exception reported: Language phrase "Unranked" not found (arg 5)
L 09/22/2021 - 00:03:18: [SM] Blaming: ranks_matchmaking.smx
L 09/22/2021 - 00:03:18: [SM] Call stack trace:
L 09/22/2021 - 00:03:18: [SM]   [0] FormatEx
L 09/22/2021 - 00:03:18: [SM]   [1] Line 174, ranks_matchmaking.sp::GetRanksNames
L 09/22/2021 - 00:03:18: [SM]   [2] Line 169, ranks_matchmaking.sp::OnMapStart
L 09/22/2021 - 00:11:26: SourceMod error session started
L 09/22/2021 - 00:11:26: Info (map "de_dust2") (file "E:\retake\csgoserver\csgo\addons\sourcemod\logs\errors_20210922.log")
L 09/22/2021 - 00:11:26: [SM] Exception reported: Failed to create SDKCall for CCSBot::IsAtHidingSpot signature!
L 09/22/2021 - 00:11:26: [SM] Blaming: bot_improver.smx
L 09/22/2021 - 00:11:26: [SM] Call stack trace:
L 09/22/2021 - 00:11:26: [SM]   [0] SetFailState
L 09/22/2021 - 00:11:26: [SM]   [1] Line 116, plugin.sp::OnPluginStart
L 09/22/2021 - 00:11:26: [SM] Unable to load plugin "bot_improver.smx": Error detected in plugin startup (see error logs)
L 09/22/2021 - 00:11:26: [SM] Unable to load plugin "bot_inventory.smx": Native "eItems_AreItemsSynced" was not found
L 09/22/2021 - 00:11:26: [SM] Unable to load plugin "bot_stuff.smx": Could not find required plugin "navmesh"
L 09/22/2021 - 00:11:26: [SM] Fatal error encountered parsing translation file "ranks_matchmaking.phrases.txt"
L 09/22/2021 - 00:11:26: [SM] Error (line 0, column 0): Stream failed to open
L 09/22/2021 - 00:11:26: [SM] Fatal error encountered parsing translation file "instadefuse.phrases.txt"
L 09/22/2021 - 00:11:26: [SM] Error (line 0, column 0): Stream failed to open
L 09/22/2021 - 00:11:43: [SM] Exception reported: Language phrase "Unranked" not found (arg 5)
L 09/22/2021 - 00:11:43: [SM] Blaming: ranks_matchmaking.smx
L 09/22/2021 - 00:11:43: [SM] Call stack trace:
L 09/22/2021 - 00:11:43: [SM]   [0] FormatEx
L 09/22/2021 - 00:11:43: [SM]   [1] Line 174, ranks_matchmaking.sp::GetRanksNames
L 09/22/2021 - 00:11:43: [SM]   [2] Line 169, ranks_matchmaking.sp::OnMapStart
L 09/22/2021 - 00:11:53: Error log file session closed.
L 09/22/2021 - 00:11:53: SourceMod error session started
L 09/22/2021 - 00:11:53: Info (map "de_dust2") (file "E:\retake\csgoserver\csgo\addons\sourcemod\logs\errors_20210922.log")
L 09/22/2021 - 00:11:53: [SM] Fatal error encountered parsing translation file "ranks_matchmaking.phrases.txt"
L 09/22/2021 - 00:11:53: [SM] Error (line 0, column 0): Stream failed to open
L 09/22/2021 - 00:11:53: [SM] Fatal error encountered parsing translation file "instadefuse.phrases.txt"
L 09/22/2021 - 00:11:53: [SM] Error (line 0, column 0): Stream failed to open
L 09/22/2021 - 00:11:54: [SM] Exception reported: Language phrase "Unranked" not found (arg 5)
L 09/22/2021 - 00:11:54: [SM] Blaming: ranks_matchmaking.smx
L 09/22/2021 - 00:11:54: [SM] Call stack trace:
L 09/22/2021 - 00:11:54: [SM]   [0] FormatEx
L 09/22/2021 - 00:11:54: [SM]   [1] Line 174, ranks_matchmaking.sp::GetRanksNames
L 09/22/2021 - 00:11:54: [SM]   [2] Line 169, ranks_matchmaking.sp::OnMapStart
L 09/22/2021 - 02:10:00: SourceMod error session started
L 09/22/2021 - 02:10:00: Info (map "de_dust2") (file "E:\retake\csgoserver\csgo\addons\sourcemod\logs\errors_20210922.log")
L 09/22/2021 - 02:10:00: [SM] Exception reported: Failed to create SDKCall for CCSBot::IsAtHidingSpot signature!
L 09/22/2021 - 02:10:00: [SM] Blaming: bot_improver.smx
L 09/22/2021 - 02:10:00: [SM] Call stack trace:
L 09/22/2021 - 02:10:00: [SM]   [0] SetFailState
L 09/22/2021 - 02:10:00: [SM]   [1] Line 116, plugin.sp::OnPluginStart
L 09/22/2021 - 02:10:00: [SM] Unable to load plugin "bot_improver.smx": Error detected in plugin startup (see error logs)
L 09/22/2021 - 02:10:00: [SM] Unable to load plugin "bot_inventory.smx": Native "eItems_AreItemsSynced" was not found
L 09/22/2021 - 02:10:00: [SM] Unable to load plugin "bot_stuff.smx": Could not find required plugin "navmesh"
L 09/22/2021 - 02:10:01: [SM] Fatal error encountered parsing translation file "ranks_matchmaking.phrases.txt"
L 09/22/2021 - 02:10:01: [SM] Error (line 0, column 0): Stream failed to open
L 09/22/2021 - 02:10:01: [SM] Fatal error encountered parsing translation file "instadefuse.phrases.txt"
L 09/22/2021 - 02:10:01: [SM] Error (line 0, column 0): Stream failed to open
L 09/22/2021 - 02:10:20: [SM] Exception reported: Language phrase "Unranked" not found (arg 5)
L 09/22/2021 - 02:10:20: [SM] Blaming: ranks_matchmaking.smx
L 09/22/2021 - 02:10:20: [SM] Call stack trace:
L 09/22/2021 - 02:10:20: [SM]   [0] FormatEx
L 09/22/2021 - 02:10:20: [SM]   [1] Line 174, ranks_matchmaking.sp::GetRanksNames
L 09/22/2021 - 02:10:20: [SM]   [2] Line 169, ranks_matchmaking.sp::OnMapStart
L 09/22/2021 - 02:11:23: SourceMod error session started
L 09/22/2021 - 02:11:23: Info (map "de_dust2") (file "E:\retake\csgoserver\csgo\addons\sourcemod\logs\errors_20210922.log")
L 09/22/2021 - 02:11:23: [SM] Exception reported: Failed to create SDKCall for CCSBot::IsAtHidingSpot signature!
L 09/22/2021 - 02:11:23: [SM] Blaming: bot_improver.smx
L 09/22/2021 - 02:11:23: [SM] Call stack trace:
L 09/22/2021 - 02:11:23: [SM]   [0] SetFailState
L 09/22/2021 - 02:11:23: [SM]   [1] Line 116, plugin.sp::OnPluginStart
L 09/22/2021 - 02:11:23: [SM] Unable to load plugin "bot_improver.smx": Error detected in plugin startup (see error logs)
L 09/22/2021 - 02:11:23: [SM] Unable to load plugin "bot_inventory.smx": Native "eItems_AreItemsSynced" was not found
L 09/22/2021 - 02:11:23: [SM] Unable to load plugin "bot_stuff.smx": Could not find required plugin "navmesh"
L 09/22/2021 - 02:11:23: [SM] Fatal error encountered parsing translation file "ranks_matchmaking.phrases.txt"
L 09/22/2021 - 02:11:23: [SM] Error (line 0, column 0): Stream failed to open
L 09/22/2021 - 02:11:23: [SM] Fatal error encountered parsing translation file "instadefuse.phrases.txt"
L 09/22/2021 - 02:11:23: [SM] Error (line 0, column 0): Stream failed to open
L 09/22/2021 - 02:11:26: [SM] Exception reported: Language phrase "Unranked" not found (arg 5)
L 09/22/2021 - 02:11:26: [SM] Blaming: ranks_matchmaking.smx
L 09/22/2021 - 02:11:26: [SM] Call stack trace:
L 09/22/2021 - 02:11:26: [SM]   [0] FormatEx
L 09/22/2021 - 02:11:26: [SM]   [1] Line 174, ranks_matchmaking.sp::GetRanksNames
L 09/22/2021 - 02:11:26: [SM]   [2] Line 169, ranks_matchmaking.sp::OnMapStart
L 09/22/2021 - 02:12:11: Error log file session closed.
L 09/22/2021 - 02:12:11: SourceMod error session started
L 09/22/2021 - 02:12:11: Info (map "de_dust2") (file "E:\retake\csgoserver\csgo\addons\sourcemod\logs\errors_20210922.log")
L 09/22/2021 - 02:12:11: [SM] Fatal error encountered parsing translation file "ranks_matchmaking.phrases.txt"
L 09/22/2021 - 02:12:11: [SM] Error (line 0, column 0): Stream failed to open
L 09/22/2021 - 02:12:11: [SM] Fatal error encountered parsing translation file "instadefuse.phrases.txt"
L 09/22/2021 - 02:12:11: [SM] Error (line 0, column 0): Stream failed to open
L 09/22/2021 - 02:12:12: [SM] Exception reported: Language phrase "Unranked" not found (arg 5)
L 09/22/2021 - 02:12:12: [SM] Blaming: ranks_matchmaking.smx
L 09/22/2021 - 02:12:12: [SM] Call stack trace:
L 09/22/2021 - 02:12:12: [SM]   [0] FormatEx
L 09/22/2021 - 02:12:12: [SM]   [1] Line 174, ranks_matchmaking.sp::GetRanksNames
L 09/22/2021 - 02:12:12: [SM]   [2] Line 169, ranks_matchmaking.sp::OnMapStart
L 09/22/2021 - 02:23:03: SourceMod error session started
L 09/22/2021 - 02:23:03: Info (map "de_dust2") (file "E:\retake\csgoserver\csgo\addons\sourcemod\logs\errors_20210922.log")
L 09/22/2021 - 02:23:03: [SM] Exception reported: Failed to create SDKCall for CCSBot::IsAtHidingSpot signature!
L 09/22/2021 - 02:23:03: [SM] Blaming: bot_improver.smx
L 09/22/2021 - 02:23:03: [SM] Call stack trace:
L 09/22/2021 - 02:23:03: [SM]   [0] SetFailState
L 09/22/2021 - 02:23:03: [SM]   [1] Line 116, plugin.sp::OnPluginStart
L 09/22/2021 - 02:23:03: [SM] Unable to load plugin "bot_improver.smx": Error detected in plugin startup (see error logs)
L 09/22/2021 - 02:23:03: [SM] Unable to load plugin "bot_inventory.smx": Native "eItems_AreItemsSynced" was not found
L 09/22/2021 - 02:23:03: [SM] Unable to load plugin "bot_stuff.smx": Could not find required plugin "navmesh"
L 09/22/2021 - 02:23:03: [SM] Fatal error encountered parsing translation file "ranks_matchmaking.phrases.txt"
L 09/22/2021 - 02:23:03: [SM] Error (line 0, column 0): Stream failed to open
L 09/22/2021 - 02:23:03: [SM] Fatal error encountered parsing translation file "instadefuse.phrases.txt"
L 09/22/2021 - 02:23:03: [SM] Error (line 0, column 0): Stream failed to open
L 09/22/2021 - 02:23:23: [SM] Exception reported: Language phrase "Unranked" not found (arg 5)
L 09/22/2021 - 02:23:23: [SM] Blaming: ranks_matchmaking.smx
L 09/22/2021 - 02:23:23: [SM] Call stack trace:
L 09/22/2021 - 02:23:23: [SM]   [0] FormatEx
L 09/22/2021 - 02:23:23: [SM]   [1] Line 174, ranks_matchmaking.sp::GetRanksNames
L 09/22/2021 - 02:23:23: [SM]   [2] Line 169, ranks_matchmaking.sp::OnMapStart
L 09/22/2021 - 02:23:44: Error log file session closed.
L 09/22/2021 - 02:23:44: SourceMod error session started
L 09/22/2021 - 02:23:44: Info (map "de_dust2") (file "E:\retake\csgoserver\csgo\addons\sourcemod\logs\errors_20210922.log")
L 09/22/2021 - 02:23:44: [SM] Fatal error encountered parsing translation file "ranks_matchmaking.phrases.txt"
L 09/22/2021 - 02:23:44: [SM] Error (line 0, column 0): Stream failed to open
L 09/22/2021 - 02:23:44: [SM] Fatal error encountered parsing translation file "instadefuse.phrases.txt"
L 09/22/2021 - 02:23:44: [SM] Error (line 0, column 0): Stream failed to open
L 09/22/2021 - 02:23:45: [SM] Exception reported: Language phrase "Unranked" not found (arg 5)
L 09/22/2021 - 02:23:45: [SM] Blaming: ranks_matchmaking.smx
L 09/22/2021 - 02:23:45: [SM] Call stack trace:
L 09/22/2021 - 02:23:45: [SM]   [0] FormatEx
L 09/22/2021 - 02:23:45: [SM]   [1] Line 174, ranks_matchmaking.sp::GetRanksNames
L 09/22/2021 - 02:23:45: [SM]   [2] Line 169, ranks_matchmaking.sp::OnMapStart
L 09/22/2021 - 02:33:33: SourceMod error session started
L 09/22/2021 - 02:33:33: Info (map "de_dust2") (file "E:\retake\csgoserver\csgo\addons\sourcemod\logs\errors_20210922.log")
L 09/22/2021 - 02:33:33: [SM] Exception reported: Failed to create SDKCall for CCSBot::IsAtHidingSpot signature!
L 09/22/2021 - 02:33:33: [SM] Blaming: bot_improver.smx
L 09/22/2021 - 02:33:33: [SM] Call stack trace:
L 09/22/2021 - 02:33:33: [SM]   [0] SetFailState
L 09/22/2021 - 02:33:33: [SM]   [1] Line 116, plugin.sp::OnPluginStart
L 09/22/2021 - 02:33:33: [SM] Unable to load plugin "bot_improver.smx": Error detected in plugin startup (see error logs)
L 09/22/2021 - 02:33:33: [SM] Unable to load plugin "bot_inventory.smx": Native "eItems_AreItemsSynced" was not found
L 09/22/2021 - 02:33:33: [SM] Unable to load plugin "bot_stuff.smx": Could not find required plugin "navmesh"
L 09/22/2021 - 02:33:33: [SM] Fatal error encountered parsing translation file "ranks_matchmaking.phrases.txt"
L 09/22/2021 - 02:33:33: [SM] Error (line 0, column 0): Stream failed to open
L 09/22/2021 - 02:33:33: [SM] Fatal error encountered parsing translation file "instadefuse.phrases.txt"
L 09/22/2021 - 02:33:33: [SM] Error (line 0, column 0): Stream failed to open
L 09/22/2021 - 02:33:36: [SM] Exception reported: Language phrase "Unranked" not found (arg 5)
L 09/22/2021 - 02:33:36: [SM] Blaming: ranks_matchmaking.smx
L 09/22/2021 - 02:33:36: [SM] Call stack trace:
L 09/22/2021 - 02:33:36: [SM]   [0] FormatEx
L 09/22/2021 - 02:33:36: [SM]   [1] Line 174, ranks_matchmaking.sp::GetRanksNames
L 09/22/2021 - 02:33:36: [SM]   [2] Line 169, ranks_matchmaking.sp::OnMapStart
L 09/22/2021 - 02:34:10: Error log file session closed.
L 09/22/2021 - 02:34:10: SourceMod error session started
L 09/22/2021 - 02:34:10: Info (map "de_dust2") (file "E:\retake\csgoserver\csgo\addons\sourcemod\logs\errors_20210922.log")
L 09/22/2021 - 02:34:10: [SM] Fatal error encountered parsing translation file "ranks_matchmaking.phrases.txt"
L 09/22/2021 - 02:34:10: [SM] Error (line 0, column 0): Stream failed to open
L 09/22/2021 - 02:34:10: [SM] Fatal error encountered parsing translation file "instadefuse.phrases.txt"
L 09/22/2021 - 02:34:10: [SM] Error (line 0, column 0): Stream failed to open
L 09/22/2021 - 02:34:12: [SM] Exception reported: Language phrase "Unranked" not found (arg 5)
L 09/22/2021 - 02:34:12: [SM] Blaming: ranks_matchmaking.smx
L 09/22/2021 - 02:34:12: [SM] Call stack trace:
L 09/22/2021 - 02:34:12: [SM]   [0] FormatEx
L 09/22/2021 - 02:34:12: [SM]   [1] Line 174, ranks_matchmaking.sp::GetRanksNames
L 09/22/2021 - 02:34:12: [SM]   [2] Line 169, ranks_matchmaking.sp::OnMapStart
L 09/22/2021 - 02:41:52: [SM] Exception reported: Language phrase "InstaDefuseSuccessful" not found (arg 5)
L 09/22/2021 - 02:41:52: [SM] Blaming: retakes-instadefuse.smx
L 09/22/2021 - 02:41:52: [SM] Call stack trace:
L 09/22/2021 - 02:41:52: [SM]   [0] PrintToChat
L 09/22/2021 - 02:41:52: [SM]   [1] Line 197, plugin.sp::AttemptInstantDefuse
L 09/22/2021 - 02:41:52: [SM]   [2] Line 104, plugin.sp::Event_BombBeginDefusePlusFrame
L 09/22/2021 - 02:42:19: [SM] Exception reported: Language phrase "InstaDefuseSuccessful" not found (arg 5)
L 09/22/2021 - 02:42:19: [SM] Blaming: retakes-instadefuse.smx
L 09/22/2021 - 02:42:19: [SM] Call stack trace:
L 09/22/2021 - 02:42:19: [SM]   [0] PrintToChat
L 09/22/2021 - 02:42:19: [SM]   [1] Line 197, plugin.sp::AttemptInstantDefuse
L 09/22/2021 - 02:42:19: [SM]   [2] Line 104, plugin.sp::Event_BombBeginDefusePlusFrame
L 09/22/2021 - 02:42:37: [SM] Exception reported: Language phrase "InstaDefuseSuccessful" not found (arg 5)
L 09/22/2021 - 02:42:37: [SM] Blaming: retakes-instadefuse.smx
L 09/22/2021 - 02:42:37: [SM] Call stack trace:
L 09/22/2021 - 02:42:37: [SM]   [0] PrintToChat
L 09/22/2021 - 02:42:37: [SM]   [1] Line 197, plugin.sp::AttemptInstantDefuse
L 09/22/2021 - 02:42:37: [SM]   [2] Line 104, plugin.sp::Event_BombBeginDefusePlusFrame
L 09/22/2021 - 02:42:37: [SM] Exception reported: Language phrase "InstaDefuseSuccessful" not found (arg 5)
L 09/22/2021 - 02:42:37: [SM] Blaming: retakes-instadefuse.smx
L 09/22/2021 - 02:42:37: [SM] Call stack trace:
L 09/22/2021 - 02:42:37: [SM]   [0] PrintToChat
L 09/22/2021 - 02:42:37: [SM]   [1] Line 197, plugin.sp::AttemptInstantDefuse
L 09/22/2021 - 02:42:37: [SM]   [2] Line 104, plugin.sp::Event_BombBeginDefusePlusFrame
L 09/22/2021 - 02:42:39: [SM] Exception reported: Language phrase "InstaDefuseSuccessful" not found (arg 5)
L 09/22/2021 - 02:42:39: [SM] Blaming: retakes-instadefuse.smx
L 09/22/2021 - 02:42:39: [SM] Call stack trace:
L 09/22/2021 - 02:42:39: [SM]   [0] PrintToChat
L 09/22/2021 - 02:42:39: [SM]   [1] Line 197, plugin.sp::AttemptInstantDefuse
L 09/22/2021 - 02:42:39: [SM]   [2] Line 104, plugin.sp::Event_BombBeginDefusePlusFrame
L 09/22/2021 - 02:42:40: [SM] Exception reported: Language phrase "InstaDefuseSuccessful" not found (arg 5)
L 09/22/2021 - 02:42:40: [SM] Blaming: retakes-instadefuse.smx
L 09/22/2021 - 02:42:40: [SM] Call stack trace:
L 09/22/2021 - 02:42:40: [SM]   [0] PrintToChat
L 09/22/2021 - 02:42:40: [SM]   [1] Line 197, plugin.sp::AttemptInstantDefuse
L 09/22/2021 - 02:42:40: [SM]   [2] Line 104, plugin.sp::Event_BombBeginDefusePlusFrame
L 09/22/2021 - 02:42:41: [SM] Exception reported: Language phrase "InstaDefuseSuccessful" not found (arg 5)
L 09/22/2021 - 02:42:41: [SM] Blaming: retakes-instadefuse.smx
L 09/22/2021 - 02:42:41: [SM] Call stack trace:
L 09/22/2021 - 02:42:41: [SM]   [0] PrintToChat
L 09/22/2021 - 02:42:41: [SM]   [1] Line 197, plugin.sp::AttemptInstantDefuse
L 09/22/2021 - 02:42:41: [SM]   [2] Line 104, plugin.sp::Event_BombBeginDefusePlusFrame
L 09/22/2021 - 02:44:09: [SM] Exception reported: Language phrase "InstaDefuseUnsuccessful" not found (arg 5)
L 09/22/2021 - 02:44:09: [SM] Blaming: retakes-instadefuse.smx
L 09/22/2021 - 02:44:09: [SM] Call stack trace:
L 09/22/2021 - 02:44:09: [SM]   [0] PrintToChat
L 09/22/2021 - 02:44:09: [SM]   [1] Line 143, plugin.sp::AttemptInstantDefuse
L 09/22/2021 - 02:44:09: [SM]   [2] Line 104, plugin.sp::Event_BombBeginDefusePlusFrame
L 09/22/2021 - 02:44:09: [SM] Exception reported: Language phrase "InstaDefuseUnsuccessful" not found (arg 5)
L 09/22/2021 - 02:44:09: [SM] Blaming: retakes-instadefuse.smx
L 09/22/2021 - 02:44:09: [SM] Call stack trace:
L 09/22/2021 - 02:44:09: [SM]   [0] PrintToChat
L 09/22/2021 - 02:44:09: [SM]   [1] Line 143, plugin.sp::AttemptInstantDefuse
L 09/22/2021 - 02:44:09: [SM]   [2] Line 104, plugin.sp::Event_BombBeginDefusePlusFrame
L 09/22/2021 - 02:44:10: [SM] Exception reported: Language phrase "InstaDefuseUnsuccessful" not found (arg 5)
L 09/22/2021 - 02:44:10: [SM] Blaming: retakes-instadefuse.smx
L 09/22/2021 - 02:44:10: [SM] Call stack trace:
L 09/22/2021 - 02:44:10: [SM]   [0] PrintToChat
L 09/22/2021 - 02:44:10: [SM]   [1] Line 143, plugin.sp::AttemptInstantDefuse
L 09/22/2021 - 02:44:10: [SM]   [2] Line 104, plugin.sp::Event_BombBeginDefusePlusFrame
L 09/22/2021 - 02:44:10: [SM] Exception reported: Language phrase "InstaDefuseUnsuccessful" not found (arg 5)
L 09/22/2021 - 02:44:10: [SM] Blaming: retakes-instadefuse.smx
L 09/22/2021 - 02:44:10: [SM] Call stack trace:
L 09/22/2021 - 02:44:10: [SM]   [0] PrintToChat
L 09/22/2021 - 02:44:10: [SM]   [1] Line 143, plugin.sp::AttemptInstantDefuse
L 09/22/2021 - 02:44:10: [SM]   [2] Line 104, plugin.sp::Event_BombBeginDefusePlusFrame
L 09/22/2021 - 02:44:10: [SM] Exception reported: Language phrase "InstaDefuseUnsuccessful" not found (arg 5)
L 09/22/2021 - 02:44:10: [SM] Blaming: retakes-instadefuse.smx
L 09/22/2021 - 02:44:10: [SM] Call stack trace:
L 09/22/2021 - 02:44:10: [SM]   [0] PrintToChat
L 09/22/2021 - 02:44:10: [SM]   [1] Line 143, plugin.sp::AttemptInstantDefuse
L 09/22/2021 - 02:44:10: [SM]   [2] Line 104, plugin.sp::Event_BombBeginDefusePlusFrame
L 09/22/2021 - 02:44:11: [SM] Exception reported: Language phrase "InstaDefuseUnsuccessful" not found (arg 5)
L 09/22/2021 - 02:44:11: [SM] Blaming: retakes-instadefuse.smx
L 09/22/2021 - 02:44:11: [SM] Call stack trace:
L 09/22/2021 - 02:44:11: [SM]   [0] PrintToChat
L 09/22/2021 - 02:44:11: [SM]   [1] Line 143, plugin.sp::AttemptInstantDefuse
L 09/22/2021 - 02:44:11: [SM]   [2] Line 104, plugin.sp::Event_BombBeginDefusePlusFrame
L 09/22/2021 - 02:44:33: [SM] Exception reported: Language phrase "InstaDefuseSuccessful" not found (arg 5)
L 09/22/2021 - 02:44:33: [SM] Blaming: retakes-instadefuse.smx
L 09/22/2021 - 02:44:33: [SM] Call stack trace:
L 09/22/2021 - 02:44:33: [SM]   [0] PrintToChat
L 09/22/2021 - 02:44:33: [SM]   [1] Line 197, plugin.sp::AttemptInstantDefuse
L 09/22/2021 - 02:44:33: [SM]   [2] Line 104, plugin.sp::Event_BombBeginDefusePlusFrame
L 09/22/2021 - 02:44:52: [SM] Exception reported: Language phrase "InstaDefuseSuccessful" not found (arg 5)
L 09/22/2021 - 02:44:52: [SM] Blaming: retakes-instadefuse.smx
L 09/22/2021 - 02:44:52: [SM] Call stack trace:
L 09/22/2021 - 02:44:52: [SM]   [0] PrintToChat
L 09/22/2021 - 02:44:52: [SM]   [1] Line 197, plugin.sp::AttemptInstantDefuse
L 09/22/2021 - 02:44:52: [SM]   [2] Line 104, plugin.sp::Event_BombBeginDefusePlusFrame
L 09/22/2021 - 02:47:31: [SM] Exception reported: Language phrase "InstaDefuseSuccessful" not found (arg 5)
L 09/22/2021 - 02:47:31: [SM] Blaming: retakes-instadefuse.smx
L 09/22/2021 - 02:47:31: [SM] Call stack trace:
L 09/22/2021 - 02:47:31: [SM]   [0] PrintToChat
L 09/22/2021 - 02:47:31: [SM]   [1] Line 197, plugin.sp::AttemptInstantDefuse
L 09/22/2021 - 02:47:31: [SM]   [2] Line 104, plugin.sp::Event_BombBeginDefusePlusFrame
L 09/22/2021 - 02:48:03: [SM] Exception reported: Client 5 is not connected
L 09/22/2021 - 02:48:03: [SM] Blaming: kento_rankme.smx
L 09/22/2021 - 02:48:03: [SM] Call stack trace:
L 09/22/2021 - 02:48:03: [SM]   [0] GetClientName
L 09/22/2021 - 02:48:03: [SM]   [1] Line 1837, D:\csgoserver\csgo\addons\sourcemod\scripting\kento_rankme.sp::RankConnectCallback
L 09/22/2021 - 02:48:03: [SM]   [3] Call_Finish
L 09/22/2021 - 02:48:03: [SM]   [4] Line 175, D:\csgoserver\csgo\addons\sourcemod\scripting\include\kento_rankme/natives.inc::CallRankCallback
L 09/22/2021 - 02:48:03: [SM]   [5] Line 155, D:\csgoserver\csgo\addons\sourcemod\scripting\include\kento_rankme/natives.inc::SQL_GetRankCallback
L 09/22/2021 - 02:48:23: [SM] Exception reported: Language phrase "InstaDefuseSuccessful" not found (arg 5)
L 09/22/2021 - 02:48:23: [SM] Blaming: retakes-instadefuse.smx
L 09/22/2021 - 02:48:23: [SM] Call stack trace:
L 09/22/2021 - 02:48:23: [SM]   [0] PrintToChat
L 09/22/2021 - 02:48:23: [SM]   [1] Line 197, plugin.sp::AttemptInstantDefuse
L 09/22/2021 - 02:48:23: [SM]   [2] Line 104, plugin.sp::Event_BombBeginDefusePlusFrame
L 09/22/2021 - 02:49:52: [SM] Exception reported: Client index 0 is invalid
L 09/22/2021 - 02:49:52: [SM] Blaming: kento_rankme.smx
L 09/22/2021 - 02:49:52: [SM] Call stack trace:
L 09/22/2021 - 02:49:52: [SM]   [0] IsClientInGame
L 09/22/2021 - 02:49:52: [SM]   [1] Line 648, D:\csgoserver\csgo\addons\sourcemod\scripting\kento_rankme.sp::Event_RoundMVP
L 09/22/2021 - 02:49:52: [SM]   [3] CS_TerminateRound
L 09/22/2021 - 02:49:52: [SM]   [4] Line 893, ././scripting/retakes.sp::CheckRoundDone
L 09/22/2021 - 02:49:52: [SM]   [5] Line 308, ././scripting/retakes.sp::OnClientDisconnect
L 09/22/2021 - 02:50:04: Error log file session closed.
L 09/22/2021 - 02:50:05: SourceMod error session started
L 09/22/2021 - 02:50:05: Info (map "de_mirage") (file "E:\retake\csgoserver\csgo\addons\sourcemod\logs\errors_20210922.log")
L 09/22/2021 - 02:50:05: [SM] Fatal error encountered parsing translation file "ranks_matchmaking.phrases.txt"
L 09/22/2021 - 02:50:06: [SM] Error (line 0, column 0): Stream failed to open
L 09/22/2021 - 02:50:06: [SM] Fatal error encountered parsing translation file "instadefuse.phrases.txt"
L 09/22/2021 - 02:50:06: [SM] Error (line 0, column 0): Stream failed to open
L 09/22/2021 - 02:50:08: [SM] Exception reported: Language phrase "Unranked" not found (arg 5)
L 09/22/2021 - 02:50:09: [SM] Blaming: ranks_matchmaking.smx
L 09/22/2021 - 02:50:09: [SM] Call stack trace:
L 09/22/2021 - 02:50:09: [SM]   [0] FormatEx
L 09/22/2021 - 02:50:09: [SM]   [1] Line 174, ranks_matchmaking.sp::GetRanksNames
L 09/22/2021 - 02:50:09: [SM]   [2] Line 169, ranks_matchmaking.sp::OnMapStart
L 09/22/2021 - 02:52:42: [SM] Exception reported: Language phrase "InstaDefuseSuccessful" not found (arg 5)
L 09/22/2021 - 02:52:42: [SM] Blaming: retakes-instadefuse.smx
L 09/22/2021 - 02:52:42: [SM] Call stack trace:
L 09/22/2021 - 02:52:42: [SM]   [0] PrintToChat
L 09/22/2021 - 02:52:42: [SM]   [1] Line 197, plugin.sp::AttemptInstantDefuse
L 09/22/2021 - 02:52:42: [SM]   [2] Line 104, plugin.sp::Event_BombBeginDefusePlusFrame
L 09/22/2021 - 02:53:43: [SM] Exception reported: Language phrase "InstaDefuseSuccessful" not found (arg 5)
L 09/22/2021 - 02:53:43: [SM] Blaming: retakes-instadefuse.smx
L 09/22/2021 - 02:53:43: [SM] Call stack trace:
L 09/22/2021 - 02:53:43: [SM]   [0] PrintToChat
L 09/22/2021 - 02:53:43: [SM]   [1] Line 197, plugin.sp::AttemptInstantDefuse
L 09/22/2021 - 02:53:43: [SM]   [2] Line 104, plugin.sp::Event_BombBeginDefusePlusFrame
L 09/22/2021 - 02:56:14: [SM] Exception reported: Language phrase "InstaDefuseSuccessful" not found (arg 5)
L 09/22/2021 - 02:56:14: [SM] Blaming: retakes-instadefuse.smx
L 09/22/2021 - 02:56:14: [SM] Call stack trace:
L 09/22/2021 - 02:56:14: [SM]   [0] PrintToChat
L 09/22/2021 - 02:56:14: [SM]   [1] Line 197, plugin.sp::AttemptInstantDefuse
L 09/22/2021 - 02:56:14: [SM]   [2] Line 104, plugin.sp::Event_BombBeginDefusePlusFrame
L 09/22/2021 - 02:57:11: [SM] Exception reported: Language phrase "InstaDefuseSuccessful" not found (arg 5)
L 09/22/2021 - 02:57:11: [SM] Blaming: retakes-instadefuse.smx
L 09/22/2021 - 02:57:11: [SM] Call stack trace:
L 09/22/2021 - 02:57:11: [SM]   [0] PrintToChat
L 09/22/2021 - 02:57:11: [SM]   [1] Line 197, plugin.sp::AttemptInstantDefuse
L 09/22/2021 - 02:57:11: [SM]   [2] Line 104, plugin.sp::Event_BombBeginDefusePlusFrame
L 09/22/2021 - 02:57:30: [SM] Exception reported: Language phrase "InstaDefuseSuccessful" not found (arg 5)
L 09/22/2021 - 02:57:30: [SM] Blaming: retakes-instadefuse.smx
L 09/22/2021 - 02:57:30: [SM] Call stack trace:
L 09/22/2021 - 02:57:30: [SM]   [0] PrintToChat
L 09/22/2021 - 02:57:30: [SM]   [1] Line 197, plugin.sp::AttemptInstantDefuse
L 09/22/2021 - 02:57:30: [SM]   [2] Line 104, plugin.sp::Event_BombBeginDefusePlusFrame
L 09/22/2021 - 03:01:07: [SM] Exception reported: Language phrase "InstaDefuseSuccessful" not found (arg 5)
L 09/22/2021 - 03:01:07: [SM] Blaming: retakes-instadefuse.smx
L 09/22/2021 - 03:01:07: [SM] Call stack trace:
L 09/22/2021 - 03:01:07: [SM]   [0] PrintToChat
L 09/22/2021 - 03:01:07: [SM]   [1] Line 197, plugin.sp::AttemptInstantDefuse
L 09/22/2021 - 03:01:07: [SM]   [2] Line 104, plugin.sp::Event_BombBeginDefusePlusFrame
L 09/22/2021 - 03:01:48: [SM] Exception reported: Language phrase "InstaDefuseSuccessful" not found (arg 5)
L 09/22/2021 - 03:01:48: [SM] Blaming: retakes-instadefuse.smx
L 09/22/2021 - 03:01:48: [SM] Call stack trace:
L 09/22/2021 - 03:01:48: [SM]   [0] PrintToChat
L 09/22/2021 - 03:01:48: [SM]   [1] Line 197, plugin.sp::AttemptInstantDefuse
L 09/22/2021 - 03:01:48: [SM]   [2] Line 104, plugin.sp::Event_BombBeginDefusePlusFrame
L 09/22/2021 - 03:04:39: [SM] Exception reported: Language phrase "InstaDefuseSuccessful" not found (arg 5)
L 09/22/2021 - 03:04:39: [SM] Blaming: retakes-instadefuse.smx
L 09/22/2021 - 03:04:39: [SM] Call stack trace:
L 09/22/2021 - 03:04:39: [SM]   [0] PrintToChat
L 09/22/2021 - 03:04:39: [SM]   [1] Line 197, plugin.sp::AttemptInstantDefuse
L 09/22/2021 - 03:04:39: [SM]   [2] Line 104, plugin.sp::Event_BombBeginDefusePlusFrame
L 09/22/2021 - 03:05:06: [SM] Exception reported: Language phrase "InstaDefuseSuccessful" not found (arg 5)
L 09/22/2021 - 03:05:06: [SM] Blaming: retakes-instadefuse.smx
L 09/22/2021 - 03:05:06: [SM] Call stack trace:
L 09/22/2021 - 03:05:06: [SM]   [0] PrintToChat
L 09/22/2021 - 03:05:06: [SM]   [1] Line 197, plugin.sp::AttemptInstantDefuse
L 09/22/2021 - 03:05:06: [SM]   [2] Line 104, plugin.sp::Event_BombBeginDefusePlusFrame
L 09/22/2021 - 03:06:25: [SM] Exception reported: Language phrase "InstaDefuseUnsuccessful" not found (arg 5)
L 09/22/2021 - 03:06:25: [SM] Blaming: retakes-instadefuse.smx
L 09/22/2021 - 03:06:25: [SM] Call stack trace:
L 09/22/2021 - 03:06:25: [SM]   [0] PrintToChat
L 09/22/2021 - 03:06:25: [SM]   [1] Line 143, plugin.sp::AttemptInstantDefuse
L 09/22/2021 - 03:06:25: [SM]   [2] Line 104, plugin.sp::Event_BombBeginDefusePlusFrame
L 09/22/2021 - 03:06:25: [SM] Exception reported: Language phrase "InstaDefuseUnsuccessful" not found (arg 5)
L 09/22/2021 - 03:06:25: [SM] Blaming: retakes-instadefuse.smx
L 09/22/2021 - 03:06:25: [SM] Call stack trace:
L 09/22/2021 - 03:06:25: [SM]   [0] PrintToChat
L 09/22/2021 - 03:06:25: [SM]   [1] Line 143, plugin.sp::AttemptInstantDefuse
L 09/22/2021 - 03:06:25: [SM]   [2] Line 104, plugin.sp::Event_BombBeginDefusePlusFrame
L 09/22/2021 - 03:06:25: [SM] Exception reported: Language phrase "InstaDefuseUnsuccessful" not found (arg 5)
L 09/22/2021 - 03:06:25: [SM] Blaming: retakes-instadefuse.smx
L 09/22/2021 - 03:06:25: [SM] Call stack trace:
L 09/22/2021 - 03:06:25: [SM]   [0] PrintToChat
L 09/22/2021 - 03:06:25: [SM]   [1] Line 143, plugin.sp::AttemptInstantDefuse
L 09/22/2021 - 03:06:25: [SM]   [2] Line 104, plugin.sp::Event_BombBeginDefusePlusFrame
L 09/22/2021 - 03:06:25: [SM] Exception reported: Language phrase "InstaDefuseUnsuccessful" not found (arg 5)
L 09/22/2021 - 03:06:25: [SM] Blaming: retakes-instadefuse.smx
L 09/22/2021 - 03:06:25: [SM] Call stack trace:
L 09/22/2021 - 03:06:25: [SM]   [0] PrintToChat
L 09/22/2021 - 03:06:25: [SM]   [1] Line 143, plugin.sp::AttemptInstantDefuse
L 09/22/2021 - 03:06:25: [SM]   [2] Line 104, plugin.sp::Event_BombBeginDefusePlusFrame
L 09/22/2021 - 03:06:25: [SM] Exception reported: Language phrase "InstaDefuseUnsuccessful" not found (arg 5)
L 09/22/2021 - 03:06:26: [SM] Blaming: retakes-instadefuse.smx
L 09/22/2021 - 03:06:26: [SM] Call stack trace:
L 09/22/2021 - 03:06:26: [SM]   [0] PrintToChat
L 09/22/2021 - 03:06:26: [SM]   [1] Line 143, plugin.sp::AttemptInstantDefuse
L 09/22/2021 - 03:06:26: [SM]   [2] Line 104, plugin.sp::Event_BombBeginDefusePlusFrame
L 09/22/2021 - 03:06:26: [SM] Exception reported: Language phrase "InstaDefuseUnsuccessful" not found (arg 5)
L 09/22/2021 - 03:06:26: [SM] Blaming: retakes-instadefuse.smx
L 09/22/2021 - 03:06:26: [SM] Call stack trace:
L 09/22/2021 - 03:06:26: [SM]   [0] PrintToChat
L 09/22/2021 - 03:06:26: [SM]   [1] Line 143, plugin.sp::AttemptInstantDefuse
L 09/22/2021 - 03:06:26: [SM]   [2] Line 104, plugin.sp::Event_BombBeginDefusePlusFrame
L 09/22/2021 - 03:06:26: [SM] Exception reported: Language phrase "InstaDefuseUnsuccessful" not found (arg 5)
L 09/22/2021 - 03:06:26: [SM] Blaming: retakes-instadefuse.smx
L 09/22/2021 - 03:06:26: [SM] Call stack trace:
L 09/22/2021 - 03:06:26: [SM]   [0] PrintToChat
L 09/22/2021 - 03:06:26: [SM]   [1] Line 143, plugin.sp::AttemptInstantDefuse
L 09/22/2021 - 03:06:26: [SM]   [2] Line 104, plugin.sp::Event_BombBeginDefusePlusFrame
L 09/22/2021 - 03:06:26: [SM] Exception reported: Language phrase "InstaDefuseUnsuccessful" not found (arg 5)
L 09/22/2021 - 03:06:26: [SM] Blaming: retakes-instadefuse.smx
L 09/22/2021 - 03:06:26: [SM] Call stack trace:
L 09/22/2021 - 03:06:26: [SM]   [0] PrintToChat
L 09/22/2021 - 03:06:26: [SM]   [1] Line 143, plugin.sp::AttemptInstantDefuse
L 09/22/2021 - 03:06:26: [SM]   [2] Line 104, plugin.sp::Event_BombBeginDefusePlusFrame
L 09/22/2021 - 03:09:34: [SM] Exception reported: Language phrase "InstaDefuseSuccessful" not found (arg 5)
L 09/22/2021 - 03:09:34: [SM] Blaming: retakes-instadefuse.smx
L 09/22/2021 - 03:09:34: [SM] Call stack trace:
L 09/22/2021 - 03:09:34: [SM]   [0] PrintToChat
L 09/22/2021 - 03:09:34: [SM]   [1] Line 197, plugin.sp::AttemptInstantDefuse
L 09/22/2021 - 03:09:34: [SM]   [2] Line 104, plugin.sp::Event_BombBeginDefusePlusFrame
L 09/22/2021 - 03:13:11: [SM] Exception reported: Language phrase "InstaDefuseUnsuccessful" not found (arg 5)
L 09/22/2021 - 03:13:11: [SM] Blaming: retakes-instadefuse.smx
L 09/22/2021 - 03:13:11: [SM] Call stack trace:
L 09/22/2021 - 03:13:11: [SM]   [0] PrintToChat
L 09/22/2021 - 03:13:11: [SM]   [1] Line 143, plugin.sp::AttemptInstantDefuse
L 09/22/2021 - 03:13:11: [SM]   [2] Line 104, plugin.sp::Event_BombBeginDefusePlusFrame
L 09/22/2021 - 03:13:11: [SM] Exception reported: Language phrase "InstaDefuseUnsuccessful" not found (arg 5)
L 09/22/2021 - 03:13:11: [SM] Blaming: retakes-instadefuse.smx
L 09/22/2021 - 03:13:11: [SM] Call stack trace:
L 09/22/2021 - 03:13:11: [SM]   [0] PrintToChat
L 09/22/2021 - 03:13:11: [SM]   [1] Line 143, plugin.sp::AttemptInstantDefuse
L 09/22/2021 - 03:13:11: [SM]   [2] Line 104, plugin.sp::Event_BombBeginDefusePlusFrame
L 09/22/2021 - 03:14:08: [SM] Exception reported: Language phrase "InstaDefuseSuccessful" not found (arg 5)
L 09/22/2021 - 03:14:08: [SM] Blaming: retakes-instadefuse.smx
L 09/22/2021 - 03:14:08: [SM] Call stack trace:
L 09/22/2021 - 03:14:08: [SM]   [0] PrintToChat
L 09/22/2021 - 03:14:08: [SM]   [1] Line 197, plugin.sp::AttemptInstantDefuse
L 09/22/2021 - 03:14:08: [SM]   [2] Line 104, plugin.sp::Event_BombBeginDefusePlusFrame
L 09/22/2021 - 03:15:18: [SM] Exception reported: Language phrase "InstaDefuseSuccessful" not found (arg 5)
L 09/22/2021 - 03:15:18: [SM] Blaming: retakes-instadefuse.smx
L 09/22/2021 - 03:15:18: [SM] Call stack trace:
L 09/22/2021 - 03:15:18: [SM]   [0] PrintToChat
L 09/22/2021 - 03:15:18: [SM]   [1] Line 197, plugin.sp::AttemptInstantDefuse
L 09/22/2021 - 03:15:18: [SM]   [2] Line 104, plugin.sp::Event_BombBeginDefusePlusFrame
L 09/22/2021 - 03:15:44: [SM] Exception reported: Language phrase "InstaDefuseSuccessful" not found (arg 5)
L 09/22/2021 - 03:15:44: [SM] Blaming: retakes-instadefuse.smx
L 09/22/2021 - 03:15:44: [SM] Call stack trace:
L 09/22/2021 - 03:15:44: [SM]   [0] PrintToChat
L 09/22/2021 - 03:15:44: [SM]   [1] Line 197, plugin.sp::AttemptInstantDefuse
L 09/22/2021 - 03:15:44: [SM]   [2] Line 104, plugin.sp::Event_BombBeginDefusePlusFrame
L 09/22/2021 - 03:16:20: [SM] Exception reported: Language phrase "InstaDefuseSuccessful" not found (arg 5)
L 09/22/2021 - 03:16:20: [SM] Blaming: retakes-instadefuse.smx
L 09/22/2021 - 03:16:20: [SM] Call stack trace:
L 09/22/2021 - 03:16:20: [SM]   [0] PrintToChat
L 09/22/2021 - 03:16:20: [SM]   [1] Line 197, plugin.sp::AttemptInstantDefuse
L 09/22/2021 - 03:16:20: [SM]   [2] Line 104, plugin.sp::Event_BombBeginDefusePlusFrame
L 09/22/2021 - 03:16:52: [SM] Exception reported: Language phrase "InstaDefuseSuccessful" not found (arg 5)
L 09/22/2021 - 03:16:52: [SM] Blaming: retakes-instadefuse.smx
L 09/22/2021 - 03:16:52: [SM] Call stack trace:
L 09/22/2021 - 03:16:52: [SM]   [0] PrintToChat
L 09/22/2021 - 03:16:52: [SM]   [1] Line 197, plugin.sp::AttemptInstantDefuse
L 09/22/2021 - 03:16:52: [SM]   [2] Line 104, plugin.sp::Event_BombBeginDefusePlusFrame
L 09/22/2021 - 03:21:35: [SM] Exception reported: Language phrase "InstaDefuseSuccessful" not found (arg 5)
L 09/22/2021 - 03:21:35: [SM] Blaming: retakes-instadefuse.smx
L 09/22/2021 - 03:21:35: [SM] Call stack trace:
L 09/22/2021 - 03:21:35: [SM]   [0] PrintToChat
L 09/22/2021 - 03:21:35: [SM]   [1] Line 197, plugin.sp::AttemptInstantDefuse
L 09/22/2021 - 03:21:35: [SM]   [2] Line 104, plugin.sp::Event_BombBeginDefusePlusFrame
L 09/22/2021 - 03:25:37: [SM] Exception reported: Language phrase "InstaDefuseSuccessful" not found (arg 5)
L 09/22/2021 - 03:25:37: [SM] Blaming: retakes-instadefuse.smx
L 09/22/2021 - 03:25:37: [SM] Call stack trace:
L 09/22/2021 - 03:25:37: [SM]   [0] PrintToChat
L 09/22/2021 - 03:25:37: [SM]   [1] Line 197, plugin.sp::AttemptInstantDefuse
L 09/22/2021 - 03:25:37: [SM]   [2] Line 104, plugin.sp::Event_BombBeginDefusePlusFrame
L 09/22/2021 - 03:26:20: [SM] Exception reported: Language phrase "InstaDefuseSuccessful" not found (arg 5)
L 09/22/2021 - 03:26:20: [SM] Blaming: retakes-instadefuse.smx
L 09/22/2021 - 03:26:20: [SM] Call stack trace:
L 09/22/2021 - 03:26:20: [SM]   [0] PrintToChat
L 09/22/2021 - 03:26:20: [SM]   [1] Line 197, plugin.sp::AttemptInstantDefuse
L 09/22/2021 - 03:26:20: [SM]   [2] Line 104, plugin.sp::Event_BombBeginDefusePlusFrame
L 09/22/2021 - 03:26:47: [SM] Exception reported: Language phrase "InstaDefuseSuccessful" not found (arg 5)
L 09/22/2021 - 03:26:47: [SM] Blaming: retakes-instadefuse.smx
L 09/22/2021 - 03:26:47: [SM] Call stack trace:
L 09/22/2021 - 03:26:47: [SM]   [0] PrintToChat
L 09/22/2021 - 03:26:47: [SM]   [1] Line 197, plugin.sp::AttemptInstantDefuse
L 09/22/2021 - 03:26:47: [SM]   [2] Line 104, plugin.sp::Event_BombBeginDefusePlusFrame
L 09/22/2021 - 03:27:37: [SM] Exception reported: Language phrase "InstaDefuseSuccessful" not found (arg 5)
L 09/22/2021 - 03:27:37: [SM] Blaming: retakes-instadefuse.smx
L 09/22/2021 - 03:27:37: [SM] Call stack trace:
L 09/22/2021 - 03:27:37: [SM]   [0] PrintToChat
L 09/22/2021 - 03:27:37: [SM]   [1] Line 197, plugin.sp::AttemptInstantDefuse
L 09/22/2021 - 03:27:37: [SM]   [2] Line 104, plugin.sp::Event_BombBeginDefusePlusFrame
L 09/22/2021 - 03:28:51: [SM] Exception reported: Language phrase "InstaDefuseSuccessful" not found (arg 5)
L 09/22/2021 - 03:28:51: [SM] Blaming: retakes-instadefuse.smx
L 09/22/2021 - 03:28:51: [SM] Call stack trace:
L 09/22/2021 - 03:28:51: [SM]   [0] PrintToChat
L 09/22/2021 - 03:28:51: [SM]   [1] Line 197, plugin.sp::AttemptInstantDefuse
L 09/22/2021 - 03:28:51: [SM]   [2] Line 104, plugin.sp::Event_BombBeginDefusePlusFrame
L 09/22/2021 - 03:29:24: [SM] Exception reported: Language phrase "InstaDefuseSuccessful" not found (arg 5)
L 09/22/2021 - 03:29:24: [SM] Blaming: retakes-instadefuse.smx
L 09/22/2021 - 03:29:24: [SM] Call stack trace:
L 09/22/2021 - 03:29:24: [SM]   [0] PrintToChat
L 09/22/2021 - 03:29:24: [SM]   [1] Line 197, plugin.sp::AttemptInstantDefuse
L 09/22/2021 - 03:29:24: [SM]   [2] Line 104, plugin.sp::Event_BombBeginDefusePlusFrame
L 09/22/2021 - 03:30:14: [SM] Exception reported: Language phrase "InstaDefuseSuccessful" not found (arg 5)
L 09/22/2021 - 03:30:14: [SM] Blaming: retakes-instadefuse.smx
L 09/22/2021 - 03:30:14: [SM] Call stack trace:
L 09/22/2021 - 03:30:14: [SM]   [0] PrintToChat
L 09/22/2021 - 03:30:14: [SM]   [1] Line 197, plugin.sp::AttemptInstantDefuse
L 09/22/2021 - 03:30:14: [SM]   [2] Line 104, plugin.sp::Event_BombBeginDefusePlusFrame
L 09/22/2021 - 03:36:09: [SM] Exception reported: Language phrase "InstaDefuseUnsuccessful" not found (arg 5)
L 09/22/2021 - 03:36:09: [SM] Blaming: retakes-instadefuse.smx
L 09/22/2021 - 03:36:09: [SM] Call stack trace:
L 09/22/2021 - 03:36:09: [SM]   [0] PrintToChat
L 09/22/2021 - 03:36:09: [SM]   [1] Line 143, plugin.sp::AttemptInstantDefuse
L 09/22/2021 - 03:36:09: [SM]   [2] Line 104, plugin.sp::Event_BombBeginDefusePlusFrame
L 09/22/2021 - 03:36:09: [SM] Exception reported: Language phrase "InstaDefuseUnsuccessful" not found (arg 5)
L 09/22/2021 - 03:36:09: [SM] Blaming: retakes-instadefuse.smx
L 09/22/2021 - 03:36:09: [SM] Call stack trace:
L 09/22/2021 - 03:36:09: [SM]   [0] PrintToChat
L 09/22/2021 - 03:36:09: [SM]   [1] Line 143, plugin.sp::AttemptInstantDefuse
L 09/22/2021 - 03:36:09: [SM]   [2] Line 104, plugin.sp::Event_BombBeginDefusePlusFrame
L 09/22/2021 - 03:36:09: [SM] Exception reported: Language phrase "InstaDefuseUnsuccessful" not found (arg 5)
L 09/22/2021 - 03:36:09: [SM] Blaming: retakes-instadefuse.smx
L 09/22/2021 - 03:36:09: [SM] Call stack trace:
L 09/22/2021 - 03:36:09: [SM]   [0] PrintToChat
L 09/22/2021 - 03:36:09: [SM]   [1] Line 143, plugin.sp::AttemptInstantDefuse
L 09/22/2021 - 03:36:09: [SM]   [2] Line 104, plugin.sp::Event_BombBeginDefusePlusFrame
L 09/22/2021 - 03:36:09: [SM] Exception reported: Language phrase "InstaDefuseUnsuccessful" not found (arg 5)
L 09/22/2021 - 03:36:09: [SM] Blaming: retakes-instadefuse.smx
L 09/22/2021 - 03:36:09: [SM] Call stack trace:
L 09/22/2021 - 03:36:09: [SM]   [0] PrintToChat
L 09/22/2021 - 03:36:09: [SM]   [1] Line 143, plugin.sp::AttemptInstantDefuse
L 09/22/2021 - 03:36:09: [SM]   [2] Line 104, plugin.sp::Event_BombBeginDefusePlusFrame
L 09/22/2021 - 03:36:10: [SM] Exception reported: Language phrase "InstaDefuseUnsuccessful" not found (arg 5)
L 09/22/2021 - 03:36:10: [SM] Blaming: retakes-instadefuse.smx
L 09/22/2021 - 03:36:10: [SM] Call stack trace:
L 09/22/2021 - 03:36:10: [SM]   [0] PrintToChat
L 09/22/2021 - 03:36:10: [SM]   [1] Line 143, plugin.sp::AttemptInstantDefuse
L 09/22/2021 - 03:36:10: [SM]   [2] Line 104, plugin.sp::Event_BombBeginDefusePlusFrame
L 09/22/2021 - 03:36:10: [SM] Exception reported: Language phrase "InstaDefuseUnsuccessful" not found (arg 5)
L 09/22/2021 - 03:36:10: [SM] Blaming: retakes-instadefuse.smx
L 09/22/2021 - 03:36:10: [SM] Call stack trace:
L 09/22/2021 - 03:36:10: [SM]   [0] PrintToChat
L 09/22/2021 - 03:36:10: [SM]   [1] Line 143, plugin.sp::AttemptInstantDefuse
L 09/22/2021 - 03:36:10: [SM]   [2] Line 104, plugin.sp::Event_BombBeginDefusePlusFrame
L 09/22/2021 - 03:36:10: [SM] Exception reported: Language phrase "InstaDefuseUnsuccessful" not found (arg 5)
L 09/22/2021 - 03:36:10: [SM] Blaming: retakes-instadefuse.smx
L 09/22/2021 - 03:36:10: [SM] Call stack trace:
L 09/22/2021 - 03:36:10: [SM]   [0] PrintToChat
L 09/22/2021 - 03:36:10: [SM]   [1] Line 143, plugin.sp::AttemptInstantDefuse
L 09/22/2021 - 03:36:10: [SM]   [2] Line 104, plugin.sp::Event_BombBeginDefusePlusFrame
L 09/22/2021 - 03:37:12: [SM] Exception reported: Language phrase "InstaDefuseSuccessful" not found (arg 5)
L 09/22/2021 - 03:37:12: [SM] Blaming: retakes-instadefuse.smx
L 09/22/2021 - 03:37:12: [SM] Call stack trace:
L 09/22/2021 - 03:37:12: [SM]   [0] PrintToChat
L 09/22/2021 - 03:37:12: [SM]   [1] Line 197, plugin.sp::AttemptInstantDefuse
L 09/22/2021 - 03:37:12: [SM]   [2] Line 104, plugin.sp::Event_BombBeginDefusePlusFrame
L 09/22/2021 - 03:43:16: [SM] Exception reported: Language phrase "InstaDefuseSuccessful" not found (arg 5)
L 09/22/2021 - 03:43:16: [SM] Blaming: retakes-instadefuse.smx
L 09/22/2021 - 03:43:16: [SM] Call stack trace:
L 09/22/2021 - 03:43:16: [SM]   [0] PrintToChat
L 09/22/2021 - 03:43:16: [SM]   [1] Line 197, plugin.sp::AttemptInstantDefuse
L 09/22/2021 - 03:43:16: [SM]   [2] Line 104, plugin.sp::Event_BombBeginDefusePlusFrame
L 09/22/2021 - 03:43:36: [SM] Exception reported: Language phrase "InstaDefuseSuccessful" not found (arg 5)
L 09/22/2021 - 03:43:36: [SM] Blaming: retakes-instadefuse.smx
L 09/22/2021 - 03:43:36: [SM] Call stack trace:
L 09/22/2021 - 03:43:36: [SM]   [0] PrintToChat
L 09/22/2021 - 03:43:36: [SM]   [1] Line 197, plugin.sp::AttemptInstantDefuse
L 09/22/2021 - 03:43:36: [SM]   [2] Line 104, plugin.sp::Event_BombBeginDefusePlusFrame
L 09/22/2021 - 03:44:11: [SM] Exception reported: Language phrase "InstaDefuseSuccessful" not found (arg 5)
L 09/22/2021 - 03:44:11: [SM] Blaming: retakes-instadefuse.smx
L 09/22/2021 - 03:44:11: [SM] Call stack trace:
L 09/22/2021 - 03:44:11: [SM]   [0] PrintToChat
L 09/22/2021 - 03:44:11: [SM]   [1] Line 197, plugin.sp::AttemptInstantDefuse
L 09/22/2021 - 03:44:11: [SM]   [2] Line 104, plugin.sp::Event_BombBeginDefusePlusFrame
L 09/22/2021 - 03:44:51: [SM] Exception reported: Language phrase "InstaDefuseSuccessful" not found (arg 5)
L 09/22/2021 - 03:44:51: [SM] Blaming: retakes-instadefuse.smx
L 09/22/2021 - 03:44:51: [SM] Call stack trace:
L 09/22/2021 - 03:44:51: [SM]   [0] PrintToChat
L 09/22/2021 - 03:44:51: [SM]   [1] Line 197, plugin.sp::AttemptInstantDefuse
L 09/22/2021 - 03:44:51: [SM]   [2] Line 104, plugin.sp::Event_BombBeginDefusePlusFrame
L 09/22/2021 - 03:45:10: [SM] Exception reported: Language phrase "InstaDefuseSuccessful" not found (arg 5)
L 09/22/2021 - 03:45:10: [SM] Blaming: retakes-instadefuse.smx
L 09/22/2021 - 03:45:10: [SM] Call stack trace:
L 09/22/2021 - 03:45:10: [SM]   [0] PrintToChat
L 09/22/2021 - 03:45:10: [SM]   [1] Line 197, plugin.sp::AttemptInstantDefuse
L 09/22/2021 - 03:45:10: [SM]   [2] Line 104, plugin.sp::Event_BombBeginDefusePlusFrame
L 09/22/2021 - 03:47:06: [SM] Exception reported: Language phrase "InstaDefuseSuccessful" not found (arg 5)
L 09/22/2021 - 03:47:06: [SM] Blaming: retakes-instadefuse.smx
L 09/22/2021 - 03:47:06: [SM] Call stack trace:
L 09/22/2021 - 03:47:06: [SM]   [0] PrintToChat
L 09/22/2021 - 03:47:06: [SM]   [1] Line 197, plugin.sp::AttemptInstantDefuse
L 09/22/2021 - 03:47:06: [SM]   [2] Line 104, plugin.sp::Event_BombBeginDefusePlusFrame
L 09/22/2021 - 03:47:29: [SM] Exception reported: Language phrase "InstaDefuseSuccessful" not found (arg 5)
L 09/22/2021 - 03:47:29: [SM] Blaming: retakes-instadefuse.smx
L 09/22/2021 - 03:47:29: [SM] Call stack trace:
L 09/22/2021 - 03:47:29: [SM]   [0] PrintToChat
L 09/22/2021 - 03:47:30: [SM]   [1] Line 197, plugin.sp::AttemptInstantDefuse
L 09/22/2021 - 03:47:30: [SM]   [2] Line 104, plugin.sp::Event_BombBeginDefusePlusFrame
L 09/22/2021 - 03:47:50: [SM] Exception reported: Language phrase "LiveNadeSomewhere" not found (arg 5)
L 09/22/2021 - 03:47:50: [SM] Blaming: retakes-instadefuse.smx
L 09/22/2021 - 03:47:50: [SM] Call stack trace:
L 09/22/2021 - 03:47:50: [SM]   [0] PrintToChat
L 09/22/2021 - 03:47:50: [SM]   [1] Line 168, plugin.sp::AttemptInstantDefuse
L 09/22/2021 - 03:47:50: [SM]   [2] Line 104, plugin.sp::Event_BombBeginDefusePlusFrame
L 09/22/2021 - 03:48:16: [SM] Exception reported: Language phrase "InstaDefuseSuccessful" not found (arg 5)
L 09/22/2021 - 03:48:16: [SM] Blaming: retakes-instadefuse.smx
L 09/22/2021 - 03:48:16: [SM] Call stack trace:
L 09/22/2021 - 03:48:16: [SM]   [0] PrintToChat
L 09/22/2021 - 03:48:16: [SM]   [1] Line 197, plugin.sp::AttemptInstantDefuse
L 09/22/2021 - 03:48:16: [SM]   [2] Line 104, plugin.sp::Event_BombBeginDefusePlusFrame
L 09/22/2021 - 03:48:17: [SM] Exception reported: Language phrase "InstaDefuseSuccessful" not found (arg 5)
L 09/22/2021 - 03:48:17: [SM] Blaming: retakes-instadefuse.smx
L 09/22/2021 - 03:48:17: [SM] Call stack trace:
L 09/22/2021 - 03:48:17: [SM]   [0] PrintToChat
L 09/22/2021 - 03:48:17: [SM]   [1] Line 197, plugin.sp::AttemptInstantDefuse
L 09/22/2021 - 03:48:17: [SM]   [2] Line 104, plugin.sp::Event_BombBeginDefusePlusFrame
L 09/22/2021 - 03:48:17: [SM] Exception reported: Language phrase "InstaDefuseSuccessful" not found (arg 5)
L 09/22/2021 - 03:48:17: [SM] Blaming: retakes-instadefuse.smx
L 09/22/2021 - 03:48:17: [SM] Call stack trace:
L 09/22/2021 - 03:48:17: [SM]   [0] PrintToChat
L 09/22/2021 - 03:48:17: [SM]   [1] Line 197, plugin.sp::AttemptInstantDefuse
L 09/22/2021 - 03:48:17: [SM]   [2] Line 104, plugin.sp::Event_BombBeginDefusePlusFrame
L 09/22/2021 - 03:48:19: [SM] Exception reported: Language phrase "InstaDefuseSuccessful" not found (arg 5)
L 09/22/2021 - 03:48:19: [SM] Blaming: retakes-instadefuse.smx
L 09/22/2021 - 03:48:19: [SM] Call stack trace:
L 09/22/2021 - 03:48:19: [SM]   [0] PrintToChat
L 09/22/2021 - 03:48:19: [SM]   [1] Line 197, plugin.sp::AttemptInstantDefuse
L 09/22/2021 - 03:48:19: [SM]   [2] Line 104, plugin.sp::Event_BombBeginDefusePlusFrame
L 09/22/2021 - 03:49:14: [SM] Exception reported: Language phrase "InstaDefuseSuccessful" not found (arg 5)
L 09/22/2021 - 03:49:14: [SM] Blaming: retakes-instadefuse.smx
L 09/22/2021 - 03:49:15: [SM] Call stack trace:
L 09/22/2021 - 03:49:15: [SM]   [0] PrintToChat
L 09/22/2021 - 03:49:15: [SM]   [1] Line 197, plugin.sp::AttemptInstantDefuse
L 09/22/2021 - 03:49:15: [SM]   [2] Line 104, plugin.sp::Event_BombBeginDefusePlusFrame
L 09/22/2021 - 03:49:39: [SM] Exception reported: Language phrase "InstaDefuseSuccessful" not found (arg 5)
L 09/22/2021 - 03:49:39: [SM] Blaming: retakes-instadefuse.smx
L 09/22/2021 - 03:49:39: [SM] Call stack trace:
L 09/22/2021 - 03:49:39: [SM]   [0] PrintToChat
L 09/22/2021 - 03:49:39: [SM]   [1] Line 197, plugin.sp::AttemptInstantDefuse
L 09/22/2021 - 03:49:39: [SM]   [2] Line 104, plugin.sp::Event_BombBeginDefusePlusFrame
L 09/22/2021 - 03:49:59: [SM] Exception reported: Language phrase "InstaDefuseSuccessful" not found (arg 5)
L 09/22/2021 - 03:49:59: [SM] Blaming: retakes-instadefuse.smx
L 09/22/2021 - 03:49:59: [SM] Call stack trace:
L 09/22/2021 - 03:49:59: [SM]   [0] PrintToChat
L 09/22/2021 - 03:49:59: [SM]   [1] Line 197, plugin.sp::AttemptInstantDefuse
L 09/22/2021 - 03:49:59: [SM]   [2] Line 104, plugin.sp::Event_BombBeginDefusePlusFrame
L 09/22/2021 - 03:51:19: [SM] Exception reported: Language phrase "InstaDefuseSuccessful" not found (arg 5)
L 09/22/2021 - 03:51:19: [SM] Blaming: retakes-instadefuse.smx
L 09/22/2021 - 03:51:19: [SM] Call stack trace:
L 09/22/2021 - 03:51:19: [SM]   [0] PrintToChat
L 09/22/2021 - 03:51:19: [SM]   [1] Line 197, plugin.sp::AttemptInstantDefuse
L 09/22/2021 - 03:51:19: [SM]   [2] Line 104, plugin.sp::Event_BombBeginDefusePlusFrame
L 09/22/2021 - 03:51:40: [SM] Exception reported: Language phrase "InstaDefuseSuccessful" not found (arg 5)
L 09/22/2021 - 03:51:40: [SM] Blaming: retakes-instadefuse.smx
L 09/22/2021 - 03:51:40: [SM] Call stack trace:
L 09/22/2021 - 03:51:40: [SM]   [0] PrintToChat
L 09/22/2021 - 03:51:40: [SM]   [1] Line 197, plugin.sp::AttemptInstantDefuse
L 09/22/2021 - 03:51:40: [SM]   [2] Line 104, plugin.sp::Event_BombBeginDefusePlusFrame
L 09/22/2021 - 03:52:37: [SM] Exception reported: Language phrase "InstaDefuseSuccessful" not found (arg 5)
L 09/22/2021 - 03:52:37: [SM] Blaming: retakes-instadefuse.smx
L 09/22/2021 - 03:52:37: [SM] Call stack trace:
L 09/22/2021 - 03:52:37: [SM]   [0] PrintToChat
L 09/22/2021 - 03:52:37: [SM]   [1] Line 197, plugin.sp::AttemptInstantDefuse
L 09/22/2021 - 03:52:37: [SM]   [2] Line 104, plugin.sp::Event_BombBeginDefusePlusFrame
L 09/22/2021 - 03:53:21: [SM] Exception reported: Language phrase "InstaDefuseSuccessful" not found (arg 5)
L 09/22/2021 - 03:53:21: [SM] Blaming: retakes-instadefuse.smx
L 09/22/2021 - 03:53:21: [SM] Call stack trace:
L 09/22/2021 - 03:53:21: [SM]   [0] PrintToChat
L 09/22/2021 - 03:53:21: [SM]   [1] Line 197, plugin.sp::AttemptInstantDefuse
L 09/22/2021 - 03:53:21: [SM]   [2] Line 104, plugin.sp::Event_BombBeginDefusePlusFrame
L 09/22/2021 - 03:53:50: [SM] Exception reported: Language phrase "InstaDefuseSuccessful" not found (arg 5)
L 09/22/2021 - 03:53:50: [SM] Blaming: retakes-instadefuse.smx
L 09/22/2021 - 03:53:50: [SM] Call stack trace:
L 09/22/2021 - 03:53:50: [SM]   [0] PrintToChat
L 09/22/2021 - 03:53:50: [SM]   [1] Line 197, plugin.sp::AttemptInstantDefuse
L 09/22/2021 - 03:53:50: [SM]   [2] Line 104, plugin.sp::Event_BombBeginDefusePlusFrame
L 09/22/2021 - 03:54:22: [SM] Exception reported: Language phrase "InstaDefuseSuccessful" not found (arg 5)
L 09/22/2021 - 03:54:22: [SM] Blaming: retakes-instadefuse.smx
L 09/22/2021 - 03:54:22: [SM] Call stack trace:
L 09/22/2021 - 03:54:22: [SM]   [0] PrintToChat
L 09/22/2021 - 03:54:22: [SM]   [1] Line 197, plugin.sp::AttemptInstantDefuse
L 09/22/2021 - 03:54:22: [SM]   [2] Line 104, plugin.sp::Event_BombBeginDefusePlusFrame
L 09/22/2021 - 03:55:45: [SM] Exception reported: Language phrase "InstaDefuseSuccessful" not found (arg 5)
L 09/22/2021 - 03:55:45: [SM] Blaming: retakes-instadefuse.smx
L 09/22/2021 - 03:55:45: [SM] Call stack trace:
L 09/22/2021 - 03:55:45: [SM]   [0] PrintToChat
L 09/22/2021 - 03:55:45: [SM]   [1] Line 197, plugin.sp::AttemptInstantDefuse
L 09/22/2021 - 03:55:45: [SM]   [2] Line 104, plugin.sp::Event_BombBeginDefusePlusFrame
L 09/22/2021 - 03:56:36: [SM] Exception reported: Language phrase "InstaDefuseSuccessful" not found (arg 5)
L 09/22/2021 - 03:56:36: [SM] Blaming: retakes-instadefuse.smx
L 09/22/2021 - 03:56:36: [SM] Call stack trace:
L 09/22/2021 - 03:56:36: [SM]   [0] PrintToChat
L 09/22/2021 - 03:56:36: [SM]   [1] Line 197, plugin.sp::AttemptInstantDefuse
L 09/22/2021 - 03:56:36: [SM]   [2] Line 104, plugin.sp::Event_BombBeginDefusePlusFrame
L 09/22/2021 - 03:58:40: [SM] Exception reported: Language phrase "InstaDefuseSuccessful" not found (arg 5)
L 09/22/2021 - 03:58:40: [SM] Blaming: retakes-instadefuse.smx
L 09/22/2021 - 03:58:40: [SM] Call stack trace:
L 09/22/2021 - 03:58:40: [SM]   [0] PrintToChat
L 09/22/2021 - 03:58:41: [SM]   [1] Line 197, plugin.sp::AttemptInstantDefuse
L 09/22/2021 - 03:58:41: [SM]   [2] Line 104, plugin.sp::Event_BombBeginDefusePlusFrame
L 09/22/2021 - 03:59:06: [SM] Exception reported: Language phrase "InstaDefuseSuccessful" not found (arg 5)
L 09/22/2021 - 03:59:06: [SM] Blaming: retakes-instadefuse.smx
L 09/22/2021 - 03:59:06: [SM] Call stack trace:
L 09/22/2021 - 03:59:06: [SM]   [0] PrintToChat
L 09/22/2021 - 03:59:06: [SM]   [1] Line 197, plugin.sp::AttemptInstantDefuse
L 09/22/2021 - 03:59:06: [SM]   [2] Line 104, plugin.sp::Event_BombBeginDefusePlusFrame
L 09/22/2021 - 04:00:28: [SM] Exception reported: Language phrase "InstaDefuseSuccessful" not found (arg 5)
L 09/22/2021 - 04:00:28: [SM] Blaming: retakes-instadefuse.smx
L 09/22/2021 - 04:00:28: [SM] Call stack trace:
L 09/22/2021 - 04:00:28: [SM]   [0] PrintToChat
L 09/22/2021 - 04:00:28: [SM]   [1] Line 197, plugin.sp::AttemptInstantDefuse
L 09/22/2021 - 04:00:28: [SM]   [2] Line 104, plugin.sp::Event_BombBeginDefusePlusFrame
L 09/22/2021 - 04:00:48: [SM] Exception reported: Language phrase "InstaDefuseSuccessful" not found (arg 5)
L 09/22/2021 - 04:00:48: [SM] Blaming: retakes-instadefuse.smx
L 09/22/2021 - 04:00:48: [SM] Call stack trace:
L 09/22/2021 - 04:00:48: [SM]   [0] PrintToChat
L 09/22/2021 - 04:00:48: [SM]   [1] Line 197, plugin.sp::AttemptInstantDefuse
L 09/22/2021 - 04:00:48: [SM]   [2] Line 104, plugin.sp::Event_BombBeginDefusePlusFrame
L 09/22/2021 - 04:01:10: [SM] Exception reported: Language phrase "InstaDefuseSuccessful" not found (arg 5)
L 09/22/2021 - 04:01:10: [SM] Blaming: retakes-instadefuse.smx
L 09/22/2021 - 04:01:10: [SM] Call stack trace:
L 09/22/2021 - 04:01:10: [SM]   [0] PrintToChat
L 09/22/2021 - 04:01:10: [SM]   [1] Line 197, plugin.sp::AttemptInstantDefuse
L 09/22/2021 - 04:01:10: [SM]   [2] Line 104, plugin.sp::Event_BombBeginDefusePlusFrame
L 09/22/2021 - 04:01:26: [SM] Exception reported: Language phrase "InstaDefuseSuccessful" not found (arg 5)
L 09/22/2021 - 04:01:26: [SM] Blaming: retakes-instadefuse.smx
L 09/22/2021 - 04:01:26: [SM] Call stack trace:
L 09/22/2021 - 04:01:26: [SM]   [0] PrintToChat
L 09/22/2021 - 04:01:26: [SM]   [1] Line 197, plugin.sp::AttemptInstantDefuse
L 09/22/2021 - 04:01:26: [SM]   [2] Line 104, plugin.sp::Event_BombBeginDefusePlusFrame
L 09/22/2021 - 04:01:48: [SM] Exception reported: Language phrase "InstaDefuseSuccessful" not found (arg 5)
L 09/22/2021 - 04:01:48: [SM] Blaming: retakes-instadefuse.smx
L 09/22/2021 - 04:01:48: [SM] Call stack trace:
L 09/22/2021 - 04:01:48: [SM]   [0] PrintToChat
L 09/22/2021 - 04:01:48: [SM]   [1] Line 197, plugin.sp::AttemptInstantDefuse
L 09/22/2021 - 04:01:48: [SM]   [2] Line 104, plugin.sp::Event_BombBeginDefusePlusFrame
L 09/22/2021 - 04:02:05: [SM] Exception reported: Language phrase "InstaDefuseSuccessful" not found (arg 5)
L 09/22/2021 - 04:02:05: [SM] Blaming: retakes-instadefuse.smx
L 09/22/2021 - 04:02:05: [SM] Call stack trace:
L 09/22/2021 - 04:02:05: [SM]   [0] PrintToChat
L 09/22/2021 - 04:02:05: [SM]   [1] Line 197, plugin.sp::AttemptInstantDefuse
L 09/22/2021 - 04:02:05: [SM]   [2] Line 104, plugin.sp::Event_BombBeginDefusePlusFrame
L 09/22/2021 - 04:02:35: [SM] Exception reported: Language phrase "InstaDefuseSuccessful" not found (arg 5)
L 09/22/2021 - 04:02:35: [SM] Blaming: retakes-instadefuse.smx
L 09/22/2021 - 04:02:35: [SM] Call stack trace:
L 09/22/2021 - 04:02:35: [SM]   [0] PrintToChat
L 09/22/2021 - 04:02:35: [SM]   [1] Line 197, plugin.sp::AttemptInstantDefuse
L 09/22/2021 - 04:02:35: [SM]   [2] Line 104, plugin.sp::Event_BombBeginDefusePlusFrame
L 09/22/2021 - 04:02:38: [SM] Exception reported: Language phrase "InstaDefuseSuccessful" not found (arg 5)
L 09/22/2021 - 04:02:38: [SM] Blaming: retakes-instadefuse.smx
L 09/22/2021 - 04:02:38: [SM] Call stack trace:
L 09/22/2021 - 04:02:38: [SM]   [0] PrintToChat
L 09/22/2021 - 04:02:38: [SM]   [1] Line 197, plugin.sp::AttemptInstantDefuse
L 09/22/2021 - 04:02:38: [SM]   [2] Line 104, plugin.sp::Event_BombBeginDefusePlusFrame
L 09/22/2021 - 04:03:07: [SM] Exception reported: Language phrase "InstaDefuseSuccessful" not found (arg 5)
L 09/22/2021 - 04:03:07: [SM] Blaming: retakes-instadefuse.smx
L 09/22/2021 - 04:03:07: [SM] Call stack trace:
L 09/22/2021 - 04:03:07: [SM]   [0] PrintToChat
L 09/22/2021 - 04:03:07: [SM]   [1] Line 197, plugin.sp::AttemptInstantDefuse
L 09/22/2021 - 04:03:07: [SM]   [2] Line 104, plugin.sp::Event_BombBeginDefusePlusFrame
L 09/22/2021 - 04:03:48: [SM] Exception reported: Language phrase "InstaDefuseUnsuccessful" not found (arg 5)
L 09/22/2021 - 04:03:48: [SM] Blaming: retakes-instadefuse.smx
L 09/22/2021 - 04:03:48: [SM] Call stack trace:
L 09/22/2021 - 04:03:48: [SM]   [0] PrintToChat
L 09/22/2021 - 04:03:48: [SM]   [1] Line 143, plugin.sp::AttemptInstantDefuse
L 09/22/2021 - 04:03:48: [SM]   [2] Line 104, plugin.sp::Event_BombBeginDefusePlusFrame
L 09/22/2021 - 04:03:48: [SM] Exception reported: Language phrase "InstaDefuseUnsuccessful" not found (arg 5)
L 09/22/2021 - 04:03:48: [SM] Blaming: retakes-instadefuse.smx
L 09/22/2021 - 04:03:48: [SM] Call stack trace:
L 09/22/2021 - 04:03:49: [SM]   [0] PrintToChat
L 09/22/2021 - 04:03:49: [SM]   [1] Line 143, plugin.sp::AttemptInstantDefuse
L 09/22/2021 - 04:03:49: [SM]   [2] Line 104, plugin.sp::Event_BombBeginDefusePlusFrame
L 09/22/2021 - 04:03:49: [SM] Exception reported: Language phrase "InstaDefuseUnsuccessful" not found (arg 5)
L 09/22/2021 - 04:03:49: [SM] Blaming: retakes-instadefuse.smx
L 09/22/2021 - 04:03:49: [SM] Call stack trace:
L 09/22/2021 - 04:03:49: [SM]   [0] PrintToChat
L 09/22/2021 - 04:03:49: [SM]   [1] Line 143, plugin.sp::AttemptInstantDefuse
L 09/22/2021 - 04:03:49: [SM]   [2] Line 104, plugin.sp::Event_BombBeginDefusePlusFrame
L 09/22/2021 - 04:03:49: [SM] Exception reported: Language phrase "InstaDefuseUnsuccessful" not found (arg 5)
L 09/22/2021 - 04:03:49: [SM] Blaming: retakes-instadefuse.smx
L 09/22/2021 - 04:03:49: [SM] Call stack trace:
L 09/22/2021 - 04:03:49: [SM]   [0] PrintToChat
L 09/22/2021 - 04:03:49: [SM]   [1] Line 143, plugin.sp::AttemptInstantDefuse
L 09/22/2021 - 04:03:49: [SM]   [2] Line 104, plugin.sp::Event_BombBeginDefusePlusFrame
L 09/22/2021 - 04:04:07: [SM] Exception reported: Language phrase "InstaDefuseSuccessful" not found (arg 5)
L 09/22/2021 - 04:04:07: [SM] Blaming: retakes-instadefuse.smx
L 09/22/2021 - 04:04:07: [SM] Call stack trace:
L 09/22/2021 - 04:04:07: [SM]   [0] PrintToChat
L 09/22/2021 - 04:04:08: [SM]   [1] Line 197, plugin.sp::AttemptInstantDefuse
L 09/22/2021 - 04:04:08: [SM]   [2] Line 104, plugin.sp::Event_BombBeginDefusePlusFrame
L 09/22/2021 - 04:04:54: [SM] Exception reported: Language phrase "InstaDefuseSuccessful" not found (arg 5)
L 09/22/2021 - 04:04:54: [SM] Blaming: retakes-instadefuse.smx
L 09/22/2021 - 04:04:54: [SM] Call stack trace:
L 09/22/2021 - 04:04:54: [SM]   [0] PrintToChat
L 09/22/2021 - 04:04:54: [SM]   [1] Line 197, plugin.sp::AttemptInstantDefuse
L 09/22/2021 - 04:04:54: [SM]   [2] Line 104, plugin.sp::Event_BombBeginDefusePlusFrame
L 09/22/2021 - 04:05:20: [SM] Exception reported: Language phrase "InstaDefuseSuccessful" not found (arg 5)
L 09/22/2021 - 04:05:20: [SM] Blaming: retakes-instadefuse.smx
L 09/22/2021 - 04:05:20: [SM] Call stack trace:
L 09/22/2021 - 04:05:20: [SM]   [0] PrintToChat
L 09/22/2021 - 04:05:20: [SM]   [1] Line 197, plugin.sp::AttemptInstantDefuse
L 09/22/2021 - 04:05:20: [SM]   [2] Line 104, plugin.sp::Event_BombBeginDefusePlusFrame
L 09/22/2021 - 04:05:41: [SM] Exception reported: Language phrase "LiveNadeSomewhere" not found (arg 5)
L 09/22/2021 - 04:05:41: [SM] Blaming: retakes-instadefuse.smx
L 09/22/2021 - 04:05:41: [SM] Call stack trace:
L 09/22/2021 - 04:05:41: [SM]   [0] PrintToChat
L 09/22/2021 - 04:05:41: [SM]   [1] Line 168, plugin.sp::AttemptInstantDefuse
L 09/22/2021 - 04:05:41: [SM]   [2] Line 104, plugin.sp::Event_BombBeginDefusePlusFrame
L 09/22/2021 - 04:06:03: [SM] Exception reported: Language phrase "InstaDefuseSuccessful" not found (arg 5)
L 09/22/2021 - 04:06:03: [SM] Blaming: retakes-instadefuse.smx
L 09/22/2021 - 04:06:03: [SM] Call stack trace:
L 09/22/2021 - 04:06:03: [SM]   [0] PrintToChat
L 09/22/2021 - 04:06:03: [SM]   [1] Line 197, plugin.sp::AttemptInstantDefuse
L 09/22/2021 - 04:06:03: [SM]   [2] Line 104, plugin.sp::Event_BombBeginDefusePlusFrame
L 09/22/2021 - 04:06:25: [SM] Exception reported: Language phrase "InstaDefuseSuccessful" not found (arg 5)
L 09/22/2021 - 04:06:25: [SM] Blaming: retakes-instadefuse.smx
L 09/22/2021 - 04:06:25: [SM] Call stack trace:
L 09/22/2021 - 04:06:25: [SM]   [0] PrintToChat
L 09/22/2021 - 04:06:25: [SM]   [1] Line 197, plugin.sp::AttemptInstantDefuse
L 09/22/2021 - 04:06:25: [SM]   [2] Line 104, plugin.sp::Event_BombBeginDefusePlusFrame
L 09/22/2021 - 04:07:11: [SM] Exception reported: Language phrase "InstaDefuseSuccessful" not found (arg 5)
L 09/22/2021 - 04:07:11: [SM] Blaming: retakes-instadefuse.smx
L 09/22/2021 - 04:07:11: [SM] Call stack trace:
L 09/22/2021 - 04:07:11: [SM]   [0] PrintToChat
L 09/22/2021 - 04:07:11: [SM]   [1] Line 197, plugin.sp::AttemptInstantDefuse
L 09/22/2021 - 04:07:11: [SM]   [2] Line 104, plugin.sp::Event_BombBeginDefusePlusFrame
L 09/22/2021 - 04:07:40: [SM] Exception reported: Language phrase "InstaDefuseSuccessful" not found (arg 5)
L 09/22/2021 - 04:07:40: [SM] Blaming: retakes-instadefuse.smx
L 09/22/2021 - 04:07:40: [SM] Call stack trace:
L 09/22/2021 - 04:07:41: [SM]   [0] PrintToChat
L 09/22/2021 - 04:07:41: [SM]   [1] Line 197, plugin.sp::AttemptInstantDefuse
L 09/22/2021 - 04:07:41: [SM]   [2] Line 104, plugin.sp::Event_BombBeginDefusePlusFrame
L 09/22/2021 - 04:08:32: [SM] Exception reported: Language phrase "InstaDefuseSuccessful" not found (arg 5)
L 09/22/2021 - 04:08:32: [SM] Blaming: retakes-instadefuse.smx
L 09/22/2021 - 04:08:32: [SM] Call stack trace:
L 09/22/2021 - 04:08:32: [SM]   [0] PrintToChat
L 09/22/2021 - 04:08:32: [SM]   [1] Line 197, plugin.sp::AttemptInstantDefuse
L 09/22/2021 - 04:08:32: [SM]   [2] Line 104, plugin.sp::Event_BombBeginDefusePlusFrame
L 09/22/2021 - 04:08:51: [SM] Exception reported: Language phrase "LiveNadeSomewhere" not found (arg 5)
L 09/22/2021 - 04:08:51: [SM] Blaming: retakes-instadefuse.smx
L 09/22/2021 - 04:08:51: [SM] Call stack trace:
L 09/22/2021 - 04:08:51: [SM]   [0] PrintToChat
L 09/22/2021 - 04:08:51: [SM]   [1] Line 168, plugin.sp::AttemptInstantDefuse
L 09/22/2021 - 04:08:51: [SM]   [2] Line 104, plugin.sp::Event_BombBeginDefusePlusFrame
L 09/22/2021 - 04:09:10: [SM] Exception reported: Language phrase "InstaDefuseSuccessful" not found (arg 5)
L 09/22/2021 - 04:09:10: [SM] Blaming: retakes-instadefuse.smx
L 09/22/2021 - 04:09:10: [SM] Call stack trace:
L 09/22/2021 - 04:09:10: [SM]   [0] PrintToChat
L 09/22/2021 - 04:09:10: [SM]   [1] Line 197, plugin.sp::AttemptInstantDefuse
L 09/22/2021 - 04:09:10: [SM]   [2] Line 104, plugin.sp::Event_BombBeginDefusePlusFrame
L 09/22/2021 - 04:09:48: [SM] Exception reported: Language phrase "InstaDefuseSuccessful" not found (arg 5)
L 09/22/2021 - 04:09:48: [SM] Blaming: retakes-instadefuse.smx
L 09/22/2021 - 04:09:48: [SM] Call stack trace:
L 09/22/2021 - 04:09:48: [SM]   [0] PrintToChat
L 09/22/2021 - 04:09:48: [SM]   [1] Line 197, plugin.sp::AttemptInstantDefuse
L 09/22/2021 - 04:09:48: [SM]   [2] Line 104, plugin.sp::Event_BombBeginDefusePlusFrame
L 09/22/2021 - 04:10:19: [SM] Exception reported: Language phrase "InstaDefuseSuccessful" not found (arg 5)
L 09/22/2021 - 04:10:19: [SM] Blaming: retakes-instadefuse.smx
L 09/22/2021 - 04:10:19: [SM] Call stack trace:
L 09/22/2021 - 04:10:19: [SM]   [0] PrintToChat
L 09/22/2021 - 04:10:19: [SM]   [1] Line 197, plugin.sp::AttemptInstantDefuse
L 09/22/2021 - 04:10:19: [SM]   [2] Line 104, plugin.sp::Event_BombBeginDefusePlusFrame
