L 09/08/2021 - 19:16:42: SourceMod error session started
L 09/08/2021 - 19:16:42: Info (map "de_dust2") (file "E:\retake\csgoserver\csgo\addons\sourcemod\logs\errors_20210908.log")
L 09/08/2021 - 19:16:42: [SM] Unable to load plugin "bot_inventory.smx": Native "eItems_AreItemsSynced" was not found
L 09/08/2021 - 19:16:42: [SM] Unable to load plugin "bot_stuff.smx": Could not find required plugin "navmesh"
L 09/08/2021 - 19:16:44: [SM] Fatal error encountered parsing translation file "ranks_matchmaking.phrases.txt"
L 09/08/2021 - 19:16:44: [SM] Error (line 0, column 0): Stream failed to open
L 09/08/2021 - 19:16:44: [SM] Fatal error encountered parsing translation file "instadefuse.phrases.txt"
L 09/08/2021 - 19:16:44: [SM] Error (line 0, column 0): Stream failed to open
L 09/08/2021 - 19:17:02: [SM] Exception reported: Language phrase "Unranked" not found (arg 5)
L 09/08/2021 - 19:17:02: [SM] Blaming: ranks_matchmaking.smx
L 09/08/2021 - 19:17:02: [SM] Call stack trace:
L 09/08/2021 - 19:17:02: [SM]   [0] FormatEx
L 09/08/2021 - 19:17:02: [SM]   [1] Line 174, ranks_matchmaking.sp::GetRanksNames
L 09/08/2021 - 19:17:02: [SM]   [2] Line 169, ranks_matchmaking.sp::OnMapStart
L 09/08/2021 - 19:17:30: [nextmap.smx] FATAL: Cannot load map cycle. Nextmap not loaded.
L 09/08/2021 - 19:17:30: [SM] Exception reported: Mapcycle Not Found
L 09/08/2021 - 19:17:30: [SM] Blaming: nextmap.smx
L 09/08/2021 - 19:17:30: [SM] Call stack trace:
L 09/08/2021 - 19:17:30: [SM]   [0] SetFailState
L 09/08/2021 - 19:17:30: [SM]   [1] Line 143, D:\builds\build-sourcemod-msvc12\windows-1.11\build\plugins\nextmap.sp::FindAndSetNextMap
L 09/08/2021 - 19:17:30: [SM]   [2] Line 113, D:\builds\build-sourcemod-msvc12\windows-1.11\build\plugins\nextmap.sp::OnConfigsExecuted
L 09/08/2021 - 19:17:34: Error log file session closed.
L 09/08/2021 - 19:17:34: SourceMod error session started
L 09/08/2021 - 19:17:34: Info (map "de_dust2") (file "E:\retake\csgoserver\csgo\addons\sourcemod\logs\errors_20210908.log")
L 09/08/2021 - 19:17:34: [SM] Fatal error encountered parsing translation file "ranks_matchmaking.phrases.txt"
L 09/08/2021 - 19:17:34: [SM] Error (line 0, column 0): Stream failed to open
L 09/08/2021 - 19:17:34: [SM] Fatal error encountered parsing translation file "instadefuse.phrases.txt"
L 09/08/2021 - 19:17:34: [SM] Error (line 0, column 0): Stream failed to open
L 09/08/2021 - 19:17:35: [SM] Exception reported: Language phrase "Unranked" not found (arg 5)
L 09/08/2021 - 19:17:35: [SM] Blaming: ranks_matchmaking.smx
L 09/08/2021 - 19:17:35: [SM] Call stack trace:
L 09/08/2021 - 19:17:35: [SM]   [0] FormatEx
L 09/08/2021 - 19:17:35: [SM]   [1] Line 174, ranks_matchmaking.sp::GetRanksNames
L 09/08/2021 - 19:17:35: [SM]   [2] Line 169, ranks_matchmaking.sp::OnMapStart
L 09/08/2021 - 19:17:35: [nextmap.smx] FATAL: Cannot load map cycle. Nextmap not loaded.
L 09/08/2021 - 19:17:35: [SM] Exception reported: Mapcycle Not Found
L 09/08/2021 - 19:17:35: [SM] Blaming: nextmap.smx
L 09/08/2021 - 19:17:35: [SM] Call stack trace:
L 09/08/2021 - 19:17:35: [SM]   [0] SetFailState
L 09/08/2021 - 19:17:35: [SM]   [1] Line 143, D:\builds\build-sourcemod-msvc12\windows-1.11\build\plugins\nextmap.sp::FindAndSetNextMap
L 09/08/2021 - 19:17:35: [SM]   [2] Line 113, D:\builds\build-sourcemod-msvc12\windows-1.11\build\plugins\nextmap.sp::OnConfigsExecuted
L 09/08/2021 - 19:18:28: [SM] Exception reported: Language phrase "InstaDefuseSuccessful" not found (arg 5)
L 09/08/2021 - 19:18:28: [SM] Blaming: retakes-instadefuse.smx
L 09/08/2021 - 19:18:28: [SM] Call stack trace:
L 09/08/2021 - 19:18:28: [SM]   [0] PrintToChat
L 09/08/2021 - 19:18:28: [SM]   [1] Line 197, plugin.sp::AttemptInstantDefuse
L 09/08/2021 - 19:18:28: [SM]   [2] Line 104, plugin.sp::Event_BombBeginDefusePlusFrame
L 09/08/2021 - 19:18:28: [SM] Exception reported: Language phrase "InstaDefuseSuccessful" not found (arg 5)
L 09/08/2021 - 19:18:28: [SM] Blaming: retakes-instadefuse.smx
L 09/08/2021 - 19:18:28: [SM] Call stack trace:
L 09/08/2021 - 19:18:28: [SM]   [0] PrintToChat
L 09/08/2021 - 19:18:28: [SM]   [1] Line 197, plugin.sp::AttemptInstantDefuse
L 09/08/2021 - 19:18:28: [SM]   [2] Line 104, plugin.sp::Event_BombBeginDefusePlusFrame
L 09/08/2021 - 19:18:29: [SM] Exception reported: Language phrase "InstaDefuseSuccessful" not found (arg 5)
L 09/08/2021 - 19:18:29: [SM] Blaming: retakes-instadefuse.smx
L 09/08/2021 - 19:18:29: [SM] Call stack trace:
L 09/08/2021 - 19:18:29: [SM]   [0] PrintToChat
L 09/08/2021 - 19:18:29: [SM]   [1] Line 197, plugin.sp::AttemptInstantDefuse
L 09/08/2021 - 19:18:29: [SM]   [2] Line 104, plugin.sp::Event_BombBeginDefusePlusFrame
L 09/08/2021 - 19:18:56: [SM] Exception reported: Language phrase "InstaDefuseSuccessful" not found (arg 5)
L 09/08/2021 - 19:18:56: [SM] Blaming: retakes-instadefuse.smx
L 09/08/2021 - 19:18:56: [SM] Call stack trace:
L 09/08/2021 - 19:18:56: [SM]   [0] PrintToChat
L 09/08/2021 - 19:18:56: [SM]   [1] Line 197, plugin.sp::AttemptInstantDefuse
L 09/08/2021 - 19:18:56: [SM]   [2] Line 104, plugin.sp::Event_BombBeginDefusePlusFrame
L 09/08/2021 - 19:20:35: [SM] Exception reported: Language phrase "InstaDefuseSuccessful" not found (arg 5)
L 09/08/2021 - 19:20:35: [SM] Blaming: retakes-instadefuse.smx
L 09/08/2021 - 19:20:35: [SM] Call stack trace:
L 09/08/2021 - 19:20:35: [SM]   [0] PrintToChat
L 09/08/2021 - 19:20:35: [SM]   [1] Line 197, plugin.sp::AttemptInstantDefuse
L 09/08/2021 - 19:20:35: [SM]   [2] Line 104, plugin.sp::Event_BombBeginDefusePlusFrame
L 09/08/2021 - 19:20:50: [SM] Exception reported: Language phrase "InstaDefuseSuccessful" not found (arg 5)
L 09/08/2021 - 19:20:50: [SM] Blaming: retakes-instadefuse.smx
L 09/08/2021 - 19:20:50: [SM] Call stack trace:
L 09/08/2021 - 19:20:50: [SM]   [0] PrintToChat
L 09/08/2021 - 19:20:50: [SM]   [1] Line 197, plugin.sp::AttemptInstantDefuse
L 09/08/2021 - 19:20:50: [SM]   [2] Line 104, plugin.sp::Event_BombBeginDefusePlusFrame
L 09/08/2021 - 19:22:19: [SM] Exception reported: Language phrase "InstaDefuseSuccessful" not found (arg 5)
L 09/08/2021 - 19:22:19: [SM] Blaming: retakes-instadefuse.smx
L 09/08/2021 - 19:22:19: [SM] Call stack trace:
L 09/08/2021 - 19:22:19: [SM]   [0] PrintToChat
L 09/08/2021 - 19:22:19: [SM]   [1] Line 197, plugin.sp::AttemptInstantDefuse
L 09/08/2021 - 19:22:19: [SM]   [2] Line 104, plugin.sp::Event_BombBeginDefusePlusFrame
L 09/08/2021 - 19:22:36: [SM] Exception reported: Language phrase "InstaDefuseSuccessful" not found (arg 5)
L 09/08/2021 - 19:22:36: [SM] Blaming: retakes-instadefuse.smx
L 09/08/2021 - 19:22:36: [SM] Call stack trace:
L 09/08/2021 - 19:22:36: [SM]   [0] PrintToChat
L 09/08/2021 - 19:22:36: [SM]   [1] Line 197, plugin.sp::AttemptInstantDefuse
L 09/08/2021 - 19:22:36: [SM]   [2] Line 104, plugin.sp::Event_BombBeginDefusePlusFrame
L 09/08/2021 - 19:22:52: [SM] Exception reported: Language phrase "InstaDefuseSuccessful" not found (arg 5)
L 09/08/2021 - 19:22:52: [SM] Blaming: retakes-instadefuse.smx
L 09/08/2021 - 19:22:52: [SM] Call stack trace:
L 09/08/2021 - 19:22:52: [SM]   [0] PrintToChat
L 09/08/2021 - 19:22:52: [SM]   [1] Line 197, plugin.sp::AttemptInstantDefuse
L 09/08/2021 - 19:22:52: [SM]   [2] Line 104, plugin.sp::Event_BombBeginDefusePlusFrame
L 09/08/2021 - 19:24:02: [SM] Exception reported: Language phrase "InstaDefuseSuccessful" not found (arg 5)
L 09/08/2021 - 19:24:02: [SM] Blaming: retakes-instadefuse.smx
L 09/08/2021 - 19:24:02: [SM] Call stack trace:
L 09/08/2021 - 19:24:02: [SM]   [0] PrintToChat
L 09/08/2021 - 19:24:02: [SM]   [1] Line 197, plugin.sp::AttemptInstantDefuse
L 09/08/2021 - 19:24:02: [SM]   [2] Line 104, plugin.sp::Event_BombBeginDefusePlusFrame
L 09/08/2021 - 19:24:26: [SM] Exception reported: Language phrase "InstaDefuseSuccessful" not found (arg 5)
L 09/08/2021 - 19:24:26: [SM] Blaming: retakes-instadefuse.smx
L 09/08/2021 - 19:24:26: [SM] Call stack trace:
L 09/08/2021 - 19:24:26: [SM]   [0] PrintToChat
L 09/08/2021 - 19:24:26: [SM]   [1] Line 197, plugin.sp::AttemptInstantDefuse
L 09/08/2021 - 19:24:26: [SM]   [2] Line 104, plugin.sp::Event_BombBeginDefusePlusFrame
L 09/08/2021 - 19:24:45: [SM] Exception reported: Language phrase "InstaDefuseSuccessful" not found (arg 5)
L 09/08/2021 - 19:24:45: [SM] Blaming: retakes-instadefuse.smx
L 09/08/2021 - 19:24:45: [SM] Call stack trace:
L 09/08/2021 - 19:24:45: [SM]   [0] PrintToChat
L 09/08/2021 - 19:24:45: [SM]   [1] Line 197, plugin.sp::AttemptInstantDefuse
L 09/08/2021 - 19:24:45: [SM]   [2] Line 104, plugin.sp::Event_BombBeginDefusePlusFrame
L 09/08/2021 - 19:25:10: [SM] Exception reported: Language phrase "InstaDefuseSuccessful" not found (arg 5)
L 09/08/2021 - 19:25:10: [SM] Blaming: retakes-instadefuse.smx
L 09/08/2021 - 19:25:10: [SM] Call stack trace:
L 09/08/2021 - 19:25:10: [SM]   [0] PrintToChat
L 09/08/2021 - 19:25:10: [SM]   [1] Line 197, plugin.sp::AttemptInstantDefuse
L 09/08/2021 - 19:25:10: [SM]   [2] Line 104, plugin.sp::Event_BombBeginDefusePlusFrame
