L 10/19/2022 - 21:10:05: SourceMod error session started
L 10/19/2022 - 21:10:05: Info (map "de_mirage") (file "E:\retake\csgoserver\csgo\addons\sourcemod\logs\errors_20221019.log")
L 10/19/2022 - 21:10:05: [SM] Unable to load extension "PhysHooks.ext": Could not find patch signature for symbol: Physics_RunThinkFunctions
L 10/19/2022 - 21:10:08: [SM] Unable to load plugin "bot_inventory.smx": Native "eItems_AreItemsSynced" was not found
L 10/19/2022 - 21:10:08: [SM] Unable to load plugin "bot_stuff.smx": Could not find required plugin "navmesh"
L 10/19/2022 - 21:10:09: [SM] Unable to load plugin "LagCompensation.smx": Required extension "PhysHooks" file("PhysHooks.ext") not running
L 10/19/2022 - 21:10:10: [SM] Fatal error encountered parsing translation file "ranks_matchmaking.phrases.txt"
L 10/19/2022 - 21:10:10: [SM] Error (line 0, column 0): Stream failed to open
L 10/19/2022 - 21:10:11: [SM] Fatal error encountered parsing translation file "instadefuse.phrases.txt"
L 10/19/2022 - 21:10:11: [SM] Error (line 0, column 0): Stream failed to open
L 10/19/2022 - 21:10:31: [SM] Exception reported: Language phrase "Unranked" not found (arg 5)
L 10/19/2022 - 21:10:31: [SM] Blaming: ranks_matchmaking.smx
L 10/19/2022 - 21:10:31: [SM] Call stack trace:
L 10/19/2022 - 21:10:31: [SM]   [0] FormatEx
L 10/19/2022 - 21:10:31: [SM]   [1] Line 174, ranks_matchmaking.sp::GetRanksNames
L 10/19/2022 - 21:10:31: [SM]   [2] Line 169, ranks_matchmaking.sp::OnMapStart
L 10/19/2022 - 21:16:44: SourceMod error session started
L 10/19/2022 - 21:16:44: Info (map "de_mirage") (file "E:\retake\csgoserver\csgo\addons\sourcemod\logs\errors_20221019.log")
L 10/19/2022 - 21:16:44: [SM] Unable to load extension "PhysHooks.ext": Could not find patch signature for symbol: Physics_RunThinkFunctions
L 10/19/2022 - 21:16:44: [SM] Unable to load plugin "bot_inventory.smx": Native "eItems_AreItemsSynced" was not found
L 10/19/2022 - 21:16:44: [SM] Unable to load plugin "bot_stuff.smx": Could not find required plugin "navmesh"
L 10/19/2022 - 21:16:44: [SM] Unable to load plugin "LagCompensation.smx": Required extension "PhysHooks" file("PhysHooks.ext") not running
L 10/19/2022 - 21:16:44: [SM] Fatal error encountered parsing translation file "ranks_matchmaking.phrases.txt"
L 10/19/2022 - 21:16:44: [SM] Error (line 0, column 0): Stream failed to open
L 10/19/2022 - 21:16:44: [SM] Fatal error encountered parsing translation file "instadefuse.phrases.txt"
L 10/19/2022 - 21:16:44: [SM] Error (line 0, column 0): Stream failed to open
L 10/19/2022 - 21:16:47: [SM] Exception reported: Language phrase "Unranked" not found (arg 5)
L 10/19/2022 - 21:16:47: [SM] Blaming: ranks_matchmaking.smx
L 10/19/2022 - 21:16:47: [SM] Call stack trace:
L 10/19/2022 - 21:16:47: [SM]   [0] FormatEx
L 10/19/2022 - 21:16:47: [SM]   [1] Line 174, ranks_matchmaking.sp::GetRanksNames
L 10/19/2022 - 21:16:47: [SM]   [2] Line 169, ranks_matchmaking.sp::OnMapStart
