L 04/28/2022 - 00:07:34: SourceMod error session started
L 04/28/2022 - 00:07:34: Info (map "de_mirage") (file "E:\retake\csgoserver\csgo\addons\sourcemod\logs\errors_20220428.log")
L 04/28/2022 - 00:07:34: [SM] Unable to load extension "PhysHooks.ext": Could not find patch signature for symbol: Physics_RunThinkFunctions
L 04/28/2022 - 00:07:36: [SM] Unable to load plugin "bot_inventory.smx": Native "eItems_AreItemsSynced" was not found
L 04/28/2022 - 00:07:36: [SM] Unable to load plugin "bot_stuff.smx": Could not find required plugin "navmesh"
L 04/28/2022 - 00:07:37: [SM] Unable to load plugin "LagCompensation.smx": Required extension "PhysHooks" file("PhysHooks.ext") not running
L 04/28/2022 - 00:07:38: [SM] Fatal error encountered parsing translation file "ranks_matchmaking.phrases.txt"
L 04/28/2022 - 00:07:38: [SM] Error (line 0, column 0): Stream failed to open
L 04/28/2022 - 00:07:38: [SM] Fatal error encountered parsing translation file "instadefuse.phrases.txt"
L 04/28/2022 - 00:07:38: [SM] Error (line 0, column 0): Stream failed to open
L 04/28/2022 - 00:07:58: [SM] Exception reported: Language phrase "Unranked" not found (arg 5)
L 04/28/2022 - 00:07:58: [SM] Blaming: ranks_matchmaking.smx
L 04/28/2022 - 00:07:58: [SM] Call stack trace:
L 04/28/2022 - 00:07:58: [SM]   [0] FormatEx
L 04/28/2022 - 00:07:58: [SM]   [1] Line 174, ranks_matchmaking.sp::GetRanksNames
L 04/28/2022 - 00:07:58: [SM]   [2] Line 169, ranks_matchmaking.sp::OnMapStart
L 04/28/2022 - 00:09:41: Error log file session closed.
L 04/28/2022 - 00:09:41: SourceMod error session started
L 04/28/2022 - 00:09:41: Info (map "de_mirage") (file "E:\retake\csgoserver\csgo\addons\sourcemod\logs\errors_20220428.log")
L 04/28/2022 - 00:09:41: [SM] Fatal error encountered parsing translation file "ranks_matchmaking.phrases.txt"
L 04/28/2022 - 00:09:41: [SM] Error (line 0, column 0): Stream failed to open
L 04/28/2022 - 00:09:41: [SM] Fatal error encountered parsing translation file "instadefuse.phrases.txt"
L 04/28/2022 - 00:09:41: [SM] Error (line 0, column 0): Stream failed to open
L 04/28/2022 - 00:09:42: [SM] Exception reported: Language phrase "Unranked" not found (arg 5)
L 04/28/2022 - 00:09:42: [SM] Blaming: ranks_matchmaking.smx
L 04/28/2022 - 00:09:42: [SM] Call stack trace:
L 04/28/2022 - 00:09:42: [SM]   [0] FormatEx
L 04/28/2022 - 00:09:42: [SM]   [1] Line 174, ranks_matchmaking.sp::GetRanksNames
L 04/28/2022 - 00:09:42: [SM]   [2] Line 169, ranks_matchmaking.sp::OnMapStart
L 04/28/2022 - 00:17:32: [SM] Exception reported: Language phrase "InstaDefuseUnsuccessful" not found (arg 5)
L 04/28/2022 - 00:17:32: [SM] Blaming: retakes-instadefuse.smx
L 04/28/2022 - 00:17:32: [SM] Call stack trace:
L 04/28/2022 - 00:17:32: [SM]   [0] PrintToChat
L 04/28/2022 - 00:17:32: [SM]   [1] Line 143, plugin.sp::AttemptInstantDefuse
L 04/28/2022 - 00:17:32: [SM]   [2] Line 104, plugin.sp::Event_BombBeginDefusePlusFrame
L 04/28/2022 - 00:17:32: [SM] Exception reported: Language phrase "InstaDefuseUnsuccessful" not found (arg 5)
L 04/28/2022 - 00:17:32: [SM] Blaming: retakes-instadefuse.smx
L 04/28/2022 - 00:17:32: [SM] Call stack trace:
L 04/28/2022 - 00:17:32: [SM]   [0] PrintToChat
L 04/28/2022 - 00:17:32: [SM]   [1] Line 143, plugin.sp::AttemptInstantDefuse
L 04/28/2022 - 00:17:32: [SM]   [2] Line 104, plugin.sp::Event_BombBeginDefusePlusFrame
L 04/28/2022 - 00:17:33: [SM] Exception reported: Language phrase "InstaDefuseUnsuccessful" not found (arg 5)
L 04/28/2022 - 00:17:33: [SM] Blaming: retakes-instadefuse.smx
L 04/28/2022 - 00:17:33: [SM] Call stack trace:
L 04/28/2022 - 00:17:33: [SM]   [0] PrintToChat
L 04/28/2022 - 00:17:33: [SM]   [1] Line 143, plugin.sp::AttemptInstantDefuse
L 04/28/2022 - 00:17:33: [SM]   [2] Line 104, plugin.sp::Event_BombBeginDefusePlusFrame
L 04/28/2022 - 00:17:33: [SM] Exception reported: Language phrase "InstaDefuseUnsuccessful" not found (arg 5)
L 04/28/2022 - 00:17:33: [SM] Blaming: retakes-instadefuse.smx
L 04/28/2022 - 00:17:33: [SM] Call stack trace:
L 04/28/2022 - 00:17:33: [SM]   [0] PrintToChat
L 04/28/2022 - 00:17:33: [SM]   [1] Line 143, plugin.sp::AttemptInstantDefuse
L 04/28/2022 - 00:17:33: [SM]   [2] Line 104, plugin.sp::Event_BombBeginDefusePlusFrame
L 04/28/2022 - 00:17:33: [SM] Exception reported: Language phrase "InstaDefuseUnsuccessful" not found (arg 5)
L 04/28/2022 - 00:17:33: [SM] Blaming: retakes-instadefuse.smx
L 04/28/2022 - 00:17:33: [SM] Call stack trace:
L 04/28/2022 - 00:17:33: [SM]   [0] PrintToChat
L 04/28/2022 - 00:17:33: [SM]   [1] Line 143, plugin.sp::AttemptInstantDefuse
L 04/28/2022 - 00:17:33: [SM]   [2] Line 104, plugin.sp::Event_BombBeginDefusePlusFrame
L 04/28/2022 - 00:17:34: [SM] Exception reported: Language phrase "InstaDefuseUnsuccessful" not found (arg 5)
L 04/28/2022 - 00:17:34: [SM] Blaming: retakes-instadefuse.smx
L 04/28/2022 - 00:17:34: [SM] Call stack trace:
L 04/28/2022 - 00:17:34: [SM]   [0] PrintToChat
L 04/28/2022 - 00:17:34: [SM]   [1] Line 143, plugin.sp::AttemptInstantDefuse
L 04/28/2022 - 00:17:34: [SM]   [2] Line 104, plugin.sp::Event_BombBeginDefusePlusFrame
L 04/28/2022 - 00:17:34: [SM] Exception reported: Language phrase "InstaDefuseUnsuccessful" not found (arg 5)
L 04/28/2022 - 00:17:34: [SM] Blaming: retakes-instadefuse.smx
L 04/28/2022 - 00:17:34: [SM] Call stack trace:
L 04/28/2022 - 00:17:34: [SM]   [0] PrintToChat
L 04/28/2022 - 00:17:34: [SM]   [1] Line 143, plugin.sp::AttemptInstantDefuse
L 04/28/2022 - 00:17:34: [SM]   [2] Line 104, plugin.sp::Event_BombBeginDefusePlusFrame
L 04/28/2022 - 00:19:18: [SM] Exception reported: Language phrase "InstaDefuseSuccessful" not found (arg 5)
L 04/28/2022 - 00:19:18: [SM] Blaming: retakes-instadefuse.smx
L 04/28/2022 - 00:19:18: [SM] Call stack trace:
L 04/28/2022 - 00:19:18: [SM]   [0] PrintToChat
L 04/28/2022 - 00:19:18: [SM]   [1] Line 197, plugin.sp::AttemptInstantDefuse
L 04/28/2022 - 00:19:18: [SM]   [2] Line 104, plugin.sp::Event_BombBeginDefusePlusFrame
L 04/28/2022 - 00:19:40: [SM] Exception reported: Language phrase "InstaDefuseSuccessful" not found (arg 5)
L 04/28/2022 - 00:19:40: [SM] Blaming: retakes-instadefuse.smx
L 04/28/2022 - 00:19:40: [SM] Call stack trace:
L 04/28/2022 - 00:19:40: [SM]   [0] PrintToChat
L 04/28/2022 - 00:19:40: [SM]   [1] Line 197, plugin.sp::AttemptInstantDefuse
L 04/28/2022 - 00:19:40: [SM]   [2] Line 104, plugin.sp::Event_BombBeginDefusePlusFrame
L 04/28/2022 - 00:20:00: [SM] Exception reported: Language phrase "InstaDefuseSuccessful" not found (arg 5)
L 04/28/2022 - 00:20:00: [SM] Blaming: retakes-instadefuse.smx
L 04/28/2022 - 00:20:00: [SM] Call stack trace:
L 04/28/2022 - 00:20:00: [SM]   [0] PrintToChat
L 04/28/2022 - 00:20:00: [SM]   [1] Line 197, plugin.sp::AttemptInstantDefuse
L 04/28/2022 - 00:20:00: [SM]   [2] Line 104, plugin.sp::Event_BombBeginDefusePlusFrame
L 04/28/2022 - 00:21:55: [SM] Exception reported: Language phrase "InstaDefuseSuccessful" not found (arg 5)
L 04/28/2022 - 00:21:55: [SM] Blaming: retakes-instadefuse.smx
L 04/28/2022 - 00:21:55: [SM] Call stack trace:
L 04/28/2022 - 00:21:55: [SM]   [0] PrintToChat
L 04/28/2022 - 00:21:55: [SM]   [1] Line 197, plugin.sp::AttemptInstantDefuse
L 04/28/2022 - 00:21:55: [SM]   [2] Line 104, plugin.sp::Event_BombBeginDefusePlusFrame
L 04/28/2022 - 00:22:56: [SM] Exception reported: Language phrase "InstaDefuseSuccessful" not found (arg 5)
L 04/28/2022 - 00:22:56: [SM] Blaming: retakes-instadefuse.smx
L 04/28/2022 - 00:22:56: [SM] Call stack trace:
L 04/28/2022 - 00:22:56: [SM]   [0] PrintToChat
L 04/28/2022 - 00:22:56: [SM]   [1] Line 197, plugin.sp::AttemptInstantDefuse
L 04/28/2022 - 00:22:56: [SM]   [2] Line 104, plugin.sp::Event_BombBeginDefusePlusFrame
L 04/28/2022 - 00:22:59: [SM] Exception reported: Language phrase "InstaDefuseSuccessful" not found (arg 5)
L 04/28/2022 - 00:22:59: [SM] Blaming: retakes-instadefuse.smx
L 04/28/2022 - 00:22:59: [SM] Call stack trace:
L 04/28/2022 - 00:22:59: [SM]   [0] PrintToChat
L 04/28/2022 - 00:22:59: [SM]   [1] Line 197, plugin.sp::AttemptInstantDefuse
L 04/28/2022 - 00:22:59: [SM]   [2] Line 104, plugin.sp::Event_BombBeginDefusePlusFrame
L 04/28/2022 - 00:24:08: [SM] Exception reported: Language phrase "InstaDefuseSuccessful" not found (arg 5)
L 04/28/2022 - 00:24:08: [SM] Blaming: retakes-instadefuse.smx
L 04/28/2022 - 00:24:08: [SM] Call stack trace:
L 04/28/2022 - 00:24:08: [SM]   [0] PrintToChat
L 04/28/2022 - 00:24:08: [SM]   [1] Line 197, plugin.sp::AttemptInstantDefuse
L 04/28/2022 - 00:24:08: [SM]   [2] Line 104, plugin.sp::Event_BombBeginDefusePlusFrame
L 04/28/2022 - 00:24:11: [SM] Exception reported: Language phrase "InstaDefuseSuccessful" not found (arg 5)
L 04/28/2022 - 00:24:11: [SM] Blaming: retakes-instadefuse.smx
L 04/28/2022 - 00:24:11: [SM] Call stack trace:
L 04/28/2022 - 00:24:11: [SM]   [0] PrintToChat
L 04/28/2022 - 00:24:11: [SM]   [1] Line 197, plugin.sp::AttemptInstantDefuse
L 04/28/2022 - 00:24:11: [SM]   [2] Line 104, plugin.sp::Event_BombBeginDefusePlusFrame
L 04/28/2022 - 00:24:43: [SM] Exception reported: Language phrase "InstaDefuseSuccessful" not found (arg 5)
L 04/28/2022 - 00:24:43: [SM] Blaming: retakes-instadefuse.smx
L 04/28/2022 - 00:24:43: [SM] Call stack trace:
L 04/28/2022 - 00:24:43: [SM]   [0] PrintToChat
L 04/28/2022 - 00:24:43: [SM]   [1] Line 197, plugin.sp::AttemptInstantDefuse
L 04/28/2022 - 00:24:43: [SM]   [2] Line 104, plugin.sp::Event_BombBeginDefusePlusFrame
L 04/28/2022 - 00:25:18: [SM] Exception reported: Language phrase "InstaDefuseSuccessful" not found (arg 5)
L 04/28/2022 - 00:25:18: [SM] Blaming: retakes-instadefuse.smx
L 04/28/2022 - 00:25:18: [SM] Call stack trace:
L 04/28/2022 - 00:25:18: [SM]   [0] PrintToChat
L 04/28/2022 - 00:25:18: [SM]   [1] Line 197, plugin.sp::AttemptInstantDefuse
L 04/28/2022 - 00:25:18: [SM]   [2] Line 104, plugin.sp::Event_BombBeginDefusePlusFrame
L 04/28/2022 - 00:26:26: [SM] Exception reported: Language phrase "InstaDefuseSuccessful" not found (arg 5)
L 04/28/2022 - 00:26:26: [SM] Blaming: retakes-instadefuse.smx
L 04/28/2022 - 00:26:26: [SM] Call stack trace:
L 04/28/2022 - 00:26:26: [SM]   [0] PrintToChat
L 04/28/2022 - 00:26:26: [SM]   [1] Line 197, plugin.sp::AttemptInstantDefuse
L 04/28/2022 - 00:26:26: [SM]   [2] Line 104, plugin.sp::Event_BombBeginDefusePlusFrame
L 04/28/2022 - 00:27:17: [SM] Exception reported: Language phrase "InstaDefuseSuccessful" not found (arg 5)
L 04/28/2022 - 00:27:17: [SM] Blaming: retakes-instadefuse.smx
L 04/28/2022 - 00:27:17: [SM] Call stack trace:
L 04/28/2022 - 00:27:17: [SM]   [0] PrintToChat
L 04/28/2022 - 00:27:17: [SM]   [1] Line 197, plugin.sp::AttemptInstantDefuse
L 04/28/2022 - 00:27:17: [SM]   [2] Line 104, plugin.sp::Event_BombBeginDefusePlusFrame
L 04/28/2022 - 00:27:51: [SM] Exception reported: Language phrase "InstaDefuseSuccessful" not found (arg 5)
L 04/28/2022 - 00:27:51: [SM] Blaming: retakes-instadefuse.smx
L 04/28/2022 - 00:27:51: [SM] Call stack trace:
L 04/28/2022 - 00:27:51: [SM]   [0] PrintToChat
L 04/28/2022 - 00:27:51: [SM]   [1] Line 197, plugin.sp::AttemptInstantDefuse
L 04/28/2022 - 00:27:51: [SM]   [2] Line 104, plugin.sp::Event_BombBeginDefusePlusFrame
L 04/28/2022 - 00:28:13: [SM] Exception reported: Language phrase "InstaDefuseSuccessful" not found (arg 5)
L 04/28/2022 - 00:28:13: [SM] Blaming: retakes-instadefuse.smx
L 04/28/2022 - 00:28:13: [SM] Call stack trace:
L 04/28/2022 - 00:28:13: [SM]   [0] PrintToChat
L 04/28/2022 - 00:28:13: [SM]   [1] Line 197, plugin.sp::AttemptInstantDefuse
L 04/28/2022 - 00:28:13: [SM]   [2] Line 104, plugin.sp::Event_BombBeginDefusePlusFrame
L 04/28/2022 - 00:28:47: [SM] Exception reported: Language phrase "InstaDefuseSuccessful" not found (arg 5)
L 04/28/2022 - 00:28:47: [SM] Blaming: retakes-instadefuse.smx
L 04/28/2022 - 00:28:47: [SM] Call stack trace:
L 04/28/2022 - 00:28:47: [SM]   [0] PrintToChat
L 04/28/2022 - 00:28:47: [SM]   [1] Line 197, plugin.sp::AttemptInstantDefuse
L 04/28/2022 - 00:28:47: [SM]   [2] Line 104, plugin.sp::Event_BombBeginDefusePlusFrame
L 04/28/2022 - 00:29:15: [SM] Exception reported: Language phrase "InstaDefuseSuccessful" not found (arg 5)
L 04/28/2022 - 00:29:15: [SM] Blaming: retakes-instadefuse.smx
L 04/28/2022 - 00:29:15: [SM] Call stack trace:
L 04/28/2022 - 00:29:15: [SM]   [0] PrintToChat
L 04/28/2022 - 00:29:15: [SM]   [1] Line 197, plugin.sp::AttemptInstantDefuse
L 04/28/2022 - 00:29:15: [SM]   [2] Line 104, plugin.sp::Event_BombBeginDefusePlusFrame
L 04/28/2022 - 00:30:44: [SM] Exception reported: Language phrase "InstaDefuseSuccessful" not found (arg 5)
L 04/28/2022 - 00:30:44: [SM] Blaming: retakes-instadefuse.smx
L 04/28/2022 - 00:30:44: [SM] Call stack trace:
L 04/28/2022 - 00:30:44: [SM]   [0] PrintToChat
L 04/28/2022 - 00:30:44: [SM]   [1] Line 197, plugin.sp::AttemptInstantDefuse
L 04/28/2022 - 00:30:44: [SM]   [2] Line 104, plugin.sp::Event_BombBeginDefusePlusFrame
L 04/28/2022 - 00:31:03: [SM] Exception reported: Language phrase "InstaDefuseSuccessful" not found (arg 5)
L 04/28/2022 - 00:31:03: [SM] Blaming: retakes-instadefuse.smx
L 04/28/2022 - 00:31:03: [SM] Call stack trace:
L 04/28/2022 - 00:31:03: [SM]   [0] PrintToChat
L 04/28/2022 - 00:31:03: [SM]   [1] Line 197, plugin.sp::AttemptInstantDefuse
L 04/28/2022 - 00:31:03: [SM]   [2] Line 104, plugin.sp::Event_BombBeginDefusePlusFrame
L 04/28/2022 - 00:31:33: [SM] Exception reported: Language phrase "InstaDefuseSuccessful" not found (arg 5)
L 04/28/2022 - 00:31:33: [SM] Blaming: retakes-instadefuse.smx
L 04/28/2022 - 00:31:33: [SM] Call stack trace:
L 04/28/2022 - 00:31:33: [SM]   [0] PrintToChat
L 04/28/2022 - 00:31:33: [SM]   [1] Line 197, plugin.sp::AttemptInstantDefuse
L 04/28/2022 - 00:31:33: [SM]   [2] Line 104, plugin.sp::Event_BombBeginDefusePlusFrame
L 04/28/2022 - 00:32:44: [SM] Exception reported: Language phrase "InstaDefuseSuccessful" not found (arg 5)
L 04/28/2022 - 00:32:44: [SM] Blaming: retakes-instadefuse.smx
L 04/28/2022 - 00:32:44: [SM] Call stack trace:
L 04/28/2022 - 00:32:44: [SM]   [0] PrintToChat
L 04/28/2022 - 00:32:44: [SM]   [1] Line 197, plugin.sp::AttemptInstantDefuse
L 04/28/2022 - 00:32:44: [SM]   [2] Line 104, plugin.sp::Event_BombBeginDefusePlusFrame
L 04/28/2022 - 00:33:40: [SM] Exception reported: Language phrase "InstaDefuseSuccessful" not found (arg 5)
L 04/28/2022 - 00:33:40: [SM] Blaming: retakes-instadefuse.smx
L 04/28/2022 - 00:33:40: [SM] Call stack trace:
L 04/28/2022 - 00:33:40: [SM]   [0] PrintToChat
L 04/28/2022 - 00:33:40: [SM]   [1] Line 197, plugin.sp::AttemptInstantDefuse
L 04/28/2022 - 00:33:40: [SM]   [2] Line 104, plugin.sp::Event_BombBeginDefusePlusFrame
L 04/28/2022 - 00:33:57: [SM] Exception reported: Language phrase "InstaDefuseSuccessful" not found (arg 5)
L 04/28/2022 - 00:33:57: [SM] Blaming: retakes-instadefuse.smx
L 04/28/2022 - 00:33:57: [SM] Call stack trace:
L 04/28/2022 - 00:33:57: [SM]   [0] PrintToChat
L 04/28/2022 - 00:33:57: [SM]   [1] Line 197, plugin.sp::AttemptInstantDefuse
L 04/28/2022 - 00:33:57: [SM]   [2] Line 104, plugin.sp::Event_BombBeginDefusePlusFrame
L 04/28/2022 - 00:35:30: [SM] Exception reported: Language phrase "InstaDefuseUnsuccessful" not found (arg 5)
L 04/28/2022 - 00:35:30: [SM] Blaming: retakes-instadefuse.smx
L 04/28/2022 - 00:35:30: [SM] Call stack trace:
L 04/28/2022 - 00:35:30: [SM]   [0] PrintToChat
L 04/28/2022 - 00:35:30: [SM]   [1] Line 143, plugin.sp::AttemptInstantDefuse
L 04/28/2022 - 00:35:30: [SM]   [2] Line 104, plugin.sp::Event_BombBeginDefusePlusFrame
L 04/28/2022 - 00:35:30: [SM] Exception reported: Language phrase "InstaDefuseUnsuccessful" not found (arg 5)
L 04/28/2022 - 00:35:30: [SM] Blaming: retakes-instadefuse.smx
L 04/28/2022 - 00:35:30: [SM] Call stack trace:
L 04/28/2022 - 00:35:30: [SM]   [0] PrintToChat
L 04/28/2022 - 00:35:30: [SM]   [1] Line 143, plugin.sp::AttemptInstantDefuse
L 04/28/2022 - 00:35:30: [SM]   [2] Line 104, plugin.sp::Event_BombBeginDefusePlusFrame
L 04/28/2022 - 00:35:30: [SM] Exception reported: Language phrase "InstaDefuseUnsuccessful" not found (arg 5)
L 04/28/2022 - 00:35:30: [SM] Blaming: retakes-instadefuse.smx
L 04/28/2022 - 00:35:30: [SM] Call stack trace:
L 04/28/2022 - 00:35:30: [SM]   [0] PrintToChat
L 04/28/2022 - 00:35:30: [SM]   [1] Line 143, plugin.sp::AttemptInstantDefuse
L 04/28/2022 - 00:35:30: [SM]   [2] Line 104, plugin.sp::Event_BombBeginDefusePlusFrame
L 04/28/2022 - 00:36:23: [SM] Exception reported: Language phrase "InstaDefuseSuccessful" not found (arg 5)
L 04/28/2022 - 00:36:23: [SM] Blaming: retakes-instadefuse.smx
L 04/28/2022 - 00:36:23: [SM] Call stack trace:
L 04/28/2022 - 00:36:23: [SM]   [0] PrintToChat
L 04/28/2022 - 00:36:23: [SM]   [1] Line 197, plugin.sp::AttemptInstantDefuse
L 04/28/2022 - 00:36:23: [SM]   [2] Line 104, plugin.sp::Event_BombBeginDefusePlusFrame
L 04/28/2022 - 00:37:55: [SM] Exception reported: Language phrase "InstaDefuseSuccessful" not found (arg 5)
L 04/28/2022 - 00:37:55: [SM] Blaming: retakes-instadefuse.smx
L 04/28/2022 - 00:37:55: [SM] Call stack trace:
L 04/28/2022 - 00:37:55: [SM]   [0] PrintToChat
L 04/28/2022 - 00:37:55: [SM]   [1] Line 197, plugin.sp::AttemptInstantDefuse
L 04/28/2022 - 00:37:55: [SM]   [2] Line 104, plugin.sp::Event_BombBeginDefusePlusFrame
L 04/28/2022 - 00:38:38: [SM] Exception reported: Language phrase "InstaDefuseSuccessful" not found (arg 5)
L 04/28/2022 - 00:38:38: [SM] Blaming: retakes-instadefuse.smx
L 04/28/2022 - 00:38:38: [SM] Call stack trace:
L 04/28/2022 - 00:38:38: [SM]   [0] PrintToChat
L 04/28/2022 - 00:38:38: [SM]   [1] Line 197, plugin.sp::AttemptInstantDefuse
L 04/28/2022 - 00:38:38: [SM]   [2] Line 104, plugin.sp::Event_BombBeginDefusePlusFrame
L 04/28/2022 - 00:39:25: [SM] Exception reported: Language phrase "InstaDefuseSuccessful" not found (arg 5)
L 04/28/2022 - 00:39:25: [SM] Blaming: retakes-instadefuse.smx
L 04/28/2022 - 00:39:25: [SM] Call stack trace:
L 04/28/2022 - 00:39:25: [SM]   [0] PrintToChat
L 04/28/2022 - 00:39:25: [SM]   [1] Line 197, plugin.sp::AttemptInstantDefuse
L 04/28/2022 - 00:39:25: [SM]   [2] Line 104, plugin.sp::Event_BombBeginDefusePlusFrame
L 04/28/2022 - 00:39:42: [SM] Exception reported: Language phrase "InstaDefuseSuccessful" not found (arg 5)
L 04/28/2022 - 00:39:42: [SM] Blaming: retakes-instadefuse.smx
L 04/28/2022 - 00:39:42: [SM] Call stack trace:
L 04/28/2022 - 00:39:42: [SM]   [0] PrintToChat
L 04/28/2022 - 00:39:42: [SM]   [1] Line 197, plugin.sp::AttemptInstantDefuse
L 04/28/2022 - 00:39:42: [SM]   [2] Line 104, plugin.sp::Event_BombBeginDefusePlusFrame
L 04/28/2022 - 00:40:05: [SM] Exception reported: Language phrase "InstaDefuseSuccessful" not found (arg 5)
L 04/28/2022 - 00:40:05: [SM] Blaming: retakes-instadefuse.smx
L 04/28/2022 - 00:40:05: [SM] Call stack trace:
L 04/28/2022 - 00:40:05: [SM]   [0] PrintToChat
L 04/28/2022 - 00:40:05: [SM]   [1] Line 197, plugin.sp::AttemptInstantDefuse
L 04/28/2022 - 00:40:05: [SM]   [2] Line 104, plugin.sp::Event_BombBeginDefusePlusFrame
L 04/28/2022 - 00:40:29: [SM] Exception reported: Language phrase "InstaDefuseSuccessful" not found (arg 5)
L 04/28/2022 - 00:40:29: [SM] Blaming: retakes-instadefuse.smx
L 04/28/2022 - 00:40:29: [SM] Call stack trace:
L 04/28/2022 - 00:40:29: [SM]   [0] PrintToChat
L 04/28/2022 - 00:40:29: [SM]   [1] Line 197, plugin.sp::AttemptInstantDefuse
L 04/28/2022 - 00:40:29: [SM]   [2] Line 104, plugin.sp::Event_BombBeginDefusePlusFrame
L 04/28/2022 - 00:41:02: [SM] Exception reported: Language phrase "InstaDefuseSuccessful" not found (arg 5)
L 04/28/2022 - 00:41:02: [SM] Blaming: retakes-instadefuse.smx
L 04/28/2022 - 00:41:02: [SM] Call stack trace:
L 04/28/2022 - 00:41:02: [SM]   [0] PrintToChat
L 04/28/2022 - 00:41:02: [SM]   [1] Line 197, plugin.sp::AttemptInstantDefuse
L 04/28/2022 - 00:41:02: [SM]   [2] Line 104, plugin.sp::Event_BombBeginDefusePlusFrame
L 04/28/2022 - 00:41:17: [SM] Exception reported: Language phrase "InstaDefuseSuccessful" not found (arg 5)
L 04/28/2022 - 00:41:17: [SM] Blaming: retakes-instadefuse.smx
L 04/28/2022 - 00:41:17: [SM] Call stack trace:
L 04/28/2022 - 00:41:17: [SM]   [0] PrintToChat
L 04/28/2022 - 00:41:17: [SM]   [1] Line 197, plugin.sp::AttemptInstantDefuse
L 04/28/2022 - 00:41:17: [SM]   [2] Line 104, plugin.sp::Event_BombBeginDefusePlusFrame
L 04/28/2022 - 00:41:34: [SM] Exception reported: Language phrase "InstaDefuseSuccessful" not found (arg 5)
L 04/28/2022 - 00:41:34: [SM] Blaming: retakes-instadefuse.smx
L 04/28/2022 - 00:41:34: [SM] Call stack trace:
L 04/28/2022 - 00:41:34: [SM]   [0] PrintToChat
L 04/28/2022 - 00:41:34: [SM]   [1] Line 197, plugin.sp::AttemptInstantDefuse
L 04/28/2022 - 00:41:34: [SM]   [2] Line 104, plugin.sp::Event_BombBeginDefusePlusFrame
L 04/28/2022 - 00:41:51: [SM] Exception reported: Language phrase "MolotovTooClose" not found (arg 5)
L 04/28/2022 - 00:41:51: [SM] Blaming: retakes-instadefuse.smx
L 04/28/2022 - 00:41:51: [SM] Call stack trace:
L 04/28/2022 - 00:41:51: [SM]   [0] PrintToChat
L 04/28/2022 - 00:41:51: [SM]   [1] Line 181, plugin.sp::AttemptInstantDefuse
L 04/28/2022 - 00:41:51: [SM]   [2] Line 104, plugin.sp::Event_BombBeginDefusePlusFrame
L 04/28/2022 - 00:42:09: [SM] Exception reported: Language phrase "InstaDefuseSuccessful" not found (arg 5)
L 04/28/2022 - 00:42:09: [SM] Blaming: retakes-instadefuse.smx
L 04/28/2022 - 00:42:09: [SM] Call stack trace:
L 04/28/2022 - 00:42:09: [SM]   [0] PrintToChat
L 04/28/2022 - 00:42:09: [SM]   [1] Line 197, plugin.sp::AttemptInstantDefuse
L 04/28/2022 - 00:42:09: [SM]   [2] Line 104, plugin.sp::Event_BombBeginDefusePlusFrame
L 04/28/2022 - 00:43:04: [SM] Exception reported: Language phrase "InstaDefuseSuccessful" not found (arg 5)
L 04/28/2022 - 00:43:04: [SM] Blaming: retakes-instadefuse.smx
L 04/28/2022 - 00:43:04: [SM] Call stack trace:
L 04/28/2022 - 00:43:04: [SM]   [0] PrintToChat
L 04/28/2022 - 00:43:04: [SM]   [1] Line 197, plugin.sp::AttemptInstantDefuse
L 04/28/2022 - 00:43:04: [SM]   [2] Line 104, plugin.sp::Event_BombBeginDefusePlusFrame
L 04/28/2022 - 00:44:02: [SM] Exception reported: Language phrase "InstaDefuseSuccessful" not found (arg 5)
L 04/28/2022 - 00:44:02: [SM] Blaming: retakes-instadefuse.smx
L 04/28/2022 - 00:44:02: [SM] Call stack trace:
L 04/28/2022 - 00:44:02: [SM]   [0] PrintToChat
L 04/28/2022 - 00:44:02: [SM]   [1] Line 197, plugin.sp::AttemptInstantDefuse
L 04/28/2022 - 00:44:02: [SM]   [2] Line 104, plugin.sp::Event_BombBeginDefusePlusFrame
L 04/28/2022 - 00:44:25: [SM] Exception reported: Language phrase "InstaDefuseSuccessful" not found (arg 5)
L 04/28/2022 - 00:44:25: [SM] Blaming: retakes-instadefuse.smx
L 04/28/2022 - 00:44:25: [SM] Call stack trace:
L 04/28/2022 - 00:44:25: [SM]   [0] PrintToChat
L 04/28/2022 - 00:44:25: [SM]   [1] Line 197, plugin.sp::AttemptInstantDefuse
L 04/28/2022 - 00:44:25: [SM]   [2] Line 104, plugin.sp::Event_BombBeginDefusePlusFrame
L 04/28/2022 - 00:45:07: [SM] Exception reported: Language phrase "InstaDefuseSuccessful" not found (arg 5)
L 04/28/2022 - 00:45:07: [SM] Blaming: retakes-instadefuse.smx
L 04/28/2022 - 00:45:07: [SM] Call stack trace:
L 04/28/2022 - 00:45:07: [SM]   [0] PrintToChat
L 04/28/2022 - 00:45:07: [SM]   [1] Line 197, plugin.sp::AttemptInstantDefuse
L 04/28/2022 - 00:45:07: [SM]   [2] Line 104, plugin.sp::Event_BombBeginDefusePlusFrame
L 04/28/2022 - 00:45:36: [SM] Exception reported: Language phrase "InstaDefuseSuccessful" not found (arg 5)
L 04/28/2022 - 00:45:36: [SM] Blaming: retakes-instadefuse.smx
L 04/28/2022 - 00:45:36: [SM] Call stack trace:
L 04/28/2022 - 00:45:36: [SM]   [0] PrintToChat
L 04/28/2022 - 00:45:36: [SM]   [1] Line 197, plugin.sp::AttemptInstantDefuse
L 04/28/2022 - 00:45:36: [SM]   [2] Line 104, plugin.sp::Event_BombBeginDefusePlusFrame
L 04/28/2022 - 00:45:55: [SM] Exception reported: Language phrase "InstaDefuseSuccessful" not found (arg 5)
L 04/28/2022 - 00:45:55: [SM] Blaming: retakes-instadefuse.smx
L 04/28/2022 - 00:45:55: [SM] Call stack trace:
L 04/28/2022 - 00:45:55: [SM]   [0] PrintToChat
L 04/28/2022 - 00:45:55: [SM]   [1] Line 197, plugin.sp::AttemptInstantDefuse
L 04/28/2022 - 00:45:55: [SM]   [2] Line 104, plugin.sp::Event_BombBeginDefusePlusFrame
L 04/28/2022 - 00:47:21: [SM] Exception reported: Language phrase "InstaDefuseSuccessful" not found (arg 5)
L 04/28/2022 - 00:47:21: [SM] Blaming: retakes-instadefuse.smx
L 04/28/2022 - 00:47:21: [SM] Call stack trace:
L 04/28/2022 - 00:47:21: [SM]   [0] PrintToChat
L 04/28/2022 - 00:47:21: [SM]   [1] Line 197, plugin.sp::AttemptInstantDefuse
L 04/28/2022 - 00:47:21: [SM]   [2] Line 104, plugin.sp::Event_BombBeginDefusePlusFrame
L 04/28/2022 - 00:48:14: [SM] Exception reported: Language phrase "LiveNadeSomewhere" not found (arg 5)
L 04/28/2022 - 00:48:14: [SM] Blaming: retakes-instadefuse.smx
L 04/28/2022 - 00:48:14: [SM] Call stack trace:
L 04/28/2022 - 00:48:14: [SM]   [0] PrintToChat
L 04/28/2022 - 00:48:14: [SM]   [1] Line 168, plugin.sp::AttemptInstantDefuse
L 04/28/2022 - 00:48:14: [SM]   [2] Line 104, plugin.sp::Event_BombBeginDefusePlusFrame
L 04/28/2022 - 00:49:01: [SM] Exception reported: Language phrase "InstaDefuseSuccessful" not found (arg 5)
L 04/28/2022 - 00:49:01: [SM] Blaming: retakes-instadefuse.smx
L 04/28/2022 - 00:49:01: [SM] Call stack trace:
L 04/28/2022 - 00:49:01: [SM]   [0] PrintToChat
L 04/28/2022 - 00:49:01: [SM]   [1] Line 197, plugin.sp::AttemptInstantDefuse
L 04/28/2022 - 00:49:01: [SM]   [2] Line 104, plugin.sp::Event_BombBeginDefusePlusFrame
L 04/28/2022 - 00:49:28: [SM] Exception reported: Language phrase "InstaDefuseSuccessful" not found (arg 5)
L 04/28/2022 - 00:49:28: [SM] Blaming: retakes-instadefuse.smx
L 04/28/2022 - 00:49:28: [SM] Call stack trace:
L 04/28/2022 - 00:49:28: [SM]   [0] PrintToChat
L 04/28/2022 - 00:49:28: [SM]   [1] Line 197, plugin.sp::AttemptInstantDefuse
L 04/28/2022 - 00:49:28: [SM]   [2] Line 104, plugin.sp::Event_BombBeginDefusePlusFrame
L 04/28/2022 - 00:49:48: [SM] Exception reported: Language phrase "InstaDefuseSuccessful" not found (arg 5)
L 04/28/2022 - 00:49:48: [SM] Blaming: retakes-instadefuse.smx
L 04/28/2022 - 00:49:48: [SM] Call stack trace:
L 04/28/2022 - 00:49:48: [SM]   [0] PrintToChat
L 04/28/2022 - 00:49:48: [SM]   [1] Line 197, plugin.sp::AttemptInstantDefuse
L 04/28/2022 - 00:49:48: [SM]   [2] Line 104, plugin.sp::Event_BombBeginDefusePlusFrame
L 04/28/2022 - 00:50:10: [SM] Exception reported: Language phrase "InstaDefuseSuccessful" not found (arg 5)
L 04/28/2022 - 00:50:10: [SM] Blaming: retakes-instadefuse.smx
L 04/28/2022 - 00:50:10: [SM] Call stack trace:
L 04/28/2022 - 00:50:10: [SM]   [0] PrintToChat
L 04/28/2022 - 00:50:10: [SM]   [1] Line 197, plugin.sp::AttemptInstantDefuse
L 04/28/2022 - 00:50:10: [SM]   [2] Line 104, plugin.sp::Event_BombBeginDefusePlusFrame
L 04/28/2022 - 00:50:58: [SM] Exception reported: Language phrase "InstaDefuseSuccessful" not found (arg 5)
L 04/28/2022 - 00:50:58: [SM] Blaming: retakes-instadefuse.smx
L 04/28/2022 - 00:50:58: [SM] Call stack trace:
L 04/28/2022 - 00:50:58: [SM]   [0] PrintToChat
L 04/28/2022 - 00:50:58: [SM]   [1] Line 197, plugin.sp::AttemptInstantDefuse
L 04/28/2022 - 00:50:58: [SM]   [2] Line 104, plugin.sp::Event_BombBeginDefusePlusFrame
L 04/28/2022 - 00:51:16: [SM] Exception reported: Language phrase "InstaDefuseSuccessful" not found (arg 5)
L 04/28/2022 - 00:51:16: [SM] Blaming: retakes-instadefuse.smx
L 04/28/2022 - 00:51:16: [SM] Call stack trace:
L 04/28/2022 - 00:51:16: [SM]   [0] PrintToChat
L 04/28/2022 - 00:51:16: [SM]   [1] Line 197, plugin.sp::AttemptInstantDefuse
L 04/28/2022 - 00:51:16: [SM]   [2] Line 104, plugin.sp::Event_BombBeginDefusePlusFrame
L 04/28/2022 - 00:52:09: [SM] Exception reported: Language phrase "InstaDefuseSuccessful" not found (arg 5)
L 04/28/2022 - 00:52:09: [SM] Blaming: retakes-instadefuse.smx
L 04/28/2022 - 00:52:09: [SM] Call stack trace:
L 04/28/2022 - 00:52:09: [SM]   [0] PrintToChat
L 04/28/2022 - 00:52:09: [SM]   [1] Line 197, plugin.sp::AttemptInstantDefuse
L 04/28/2022 - 00:52:09: [SM]   [2] Line 104, plugin.sp::Event_BombBeginDefusePlusFrame
L 04/28/2022 - 00:53:32: [SM] Exception reported: Language phrase "InstaDefuseSuccessful" not found (arg 5)
L 04/28/2022 - 00:53:32: [SM] Blaming: retakes-instadefuse.smx
L 04/28/2022 - 00:53:32: [SM] Call stack trace:
L 04/28/2022 - 00:53:32: [SM]   [0] PrintToChat
L 04/28/2022 - 00:53:32: [SM]   [1] Line 197, plugin.sp::AttemptInstantDefuse
L 04/28/2022 - 00:53:32: [SM]   [2] Line 104, plugin.sp::Event_BombBeginDefusePlusFrame
L 04/28/2022 - 00:54:22: [SM] Exception reported: Language phrase "InstaDefuseSuccessful" not found (arg 5)
L 04/28/2022 - 00:54:22: [SM] Blaming: retakes-instadefuse.smx
L 04/28/2022 - 00:54:22: [SM] Call stack trace:
L 04/28/2022 - 00:54:22: [SM]   [0] PrintToChat
L 04/28/2022 - 00:54:22: [SM]   [1] Line 197, plugin.sp::AttemptInstantDefuse
L 04/28/2022 - 00:54:22: [SM]   [2] Line 104, plugin.sp::Event_BombBeginDefusePlusFrame
L 04/28/2022 - 00:54:39: [SM] Exception reported: Language phrase "InstaDefuseSuccessful" not found (arg 5)
L 04/28/2022 - 00:54:39: [SM] Blaming: retakes-instadefuse.smx
L 04/28/2022 - 00:54:39: [SM] Call stack trace:
L 04/28/2022 - 00:54:39: [SM]   [0] PrintToChat
L 04/28/2022 - 00:54:39: [SM]   [1] Line 197, plugin.sp::AttemptInstantDefuse
L 04/28/2022 - 00:54:39: [SM]   [2] Line 104, plugin.sp::Event_BombBeginDefusePlusFrame
L 04/28/2022 - 00:55:54: [SM] Exception reported: Language phrase "InstaDefuseSuccessful" not found (arg 5)
L 04/28/2022 - 00:55:54: [SM] Blaming: retakes-instadefuse.smx
L 04/28/2022 - 00:55:54: [SM] Call stack trace:
L 04/28/2022 - 00:55:54: [SM]   [0] PrintToChat
L 04/28/2022 - 00:55:54: [SM]   [1] Line 197, plugin.sp::AttemptInstantDefuse
L 04/28/2022 - 00:55:54: [SM]   [2] Line 104, plugin.sp::Event_BombBeginDefusePlusFrame
L 04/28/2022 - 00:56:13: [SM] Exception reported: Language phrase "InstaDefuseSuccessful" not found (arg 5)
L 04/28/2022 - 00:56:13: [SM] Blaming: retakes-instadefuse.smx
L 04/28/2022 - 00:56:13: [SM] Call stack trace:
L 04/28/2022 - 00:56:13: [SM]   [0] PrintToChat
L 04/28/2022 - 00:56:13: [SM]   [1] Line 197, plugin.sp::AttemptInstantDefuse
L 04/28/2022 - 00:56:13: [SM]   [2] Line 104, plugin.sp::Event_BombBeginDefusePlusFrame
L 04/28/2022 - 00:56:32: [SM] Exception reported: Language phrase "InstaDefuseSuccessful" not found (arg 5)
L 04/28/2022 - 00:56:32: [SM] Blaming: retakes-instadefuse.smx
L 04/28/2022 - 00:56:32: [SM] Call stack trace:
L 04/28/2022 - 00:56:32: [SM]   [0] PrintToChat
L 04/28/2022 - 00:56:32: [SM]   [1] Line 197, plugin.sp::AttemptInstantDefuse
L 04/28/2022 - 00:56:33: [SM]   [2] Line 104, plugin.sp::Event_BombBeginDefusePlusFrame
L 04/28/2022 - 00:58:28: [SM] Exception reported: Language phrase "InstaDefuseSuccessful" not found (arg 5)
L 04/28/2022 - 00:58:28: [SM] Blaming: retakes-instadefuse.smx
L 04/28/2022 - 00:58:28: [SM] Call stack trace:
L 04/28/2022 - 00:58:28: [SM]   [0] PrintToChat
L 04/28/2022 - 00:58:28: [SM]   [1] Line 197, plugin.sp::AttemptInstantDefuse
L 04/28/2022 - 00:58:28: [SM]   [2] Line 104, plugin.sp::Event_BombBeginDefusePlusFrame
L 04/28/2022 - 00:59:18: [SM] Exception reported: Language phrase "InstaDefuseSuccessful" not found (arg 5)
L 04/28/2022 - 00:59:18: [SM] Blaming: retakes-instadefuse.smx
L 04/28/2022 - 00:59:18: [SM] Call stack trace:
L 04/28/2022 - 00:59:18: [SM]   [0] PrintToChat
L 04/28/2022 - 00:59:18: [SM]   [1] Line 197, plugin.sp::AttemptInstantDefuse
L 04/28/2022 - 00:59:18: [SM]   [2] Line 104, plugin.sp::Event_BombBeginDefusePlusFrame
L 04/28/2022 - 01:00:37: [SM] Exception reported: Language phrase "InstaDefuseUnsuccessful" not found (arg 5)
L 04/28/2022 - 01:00:37: [SM] Blaming: retakes-instadefuse.smx
L 04/28/2022 - 01:00:37: [SM] Call stack trace:
L 04/28/2022 - 01:00:37: [SM]   [0] PrintToChat
L 04/28/2022 - 01:00:37: [SM]   [1] Line 143, plugin.sp::AttemptInstantDefuse
L 04/28/2022 - 01:00:37: [SM]   [2] Line 104, plugin.sp::Event_BombBeginDefusePlusFrame
L 04/28/2022 - 01:00:38: [SM] Exception reported: Language phrase "InstaDefuseUnsuccessful" not found (arg 5)
L 04/28/2022 - 01:00:38: [SM] Blaming: retakes-instadefuse.smx
L 04/28/2022 - 01:00:38: [SM] Call stack trace:
L 04/28/2022 - 01:00:38: [SM]   [0] PrintToChat
L 04/28/2022 - 01:00:38: [SM]   [1] Line 143, plugin.sp::AttemptInstantDefuse
L 04/28/2022 - 01:00:38: [SM]   [2] Line 104, plugin.sp::Event_BombBeginDefusePlusFrame
L 04/28/2022 - 01:01:24: [SM] Exception reported: Language phrase "InstaDefuseSuccessful" not found (arg 5)
L 04/28/2022 - 01:01:24: [SM] Blaming: retakes-instadefuse.smx
L 04/28/2022 - 01:01:24: [SM] Call stack trace:
L 04/28/2022 - 01:01:24: [SM]   [0] PrintToChat
L 04/28/2022 - 01:01:24: [SM]   [1] Line 197, plugin.sp::AttemptInstantDefuse
L 04/28/2022 - 01:01:24: [SM]   [2] Line 104, plugin.sp::Event_BombBeginDefusePlusFrame
L 04/28/2022 - 01:02:40: [SM] Exception reported: Language phrase "InstaDefuseSuccessful" not found (arg 5)
L 04/28/2022 - 01:02:40: [SM] Blaming: retakes-instadefuse.smx
L 04/28/2022 - 01:02:40: [SM] Call stack trace:
L 04/28/2022 - 01:02:40: [SM]   [0] PrintToChat
L 04/28/2022 - 01:02:40: [SM]   [1] Line 197, plugin.sp::AttemptInstantDefuse
L 04/28/2022 - 01:02:40: [SM]   [2] Line 104, plugin.sp::Event_BombBeginDefusePlusFrame
L 04/28/2022 - 01:07:03: [SM] Exception reported: Language phrase "InstaDefuseSuccessful" not found (arg 5)
L 04/28/2022 - 01:07:03: [SM] Blaming: retakes-instadefuse.smx
L 04/28/2022 - 01:07:03: [SM] Call stack trace:
L 04/28/2022 - 01:07:03: [SM]   [0] PrintToChat
L 04/28/2022 - 01:07:03: [SM]   [1] Line 197, plugin.sp::AttemptInstantDefuse
L 04/28/2022 - 01:07:03: [SM]   [2] Line 104, plugin.sp::Event_BombBeginDefusePlusFrame
L 04/28/2022 - 01:07:50: [SM] Exception reported: Language phrase "InstaDefuseSuccessful" not found (arg 5)
L 04/28/2022 - 01:07:50: [SM] Blaming: retakes-instadefuse.smx
L 04/28/2022 - 01:07:50: [SM] Call stack trace:
L 04/28/2022 - 01:07:50: [SM]   [0] PrintToChat
L 04/28/2022 - 01:07:50: [SM]   [1] Line 197, plugin.sp::AttemptInstantDefuse
L 04/28/2022 - 01:07:50: [SM]   [2] Line 104, plugin.sp::Event_BombBeginDefusePlusFrame
L 04/28/2022 - 01:09:05: [SM] Exception reported: Language phrase "InstaDefuseUnsuccessful" not found (arg 5)
L 04/28/2022 - 01:09:05: [SM] Blaming: retakes-instadefuse.smx
L 04/28/2022 - 01:09:05: [SM] Call stack trace:
L 04/28/2022 - 01:09:05: [SM]   [0] PrintToChat
L 04/28/2022 - 01:09:05: [SM]   [1] Line 143, plugin.sp::AttemptInstantDefuse
L 04/28/2022 - 01:09:05: [SM]   [2] Line 104, plugin.sp::Event_BombBeginDefusePlusFrame
L 04/28/2022 - 01:09:05: [SM] Exception reported: Language phrase "InstaDefuseUnsuccessful" not found (arg 5)
L 04/28/2022 - 01:09:05: [SM] Blaming: retakes-instadefuse.smx
L 04/28/2022 - 01:09:05: [SM] Call stack trace:
L 04/28/2022 - 01:09:05: [SM]   [0] PrintToChat
L 04/28/2022 - 01:09:05: [SM]   [1] Line 143, plugin.sp::AttemptInstantDefuse
L 04/28/2022 - 01:09:05: [SM]   [2] Line 104, plugin.sp::Event_BombBeginDefusePlusFrame
L 04/28/2022 - 01:09:05: [SM] Exception reported: Language phrase "InstaDefuseUnsuccessful" not found (arg 5)
L 04/28/2022 - 01:09:05: [SM] Blaming: retakes-instadefuse.smx
L 04/28/2022 - 01:09:05: [SM] Call stack trace:
L 04/28/2022 - 01:09:05: [SM]   [0] PrintToChat
L 04/28/2022 - 01:09:05: [SM]   [1] Line 143, plugin.sp::AttemptInstantDefuse
L 04/28/2022 - 01:09:05: [SM]   [2] Line 104, plugin.sp::Event_BombBeginDefusePlusFrame
L 04/28/2022 - 01:09:05: [SM] Exception reported: Language phrase "InstaDefuseUnsuccessful" not found (arg 5)
L 04/28/2022 - 01:09:05: [SM] Blaming: retakes-instadefuse.smx
L 04/28/2022 - 01:09:05: [SM] Call stack trace:
L 04/28/2022 - 01:09:05: [SM]   [0] PrintToChat
L 04/28/2022 - 01:09:05: [SM]   [1] Line 143, plugin.sp::AttemptInstantDefuse
L 04/28/2022 - 01:09:05: [SM]   [2] Line 104, plugin.sp::Event_BombBeginDefusePlusFrame
L 04/28/2022 - 01:09:06: [SM] Exception reported: Language phrase "InstaDefuseUnsuccessful" not found (arg 5)
L 04/28/2022 - 01:09:06: [SM] Blaming: retakes-instadefuse.smx
L 04/28/2022 - 01:09:06: [SM] Call stack trace:
L 04/28/2022 - 01:09:06: [SM]   [0] PrintToChat
L 04/28/2022 - 01:09:06: [SM]   [1] Line 143, plugin.sp::AttemptInstantDefuse
L 04/28/2022 - 01:09:06: [SM]   [2] Line 104, plugin.sp::Event_BombBeginDefusePlusFrame
L 04/28/2022 - 01:09:06: [SM] Exception reported: Language phrase "InstaDefuseUnsuccessful" not found (arg 5)
L 04/28/2022 - 01:09:06: [SM] Blaming: retakes-instadefuse.smx
L 04/28/2022 - 01:09:06: [SM] Call stack trace:
L 04/28/2022 - 01:09:06: [SM]   [0] PrintToChat
L 04/28/2022 - 01:09:06: [SM]   [1] Line 143, plugin.sp::AttemptInstantDefuse
L 04/28/2022 - 01:09:06: [SM]   [2] Line 104, plugin.sp::Event_BombBeginDefusePlusFrame
L 04/28/2022 - 01:09:06: [SM] Exception reported: Language phrase "InstaDefuseUnsuccessful" not found (arg 5)
L 04/28/2022 - 01:09:06: [SM] Blaming: retakes-instadefuse.smx
L 04/28/2022 - 01:09:06: [SM] Call stack trace:
L 04/28/2022 - 01:09:06: [SM]   [0] PrintToChat
L 04/28/2022 - 01:09:06: [SM]   [1] Line 143, plugin.sp::AttemptInstantDefuse
L 04/28/2022 - 01:09:06: [SM]   [2] Line 104, plugin.sp::Event_BombBeginDefusePlusFrame
L 04/28/2022 - 01:09:06: [SM] Exception reported: Language phrase "InstaDefuseUnsuccessful" not found (arg 5)
L 04/28/2022 - 01:09:06: [SM] Blaming: retakes-instadefuse.smx
L 04/28/2022 - 01:09:06: [SM] Call stack trace:
L 04/28/2022 - 01:09:06: [SM]   [0] PrintToChat
L 04/28/2022 - 01:09:06: [SM]   [1] Line 143, plugin.sp::AttemptInstantDefuse
L 04/28/2022 - 01:09:06: [SM]   [2] Line 104, plugin.sp::Event_BombBeginDefusePlusFrame
L 04/28/2022 - 01:09:23: [SM] Exception reported: Language phrase "InstaDefuseSuccessful" not found (arg 5)
L 04/28/2022 - 01:09:23: [SM] Blaming: retakes-instadefuse.smx
L 04/28/2022 - 01:09:23: [SM] Call stack trace:
L 04/28/2022 - 01:09:23: [SM]   [0] PrintToChat
L 04/28/2022 - 01:09:23: [SM]   [1] Line 197, plugin.sp::AttemptInstantDefuse
L 04/28/2022 - 01:09:23: [SM]   [2] Line 104, plugin.sp::Event_BombBeginDefusePlusFrame
L 04/28/2022 - 01:10:43: [SM] Exception reported: Language phrase "LiveNadeSomewhere" not found (arg 5)
L 04/28/2022 - 01:10:43: [SM] Blaming: retakes-instadefuse.smx
L 04/28/2022 - 01:10:43: [SM] Call stack trace:
L 04/28/2022 - 01:10:43: [SM]   [0] PrintToChat
L 04/28/2022 - 01:10:43: [SM]   [1] Line 168, plugin.sp::AttemptInstantDefuse
L 04/28/2022 - 01:10:43: [SM]   [2] Line 104, plugin.sp::Event_BombBeginDefusePlusFrame
L 04/28/2022 - 01:11:46: [SM] Exception reported: Language phrase "LiveNadeSomewhere" not found (arg 5)
L 04/28/2022 - 01:11:46: [SM] Blaming: retakes-instadefuse.smx
L 04/28/2022 - 01:11:46: [SM] Call stack trace:
L 04/28/2022 - 01:11:46: [SM]   [0] PrintToChat
L 04/28/2022 - 01:11:46: [SM]   [1] Line 168, plugin.sp::AttemptInstantDefuse
L 04/28/2022 - 01:11:46: [SM]   [2] Line 104, plugin.sp::Event_BombBeginDefusePlusFrame
L 04/28/2022 - 01:12:59: [SM] Exception reported: Language phrase "InstaDefuseSuccessful" not found (arg 5)
L 04/28/2022 - 01:12:59: [SM] Blaming: retakes-instadefuse.smx
L 04/28/2022 - 01:12:59: [SM] Call stack trace:
L 04/28/2022 - 01:12:59: [SM]   [0] PrintToChat
L 04/28/2022 - 01:12:59: [SM]   [1] Line 197, plugin.sp::AttemptInstantDefuse
L 04/28/2022 - 01:12:59: [SM]   [2] Line 104, plugin.sp::Event_BombBeginDefusePlusFrame
L 04/28/2022 - 01:13:36: [SM] Exception reported: Language phrase "InstaDefuseSuccessful" not found (arg 5)
L 04/28/2022 - 01:13:36: [SM] Blaming: retakes-instadefuse.smx
L 04/28/2022 - 01:13:36: [SM] Call stack trace:
L 04/28/2022 - 01:13:36: [SM]   [0] PrintToChat
L 04/28/2022 - 01:13:36: [SM]   [1] Line 197, plugin.sp::AttemptInstantDefuse
L 04/28/2022 - 01:13:36: [SM]   [2] Line 104, plugin.sp::Event_BombBeginDefusePlusFrame
L 04/28/2022 - 01:14:23: [SM] Exception reported: Language phrase "InstaDefuseSuccessful" not found (arg 5)
L 04/28/2022 - 01:14:23: [SM] Blaming: retakes-instadefuse.smx
L 04/28/2022 - 01:14:23: [SM] Call stack trace:
L 04/28/2022 - 01:14:23: [SM]   [0] PrintToChat
L 04/28/2022 - 01:14:23: [SM]   [1] Line 197, plugin.sp::AttemptInstantDefuse
L 04/28/2022 - 01:14:23: [SM]   [2] Line 104, plugin.sp::Event_BombBeginDefusePlusFrame
L 04/28/2022 - 01:14:45: [SM] Exception reported: Language phrase "InstaDefuseSuccessful" not found (arg 5)
L 04/28/2022 - 01:14:45: [SM] Blaming: retakes-instadefuse.smx
L 04/28/2022 - 01:14:45: [SM] Call stack trace:
L 04/28/2022 - 01:14:45: [SM]   [0] PrintToChat
L 04/28/2022 - 01:14:45: [SM]   [1] Line 197, plugin.sp::AttemptInstantDefuse
L 04/28/2022 - 01:14:45: [SM]   [2] Line 104, plugin.sp::Event_BombBeginDefusePlusFrame
L 04/28/2022 - 01:15:27: [SM] Exception reported: Language phrase "InstaDefuseSuccessful" not found (arg 5)
L 04/28/2022 - 01:15:27: [SM] Blaming: retakes-instadefuse.smx
L 04/28/2022 - 01:15:27: [SM] Call stack trace:
L 04/28/2022 - 01:15:27: [SM]   [0] PrintToChat
L 04/28/2022 - 01:15:27: [SM]   [1] Line 197, plugin.sp::AttemptInstantDefuse
L 04/28/2022 - 01:15:27: [SM]   [2] Line 104, plugin.sp::Event_BombBeginDefusePlusFrame
L 04/28/2022 - 01:15:51: [SM] Exception reported: Language phrase "InstaDefuseSuccessful" not found (arg 5)
L 04/28/2022 - 01:15:51: [SM] Blaming: retakes-instadefuse.smx
L 04/28/2022 - 01:15:51: [SM] Call stack trace:
L 04/28/2022 - 01:15:51: [SM]   [0] PrintToChat
L 04/28/2022 - 01:15:51: [SM]   [1] Line 197, plugin.sp::AttemptInstantDefuse
L 04/28/2022 - 01:15:51: [SM]   [2] Line 104, plugin.sp::Event_BombBeginDefusePlusFrame
L 04/28/2022 - 01:16:32: [SM] Exception reported: Language phrase "InstaDefuseSuccessful" not found (arg 5)
L 04/28/2022 - 01:16:32: [SM] Blaming: retakes-instadefuse.smx
L 04/28/2022 - 01:16:32: [SM] Call stack trace:
L 04/28/2022 - 01:16:32: [SM]   [0] PrintToChat
L 04/28/2022 - 01:16:32: [SM]   [1] Line 197, plugin.sp::AttemptInstantDefuse
L 04/28/2022 - 01:16:32: [SM]   [2] Line 104, plugin.sp::Event_BombBeginDefusePlusFrame
L 04/28/2022 - 01:17:38: [SM] Exception reported: Language phrase "InstaDefuseSuccessful" not found (arg 5)
L 04/28/2022 - 01:17:38: [SM] Blaming: retakes-instadefuse.smx
L 04/28/2022 - 01:17:38: [SM] Call stack trace:
L 04/28/2022 - 01:17:38: [SM]   [0] PrintToChat
L 04/28/2022 - 01:17:38: [SM]   [1] Line 197, plugin.sp::AttemptInstantDefuse
L 04/28/2022 - 01:17:38: [SM]   [2] Line 104, plugin.sp::Event_BombBeginDefusePlusFrame
L 04/28/2022 - 01:18:12: [SM] Exception reported: Language phrase "InstaDefuseSuccessful" not found (arg 5)
L 04/28/2022 - 01:18:12: [SM] Blaming: retakes-instadefuse.smx
L 04/28/2022 - 01:18:12: [SM] Call stack trace:
L 04/28/2022 - 01:18:12: [SM]   [0] PrintToChat
L 04/28/2022 - 01:18:12: [SM]   [1] Line 197, plugin.sp::AttemptInstantDefuse
L 04/28/2022 - 01:18:12: [SM]   [2] Line 104, plugin.sp::Event_BombBeginDefusePlusFrame
L 04/28/2022 - 01:18:33: [SM] Exception reported: Language phrase "InstaDefuseSuccessful" not found (arg 5)
L 04/28/2022 - 01:18:33: [SM] Blaming: retakes-instadefuse.smx
L 04/28/2022 - 01:18:33: [SM] Call stack trace:
L 04/28/2022 - 01:18:33: [SM]   [0] PrintToChat
L 04/28/2022 - 01:18:33: [SM]   [1] Line 197, plugin.sp::AttemptInstantDefuse
L 04/28/2022 - 01:18:33: [SM]   [2] Line 104, plugin.sp::Event_BombBeginDefusePlusFrame
L 04/28/2022 - 01:19:23: [SM] Exception reported: Language phrase "InstaDefuseSuccessful" not found (arg 5)
L 04/28/2022 - 01:19:23: [SM] Blaming: retakes-instadefuse.smx
L 04/28/2022 - 01:19:23: [SM] Call stack trace:
L 04/28/2022 - 01:19:23: [SM]   [0] PrintToChat
L 04/28/2022 - 01:19:23: [SM]   [1] Line 197, plugin.sp::AttemptInstantDefuse
L 04/28/2022 - 01:19:23: [SM]   [2] Line 104, plugin.sp::Event_BombBeginDefusePlusFrame
L 04/28/2022 - 01:19:51: [SM] Exception reported: Language phrase "InstaDefuseSuccessful" not found (arg 5)
L 04/28/2022 - 01:19:51: [SM] Blaming: retakes-instadefuse.smx
L 04/28/2022 - 01:19:51: [SM] Call stack trace:
L 04/28/2022 - 01:19:51: [SM]   [0] PrintToChat
L 04/28/2022 - 01:19:51: [SM]   [1] Line 197, plugin.sp::AttemptInstantDefuse
L 04/28/2022 - 01:19:51: [SM]   [2] Line 104, plugin.sp::Event_BombBeginDefusePlusFrame
L 04/28/2022 - 01:20:09: [SM] Exception reported: Language phrase "InstaDefuseSuccessful" not found (arg 5)
L 04/28/2022 - 01:20:09: [SM] Blaming: retakes-instadefuse.smx
L 04/28/2022 - 01:20:09: [SM] Call stack trace:
L 04/28/2022 - 01:20:09: [SM]   [0] PrintToChat
L 04/28/2022 - 01:20:09: [SM]   [1] Line 197, plugin.sp::AttemptInstantDefuse
L 04/28/2022 - 01:20:09: [SM]   [2] Line 104, plugin.sp::Event_BombBeginDefusePlusFrame
L 04/28/2022 - 01:21:37: [SM] Exception reported: Language phrase "InstaDefuseSuccessful" not found (arg 5)
L 04/28/2022 - 01:21:37: [SM] Blaming: retakes-instadefuse.smx
L 04/28/2022 - 01:21:37: [SM] Call stack trace:
L 04/28/2022 - 01:21:37: [SM]   [0] PrintToChat
L 04/28/2022 - 01:21:37: [SM]   [1] Line 197, plugin.sp::AttemptInstantDefuse
L 04/28/2022 - 01:21:37: [SM]   [2] Line 104, plugin.sp::Event_BombBeginDefusePlusFrame
L 04/28/2022 - 01:21:58: [SM] Exception reported: Language phrase "InstaDefuseSuccessful" not found (arg 5)
L 04/28/2022 - 01:21:58: [SM] Blaming: retakes-instadefuse.smx
L 04/28/2022 - 01:21:58: [SM] Call stack trace:
L 04/28/2022 - 01:21:58: [SM]   [0] PrintToChat
L 04/28/2022 - 01:21:58: [SM]   [1] Line 197, plugin.sp::AttemptInstantDefuse
L 04/28/2022 - 01:21:58: [SM]   [2] Line 104, plugin.sp::Event_BombBeginDefusePlusFrame
L 04/28/2022 - 01:22:35: [SM] Exception reported: Language phrase "InstaDefuseSuccessful" not found (arg 5)
L 04/28/2022 - 01:22:35: [SM] Blaming: retakes-instadefuse.smx
L 04/28/2022 - 01:22:35: [SM] Call stack trace:
L 04/28/2022 - 01:22:35: [SM]   [0] PrintToChat
L 04/28/2022 - 01:22:35: [SM]   [1] Line 197, plugin.sp::AttemptInstantDefuse
L 04/28/2022 - 01:22:35: [SM]   [2] Line 104, plugin.sp::Event_BombBeginDefusePlusFrame
L 04/28/2022 - 01:22:52: [SM] Exception reported: Language phrase "InstaDefuseSuccessful" not found (arg 5)
L 04/28/2022 - 01:22:52: [SM] Blaming: retakes-instadefuse.smx
L 04/28/2022 - 01:22:52: [SM] Call stack trace:
L 04/28/2022 - 01:22:52: [SM]   [0] PrintToChat
L 04/28/2022 - 01:22:52: [SM]   [1] Line 197, plugin.sp::AttemptInstantDefuse
L 04/28/2022 - 01:22:52: [SM]   [2] Line 104, plugin.sp::Event_BombBeginDefusePlusFrame
L 04/28/2022 - 01:23:41: [SM] Exception reported: Language phrase "InstaDefuseSuccessful" not found (arg 5)
L 04/28/2022 - 01:23:41: [SM] Blaming: retakes-instadefuse.smx
L 04/28/2022 - 01:23:41: [SM] Call stack trace:
L 04/28/2022 - 01:23:41: [SM]   [0] PrintToChat
L 04/28/2022 - 01:23:41: [SM]   [1] Line 197, plugin.sp::AttemptInstantDefuse
L 04/28/2022 - 01:23:41: [SM]   [2] Line 104, plugin.sp::Event_BombBeginDefusePlusFrame
L 04/28/2022 - 01:24:41: [SM] Exception reported: Language phrase "InstaDefuseSuccessful" not found (arg 5)
L 04/28/2022 - 01:24:41: [SM] Blaming: retakes-instadefuse.smx
L 04/28/2022 - 01:24:41: [SM] Call stack trace:
L 04/28/2022 - 01:24:41: [SM]   [0] PrintToChat
L 04/28/2022 - 01:24:41: [SM]   [1] Line 197, plugin.sp::AttemptInstantDefuse
L 04/28/2022 - 01:24:41: [SM]   [2] Line 104, plugin.sp::Event_BombBeginDefusePlusFrame
L 04/28/2022 - 01:25:16: [SM] Exception reported: Language phrase "InstaDefuseSuccessful" not found (arg 5)
L 04/28/2022 - 01:25:16: [SM] Blaming: retakes-instadefuse.smx
L 04/28/2022 - 01:25:16: [SM] Call stack trace:
L 04/28/2022 - 01:25:16: [SM]   [0] PrintToChat
L 04/28/2022 - 01:25:17: [SM]   [1] Line 197, plugin.sp::AttemptInstantDefuse
L 04/28/2022 - 01:25:17: [SM]   [2] Line 104, plugin.sp::Event_BombBeginDefusePlusFrame
L 04/28/2022 - 01:25:40: [SM] Exception reported: Language phrase "InstaDefuseSuccessful" not found (arg 5)
L 04/28/2022 - 01:25:40: [SM] Blaming: retakes-instadefuse.smx
L 04/28/2022 - 01:25:40: [SM] Call stack trace:
L 04/28/2022 - 01:25:40: [SM]   [0] PrintToChat
L 04/28/2022 - 01:25:40: [SM]   [1] Line 197, plugin.sp::AttemptInstantDefuse
L 04/28/2022 - 01:25:40: [SM]   [2] Line 104, plugin.sp::Event_BombBeginDefusePlusFrame
L 04/28/2022 - 01:26:52: [SM] Exception reported: Language phrase "InstaDefuseSuccessful" not found (arg 5)
L 04/28/2022 - 01:26:52: [SM] Blaming: retakes-instadefuse.smx
L 04/28/2022 - 01:26:52: [SM] Call stack trace:
L 04/28/2022 - 01:26:52: [SM]   [0] PrintToChat
L 04/28/2022 - 01:26:52: [SM]   [1] Line 197, plugin.sp::AttemptInstantDefuse
L 04/28/2022 - 01:26:52: [SM]   [2] Line 104, plugin.sp::Event_BombBeginDefusePlusFrame
L 04/28/2022 - 01:29:25: [SM] Exception reported: Language phrase "InstaDefuseSuccessful" not found (arg 5)
L 04/28/2022 - 01:29:25: [SM] Blaming: retakes-instadefuse.smx
L 04/28/2022 - 01:29:25: [SM] Call stack trace:
L 04/28/2022 - 01:29:25: [SM]   [0] PrintToChat
L 04/28/2022 - 01:29:25: [SM]   [1] Line 197, plugin.sp::AttemptInstantDefuse
L 04/28/2022 - 01:29:25: [SM]   [2] Line 104, plugin.sp::Event_BombBeginDefusePlusFrame
L 04/28/2022 - 01:33:02: [SM] Exception reported: Language phrase "InstaDefuseSuccessful" not found (arg 5)
L 04/28/2022 - 01:33:02: [SM] Blaming: retakes-instadefuse.smx
L 04/28/2022 - 01:33:02: [SM] Call stack trace:
L 04/28/2022 - 01:33:02: [SM]   [0] PrintToChat
L 04/28/2022 - 01:33:02: [SM]   [1] Line 197, plugin.sp::AttemptInstantDefuse
L 04/28/2022 - 01:33:02: [SM]   [2] Line 104, plugin.sp::Event_BombBeginDefusePlusFrame
L 04/28/2022 - 01:35:24: [SM] Exception reported: Language phrase "InstaDefuseSuccessful" not found (arg 5)
L 04/28/2022 - 01:35:24: [SM] Blaming: retakes-instadefuse.smx
L 04/28/2022 - 01:35:24: [SM] Call stack trace:
L 04/28/2022 - 01:35:24: [SM]   [0] PrintToChat
L 04/28/2022 - 01:35:24: [SM]   [1] Line 197, plugin.sp::AttemptInstantDefuse
L 04/28/2022 - 01:35:24: [SM]   [2] Line 104, plugin.sp::Event_BombBeginDefusePlusFrame
L 04/28/2022 - 01:36:51: [SM] Exception reported: Language phrase "InstaDefuseSuccessful" not found (arg 5)
L 04/28/2022 - 01:36:51: [SM] Blaming: retakes-instadefuse.smx
L 04/28/2022 - 01:36:51: [SM] Call stack trace:
L 04/28/2022 - 01:36:51: [SM]   [0] PrintToChat
L 04/28/2022 - 01:36:51: [SM]   [1] Line 197, plugin.sp::AttemptInstantDefuse
L 04/28/2022 - 01:36:51: [SM]   [2] Line 104, plugin.sp::Event_BombBeginDefusePlusFrame
