L 10/13/2021 - 00:23:28: SourceMod error session started
L 10/13/2021 - 00:23:28: Info (map "de_dust2") (file "E:\retake\csgoserver\csgo\addons\sourcemod\logs\errors_20211013.log")
L 10/13/2021 - 00:23:28: [SM] Unable to load extension "PhysHooks.ext": Could not find patch signature for symbol: Physics_RunThinkFunctions
L 10/13/2021 - 00:23:31: [SM] Exception reported: Failed to create SDKCall for CCSBot::IsAtHidingSpot signature!
L 10/13/2021 - 00:23:31: [SM] Blaming: bot_improver.smx
L 10/13/2021 - 00:23:31: [SM] Call stack trace:
L 10/13/2021 - 00:23:31: [SM]   [0] SetFailState
L 10/13/2021 - 00:23:31: [SM]   [1] Line 116, plugin.sp::OnPluginStart
L 10/13/2021 - 00:23:31: [SM] Unable to load plugin "bot_improver.smx": Error detected in plugin startup (see error logs)
L 10/13/2021 - 00:23:31: [SM] Unable to load plugin "bot_inventory.smx": Native "eItems_AreItemsSynced" was not found
L 10/13/2021 - 00:23:31: [SM] Unable to load plugin "bot_stuff.smx": Could not find required plugin "navmesh"
L 10/13/2021 - 00:23:31: [SM] Unable to load plugin "LagCompensation.smx": Required extension "PhysHooks" file("PhysHooks.ext") not running
L 10/13/2021 - 00:23:33: [SM] Fatal error encountered parsing translation file "ranks_matchmaking.phrases.txt"
L 10/13/2021 - 00:23:33: [SM] Error (line 0, column 0): Stream failed to open
L 10/13/2021 - 00:23:33: [SM] Fatal error encountered parsing translation file "instadefuse.phrases.txt"
L 10/13/2021 - 00:23:33: [SM] Error (line 0, column 0): Stream failed to open
L 10/13/2021 - 00:23:52: [SM] Exception reported: Language phrase "Unranked" not found (arg 5)
L 10/13/2021 - 00:23:52: [SM] Blaming: ranks_matchmaking.smx
L 10/13/2021 - 00:23:52: [SM] Call stack trace:
L 10/13/2021 - 00:23:52: [SM]   [0] FormatEx
L 10/13/2021 - 00:23:52: [SM]   [1] Line 174, ranks_matchmaking.sp::GetRanksNames
L 10/13/2021 - 00:23:52: [SM]   [2] Line 169, ranks_matchmaking.sp::OnMapStart
L 10/13/2021 - 00:25:43: Error log file session closed.
L 10/13/2021 - 00:25:43: SourceMod error session started
L 10/13/2021 - 00:25:43: Info (map "de_mirage") (file "E:\retake\csgoserver\csgo\addons\sourcemod\logs\errors_20211013.log")
L 10/13/2021 - 00:25:43: [SM] Fatal error encountered parsing translation file "ranks_matchmaking.phrases.txt"
L 10/13/2021 - 00:25:43: [SM] Error (line 0, column 0): Stream failed to open
L 10/13/2021 - 00:25:43: [SM] Fatal error encountered parsing translation file "instadefuse.phrases.txt"
L 10/13/2021 - 00:25:43: [SM] Error (line 0, column 0): Stream failed to open
L 10/13/2021 - 00:25:46: [SM] Exception reported: Language phrase "Unranked" not found (arg 5)
L 10/13/2021 - 00:25:46: [SM] Blaming: ranks_matchmaking.smx
L 10/13/2021 - 00:25:46: [SM] Call stack trace:
L 10/13/2021 - 00:25:46: [SM]   [0] FormatEx
L 10/13/2021 - 00:25:46: [SM]   [1] Line 174, ranks_matchmaking.sp::GetRanksNames
L 10/13/2021 - 00:25:46: [SM]   [2] Line 169, ranks_matchmaking.sp::OnMapStart
L 10/13/2021 - 00:25:52: Error log file session closed.
L 10/13/2021 - 00:25:52: SourceMod error session started
L 10/13/2021 - 00:25:52: Info (map "de_mirage") (file "E:\retake\csgoserver\csgo\addons\sourcemod\logs\errors_20211013.log")
L 10/13/2021 - 00:25:52: [SM] Fatal error encountered parsing translation file "ranks_matchmaking.phrases.txt"
L 10/13/2021 - 00:25:52: [SM] Error (line 0, column 0): Stream failed to open
L 10/13/2021 - 00:25:52: [SM] Fatal error encountered parsing translation file "instadefuse.phrases.txt"
L 10/13/2021 - 00:25:52: [SM] Error (line 0, column 0): Stream failed to open
L 10/13/2021 - 00:25:53: [SM] Exception reported: Language phrase "Unranked" not found (arg 5)
L 10/13/2021 - 00:25:53: [SM] Blaming: ranks_matchmaking.smx
L 10/13/2021 - 00:25:53: [SM] Call stack trace:
L 10/13/2021 - 00:25:53: [SM]   [0] FormatEx
L 10/13/2021 - 00:25:53: [SM]   [1] Line 174, ranks_matchmaking.sp::GetRanksNames
L 10/13/2021 - 00:25:53: [SM]   [2] Line 169, ranks_matchmaking.sp::OnMapStart
L 10/13/2021 - 00:27:22: Error log file session closed.
L 10/13/2021 - 00:27:22: SourceMod error session started
L 10/13/2021 - 00:27:22: Info (map "de_overpass") (file "E:\retake\csgoserver\csgo\addons\sourcemod\logs\errors_20211013.log")
L 10/13/2021 - 00:27:22: [SM] Fatal error encountered parsing translation file "ranks_matchmaking.phrases.txt"
L 10/13/2021 - 00:27:22: [SM] Error (line 0, column 0): Stream failed to open
L 10/13/2021 - 00:27:22: [SM] Fatal error encountered parsing translation file "instadefuse.phrases.txt"
L 10/13/2021 - 00:27:22: [SM] Error (line 0, column 0): Stream failed to open
L 10/13/2021 - 00:27:23: [SM] Exception reported: Language phrase "Unranked" not found (arg 5)
L 10/13/2021 - 00:27:23: [SM] Blaming: ranks_matchmaking.smx
L 10/13/2021 - 00:27:23: [SM] Call stack trace:
L 10/13/2021 - 00:27:23: [SM]   [0] FormatEx
L 10/13/2021 - 00:27:23: [SM]   [1] Line 174, ranks_matchmaking.sp::GetRanksNames
L 10/13/2021 - 00:27:23: [SM]   [2] Line 169, ranks_matchmaking.sp::OnMapStart
L 10/13/2021 - 00:28:39: [SM] Exception reported: Language phrase "InstaDefuseSuccessful" not found (arg 5)
L 10/13/2021 - 00:28:39: [SM] Blaming: retakes-instadefuse.smx
L 10/13/2021 - 00:28:39: [SM] Call stack trace:
L 10/13/2021 - 00:28:39: [SM]   [0] PrintToChat
L 10/13/2021 - 00:28:39: [SM]   [1] Line 197, plugin.sp::AttemptInstantDefuse
L 10/13/2021 - 00:28:39: [SM]   [2] Line 104, plugin.sp::Event_BombBeginDefusePlusFrame
L 10/13/2021 - 00:29:15: [SM] Exception reported: Language phrase "InstaDefuseSuccessful" not found (arg 5)
L 10/13/2021 - 00:29:15: [SM] Blaming: retakes-instadefuse.smx
L 10/13/2021 - 00:29:15: [SM] Call stack trace:
L 10/13/2021 - 00:29:15: [SM]   [0] PrintToChat
L 10/13/2021 - 00:29:15: [SM]   [1] Line 197, plugin.sp::AttemptInstantDefuse
L 10/13/2021 - 00:29:15: [SM]   [2] Line 104, plugin.sp::Event_BombBeginDefusePlusFrame
L 10/13/2021 - 00:29:33: [SM] Exception reported: Language phrase "InstaDefuseSuccessful" not found (arg 5)
L 10/13/2021 - 00:29:33: [SM] Blaming: retakes-instadefuse.smx
L 10/13/2021 - 00:29:33: [SM] Call stack trace:
L 10/13/2021 - 00:29:33: [SM]   [0] PrintToChat
L 10/13/2021 - 00:29:33: [SM]   [1] Line 197, plugin.sp::AttemptInstantDefuse
L 10/13/2021 - 00:29:33: [SM]   [2] Line 104, plugin.sp::Event_BombBeginDefusePlusFrame
L 10/13/2021 - 00:29:49: [SM] Exception reported: Language phrase "InstaDefuseSuccessful" not found (arg 5)
L 10/13/2021 - 00:29:49: [SM] Blaming: retakes-instadefuse.smx
L 10/13/2021 - 00:29:49: [SM] Call stack trace:
L 10/13/2021 - 00:29:49: [SM]   [0] PrintToChat
L 10/13/2021 - 00:29:49: [SM]   [1] Line 197, plugin.sp::AttemptInstantDefuse
L 10/13/2021 - 00:29:49: [SM]   [2] Line 104, plugin.sp::Event_BombBeginDefusePlusFrame
L 10/13/2021 - 00:30:05: [SM] Exception reported: Language phrase "InstaDefuseSuccessful" not found (arg 5)
L 10/13/2021 - 00:30:05: [SM] Blaming: retakes-instadefuse.smx
L 10/13/2021 - 00:30:05: [SM] Call stack trace:
L 10/13/2021 - 00:30:05: [SM]   [0] PrintToChat
L 10/13/2021 - 00:30:05: [SM]   [1] Line 197, plugin.sp::AttemptInstantDefuse
L 10/13/2021 - 00:30:05: [SM]   [2] Line 104, plugin.sp::Event_BombBeginDefusePlusFrame
L 10/13/2021 - 00:30:09: [SM] Exception reported: Language phrase "InstaDefuseSuccessful" not found (arg 5)
L 10/13/2021 - 00:30:09: [SM] Blaming: retakes-instadefuse.smx
L 10/13/2021 - 00:30:09: [SM] Call stack trace:
L 10/13/2021 - 00:30:09: [SM]   [0] PrintToChat
L 10/13/2021 - 00:30:09: [SM]   [1] Line 197, plugin.sp::AttemptInstantDefuse
L 10/13/2021 - 00:30:09: [SM]   [2] Line 104, plugin.sp::Event_BombBeginDefusePlusFrame
L 10/13/2021 - 00:30:40: [SM] Exception reported: Language phrase "InstaDefuseSuccessful" not found (arg 5)
L 10/13/2021 - 00:30:40: [SM] Blaming: retakes-instadefuse.smx
L 10/13/2021 - 00:30:40: [SM] Call stack trace:
L 10/13/2021 - 00:30:40: [SM]   [0] PrintToChat
L 10/13/2021 - 00:30:40: [SM]   [1] Line 197, plugin.sp::AttemptInstantDefuse
L 10/13/2021 - 00:30:40: [SM]   [2] Line 104, plugin.sp::Event_BombBeginDefusePlusFrame
L 10/13/2021 - 00:30:57: [SM] Exception reported: Language phrase "InstaDefuseSuccessful" not found (arg 5)
L 10/13/2021 - 00:30:57: [SM] Blaming: retakes-instadefuse.smx
L 10/13/2021 - 00:30:57: [SM] Call stack trace:
L 10/13/2021 - 00:30:57: [SM]   [0] PrintToChat
L 10/13/2021 - 00:30:57: [SM]   [1] Line 197, plugin.sp::AttemptInstantDefuse
L 10/13/2021 - 00:30:57: [SM]   [2] Line 104, plugin.sp::Event_BombBeginDefusePlusFrame
L 10/13/2021 - 00:31:19: [SM] Exception reported: Language phrase "InstaDefuseSuccessful" not found (arg 5)
L 10/13/2021 - 00:31:19: [SM] Blaming: retakes-instadefuse.smx
L 10/13/2021 - 00:31:19: [SM] Call stack trace:
L 10/13/2021 - 00:31:19: [SM]   [0] PrintToChat
L 10/13/2021 - 00:31:19: [SM]   [1] Line 197, plugin.sp::AttemptInstantDefuse
L 10/13/2021 - 00:31:19: [SM]   [2] Line 104, plugin.sp::Event_BombBeginDefusePlusFrame
L 10/13/2021 - 00:32:40: [SM] Exception reported: Language phrase "InstaDefuseSuccessful" not found (arg 5)
L 10/13/2021 - 00:32:40: [SM] Blaming: retakes-instadefuse.smx
L 10/13/2021 - 00:32:40: [SM] Call stack trace:
L 10/13/2021 - 00:32:40: [SM]   [0] PrintToChat
L 10/13/2021 - 00:32:40: [SM]   [1] Line 197, plugin.sp::AttemptInstantDefuse
L 10/13/2021 - 00:32:40: [SM]   [2] Line 104, plugin.sp::Event_BombBeginDefusePlusFrame
L 10/13/2021 - 00:32:56: [SM] Exception reported: Language phrase "InstaDefuseSuccessful" not found (arg 5)
L 10/13/2021 - 00:32:56: [SM] Blaming: retakes-instadefuse.smx
L 10/13/2021 - 00:32:56: [SM] Call stack trace:
L 10/13/2021 - 00:32:56: [SM]   [0] PrintToChat
L 10/13/2021 - 00:32:56: [SM]   [1] Line 197, plugin.sp::AttemptInstantDefuse
L 10/13/2021 - 00:32:56: [SM]   [2] Line 104, plugin.sp::Event_BombBeginDefusePlusFrame
L 10/13/2021 - 00:33:15: [SM] Exception reported: Language phrase "InstaDefuseSuccessful" not found (arg 5)
L 10/13/2021 - 00:33:15: [SM] Blaming: retakes-instadefuse.smx
L 10/13/2021 - 00:33:15: [SM] Call stack trace:
L 10/13/2021 - 00:33:15: [SM]   [0] PrintToChat
L 10/13/2021 - 00:33:15: [SM]   [1] Line 197, plugin.sp::AttemptInstantDefuse
L 10/13/2021 - 00:33:15: [SM]   [2] Line 104, plugin.sp::Event_BombBeginDefusePlusFrame
L 10/13/2021 - 00:33:44: [SM] Exception reported: Language phrase "InstaDefuseSuccessful" not found (arg 5)
L 10/13/2021 - 00:33:44: [SM] Blaming: retakes-instadefuse.smx
L 10/13/2021 - 00:33:44: [SM] Call stack trace:
L 10/13/2021 - 00:33:44: [SM]   [0] PrintToChat
L 10/13/2021 - 00:33:44: [SM]   [1] Line 197, plugin.sp::AttemptInstantDefuse
L 10/13/2021 - 00:33:44: [SM]   [2] Line 104, plugin.sp::Event_BombBeginDefusePlusFrame
L 10/13/2021 - 00:33:59: [SM] Exception reported: Language phrase "InstaDefuseSuccessful" not found (arg 5)
L 10/13/2021 - 00:33:59: [SM] Blaming: retakes-instadefuse.smx
L 10/13/2021 - 00:33:59: [SM] Call stack trace:
L 10/13/2021 - 00:33:59: [SM]   [0] PrintToChat
L 10/13/2021 - 00:33:59: [SM]   [1] Line 197, plugin.sp::AttemptInstantDefuse
L 10/13/2021 - 00:33:59: [SM]   [2] Line 104, plugin.sp::Event_BombBeginDefusePlusFrame
L 10/13/2021 - 00:34:16: [SM] Exception reported: Language phrase "InstaDefuseSuccessful" not found (arg 5)
L 10/13/2021 - 00:34:16: [SM] Blaming: retakes-instadefuse.smx
L 10/13/2021 - 00:34:16: [SM] Call stack trace:
L 10/13/2021 - 00:34:16: [SM]   [0] PrintToChat
L 10/13/2021 - 00:34:16: [SM]   [1] Line 197, plugin.sp::AttemptInstantDefuse
L 10/13/2021 - 00:34:16: [SM]   [2] Line 104, plugin.sp::Event_BombBeginDefusePlusFrame
L 10/13/2021 - 00:34:37: [SM] Exception reported: Language phrase "InstaDefuseSuccessful" not found (arg 5)
L 10/13/2021 - 00:34:38: [SM] Blaming: retakes-instadefuse.smx
L 10/13/2021 - 00:34:38: [SM] Call stack trace:
L 10/13/2021 - 00:34:38: [SM]   [0] PrintToChat
L 10/13/2021 - 00:34:38: [SM]   [1] Line 197, plugin.sp::AttemptInstantDefuse
L 10/13/2021 - 00:34:38: [SM]   [2] Line 104, plugin.sp::Event_BombBeginDefusePlusFrame
L 10/13/2021 - 00:34:56: [SM] Exception reported: Language phrase "InstaDefuseSuccessful" not found (arg 5)
L 10/13/2021 - 00:34:56: [SM] Blaming: retakes-instadefuse.smx
L 10/13/2021 - 00:34:56: [SM] Call stack trace:
L 10/13/2021 - 00:34:56: [SM]   [0] PrintToChat
L 10/13/2021 - 00:34:56: [SM]   [1] Line 197, plugin.sp::AttemptInstantDefuse
L 10/13/2021 - 00:34:56: [SM]   [2] Line 104, plugin.sp::Event_BombBeginDefusePlusFrame
L 10/13/2021 - 00:35:18: [SM] Exception reported: Language phrase "InstaDefuseSuccessful" not found (arg 5)
L 10/13/2021 - 00:35:18: [SM] Blaming: retakes-instadefuse.smx
L 10/13/2021 - 00:35:18: [SM] Call stack trace:
L 10/13/2021 - 00:35:18: [SM]   [0] PrintToChat
L 10/13/2021 - 00:35:18: [SM]   [1] Line 197, plugin.sp::AttemptInstantDefuse
L 10/13/2021 - 00:35:18: [SM]   [2] Line 104, plugin.sp::Event_BombBeginDefusePlusFrame
L 10/13/2021 - 00:35:32: [SM] Exception reported: Language phrase "InstaDefuseSuccessful" not found (arg 5)
L 10/13/2021 - 00:35:32: [SM] Blaming: retakes-instadefuse.smx
L 10/13/2021 - 00:35:32: [SM] Call stack trace:
L 10/13/2021 - 00:35:32: [SM]   [0] PrintToChat
L 10/13/2021 - 00:35:32: [SM]   [1] Line 197, plugin.sp::AttemptInstantDefuse
L 10/13/2021 - 00:35:32: [SM]   [2] Line 104, plugin.sp::Event_BombBeginDefusePlusFrame
L 10/13/2021 - 00:36:00: [SM] Exception reported: Language phrase "InstaDefuseSuccessful" not found (arg 5)
L 10/13/2021 - 00:36:00: [SM] Blaming: retakes-instadefuse.smx
L 10/13/2021 - 00:36:00: [SM] Call stack trace:
L 10/13/2021 - 00:36:00: [SM]   [0] PrintToChat
L 10/13/2021 - 00:36:00: [SM]   [1] Line 197, plugin.sp::AttemptInstantDefuse
L 10/13/2021 - 00:36:00: [SM]   [2] Line 104, plugin.sp::Event_BombBeginDefusePlusFrame
L 10/13/2021 - 00:36:19: [SM] Exception reported: Language phrase "InstaDefuseSuccessful" not found (arg 5)
L 10/13/2021 - 00:36:19: [SM] Blaming: retakes-instadefuse.smx
L 10/13/2021 - 00:36:19: [SM] Call stack trace:
L 10/13/2021 - 00:36:19: [SM]   [0] PrintToChat
L 10/13/2021 - 00:36:19: [SM]   [1] Line 197, plugin.sp::AttemptInstantDefuse
L 10/13/2021 - 00:36:19: [SM]   [2] Line 104, plugin.sp::Event_BombBeginDefusePlusFrame
L 10/13/2021 - 00:36:32: [SM] Exception reported: Language phrase "InstaDefuseSuccessful" not found (arg 5)
L 10/13/2021 - 00:36:32: [SM] Blaming: retakes-instadefuse.smx
L 10/13/2021 - 00:36:32: [SM] Call stack trace:
L 10/13/2021 - 00:36:32: [SM]   [0] PrintToChat
L 10/13/2021 - 00:36:32: [SM]   [1] Line 197, plugin.sp::AttemptInstantDefuse
L 10/13/2021 - 00:36:32: [SM]   [2] Line 104, plugin.sp::Event_BombBeginDefusePlusFrame
L 10/13/2021 - 00:36:47: [SM] Exception reported: Language phrase "InstaDefuseSuccessful" not found (arg 5)
L 10/13/2021 - 00:36:47: [SM] Blaming: retakes-instadefuse.smx
L 10/13/2021 - 00:36:47: [SM] Call stack trace:
L 10/13/2021 - 00:36:47: [SM]   [0] PrintToChat
L 10/13/2021 - 00:36:47: [SM]   [1] Line 197, plugin.sp::AttemptInstantDefuse
L 10/13/2021 - 00:36:47: [SM]   [2] Line 104, plugin.sp::Event_BombBeginDefusePlusFrame
L 10/13/2021 - 00:37:07: [SM] Exception reported: Language phrase "InstaDefuseSuccessful" not found (arg 5)
L 10/13/2021 - 00:37:07: [SM] Blaming: retakes-instadefuse.smx
L 10/13/2021 - 00:37:07: [SM] Call stack trace:
L 10/13/2021 - 00:37:07: [SM]   [0] PrintToChat
L 10/13/2021 - 00:37:07: [SM]   [1] Line 197, plugin.sp::AttemptInstantDefuse
L 10/13/2021 - 00:37:07: [SM]   [2] Line 104, plugin.sp::Event_BombBeginDefusePlusFrame
L 10/13/2021 - 00:37:51: [SM] Exception reported: Language phrase "InstaDefuseSuccessful" not found (arg 5)
L 10/13/2021 - 00:37:51: [SM] Blaming: retakes-instadefuse.smx
L 10/13/2021 - 00:37:51: [SM] Call stack trace:
L 10/13/2021 - 00:37:51: [SM]   [0] PrintToChat
L 10/13/2021 - 00:37:51: [SM]   [1] Line 197, plugin.sp::AttemptInstantDefuse
L 10/13/2021 - 00:37:51: [SM]   [2] Line 104, plugin.sp::Event_BombBeginDefusePlusFrame
L 10/13/2021 - 00:38:13: [SM] Exception reported: Language phrase "InstaDefuseSuccessful" not found (arg 5)
L 10/13/2021 - 00:38:13: [SM] Blaming: retakes-instadefuse.smx
L 10/13/2021 - 00:38:13: [SM] Call stack trace:
L 10/13/2021 - 00:38:13: [SM]   [0] PrintToChat
L 10/13/2021 - 00:38:13: [SM]   [1] Line 197, plugin.sp::AttemptInstantDefuse
L 10/13/2021 - 00:38:13: [SM]   [2] Line 104, plugin.sp::Event_BombBeginDefusePlusFrame
L 10/13/2021 - 00:38:27: [SM] Exception reported: Language phrase "InstaDefuseSuccessful" not found (arg 5)
L 10/13/2021 - 00:38:27: [SM] Blaming: retakes-instadefuse.smx
L 10/13/2021 - 00:38:27: [SM] Call stack trace:
L 10/13/2021 - 00:38:27: [SM]   [0] PrintToChat
L 10/13/2021 - 00:38:27: [SM]   [1] Line 197, plugin.sp::AttemptInstantDefuse
L 10/13/2021 - 00:38:27: [SM]   [2] Line 104, plugin.sp::Event_BombBeginDefusePlusFrame
L 10/13/2021 - 00:39:17: [SM] Exception reported: Language phrase "InstaDefuseSuccessful" not found (arg 5)
L 10/13/2021 - 00:39:17: [SM] Blaming: retakes-instadefuse.smx
L 10/13/2021 - 00:39:17: [SM] Call stack trace:
L 10/13/2021 - 00:39:17: [SM]   [0] PrintToChat
L 10/13/2021 - 00:39:17: [SM]   [1] Line 197, plugin.sp::AttemptInstantDefuse
L 10/13/2021 - 00:39:17: [SM]   [2] Line 104, plugin.sp::Event_BombBeginDefusePlusFrame
L 10/13/2021 - 00:39:18: [SM] Exception reported: Language phrase "InstaDefuseSuccessful" not found (arg 5)
L 10/13/2021 - 00:39:18: [SM] Blaming: retakes-instadefuse.smx
L 10/13/2021 - 00:39:18: [SM] Call stack trace:
L 10/13/2021 - 00:39:18: [SM]   [0] PrintToChat
L 10/13/2021 - 00:39:18: [SM]   [1] Line 197, plugin.sp::AttemptInstantDefuse
L 10/13/2021 - 00:39:18: [SM]   [2] Line 104, plugin.sp::Event_BombBeginDefusePlusFrame
L 10/13/2021 - 00:39:59: [SM] Exception reported: Language phrase "InstaDefuseSuccessful" not found (arg 5)
L 10/13/2021 - 00:39:59: [SM] Blaming: retakes-instadefuse.smx
L 10/13/2021 - 00:39:59: [SM] Call stack trace:
L 10/13/2021 - 00:39:59: [SM]   [0] PrintToChat
L 10/13/2021 - 00:39:59: [SM]   [1] Line 197, plugin.sp::AttemptInstantDefuse
L 10/13/2021 - 00:39:59: [SM]   [2] Line 104, plugin.sp::Event_BombBeginDefusePlusFrame
L 10/13/2021 - 00:40:18: [SM] Exception reported: Language phrase "InstaDefuseSuccessful" not found (arg 5)
L 10/13/2021 - 00:40:18: [SM] Blaming: retakes-instadefuse.smx
L 10/13/2021 - 00:40:18: [SM] Call stack trace:
L 10/13/2021 - 00:40:18: [SM]   [0] PrintToChat
L 10/13/2021 - 00:40:18: [SM]   [1] Line 197, plugin.sp::AttemptInstantDefuse
L 10/13/2021 - 00:40:18: [SM]   [2] Line 104, plugin.sp::Event_BombBeginDefusePlusFrame
L 10/13/2021 - 00:40:36: [SM] Exception reported: Language phrase "InstaDefuseSuccessful" not found (arg 5)
L 10/13/2021 - 00:40:36: [SM] Blaming: retakes-instadefuse.smx
L 10/13/2021 - 00:40:36: [SM] Call stack trace:
L 10/13/2021 - 00:40:36: [SM]   [0] PrintToChat
L 10/13/2021 - 00:40:36: [SM]   [1] Line 197, plugin.sp::AttemptInstantDefuse
L 10/13/2021 - 00:40:36: [SM]   [2] Line 104, plugin.sp::Event_BombBeginDefusePlusFrame
L 10/13/2021 - 00:41:58: [SM] Exception reported: Language phrase "InstaDefuseSuccessful" not found (arg 5)
L 10/13/2021 - 00:41:58: [SM] Blaming: retakes-instadefuse.smx
L 10/13/2021 - 00:41:58: [SM] Call stack trace:
L 10/13/2021 - 00:41:58: [SM]   [0] PrintToChat
L 10/13/2021 - 00:41:58: [SM]   [1] Line 197, plugin.sp::AttemptInstantDefuse
L 10/13/2021 - 00:41:58: [SM]   [2] Line 104, plugin.sp::Event_BombBeginDefusePlusFrame
L 10/13/2021 - 00:42:21: [SM] Exception reported: Language phrase "InstaDefuseSuccessful" not found (arg 5)
L 10/13/2021 - 00:42:21: [SM] Blaming: retakes-instadefuse.smx
L 10/13/2021 - 00:42:21: [SM] Call stack trace:
L 10/13/2021 - 00:42:21: [SM]   [0] PrintToChat
L 10/13/2021 - 00:42:21: [SM]   [1] Line 197, plugin.sp::AttemptInstantDefuse
L 10/13/2021 - 00:42:21: [SM]   [2] Line 104, plugin.sp::Event_BombBeginDefusePlusFrame
L 10/13/2021 - 00:42:35: [SM] Exception reported: Language phrase "InstaDefuseSuccessful" not found (arg 5)
L 10/13/2021 - 00:42:35: [SM] Blaming: retakes-instadefuse.smx
L 10/13/2021 - 00:42:35: [SM] Call stack trace:
L 10/13/2021 - 00:42:35: [SM]   [0] PrintToChat
L 10/13/2021 - 00:42:35: [SM]   [1] Line 197, plugin.sp::AttemptInstantDefuse
L 10/13/2021 - 00:42:35: [SM]   [2] Line 104, plugin.sp::Event_BombBeginDefusePlusFrame
L 10/13/2021 - 00:42:53: [SM] Exception reported: Language phrase "InstaDefuseSuccessful" not found (arg 5)
L 10/13/2021 - 00:42:53: [SM] Blaming: retakes-instadefuse.smx
L 10/13/2021 - 00:42:53: [SM] Call stack trace:
L 10/13/2021 - 00:42:53: [SM]   [0] PrintToChat
L 10/13/2021 - 00:42:53: [SM]   [1] Line 197, plugin.sp::AttemptInstantDefuse
L 10/13/2021 - 00:42:53: [SM]   [2] Line 104, plugin.sp::Event_BombBeginDefusePlusFrame
L 10/13/2021 - 00:43:28: [SM] Exception reported: Language phrase "InstaDefuseSuccessful" not found (arg 5)
L 10/13/2021 - 00:43:28: [SM] Blaming: retakes-instadefuse.smx
L 10/13/2021 - 00:43:28: [SM] Call stack trace:
L 10/13/2021 - 00:43:28: [SM]   [0] PrintToChat
L 10/13/2021 - 00:43:28: [SM]   [1] Line 197, plugin.sp::AttemptInstantDefuse
L 10/13/2021 - 00:43:28: [SM]   [2] Line 104, plugin.sp::Event_BombBeginDefusePlusFrame
L 10/13/2021 - 00:43:49: [SM] Exception reported: Language phrase "InstaDefuseSuccessful" not found (arg 5)
L 10/13/2021 - 00:43:49: [SM] Blaming: retakes-instadefuse.smx
L 10/13/2021 - 00:43:49: [SM] Call stack trace:
L 10/13/2021 - 00:43:49: [SM]   [0] PrintToChat
L 10/13/2021 - 00:43:49: [SM]   [1] Line 197, plugin.sp::AttemptInstantDefuse
L 10/13/2021 - 00:43:49: [SM]   [2] Line 104, plugin.sp::Event_BombBeginDefusePlusFrame
L 10/13/2021 - 00:44:04: [SM] Exception reported: Language phrase "InstaDefuseSuccessful" not found (arg 5)
L 10/13/2021 - 00:44:04: [SM] Blaming: retakes-instadefuse.smx
L 10/13/2021 - 00:44:04: [SM] Call stack trace:
L 10/13/2021 - 00:44:04: [SM]   [0] PrintToChat
L 10/13/2021 - 00:44:04: [SM]   [1] Line 197, plugin.sp::AttemptInstantDefuse
L 10/13/2021 - 00:44:04: [SM]   [2] Line 104, plugin.sp::Event_BombBeginDefusePlusFrame
L 10/13/2021 - 00:44:23: [SM] Exception reported: Language phrase "InstaDefuseSuccessful" not found (arg 5)
L 10/13/2021 - 00:44:23: [SM] Blaming: retakes-instadefuse.smx
L 10/13/2021 - 00:44:23: [SM] Call stack trace:
L 10/13/2021 - 00:44:23: [SM]   [0] PrintToChat
L 10/13/2021 - 00:44:23: [SM]   [1] Line 197, plugin.sp::AttemptInstantDefuse
L 10/13/2021 - 00:44:23: [SM]   [2] Line 104, plugin.sp::Event_BombBeginDefusePlusFrame
L 10/13/2021 - 00:44:38: [SM] Exception reported: Language phrase "InstaDefuseSuccessful" not found (arg 5)
L 10/13/2021 - 00:44:38: [SM] Blaming: retakes-instadefuse.smx
L 10/13/2021 - 00:44:38: [SM] Call stack trace:
L 10/13/2021 - 00:44:38: [SM]   [0] PrintToChat
L 10/13/2021 - 00:44:38: [SM]   [1] Line 197, plugin.sp::AttemptInstantDefuse
L 10/13/2021 - 00:44:38: [SM]   [2] Line 104, plugin.sp::Event_BombBeginDefusePlusFrame
L 10/13/2021 - 00:45:15: [SM] Exception reported: Language phrase "InstaDefuseSuccessful" not found (arg 5)
L 10/13/2021 - 00:45:15: [SM] Blaming: retakes-instadefuse.smx
L 10/13/2021 - 00:45:15: [SM] Call stack trace:
L 10/13/2021 - 00:45:15: [SM]   [0] PrintToChat
L 10/13/2021 - 00:45:15: [SM]   [1] Line 197, plugin.sp::AttemptInstantDefuse
L 10/13/2021 - 00:45:15: [SM]   [2] Line 104, plugin.sp::Event_BombBeginDefusePlusFrame
L 10/13/2021 - 00:45:30: [SM] Exception reported: Language phrase "InstaDefuseSuccessful" not found (arg 5)
L 10/13/2021 - 00:45:30: [SM] Blaming: retakes-instadefuse.smx
L 10/13/2021 - 00:45:30: [SM] Call stack trace:
L 10/13/2021 - 00:45:30: [SM]   [0] PrintToChat
L 10/13/2021 - 00:45:30: [SM]   [1] Line 197, plugin.sp::AttemptInstantDefuse
L 10/13/2021 - 00:45:30: [SM]   [2] Line 104, plugin.sp::Event_BombBeginDefusePlusFrame
L 10/13/2021 - 00:45:44: [SM] Exception reported: Language phrase "InstaDefuseSuccessful" not found (arg 5)
L 10/13/2021 - 00:45:44: [SM] Blaming: retakes-instadefuse.smx
L 10/13/2021 - 00:45:44: [SM] Call stack trace:
L 10/13/2021 - 00:45:44: [SM]   [0] PrintToChat
L 10/13/2021 - 00:45:44: [SM]   [1] Line 197, plugin.sp::AttemptInstantDefuse
L 10/13/2021 - 00:45:44: [SM]   [2] Line 104, plugin.sp::Event_BombBeginDefusePlusFrame
L 10/13/2021 - 00:46:13: [SM] Exception reported: Language phrase "InstaDefuseSuccessful" not found (arg 5)
L 10/13/2021 - 00:46:13: [SM] Blaming: retakes-instadefuse.smx
L 10/13/2021 - 00:46:13: [SM] Call stack trace:
L 10/13/2021 - 00:46:13: [SM]   [0] PrintToChat
L 10/13/2021 - 00:46:13: [SM]   [1] Line 197, plugin.sp::AttemptInstantDefuse
L 10/13/2021 - 00:46:13: [SM]   [2] Line 104, plugin.sp::Event_BombBeginDefusePlusFrame
L 10/13/2021 - 00:46:32: [SM] Exception reported: Language phrase "InstaDefuseSuccessful" not found (arg 5)
L 10/13/2021 - 00:46:32: [SM] Blaming: retakes-instadefuse.smx
L 10/13/2021 - 00:46:32: [SM] Call stack trace:
L 10/13/2021 - 00:46:32: [SM]   [0] PrintToChat
L 10/13/2021 - 00:46:32: [SM]   [1] Line 197, plugin.sp::AttemptInstantDefuse
L 10/13/2021 - 00:46:32: [SM]   [2] Line 104, plugin.sp::Event_BombBeginDefusePlusFrame
L 10/13/2021 - 00:46:45: [SM] Exception reported: Language phrase "InstaDefuseSuccessful" not found (arg 5)
L 10/13/2021 - 00:46:45: [SM] Blaming: retakes-instadefuse.smx
L 10/13/2021 - 00:46:45: [SM] Call stack trace:
L 10/13/2021 - 00:46:45: [SM]   [0] PrintToChat
L 10/13/2021 - 00:46:45: [SM]   [1] Line 197, plugin.sp::AttemptInstantDefuse
L 10/13/2021 - 00:46:45: [SM]   [2] Line 104, plugin.sp::Event_BombBeginDefusePlusFrame
L 10/13/2021 - 00:47:00: [SM] Exception reported: Language phrase "InstaDefuseSuccessful" not found (arg 5)
L 10/13/2021 - 00:47:00: [SM] Blaming: retakes-instadefuse.smx
L 10/13/2021 - 00:47:00: [SM] Call stack trace:
L 10/13/2021 - 00:47:00: [SM]   [0] PrintToChat
L 10/13/2021 - 00:47:00: [SM]   [1] Line 197, plugin.sp::AttemptInstantDefuse
L 10/13/2021 - 00:47:00: [SM]   [2] Line 104, plugin.sp::Event_BombBeginDefusePlusFrame
L 10/13/2021 - 00:47:37: [SM] Exception reported: Language phrase "InstaDefuseSuccessful" not found (arg 5)
L 10/13/2021 - 00:47:37: [SM] Blaming: retakes-instadefuse.smx
L 10/13/2021 - 00:47:37: [SM] Call stack trace:
L 10/13/2021 - 00:47:37: [SM]   [0] PrintToChat
L 10/13/2021 - 00:47:37: [SM]   [1] Line 197, plugin.sp::AttemptInstantDefuse
L 10/13/2021 - 00:47:37: [SM]   [2] Line 104, plugin.sp::Event_BombBeginDefusePlusFrame
L 10/13/2021 - 00:47:50: [SM] Exception reported: Language phrase "InstaDefuseSuccessful" not found (arg 5)
L 10/13/2021 - 00:47:50: [SM] Blaming: retakes-instadefuse.smx
L 10/13/2021 - 00:47:50: [SM] Call stack trace:
L 10/13/2021 - 00:47:50: [SM]   [0] PrintToChat
L 10/13/2021 - 00:47:50: [SM]   [1] Line 197, plugin.sp::AttemptInstantDefuse
L 10/13/2021 - 00:47:50: [SM]   [2] Line 104, plugin.sp::Event_BombBeginDefusePlusFrame
L 10/13/2021 - 00:48:05: [SM] Exception reported: Language phrase "InstaDefuseSuccessful" not found (arg 5)
L 10/13/2021 - 00:48:05: [SM] Blaming: retakes-instadefuse.smx
L 10/13/2021 - 00:48:05: [SM] Call stack trace:
L 10/13/2021 - 00:48:05: [SM]   [0] PrintToChat
L 10/13/2021 - 00:48:05: [SM]   [1] Line 197, plugin.sp::AttemptInstantDefuse
L 10/13/2021 - 00:48:05: [SM]   [2] Line 104, plugin.sp::Event_BombBeginDefusePlusFrame
L 10/13/2021 - 00:48:20: [SM] Exception reported: Language phrase "InstaDefuseSuccessful" not found (arg 5)
L 10/13/2021 - 00:48:20: [SM] Blaming: retakes-instadefuse.smx
L 10/13/2021 - 00:48:20: [SM] Call stack trace:
L 10/13/2021 - 00:48:20: [SM]   [0] PrintToChat
L 10/13/2021 - 00:48:20: [SM]   [1] Line 197, plugin.sp::AttemptInstantDefuse
L 10/13/2021 - 00:48:20: [SM]   [2] Line 104, plugin.sp::Event_BombBeginDefusePlusFrame
L 10/13/2021 - 00:48:34: [SM] Exception reported: Language phrase "InstaDefuseSuccessful" not found (arg 5)
L 10/13/2021 - 00:48:34: [SM] Blaming: retakes-instadefuse.smx
L 10/13/2021 - 00:48:34: [SM] Call stack trace:
L 10/13/2021 - 00:48:34: [SM]   [0] PrintToChat
L 10/13/2021 - 00:48:34: [SM]   [1] Line 197, plugin.sp::AttemptInstantDefuse
L 10/13/2021 - 00:48:34: [SM]   [2] Line 104, plugin.sp::Event_BombBeginDefusePlusFrame
L 10/13/2021 - 00:48:52: [SM] Exception reported: Language phrase "InstaDefuseSuccessful" not found (arg 5)
L 10/13/2021 - 00:48:52: [SM] Blaming: retakes-instadefuse.smx
L 10/13/2021 - 00:48:52: [SM] Call stack trace:
L 10/13/2021 - 00:48:52: [SM]   [0] PrintToChat
L 10/13/2021 - 00:48:52: [SM]   [1] Line 197, plugin.sp::AttemptInstantDefuse
L 10/13/2021 - 00:48:52: [SM]   [2] Line 104, plugin.sp::Event_BombBeginDefusePlusFrame
L 10/13/2021 - 00:49:08: [SM] Exception reported: Language phrase "InstaDefuseSuccessful" not found (arg 5)
L 10/13/2021 - 00:49:08: [SM] Blaming: retakes-instadefuse.smx
L 10/13/2021 - 00:49:08: [SM] Call stack trace:
L 10/13/2021 - 00:49:08: [SM]   [0] PrintToChat
L 10/13/2021 - 00:49:08: [SM]   [1] Line 197, plugin.sp::AttemptInstantDefuse
L 10/13/2021 - 00:49:08: [SM]   [2] Line 104, plugin.sp::Event_BombBeginDefusePlusFrame
L 10/13/2021 - 00:49:24: [SM] Exception reported: Language phrase "InstaDefuseSuccessful" not found (arg 5)
L 10/13/2021 - 00:49:24: [SM] Blaming: retakes-instadefuse.smx
L 10/13/2021 - 00:49:24: [SM] Call stack trace:
L 10/13/2021 - 00:49:24: [SM]   [0] PrintToChat
L 10/13/2021 - 00:49:24: [SM]   [1] Line 197, plugin.sp::AttemptInstantDefuse
L 10/13/2021 - 00:49:24: [SM]   [2] Line 104, plugin.sp::Event_BombBeginDefusePlusFrame
L 10/13/2021 - 00:49:49: [SM] Exception reported: Language phrase "InstaDefuseSuccessful" not found (arg 5)
L 10/13/2021 - 00:49:49: [SM] Blaming: retakes-instadefuse.smx
L 10/13/2021 - 00:49:49: [SM] Call stack trace:
L 10/13/2021 - 00:49:49: [SM]   [0] PrintToChat
L 10/13/2021 - 00:49:49: [SM]   [1] Line 197, plugin.sp::AttemptInstantDefuse
L 10/13/2021 - 00:49:49: [SM]   [2] Line 104, plugin.sp::Event_BombBeginDefusePlusFrame
L 10/13/2021 - 00:50:04: [SM] Exception reported: Language phrase "InstaDefuseSuccessful" not found (arg 5)
L 10/13/2021 - 00:50:04: [SM] Blaming: retakes-instadefuse.smx
L 10/13/2021 - 00:50:04: [SM] Call stack trace:
L 10/13/2021 - 00:50:04: [SM]   [0] PrintToChat
L 10/13/2021 - 00:50:04: [SM]   [1] Line 197, plugin.sp::AttemptInstantDefuse
L 10/13/2021 - 00:50:04: [SM]   [2] Line 104, plugin.sp::Event_BombBeginDefusePlusFrame
L 10/13/2021 - 00:50:44: [SM] Exception reported: Language phrase "InstaDefuseSuccessful" not found (arg 5)
L 10/13/2021 - 00:50:44: [SM] Blaming: retakes-instadefuse.smx
L 10/13/2021 - 00:50:44: [SM] Call stack trace:
L 10/13/2021 - 00:50:44: [SM]   [0] PrintToChat
L 10/13/2021 - 00:50:44: [SM]   [1] Line 197, plugin.sp::AttemptInstantDefuse
L 10/13/2021 - 00:50:44: [SM]   [2] Line 104, plugin.sp::Event_BombBeginDefusePlusFrame
L 10/13/2021 - 00:51:02: [SM] Exception reported: Language phrase "InstaDefuseSuccessful" not found (arg 5)
L 10/13/2021 - 00:51:02: [SM] Blaming: retakes-instadefuse.smx
L 10/13/2021 - 00:51:02: [SM] Call stack trace:
L 10/13/2021 - 00:51:02: [SM]   [0] PrintToChat
L 10/13/2021 - 00:51:02: [SM]   [1] Line 197, plugin.sp::AttemptInstantDefuse
L 10/13/2021 - 00:51:02: [SM]   [2] Line 104, plugin.sp::Event_BombBeginDefusePlusFrame
L 10/13/2021 - 00:51:16: [SM] Exception reported: Language phrase "InstaDefuseSuccessful" not found (arg 5)
L 10/13/2021 - 00:51:16: [SM] Blaming: retakes-instadefuse.smx
L 10/13/2021 - 00:51:16: [SM] Call stack trace:
L 10/13/2021 - 00:51:16: [SM]   [0] PrintToChat
L 10/13/2021 - 00:51:16: [SM]   [1] Line 197, plugin.sp::AttemptInstantDefuse
L 10/13/2021 - 00:51:16: [SM]   [2] Line 104, plugin.sp::Event_BombBeginDefusePlusFrame
