L 05/12/2022 - 22:09:51: SourceMod error session started
L 05/12/2022 - 22:09:51: Info (map "de_mirage") (file "E:\retake\csgoserver\csgo\addons\sourcemod\logs\errors_20220512.log")
L 05/12/2022 - 22:09:51: [SDKTOOLS] Sigscan for WriteBaselines failed
L 05/12/2022 - 22:09:51: [SDKTOOLS] Failed to find WriteBaselines signature -- stringtable error workaround disabled.
L 05/12/2022 - 22:09:53: [SM] Unable to load extension "PhysHooks.ext": Could not find patch signature for symbol: Physics_RunThinkFunctions
L 05/12/2022 - 22:09:55: [SM] Unable to load plugin "bot_inventory.smx": Native "eItems_AreItemsSynced" was not found
L 05/12/2022 - 22:09:55: [SM] Unable to load plugin "bot_stuff.smx": Could not find required plugin "navmesh"
L 05/12/2022 - 22:09:56: [SM] Unable to load plugin "LagCompensation.smx": Required extension "PhysHooks" file("PhysHooks.ext") not running
L 05/12/2022 - 22:09:57: [SM] Fatal error encountered parsing translation file "ranks_matchmaking.phrases.txt"
L 05/12/2022 - 22:09:57: [SM] Error (line 0, column 0): Stream failed to open
L 05/12/2022 - 22:09:57: [SM] Fatal error encountered parsing translation file "instadefuse.phrases.txt"
L 05/12/2022 - 22:09:57: [SM] Error (line 0, column 0): Stream failed to open
L 05/12/2022 - 22:10:17: [SM] Exception reported: Language phrase "Unranked" not found (arg 5)
L 05/12/2022 - 22:10:17: [SM] Blaming: ranks_matchmaking.smx
L 05/12/2022 - 22:10:17: [SM] Call stack trace:
L 05/12/2022 - 22:10:17: [SM]   [0] FormatEx
L 05/12/2022 - 22:10:17: [SM]   [1] Line 174, ranks_matchmaking.sp::GetRanksNames
L 05/12/2022 - 22:10:17: [SM]   [2] Line 169, ranks_matchmaking.sp::OnMapStart
L 05/12/2022 - 22:10:55: Error log file session closed.
L 05/12/2022 - 22:10:55: SourceMod error session started
L 05/12/2022 - 22:10:55: Info (map "de_mirage") (file "E:\retake\csgoserver\csgo\addons\sourcemod\logs\errors_20220512.log")
L 05/12/2022 - 22:10:55: [SM] Fatal error encountered parsing translation file "ranks_matchmaking.phrases.txt"
L 05/12/2022 - 22:10:55: [SM] Error (line 0, column 0): Stream failed to open
L 05/12/2022 - 22:10:55: [SM] Fatal error encountered parsing translation file "instadefuse.phrases.txt"
L 05/12/2022 - 22:10:55: [SM] Error (line 0, column 0): Stream failed to open
L 05/12/2022 - 22:10:57: [SM] Exception reported: Language phrase "Unranked" not found (arg 5)
L 05/12/2022 - 22:10:57: [SM] Blaming: ranks_matchmaking.smx
L 05/12/2022 - 22:10:57: [SM] Call stack trace:
L 05/12/2022 - 22:10:57: [SM]   [0] FormatEx
L 05/12/2022 - 22:10:57: [SM]   [1] Line 174, ranks_matchmaking.sp::GetRanksNames
L 05/12/2022 - 22:10:57: [SM]   [2] Line 169, ranks_matchmaking.sp::OnMapStart
L 05/12/2022 - 22:15:22: [SM] Exception reported: Language phrase "InstaDefuseSuccessful" not found (arg 5)
L 05/12/2022 - 22:15:22: [SM] Blaming: retakes-instadefuse.smx
L 05/12/2022 - 22:15:22: [SM] Call stack trace:
L 05/12/2022 - 22:15:22: [SM]   [0] PrintToChat
L 05/12/2022 - 22:15:22: [SM]   [1] Line 197, plugin.sp::AttemptInstantDefuse
L 05/12/2022 - 22:15:22: [SM]   [2] Line 104, plugin.sp::Event_BombBeginDefusePlusFrame
L 05/12/2022 - 22:17:01: [SM] Exception reported: Language phrase "InstaDefuseSuccessful" not found (arg 5)
L 05/12/2022 - 22:17:01: [SM] Blaming: retakes-instadefuse.smx
L 05/12/2022 - 22:17:01: [SM] Call stack trace:
L 05/12/2022 - 22:17:01: [SM]   [0] PrintToChat
L 05/12/2022 - 22:17:01: [SM]   [1] Line 197, plugin.sp::AttemptInstantDefuse
L 05/12/2022 - 22:17:01: [SM]   [2] Line 104, plugin.sp::Event_BombBeginDefusePlusFrame
L 05/12/2022 - 22:17:29: [SM] Exception reported: Language phrase "InstaDefuseSuccessful" not found (arg 5)
L 05/12/2022 - 22:17:29: [SM] Blaming: retakes-instadefuse.smx
L 05/12/2022 - 22:17:29: [SM] Call stack trace:
L 05/12/2022 - 22:17:29: [SM]   [0] PrintToChat
L 05/12/2022 - 22:17:29: [SM]   [1] Line 197, plugin.sp::AttemptInstantDefuse
L 05/12/2022 - 22:17:29: [SM]   [2] Line 104, plugin.sp::Event_BombBeginDefusePlusFrame
L 05/12/2022 - 22:17:45: [SM] Exception reported: Language phrase "InstaDefuseSuccessful" not found (arg 5)
L 05/12/2022 - 22:17:45: [SM] Blaming: retakes-instadefuse.smx
L 05/12/2022 - 22:17:45: [SM] Call stack trace:
L 05/12/2022 - 22:17:45: [SM]   [0] PrintToChat
L 05/12/2022 - 22:17:45: [SM]   [1] Line 197, plugin.sp::AttemptInstantDefuse
L 05/12/2022 - 22:17:45: [SM]   [2] Line 104, plugin.sp::Event_BombBeginDefusePlusFrame
L 05/12/2022 - 22:18:38: [SM] Exception reported: Language phrase "InstaDefuseSuccessful" not found (arg 5)
L 05/12/2022 - 22:18:38: [SM] Blaming: retakes-instadefuse.smx
L 05/12/2022 - 22:18:38: [SM] Call stack trace:
L 05/12/2022 - 22:18:38: [SM]   [0] PrintToChat
L 05/12/2022 - 22:18:38: [SM]   [1] Line 197, plugin.sp::AttemptInstantDefuse
L 05/12/2022 - 22:18:38: [SM]   [2] Line 104, plugin.sp::Event_BombBeginDefusePlusFrame
L 05/12/2022 - 22:18:56: [SM] Exception reported: Language phrase "InstaDefuseSuccessful" not found (arg 5)
L 05/12/2022 - 22:18:56: [SM] Blaming: retakes-instadefuse.smx
L 05/12/2022 - 22:18:56: [SM] Call stack trace:
L 05/12/2022 - 22:18:56: [SM]   [0] PrintToChat
L 05/12/2022 - 22:18:56: [SM]   [1] Line 197, plugin.sp::AttemptInstantDefuse
L 05/12/2022 - 22:18:56: [SM]   [2] Line 104, plugin.sp::Event_BombBeginDefusePlusFrame
L 05/12/2022 - 22:19:21: [SM] Exception reported: Language phrase "InstaDefuseSuccessful" not found (arg 5)
L 05/12/2022 - 22:19:21: [SM] Blaming: retakes-instadefuse.smx
L 05/12/2022 - 22:19:21: [SM] Call stack trace:
L 05/12/2022 - 22:19:21: [SM]   [0] PrintToChat
L 05/12/2022 - 22:19:21: [SM]   [1] Line 197, plugin.sp::AttemptInstantDefuse
L 05/12/2022 - 22:19:21: [SM]   [2] Line 104, plugin.sp::Event_BombBeginDefusePlusFrame
L 05/12/2022 - 22:19:46: [SM] Exception reported: Language phrase "LiveNadeSomewhere" not found (arg 5)
L 05/12/2022 - 22:19:46: [SM] Blaming: retakes-instadefuse.smx
L 05/12/2022 - 22:19:46: [SM] Call stack trace:
L 05/12/2022 - 22:19:46: [SM]   [0] PrintToChat
L 05/12/2022 - 22:19:46: [SM]   [1] Line 168, plugin.sp::AttemptInstantDefuse
L 05/12/2022 - 22:19:46: [SM]   [2] Line 104, plugin.sp::Event_BombBeginDefusePlusFrame
L 05/12/2022 - 22:20:11: [SM] Exception reported: Language phrase "InstaDefuseSuccessful" not found (arg 5)
L 05/12/2022 - 22:20:11: [SM] Blaming: retakes-instadefuse.smx
L 05/12/2022 - 22:20:11: [SM] Call stack trace:
L 05/12/2022 - 22:20:11: [SM]   [0] PrintToChat
L 05/12/2022 - 22:20:11: [SM]   [1] Line 197, plugin.sp::AttemptInstantDefuse
L 05/12/2022 - 22:20:11: [SM]   [2] Line 104, plugin.sp::Event_BombBeginDefusePlusFrame
L 05/12/2022 - 22:20:56: [SM] Exception reported: Language phrase "InstaDefuseSuccessful" not found (arg 5)
L 05/12/2022 - 22:20:56: [SM] Blaming: retakes-instadefuse.smx
L 05/12/2022 - 22:20:56: [SM] Call stack trace:
L 05/12/2022 - 22:20:56: [SM]   [0] PrintToChat
L 05/12/2022 - 22:20:56: [SM]   [1] Line 197, plugin.sp::AttemptInstantDefuse
L 05/12/2022 - 22:20:56: [SM]   [2] Line 104, plugin.sp::Event_BombBeginDefusePlusFrame
L 05/12/2022 - 22:21:23: [SM] Exception reported: Language phrase "InstaDefuseSuccessful" not found (arg 5)
L 05/12/2022 - 22:21:23: [SM] Blaming: retakes-instadefuse.smx
L 05/12/2022 - 22:21:23: [SM] Call stack trace:
L 05/12/2022 - 22:21:23: [SM]   [0] PrintToChat
L 05/12/2022 - 22:21:23: [SM]   [1] Line 197, plugin.sp::AttemptInstantDefuse
L 05/12/2022 - 22:21:23: [SM]   [2] Line 104, plugin.sp::Event_BombBeginDefusePlusFrame
L 05/12/2022 - 22:22:22: [SM] Exception reported: Language phrase "InstaDefuseSuccessful" not found (arg 5)
L 05/12/2022 - 22:22:22: [SM] Blaming: retakes-instadefuse.smx
L 05/12/2022 - 22:22:22: [SM] Call stack trace:
L 05/12/2022 - 22:22:22: [SM]   [0] PrintToChat
L 05/12/2022 - 22:22:22: [SM]   [1] Line 197, plugin.sp::AttemptInstantDefuse
L 05/12/2022 - 22:22:22: [SM]   [2] Line 104, plugin.sp::Event_BombBeginDefusePlusFrame
L 05/12/2022 - 22:22:22: [SM] Exception reported: Language phrase "InstaDefuseSuccessful" not found (arg 5)
L 05/12/2022 - 22:22:22: [SM] Blaming: retakes-instadefuse.smx
L 05/12/2022 - 22:22:22: [SM] Call stack trace:
L 05/12/2022 - 22:22:22: [SM]   [0] PrintToChat
L 05/12/2022 - 22:22:22: [SM]   [1] Line 197, plugin.sp::AttemptInstantDefuse
L 05/12/2022 - 22:22:22: [SM]   [2] Line 104, plugin.sp::Event_BombBeginDefusePlusFrame
L 05/12/2022 - 22:22:24: [SM] Exception reported: Language phrase "InstaDefuseSuccessful" not found (arg 5)
L 05/12/2022 - 22:22:24: [SM] Blaming: retakes-instadefuse.smx
L 05/12/2022 - 22:22:24: [SM] Call stack trace:
L 05/12/2022 - 22:22:24: [SM]   [0] PrintToChat
L 05/12/2022 - 22:22:24: [SM]   [1] Line 197, plugin.sp::AttemptInstantDefuse
L 05/12/2022 - 22:22:24: [SM]   [2] Line 104, plugin.sp::Event_BombBeginDefusePlusFrame
L 05/12/2022 - 22:23:03: [SM] Exception reported: Language phrase "InstaDefuseSuccessful" not found (arg 5)
L 05/12/2022 - 22:23:03: [SM] Blaming: retakes-instadefuse.smx
L 05/12/2022 - 22:23:03: [SM] Call stack trace:
L 05/12/2022 - 22:23:03: [SM]   [0] PrintToChat
L 05/12/2022 - 22:23:03: [SM]   [1] Line 197, plugin.sp::AttemptInstantDefuse
L 05/12/2022 - 22:23:03: [SM]   [2] Line 104, plugin.sp::Event_BombBeginDefusePlusFrame
L 05/12/2022 - 22:24:08: [SM] Exception reported: Language phrase "InstaDefuseSuccessful" not found (arg 5)
L 05/12/2022 - 22:24:08: [SM] Blaming: retakes-instadefuse.smx
L 05/12/2022 - 22:24:08: [SM] Call stack trace:
L 05/12/2022 - 22:24:08: [SM]   [0] PrintToChat
L 05/12/2022 - 22:24:08: [SM]   [1] Line 197, plugin.sp::AttemptInstantDefuse
L 05/12/2022 - 22:24:08: [SM]   [2] Line 104, plugin.sp::Event_BombBeginDefusePlusFrame
L 05/12/2022 - 22:25:02: [SM] Exception reported: Language phrase "InstaDefuseSuccessful" not found (arg 5)
L 05/12/2022 - 22:25:02: [SM] Blaming: retakes-instadefuse.smx
L 05/12/2022 - 22:25:02: [SM] Call stack trace:
L 05/12/2022 - 22:25:02: [SM]   [0] PrintToChat
L 05/12/2022 - 22:25:02: [SM]   [1] Line 197, plugin.sp::AttemptInstantDefuse
L 05/12/2022 - 22:25:02: [SM]   [2] Line 104, plugin.sp::Event_BombBeginDefusePlusFrame
L 05/12/2022 - 22:27:20: [SM] Exception reported: Language phrase "InstaDefuseSuccessful" not found (arg 5)
L 05/12/2022 - 22:27:20: [SM] Blaming: retakes-instadefuse.smx
L 05/12/2022 - 22:27:20: [SM] Call stack trace:
L 05/12/2022 - 22:27:20: [SM]   [0] PrintToChat
L 05/12/2022 - 22:27:20: [SM]   [1] Line 197, plugin.sp::AttemptInstantDefuse
L 05/12/2022 - 22:27:20: [SM]   [2] Line 104, plugin.sp::Event_BombBeginDefusePlusFrame
L 05/12/2022 - 22:27:54: [SM] Exception reported: Language phrase "InstaDefuseUnsuccessful" not found (arg 5)
L 05/12/2022 - 22:27:54: [SM] Blaming: retakes-instadefuse.smx
L 05/12/2022 - 22:27:54: [SM] Call stack trace:
L 05/12/2022 - 22:27:54: [SM]   [0] PrintToChat
L 05/12/2022 - 22:27:54: [SM]   [1] Line 143, plugin.sp::AttemptInstantDefuse
L 05/12/2022 - 22:27:54: [SM]   [2] Line 104, plugin.sp::Event_BombBeginDefusePlusFrame
L 05/12/2022 - 22:27:54: [SM] Exception reported: Language phrase "InstaDefuseUnsuccessful" not found (arg 5)
L 05/12/2022 - 22:27:54: [SM] Blaming: retakes-instadefuse.smx
L 05/12/2022 - 22:27:54: [SM] Call stack trace:
L 05/12/2022 - 22:27:54: [SM]   [0] PrintToChat
L 05/12/2022 - 22:27:54: [SM]   [1] Line 143, plugin.sp::AttemptInstantDefuse
L 05/12/2022 - 22:27:54: [SM]   [2] Line 104, plugin.sp::Event_BombBeginDefusePlusFrame
L 05/12/2022 - 22:28:47: [SM] Exception reported: Language phrase "InstaDefuseSuccessful" not found (arg 5)
L 05/12/2022 - 22:28:47: [SM] Blaming: retakes-instadefuse.smx
L 05/12/2022 - 22:28:47: [SM] Call stack trace:
L 05/12/2022 - 22:28:47: [SM]   [0] PrintToChat
L 05/12/2022 - 22:28:47: [SM]   [1] Line 197, plugin.sp::AttemptInstantDefuse
L 05/12/2022 - 22:28:47: [SM]   [2] Line 104, plugin.sp::Event_BombBeginDefusePlusFrame
L 05/12/2022 - 22:29:21: [SM] Exception reported: Language phrase "InstaDefuseUnsuccessful" not found (arg 5)
L 05/12/2022 - 22:29:21: [SM] Blaming: retakes-instadefuse.smx
L 05/12/2022 - 22:29:21: [SM] Call stack trace:
L 05/12/2022 - 22:29:21: [SM]   [0] PrintToChat
L 05/12/2022 - 22:29:21: [SM]   [1] Line 143, plugin.sp::AttemptInstantDefuse
L 05/12/2022 - 22:29:21: [SM]   [2] Line 104, plugin.sp::Event_BombBeginDefusePlusFrame
L 05/12/2022 - 22:29:21: [SM] Exception reported: Language phrase "InstaDefuseUnsuccessful" not found (arg 5)
L 05/12/2022 - 22:29:21: [SM] Blaming: retakes-instadefuse.smx
L 05/12/2022 - 22:29:21: [SM] Call stack trace:
L 05/12/2022 - 22:29:21: [SM]   [0] PrintToChat
L 05/12/2022 - 22:29:21: [SM]   [1] Line 143, plugin.sp::AttemptInstantDefuse
L 05/12/2022 - 22:29:21: [SM]   [2] Line 104, plugin.sp::Event_BombBeginDefusePlusFrame
L 05/12/2022 - 22:29:21: [SM] Exception reported: Language phrase "InstaDefuseUnsuccessful" not found (arg 5)
L 05/12/2022 - 22:29:21: [SM] Blaming: retakes-instadefuse.smx
L 05/12/2022 - 22:29:21: [SM] Call stack trace:
L 05/12/2022 - 22:29:21: [SM]   [0] PrintToChat
L 05/12/2022 - 22:29:21: [SM]   [1] Line 143, plugin.sp::AttemptInstantDefuse
L 05/12/2022 - 22:29:21: [SM]   [2] Line 104, plugin.sp::Event_BombBeginDefusePlusFrame
L 05/12/2022 - 22:29:22: [SM] Exception reported: Language phrase "InstaDefuseUnsuccessful" not found (arg 5)
L 05/12/2022 - 22:29:22: [SM] Blaming: retakes-instadefuse.smx
L 05/12/2022 - 22:29:22: [SM] Call stack trace:
L 05/12/2022 - 22:29:22: [SM]   [0] PrintToChat
L 05/12/2022 - 22:29:22: [SM]   [1] Line 143, plugin.sp::AttemptInstantDefuse
L 05/12/2022 - 22:29:22: [SM]   [2] Line 104, plugin.sp::Event_BombBeginDefusePlusFrame
L 05/12/2022 - 22:29:22: [SM] Exception reported: Language phrase "InstaDefuseUnsuccessful" not found (arg 5)
L 05/12/2022 - 22:29:22: [SM] Blaming: retakes-instadefuse.smx
L 05/12/2022 - 22:29:22: [SM] Call stack trace:
L 05/12/2022 - 22:29:22: [SM]   [0] PrintToChat
L 05/12/2022 - 22:29:22: [SM]   [1] Line 143, plugin.sp::AttemptInstantDefuse
L 05/12/2022 - 22:29:22: [SM]   [2] Line 104, plugin.sp::Event_BombBeginDefusePlusFrame
L 05/12/2022 - 22:29:22: [SM] Exception reported: Language phrase "InstaDefuseUnsuccessful" not found (arg 5)
L 05/12/2022 - 22:29:22: [SM] Blaming: retakes-instadefuse.smx
L 05/12/2022 - 22:29:22: [SM] Call stack trace:
L 05/12/2022 - 22:29:22: [SM]   [0] PrintToChat
L 05/12/2022 - 22:29:22: [SM]   [1] Line 143, plugin.sp::AttemptInstantDefuse
L 05/12/2022 - 22:29:22: [SM]   [2] Line 104, plugin.sp::Event_BombBeginDefusePlusFrame
L 05/12/2022 - 22:29:22: [SM] Exception reported: Language phrase "InstaDefuseUnsuccessful" not found (arg 5)
L 05/12/2022 - 22:29:22: [SM] Blaming: retakes-instadefuse.smx
L 05/12/2022 - 22:29:22: [SM] Call stack trace:
L 05/12/2022 - 22:29:22: [SM]   [0] PrintToChat
L 05/12/2022 - 22:29:22: [SM]   [1] Line 143, plugin.sp::AttemptInstantDefuse
L 05/12/2022 - 22:29:22: [SM]   [2] Line 104, plugin.sp::Event_BombBeginDefusePlusFrame
L 05/12/2022 - 22:30:18: [SM] Exception reported: Language phrase "InstaDefuseSuccessful" not found (arg 5)
L 05/12/2022 - 22:30:18: [SM] Blaming: retakes-instadefuse.smx
L 05/12/2022 - 22:30:19: [SM] Call stack trace:
L 05/12/2022 - 22:30:19: [SM]   [0] PrintToChat
L 05/12/2022 - 22:30:19: [SM]   [1] Line 197, plugin.sp::AttemptInstantDefuse
L 05/12/2022 - 22:30:19: [SM]   [2] Line 104, plugin.sp::Event_BombBeginDefusePlusFrame
L 05/12/2022 - 22:30:42: [SM] Exception reported: Language phrase "InstaDefuseSuccessful" not found (arg 5)
L 05/12/2022 - 22:30:42: [SM] Blaming: retakes-instadefuse.smx
L 05/12/2022 - 22:30:42: [SM] Call stack trace:
L 05/12/2022 - 22:30:42: [SM]   [0] PrintToChat
L 05/12/2022 - 22:30:42: [SM]   [1] Line 197, plugin.sp::AttemptInstantDefuse
L 05/12/2022 - 22:30:42: [SM]   [2] Line 104, plugin.sp::Event_BombBeginDefusePlusFrame
L 05/12/2022 - 22:32:45: [SM] Exception reported: Language phrase "LiveNadeSomewhere" not found (arg 5)
L 05/12/2022 - 22:32:45: [SM] Blaming: retakes-instadefuse.smx
L 05/12/2022 - 22:32:45: [SM] Call stack trace:
L 05/12/2022 - 22:32:45: [SM]   [0] PrintToChat
L 05/12/2022 - 22:32:45: [SM]   [1] Line 168, plugin.sp::AttemptInstantDefuse
L 05/12/2022 - 22:32:45: [SM]   [2] Line 104, plugin.sp::Event_BombBeginDefusePlusFrame
L 05/12/2022 - 22:33:37: [SM] Exception reported: Language phrase "InstaDefuseSuccessful" not found (arg 5)
L 05/12/2022 - 22:33:37: [SM] Blaming: retakes-instadefuse.smx
L 05/12/2022 - 22:33:37: [SM] Call stack trace:
L 05/12/2022 - 22:33:37: [SM]   [0] PrintToChat
L 05/12/2022 - 22:33:37: [SM]   [1] Line 197, plugin.sp::AttemptInstantDefuse
L 05/12/2022 - 22:33:37: [SM]   [2] Line 104, plugin.sp::Event_BombBeginDefusePlusFrame
L 05/12/2022 - 22:34:13: [SM] Exception reported: Language phrase "InstaDefuseSuccessful" not found (arg 5)
L 05/12/2022 - 22:34:13: [SM] Blaming: retakes-instadefuse.smx
L 05/12/2022 - 22:34:13: [SM] Call stack trace:
L 05/12/2022 - 22:34:13: [SM]   [0] PrintToChat
L 05/12/2022 - 22:34:13: [SM]   [1] Line 197, plugin.sp::AttemptInstantDefuse
L 05/12/2022 - 22:34:13: [SM]   [2] Line 104, plugin.sp::Event_BombBeginDefusePlusFrame
L 05/12/2022 - 22:34:40: [SM] Exception reported: Language phrase "InstaDefuseSuccessful" not found (arg 5)
L 05/12/2022 - 22:34:40: [SM] Blaming: retakes-instadefuse.smx
L 05/12/2022 - 22:34:40: [SM] Call stack trace:
L 05/12/2022 - 22:34:40: [SM]   [0] PrintToChat
L 05/12/2022 - 22:34:40: [SM]   [1] Line 197, plugin.sp::AttemptInstantDefuse
L 05/12/2022 - 22:34:40: [SM]   [2] Line 104, plugin.sp::Event_BombBeginDefusePlusFrame
L 05/12/2022 - 22:36:04: [SM] Exception reported: Language phrase "InstaDefuseSuccessful" not found (arg 5)
L 05/12/2022 - 22:36:04: [SM] Blaming: retakes-instadefuse.smx
L 05/12/2022 - 22:36:04: [SM] Call stack trace:
L 05/12/2022 - 22:36:04: [SM]   [0] PrintToChat
L 05/12/2022 - 22:36:04: [SM]   [1] Line 197, plugin.sp::AttemptInstantDefuse
L 05/12/2022 - 22:36:04: [SM]   [2] Line 104, plugin.sp::Event_BombBeginDefusePlusFrame
L 05/12/2022 - 22:36:23: [SM] Exception reported: Language phrase "InstaDefuseSuccessful" not found (arg 5)
L 05/12/2022 - 22:36:23: [SM] Blaming: retakes-instadefuse.smx
L 05/12/2022 - 22:36:23: [SM] Call stack trace:
L 05/12/2022 - 22:36:23: [SM]   [0] PrintToChat
L 05/12/2022 - 22:36:23: [SM]   [1] Line 197, plugin.sp::AttemptInstantDefuse
L 05/12/2022 - 22:36:23: [SM]   [2] Line 104, plugin.sp::Event_BombBeginDefusePlusFrame
L 05/12/2022 - 22:37:28: [SM] Exception reported: Language phrase "InstaDefuseSuccessful" not found (arg 5)
L 05/12/2022 - 22:37:28: [SM] Blaming: retakes-instadefuse.smx
L 05/12/2022 - 22:37:28: [SM] Call stack trace:
L 05/12/2022 - 22:37:28: [SM]   [0] PrintToChat
L 05/12/2022 - 22:37:28: [SM]   [1] Line 197, plugin.sp::AttemptInstantDefuse
L 05/12/2022 - 22:37:28: [SM]   [2] Line 104, plugin.sp::Event_BombBeginDefusePlusFrame
L 05/12/2022 - 22:38:07: [SM] Exception reported: Language phrase "InstaDefuseSuccessful" not found (arg 5)
L 05/12/2022 - 22:38:07: [SM] Blaming: retakes-instadefuse.smx
L 05/12/2022 - 22:38:07: [SM] Call stack trace:
L 05/12/2022 - 22:38:07: [SM]   [0] PrintToChat
L 05/12/2022 - 22:38:07: [SM]   [1] Line 197, plugin.sp::AttemptInstantDefuse
L 05/12/2022 - 22:38:07: [SM]   [2] Line 104, plugin.sp::Event_BombBeginDefusePlusFrame
L 05/12/2022 - 22:38:07: [SM] Exception reported: Language phrase "InstaDefuseSuccessful" not found (arg 5)
L 05/12/2022 - 22:38:07: [SM] Blaming: retakes-instadefuse.smx
L 05/12/2022 - 22:38:07: [SM] Call stack trace:
L 05/12/2022 - 22:38:07: [SM]   [0] PrintToChat
L 05/12/2022 - 22:38:07: [SM]   [1] Line 197, plugin.sp::AttemptInstantDefuse
L 05/12/2022 - 22:38:07: [SM]   [2] Line 104, plugin.sp::Event_BombBeginDefusePlusFrame
L 05/12/2022 - 22:38:09: [SM] Exception reported: Language phrase "InstaDefuseSuccessful" not found (arg 5)
L 05/12/2022 - 22:38:09: [SM] Blaming: retakes-instadefuse.smx
L 05/12/2022 - 22:38:09: [SM] Call stack trace:
L 05/12/2022 - 22:38:09: [SM]   [0] PrintToChat
L 05/12/2022 - 22:38:09: [SM]   [1] Line 197, plugin.sp::AttemptInstantDefuse
L 05/12/2022 - 22:38:09: [SM]   [2] Line 104, plugin.sp::Event_BombBeginDefusePlusFrame
L 05/12/2022 - 22:39:11: [SM] Exception reported: Language phrase "InstaDefuseSuccessful" not found (arg 5)
L 05/12/2022 - 22:39:11: [SM] Blaming: retakes-instadefuse.smx
L 05/12/2022 - 22:39:11: [SM] Call stack trace:
L 05/12/2022 - 22:39:11: [SM]   [0] PrintToChat
L 05/12/2022 - 22:39:11: [SM]   [1] Line 197, plugin.sp::AttemptInstantDefuse
L 05/12/2022 - 22:39:11: [SM]   [2] Line 104, plugin.sp::Event_BombBeginDefusePlusFrame
L 05/12/2022 - 22:39:48: [SM] Exception reported: Language phrase "InstaDefuseSuccessful" not found (arg 5)
L 05/12/2022 - 22:39:48: [SM] Blaming: retakes-instadefuse.smx
L 05/12/2022 - 22:39:48: [SM] Call stack trace:
L 05/12/2022 - 22:39:48: [SM]   [0] PrintToChat
L 05/12/2022 - 22:39:48: [SM]   [1] Line 197, plugin.sp::AttemptInstantDefuse
L 05/12/2022 - 22:39:48: [SM]   [2] Line 104, plugin.sp::Event_BombBeginDefusePlusFrame
L 05/12/2022 - 22:41:41: [SM] Exception reported: Language phrase "InstaDefuseSuccessful" not found (arg 5)
L 05/12/2022 - 22:41:41: [SM] Blaming: retakes-instadefuse.smx
L 05/12/2022 - 22:41:41: [SM] Call stack trace:
L 05/12/2022 - 22:41:41: [SM]   [0] PrintToChat
L 05/12/2022 - 22:41:41: [SM]   [1] Line 197, plugin.sp::AttemptInstantDefuse
L 05/12/2022 - 22:41:41: [SM]   [2] Line 104, plugin.sp::Event_BombBeginDefusePlusFrame
L 05/12/2022 - 22:42:29: [SM] Exception reported: Language phrase "InstaDefuseSuccessful" not found (arg 5)
L 05/12/2022 - 22:42:29: [SM] Blaming: retakes-instadefuse.smx
L 05/12/2022 - 22:42:29: [SM] Call stack trace:
L 05/12/2022 - 22:42:29: [SM]   [0] PrintToChat
L 05/12/2022 - 22:42:29: [SM]   [1] Line 197, plugin.sp::AttemptInstantDefuse
L 05/12/2022 - 22:42:29: [SM]   [2] Line 104, plugin.sp::Event_BombBeginDefusePlusFrame
L 05/12/2022 - 22:42:56: [SM] Exception reported: Language phrase "InstaDefuseSuccessful" not found (arg 5)
L 05/12/2022 - 22:42:56: [SM] Blaming: retakes-instadefuse.smx
L 05/12/2022 - 22:42:56: [SM] Call stack trace:
L 05/12/2022 - 22:42:56: [SM]   [0] PrintToChat
L 05/12/2022 - 22:42:56: [SM]   [1] Line 197, plugin.sp::AttemptInstantDefuse
L 05/12/2022 - 22:42:56: [SM]   [2] Line 104, plugin.sp::Event_BombBeginDefusePlusFrame
L 05/12/2022 - 22:43:51: [SM] Exception reported: Language phrase "InstaDefuseSuccessful" not found (arg 5)
L 05/12/2022 - 22:43:51: [SM] Blaming: retakes-instadefuse.smx
L 05/12/2022 - 22:43:51: [SM] Call stack trace:
L 05/12/2022 - 22:43:51: [SM]   [0] PrintToChat
L 05/12/2022 - 22:43:51: [SM]   [1] Line 197, plugin.sp::AttemptInstantDefuse
L 05/12/2022 - 22:43:51: [SM]   [2] Line 104, plugin.sp::Event_BombBeginDefusePlusFrame
L 05/12/2022 - 22:44:06: [SM] Exception reported: Language phrase "InstaDefuseSuccessful" not found (arg 5)
L 05/12/2022 - 22:44:06: [SM] Blaming: retakes-instadefuse.smx
L 05/12/2022 - 22:44:06: [SM] Call stack trace:
L 05/12/2022 - 22:44:06: [SM]   [0] PrintToChat
L 05/12/2022 - 22:44:07: [SM]   [1] Line 197, plugin.sp::AttemptInstantDefuse
L 05/12/2022 - 22:44:07: [SM]   [2] Line 104, plugin.sp::Event_BombBeginDefusePlusFrame
L 05/12/2022 - 22:45:27: [SM] Exception reported: Language phrase "InstaDefuseSuccessful" not found (arg 5)
L 05/12/2022 - 22:45:27: [SM] Blaming: retakes-instadefuse.smx
L 05/12/2022 - 22:45:27: [SM] Call stack trace:
L 05/12/2022 - 22:45:27: [SM]   [0] PrintToChat
L 05/12/2022 - 22:45:27: [SM]   [1] Line 197, plugin.sp::AttemptInstantDefuse
L 05/12/2022 - 22:45:27: [SM]   [2] Line 104, plugin.sp::Event_BombBeginDefusePlusFrame
L 05/12/2022 - 22:45:43: [SM] Exception reported: Language phrase "InstaDefuseSuccessful" not found (arg 5)
L 05/12/2022 - 22:45:43: [SM] Blaming: retakes-instadefuse.smx
L 05/12/2022 - 22:45:43: [SM] Call stack trace:
L 05/12/2022 - 22:45:43: [SM]   [0] PrintToChat
L 05/12/2022 - 22:45:43: [SM]   [1] Line 197, plugin.sp::AttemptInstantDefuse
L 05/12/2022 - 22:45:43: [SM]   [2] Line 104, plugin.sp::Event_BombBeginDefusePlusFrame
L 05/12/2022 - 22:46:00: [SM] Exception reported: Language phrase "InstaDefuseSuccessful" not found (arg 5)
L 05/12/2022 - 22:46:00: [SM] Blaming: retakes-instadefuse.smx
L 05/12/2022 - 22:46:00: [SM] Call stack trace:
L 05/12/2022 - 22:46:00: [SM]   [0] PrintToChat
L 05/12/2022 - 22:46:00: [SM]   [1] Line 197, plugin.sp::AttemptInstantDefuse
L 05/12/2022 - 22:46:00: [SM]   [2] Line 104, plugin.sp::Event_BombBeginDefusePlusFrame
