L 12/25/2021 - 02:37:43: SourceMod error session started
L 12/25/2021 - 02:37:43: Info (map "de_mirage") (file "E:\retake\csgoserver\csgo\addons\sourcemod\logs\errors_20211225.log")
L 12/25/2021 - 02:37:43: [SM] Unable to load extension "PhysHooks.ext": Could not find patch signature for symbol: Physics_RunThinkFunctions
L 12/25/2021 - 02:37:46: [SM] Unable to load plugin "bot_inventory.smx": Native "eItems_AreItemsSynced" was not found
L 12/25/2021 - 02:37:46: [SM] Unable to load plugin "bot_stuff.smx": Could not find required plugin "navmesh"
L 12/25/2021 - 02:37:46: [SM] Unable to load plugin "LagCompensation.smx": Required extension "PhysHooks" file("PhysHooks.ext") not running
L 12/25/2021 - 02:37:48: [SM] Fatal error encountered parsing translation file "ranks_matchmaking.phrases.txt"
L 12/25/2021 - 02:37:48: [SM] Error (line 0, column 0): Stream failed to open
L 12/25/2021 - 02:37:48: [SM] Fatal error encountered parsing translation file "instadefuse.phrases.txt"
L 12/25/2021 - 02:37:48: [SM] Error (line 0, column 0): Stream failed to open
L 12/25/2021 - 02:38:08: [SM] Exception reported: Language phrase "Unranked" not found (arg 5)
L 12/25/2021 - 02:38:08: [SM] Blaming: ranks_matchmaking.smx
L 12/25/2021 - 02:38:08: [SM] Call stack trace:
L 12/25/2021 - 02:38:08: [SM]   [0] FormatEx
L 12/25/2021 - 02:38:08: [SM]   [1] Line 174, ranks_matchmaking.sp::GetRanksNames
L 12/25/2021 - 02:38:08: [SM]   [2] Line 169, ranks_matchmaking.sp::OnMapStart
L 12/25/2021 - 02:38:12: Error log file session closed.
L 12/25/2021 - 02:38:12: SourceMod error session started
L 12/25/2021 - 02:38:12: Info (map "de_mirage") (file "E:\retake\csgoserver\csgo\addons\sourcemod\logs\errors_20211225.log")
L 12/25/2021 - 02:38:12: [SM] Fatal error encountered parsing translation file "ranks_matchmaking.phrases.txt"
L 12/25/2021 - 02:38:12: [SM] Error (line 0, column 0): Stream failed to open
L 12/25/2021 - 02:38:12: [SM] Fatal error encountered parsing translation file "instadefuse.phrases.txt"
L 12/25/2021 - 02:38:12: [SM] Error (line 0, column 0): Stream failed to open
L 12/25/2021 - 02:38:13: [SM] Exception reported: Language phrase "Unranked" not found (arg 5)
L 12/25/2021 - 02:38:13: [SM] Blaming: ranks_matchmaking.smx
L 12/25/2021 - 02:38:13: [SM] Call stack trace:
L 12/25/2021 - 02:38:13: [SM]   [0] FormatEx
L 12/25/2021 - 02:38:13: [SM]   [1] Line 174, ranks_matchmaking.sp::GetRanksNames
L 12/25/2021 - 02:38:13: [SM]   [2] Line 169, ranks_matchmaking.sp::OnMapStart
L 12/25/2021 - 02:39:58: [SM] Exception reported: Language phrase "InstaDefuseSuccessful" not found (arg 5)
L 12/25/2021 - 02:39:58: [SM] Blaming: retakes-instadefuse.smx
L 12/25/2021 - 02:39:58: [SM] Call stack trace:
L 12/25/2021 - 02:39:58: [SM]   [0] PrintToChat
L 12/25/2021 - 02:39:58: [SM]   [1] Line 197, plugin.sp::AttemptInstantDefuse
L 12/25/2021 - 02:39:58: [SM]   [2] Line 104, plugin.sp::Event_BombBeginDefusePlusFrame
L 12/25/2021 - 02:40:45: [SM] Exception reported: Language phrase "InstaDefuseSuccessful" not found (arg 5)
L 12/25/2021 - 02:40:45: [SM] Blaming: retakes-instadefuse.smx
L 12/25/2021 - 02:40:45: [SM] Call stack trace:
L 12/25/2021 - 02:40:45: [SM]   [0] PrintToChat
L 12/25/2021 - 02:40:45: [SM]   [1] Line 197, plugin.sp::AttemptInstantDefuse
L 12/25/2021 - 02:40:45: [SM]   [2] Line 104, plugin.sp::Event_BombBeginDefusePlusFrame
L 12/25/2021 - 02:41:17: [SM] Exception reported: Language phrase "InstaDefuseSuccessful" not found (arg 5)
L 12/25/2021 - 02:41:17: [SM] Blaming: retakes-instadefuse.smx
L 12/25/2021 - 02:41:17: [SM] Call stack trace:
L 12/25/2021 - 02:41:17: [SM]   [0] PrintToChat
L 12/25/2021 - 02:41:17: [SM]   [1] Line 197, plugin.sp::AttemptInstantDefuse
L 12/25/2021 - 02:41:17: [SM]   [2] Line 104, plugin.sp::Event_BombBeginDefusePlusFrame
L 12/25/2021 - 02:41:44: [SM] Exception reported: Language phrase "InstaDefuseSuccessful" not found (arg 5)
L 12/25/2021 - 02:41:44: [SM] Blaming: retakes-instadefuse.smx
L 12/25/2021 - 02:41:44: [SM] Call stack trace:
L 12/25/2021 - 02:41:44: [SM]   [0] PrintToChat
L 12/25/2021 - 02:41:44: [SM]   [1] Line 197, plugin.sp::AttemptInstantDefuse
L 12/25/2021 - 02:41:44: [SM]   [2] Line 104, plugin.sp::Event_BombBeginDefusePlusFrame
L 12/25/2021 - 02:42:03: [SM] Exception reported: Language phrase "InstaDefuseSuccessful" not found (arg 5)
L 12/25/2021 - 02:42:03: [SM] Blaming: retakes-instadefuse.smx
L 12/25/2021 - 02:42:03: [SM] Call stack trace:
L 12/25/2021 - 02:42:03: [SM]   [0] PrintToChat
L 12/25/2021 - 02:42:03: [SM]   [1] Line 197, plugin.sp::AttemptInstantDefuse
L 12/25/2021 - 02:42:03: [SM]   [2] Line 104, plugin.sp::Event_BombBeginDefusePlusFrame
L 12/25/2021 - 02:42:47: [SM] Exception reported: Language phrase "InstaDefuseSuccessful" not found (arg 5)
L 12/25/2021 - 02:42:47: [SM] Blaming: retakes-instadefuse.smx
L 12/25/2021 - 02:42:47: [SM] Call stack trace:
L 12/25/2021 - 02:42:47: [SM]   [0] PrintToChat
L 12/25/2021 - 02:42:47: [SM]   [1] Line 197, plugin.sp::AttemptInstantDefuse
L 12/25/2021 - 02:42:47: [SM]   [2] Line 104, plugin.sp::Event_BombBeginDefusePlusFrame
L 12/25/2021 - 02:43:06: [SM] Exception reported: Language phrase "InstaDefuseSuccessful" not found (arg 5)
L 12/25/2021 - 02:43:06: [SM] Blaming: retakes-instadefuse.smx
L 12/25/2021 - 02:43:06: [SM] Call stack trace:
L 12/25/2021 - 02:43:06: [SM]   [0] PrintToChat
L 12/25/2021 - 02:43:06: [SM]   [1] Line 197, plugin.sp::AttemptInstantDefuse
L 12/25/2021 - 02:43:06: [SM]   [2] Line 104, plugin.sp::Event_BombBeginDefusePlusFrame
L 12/25/2021 - 02:43:28: [SM] Exception reported: Language phrase "InstaDefuseSuccessful" not found (arg 5)
L 12/25/2021 - 02:43:28: [SM] Blaming: retakes-instadefuse.smx
L 12/25/2021 - 02:43:28: [SM] Call stack trace:
L 12/25/2021 - 02:43:28: [SM]   [0] PrintToChat
L 12/25/2021 - 02:43:28: [SM]   [1] Line 197, plugin.sp::AttemptInstantDefuse
L 12/25/2021 - 02:43:28: [SM]   [2] Line 104, plugin.sp::Event_BombBeginDefusePlusFrame
L 12/25/2021 - 02:43:47: [SM] Exception reported: Language phrase "InstaDefuseSuccessful" not found (arg 5)
L 12/25/2021 - 02:43:47: [SM] Blaming: retakes-instadefuse.smx
L 12/25/2021 - 02:43:47: [SM] Call stack trace:
L 12/25/2021 - 02:43:47: [SM]   [0] PrintToChat
L 12/25/2021 - 02:43:47: [SM]   [1] Line 197, plugin.sp::AttemptInstantDefuse
L 12/25/2021 - 02:43:47: [SM]   [2] Line 104, plugin.sp::Event_BombBeginDefusePlusFrame
L 12/25/2021 - 02:44:10: [SM] Exception reported: Language phrase "InstaDefuseSuccessful" not found (arg 5)
L 12/25/2021 - 02:44:10: [SM] Blaming: retakes-instadefuse.smx
L 12/25/2021 - 02:44:10: [SM] Call stack trace:
L 12/25/2021 - 02:44:10: [SM]   [0] PrintToChat
L 12/25/2021 - 02:44:10: [SM]   [1] Line 197, plugin.sp::AttemptInstantDefuse
L 12/25/2021 - 02:44:10: [SM]   [2] Line 104, plugin.sp::Event_BombBeginDefusePlusFrame
L 12/25/2021 - 02:44:29: [SM] Exception reported: Language phrase "InstaDefuseSuccessful" not found (arg 5)
L 12/25/2021 - 02:44:29: [SM] Blaming: retakes-instadefuse.smx
L 12/25/2021 - 02:44:29: [SM] Call stack trace:
L 12/25/2021 - 02:44:29: [SM]   [0] PrintToChat
L 12/25/2021 - 02:44:29: [SM]   [1] Line 197, plugin.sp::AttemptInstantDefuse
L 12/25/2021 - 02:44:29: [SM]   [2] Line 104, plugin.sp::Event_BombBeginDefusePlusFrame
L 12/25/2021 - 02:44:31: [SM] Exception reported: Language phrase "InstaDefuseSuccessful" not found (arg 5)
L 12/25/2021 - 02:44:31: [SM] Blaming: retakes-instadefuse.smx
L 12/25/2021 - 02:44:31: [SM] Call stack trace:
L 12/25/2021 - 02:44:31: [SM]   [0] PrintToChat
L 12/25/2021 - 02:44:31: [SM]   [1] Line 197, plugin.sp::AttemptInstantDefuse
L 12/25/2021 - 02:44:31: [SM]   [2] Line 104, plugin.sp::Event_BombBeginDefusePlusFrame
L 12/25/2021 - 02:46:10: [SM] Exception reported: Language phrase "InstaDefuseSuccessful" not found (arg 5)
L 12/25/2021 - 02:46:10: [SM] Blaming: retakes-instadefuse.smx
L 12/25/2021 - 02:46:10: [SM] Call stack trace:
L 12/25/2021 - 02:46:10: [SM]   [0] PrintToChat
L 12/25/2021 - 02:46:10: [SM]   [1] Line 197, plugin.sp::AttemptInstantDefuse
L 12/25/2021 - 02:46:10: [SM]   [2] Line 104, plugin.sp::Event_BombBeginDefusePlusFrame
L 12/25/2021 - 02:49:21: [SM] Exception reported: Language phrase "InstaDefuseSuccessful" not found (arg 5)
L 12/25/2021 - 02:49:21: [SM] Blaming: retakes-instadefuse.smx
L 12/25/2021 - 02:49:21: [SM] Call stack trace:
L 12/25/2021 - 02:49:21: [SM]   [0] PrintToChat
L 12/25/2021 - 02:49:21: [SM]   [1] Line 197, plugin.sp::AttemptInstantDefuse
L 12/25/2021 - 02:49:21: [SM]   [2] Line 104, plugin.sp::Event_BombBeginDefusePlusFrame
L 12/25/2021 - 02:50:07: [SM] Exception reported: Language phrase "InstaDefuseSuccessful" not found (arg 5)
L 12/25/2021 - 02:50:07: [SM] Blaming: retakes-instadefuse.smx
L 12/25/2021 - 02:50:07: [SM] Call stack trace:
L 12/25/2021 - 02:50:07: [SM]   [0] PrintToChat
L 12/25/2021 - 02:50:07: [SM]   [1] Line 197, plugin.sp::AttemptInstantDefuse
L 12/25/2021 - 02:50:07: [SM]   [2] Line 104, plugin.sp::Event_BombBeginDefusePlusFrame
L 12/25/2021 - 02:51:05: [SM] Exception reported: Language phrase "InstaDefuseSuccessful" not found (arg 5)
L 12/25/2021 - 02:51:05: [SM] Blaming: retakes-instadefuse.smx
L 12/25/2021 - 02:51:05: [SM] Call stack trace:
L 12/25/2021 - 02:51:05: [SM]   [0] PrintToChat
L 12/25/2021 - 02:51:05: [SM]   [1] Line 197, plugin.sp::AttemptInstantDefuse
L 12/25/2021 - 02:51:05: [SM]   [2] Line 104, plugin.sp::Event_BombBeginDefusePlusFrame
L 12/25/2021 - 02:51:37: [SM] Exception reported: Language phrase "InstaDefuseSuccessful" not found (arg 5)
L 12/25/2021 - 02:51:37: [SM] Blaming: retakes-instadefuse.smx
L 12/25/2021 - 02:51:37: [SM] Call stack trace:
L 12/25/2021 - 02:51:37: [SM]   [0] PrintToChat
L 12/25/2021 - 02:51:37: [SM]   [1] Line 197, plugin.sp::AttemptInstantDefuse
L 12/25/2021 - 02:51:37: [SM]   [2] Line 104, plugin.sp::Event_BombBeginDefusePlusFrame
L 12/25/2021 - 02:51:57: [SM] Exception reported: Language phrase "LiveNadeSomewhere" not found (arg 5)
L 12/25/2021 - 02:51:57: [SM] Blaming: retakes-instadefuse.smx
L 12/25/2021 - 02:51:57: [SM] Call stack trace:
L 12/25/2021 - 02:51:57: [SM]   [0] PrintToChat
L 12/25/2021 - 02:51:57: [SM]   [1] Line 168, plugin.sp::AttemptInstantDefuse
L 12/25/2021 - 02:51:57: [SM]   [2] Line 104, plugin.sp::Event_BombBeginDefusePlusFrame
L 12/25/2021 - 02:52:16: [SM] Exception reported: Language phrase "InstaDefuseSuccessful" not found (arg 5)
L 12/25/2021 - 02:52:16: [SM] Blaming: retakes-instadefuse.smx
L 12/25/2021 - 02:52:16: [SM] Call stack trace:
L 12/25/2021 - 02:52:16: [SM]   [0] PrintToChat
L 12/25/2021 - 02:52:16: [SM]   [1] Line 197, plugin.sp::AttemptInstantDefuse
L 12/25/2021 - 02:52:16: [SM]   [2] Line 104, plugin.sp::Event_BombBeginDefusePlusFrame
L 12/25/2021 - 02:53:17: [SM] Exception reported: Language phrase "InstaDefuseUnsuccessful" not found (arg 5)
L 12/25/2021 - 02:53:17: [SM] Blaming: retakes-instadefuse.smx
L 12/25/2021 - 02:53:17: [SM] Call stack trace:
L 12/25/2021 - 02:53:17: [SM]   [0] PrintToChat
L 12/25/2021 - 02:53:17: [SM]   [1] Line 143, plugin.sp::AttemptInstantDefuse
L 12/25/2021 - 02:53:17: [SM]   [2] Line 104, plugin.sp::Event_BombBeginDefusePlusFrame
L 12/25/2021 - 02:53:17: [SM] Exception reported: Language phrase "InstaDefuseUnsuccessful" not found (arg 5)
L 12/25/2021 - 02:53:17: [SM] Blaming: retakes-instadefuse.smx
L 12/25/2021 - 02:53:17: [SM] Call stack trace:
L 12/25/2021 - 02:53:17: [SM]   [0] PrintToChat
L 12/25/2021 - 02:53:17: [SM]   [1] Line 143, plugin.sp::AttemptInstantDefuse
L 12/25/2021 - 02:53:17: [SM]   [2] Line 104, plugin.sp::Event_BombBeginDefusePlusFrame
L 12/25/2021 - 02:54:34: [SM] Exception reported: Language phrase "InstaDefuseSuccessful" not found (arg 5)
L 12/25/2021 - 02:54:34: [SM] Blaming: retakes-instadefuse.smx
L 12/25/2021 - 02:54:34: [SM] Call stack trace:
L 12/25/2021 - 02:54:34: [SM]   [0] PrintToChat
L 12/25/2021 - 02:54:34: [SM]   [1] Line 197, plugin.sp::AttemptInstantDefuse
L 12/25/2021 - 02:54:34: [SM]   [2] Line 104, plugin.sp::Event_BombBeginDefusePlusFrame
L 12/25/2021 - 02:54:58: [SM] Exception reported: Language phrase "InstaDefuseSuccessful" not found (arg 5)
L 12/25/2021 - 02:54:58: [SM] Blaming: retakes-instadefuse.smx
L 12/25/2021 - 02:54:58: [SM] Call stack trace:
L 12/25/2021 - 02:54:58: [SM]   [0] PrintToChat
L 12/25/2021 - 02:54:58: [SM]   [1] Line 197, plugin.sp::AttemptInstantDefuse
L 12/25/2021 - 02:54:58: [SM]   [2] Line 104, plugin.sp::Event_BombBeginDefusePlusFrame
L 12/25/2021 - 02:55:17: [SM] Exception reported: Language phrase "InstaDefuseSuccessful" not found (arg 5)
L 12/25/2021 - 02:55:17: [SM] Blaming: retakes-instadefuse.smx
L 12/25/2021 - 02:55:17: [SM] Call stack trace:
L 12/25/2021 - 02:55:17: [SM]   [0] PrintToChat
L 12/25/2021 - 02:55:17: [SM]   [1] Line 197, plugin.sp::AttemptInstantDefuse
L 12/25/2021 - 02:55:17: [SM]   [2] Line 104, plugin.sp::Event_BombBeginDefusePlusFrame
L 12/25/2021 - 02:55:50: [SM] Exception reported: Language phrase "InstaDefuseSuccessful" not found (arg 5)
L 12/25/2021 - 02:55:50: [SM] Blaming: retakes-instadefuse.smx
L 12/25/2021 - 02:55:50: [SM] Call stack trace:
L 12/25/2021 - 02:55:50: [SM]   [0] PrintToChat
L 12/25/2021 - 02:55:50: [SM]   [1] Line 197, plugin.sp::AttemptInstantDefuse
L 12/25/2021 - 02:55:50: [SM]   [2] Line 104, plugin.sp::Event_BombBeginDefusePlusFrame
L 12/25/2021 - 02:56:21: [SM] Exception reported: Language phrase "InstaDefuseSuccessful" not found (arg 5)
L 12/25/2021 - 02:56:21: [SM] Blaming: retakes-instadefuse.smx
L 12/25/2021 - 02:56:21: [SM] Call stack trace:
L 12/25/2021 - 02:56:21: [SM]   [0] PrintToChat
L 12/25/2021 - 02:56:21: [SM]   [1] Line 197, plugin.sp::AttemptInstantDefuse
L 12/25/2021 - 02:56:21: [SM]   [2] Line 104, plugin.sp::Event_BombBeginDefusePlusFrame
L 12/25/2021 - 02:57:10: [SM] Exception reported: Language phrase "InstaDefuseSuccessful" not found (arg 5)
L 12/25/2021 - 02:57:10: [SM] Blaming: retakes-instadefuse.smx
L 12/25/2021 - 02:57:10: [SM] Call stack trace:
L 12/25/2021 - 02:57:10: [SM]   [0] PrintToChat
L 12/25/2021 - 02:57:10: [SM]   [1] Line 197, plugin.sp::AttemptInstantDefuse
L 12/25/2021 - 02:57:10: [SM]   [2] Line 104, plugin.sp::Event_BombBeginDefusePlusFrame
L 12/25/2021 - 02:58:37: [SM] Exception reported: Language phrase "InstaDefuseSuccessful" not found (arg 5)
L 12/25/2021 - 02:58:37: [SM] Blaming: retakes-instadefuse.smx
L 12/25/2021 - 02:58:37: [SM] Call stack trace:
L 12/25/2021 - 02:58:37: [SM]   [0] PrintToChat
L 12/25/2021 - 02:58:37: [SM]   [1] Line 197, plugin.sp::AttemptInstantDefuse
L 12/25/2021 - 02:58:37: [SM]   [2] Line 104, plugin.sp::Event_BombBeginDefusePlusFrame
L 12/25/2021 - 03:02:53: [SM] Exception reported: Language phrase "InstaDefuseSuccessful" not found (arg 5)
L 12/25/2021 - 03:02:53: [SM] Blaming: retakes-instadefuse.smx
L 12/25/2021 - 03:02:53: [SM] Call stack trace:
L 12/25/2021 - 03:02:53: [SM]   [0] PrintToChat
L 12/25/2021 - 03:02:53: [SM]   [1] Line 197, plugin.sp::AttemptInstantDefuse
L 12/25/2021 - 03:02:53: [SM]   [2] Line 104, plugin.sp::Event_BombBeginDefusePlusFrame
L 12/25/2021 - 03:03:33: [SM] Exception reported: Language phrase "InstaDefuseSuccessful" not found (arg 5)
L 12/25/2021 - 03:03:33: [SM] Blaming: retakes-instadefuse.smx
L 12/25/2021 - 03:03:33: [SM] Call stack trace:
L 12/25/2021 - 03:03:33: [SM]   [0] PrintToChat
L 12/25/2021 - 03:03:33: [SM]   [1] Line 197, plugin.sp::AttemptInstantDefuse
L 12/25/2021 - 03:03:33: [SM]   [2] Line 104, plugin.sp::Event_BombBeginDefusePlusFrame
L 12/25/2021 - 03:04:26: [SM] Exception reported: Language phrase "InstaDefuseSuccessful" not found (arg 5)
L 12/25/2021 - 03:04:26: [SM] Blaming: retakes-instadefuse.smx
L 12/25/2021 - 03:04:26: [SM] Call stack trace:
L 12/25/2021 - 03:04:26: [SM]   [0] PrintToChat
L 12/25/2021 - 03:04:26: [SM]   [1] Line 197, plugin.sp::AttemptInstantDefuse
L 12/25/2021 - 03:04:26: [SM]   [2] Line 104, plugin.sp::Event_BombBeginDefusePlusFrame
L 12/25/2021 - 03:04:42: [SM] Exception reported: Language phrase "InstaDefuseSuccessful" not found (arg 5)
L 12/25/2021 - 03:04:42: [SM] Blaming: retakes-instadefuse.smx
L 12/25/2021 - 03:04:42: [SM] Call stack trace:
L 12/25/2021 - 03:04:42: [SM]   [0] PrintToChat
L 12/25/2021 - 03:04:42: [SM]   [1] Line 197, plugin.sp::AttemptInstantDefuse
L 12/25/2021 - 03:04:42: [SM]   [2] Line 104, plugin.sp::Event_BombBeginDefusePlusFrame
L 12/25/2021 - 03:05:16: [SM] Exception reported: Language phrase "InstaDefuseSuccessful" not found (arg 5)
L 12/25/2021 - 03:05:16: [SM] Blaming: retakes-instadefuse.smx
L 12/25/2021 - 03:05:16: [SM] Call stack trace:
L 12/25/2021 - 03:05:16: [SM]   [0] PrintToChat
L 12/25/2021 - 03:05:16: [SM]   [1] Line 197, plugin.sp::AttemptInstantDefuse
L 12/25/2021 - 03:05:16: [SM]   [2] Line 104, plugin.sp::Event_BombBeginDefusePlusFrame
L 12/25/2021 - 03:06:32: [SM] Exception reported: Language phrase "InstaDefuseSuccessful" not found (arg 5)
L 12/25/2021 - 03:06:32: [SM] Blaming: retakes-instadefuse.smx
L 12/25/2021 - 03:06:32: [SM] Call stack trace:
L 12/25/2021 - 03:06:32: [SM]   [0] PrintToChat
L 12/25/2021 - 03:06:32: [SM]   [1] Line 197, plugin.sp::AttemptInstantDefuse
L 12/25/2021 - 03:06:32: [SM]   [2] Line 104, plugin.sp::Event_BombBeginDefusePlusFrame
L 12/25/2021 - 03:06:51: [SM] Exception reported: Language phrase "InstaDefuseSuccessful" not found (arg 5)
L 12/25/2021 - 03:06:51: [SM] Blaming: retakes-instadefuse.smx
L 12/25/2021 - 03:06:51: [SM] Call stack trace:
L 12/25/2021 - 03:06:51: [SM]   [0] PrintToChat
L 12/25/2021 - 03:06:51: [SM]   [1] Line 197, plugin.sp::AttemptInstantDefuse
L 12/25/2021 - 03:06:51: [SM]   [2] Line 104, plugin.sp::Event_BombBeginDefusePlusFrame
L 12/25/2021 - 03:08:15: [SM] Exception reported: Language phrase "InstaDefuseSuccessful" not found (arg 5)
L 12/25/2021 - 03:08:15: [SM] Blaming: retakes-instadefuse.smx
L 12/25/2021 - 03:08:15: [SM] Call stack trace:
L 12/25/2021 - 03:08:15: [SM]   [0] PrintToChat
L 12/25/2021 - 03:08:15: [SM]   [1] Line 197, plugin.sp::AttemptInstantDefuse
L 12/25/2021 - 03:08:15: [SM]   [2] Line 104, plugin.sp::Event_BombBeginDefusePlusFrame
L 12/25/2021 - 03:08:50: [SM] Exception reported: Language phrase "InstaDefuseUnsuccessful" not found (arg 5)
L 12/25/2021 - 03:08:50: [SM] Blaming: retakes-instadefuse.smx
L 12/25/2021 - 03:08:50: [SM] Call stack trace:
L 12/25/2021 - 03:08:50: [SM]   [0] PrintToChat
L 12/25/2021 - 03:08:50: [SM]   [1] Line 143, plugin.sp::AttemptInstantDefuse
L 12/25/2021 - 03:08:50: [SM]   [2] Line 104, plugin.sp::Event_BombBeginDefusePlusFrame
L 12/25/2021 - 03:08:50: [SM] Exception reported: Language phrase "InstaDefuseUnsuccessful" not found (arg 5)
L 12/25/2021 - 03:08:50: [SM] Blaming: retakes-instadefuse.smx
L 12/25/2021 - 03:08:50: [SM] Call stack trace:
L 12/25/2021 - 03:08:50: [SM]   [0] PrintToChat
L 12/25/2021 - 03:08:50: [SM]   [1] Line 143, plugin.sp::AttemptInstantDefuse
L 12/25/2021 - 03:08:50: [SM]   [2] Line 104, plugin.sp::Event_BombBeginDefusePlusFrame
L 12/25/2021 - 03:10:11: [SM] Exception reported: Language phrase "InstaDefuseSuccessful" not found (arg 5)
L 12/25/2021 - 03:10:11: [SM] Blaming: retakes-instadefuse.smx
L 12/25/2021 - 03:10:11: [SM] Call stack trace:
L 12/25/2021 - 03:10:11: [SM]   [0] PrintToChat
L 12/25/2021 - 03:10:11: [SM]   [1] Line 197, plugin.sp::AttemptInstantDefuse
L 12/25/2021 - 03:10:11: [SM]   [2] Line 104, plugin.sp::Event_BombBeginDefusePlusFrame
L 12/25/2021 - 03:11:09: [SM] Exception reported: Language phrase "InstaDefuseSuccessful" not found (arg 5)
L 12/25/2021 - 03:11:09: [SM] Blaming: retakes-instadefuse.smx
L 12/25/2021 - 03:11:09: [SM] Call stack trace:
L 12/25/2021 - 03:11:09: [SM]   [0] PrintToChat
L 12/25/2021 - 03:11:09: [SM]   [1] Line 197, plugin.sp::AttemptInstantDefuse
L 12/25/2021 - 03:11:09: [SM]   [2] Line 104, plugin.sp::Event_BombBeginDefusePlusFrame
L 12/25/2021 - 03:13:54: [SM] Exception reported: Language phrase "InstaDefuseSuccessful" not found (arg 5)
L 12/25/2021 - 03:13:54: [SM] Blaming: retakes-instadefuse.smx
L 12/25/2021 - 03:13:54: [SM] Call stack trace:
L 12/25/2021 - 03:13:54: [SM]   [0] PrintToChat
L 12/25/2021 - 03:13:54: [SM]   [1] Line 197, plugin.sp::AttemptInstantDefuse
L 12/25/2021 - 03:13:54: [SM]   [2] Line 104, plugin.sp::Event_BombBeginDefusePlusFrame
L 12/25/2021 - 03:14:53: [SM] Exception reported: Language phrase "InstaDefuseSuccessful" not found (arg 5)
L 12/25/2021 - 03:14:53: [SM] Blaming: retakes-instadefuse.smx
L 12/25/2021 - 03:14:53: [SM] Call stack trace:
L 12/25/2021 - 03:14:53: [SM]   [0] PrintToChat
L 12/25/2021 - 03:14:53: [SM]   [1] Line 197, plugin.sp::AttemptInstantDefuse
L 12/25/2021 - 03:14:53: [SM]   [2] Line 104, plugin.sp::Event_BombBeginDefusePlusFrame
L 12/25/2021 - 03:16:27: [SM] Exception reported: Language phrase "InstaDefuseSuccessful" not found (arg 5)
L 12/25/2021 - 03:16:27: [SM] Blaming: retakes-instadefuse.smx
L 12/25/2021 - 03:16:27: [SM] Call stack trace:
L 12/25/2021 - 03:16:27: [SM]   [0] PrintToChat
L 12/25/2021 - 03:16:27: [SM]   [1] Line 197, plugin.sp::AttemptInstantDefuse
L 12/25/2021 - 03:16:27: [SM]   [2] Line 104, plugin.sp::Event_BombBeginDefusePlusFrame
L 12/25/2021 - 03:18:04: [SM] Exception reported: Language phrase "InstaDefuseSuccessful" not found (arg 5)
L 12/25/2021 - 03:18:04: [SM] Blaming: retakes-instadefuse.smx
L 12/25/2021 - 03:18:04: [SM] Call stack trace:
L 12/25/2021 - 03:18:04: [SM]   [0] PrintToChat
L 12/25/2021 - 03:18:04: [SM]   [1] Line 197, plugin.sp::AttemptInstantDefuse
L 12/25/2021 - 03:18:04: [SM]   [2] Line 104, plugin.sp::Event_BombBeginDefusePlusFrame
L 12/25/2021 - 03:18:55: [SM] Exception reported: Language phrase "InstaDefuseSuccessful" not found (arg 5)
L 12/25/2021 - 03:18:55: [SM] Blaming: retakes-instadefuse.smx
L 12/25/2021 - 03:18:55: [SM] Call stack trace:
L 12/25/2021 - 03:18:55: [SM]   [0] PrintToChat
L 12/25/2021 - 03:18:55: [SM]   [1] Line 197, plugin.sp::AttemptInstantDefuse
L 12/25/2021 - 03:18:55: [SM]   [2] Line 104, plugin.sp::Event_BombBeginDefusePlusFrame
L 12/25/2021 - 03:19:16: [SM] Exception reported: Language phrase "InstaDefuseSuccessful" not found (arg 5)
L 12/25/2021 - 03:19:16: [SM] Blaming: retakes-instadefuse.smx
L 12/25/2021 - 03:19:16: [SM] Call stack trace:
L 12/25/2021 - 03:19:16: [SM]   [0] PrintToChat
L 12/25/2021 - 03:19:16: [SM]   [1] Line 197, plugin.sp::AttemptInstantDefuse
L 12/25/2021 - 03:19:16: [SM]   [2] Line 104, plugin.sp::Event_BombBeginDefusePlusFrame
L 12/25/2021 - 03:19:30: [SM] Exception reported: Language phrase "InstaDefuseSuccessful" not found (arg 5)
L 12/25/2021 - 03:19:30: [SM] Blaming: retakes-instadefuse.smx
L 12/25/2021 - 03:19:30: [SM] Call stack trace:
L 12/25/2021 - 03:19:30: [SM]   [0] PrintToChat
L 12/25/2021 - 03:19:30: [SM]   [1] Line 197, plugin.sp::AttemptInstantDefuse
L 12/25/2021 - 03:19:30: [SM]   [2] Line 104, plugin.sp::Event_BombBeginDefusePlusFrame
L 12/25/2021 - 03:19:54: [SM] Exception reported: Language phrase "InstaDefuseSuccessful" not found (arg 5)
L 12/25/2021 - 03:19:54: [SM] Blaming: retakes-instadefuse.smx
L 12/25/2021 - 03:19:54: [SM] Call stack trace:
L 12/25/2021 - 03:19:54: [SM]   [0] PrintToChat
L 12/25/2021 - 03:19:54: [SM]   [1] Line 197, plugin.sp::AttemptInstantDefuse
L 12/25/2021 - 03:19:54: [SM]   [2] Line 104, plugin.sp::Event_BombBeginDefusePlusFrame
L 12/25/2021 - 03:20:07: [SM] Exception reported: Language phrase "InstaDefuseSuccessful" not found (arg 5)
L 12/25/2021 - 03:20:07: [SM] Blaming: retakes-instadefuse.smx
L 12/25/2021 - 03:20:07: [SM] Call stack trace:
L 12/25/2021 - 03:20:07: [SM]   [0] PrintToChat
L 12/25/2021 - 03:20:07: [SM]   [1] Line 197, plugin.sp::AttemptInstantDefuse
L 12/25/2021 - 03:20:07: [SM]   [2] Line 104, plugin.sp::Event_BombBeginDefusePlusFrame
L 12/25/2021 - 03:20:22: [SM] Exception reported: Language phrase "InstaDefuseSuccessful" not found (arg 5)
L 12/25/2021 - 03:20:22: [SM] Blaming: retakes-instadefuse.smx
L 12/25/2021 - 03:20:22: [SM] Call stack trace:
L 12/25/2021 - 03:20:22: [SM]   [0] PrintToChat
L 12/25/2021 - 03:20:22: [SM]   [1] Line 197, plugin.sp::AttemptInstantDefuse
L 12/25/2021 - 03:20:22: [SM]   [2] Line 104, plugin.sp::Event_BombBeginDefusePlusFrame
L 12/25/2021 - 03:20:39: [SM] Exception reported: Language phrase "InstaDefuseSuccessful" not found (arg 5)
L 12/25/2021 - 03:20:39: [SM] Blaming: retakes-instadefuse.smx
L 12/25/2021 - 03:20:39: [SM] Call stack trace:
L 12/25/2021 - 03:20:39: [SM]   [0] PrintToChat
L 12/25/2021 - 03:20:39: [SM]   [1] Line 197, plugin.sp::AttemptInstantDefuse
L 12/25/2021 - 03:20:39: [SM]   [2] Line 104, plugin.sp::Event_BombBeginDefusePlusFrame
L 12/25/2021 - 03:20:59: [SM] Exception reported: Language phrase "InstaDefuseSuccessful" not found (arg 5)
L 12/25/2021 - 03:20:59: [SM] Blaming: retakes-instadefuse.smx
L 12/25/2021 - 03:20:59: [SM] Call stack trace:
L 12/25/2021 - 03:20:59: [SM]   [0] PrintToChat
L 12/25/2021 - 03:20:59: [SM]   [1] Line 197, plugin.sp::AttemptInstantDefuse
L 12/25/2021 - 03:20:59: [SM]   [2] Line 104, plugin.sp::Event_BombBeginDefusePlusFrame
L 12/25/2021 - 03:21:14: [SM] Exception reported: Language phrase "InstaDefuseSuccessful" not found (arg 5)
L 12/25/2021 - 03:21:14: [SM] Blaming: retakes-instadefuse.smx
L 12/25/2021 - 03:21:14: [SM] Call stack trace:
L 12/25/2021 - 03:21:14: [SM]   [0] PrintToChat
L 12/25/2021 - 03:21:14: [SM]   [1] Line 197, plugin.sp::AttemptInstantDefuse
L 12/25/2021 - 03:21:14: [SM]   [2] Line 104, plugin.sp::Event_BombBeginDefusePlusFrame
L 12/25/2021 - 03:21:32: [SM] Exception reported: Language phrase "InstaDefuseSuccessful" not found (arg 5)
L 12/25/2021 - 03:21:32: [SM] Blaming: retakes-instadefuse.smx
L 12/25/2021 - 03:21:32: [SM] Call stack trace:
L 12/25/2021 - 03:21:32: [SM]   [0] PrintToChat
L 12/25/2021 - 03:21:32: [SM]   [1] Line 197, plugin.sp::AttemptInstantDefuse
L 12/25/2021 - 03:21:32: [SM]   [2] Line 104, plugin.sp::Event_BombBeginDefusePlusFrame
L 12/25/2021 - 03:21:46: [SM] Exception reported: Language phrase "InstaDefuseSuccessful" not found (arg 5)
L 12/25/2021 - 03:21:46: [SM] Blaming: retakes-instadefuse.smx
L 12/25/2021 - 03:21:46: [SM] Call stack trace:
L 12/25/2021 - 03:21:46: [SM]   [0] PrintToChat
L 12/25/2021 - 03:21:46: [SM]   [1] Line 197, plugin.sp::AttemptInstantDefuse
L 12/25/2021 - 03:21:46: [SM]   [2] Line 104, plugin.sp::Event_BombBeginDefusePlusFrame
L 12/25/2021 - 03:22:25: [SM] Exception reported: Client index 0 is invalid
L 12/25/2021 - 03:22:25: [SM] Blaming: kento_rankme.smx
L 12/25/2021 - 03:22:25: [SM] Call stack trace:
L 12/25/2021 - 03:22:25: [SM]   [0] IsClientInGame
L 12/25/2021 - 03:22:25: [SM]   [1] Line 648, D:\csgoserver\csgo\addons\sourcemod\scripting\kento_rankme.sp::Event_RoundMVP
L 12/25/2021 - 03:22:25: [SM]   [3] CS_TerminateRound
L 12/25/2021 - 03:22:25: [SM]   [4] Line 893, ././scripting/retakes.sp::CheckRoundDone
L 12/25/2021 - 03:22:25: [SM]   [5] Line 308, ././scripting/retakes.sp::OnClientDisconnect
L 12/25/2021 - 03:22:37: Error log file session closed.
L 12/25/2021 - 03:22:37: SourceMod error session started
L 12/25/2021 - 03:22:37: Info (map "de_nuke") (file "E:\retake\csgoserver\csgo\addons\sourcemod\logs\errors_20211225.log")
L 12/25/2021 - 03:22:37: [SM] Fatal error encountered parsing translation file "ranks_matchmaking.phrases.txt"
L 12/25/2021 - 03:22:37: [SM] Error (line 0, column 0): Stream failed to open
L 12/25/2021 - 03:22:37: [SM] Fatal error encountered parsing translation file "instadefuse.phrases.txt"
L 12/25/2021 - 03:22:37: [SM] Error (line 0, column 0): Stream failed to open
L 12/25/2021 - 03:22:38: [SM] Exception reported: Language phrase "Unranked" not found (arg 5)
L 12/25/2021 - 03:22:38: [SM] Blaming: ranks_matchmaking.smx
L 12/25/2021 - 03:22:38: [SM] Call stack trace:
L 12/25/2021 - 03:22:38: [SM]   [0] FormatEx
L 12/25/2021 - 03:22:39: [SM]   [1] Line 174, ranks_matchmaking.sp::GetRanksNames
L 12/25/2021 - 03:22:39: [SM]   [2] Line 169, ranks_matchmaking.sp::OnMapStart
L 12/25/2021 - 03:23:17: [SM] Exception reported: Language phrase "InstaDefuseSuccessful" not found (arg 5)
L 12/25/2021 - 03:23:17: [SM] Blaming: retakes-instadefuse.smx
L 12/25/2021 - 03:23:17: [SM] Call stack trace:
L 12/25/2021 - 03:23:17: [SM]   [0] PrintToChat
L 12/25/2021 - 03:23:17: [SM]   [1] Line 197, plugin.sp::AttemptInstantDefuse
L 12/25/2021 - 03:23:17: [SM]   [2] Line 104, plugin.sp::Event_BombBeginDefusePlusFrame
L 12/25/2021 - 03:23:43: [SM] Exception reported: Language phrase "InstaDefuseSuccessful" not found (arg 5)
L 12/25/2021 - 03:23:43: [SM] Blaming: retakes-instadefuse.smx
L 12/25/2021 - 03:23:43: [SM] Call stack trace:
L 12/25/2021 - 03:23:43: [SM]   [0] PrintToChat
L 12/25/2021 - 03:23:43: [SM]   [1] Line 197, plugin.sp::AttemptInstantDefuse
L 12/25/2021 - 03:23:43: [SM]   [2] Line 104, plugin.sp::Event_BombBeginDefusePlusFrame
L 12/25/2021 - 03:24:02: [SM] Exception reported: Language phrase "InstaDefuseSuccessful" not found (arg 5)
L 12/25/2021 - 03:24:02: [SM] Blaming: retakes-instadefuse.smx
L 12/25/2021 - 03:24:02: [SM] Call stack trace:
L 12/25/2021 - 03:24:02: [SM]   [0] PrintToChat
L 12/25/2021 - 03:24:02: [SM]   [1] Line 197, plugin.sp::AttemptInstantDefuse
L 12/25/2021 - 03:24:02: [SM]   [2] Line 104, plugin.sp::Event_BombBeginDefusePlusFrame
L 12/25/2021 - 03:24:49: [SM] Exception reported: Language phrase "InstaDefuseSuccessful" not found (arg 5)
L 12/25/2021 - 03:24:50: [SM] Blaming: retakes-instadefuse.smx
L 12/25/2021 - 03:24:50: [SM] Call stack trace:
L 12/25/2021 - 03:24:50: [SM]   [0] PrintToChat
L 12/25/2021 - 03:24:50: [SM]   [1] Line 197, plugin.sp::AttemptInstantDefuse
L 12/25/2021 - 03:24:50: [SM]   [2] Line 104, plugin.sp::Event_BombBeginDefusePlusFrame
L 12/25/2021 - 03:26:08: [SM] Exception reported: Language phrase "InstaDefuseSuccessful" not found (arg 5)
L 12/25/2021 - 03:26:08: [SM] Blaming: retakes-instadefuse.smx
L 12/25/2021 - 03:26:08: [SM] Call stack trace:
L 12/25/2021 - 03:26:08: [SM]   [0] PrintToChat
L 12/25/2021 - 03:26:08: [SM]   [1] Line 197, plugin.sp::AttemptInstantDefuse
L 12/25/2021 - 03:26:08: [SM]   [2] Line 104, plugin.sp::Event_BombBeginDefusePlusFrame
L 12/25/2021 - 03:26:28: [SM] Exception reported: Language phrase "InstaDefuseSuccessful" not found (arg 5)
L 12/25/2021 - 03:26:28: [SM] Blaming: retakes-instadefuse.smx
L 12/25/2021 - 03:26:28: [SM] Call stack trace:
L 12/25/2021 - 03:26:28: [SM]   [0] PrintToChat
L 12/25/2021 - 03:26:28: [SM]   [1] Line 197, plugin.sp::AttemptInstantDefuse
L 12/25/2021 - 03:26:28: [SM]   [2] Line 104, plugin.sp::Event_BombBeginDefusePlusFrame
L 12/25/2021 - 03:27:03: [SM] Exception reported: Language phrase "InstaDefuseSuccessful" not found (arg 5)
L 12/25/2021 - 03:27:03: [SM] Blaming: retakes-instadefuse.smx
L 12/25/2021 - 03:27:03: [SM] Call stack trace:
L 12/25/2021 - 03:27:03: [SM]   [0] PrintToChat
L 12/25/2021 - 03:27:03: [SM]   [1] Line 197, plugin.sp::AttemptInstantDefuse
L 12/25/2021 - 03:27:03: [SM]   [2] Line 104, plugin.sp::Event_BombBeginDefusePlusFrame
L 12/25/2021 - 03:27:20: [SM] Exception reported: Language phrase "InstaDefuseSuccessful" not found (arg 5)
L 12/25/2021 - 03:27:20: [SM] Blaming: retakes-instadefuse.smx
L 12/25/2021 - 03:27:20: [SM] Call stack trace:
L 12/25/2021 - 03:27:20: [SM]   [0] PrintToChat
L 12/25/2021 - 03:27:20: [SM]   [1] Line 197, plugin.sp::AttemptInstantDefuse
L 12/25/2021 - 03:27:20: [SM]   [2] Line 104, plugin.sp::Event_BombBeginDefusePlusFrame
L 12/25/2021 - 03:28:13: [SM] Exception reported: Language phrase "InstaDefuseSuccessful" not found (arg 5)
L 12/25/2021 - 03:28:13: [SM] Blaming: retakes-instadefuse.smx
L 12/25/2021 - 03:28:13: [SM] Call stack trace:
L 12/25/2021 - 03:28:13: [SM]   [0] PrintToChat
L 12/25/2021 - 03:28:13: [SM]   [1] Line 197, plugin.sp::AttemptInstantDefuse
L 12/25/2021 - 03:28:13: [SM]   [2] Line 104, plugin.sp::Event_BombBeginDefusePlusFrame
L 12/25/2021 - 03:28:44: [SM] Exception reported: Language phrase "InstaDefuseSuccessful" not found (arg 5)
L 12/25/2021 - 03:28:44: [SM] Blaming: retakes-instadefuse.smx
L 12/25/2021 - 03:28:44: [SM] Call stack trace:
L 12/25/2021 - 03:28:44: [SM]   [0] PrintToChat
L 12/25/2021 - 03:28:44: [SM]   [1] Line 197, plugin.sp::AttemptInstantDefuse
L 12/25/2021 - 03:28:44: [SM]   [2] Line 104, plugin.sp::Event_BombBeginDefusePlusFrame
L 12/25/2021 - 03:30:03: [SM] Exception reported: Language phrase "InstaDefuseSuccessful" not found (arg 5)
L 12/25/2021 - 03:30:03: [SM] Blaming: retakes-instadefuse.smx
L 12/25/2021 - 03:30:03: [SM] Call stack trace:
L 12/25/2021 - 03:30:03: [SM]   [0] PrintToChat
L 12/25/2021 - 03:30:03: [SM]   [1] Line 197, plugin.sp::AttemptInstantDefuse
L 12/25/2021 - 03:30:03: [SM]   [2] Line 104, plugin.sp::Event_BombBeginDefusePlusFrame
L 12/25/2021 - 03:30:18: [SM] Exception reported: Language phrase "InstaDefuseSuccessful" not found (arg 5)
L 12/25/2021 - 03:30:18: [SM] Blaming: retakes-instadefuse.smx
L 12/25/2021 - 03:30:18: [SM] Call stack trace:
L 12/25/2021 - 03:30:18: [SM]   [0] PrintToChat
L 12/25/2021 - 03:30:18: [SM]   [1] Line 197, plugin.sp::AttemptInstantDefuse
L 12/25/2021 - 03:30:18: [SM]   [2] Line 104, plugin.sp::Event_BombBeginDefusePlusFrame
L 12/25/2021 - 03:30:43: [SM] Exception reported: Language phrase "InstaDefuseSuccessful" not found (arg 5)
L 12/25/2021 - 03:30:43: [SM] Blaming: retakes-instadefuse.smx
L 12/25/2021 - 03:30:43: [SM] Call stack trace:
L 12/25/2021 - 03:30:43: [SM]   [0] PrintToChat
L 12/25/2021 - 03:30:43: [SM]   [1] Line 197, plugin.sp::AttemptInstantDefuse
L 12/25/2021 - 03:30:43: [SM]   [2] Line 104, plugin.sp::Event_BombBeginDefusePlusFrame
L 12/25/2021 - 03:31:04: [SM] Exception reported: Language phrase "InstaDefuseSuccessful" not found (arg 5)
L 12/25/2021 - 03:31:04: [SM] Blaming: retakes-instadefuse.smx
L 12/25/2021 - 03:31:04: [SM] Call stack trace:
L 12/25/2021 - 03:31:04: [SM]   [0] PrintToChat
L 12/25/2021 - 03:31:04: [SM]   [1] Line 197, plugin.sp::AttemptInstantDefuse
L 12/25/2021 - 03:31:04: [SM]   [2] Line 104, plugin.sp::Event_BombBeginDefusePlusFrame
