L 09/04/2021 - 23:09:31: SourceMod error session started
L 09/04/2021 - 23:09:31: Info (map "de_dust2") (file "E:\retake\csgoserver\csgo\addons\sourcemod\logs\errors_20210904.log")
L 09/04/2021 - 23:09:31: [SM] Unable to load plugin "bot_inventory.smx": Native "eItems_AreItemsSynced" was not found
L 09/04/2021 - 23:09:31: [SM] Unable to load plugin "bot_stuff.smx": Could not find required plugin "navmesh"
L 09/04/2021 - 23:09:33: [SM] Fatal error encountered parsing translation file "ranks_matchmaking.phrases.txt"
L 09/04/2021 - 23:09:33: [SM] Error (line 0, column 0): Stream failed to open
L 09/04/2021 - 23:09:33: [SM] Fatal error encountered parsing translation file "instadefuse.phrases.txt"
L 09/04/2021 - 23:09:33: [SM] Error (line 0, column 0): Stream failed to open
L 09/04/2021 - 23:09:50: [SM] Exception reported: Language phrase "Unranked" not found (arg 5)
L 09/04/2021 - 23:09:50: [SM] Blaming: ranks_matchmaking.smx
L 09/04/2021 - 23:09:50: [SM] Call stack trace:
L 09/04/2021 - 23:09:50: [SM]   [0] FormatEx
L 09/04/2021 - 23:09:50: [SM]   [1] Line 174, ranks_matchmaking.sp::GetRanksNames
L 09/04/2021 - 23:09:50: [SM]   [2] Line 169, ranks_matchmaking.sp::OnMapStart
L 09/04/2021 - 23:10:16: SourceMod error session started
L 09/04/2021 - 23:10:16: Info (map "de_dust2") (file "E:\retake\csgoserver\csgo\addons\sourcemod\logs\errors_20210904.log")
L 09/04/2021 - 23:10:16: [SM] Unable to load plugin "bot_inventory.smx": Native "eItems_AreItemsSynced" was not found
L 09/04/2021 - 23:10:16: [SM] Unable to load plugin "bot_stuff.smx": Could not find required plugin "navmesh"
L 09/04/2021 - 23:10:16: [SM] Fatal error encountered parsing translation file "ranks_matchmaking.phrases.txt"
L 09/04/2021 - 23:10:16: [SM] Error (line 0, column 0): Stream failed to open
L 09/04/2021 - 23:10:16: [SM] Fatal error encountered parsing translation file "instadefuse.phrases.txt"
L 09/04/2021 - 23:10:16: [SM] Error (line 0, column 0): Stream failed to open
L 09/04/2021 - 23:10:18: [SM] Exception reported: Language phrase "Unranked" not found (arg 5)
L 09/04/2021 - 23:10:18: [SM] Blaming: ranks_matchmaking.smx
L 09/04/2021 - 23:10:18: [SM] Call stack trace:
L 09/04/2021 - 23:10:18: [SM]   [0] FormatEx
L 09/04/2021 - 23:10:18: [SM]   [1] Line 174, ranks_matchmaking.sp::GetRanksNames
L 09/04/2021 - 23:10:18: [SM]   [2] Line 169, ranks_matchmaking.sp::OnMapStart
L 09/04/2021 - 23:11:05: Error log file session closed.
L 09/04/2021 - 23:11:05: SourceMod error session started
L 09/04/2021 - 23:11:05: Info (map "de_dust2") (file "E:\retake\csgoserver\csgo\addons\sourcemod\logs\errors_20210904.log")
L 09/04/2021 - 23:11:05: [SM] Fatal error encountered parsing translation file "ranks_matchmaking.phrases.txt"
L 09/04/2021 - 23:11:05: [SM] Error (line 0, column 0): Stream failed to open
L 09/04/2021 - 23:11:05: [SM] Fatal error encountered parsing translation file "instadefuse.phrases.txt"
L 09/04/2021 - 23:11:05: [SM] Error (line 0, column 0): Stream failed to open
L 09/04/2021 - 23:11:05: [SM] Exception reported: Language phrase "Unranked" not found (arg 5)
L 09/04/2021 - 23:11:05: [SM] Blaming: ranks_matchmaking.smx
L 09/04/2021 - 23:11:06: [SM] Call stack trace:
L 09/04/2021 - 23:11:06: [SM]   [0] FormatEx
L 09/04/2021 - 23:11:06: [SM]   [1] Line 174, ranks_matchmaking.sp::GetRanksNames
L 09/04/2021 - 23:11:06: [SM]   [2] Line 169, ranks_matchmaking.sp::OnMapStart
L 09/04/2021 - 23:11:07: [nextmap.smx] FATAL: Cannot load map cycle. Nextmap not loaded.
L 09/04/2021 - 23:11:07: [SM] Exception reported: Mapcycle Not Found
L 09/04/2021 - 23:11:07: [SM] Blaming: nextmap.smx
L 09/04/2021 - 23:11:07: [SM] Call stack trace:
L 09/04/2021 - 23:11:07: [SM]   [0] SetFailState
L 09/04/2021 - 23:11:07: [SM]   [1] Line 143, D:\builds\build-sourcemod-msvc12\windows-1.11\build\plugins\nextmap.sp::FindAndSetNextMap
L 09/04/2021 - 23:11:07: [SM]   [2] Line 113, D:\builds\build-sourcemod-msvc12\windows-1.11\build\plugins\nextmap.sp::OnConfigsExecuted
L 09/04/2021 - 23:15:16: Error log file session closed.
L 09/04/2021 - 23:15:16: SourceMod error session started
L 09/04/2021 - 23:15:16: Info (map "de_dust2") (file "E:\retake\csgoserver\csgo\addons\sourcemod\logs\errors_20210904.log")
L 09/04/2021 - 23:15:16: [SM] Fatal error encountered parsing translation file "ranks_matchmaking.phrases.txt"
L 09/04/2021 - 23:15:16: [SM] Error (line 0, column 0): Stream failed to open
L 09/04/2021 - 23:15:16: [SM] Fatal error encountered parsing translation file "instadefuse.phrases.txt"
L 09/04/2021 - 23:15:16: [SM] Error (line 0, column 0): Stream failed to open
L 09/04/2021 - 23:15:17: [SM] Exception reported: Language phrase "Unranked" not found (arg 5)
L 09/04/2021 - 23:15:17: [SM] Blaming: ranks_matchmaking.smx
L 09/04/2021 - 23:15:17: [SM] Call stack trace:
L 09/04/2021 - 23:15:17: [SM]   [0] FormatEx
L 09/04/2021 - 23:15:17: [SM]   [1] Line 174, ranks_matchmaking.sp::GetRanksNames
L 09/04/2021 - 23:15:17: [SM]   [2] Line 169, ranks_matchmaking.sp::OnMapStart
L 09/04/2021 - 23:15:18: [nextmap.smx] FATAL: Cannot load map cycle. Nextmap not loaded.
L 09/04/2021 - 23:15:18: [SM] Exception reported: Mapcycle Not Found
L 09/04/2021 - 23:15:18: [SM] Blaming: nextmap.smx
L 09/04/2021 - 23:15:18: [SM] Call stack trace:
L 09/04/2021 - 23:15:18: [SM]   [0] SetFailState
L 09/04/2021 - 23:15:18: [SM]   [1] Line 143, D:\builds\build-sourcemod-msvc12\windows-1.11\build\plugins\nextmap.sp::FindAndSetNextMap
L 09/04/2021 - 23:15:18: [SM]   [2] Line 113, D:\builds\build-sourcemod-msvc12\windows-1.11\build\plugins\nextmap.sp::OnConfigsExecuted
L 09/04/2021 - 23:15:41: [SM] Exception reported: Client 5 is not connected
L 09/04/2021 - 23:15:41: [SM] Blaming: kento_rankme.smx
L 09/04/2021 - 23:15:41: [SM] Call stack trace:
L 09/04/2021 - 23:15:41: [SM]   [0] GetClientName
L 09/04/2021 - 23:15:41: [SM]   [1] Line 1837, D:\csgoserver\csgo\addons\sourcemod\scripting\kento_rankme.sp::RankConnectCallback
L 09/04/2021 - 23:15:41: [SM]   [3] Call_Finish
L 09/04/2021 - 23:15:41: [SM]   [4] Line 175, D:\csgoserver\csgo\addons\sourcemod\scripting\include\kento_rankme/natives.inc::CallRankCallback
L 09/04/2021 - 23:15:41: [SM]   [5] Line 155, D:\csgoserver\csgo\addons\sourcemod\scripting\include\kento_rankme/natives.inc::SQL_GetRankCallback
L 09/04/2021 - 23:23:11: [SM] Exception reported: Language phrase "InstaDefuseSuccessful" not found (arg 5)
L 09/04/2021 - 23:23:11: [SM] Blaming: retakes-instadefuse.smx
L 09/04/2021 - 23:23:11: [SM] Call stack trace:
L 09/04/2021 - 23:23:11: [SM]   [0] PrintToChat
L 09/04/2021 - 23:23:11: [SM]   [1] Line 197, plugin.sp::AttemptInstantDefuse
L 09/04/2021 - 23:23:11: [SM]   [2] Line 104, plugin.sp::Event_BombBeginDefusePlusFrame
L 09/04/2021 - 23:23:13: [SM] Exception reported: Language phrase "InstaDefuseSuccessful" not found (arg 5)
L 09/04/2021 - 23:23:13: [SM] Blaming: retakes-instadefuse.smx
L 09/04/2021 - 23:23:13: [SM] Call stack trace:
L 09/04/2021 - 23:23:13: [SM]   [0] PrintToChat
L 09/04/2021 - 23:23:13: [SM]   [1] Line 197, plugin.sp::AttemptInstantDefuse
L 09/04/2021 - 23:23:13: [SM]   [2] Line 104, plugin.sp::Event_BombBeginDefusePlusFrame
L 09/04/2021 - 23:25:35: [SM] Exception reported: Language phrase "InstaDefuseSuccessful" not found (arg 5)
L 09/04/2021 - 23:25:35: [SM] Blaming: retakes-instadefuse.smx
L 09/04/2021 - 23:25:35: [SM] Call stack trace:
L 09/04/2021 - 23:25:35: [SM]   [0] PrintToChat
L 09/04/2021 - 23:25:35: [SM]   [1] Line 197, plugin.sp::AttemptInstantDefuse
L 09/04/2021 - 23:25:35: [SM]   [2] Line 104, plugin.sp::Event_BombBeginDefusePlusFrame
L 09/04/2021 - 23:26:34: [SM] Exception reported: Language phrase "InstaDefuseSuccessful" not found (arg 5)
L 09/04/2021 - 23:26:34: [SM] Blaming: retakes-instadefuse.smx
L 09/04/2021 - 23:26:34: [SM] Call stack trace:
L 09/04/2021 - 23:26:34: [SM]   [0] PrintToChat
L 09/04/2021 - 23:26:34: [SM]   [1] Line 197, plugin.sp::AttemptInstantDefuse
L 09/04/2021 - 23:26:34: [SM]   [2] Line 104, plugin.sp::Event_BombBeginDefusePlusFrame
L 09/04/2021 - 23:27:26: [SM] Exception reported: Language phrase "InstaDefuseSuccessful" not found (arg 5)
L 09/04/2021 - 23:27:26: [SM] Blaming: retakes-instadefuse.smx
L 09/04/2021 - 23:27:26: [SM] Call stack trace:
L 09/04/2021 - 23:27:26: [SM]   [0] PrintToChat
L 09/04/2021 - 23:27:26: [SM]   [1] Line 197, plugin.sp::AttemptInstantDefuse
L 09/04/2021 - 23:27:26: [SM]   [2] Line 104, plugin.sp::Event_BombBeginDefusePlusFrame
L 09/04/2021 - 23:27:45: [SM] Exception reported: Language phrase "InstaDefuseSuccessful" not found (arg 5)
L 09/04/2021 - 23:27:45: [SM] Blaming: retakes-instadefuse.smx
L 09/04/2021 - 23:27:45: [SM] Call stack trace:
L 09/04/2021 - 23:27:45: [SM]   [0] PrintToChat
L 09/04/2021 - 23:27:45: [SM]   [1] Line 197, plugin.sp::AttemptInstantDefuse
L 09/04/2021 - 23:27:45: [SM]   [2] Line 104, plugin.sp::Event_BombBeginDefusePlusFrame
L 09/04/2021 - 23:29:44: [SM] Exception reported: Language phrase "InstaDefuseSuccessful" not found (arg 5)
L 09/04/2021 - 23:29:44: [SM] Blaming: retakes-instadefuse.smx
L 09/04/2021 - 23:29:44: [SM] Call stack trace:
L 09/04/2021 - 23:29:44: [SM]   [0] PrintToChat
L 09/04/2021 - 23:29:44: [SM]   [1] Line 197, plugin.sp::AttemptInstantDefuse
L 09/04/2021 - 23:29:44: [SM]   [2] Line 104, plugin.sp::Event_BombBeginDefusePlusFrame
L 09/04/2021 - 23:30:19: [SM] Exception reported: Language phrase "InstaDefuseSuccessful" not found (arg 5)
L 09/04/2021 - 23:30:19: [SM] Blaming: retakes-instadefuse.smx
L 09/04/2021 - 23:30:19: [SM] Call stack trace:
L 09/04/2021 - 23:30:19: [SM]   [0] PrintToChat
L 09/04/2021 - 23:30:19: [SM]   [1] Line 197, plugin.sp::AttemptInstantDefuse
L 09/04/2021 - 23:30:19: [SM]   [2] Line 104, plugin.sp::Event_BombBeginDefusePlusFrame
L 09/04/2021 - 23:30:46: [SM] Exception reported: Language phrase "InstaDefuseSuccessful" not found (arg 5)
L 09/04/2021 - 23:30:46: [SM] Blaming: retakes-instadefuse.smx
L 09/04/2021 - 23:30:46: [SM] Call stack trace:
L 09/04/2021 - 23:30:46: [SM]   [0] PrintToChat
L 09/04/2021 - 23:30:46: [SM]   [1] Line 197, plugin.sp::AttemptInstantDefuse
L 09/04/2021 - 23:30:46: [SM]   [2] Line 104, plugin.sp::Event_BombBeginDefusePlusFrame
L 09/04/2021 - 23:31:06: [SM] Exception reported: Language phrase "InstaDefuseSuccessful" not found (arg 5)
L 09/04/2021 - 23:31:06: [SM] Blaming: retakes-instadefuse.smx
L 09/04/2021 - 23:31:06: [SM] Call stack trace:
L 09/04/2021 - 23:31:06: [SM]   [0] PrintToChat
L 09/04/2021 - 23:31:06: [SM]   [1] Line 197, plugin.sp::AttemptInstantDefuse
L 09/04/2021 - 23:31:06: [SM]   [2] Line 104, plugin.sp::Event_BombBeginDefusePlusFrame
L 09/04/2021 - 23:31:21: [SM] Exception reported: Language phrase "InstaDefuseSuccessful" not found (arg 5)
L 09/04/2021 - 23:31:21: [SM] Blaming: retakes-instadefuse.smx
L 09/04/2021 - 23:31:21: [SM] Call stack trace:
L 09/04/2021 - 23:31:21: [SM]   [0] PrintToChat
L 09/04/2021 - 23:31:21: [SM]   [1] Line 197, plugin.sp::AttemptInstantDefuse
L 09/04/2021 - 23:31:21: [SM]   [2] Line 104, plugin.sp::Event_BombBeginDefusePlusFrame
L 09/04/2021 - 23:31:38: [SM] Exception reported: Language phrase "InstaDefuseSuccessful" not found (arg 5)
L 09/04/2021 - 23:31:38: [SM] Blaming: retakes-instadefuse.smx
L 09/04/2021 - 23:31:38: [SM] Call stack trace:
L 09/04/2021 - 23:31:38: [SM]   [0] PrintToChat
L 09/04/2021 - 23:31:38: [SM]   [1] Line 197, plugin.sp::AttemptInstantDefuse
L 09/04/2021 - 23:31:38: [SM]   [2] Line 104, plugin.sp::Event_BombBeginDefusePlusFrame
L 09/04/2021 - 23:32:06: [SM] Exception reported: Language phrase "InstaDefuseSuccessful" not found (arg 5)
L 09/04/2021 - 23:32:06: [SM] Blaming: retakes-instadefuse.smx
L 09/04/2021 - 23:32:06: [SM] Call stack trace:
L 09/04/2021 - 23:32:06: [SM]   [0] PrintToChat
L 09/04/2021 - 23:32:06: [SM]   [1] Line 197, plugin.sp::AttemptInstantDefuse
L 09/04/2021 - 23:32:06: [SM]   [2] Line 104, plugin.sp::Event_BombBeginDefusePlusFrame
L 09/04/2021 - 23:32:30: [SM] Exception reported: Language phrase "InstaDefuseSuccessful" not found (arg 5)
L 09/04/2021 - 23:32:30: [SM] Blaming: retakes-instadefuse.smx
L 09/04/2021 - 23:32:30: [SM] Call stack trace:
L 09/04/2021 - 23:32:30: [SM]   [0] PrintToChat
L 09/04/2021 - 23:32:30: [SM]   [1] Line 197, plugin.sp::AttemptInstantDefuse
L 09/04/2021 - 23:32:30: [SM]   [2] Line 104, plugin.sp::Event_BombBeginDefusePlusFrame
L 09/04/2021 - 23:33:34: [SM] Exception reported: Language phrase "InstaDefuseSuccessful" not found (arg 5)
L 09/04/2021 - 23:33:34: [SM] Blaming: retakes-instadefuse.smx
L 09/04/2021 - 23:33:34: [SM] Call stack trace:
L 09/04/2021 - 23:33:34: [SM]   [0] PrintToChat
L 09/04/2021 - 23:33:34: [SM]   [1] Line 197, plugin.sp::AttemptInstantDefuse
L 09/04/2021 - 23:33:34: [SM]   [2] Line 104, plugin.sp::Event_BombBeginDefusePlusFrame
L 09/04/2021 - 23:33:56: [SM] Exception reported: Language phrase "InstaDefuseSuccessful" not found (arg 5)
L 09/04/2021 - 23:33:56: [SM] Blaming: retakes-instadefuse.smx
L 09/04/2021 - 23:33:56: [SM] Call stack trace:
L 09/04/2021 - 23:33:56: [SM]   [0] PrintToChat
L 09/04/2021 - 23:33:56: [SM]   [1] Line 197, plugin.sp::AttemptInstantDefuse
L 09/04/2021 - 23:33:56: [SM]   [2] Line 104, plugin.sp::Event_BombBeginDefusePlusFrame
L 09/04/2021 - 23:34:18: [SM] Exception reported: Language phrase "InstaDefuseSuccessful" not found (arg 5)
L 09/04/2021 - 23:34:18: [SM] Blaming: retakes-instadefuse.smx
L 09/04/2021 - 23:34:18: [SM] Call stack trace:
L 09/04/2021 - 23:34:18: [SM]   [0] PrintToChat
L 09/04/2021 - 23:34:18: [SM]   [1] Line 197, plugin.sp::AttemptInstantDefuse
L 09/04/2021 - 23:34:18: [SM]   [2] Line 104, plugin.sp::Event_BombBeginDefusePlusFrame
L 09/04/2021 - 23:34:35: [SM] Exception reported: Language phrase "InstaDefuseSuccessful" not found (arg 5)
L 09/04/2021 - 23:34:35: [SM] Blaming: retakes-instadefuse.smx
L 09/04/2021 - 23:34:35: [SM] Call stack trace:
L 09/04/2021 - 23:34:35: [SM]   [0] PrintToChat
L 09/04/2021 - 23:34:35: [SM]   [1] Line 197, plugin.sp::AttemptInstantDefuse
L 09/04/2021 - 23:34:35: [SM]   [2] Line 104, plugin.sp::Event_BombBeginDefusePlusFrame
L 09/04/2021 - 23:34:50: [SM] Exception reported: Language phrase "InstaDefuseSuccessful" not found (arg 5)
L 09/04/2021 - 23:34:50: [SM] Blaming: retakes-instadefuse.smx
L 09/04/2021 - 23:34:50: [SM] Call stack trace:
L 09/04/2021 - 23:34:50: [SM]   [0] PrintToChat
L 09/04/2021 - 23:34:50: [SM]   [1] Line 197, plugin.sp::AttemptInstantDefuse
L 09/04/2021 - 23:34:50: [SM]   [2] Line 104, plugin.sp::Event_BombBeginDefusePlusFrame
L 09/04/2021 - 23:35:18: [SM] Exception reported: Language phrase "InstaDefuseSuccessful" not found (arg 5)
L 09/04/2021 - 23:35:18: [SM] Blaming: retakes-instadefuse.smx
L 09/04/2021 - 23:35:18: [SM] Call stack trace:
L 09/04/2021 - 23:35:18: [SM]   [0] PrintToChat
L 09/04/2021 - 23:35:18: [SM]   [1] Line 197, plugin.sp::AttemptInstantDefuse
L 09/04/2021 - 23:35:18: [SM]   [2] Line 104, plugin.sp::Event_BombBeginDefusePlusFrame
L 09/04/2021 - 23:36:10: [SM] Exception reported: Language phrase "InstaDefuseSuccessful" not found (arg 5)
L 09/04/2021 - 23:36:10: [SM] Blaming: retakes-instadefuse.smx
L 09/04/2021 - 23:36:10: [SM] Call stack trace:
L 09/04/2021 - 23:36:10: [SM]   [0] PrintToChat
L 09/04/2021 - 23:36:10: [SM]   [1] Line 197, plugin.sp::AttemptInstantDefuse
L 09/04/2021 - 23:36:10: [SM]   [2] Line 104, plugin.sp::Event_BombBeginDefusePlusFrame
L 09/04/2021 - 23:36:11: [SM] Exception reported: Language phrase "InstaDefuseSuccessful" not found (arg 5)
L 09/04/2021 - 23:36:11: [SM] Blaming: retakes-instadefuse.smx
L 09/04/2021 - 23:36:11: [SM] Call stack trace:
L 09/04/2021 - 23:36:11: [SM]   [0] PrintToChat
L 09/04/2021 - 23:36:11: [SM]   [1] Line 197, plugin.sp::AttemptInstantDefuse
L 09/04/2021 - 23:36:11: [SM]   [2] Line 104, plugin.sp::Event_BombBeginDefusePlusFrame
L 09/04/2021 - 23:36:12: [SM] Exception reported: Language phrase "InstaDefuseSuccessful" not found (arg 5)
L 09/04/2021 - 23:36:12: [SM] Blaming: retakes-instadefuse.smx
L 09/04/2021 - 23:36:12: [SM] Call stack trace:
L 09/04/2021 - 23:36:12: [SM]   [0] PrintToChat
L 09/04/2021 - 23:36:12: [SM]   [1] Line 197, plugin.sp::AttemptInstantDefuse
L 09/04/2021 - 23:36:12: [SM]   [2] Line 104, plugin.sp::Event_BombBeginDefusePlusFrame
L 09/04/2021 - 23:36:34: [SM] Exception reported: Language phrase "InstaDefuseSuccessful" not found (arg 5)
L 09/04/2021 - 23:36:34: [SM] Blaming: retakes-instadefuse.smx
L 09/04/2021 - 23:36:34: [SM] Call stack trace:
L 09/04/2021 - 23:36:34: [SM]   [0] PrintToChat
L 09/04/2021 - 23:36:34: [SM]   [1] Line 197, plugin.sp::AttemptInstantDefuse
L 09/04/2021 - 23:36:34: [SM]   [2] Line 104, plugin.sp::Event_BombBeginDefusePlusFrame
L 09/04/2021 - 23:36:55: [SM] Exception reported: Language phrase "LiveNadeSomewhere" not found (arg 5)
L 09/04/2021 - 23:36:55: [SM] Blaming: retakes-instadefuse.smx
L 09/04/2021 - 23:36:55: [SM] Call stack trace:
L 09/04/2021 - 23:36:55: [SM]   [0] PrintToChat
L 09/04/2021 - 23:36:55: [SM]   [1] Line 168, plugin.sp::AttemptInstantDefuse
L 09/04/2021 - 23:36:55: [SM]   [2] Line 104, plugin.sp::Event_BombBeginDefusePlusFrame
L 09/04/2021 - 23:37:15: [SM] Exception reported: Language phrase "InstaDefuseSuccessful" not found (arg 5)
L 09/04/2021 - 23:37:15: [SM] Blaming: retakes-instadefuse.smx
L 09/04/2021 - 23:37:15: [SM] Call stack trace:
L 09/04/2021 - 23:37:15: [SM]   [0] PrintToChat
L 09/04/2021 - 23:37:15: [SM]   [1] Line 197, plugin.sp::AttemptInstantDefuse
L 09/04/2021 - 23:37:15: [SM]   [2] Line 104, plugin.sp::Event_BombBeginDefusePlusFrame
L 09/04/2021 - 23:37:43: [SM] Exception reported: Language phrase "InstaDefuseSuccessful" not found (arg 5)
L 09/04/2021 - 23:37:43: [SM] Blaming: retakes-instadefuse.smx
L 09/04/2021 - 23:37:43: [SM] Call stack trace:
L 09/04/2021 - 23:37:43: [SM]   [0] PrintToChat
L 09/04/2021 - 23:37:43: [SM]   [1] Line 197, plugin.sp::AttemptInstantDefuse
L 09/04/2021 - 23:37:43: [SM]   [2] Line 104, plugin.sp::Event_BombBeginDefusePlusFrame
L 09/04/2021 - 23:37:58: [SM] Exception reported: Language phrase "LiveNadeSomewhere" not found (arg 5)
L 09/04/2021 - 23:37:58: [SM] Blaming: retakes-instadefuse.smx
L 09/04/2021 - 23:37:58: [SM] Call stack trace:
L 09/04/2021 - 23:37:58: [SM]   [0] PrintToChat
L 09/04/2021 - 23:37:58: [SM]   [1] Line 168, plugin.sp::AttemptInstantDefuse
L 09/04/2021 - 23:37:58: [SM]   [2] Line 104, plugin.sp::Event_BombBeginDefusePlusFrame
L 09/04/2021 - 23:38:41: [SM] Exception reported: Language phrase "InstaDefuseUnsuccessful" not found (arg 5)
L 09/04/2021 - 23:38:41: [SM] Blaming: retakes-instadefuse.smx
L 09/04/2021 - 23:38:41: [SM] Call stack trace:
L 09/04/2021 - 23:38:41: [SM]   [0] PrintToChat
L 09/04/2021 - 23:38:41: [SM]   [1] Line 143, plugin.sp::AttemptInstantDefuse
L 09/04/2021 - 23:38:41: [SM]   [2] Line 104, plugin.sp::Event_BombBeginDefusePlusFrame
L 09/04/2021 - 23:39:37: [SM] Exception reported: Language phrase "InstaDefuseSuccessful" not found (arg 5)
L 09/04/2021 - 23:39:37: [SM] Blaming: retakes-instadefuse.smx
L 09/04/2021 - 23:39:37: [SM] Call stack trace:
L 09/04/2021 - 23:39:37: [SM]   [0] PrintToChat
L 09/04/2021 - 23:39:37: [SM]   [1] Line 197, plugin.sp::AttemptInstantDefuse
L 09/04/2021 - 23:39:37: [SM]   [2] Line 104, plugin.sp::Event_BombBeginDefusePlusFrame
L 09/04/2021 - 23:40:10: [SM] Exception reported: Language phrase "InstaDefuseSuccessful" not found (arg 5)
L 09/04/2021 - 23:40:10: [SM] Blaming: retakes-instadefuse.smx
L 09/04/2021 - 23:40:10: [SM] Call stack trace:
L 09/04/2021 - 23:40:10: [SM]   [0] PrintToChat
L 09/04/2021 - 23:40:10: [SM]   [1] Line 197, plugin.sp::AttemptInstantDefuse
L 09/04/2021 - 23:40:10: [SM]   [2] Line 104, plugin.sp::Event_BombBeginDefusePlusFrame
L 09/04/2021 - 23:40:52: [SM] Exception reported: Language phrase "InstaDefuseSuccessful" not found (arg 5)
L 09/04/2021 - 23:40:52: [SM] Blaming: retakes-instadefuse.smx
L 09/04/2021 - 23:40:52: [SM] Call stack trace:
L 09/04/2021 - 23:40:52: [SM]   [0] PrintToChat
L 09/04/2021 - 23:40:52: [SM]   [1] Line 197, plugin.sp::AttemptInstantDefuse
L 09/04/2021 - 23:40:52: [SM]   [2] Line 104, plugin.sp::Event_BombBeginDefusePlusFrame
L 09/04/2021 - 23:40:57: [SM] Exception reported: Language phrase "InstaDefuseSuccessful" not found (arg 5)
L 09/04/2021 - 23:40:57: [SM] Blaming: retakes-instadefuse.smx
L 09/04/2021 - 23:40:57: [SM] Call stack trace:
L 09/04/2021 - 23:40:57: [SM]   [0] PrintToChat
L 09/04/2021 - 23:40:57: [SM]   [1] Line 197, plugin.sp::AttemptInstantDefuse
L 09/04/2021 - 23:40:57: [SM]   [2] Line 104, plugin.sp::Event_BombBeginDefusePlusFrame
L 09/04/2021 - 23:40:58: [SM] Exception reported: Language phrase "InstaDefuseSuccessful" not found (arg 5)
L 09/04/2021 - 23:40:58: [SM] Blaming: retakes-instadefuse.smx
L 09/04/2021 - 23:40:58: [SM] Call stack trace:
L 09/04/2021 - 23:40:58: [SM]   [0] PrintToChat
L 09/04/2021 - 23:40:58: [SM]   [1] Line 197, plugin.sp::AttemptInstantDefuse
L 09/04/2021 - 23:40:58: [SM]   [2] Line 104, plugin.sp::Event_BombBeginDefusePlusFrame
L 09/04/2021 - 23:40:58: [SM] Exception reported: Language phrase "InstaDefuseSuccessful" not found (arg 5)
L 09/04/2021 - 23:40:58: [SM] Blaming: retakes-instadefuse.smx
L 09/04/2021 - 23:40:58: [SM] Call stack trace:
L 09/04/2021 - 23:40:58: [SM]   [0] PrintToChat
L 09/04/2021 - 23:40:58: [SM]   [1] Line 197, plugin.sp::AttemptInstantDefuse
L 09/04/2021 - 23:40:58: [SM]   [2] Line 104, plugin.sp::Event_BombBeginDefusePlusFrame
L 09/04/2021 - 23:40:59: [SM] Exception reported: Language phrase "InstaDefuseSuccessful" not found (arg 5)
L 09/04/2021 - 23:40:59: [SM] Blaming: retakes-instadefuse.smx
L 09/04/2021 - 23:40:59: [SM] Call stack trace:
L 09/04/2021 - 23:40:59: [SM]   [0] PrintToChat
L 09/04/2021 - 23:40:59: [SM]   [1] Line 197, plugin.sp::AttemptInstantDefuse
L 09/04/2021 - 23:40:59: [SM]   [2] Line 104, plugin.sp::Event_BombBeginDefusePlusFrame
L 09/04/2021 - 23:41:01: [SM] Exception reported: Language phrase "InstaDefuseSuccessful" not found (arg 5)
L 09/04/2021 - 23:41:01: [SM] Blaming: retakes-instadefuse.smx
L 09/04/2021 - 23:41:01: [SM] Call stack trace:
L 09/04/2021 - 23:41:01: [SM]   [0] PrintToChat
L 09/04/2021 - 23:41:01: [SM]   [1] Line 197, plugin.sp::AttemptInstantDefuse
L 09/04/2021 - 23:41:01: [SM]   [2] Line 104, plugin.sp::Event_BombBeginDefusePlusFrame
L 09/04/2021 - 23:41:23: [SM] Exception reported: Language phrase "InstaDefuseSuccessful" not found (arg 5)
L 09/04/2021 - 23:41:23: [SM] Blaming: retakes-instadefuse.smx
L 09/04/2021 - 23:41:23: [SM] Call stack trace:
L 09/04/2021 - 23:41:23: [SM]   [0] PrintToChat
L 09/04/2021 - 23:41:23: [SM]   [1] Line 197, plugin.sp::AttemptInstantDefuse
L 09/04/2021 - 23:41:23: [SM]   [2] Line 104, plugin.sp::Event_BombBeginDefusePlusFrame
L 09/04/2021 - 23:43:08: [SM] Exception reported: Language phrase "InstaDefuseSuccessful" not found (arg 5)
L 09/04/2021 - 23:43:08: [SM] Blaming: retakes-instadefuse.smx
L 09/04/2021 - 23:43:08: [SM] Call stack trace:
L 09/04/2021 - 23:43:08: [SM]   [0] PrintToChat
L 09/04/2021 - 23:43:08: [SM]   [1] Line 197, plugin.sp::AttemptInstantDefuse
L 09/04/2021 - 23:43:08: [SM]   [2] Line 104, plugin.sp::Event_BombBeginDefusePlusFrame
L 09/04/2021 - 23:43:26: [SM] Exception reported: Language phrase "InstaDefuseSuccessful" not found (arg 5)
L 09/04/2021 - 23:43:26: [SM] Blaming: retakes-instadefuse.smx
L 09/04/2021 - 23:43:26: [SM] Call stack trace:
L 09/04/2021 - 23:43:26: [SM]   [0] PrintToChat
L 09/04/2021 - 23:43:26: [SM]   [1] Line 197, plugin.sp::AttemptInstantDefuse
L 09/04/2021 - 23:43:26: [SM]   [2] Line 104, plugin.sp::Event_BombBeginDefusePlusFrame
L 09/04/2021 - 23:43:48: [SM] Exception reported: Language phrase "InstaDefuseSuccessful" not found (arg 5)
L 09/04/2021 - 23:43:48: [SM] Blaming: retakes-instadefuse.smx
L 09/04/2021 - 23:43:48: [SM] Call stack trace:
L 09/04/2021 - 23:43:48: [SM]   [0] PrintToChat
L 09/04/2021 - 23:43:48: [SM]   [1] Line 197, plugin.sp::AttemptInstantDefuse
L 09/04/2021 - 23:43:48: [SM]   [2] Line 104, plugin.sp::Event_BombBeginDefusePlusFrame
L 09/04/2021 - 23:44:03: [SM] Exception reported: Language phrase "InstaDefuseSuccessful" not found (arg 5)
L 09/04/2021 - 23:44:03: [SM] Blaming: retakes-instadefuse.smx
L 09/04/2021 - 23:44:03: [SM] Call stack trace:
L 09/04/2021 - 23:44:03: [SM]   [0] PrintToChat
L 09/04/2021 - 23:44:03: [SM]   [1] Line 197, plugin.sp::AttemptInstantDefuse
L 09/04/2021 - 23:44:03: [SM]   [2] Line 104, plugin.sp::Event_BombBeginDefusePlusFrame
L 09/04/2021 - 23:44:22: [SM] Exception reported: Language phrase "InstaDefuseSuccessful" not found (arg 5)
L 09/04/2021 - 23:44:22: [SM] Blaming: retakes-instadefuse.smx
L 09/04/2021 - 23:44:22: [SM] Call stack trace:
L 09/04/2021 - 23:44:22: [SM]   [0] PrintToChat
L 09/04/2021 - 23:44:22: [SM]   [1] Line 197, plugin.sp::AttemptInstantDefuse
L 09/04/2021 - 23:44:22: [SM]   [2] Line 104, plugin.sp::Event_BombBeginDefusePlusFrame
L 09/04/2021 - 23:44:37: [SM] Exception reported: Language phrase "InstaDefuseSuccessful" not found (arg 5)
L 09/04/2021 - 23:44:37: [SM] Blaming: retakes-instadefuse.smx
L 09/04/2021 - 23:44:37: [SM] Call stack trace:
L 09/04/2021 - 23:44:37: [SM]   [0] PrintToChat
L 09/04/2021 - 23:44:37: [SM]   [1] Line 197, plugin.sp::AttemptInstantDefuse
L 09/04/2021 - 23:44:37: [SM]   [2] Line 104, plugin.sp::Event_BombBeginDefusePlusFrame
L 09/04/2021 - 23:44:58: [SM] Exception reported: Language phrase "InstaDefuseSuccessful" not found (arg 5)
L 09/04/2021 - 23:44:58: [SM] Blaming: retakes-instadefuse.smx
L 09/04/2021 - 23:44:58: [SM] Call stack trace:
L 09/04/2021 - 23:44:58: [SM]   [0] PrintToChat
L 09/04/2021 - 23:44:58: [SM]   [1] Line 197, plugin.sp::AttemptInstantDefuse
L 09/04/2021 - 23:44:58: [SM]   [2] Line 104, plugin.sp::Event_BombBeginDefusePlusFrame
L 09/04/2021 - 23:45:16: [SM] Exception reported: Language phrase "InstaDefuseSuccessful" not found (arg 5)
L 09/04/2021 - 23:45:16: [SM] Blaming: retakes-instadefuse.smx
L 09/04/2021 - 23:45:16: [SM] Call stack trace:
L 09/04/2021 - 23:45:16: [SM]   [0] PrintToChat
L 09/04/2021 - 23:45:16: [SM]   [1] Line 197, plugin.sp::AttemptInstantDefuse
L 09/04/2021 - 23:45:16: [SM]   [2] Line 104, plugin.sp::Event_BombBeginDefusePlusFrame
L 09/04/2021 - 23:45:34: [SM] Exception reported: Language phrase "InstaDefuseSuccessful" not found (arg 5)
L 09/04/2021 - 23:45:34: [SM] Blaming: retakes-instadefuse.smx
L 09/04/2021 - 23:45:34: [SM] Call stack trace:
L 09/04/2021 - 23:45:34: [SM]   [0] PrintToChat
L 09/04/2021 - 23:45:34: [SM]   [1] Line 197, plugin.sp::AttemptInstantDefuse
L 09/04/2021 - 23:45:34: [SM]   [2] Line 104, plugin.sp::Event_BombBeginDefusePlusFrame
L 09/04/2021 - 23:45:54: [SM] Exception reported: Language phrase "InstaDefuseSuccessful" not found (arg 5)
L 09/04/2021 - 23:45:54: [SM] Blaming: retakes-instadefuse.smx
L 09/04/2021 - 23:45:54: [SM] Call stack trace:
L 09/04/2021 - 23:45:54: [SM]   [0] PrintToChat
L 09/04/2021 - 23:45:54: [SM]   [1] Line 197, plugin.sp::AttemptInstantDefuse
L 09/04/2021 - 23:45:54: [SM]   [2] Line 104, plugin.sp::Event_BombBeginDefusePlusFrame
