L 01/16/2022 - 23:20:34: SourceMod error session started
L 01/16/2022 - 23:20:34: Info (map "de_mirage") (file "E:\retake\csgoserver\csgo\addons\sourcemod\logs\errors_20220116.log")
L 01/16/2022 - 23:20:34: [SM] Unable to load extension "PhysHooks.ext": Could not find patch signature for symbol: Physics_RunThinkFunctions
L 01/16/2022 - 23:20:36: [SM] Unable to load plugin "bot_inventory.smx": Native "eItems_AreItemsSynced" was not found
L 01/16/2022 - 23:20:36: [SM] Unable to load plugin "bot_stuff.smx": Could not find required plugin "navmesh"
L 01/16/2022 - 23:20:37: [SM] Unable to load plugin "LagCompensation.smx": Required extension "PhysHooks" file("PhysHooks.ext") not running
L 01/16/2022 - 23:20:38: [SM] Fatal error encountered parsing translation file "ranks_matchmaking.phrases.txt"
L 01/16/2022 - 23:20:38: [SM] Error (line 0, column 0): Stream failed to open
L 01/16/2022 - 23:20:39: [SM] Fatal error encountered parsing translation file "instadefuse.phrases.txt"
L 01/16/2022 - 23:20:39: [SM] Error (line 0, column 0): Stream failed to open
L 01/16/2022 - 23:20:59: [SM] Exception reported: Language phrase "Unranked" not found (arg 5)
L 01/16/2022 - 23:20:59: [SM] Blaming: ranks_matchmaking.smx
L 01/16/2022 - 23:20:59: [SM] Call stack trace:
L 01/16/2022 - 23:20:59: [SM]   [0] FormatEx
L 01/16/2022 - 23:20:59: [SM]   [1] Line 174, ranks_matchmaking.sp::GetRanksNames
L 01/16/2022 - 23:20:59: [SM]   [2] Line 169, ranks_matchmaking.sp::OnMapStart
L 01/16/2022 - 23:21:33: Error log file session closed.
L 01/16/2022 - 23:21:33: SourceMod error session started
L 01/16/2022 - 23:21:33: Info (map "de_mirage") (file "E:\retake\csgoserver\csgo\addons\sourcemod\logs\errors_20220116.log")
L 01/16/2022 - 23:21:33: [SM] Fatal error encountered parsing translation file "ranks_matchmaking.phrases.txt"
L 01/16/2022 - 23:21:33: [SM] Error (line 0, column 0): Stream failed to open
L 01/16/2022 - 23:21:33: [SM] Fatal error encountered parsing translation file "instadefuse.phrases.txt"
L 01/16/2022 - 23:21:34: [SM] Error (line 0, column 0): Stream failed to open
L 01/16/2022 - 23:21:36: [SM] Exception reported: Language phrase "Unranked" not found (arg 5)
L 01/16/2022 - 23:21:36: [SM] Blaming: ranks_matchmaking.smx
L 01/16/2022 - 23:21:36: [SM] Call stack trace:
L 01/16/2022 - 23:21:36: [SM]   [0] FormatEx
L 01/16/2022 - 23:21:36: [SM]   [1] Line 174, ranks_matchmaking.sp::GetRanksNames
L 01/16/2022 - 23:21:36: [SM]   [2] Line 169, ranks_matchmaking.sp::OnMapStart
L 01/16/2022 - 23:24:09: [SM] Exception reported: Language phrase "InstaDefuseSuccessful" not found (arg 5)
L 01/16/2022 - 23:24:09: [SM] Blaming: retakes-instadefuse.smx
L 01/16/2022 - 23:24:09: [SM] Call stack trace:
L 01/16/2022 - 23:24:09: [SM]   [0] PrintToChat
L 01/16/2022 - 23:24:09: [SM]   [1] Line 197, plugin.sp::AttemptInstantDefuse
L 01/16/2022 - 23:24:09: [SM]   [2] Line 104, plugin.sp::Event_BombBeginDefusePlusFrame
L 01/16/2022 - 23:24:29: [SM] Exception reported: Language phrase "InstaDefuseSuccessful" not found (arg 5)
L 01/16/2022 - 23:24:29: [SM] Blaming: retakes-instadefuse.smx
L 01/16/2022 - 23:24:29: [SM] Call stack trace:
L 01/16/2022 - 23:24:29: [SM]   [0] PrintToChat
L 01/16/2022 - 23:24:29: [SM]   [1] Line 197, plugin.sp::AttemptInstantDefuse
L 01/16/2022 - 23:24:29: [SM]   [2] Line 104, plugin.sp::Event_BombBeginDefusePlusFrame
L 01/16/2022 - 23:24:48: [SM] Exception reported: Language phrase "InstaDefuseSuccessful" not found (arg 5)
L 01/16/2022 - 23:24:48: [SM] Blaming: retakes-instadefuse.smx
L 01/16/2022 - 23:24:48: [SM] Call stack trace:
L 01/16/2022 - 23:24:48: [SM]   [0] PrintToChat
L 01/16/2022 - 23:24:48: [SM]   [1] Line 197, plugin.sp::AttemptInstantDefuse
L 01/16/2022 - 23:24:48: [SM]   [2] Line 104, plugin.sp::Event_BombBeginDefusePlusFrame
L 01/16/2022 - 23:25:05: [SM] Exception reported: Language phrase "InstaDefuseSuccessful" not found (arg 5)
L 01/16/2022 - 23:25:05: [SM] Blaming: retakes-instadefuse.smx
L 01/16/2022 - 23:25:05: [SM] Call stack trace:
L 01/16/2022 - 23:25:05: [SM]   [0] PrintToChat
L 01/16/2022 - 23:25:05: [SM]   [1] Line 197, plugin.sp::AttemptInstantDefuse
L 01/16/2022 - 23:25:05: [SM]   [2] Line 104, plugin.sp::Event_BombBeginDefusePlusFrame
L 01/16/2022 - 23:25:24: [SM] Exception reported: Language phrase "InstaDefuseSuccessful" not found (arg 5)
L 01/16/2022 - 23:25:24: [SM] Blaming: retakes-instadefuse.smx
L 01/16/2022 - 23:25:24: [SM] Call stack trace:
L 01/16/2022 - 23:25:24: [SM]   [0] PrintToChat
L 01/16/2022 - 23:25:24: [SM]   [1] Line 197, plugin.sp::AttemptInstantDefuse
L 01/16/2022 - 23:25:24: [SM]   [2] Line 104, plugin.sp::Event_BombBeginDefusePlusFrame
L 01/16/2022 - 23:25:52: [SM] Exception reported: Language phrase "InstaDefuseSuccessful" not found (arg 5)
L 01/16/2022 - 23:25:52: [SM] Blaming: retakes-instadefuse.smx
L 01/16/2022 - 23:25:52: [SM] Call stack trace:
L 01/16/2022 - 23:25:52: [SM]   [0] PrintToChat
L 01/16/2022 - 23:25:52: [SM]   [1] Line 197, plugin.sp::AttemptInstantDefuse
L 01/16/2022 - 23:25:52: [SM]   [2] Line 104, plugin.sp::Event_BombBeginDefusePlusFrame
L 01/16/2022 - 23:27:14: [SM] Exception reported: Language phrase "InstaDefuseSuccessful" not found (arg 5)
L 01/16/2022 - 23:27:14: [SM] Blaming: retakes-instadefuse.smx
L 01/16/2022 - 23:27:14: [SM] Call stack trace:
L 01/16/2022 - 23:27:14: [SM]   [0] PrintToChat
L 01/16/2022 - 23:27:14: [SM]   [1] Line 197, plugin.sp::AttemptInstantDefuse
L 01/16/2022 - 23:27:14: [SM]   [2] Line 104, plugin.sp::Event_BombBeginDefusePlusFrame
L 01/16/2022 - 23:29:05: [SM] Exception reported: Language phrase "InstaDefuseSuccessful" not found (arg 5)
L 01/16/2022 - 23:29:05: [SM] Blaming: retakes-instadefuse.smx
L 01/16/2022 - 23:29:05: [SM] Call stack trace:
L 01/16/2022 - 23:29:05: [SM]   [0] PrintToChat
L 01/16/2022 - 23:29:05: [SM]   [1] Line 197, plugin.sp::AttemptInstantDefuse
L 01/16/2022 - 23:29:05: [SM]   [2] Line 104, plugin.sp::Event_BombBeginDefusePlusFrame
L 01/16/2022 - 23:29:27: [SM] Exception reported: Language phrase "InstaDefuseSuccessful" not found (arg 5)
L 01/16/2022 - 23:29:27: [SM] Blaming: retakes-instadefuse.smx
L 01/16/2022 - 23:29:27: [SM] Call stack trace:
L 01/16/2022 - 23:29:27: [SM]   [0] PrintToChat
L 01/16/2022 - 23:29:27: [SM]   [1] Line 197, plugin.sp::AttemptInstantDefuse
L 01/16/2022 - 23:29:27: [SM]   [2] Line 104, plugin.sp::Event_BombBeginDefusePlusFrame
L 01/16/2022 - 23:30:37: [SM] Exception reported: Language phrase "InstaDefuseSuccessful" not found (arg 5)
L 01/16/2022 - 23:30:37: [SM] Blaming: retakes-instadefuse.smx
L 01/16/2022 - 23:30:37: [SM] Call stack trace:
L 01/16/2022 - 23:30:37: [SM]   [0] PrintToChat
L 01/16/2022 - 23:30:37: [SM]   [1] Line 197, plugin.sp::AttemptInstantDefuse
L 01/16/2022 - 23:30:37: [SM]   [2] Line 104, plugin.sp::Event_BombBeginDefusePlusFrame
L 01/16/2022 - 23:31:03: [SM] Exception reported: Language phrase "InstaDefuseSuccessful" not found (arg 5)
L 01/16/2022 - 23:31:03: [SM] Blaming: retakes-instadefuse.smx
L 01/16/2022 - 23:31:03: [SM] Call stack trace:
L 01/16/2022 - 23:31:03: [SM]   [0] PrintToChat
L 01/16/2022 - 23:31:03: [SM]   [1] Line 197, plugin.sp::AttemptInstantDefuse
L 01/16/2022 - 23:31:03: [SM]   [2] Line 104, plugin.sp::Event_BombBeginDefusePlusFrame
L 01/16/2022 - 23:32:44: [SM] Exception reported: Language phrase "InstaDefuseSuccessful" not found (arg 5)
L 01/16/2022 - 23:32:44: [SM] Blaming: retakes-instadefuse.smx
L 01/16/2022 - 23:32:44: [SM] Call stack trace:
L 01/16/2022 - 23:32:44: [SM]   [0] PrintToChat
L 01/16/2022 - 23:32:44: [SM]   [1] Line 197, plugin.sp::AttemptInstantDefuse
L 01/16/2022 - 23:32:44: [SM]   [2] Line 104, plugin.sp::Event_BombBeginDefusePlusFrame
L 01/16/2022 - 23:33:03: [SM] Exception reported: Language phrase "InstaDefuseSuccessful" not found (arg 5)
L 01/16/2022 - 23:33:03: [SM] Blaming: retakes-instadefuse.smx
L 01/16/2022 - 23:33:03: [SM] Call stack trace:
L 01/16/2022 - 23:33:03: [SM]   [0] PrintToChat
L 01/16/2022 - 23:33:03: [SM]   [1] Line 197, plugin.sp::AttemptInstantDefuse
L 01/16/2022 - 23:33:03: [SM]   [2] Line 104, plugin.sp::Event_BombBeginDefusePlusFrame
L 01/16/2022 - 23:33:34: [SM] Exception reported: Language phrase "InstaDefuseSuccessful" not found (arg 5)
L 01/16/2022 - 23:33:34: [SM] Blaming: retakes-instadefuse.smx
L 01/16/2022 - 23:33:34: [SM] Call stack trace:
L 01/16/2022 - 23:33:34: [SM]   [0] PrintToChat
L 01/16/2022 - 23:33:34: [SM]   [1] Line 197, plugin.sp::AttemptInstantDefuse
L 01/16/2022 - 23:33:34: [SM]   [2] Line 104, plugin.sp::Event_BombBeginDefusePlusFrame
L 01/16/2022 - 23:34:01: [SM] Exception reported: Language phrase "InstaDefuseSuccessful" not found (arg 5)
L 01/16/2022 - 23:34:01: [SM] Blaming: retakes-instadefuse.smx
L 01/16/2022 - 23:34:01: [SM] Call stack trace:
L 01/16/2022 - 23:34:01: [SM]   [0] PrintToChat
L 01/16/2022 - 23:34:01: [SM]   [1] Line 197, plugin.sp::AttemptInstantDefuse
L 01/16/2022 - 23:34:01: [SM]   [2] Line 104, plugin.sp::Event_BombBeginDefusePlusFrame
L 01/16/2022 - 23:34:02: [SM] Exception reported: Language phrase "InstaDefuseSuccessful" not found (arg 5)
L 01/16/2022 - 23:34:02: [SM] Blaming: retakes-instadefuse.smx
L 01/16/2022 - 23:34:02: [SM] Call stack trace:
L 01/16/2022 - 23:34:02: [SM]   [0] PrintToChat
L 01/16/2022 - 23:34:02: [SM]   [1] Line 197, plugin.sp::AttemptInstantDefuse
L 01/16/2022 - 23:34:02: [SM]   [2] Line 104, plugin.sp::Event_BombBeginDefusePlusFrame
L 01/16/2022 - 23:34:30: [SM] Exception reported: Language phrase "InstaDefuseSuccessful" not found (arg 5)
L 01/16/2022 - 23:34:30: [SM] Blaming: retakes-instadefuse.smx
L 01/16/2022 - 23:34:30: [SM] Call stack trace:
L 01/16/2022 - 23:34:30: [SM]   [0] PrintToChat
L 01/16/2022 - 23:34:30: [SM]   [1] Line 197, plugin.sp::AttemptInstantDefuse
L 01/16/2022 - 23:34:30: [SM]   [2] Line 104, plugin.sp::Event_BombBeginDefusePlusFrame
L 01/16/2022 - 23:34:59: [SM] Exception reported: Language phrase "LiveNadeSomewhere" not found (arg 5)
L 01/16/2022 - 23:34:59: [SM] Blaming: retakes-instadefuse.smx
L 01/16/2022 - 23:34:59: [SM] Call stack trace:
L 01/16/2022 - 23:34:59: [SM]   [0] PrintToChat
L 01/16/2022 - 23:34:59: [SM]   [1] Line 168, plugin.sp::AttemptInstantDefuse
L 01/16/2022 - 23:34:59: [SM]   [2] Line 104, plugin.sp::Event_BombBeginDefusePlusFrame
L 01/16/2022 - 23:36:01: [SM] Exception reported: Language phrase "InstaDefuseSuccessful" not found (arg 5)
L 01/16/2022 - 23:36:01: [SM] Blaming: retakes-instadefuse.smx
L 01/16/2022 - 23:36:01: [SM] Call stack trace:
L 01/16/2022 - 23:36:01: [SM]   [0] PrintToChat
L 01/16/2022 - 23:36:01: [SM]   [1] Line 197, plugin.sp::AttemptInstantDefuse
L 01/16/2022 - 23:36:01: [SM]   [2] Line 104, plugin.sp::Event_BombBeginDefusePlusFrame
L 01/16/2022 - 23:38:18: [SM] Exception reported: Language phrase "InstaDefuseSuccessful" not found (arg 5)
L 01/16/2022 - 23:38:18: [SM] Blaming: retakes-instadefuse.smx
L 01/16/2022 - 23:38:18: [SM] Call stack trace:
L 01/16/2022 - 23:38:18: [SM]   [0] PrintToChat
L 01/16/2022 - 23:38:18: [SM]   [1] Line 197, plugin.sp::AttemptInstantDefuse
L 01/16/2022 - 23:38:18: [SM]   [2] Line 104, plugin.sp::Event_BombBeginDefusePlusFrame
L 01/16/2022 - 23:38:47: [SM] Exception reported: Language phrase "InstaDefuseSuccessful" not found (arg 5)
L 01/16/2022 - 23:38:47: [SM] Blaming: retakes-instadefuse.smx
L 01/16/2022 - 23:38:47: [SM] Call stack trace:
L 01/16/2022 - 23:38:47: [SM]   [0] PrintToChat
L 01/16/2022 - 23:38:47: [SM]   [1] Line 197, plugin.sp::AttemptInstantDefuse
L 01/16/2022 - 23:38:47: [SM]   [2] Line 104, plugin.sp::Event_BombBeginDefusePlusFrame
L 01/16/2022 - 23:39:21: [SM] Exception reported: Language phrase "InstaDefuseSuccessful" not found (arg 5)
L 01/16/2022 - 23:39:21: [SM] Blaming: retakes-instadefuse.smx
L 01/16/2022 - 23:39:21: [SM] Call stack trace:
L 01/16/2022 - 23:39:21: [SM]   [0] PrintToChat
L 01/16/2022 - 23:39:21: [SM]   [1] Line 197, plugin.sp::AttemptInstantDefuse
L 01/16/2022 - 23:39:21: [SM]   [2] Line 104, plugin.sp::Event_BombBeginDefusePlusFrame
L 01/16/2022 - 23:40:10: [SM] Exception reported: Language phrase "InstaDefuseSuccessful" not found (arg 5)
L 01/16/2022 - 23:40:10: [SM] Blaming: retakes-instadefuse.smx
L 01/16/2022 - 23:40:10: [SM] Call stack trace:
L 01/16/2022 - 23:40:10: [SM]   [0] PrintToChat
L 01/16/2022 - 23:40:10: [SM]   [1] Line 197, plugin.sp::AttemptInstantDefuse
L 01/16/2022 - 23:40:10: [SM]   [2] Line 104, plugin.sp::Event_BombBeginDefusePlusFrame
L 01/16/2022 - 23:41:53: [SM] Exception reported: Language phrase "InstaDefuseSuccessful" not found (arg 5)
L 01/16/2022 - 23:41:53: [SM] Blaming: retakes-instadefuse.smx
L 01/16/2022 - 23:41:53: [SM] Call stack trace:
L 01/16/2022 - 23:41:53: [SM]   [0] PrintToChat
L 01/16/2022 - 23:41:53: [SM]   [1] Line 197, plugin.sp::AttemptInstantDefuse
L 01/16/2022 - 23:41:53: [SM]   [2] Line 104, plugin.sp::Event_BombBeginDefusePlusFrame
L 01/16/2022 - 23:42:35: [SM] Exception reported: Language phrase "InstaDefuseSuccessful" not found (arg 5)
L 01/16/2022 - 23:42:35: [SM] Blaming: retakes-instadefuse.smx
L 01/16/2022 - 23:42:35: [SM] Call stack trace:
L 01/16/2022 - 23:42:35: [SM]   [0] PrintToChat
L 01/16/2022 - 23:42:35: [SM]   [1] Line 197, plugin.sp::AttemptInstantDefuse
L 01/16/2022 - 23:42:35: [SM]   [2] Line 104, plugin.sp::Event_BombBeginDefusePlusFrame
L 01/16/2022 - 23:43:39: [SM] Exception reported: Language phrase "InstaDefuseSuccessful" not found (arg 5)
L 01/16/2022 - 23:43:39: [SM] Blaming: retakes-instadefuse.smx
L 01/16/2022 - 23:43:39: [SM] Call stack trace:
L 01/16/2022 - 23:43:39: [SM]   [0] PrintToChat
L 01/16/2022 - 23:43:39: [SM]   [1] Line 197, plugin.sp::AttemptInstantDefuse
L 01/16/2022 - 23:43:39: [SM]   [2] Line 104, plugin.sp::Event_BombBeginDefusePlusFrame
L 01/16/2022 - 23:44:13: [SM] Exception reported: Language phrase "InstaDefuseSuccessful" not found (arg 5)
L 01/16/2022 - 23:44:13: [SM] Blaming: retakes-instadefuse.smx
L 01/16/2022 - 23:44:13: [SM] Call stack trace:
L 01/16/2022 - 23:44:13: [SM]   [0] PrintToChat
L 01/16/2022 - 23:44:13: [SM]   [1] Line 197, plugin.sp::AttemptInstantDefuse
L 01/16/2022 - 23:44:13: [SM]   [2] Line 104, plugin.sp::Event_BombBeginDefusePlusFrame
L 01/16/2022 - 23:44:53: [SM] Exception reported: Language phrase "InstaDefuseSuccessful" not found (arg 5)
L 01/16/2022 - 23:44:53: [SM] Blaming: retakes-instadefuse.smx
L 01/16/2022 - 23:44:53: [SM] Call stack trace:
L 01/16/2022 - 23:44:53: [SM]   [0] PrintToChat
L 01/16/2022 - 23:44:53: [SM]   [1] Line 197, plugin.sp::AttemptInstantDefuse
L 01/16/2022 - 23:44:53: [SM]   [2] Line 104, plugin.sp::Event_BombBeginDefusePlusFrame
L 01/16/2022 - 23:45:45: [SM] Exception reported: Language phrase "InstaDefuseSuccessful" not found (arg 5)
L 01/16/2022 - 23:45:45: [SM] Blaming: retakes-instadefuse.smx
L 01/16/2022 - 23:45:45: [SM] Call stack trace:
L 01/16/2022 - 23:45:45: [SM]   [0] PrintToChat
L 01/16/2022 - 23:45:45: [SM]   [1] Line 197, plugin.sp::AttemptInstantDefuse
L 01/16/2022 - 23:45:45: [SM]   [2] Line 104, plugin.sp::Event_BombBeginDefusePlusFrame
L 01/16/2022 - 23:46:05: [SM] Exception reported: Language phrase "InstaDefuseSuccessful" not found (arg 5)
L 01/16/2022 - 23:46:05: [SM] Blaming: retakes-instadefuse.smx
L 01/16/2022 - 23:46:05: [SM] Call stack trace:
L 01/16/2022 - 23:46:05: [SM]   [0] PrintToChat
L 01/16/2022 - 23:46:05: [SM]   [1] Line 197, plugin.sp::AttemptInstantDefuse
L 01/16/2022 - 23:46:05: [SM]   [2] Line 104, plugin.sp::Event_BombBeginDefusePlusFrame
L 01/16/2022 - 23:46:54: [SM] Exception reported: Language phrase "InstaDefuseSuccessful" not found (arg 5)
L 01/16/2022 - 23:46:54: [SM] Blaming: retakes-instadefuse.smx
L 01/16/2022 - 23:46:54: [SM] Call stack trace:
L 01/16/2022 - 23:46:54: [SM]   [0] PrintToChat
L 01/16/2022 - 23:46:54: [SM]   [1] Line 197, plugin.sp::AttemptInstantDefuse
L 01/16/2022 - 23:46:54: [SM]   [2] Line 104, plugin.sp::Event_BombBeginDefusePlusFrame
L 01/16/2022 - 23:47:42: [SM] Exception reported: Language phrase "InstaDefuseSuccessful" not found (arg 5)
L 01/16/2022 - 23:47:42: [SM] Blaming: retakes-instadefuse.smx
L 01/16/2022 - 23:47:42: [SM] Call stack trace:
L 01/16/2022 - 23:47:42: [SM]   [0] PrintToChat
L 01/16/2022 - 23:47:42: [SM]   [1] Line 197, plugin.sp::AttemptInstantDefuse
L 01/16/2022 - 23:47:42: [SM]   [2] Line 104, plugin.sp::Event_BombBeginDefusePlusFrame
L 01/16/2022 - 23:47:44: [SM] Exception reported: Language phrase "InstaDefuseSuccessful" not found (arg 5)
L 01/16/2022 - 23:47:44: [SM] Blaming: retakes-instadefuse.smx
L 01/16/2022 - 23:47:44: [SM] Call stack trace:
L 01/16/2022 - 23:47:44: [SM]   [0] PrintToChat
L 01/16/2022 - 23:47:44: [SM]   [1] Line 197, plugin.sp::AttemptInstantDefuse
L 01/16/2022 - 23:47:44: [SM]   [2] Line 104, plugin.sp::Event_BombBeginDefusePlusFrame
L 01/16/2022 - 23:51:14: [SM] Exception reported: Language phrase "InstaDefuseSuccessful" not found (arg 5)
L 01/16/2022 - 23:51:14: [SM] Blaming: retakes-instadefuse.smx
L 01/16/2022 - 23:51:14: [SM] Call stack trace:
L 01/16/2022 - 23:51:14: [SM]   [0] PrintToChat
L 01/16/2022 - 23:51:14: [SM]   [1] Line 197, plugin.sp::AttemptInstantDefuse
L 01/16/2022 - 23:51:14: [SM]   [2] Line 104, plugin.sp::Event_BombBeginDefusePlusFrame
L 01/16/2022 - 23:51:31: [SM] Exception reported: Language phrase "InstaDefuseSuccessful" not found (arg 5)
L 01/16/2022 - 23:51:31: [SM] Blaming: retakes-instadefuse.smx
L 01/16/2022 - 23:51:31: [SM] Call stack trace:
L 01/16/2022 - 23:51:31: [SM]   [0] PrintToChat
L 01/16/2022 - 23:51:31: [SM]   [1] Line 197, plugin.sp::AttemptInstantDefuse
L 01/16/2022 - 23:51:31: [SM]   [2] Line 104, plugin.sp::Event_BombBeginDefusePlusFrame
