L 06/11/2022 - 03:26:06: SourceMod error session started
L 06/11/2022 - 03:26:06: Info (map "de_mirage") (file "E:\retake\csgoserver\csgo\addons\sourcemod\logs\errors_20220611.log")
L 06/11/2022 - 03:26:06: [SM] Unable to load extension "PhysHooks.ext": Could not find patch signature for symbol: Physics_RunThinkFunctions
L 06/11/2022 - 03:26:08: [SM] Unable to load plugin "bot_inventory.smx": Native "eItems_AreItemsSynced" was not found
L 06/11/2022 - 03:26:08: [SM] Unable to load plugin "bot_stuff.smx": Could not find required plugin "navmesh"
L 06/11/2022 - 03:26:09: [SM] Unable to load plugin "LagCompensation.smx": Required extension "PhysHooks" file("PhysHooks.ext") not running
L 06/11/2022 - 03:26:09: [SM] Fatal error encountered parsing translation file "ranks_matchmaking.phrases.txt"
L 06/11/2022 - 03:26:10: [SM] Error (line 0, column 0): Stream failed to open
L 06/11/2022 - 03:26:10: [SM] Fatal error encountered parsing translation file "instadefuse.phrases.txt"
L 06/11/2022 - 03:26:10: [SM] Error (line 0, column 0): Stream failed to open
L 06/11/2022 - 03:26:30: [SM] Exception reported: Language phrase "Unranked" not found (arg 5)
L 06/11/2022 - 03:26:30: [SM] Blaming: ranks_matchmaking.smx
L 06/11/2022 - 03:26:30: [SM] Call stack trace:
L 06/11/2022 - 03:26:30: [SM]   [0] FormatEx
L 06/11/2022 - 03:26:30: [SM]   [1] Line 174, ranks_matchmaking.sp::GetRanksNames
L 06/11/2022 - 03:26:30: [SM]   [2] Line 169, ranks_matchmaking.sp::OnMapStart
L 06/11/2022 - 03:26:39: Error log file session closed.
L 06/11/2022 - 03:26:39: SourceMod error session started
L 06/11/2022 - 03:26:39: Info (map "de_mirage") (file "E:\retake\csgoserver\csgo\addons\sourcemod\logs\errors_20220611.log")
L 06/11/2022 - 03:26:39: [SM] Fatal error encountered parsing translation file "ranks_matchmaking.phrases.txt"
L 06/11/2022 - 03:26:39: [SM] Error (line 0, column 0): Stream failed to open
L 06/11/2022 - 03:26:39: [SM] Fatal error encountered parsing translation file "instadefuse.phrases.txt"
L 06/11/2022 - 03:26:39: [SM] Error (line 0, column 0): Stream failed to open
L 06/11/2022 - 03:26:40: [SM] Exception reported: Language phrase "Unranked" not found (arg 5)
L 06/11/2022 - 03:26:40: [SM] Blaming: ranks_matchmaking.smx
L 06/11/2022 - 03:26:40: [SM] Call stack trace:
L 06/11/2022 - 03:26:40: [SM]   [0] FormatEx
L 06/11/2022 - 03:26:40: [SM]   [1] Line 174, ranks_matchmaking.sp::GetRanksNames
L 06/11/2022 - 03:26:40: [SM]   [2] Line 169, ranks_matchmaking.sp::OnMapStart
L 06/11/2022 - 03:29:28: [SM] Exception reported: Language phrase "InstaDefuseSuccessful" not found (arg 5)
L 06/11/2022 - 03:29:28: [SM] Blaming: retakes-instadefuse.smx
L 06/11/2022 - 03:29:28: [SM] Call stack trace:
L 06/11/2022 - 03:29:28: [SM]   [0] PrintToChat
L 06/11/2022 - 03:29:28: [SM]   [1] Line 197, plugin.sp::AttemptInstantDefuse
L 06/11/2022 - 03:29:28: [SM]   [2] Line 104, plugin.sp::Event_BombBeginDefusePlusFrame
L 06/11/2022 - 03:29:45: [SM] Exception reported: Language phrase "InstaDefuseSuccessful" not found (arg 5)
L 06/11/2022 - 03:29:45: [SM] Blaming: retakes-instadefuse.smx
L 06/11/2022 - 03:29:45: [SM] Call stack trace:
L 06/11/2022 - 03:29:45: [SM]   [0] PrintToChat
L 06/11/2022 - 03:29:45: [SM]   [1] Line 197, plugin.sp::AttemptInstantDefuse
L 06/11/2022 - 03:29:45: [SM]   [2] Line 104, plugin.sp::Event_BombBeginDefusePlusFrame
L 06/11/2022 - 03:30:06: [SM] Exception reported: Language phrase "MolotovTooClose" not found (arg 5)
L 06/11/2022 - 03:30:06: [SM] Blaming: retakes-instadefuse.smx
L 06/11/2022 - 03:30:06: [SM] Call stack trace:
L 06/11/2022 - 03:30:06: [SM]   [0] PrintToChat
L 06/11/2022 - 03:30:06: [SM]   [1] Line 181, plugin.sp::AttemptInstantDefuse
L 06/11/2022 - 03:30:06: [SM]   [2] Line 104, plugin.sp::Event_BombBeginDefusePlusFrame
L 06/11/2022 - 03:30:24: [SM] Exception reported: Language phrase "InstaDefuseSuccessful" not found (arg 5)
L 06/11/2022 - 03:30:24: [SM] Blaming: retakes-instadefuse.smx
L 06/11/2022 - 03:30:24: [SM] Call stack trace:
L 06/11/2022 - 03:30:24: [SM]   [0] PrintToChat
L 06/11/2022 - 03:30:25: [SM]   [1] Line 197, plugin.sp::AttemptInstantDefuse
L 06/11/2022 - 03:30:25: [SM]   [2] Line 104, plugin.sp::Event_BombBeginDefusePlusFrame
L 06/11/2022 - 03:30:46: [SM] Exception reported: Language phrase "InstaDefuseSuccessful" not found (arg 5)
L 06/11/2022 - 03:30:46: [SM] Blaming: retakes-instadefuse.smx
L 06/11/2022 - 03:30:46: [SM] Call stack trace:
L 06/11/2022 - 03:30:46: [SM]   [0] PrintToChat
L 06/11/2022 - 03:30:46: [SM]   [1] Line 197, plugin.sp::AttemptInstantDefuse
L 06/11/2022 - 03:30:46: [SM]   [2] Line 104, plugin.sp::Event_BombBeginDefusePlusFrame
L 06/11/2022 - 03:31:02: [SM] Exception reported: Language phrase "InstaDefuseSuccessful" not found (arg 5)
L 06/11/2022 - 03:31:02: [SM] Blaming: retakes-instadefuse.smx
L 06/11/2022 - 03:31:02: [SM] Call stack trace:
L 06/11/2022 - 03:31:02: [SM]   [0] PrintToChat
L 06/11/2022 - 03:31:02: [SM]   [1] Line 197, plugin.sp::AttemptInstantDefuse
L 06/11/2022 - 03:31:02: [SM]   [2] Line 104, plugin.sp::Event_BombBeginDefusePlusFrame
L 06/11/2022 - 03:32:16: [SM] Exception reported: Language phrase "InstaDefuseSuccessful" not found (arg 5)
L 06/11/2022 - 03:32:16: [SM] Blaming: retakes-instadefuse.smx
L 06/11/2022 - 03:32:16: [SM] Call stack trace:
L 06/11/2022 - 03:32:16: [SM]   [0] PrintToChat
L 06/11/2022 - 03:32:16: [SM]   [1] Line 197, plugin.sp::AttemptInstantDefuse
L 06/11/2022 - 03:32:16: [SM]   [2] Line 104, plugin.sp::Event_BombBeginDefusePlusFrame
L 06/11/2022 - 03:33:06: [SM] Exception reported: Language phrase "InstaDefuseSuccessful" not found (arg 5)
L 06/11/2022 - 03:33:06: [SM] Blaming: retakes-instadefuse.smx
L 06/11/2022 - 03:33:06: [SM] Call stack trace:
L 06/11/2022 - 03:33:06: [SM]   [0] PrintToChat
L 06/11/2022 - 03:33:06: [SM]   [1] Line 197, plugin.sp::AttemptInstantDefuse
L 06/11/2022 - 03:33:06: [SM]   [2] Line 104, plugin.sp::Event_BombBeginDefusePlusFrame
L 06/11/2022 - 03:33:55: [SM] Exception reported: Language phrase "InstaDefuseSuccessful" not found (arg 5)
L 06/11/2022 - 03:33:55: [SM] Blaming: retakes-instadefuse.smx
L 06/11/2022 - 03:33:55: [SM] Call stack trace:
L 06/11/2022 - 03:33:55: [SM]   [0] PrintToChat
L 06/11/2022 - 03:33:55: [SM]   [1] Line 197, plugin.sp::AttemptInstantDefuse
L 06/11/2022 - 03:33:55: [SM]   [2] Line 104, plugin.sp::Event_BombBeginDefusePlusFrame
L 06/11/2022 - 03:34:09: [SM] Exception reported: Language phrase "InstaDefuseSuccessful" not found (arg 5)
L 06/11/2022 - 03:34:09: [SM] Blaming: retakes-instadefuse.smx
L 06/11/2022 - 03:34:09: [SM] Call stack trace:
L 06/11/2022 - 03:34:09: [SM]   [0] PrintToChat
L 06/11/2022 - 03:34:09: [SM]   [1] Line 197, plugin.sp::AttemptInstantDefuse
L 06/11/2022 - 03:34:09: [SM]   [2] Line 104, plugin.sp::Event_BombBeginDefusePlusFrame
L 06/11/2022 - 03:34:12: [SM] Exception reported: Language phrase "InstaDefuseSuccessful" not found (arg 5)
L 06/11/2022 - 03:34:12: [SM] Blaming: retakes-instadefuse.smx
L 06/11/2022 - 03:34:12: [SM] Call stack trace:
L 06/11/2022 - 03:34:12: [SM]   [0] PrintToChat
L 06/11/2022 - 03:34:12: [SM]   [1] Line 197, plugin.sp::AttemptInstantDefuse
L 06/11/2022 - 03:34:12: [SM]   [2] Line 104, plugin.sp::Event_BombBeginDefusePlusFrame
L 06/11/2022 - 03:34:33: [SM] Exception reported: Language phrase "InstaDefuseSuccessful" not found (arg 5)
L 06/11/2022 - 03:34:33: [SM] Blaming: retakes-instadefuse.smx
L 06/11/2022 - 03:34:33: [SM] Call stack trace:
L 06/11/2022 - 03:34:33: [SM]   [0] PrintToChat
L 06/11/2022 - 03:34:33: [SM]   [1] Line 197, plugin.sp::AttemptInstantDefuse
L 06/11/2022 - 03:34:33: [SM]   [2] Line 104, plugin.sp::Event_BombBeginDefusePlusFrame
L 06/11/2022 - 03:34:47: [SM] Exception reported: Language phrase "InstaDefuseSuccessful" not found (arg 5)
L 06/11/2022 - 03:34:47: [SM] Blaming: retakes-instadefuse.smx
L 06/11/2022 - 03:34:47: [SM] Call stack trace:
L 06/11/2022 - 03:34:47: [SM]   [0] PrintToChat
L 06/11/2022 - 03:34:47: [SM]   [1] Line 197, plugin.sp::AttemptInstantDefuse
L 06/11/2022 - 03:34:47: [SM]   [2] Line 104, plugin.sp::Event_BombBeginDefusePlusFrame
L 06/11/2022 - 03:35:01: [SM] Exception reported: Language phrase "InstaDefuseSuccessful" not found (arg 5)
L 06/11/2022 - 03:35:01: [SM] Blaming: retakes-instadefuse.smx
L 06/11/2022 - 03:35:01: [SM] Call stack trace:
L 06/11/2022 - 03:35:01: [SM]   [0] PrintToChat
L 06/11/2022 - 03:35:01: [SM]   [1] Line 197, plugin.sp::AttemptInstantDefuse
L 06/11/2022 - 03:35:01: [SM]   [2] Line 104, plugin.sp::Event_BombBeginDefusePlusFrame
L 06/11/2022 - 03:35:32: [SM] Exception reported: Language phrase "InstaDefuseSuccessful" not found (arg 5)
L 06/11/2022 - 03:35:32: [SM] Blaming: retakes-instadefuse.smx
L 06/11/2022 - 03:35:32: [SM] Call stack trace:
L 06/11/2022 - 03:35:32: [SM]   [0] PrintToChat
L 06/11/2022 - 03:35:32: [SM]   [1] Line 197, plugin.sp::AttemptInstantDefuse
L 06/11/2022 - 03:35:32: [SM]   [2] Line 104, plugin.sp::Event_BombBeginDefusePlusFrame
L 06/11/2022 - 03:35:49: [SM] Exception reported: Language phrase "InstaDefuseSuccessful" not found (arg 5)
L 06/11/2022 - 03:35:49: [SM] Blaming: retakes-instadefuse.smx
L 06/11/2022 - 03:35:49: [SM] Call stack trace:
L 06/11/2022 - 03:35:49: [SM]   [0] PrintToChat
L 06/11/2022 - 03:35:49: [SM]   [1] Line 197, plugin.sp::AttemptInstantDefuse
L 06/11/2022 - 03:35:49: [SM]   [2] Line 104, plugin.sp::Event_BombBeginDefusePlusFrame
L 06/11/2022 - 03:36:08: [SM] Exception reported: Language phrase "InstaDefuseSuccessful" not found (arg 5)
L 06/11/2022 - 03:36:08: [SM] Blaming: retakes-instadefuse.smx
L 06/11/2022 - 03:36:08: [SM] Call stack trace:
L 06/11/2022 - 03:36:08: [SM]   [0] PrintToChat
L 06/11/2022 - 03:36:08: [SM]   [1] Line 197, plugin.sp::AttemptInstantDefuse
L 06/11/2022 - 03:36:08: [SM]   [2] Line 104, plugin.sp::Event_BombBeginDefusePlusFrame
L 06/11/2022 - 03:36:24: [SM] Exception reported: Language phrase "InstaDefuseSuccessful" not found (arg 5)
L 06/11/2022 - 03:36:24: [SM] Blaming: retakes-instadefuse.smx
L 06/11/2022 - 03:36:24: [SM] Call stack trace:
L 06/11/2022 - 03:36:24: [SM]   [0] PrintToChat
L 06/11/2022 - 03:36:24: [SM]   [1] Line 197, plugin.sp::AttemptInstantDefuse
L 06/11/2022 - 03:36:24: [SM]   [2] Line 104, plugin.sp::Event_BombBeginDefusePlusFrame
L 06/11/2022 - 03:36:41: [SM] Exception reported: Language phrase "InstaDefuseSuccessful" not found (arg 5)
L 06/11/2022 - 03:36:41: [SM] Blaming: retakes-instadefuse.smx
L 06/11/2022 - 03:36:41: [SM] Call stack trace:
L 06/11/2022 - 03:36:41: [SM]   [0] PrintToChat
L 06/11/2022 - 03:36:41: [SM]   [1] Line 197, plugin.sp::AttemptInstantDefuse
L 06/11/2022 - 03:36:41: [SM]   [2] Line 104, plugin.sp::Event_BombBeginDefusePlusFrame
L 06/11/2022 - 03:37:02: [SM] Exception reported: Language phrase "InstaDefuseSuccessful" not found (arg 5)
L 06/11/2022 - 03:37:02: [SM] Blaming: retakes-instadefuse.smx
L 06/11/2022 - 03:37:02: [SM] Call stack trace:
L 06/11/2022 - 03:37:02: [SM]   [0] PrintToChat
L 06/11/2022 - 03:37:02: [SM]   [1] Line 197, plugin.sp::AttemptInstantDefuse
L 06/11/2022 - 03:37:02: [SM]   [2] Line 104, plugin.sp::Event_BombBeginDefusePlusFrame
L 06/11/2022 - 03:37:19: [SM] Exception reported: Language phrase "InstaDefuseSuccessful" not found (arg 5)
L 06/11/2022 - 03:37:19: [SM] Blaming: retakes-instadefuse.smx
L 06/11/2022 - 03:37:19: [SM] Call stack trace:
L 06/11/2022 - 03:37:19: [SM]   [0] PrintToChat
L 06/11/2022 - 03:37:19: [SM]   [1] Line 197, plugin.sp::AttemptInstantDefuse
L 06/11/2022 - 03:37:19: [SM]   [2] Line 104, plugin.sp::Event_BombBeginDefusePlusFrame
L 06/11/2022 - 03:37:37: [SM] Exception reported: Language phrase "InstaDefuseSuccessful" not found (arg 5)
L 06/11/2022 - 03:37:37: [SM] Blaming: retakes-instadefuse.smx
L 06/11/2022 - 03:37:37: [SM] Call stack trace:
L 06/11/2022 - 03:37:37: [SM]   [0] PrintToChat
L 06/11/2022 - 03:37:37: [SM]   [1] Line 197, plugin.sp::AttemptInstantDefuse
L 06/11/2022 - 03:37:37: [SM]   [2] Line 104, plugin.sp::Event_BombBeginDefusePlusFrame
L 06/11/2022 - 03:37:53: [SM] Exception reported: Language phrase "InstaDefuseSuccessful" not found (arg 5)
L 06/11/2022 - 03:37:53: [SM] Blaming: retakes-instadefuse.smx
L 06/11/2022 - 03:37:53: [SM] Call stack trace:
L 06/11/2022 - 03:37:53: [SM]   [0] PrintToChat
L 06/11/2022 - 03:37:53: [SM]   [1] Line 197, plugin.sp::AttemptInstantDefuse
L 06/11/2022 - 03:37:53: [SM]   [2] Line 104, plugin.sp::Event_BombBeginDefusePlusFrame
L 06/11/2022 - 03:38:14: [SM] Exception reported: Language phrase "InstaDefuseSuccessful" not found (arg 5)
L 06/11/2022 - 03:38:14: [SM] Blaming: retakes-instadefuse.smx
L 06/11/2022 - 03:38:14: [SM] Call stack trace:
L 06/11/2022 - 03:38:14: [SM]   [0] PrintToChat
L 06/11/2022 - 03:38:14: [SM]   [1] Line 197, plugin.sp::AttemptInstantDefuse
L 06/11/2022 - 03:38:14: [SM]   [2] Line 104, plugin.sp::Event_BombBeginDefusePlusFrame
L 06/11/2022 - 03:38:32: [SM] Exception reported: Language phrase "InstaDefuseSuccessful" not found (arg 5)
L 06/11/2022 - 03:38:32: [SM] Blaming: retakes-instadefuse.smx
L 06/11/2022 - 03:38:32: [SM] Call stack trace:
L 06/11/2022 - 03:38:32: [SM]   [0] PrintToChat
L 06/11/2022 - 03:38:32: [SM]   [1] Line 197, plugin.sp::AttemptInstantDefuse
L 06/11/2022 - 03:38:32: [SM]   [2] Line 104, plugin.sp::Event_BombBeginDefusePlusFrame
L 06/11/2022 - 03:39:15: [SM] Exception reported: Language phrase "InstaDefuseSuccessful" not found (arg 5)
L 06/11/2022 - 03:39:15: [SM] Blaming: retakes-instadefuse.smx
L 06/11/2022 - 03:39:15: [SM] Call stack trace:
L 06/11/2022 - 03:39:15: [SM]   [0] PrintToChat
L 06/11/2022 - 03:39:15: [SM]   [1] Line 197, plugin.sp::AttemptInstantDefuse
L 06/11/2022 - 03:39:15: [SM]   [2] Line 104, plugin.sp::Event_BombBeginDefusePlusFrame
L 06/11/2022 - 03:39:31: [SM] Exception reported: Language phrase "InstaDefuseSuccessful" not found (arg 5)
L 06/11/2022 - 03:39:31: [SM] Blaming: retakes-instadefuse.smx
L 06/11/2022 - 03:39:31: [SM] Call stack trace:
L 06/11/2022 - 03:39:31: [SM]   [0] PrintToChat
L 06/11/2022 - 03:39:31: [SM]   [1] Line 197, plugin.sp::AttemptInstantDefuse
L 06/11/2022 - 03:39:31: [SM]   [2] Line 104, plugin.sp::Event_BombBeginDefusePlusFrame
L 06/11/2022 - 03:39:46: [SM] Exception reported: Language phrase "InstaDefuseSuccessful" not found (arg 5)
L 06/11/2022 - 03:39:46: [SM] Blaming: retakes-instadefuse.smx
L 06/11/2022 - 03:39:46: [SM] Call stack trace:
L 06/11/2022 - 03:39:46: [SM]   [0] PrintToChat
L 06/11/2022 - 03:39:46: [SM]   [1] Line 197, plugin.sp::AttemptInstantDefuse
L 06/11/2022 - 03:39:46: [SM]   [2] Line 104, plugin.sp::Event_BombBeginDefusePlusFrame
L 06/11/2022 - 03:40:01: [SM] Exception reported: Language phrase "InstaDefuseSuccessful" not found (arg 5)
L 06/11/2022 - 03:40:01: [SM] Blaming: retakes-instadefuse.smx
L 06/11/2022 - 03:40:01: [SM] Call stack trace:
L 06/11/2022 - 03:40:01: [SM]   [0] PrintToChat
L 06/11/2022 - 03:40:01: [SM]   [1] Line 197, plugin.sp::AttemptInstantDefuse
L 06/11/2022 - 03:40:01: [SM]   [2] Line 104, plugin.sp::Event_BombBeginDefusePlusFrame
L 06/11/2022 - 03:40:33: [SM] Exception reported: Language phrase "InstaDefuseSuccessful" not found (arg 5)
L 06/11/2022 - 03:40:33: [SM] Blaming: retakes-instadefuse.smx
L 06/11/2022 - 03:40:33: [SM] Call stack trace:
L 06/11/2022 - 03:40:33: [SM]   [0] PrintToChat
L 06/11/2022 - 03:40:33: [SM]   [1] Line 197, plugin.sp::AttemptInstantDefuse
L 06/11/2022 - 03:40:33: [SM]   [2] Line 104, plugin.sp::Event_BombBeginDefusePlusFrame
L 06/11/2022 - 03:40:59: [SM] Exception reported: Language phrase "InstaDefuseSuccessful" not found (arg 5)
L 06/11/2022 - 03:40:59: [SM] Blaming: retakes-instadefuse.smx
L 06/11/2022 - 03:40:59: [SM] Call stack trace:
L 06/11/2022 - 03:40:59: [SM]   [0] PrintToChat
L 06/11/2022 - 03:40:59: [SM]   [1] Line 197, plugin.sp::AttemptInstantDefuse
L 06/11/2022 - 03:40:59: [SM]   [2] Line 104, plugin.sp::Event_BombBeginDefusePlusFrame
L 06/11/2022 - 03:41:16: [SM] Exception reported: Language phrase "InstaDefuseSuccessful" not found (arg 5)
L 06/11/2022 - 03:41:16: [SM] Blaming: retakes-instadefuse.smx
L 06/11/2022 - 03:41:16: [SM] Call stack trace:
L 06/11/2022 - 03:41:16: [SM]   [0] PrintToChat
L 06/11/2022 - 03:41:16: [SM]   [1] Line 197, plugin.sp::AttemptInstantDefuse
L 06/11/2022 - 03:41:16: [SM]   [2] Line 104, plugin.sp::Event_BombBeginDefusePlusFrame
L 06/11/2022 - 03:41:49: [SM] Exception reported: Language phrase "InstaDefuseSuccessful" not found (arg 5)
L 06/11/2022 - 03:41:49: [SM] Blaming: retakes-instadefuse.smx
L 06/11/2022 - 03:41:49: [SM] Call stack trace:
L 06/11/2022 - 03:41:49: [SM]   [0] PrintToChat
L 06/11/2022 - 03:41:49: [SM]   [1] Line 197, plugin.sp::AttemptInstantDefuse
L 06/11/2022 - 03:41:49: [SM]   [2] Line 104, plugin.sp::Event_BombBeginDefusePlusFrame
L 06/11/2022 - 03:42:04: [SM] Exception reported: Language phrase "InstaDefuseSuccessful" not found (arg 5)
L 06/11/2022 - 03:42:04: [SM] Blaming: retakes-instadefuse.smx
L 06/11/2022 - 03:42:04: [SM] Call stack trace:
L 06/11/2022 - 03:42:04: [SM]   [0] PrintToChat
L 06/11/2022 - 03:42:04: [SM]   [1] Line 197, plugin.sp::AttemptInstantDefuse
L 06/11/2022 - 03:42:04: [SM]   [2] Line 104, plugin.sp::Event_BombBeginDefusePlusFrame
L 06/11/2022 - 03:42:24: [SM] Exception reported: Language phrase "InstaDefuseSuccessful" not found (arg 5)
L 06/11/2022 - 03:42:24: [SM] Blaming: retakes-instadefuse.smx
L 06/11/2022 - 03:42:24: [SM] Call stack trace:
L 06/11/2022 - 03:42:24: [SM]   [0] PrintToChat
L 06/11/2022 - 03:42:24: [SM]   [1] Line 197, plugin.sp::AttemptInstantDefuse
L 06/11/2022 - 03:42:24: [SM]   [2] Line 104, plugin.sp::Event_BombBeginDefusePlusFrame
L 06/11/2022 - 03:43:21: [SM] Exception reported: Language phrase "InstaDefuseSuccessful" not found (arg 5)
L 06/11/2022 - 03:43:21: [SM] Blaming: retakes-instadefuse.smx
L 06/11/2022 - 03:43:21: [SM] Call stack trace:
L 06/11/2022 - 03:43:21: [SM]   [0] PrintToChat
L 06/11/2022 - 03:43:21: [SM]   [1] Line 197, plugin.sp::AttemptInstantDefuse
L 06/11/2022 - 03:43:21: [SM]   [2] Line 104, plugin.sp::Event_BombBeginDefusePlusFrame
L 06/11/2022 - 03:43:41: [SM] Exception reported: Language phrase "InstaDefuseSuccessful" not found (arg 5)
L 06/11/2022 - 03:43:41: [SM] Blaming: retakes-instadefuse.smx
L 06/11/2022 - 03:43:41: [SM] Call stack trace:
L 06/11/2022 - 03:43:41: [SM]   [0] PrintToChat
L 06/11/2022 - 03:43:41: [SM]   [1] Line 197, plugin.sp::AttemptInstantDefuse
L 06/11/2022 - 03:43:41: [SM]   [2] Line 104, plugin.sp::Event_BombBeginDefusePlusFrame
L 06/11/2022 - 03:44:01: [SM] Exception reported: Language phrase "InstaDefuseSuccessful" not found (arg 5)
L 06/11/2022 - 03:44:01: [SM] Blaming: retakes-instadefuse.smx
L 06/11/2022 - 03:44:01: [SM] Call stack trace:
L 06/11/2022 - 03:44:01: [SM]   [0] PrintToChat
L 06/11/2022 - 03:44:01: [SM]   [1] Line 197, plugin.sp::AttemptInstantDefuse
L 06/11/2022 - 03:44:01: [SM]   [2] Line 104, plugin.sp::Event_BombBeginDefusePlusFrame
L 06/11/2022 - 03:44:39: [SM] Exception reported: Language phrase "InstaDefuseSuccessful" not found (arg 5)
L 06/11/2022 - 03:44:39: [SM] Blaming: retakes-instadefuse.smx
L 06/11/2022 - 03:44:39: [SM] Call stack trace:
L 06/11/2022 - 03:44:39: [SM]   [0] PrintToChat
L 06/11/2022 - 03:44:39: [SM]   [1] Line 197, plugin.sp::AttemptInstantDefuse
L 06/11/2022 - 03:44:39: [SM]   [2] Line 104, plugin.sp::Event_BombBeginDefusePlusFrame
L 06/11/2022 - 03:44:54: [SM] Exception reported: Language phrase "InstaDefuseSuccessful" not found (arg 5)
L 06/11/2022 - 03:44:54: [SM] Blaming: retakes-instadefuse.smx
L 06/11/2022 - 03:44:54: [SM] Call stack trace:
L 06/11/2022 - 03:44:54: [SM]   [0] PrintToChat
L 06/11/2022 - 03:44:54: [SM]   [1] Line 197, plugin.sp::AttemptInstantDefuse
L 06/11/2022 - 03:44:54: [SM]   [2] Line 104, plugin.sp::Event_BombBeginDefusePlusFrame
L 06/11/2022 - 03:45:15: [SM] Exception reported: Language phrase "InstaDefuseSuccessful" not found (arg 5)
L 06/11/2022 - 03:45:15: [SM] Blaming: retakes-instadefuse.smx
L 06/11/2022 - 03:45:15: [SM] Call stack trace:
L 06/11/2022 - 03:45:15: [SM]   [0] PrintToChat
L 06/11/2022 - 03:45:15: [SM]   [1] Line 197, plugin.sp::AttemptInstantDefuse
L 06/11/2022 - 03:45:15: [SM]   [2] Line 104, plugin.sp::Event_BombBeginDefusePlusFrame
L 06/11/2022 - 03:45:38: [SM] Exception reported: Language phrase "InstaDefuseSuccessful" not found (arg 5)
L 06/11/2022 - 03:45:38: [SM] Blaming: retakes-instadefuse.smx
L 06/11/2022 - 03:45:38: [SM] Call stack trace:
L 06/11/2022 - 03:45:38: [SM]   [0] PrintToChat
L 06/11/2022 - 03:45:38: [SM]   [1] Line 197, plugin.sp::AttemptInstantDefuse
L 06/11/2022 - 03:45:38: [SM]   [2] Line 104, plugin.sp::Event_BombBeginDefusePlusFrame
L 06/11/2022 - 03:45:59: [SM] Exception reported: Language phrase "InstaDefuseSuccessful" not found (arg 5)
L 06/11/2022 - 03:45:59: [SM] Blaming: retakes-instadefuse.smx
L 06/11/2022 - 03:45:59: [SM] Call stack trace:
L 06/11/2022 - 03:45:59: [SM]   [0] PrintToChat
L 06/11/2022 - 03:46:00: [SM]   [1] Line 197, plugin.sp::AttemptInstantDefuse
L 06/11/2022 - 03:46:00: [SM]   [2] Line 104, plugin.sp::Event_BombBeginDefusePlusFrame
L 06/11/2022 - 03:46:14: [SM] Exception reported: Language phrase "InstaDefuseSuccessful" not found (arg 5)
L 06/11/2022 - 03:46:14: [SM] Blaming: retakes-instadefuse.smx
L 06/11/2022 - 03:46:14: [SM] Call stack trace:
L 06/11/2022 - 03:46:14: [SM]   [0] PrintToChat
L 06/11/2022 - 03:46:14: [SM]   [1] Line 197, plugin.sp::AttemptInstantDefuse
L 06/11/2022 - 03:46:14: [SM]   [2] Line 104, plugin.sp::Event_BombBeginDefusePlusFrame
L 06/11/2022 - 03:46:32: [SM] Exception reported: Language phrase "InstaDefuseSuccessful" not found (arg 5)
L 06/11/2022 - 03:46:32: [SM] Blaming: retakes-instadefuse.smx
L 06/11/2022 - 03:46:32: [SM] Call stack trace:
L 06/11/2022 - 03:46:32: [SM]   [0] PrintToChat
L 06/11/2022 - 03:46:32: [SM]   [1] Line 197, plugin.sp::AttemptInstantDefuse
L 06/11/2022 - 03:46:32: [SM]   [2] Line 104, plugin.sp::Event_BombBeginDefusePlusFrame
L 06/11/2022 - 03:47:01: [SM] Exception reported: Language phrase "InstaDefuseSuccessful" not found (arg 5)
L 06/11/2022 - 03:47:01: [SM] Blaming: retakes-instadefuse.smx
L 06/11/2022 - 03:47:01: [SM] Call stack trace:
L 06/11/2022 - 03:47:01: [SM]   [0] PrintToChat
L 06/11/2022 - 03:47:01: [SM]   [1] Line 197, plugin.sp::AttemptInstantDefuse
L 06/11/2022 - 03:47:01: [SM]   [2] Line 104, plugin.sp::Event_BombBeginDefusePlusFrame
L 06/11/2022 - 03:47:28: [SM] Exception reported: Language phrase "InstaDefuseSuccessful" not found (arg 5)
L 06/11/2022 - 03:47:28: [SM] Blaming: retakes-instadefuse.smx
L 06/11/2022 - 03:47:28: [SM] Call stack trace:
L 06/11/2022 - 03:47:28: [SM]   [0] PrintToChat
L 06/11/2022 - 03:47:28: [SM]   [1] Line 197, plugin.sp::AttemptInstantDefuse
L 06/11/2022 - 03:47:29: [SM]   [2] Line 104, plugin.sp::Event_BombBeginDefusePlusFrame
L 06/11/2022 - 03:48:01: [SM] Exception reported: Language phrase "InstaDefuseSuccessful" not found (arg 5)
L 06/11/2022 - 03:48:01: [SM] Blaming: retakes-instadefuse.smx
L 06/11/2022 - 03:48:01: [SM] Call stack trace:
L 06/11/2022 - 03:48:01: [SM]   [0] PrintToChat
L 06/11/2022 - 03:48:01: [SM]   [1] Line 197, plugin.sp::AttemptInstantDefuse
L 06/11/2022 - 03:48:01: [SM]   [2] Line 104, plugin.sp::Event_BombBeginDefusePlusFrame
L 06/11/2022 - 03:48:17: [SM] Exception reported: Language phrase "InstaDefuseSuccessful" not found (arg 5)
L 06/11/2022 - 03:48:17: [SM] Blaming: retakes-instadefuse.smx
L 06/11/2022 - 03:48:17: [SM] Call stack trace:
L 06/11/2022 - 03:48:17: [SM]   [0] PrintToChat
L 06/11/2022 - 03:48:17: [SM]   [1] Line 197, plugin.sp::AttemptInstantDefuse
L 06/11/2022 - 03:48:17: [SM]   [2] Line 104, plugin.sp::Event_BombBeginDefusePlusFrame
L 06/11/2022 - 03:48:34: [SM] Exception reported: Language phrase "InstaDefuseSuccessful" not found (arg 5)
L 06/11/2022 - 03:48:34: [SM] Blaming: retakes-instadefuse.smx
L 06/11/2022 - 03:48:34: [SM] Call stack trace:
L 06/11/2022 - 03:48:34: [SM]   [0] PrintToChat
L 06/11/2022 - 03:48:34: [SM]   [1] Line 197, plugin.sp::AttemptInstantDefuse
L 06/11/2022 - 03:48:34: [SM]   [2] Line 104, plugin.sp::Event_BombBeginDefusePlusFrame
L 06/11/2022 - 03:48:50: [SM] Exception reported: Language phrase "InstaDefuseSuccessful" not found (arg 5)
L 06/11/2022 - 03:48:50: [SM] Blaming: retakes-instadefuse.smx
L 06/11/2022 - 03:48:50: [SM] Call stack trace:
L 06/11/2022 - 03:48:50: [SM]   [0] PrintToChat
L 06/11/2022 - 03:48:50: [SM]   [1] Line 197, plugin.sp::AttemptInstantDefuse
L 06/11/2022 - 03:48:50: [SM]   [2] Line 104, plugin.sp::Event_BombBeginDefusePlusFrame
L 06/11/2022 - 03:49:04: [SM] Exception reported: Language phrase "InstaDefuseSuccessful" not found (arg 5)
L 06/11/2022 - 03:49:04: [SM] Blaming: retakes-instadefuse.smx
L 06/11/2022 - 03:49:04: [SM] Call stack trace:
L 06/11/2022 - 03:49:04: [SM]   [0] PrintToChat
L 06/11/2022 - 03:49:04: [SM]   [1] Line 197, plugin.sp::AttemptInstantDefuse
L 06/11/2022 - 03:49:04: [SM]   [2] Line 104, plugin.sp::Event_BombBeginDefusePlusFrame
L 06/11/2022 - 03:50:03: [SM] Exception reported: Language phrase "InstaDefuseSuccessful" not found (arg 5)
L 06/11/2022 - 03:50:03: [SM] Blaming: retakes-instadefuse.smx
L 06/11/2022 - 03:50:03: [SM] Call stack trace:
L 06/11/2022 - 03:50:03: [SM]   [0] PrintToChat
L 06/11/2022 - 03:50:03: [SM]   [1] Line 197, plugin.sp::AttemptInstantDefuse
L 06/11/2022 - 03:50:03: [SM]   [2] Line 104, plugin.sp::Event_BombBeginDefusePlusFrame
L 06/11/2022 - 03:50:21: [SM] Exception reported: Language phrase "InstaDefuseSuccessful" not found (arg 5)
L 06/11/2022 - 03:50:21: [SM] Blaming: retakes-instadefuse.smx
L 06/11/2022 - 03:50:21: [SM] Call stack trace:
L 06/11/2022 - 03:50:21: [SM]   [0] PrintToChat
L 06/11/2022 - 03:50:21: [SM]   [1] Line 197, plugin.sp::AttemptInstantDefuse
L 06/11/2022 - 03:50:21: [SM]   [2] Line 104, plugin.sp::Event_BombBeginDefusePlusFrame
L 06/11/2022 - 03:50:38: [SM] Exception reported: Language phrase "InstaDefuseSuccessful" not found (arg 5)
L 06/11/2022 - 03:50:38: [SM] Blaming: retakes-instadefuse.smx
L 06/11/2022 - 03:50:38: [SM] Call stack trace:
L 06/11/2022 - 03:50:38: [SM]   [0] PrintToChat
L 06/11/2022 - 03:50:38: [SM]   [1] Line 197, plugin.sp::AttemptInstantDefuse
L 06/11/2022 - 03:50:38: [SM]   [2] Line 104, plugin.sp::Event_BombBeginDefusePlusFrame
L 06/11/2022 - 03:51:05: [SM] Exception reported: Language phrase "InstaDefuseSuccessful" not found (arg 5)
L 06/11/2022 - 03:51:05: [SM] Blaming: retakes-instadefuse.smx
L 06/11/2022 - 03:51:05: [SM] Call stack trace:
L 06/11/2022 - 03:51:05: [SM]   [0] PrintToChat
L 06/11/2022 - 03:51:05: [SM]   [1] Line 197, plugin.sp::AttemptInstantDefuse
L 06/11/2022 - 03:51:05: [SM]   [2] Line 104, plugin.sp::Event_BombBeginDefusePlusFrame
L 06/11/2022 - 03:51:32: [SM] Exception reported: Language phrase "InstaDefuseSuccessful" not found (arg 5)
L 06/11/2022 - 03:51:32: [SM] Blaming: retakes-instadefuse.smx
L 06/11/2022 - 03:51:32: [SM] Call stack trace:
L 06/11/2022 - 03:51:32: [SM]   [0] PrintToChat
L 06/11/2022 - 03:51:32: [SM]   [1] Line 197, plugin.sp::AttemptInstantDefuse
L 06/11/2022 - 03:51:32: [SM]   [2] Line 104, plugin.sp::Event_BombBeginDefusePlusFrame
L 06/11/2022 - 03:51:50: [SM] Exception reported: Language phrase "InstaDefuseSuccessful" not found (arg 5)
L 06/11/2022 - 03:51:50: [SM] Blaming: retakes-instadefuse.smx
L 06/11/2022 - 03:51:50: [SM] Call stack trace:
L 06/11/2022 - 03:51:50: [SM]   [0] PrintToChat
L 06/11/2022 - 03:51:50: [SM]   [1] Line 197, plugin.sp::AttemptInstantDefuse
L 06/11/2022 - 03:51:50: [SM]   [2] Line 104, plugin.sp::Event_BombBeginDefusePlusFrame
L 06/11/2022 - 03:52:07: [SM] Exception reported: Language phrase "InstaDefuseSuccessful" not found (arg 5)
L 06/11/2022 - 03:52:07: [SM] Blaming: retakes-instadefuse.smx
L 06/11/2022 - 03:52:07: [SM] Call stack trace:
L 06/11/2022 - 03:52:07: [SM]   [0] PrintToChat
L 06/11/2022 - 03:52:07: [SM]   [1] Line 197, plugin.sp::AttemptInstantDefuse
L 06/11/2022 - 03:52:07: [SM]   [2] Line 104, plugin.sp::Event_BombBeginDefusePlusFrame
L 06/11/2022 - 03:52:19: [SM] Exception reported: Language phrase "InstaDefuseSuccessful" not found (arg 5)
L 06/11/2022 - 03:52:19: [SM] Blaming: retakes-instadefuse.smx
L 06/11/2022 - 03:52:19: [SM] Call stack trace:
L 06/11/2022 - 03:52:19: [SM]   [0] PrintToChat
L 06/11/2022 - 03:52:19: [SM]   [1] Line 197, plugin.sp::AttemptInstantDefuse
L 06/11/2022 - 03:52:19: [SM]   [2] Line 104, plugin.sp::Event_BombBeginDefusePlusFrame
L 06/11/2022 - 03:52:52: [SM] Exception reported: Language phrase "InstaDefuseSuccessful" not found (arg 5)
L 06/11/2022 - 03:52:52: [SM] Blaming: retakes-instadefuse.smx
L 06/11/2022 - 03:52:52: [SM] Call stack trace:
L 06/11/2022 - 03:52:52: [SM]   [0] PrintToChat
L 06/11/2022 - 03:52:52: [SM]   [1] Line 197, plugin.sp::AttemptInstantDefuse
L 06/11/2022 - 03:52:52: [SM]   [2] Line 104, plugin.sp::Event_BombBeginDefusePlusFrame
L 06/11/2022 - 03:53:59: [SM] Exception reported: Language phrase "InstaDefuseUnsuccessful" not found (arg 5)
L 06/11/2022 - 03:53:59: [SM] Blaming: retakes-instadefuse.smx
L 06/11/2022 - 03:53:59: [SM] Call stack trace:
L 06/11/2022 - 03:53:59: [SM]   [0] PrintToChat
L 06/11/2022 - 03:53:59: [SM]   [1] Line 143, plugin.sp::AttemptInstantDefuse
L 06/11/2022 - 03:53:59: [SM]   [2] Line 104, plugin.sp::Event_BombBeginDefusePlusFrame
L 06/11/2022 - 03:54:00: [SM] Exception reported: Language phrase "InstaDefuseUnsuccessful" not found (arg 5)
L 06/11/2022 - 03:54:00: [SM] Blaming: retakes-instadefuse.smx
L 06/11/2022 - 03:54:00: [SM] Call stack trace:
L 06/11/2022 - 03:54:00: [SM]   [0] PrintToChat
L 06/11/2022 - 03:54:00: [SM]   [1] Line 143, plugin.sp::AttemptInstantDefuse
L 06/11/2022 - 03:54:00: [SM]   [2] Line 104, plugin.sp::Event_BombBeginDefusePlusFrame
L 06/11/2022 - 03:54:00: [SM] Exception reported: Language phrase "InstaDefuseUnsuccessful" not found (arg 5)
L 06/11/2022 - 03:54:00: [SM] Blaming: retakes-instadefuse.smx
L 06/11/2022 - 03:54:00: [SM] Call stack trace:
L 06/11/2022 - 03:54:00: [SM]   [0] PrintToChat
L 06/11/2022 - 03:54:00: [SM]   [1] Line 143, plugin.sp::AttemptInstantDefuse
L 06/11/2022 - 03:54:00: [SM]   [2] Line 104, plugin.sp::Event_BombBeginDefusePlusFrame
L 06/11/2022 - 03:54:00: [SM] Exception reported: Language phrase "InstaDefuseUnsuccessful" not found (arg 5)
L 06/11/2022 - 03:54:00: [SM] Blaming: retakes-instadefuse.smx
L 06/11/2022 - 03:54:00: [SM] Call stack trace:
L 06/11/2022 - 03:54:00: [SM]   [0] PrintToChat
L 06/11/2022 - 03:54:00: [SM]   [1] Line 143, plugin.sp::AttemptInstantDefuse
L 06/11/2022 - 03:54:00: [SM]   [2] Line 104, plugin.sp::Event_BombBeginDefusePlusFrame
L 06/11/2022 - 03:54:00: [SM] Exception reported: Language phrase "InstaDefuseUnsuccessful" not found (arg 5)
L 06/11/2022 - 03:54:00: [SM] Blaming: retakes-instadefuse.smx
L 06/11/2022 - 03:54:00: [SM] Call stack trace:
L 06/11/2022 - 03:54:00: [SM]   [0] PrintToChat
L 06/11/2022 - 03:54:00: [SM]   [1] Line 143, plugin.sp::AttemptInstantDefuse
L 06/11/2022 - 03:54:01: [SM]   [2] Line 104, plugin.sp::Event_BombBeginDefusePlusFrame
L 06/11/2022 - 03:54:01: [SM] Exception reported: Language phrase "InstaDefuseUnsuccessful" not found (arg 5)
L 06/11/2022 - 03:54:01: [SM] Blaming: retakes-instadefuse.smx
L 06/11/2022 - 03:54:01: [SM] Call stack trace:
L 06/11/2022 - 03:54:01: [SM]   [0] PrintToChat
L 06/11/2022 - 03:54:01: [SM]   [1] Line 143, plugin.sp::AttemptInstantDefuse
L 06/11/2022 - 03:54:01: [SM]   [2] Line 104, plugin.sp::Event_BombBeginDefusePlusFrame
L 06/11/2022 - 03:54:15: [SM] Exception reported: Language phrase "InstaDefuseSuccessful" not found (arg 5)
L 06/11/2022 - 03:54:15: [SM] Blaming: retakes-instadefuse.smx
L 06/11/2022 - 03:54:15: [SM] Call stack trace:
L 06/11/2022 - 03:54:15: [SM]   [0] PrintToChat
L 06/11/2022 - 03:54:15: [SM]   [1] Line 197, plugin.sp::AttemptInstantDefuse
L 06/11/2022 - 03:54:15: [SM]   [2] Line 104, plugin.sp::Event_BombBeginDefusePlusFrame
L 06/11/2022 - 03:54:51: [SM] Exception reported: Language phrase "InstaDefuseSuccessful" not found (arg 5)
L 06/11/2022 - 03:54:51: [SM] Blaming: retakes-instadefuse.smx
L 06/11/2022 - 03:54:51: [SM] Call stack trace:
L 06/11/2022 - 03:54:51: [SM]   [0] PrintToChat
L 06/11/2022 - 03:54:51: [SM]   [1] Line 197, plugin.sp::AttemptInstantDefuse
L 06/11/2022 - 03:54:51: [SM]   [2] Line 104, plugin.sp::Event_BombBeginDefusePlusFrame
L 06/11/2022 - 03:55:06: [SM] Exception reported: Language phrase "InstaDefuseSuccessful" not found (arg 5)
L 06/11/2022 - 03:55:06: [SM] Blaming: retakes-instadefuse.smx
L 06/11/2022 - 03:55:06: [SM] Call stack trace:
L 06/11/2022 - 03:55:06: [SM]   [0] PrintToChat
L 06/11/2022 - 03:55:06: [SM]   [1] Line 197, plugin.sp::AttemptInstantDefuse
L 06/11/2022 - 03:55:06: [SM]   [2] Line 104, plugin.sp::Event_BombBeginDefusePlusFrame
L 06/11/2022 - 03:55:28: [SM] Exception reported: Language phrase "InstaDefuseSuccessful" not found (arg 5)
L 06/11/2022 - 03:55:28: [SM] Blaming: retakes-instadefuse.smx
L 06/11/2022 - 03:55:28: [SM] Call stack trace:
L 06/11/2022 - 03:55:28: [SM]   [0] PrintToChat
L 06/11/2022 - 03:55:28: [SM]   [1] Line 197, plugin.sp::AttemptInstantDefuse
L 06/11/2022 - 03:55:28: [SM]   [2] Line 104, plugin.sp::Event_BombBeginDefusePlusFrame
L 06/11/2022 - 03:55:46: [SM] Exception reported: Language phrase "InstaDefuseSuccessful" not found (arg 5)
L 06/11/2022 - 03:55:46: [SM] Blaming: retakes-instadefuse.smx
L 06/11/2022 - 03:55:46: [SM] Call stack trace:
L 06/11/2022 - 03:55:46: [SM]   [0] PrintToChat
L 06/11/2022 - 03:55:46: [SM]   [1] Line 197, plugin.sp::AttemptInstantDefuse
L 06/11/2022 - 03:55:46: [SM]   [2] Line 104, plugin.sp::Event_BombBeginDefusePlusFrame
L 06/11/2022 - 03:56:05: [SM] Exception reported: Language phrase "InstaDefuseSuccessful" not found (arg 5)
L 06/11/2022 - 03:56:05: [SM] Blaming: retakes-instadefuse.smx
L 06/11/2022 - 03:56:05: [SM] Call stack trace:
L 06/11/2022 - 03:56:05: [SM]   [0] PrintToChat
L 06/11/2022 - 03:56:05: [SM]   [1] Line 197, plugin.sp::AttemptInstantDefuse
L 06/11/2022 - 03:56:05: [SM]   [2] Line 104, plugin.sp::Event_BombBeginDefusePlusFrame
L 06/11/2022 - 03:56:28: [SM] Exception reported: Language phrase "InstaDefuseSuccessful" not found (arg 5)
L 06/11/2022 - 03:56:28: [SM] Blaming: retakes-instadefuse.smx
L 06/11/2022 - 03:56:28: [SM] Call stack trace:
L 06/11/2022 - 03:56:28: [SM]   [0] PrintToChat
L 06/11/2022 - 03:56:28: [SM]   [1] Line 197, plugin.sp::AttemptInstantDefuse
L 06/11/2022 - 03:56:28: [SM]   [2] Line 104, plugin.sp::Event_BombBeginDefusePlusFrame
L 06/11/2022 - 03:56:45: [SM] Exception reported: Language phrase "InstaDefuseSuccessful" not found (arg 5)
L 06/11/2022 - 03:56:45: [SM] Blaming: retakes-instadefuse.smx
L 06/11/2022 - 03:56:45: [SM] Call stack trace:
L 06/11/2022 - 03:56:45: [SM]   [0] PrintToChat
L 06/11/2022 - 03:56:45: [SM]   [1] Line 197, plugin.sp::AttemptInstantDefuse
L 06/11/2022 - 03:56:45: [SM]   [2] Line 104, plugin.sp::Event_BombBeginDefusePlusFrame
L 06/11/2022 - 03:57:07: [SM] Exception reported: Language phrase "InstaDefuseSuccessful" not found (arg 5)
L 06/11/2022 - 03:57:07: [SM] Blaming: retakes-instadefuse.smx
L 06/11/2022 - 03:57:07: [SM] Call stack trace:
L 06/11/2022 - 03:57:07: [SM]   [0] PrintToChat
L 06/11/2022 - 03:57:07: [SM]   [1] Line 197, plugin.sp::AttemptInstantDefuse
L 06/11/2022 - 03:57:07: [SM]   [2] Line 104, plugin.sp::Event_BombBeginDefusePlusFrame
L 06/11/2022 - 03:57:20: [SM] Exception reported: Language phrase "InstaDefuseSuccessful" not found (arg 5)
L 06/11/2022 - 03:57:20: [SM] Blaming: retakes-instadefuse.smx
L 06/11/2022 - 03:57:20: [SM] Call stack trace:
L 06/11/2022 - 03:57:20: [SM]   [0] PrintToChat
L 06/11/2022 - 03:57:20: [SM]   [1] Line 197, plugin.sp::AttemptInstantDefuse
L 06/11/2022 - 03:57:20: [SM]   [2] Line 104, plugin.sp::Event_BombBeginDefusePlusFrame
L 06/11/2022 - 03:57:33: [SM] Exception reported: Language phrase "InstaDefuseSuccessful" not found (arg 5)
L 06/11/2022 - 03:57:33: [SM] Blaming: retakes-instadefuse.smx
L 06/11/2022 - 03:57:33: [SM] Call stack trace:
L 06/11/2022 - 03:57:33: [SM]   [0] PrintToChat
L 06/11/2022 - 03:57:33: [SM]   [1] Line 197, plugin.sp::AttemptInstantDefuse
L 06/11/2022 - 03:57:33: [SM]   [2] Line 104, plugin.sp::Event_BombBeginDefusePlusFrame
L 06/11/2022 - 03:57:53: [SM] Exception reported: Language phrase "InstaDefuseSuccessful" not found (arg 5)
L 06/11/2022 - 03:57:53: [SM] Blaming: retakes-instadefuse.smx
L 06/11/2022 - 03:57:53: [SM] Call stack trace:
L 06/11/2022 - 03:57:53: [SM]   [0] PrintToChat
L 06/11/2022 - 03:57:53: [SM]   [1] Line 197, plugin.sp::AttemptInstantDefuse
L 06/11/2022 - 03:57:53: [SM]   [2] Line 104, plugin.sp::Event_BombBeginDefusePlusFrame
L 06/11/2022 - 03:58:29: [SM] Exception reported: Language phrase "InstaDefuseSuccessful" not found (arg 5)
L 06/11/2022 - 03:58:29: [SM] Blaming: retakes-instadefuse.smx
L 06/11/2022 - 03:58:29: [SM] Call stack trace:
L 06/11/2022 - 03:58:29: [SM]   [0] PrintToChat
L 06/11/2022 - 03:58:29: [SM]   [1] Line 197, plugin.sp::AttemptInstantDefuse
L 06/11/2022 - 03:58:29: [SM]   [2] Line 104, plugin.sp::Event_BombBeginDefusePlusFrame
L 06/11/2022 - 03:58:44: [SM] Exception reported: Language phrase "InstaDefuseSuccessful" not found (arg 5)
L 06/11/2022 - 03:58:44: [SM] Blaming: retakes-instadefuse.smx
L 06/11/2022 - 03:58:44: [SM] Call stack trace:
L 06/11/2022 - 03:58:44: [SM]   [0] PrintToChat
L 06/11/2022 - 03:58:44: [SM]   [1] Line 197, plugin.sp::AttemptInstantDefuse
L 06/11/2022 - 03:58:44: [SM]   [2] Line 104, plugin.sp::Event_BombBeginDefusePlusFrame
L 06/11/2022 - 03:59:00: [SM] Exception reported: Language phrase "InstaDefuseSuccessful" not found (arg 5)
L 06/11/2022 - 03:59:00: [SM] Blaming: retakes-instadefuse.smx
L 06/11/2022 - 03:59:00: [SM] Call stack trace:
L 06/11/2022 - 03:59:00: [SM]   [0] PrintToChat
L 06/11/2022 - 03:59:00: [SM]   [1] Line 197, plugin.sp::AttemptInstantDefuse
L 06/11/2022 - 03:59:00: [SM]   [2] Line 104, plugin.sp::Event_BombBeginDefusePlusFrame
L 06/11/2022 - 03:59:14: [SM] Exception reported: Language phrase "InstaDefuseSuccessful" not found (arg 5)
L 06/11/2022 - 03:59:14: [SM] Blaming: retakes-instadefuse.smx
L 06/11/2022 - 03:59:14: [SM] Call stack trace:
L 06/11/2022 - 03:59:14: [SM]   [0] PrintToChat
L 06/11/2022 - 03:59:14: [SM]   [1] Line 197, plugin.sp::AttemptInstantDefuse
L 06/11/2022 - 03:59:14: [SM]   [2] Line 104, plugin.sp::Event_BombBeginDefusePlusFrame
L 06/11/2022 - 03:59:38: [SM] Exception reported: Language phrase "InstaDefuseSuccessful" not found (arg 5)
L 06/11/2022 - 03:59:38: [SM] Blaming: retakes-instadefuse.smx
L 06/11/2022 - 03:59:38: [SM] Call stack trace:
L 06/11/2022 - 03:59:38: [SM]   [0] PrintToChat
L 06/11/2022 - 03:59:38: [SM]   [1] Line 197, plugin.sp::AttemptInstantDefuse
L 06/11/2022 - 03:59:38: [SM]   [2] Line 104, plugin.sp::Event_BombBeginDefusePlusFrame
L 06/11/2022 - 04:00:33: [SM] Exception reported: Language phrase "InstaDefuseSuccessful" not found (arg 5)
L 06/11/2022 - 04:00:33: [SM] Blaming: retakes-instadefuse.smx
L 06/11/2022 - 04:00:33: [SM] Call stack trace:
L 06/11/2022 - 04:00:33: [SM]   [0] PrintToChat
L 06/11/2022 - 04:00:33: [SM]   [1] Line 197, plugin.sp::AttemptInstantDefuse
L 06/11/2022 - 04:00:33: [SM]   [2] Line 104, plugin.sp::Event_BombBeginDefusePlusFrame
L 06/11/2022 - 04:00:53: [SM] Exception reported: Language phrase "InstaDefuseSuccessful" not found (arg 5)
L 06/11/2022 - 04:00:53: [SM] Blaming: retakes-instadefuse.smx
L 06/11/2022 - 04:00:53: [SM] Call stack trace:
L 06/11/2022 - 04:00:53: [SM]   [0] PrintToChat
L 06/11/2022 - 04:00:53: [SM]   [1] Line 197, plugin.sp::AttemptInstantDefuse
L 06/11/2022 - 04:00:53: [SM]   [2] Line 104, plugin.sp::Event_BombBeginDefusePlusFrame
L 06/11/2022 - 04:01:08: [SM] Exception reported: Language phrase "InstaDefuseSuccessful" not found (arg 5)
L 06/11/2022 - 04:01:08: [SM] Blaming: retakes-instadefuse.smx
L 06/11/2022 - 04:01:08: [SM] Call stack trace:
L 06/11/2022 - 04:01:08: [SM]   [0] PrintToChat
L 06/11/2022 - 04:01:08: [SM]   [1] Line 197, plugin.sp::AttemptInstantDefuse
L 06/11/2022 - 04:01:08: [SM]   [2] Line 104, plugin.sp::Event_BombBeginDefusePlusFrame
L 06/11/2022 - 04:01:25: [SM] Exception reported: Language phrase "InstaDefuseSuccessful" not found (arg 5)
L 06/11/2022 - 04:01:25: [SM] Blaming: retakes-instadefuse.smx
L 06/11/2022 - 04:01:25: [SM] Call stack trace:
L 06/11/2022 - 04:01:25: [SM]   [0] PrintToChat
L 06/11/2022 - 04:01:25: [SM]   [1] Line 197, plugin.sp::AttemptInstantDefuse
L 06/11/2022 - 04:01:25: [SM]   [2] Line 104, plugin.sp::Event_BombBeginDefusePlusFrame
L 06/11/2022 - 04:01:47: [SM] Exception reported: Language phrase "InstaDefuseSuccessful" not found (arg 5)
L 06/11/2022 - 04:01:47: [SM] Blaming: retakes-instadefuse.smx
L 06/11/2022 - 04:01:47: [SM] Call stack trace:
L 06/11/2022 - 04:01:47: [SM]   [0] PrintToChat
L 06/11/2022 - 04:01:47: [SM]   [1] Line 197, plugin.sp::AttemptInstantDefuse
L 06/11/2022 - 04:01:47: [SM]   [2] Line 104, plugin.sp::Event_BombBeginDefusePlusFrame
L 06/11/2022 - 04:02:05: [SM] Exception reported: Language phrase "InstaDefuseSuccessful" not found (arg 5)
L 06/11/2022 - 04:02:05: [SM] Blaming: retakes-instadefuse.smx
L 06/11/2022 - 04:02:05: [SM] Call stack trace:
L 06/11/2022 - 04:02:05: [SM]   [0] PrintToChat
L 06/11/2022 - 04:02:05: [SM]   [1] Line 197, plugin.sp::AttemptInstantDefuse
L 06/11/2022 - 04:02:05: [SM]   [2] Line 104, plugin.sp::Event_BombBeginDefusePlusFrame
L 06/11/2022 - 04:02:39: [SM] Exception reported: Language phrase "InstaDefuseSuccessful" not found (arg 5)
L 06/11/2022 - 04:02:39: [SM] Blaming: retakes-instadefuse.smx
L 06/11/2022 - 04:02:39: [SM] Call stack trace:
L 06/11/2022 - 04:02:39: [SM]   [0] PrintToChat
L 06/11/2022 - 04:02:39: [SM]   [1] Line 197, plugin.sp::AttemptInstantDefuse
L 06/11/2022 - 04:02:39: [SM]   [2] Line 104, plugin.sp::Event_BombBeginDefusePlusFrame
L 06/11/2022 - 04:02:57: [SM] Exception reported: Language phrase "InstaDefuseSuccessful" not found (arg 5)
L 06/11/2022 - 04:02:57: [SM] Blaming: retakes-instadefuse.smx
L 06/11/2022 - 04:02:57: [SM] Call stack trace:
L 06/11/2022 - 04:02:57: [SM]   [0] PrintToChat
L 06/11/2022 - 04:02:57: [SM]   [1] Line 197, plugin.sp::AttemptInstantDefuse
L 06/11/2022 - 04:02:57: [SM]   [2] Line 104, plugin.sp::Event_BombBeginDefusePlusFrame
L 06/11/2022 - 04:03:23: [SM] Exception reported: Language phrase "InstaDefuseSuccessful" not found (arg 5)
L 06/11/2022 - 04:03:23: [SM] Blaming: retakes-instadefuse.smx
L 06/11/2022 - 04:03:23: [SM] Call stack trace:
L 06/11/2022 - 04:03:23: [SM]   [0] PrintToChat
L 06/11/2022 - 04:03:23: [SM]   [1] Line 197, plugin.sp::AttemptInstantDefuse
L 06/11/2022 - 04:03:23: [SM]   [2] Line 104, plugin.sp::Event_BombBeginDefusePlusFrame
L 06/11/2022 - 04:03:55: [SM] Exception reported: Language phrase "InstaDefuseSuccessful" not found (arg 5)
L 06/11/2022 - 04:03:55: [SM] Blaming: retakes-instadefuse.smx
L 06/11/2022 - 04:03:55: [SM] Call stack trace:
L 06/11/2022 - 04:03:55: [SM]   [0] PrintToChat
L 06/11/2022 - 04:03:55: [SM]   [1] Line 197, plugin.sp::AttemptInstantDefuse
L 06/11/2022 - 04:03:55: [SM]   [2] Line 104, plugin.sp::Event_BombBeginDefusePlusFrame
L 06/11/2022 - 04:04:11: [SM] Exception reported: Language phrase "InstaDefuseSuccessful" not found (arg 5)
L 06/11/2022 - 04:04:11: [SM] Blaming: retakes-instadefuse.smx
L 06/11/2022 - 04:04:11: [SM] Call stack trace:
L 06/11/2022 - 04:04:11: [SM]   [0] PrintToChat
L 06/11/2022 - 04:04:11: [SM]   [1] Line 197, plugin.sp::AttemptInstantDefuse
L 06/11/2022 - 04:04:11: [SM]   [2] Line 104, plugin.sp::Event_BombBeginDefusePlusFrame
L 06/11/2022 - 04:04:34: [SM] Exception reported: Language phrase "InstaDefuseSuccessful" not found (arg 5)
L 06/11/2022 - 04:04:34: [SM] Blaming: retakes-instadefuse.smx
L 06/11/2022 - 04:04:34: [SM] Call stack trace:
L 06/11/2022 - 04:04:34: [SM]   [0] PrintToChat
L 06/11/2022 - 04:04:34: [SM]   [1] Line 197, plugin.sp::AttemptInstantDefuse
L 06/11/2022 - 04:04:34: [SM]   [2] Line 104, plugin.sp::Event_BombBeginDefusePlusFrame
L 06/11/2022 - 04:04:59: [SM] Exception reported: Language phrase "InstaDefuseSuccessful" not found (arg 5)
L 06/11/2022 - 04:04:59: [SM] Blaming: retakes-instadefuse.smx
L 06/11/2022 - 04:04:59: [SM] Call stack trace:
L 06/11/2022 - 04:04:59: [SM]   [0] PrintToChat
L 06/11/2022 - 04:04:59: [SM]   [1] Line 197, plugin.sp::AttemptInstantDefuse
L 06/11/2022 - 04:04:59: [SM]   [2] Line 104, plugin.sp::Event_BombBeginDefusePlusFrame
L 06/11/2022 - 04:05:16: [SM] Exception reported: Language phrase "InstaDefuseSuccessful" not found (arg 5)
L 06/11/2022 - 04:05:16: [SM] Blaming: retakes-instadefuse.smx
L 06/11/2022 - 04:05:16: [SM] Call stack trace:
L 06/11/2022 - 04:05:16: [SM]   [0] PrintToChat
L 06/11/2022 - 04:05:16: [SM]   [1] Line 197, plugin.sp::AttemptInstantDefuse
L 06/11/2022 - 04:05:16: [SM]   [2] Line 104, plugin.sp::Event_BombBeginDefusePlusFrame
L 06/11/2022 - 04:05:33: [SM] Exception reported: Language phrase "InstaDefuseSuccessful" not found (arg 5)
L 06/11/2022 - 04:05:33: [SM] Blaming: retakes-instadefuse.smx
L 06/11/2022 - 04:05:33: [SM] Call stack trace:
L 06/11/2022 - 04:05:33: [SM]   [0] PrintToChat
L 06/11/2022 - 04:05:33: [SM]   [1] Line 197, plugin.sp::AttemptInstantDefuse
L 06/11/2022 - 04:05:33: [SM]   [2] Line 104, plugin.sp::Event_BombBeginDefusePlusFrame
L 06/11/2022 - 04:05:49: [SM] Exception reported: Language phrase "InstaDefuseSuccessful" not found (arg 5)
L 06/11/2022 - 04:05:49: [SM] Blaming: retakes-instadefuse.smx
L 06/11/2022 - 04:05:49: [SM] Call stack trace:
L 06/11/2022 - 04:05:49: [SM]   [0] PrintToChat
L 06/11/2022 - 04:05:49: [SM]   [1] Line 197, plugin.sp::AttemptInstantDefuse
L 06/11/2022 - 04:05:49: [SM]   [2] Line 104, plugin.sp::Event_BombBeginDefusePlusFrame
L 06/11/2022 - 04:06:13: [SM] Exception reported: Language phrase "InstaDefuseSuccessful" not found (arg 5)
L 06/11/2022 - 04:06:13: [SM] Blaming: retakes-instadefuse.smx
L 06/11/2022 - 04:06:13: [SM] Call stack trace:
L 06/11/2022 - 04:06:13: [SM]   [0] PrintToChat
L 06/11/2022 - 04:06:13: [SM]   [1] Line 197, plugin.sp::AttemptInstantDefuse
L 06/11/2022 - 04:06:13: [SM]   [2] Line 104, plugin.sp::Event_BombBeginDefusePlusFrame
L 06/11/2022 - 04:06:52: [SM] Exception reported: Language phrase "InstaDefuseSuccessful" not found (arg 5)
L 06/11/2022 - 04:06:52: [SM] Blaming: retakes-instadefuse.smx
L 06/11/2022 - 04:06:52: [SM] Call stack trace:
L 06/11/2022 - 04:06:52: [SM]   [0] PrintToChat
L 06/11/2022 - 04:06:52: [SM]   [1] Line 197, plugin.sp::AttemptInstantDefuse
L 06/11/2022 - 04:06:52: [SM]   [2] Line 104, plugin.sp::Event_BombBeginDefusePlusFrame
L 06/11/2022 - 04:07:15: [SM] Exception reported: Language phrase "InstaDefuseSuccessful" not found (arg 5)
L 06/11/2022 - 04:07:15: [SM] Blaming: retakes-instadefuse.smx
L 06/11/2022 - 04:07:15: [SM] Call stack trace:
L 06/11/2022 - 04:07:15: [SM]   [0] PrintToChat
L 06/11/2022 - 04:07:15: [SM]   [1] Line 197, plugin.sp::AttemptInstantDefuse
L 06/11/2022 - 04:07:15: [SM]   [2] Line 104, plugin.sp::Event_BombBeginDefusePlusFrame
L 06/11/2022 - 04:10:22: [SM] Exception reported: Language phrase "InstaDefuseSuccessful" not found (arg 5)
L 06/11/2022 - 04:10:22: [SM] Blaming: retakes-instadefuse.smx
L 06/11/2022 - 04:10:22: [SM] Call stack trace:
L 06/11/2022 - 04:10:22: [SM]   [0] PrintToChat
L 06/11/2022 - 04:10:22: [SM]   [1] Line 197, plugin.sp::AttemptInstantDefuse
L 06/11/2022 - 04:10:22: [SM]   [2] Line 104, plugin.sp::Event_BombBeginDefusePlusFrame
L 06/11/2022 - 04:10:39: [SM] Exception reported: Language phrase "InstaDefuseSuccessful" not found (arg 5)
L 06/11/2022 - 04:10:39: [SM] Blaming: retakes-instadefuse.smx
L 06/11/2022 - 04:10:39: [SM] Call stack trace:
L 06/11/2022 - 04:10:39: [SM]   [0] PrintToChat
L 06/11/2022 - 04:10:39: [SM]   [1] Line 197, plugin.sp::AttemptInstantDefuse
L 06/11/2022 - 04:10:39: [SM]   [2] Line 104, plugin.sp::Event_BombBeginDefusePlusFrame
L 06/11/2022 - 04:14:04: [SM] Exception reported: Language phrase "InstaDefuseSuccessful" not found (arg 5)
L 06/11/2022 - 04:14:04: [SM] Blaming: retakes-instadefuse.smx
L 06/11/2022 - 04:14:04: [SM] Call stack trace:
L 06/11/2022 - 04:14:04: [SM]   [0] PrintToChat
L 06/11/2022 - 04:14:04: [SM]   [1] Line 197, plugin.sp::AttemptInstantDefuse
L 06/11/2022 - 04:14:04: [SM]   [2] Line 104, plugin.sp::Event_BombBeginDefusePlusFrame
L 06/11/2022 - 04:14:32: [SM] Exception reported: Language phrase "InstaDefuseSuccessful" not found (arg 5)
L 06/11/2022 - 04:14:32: [SM] Blaming: retakes-instadefuse.smx
L 06/11/2022 - 04:14:32: [SM] Call stack trace:
L 06/11/2022 - 04:14:32: [SM]   [0] PrintToChat
L 06/11/2022 - 04:14:32: [SM]   [1] Line 197, plugin.sp::AttemptInstantDefuse
L 06/11/2022 - 04:14:32: [SM]   [2] Line 104, plugin.sp::Event_BombBeginDefusePlusFrame
L 06/11/2022 - 04:15:08: [SM] Exception reported: Language phrase "InstaDefuseSuccessful" not found (arg 5)
L 06/11/2022 - 04:15:08: [SM] Blaming: retakes-instadefuse.smx
L 06/11/2022 - 04:15:08: [SM] Call stack trace:
L 06/11/2022 - 04:15:08: [SM]   [0] PrintToChat
L 06/11/2022 - 04:15:08: [SM]   [1] Line 197, plugin.sp::AttemptInstantDefuse
L 06/11/2022 - 04:15:08: [SM]   [2] Line 104, plugin.sp::Event_BombBeginDefusePlusFrame
L 06/11/2022 - 04:15:35: [SM] Exception reported: Language phrase "LiveNadeSomewhere" not found (arg 5)
L 06/11/2022 - 04:15:35: [SM] Blaming: retakes-instadefuse.smx
L 06/11/2022 - 04:15:35: [SM] Call stack trace:
L 06/11/2022 - 04:15:35: [SM]   [0] PrintToChat
L 06/11/2022 - 04:15:35: [SM]   [1] Line 168, plugin.sp::AttemptInstantDefuse
L 06/11/2022 - 04:15:35: [SM]   [2] Line 104, plugin.sp::Event_BombBeginDefusePlusFrame
L 06/11/2022 - 04:16:05: [SM] Exception reported: Language phrase "InstaDefuseSuccessful" not found (arg 5)
L 06/11/2022 - 04:16:05: [SM] Blaming: retakes-instadefuse.smx
L 06/11/2022 - 04:16:05: [SM] Call stack trace:
L 06/11/2022 - 04:16:05: [SM]   [0] PrintToChat
L 06/11/2022 - 04:16:05: [SM]   [1] Line 197, plugin.sp::AttemptInstantDefuse
L 06/11/2022 - 04:16:05: [SM]   [2] Line 104, plugin.sp::Event_BombBeginDefusePlusFrame
L 06/11/2022 - 04:17:05: [SM] Exception reported: Language phrase "InstaDefuseSuccessful" not found (arg 5)
L 06/11/2022 - 04:17:05: [SM] Blaming: retakes-instadefuse.smx
L 06/11/2022 - 04:17:05: [SM] Call stack trace:
L 06/11/2022 - 04:17:05: [SM]   [0] PrintToChat
L 06/11/2022 - 04:17:05: [SM]   [1] Line 197, plugin.sp::AttemptInstantDefuse
L 06/11/2022 - 04:17:05: [SM]   [2] Line 104, plugin.sp::Event_BombBeginDefusePlusFrame
L 06/11/2022 - 04:18:48: [SM] Exception reported: Language phrase "InstaDefuseSuccessful" not found (arg 5)
L 06/11/2022 - 04:18:48: [SM] Blaming: retakes-instadefuse.smx
L 06/11/2022 - 04:18:48: [SM] Call stack trace:
L 06/11/2022 - 04:18:48: [SM]   [0] PrintToChat
L 06/11/2022 - 04:18:48: [SM]   [1] Line 197, plugin.sp::AttemptInstantDefuse
L 06/11/2022 - 04:18:48: [SM]   [2] Line 104, plugin.sp::Event_BombBeginDefusePlusFrame
L 06/11/2022 - 04:19:31: [SM] Exception reported: Language phrase "InstaDefuseSuccessful" not found (arg 5)
L 06/11/2022 - 04:19:31: [SM] Blaming: retakes-instadefuse.smx
L 06/11/2022 - 04:19:31: [SM] Call stack trace:
L 06/11/2022 - 04:19:31: [SM]   [0] PrintToChat
L 06/11/2022 - 04:19:31: [SM]   [1] Line 197, plugin.sp::AttemptInstantDefuse
L 06/11/2022 - 04:19:31: [SM]   [2] Line 104, plugin.sp::Event_BombBeginDefusePlusFrame
L 06/11/2022 - 04:19:53: [SM] Exception reported: Language phrase "InstaDefuseSuccessful" not found (arg 5)
L 06/11/2022 - 04:19:53: [SM] Blaming: retakes-instadefuse.smx
L 06/11/2022 - 04:19:53: [SM] Call stack trace:
L 06/11/2022 - 04:19:53: [SM]   [0] PrintToChat
L 06/11/2022 - 04:19:53: [SM]   [1] Line 197, plugin.sp::AttemptInstantDefuse
L 06/11/2022 - 04:19:53: [SM]   [2] Line 104, plugin.sp::Event_BombBeginDefusePlusFrame
L 06/11/2022 - 04:20:22: [SM] Exception reported: Language phrase "InstaDefuseSuccessful" not found (arg 5)
L 06/11/2022 - 04:20:22: [SM] Blaming: retakes-instadefuse.smx
L 06/11/2022 - 04:20:22: [SM] Call stack trace:
L 06/11/2022 - 04:20:22: [SM]   [0] PrintToChat
L 06/11/2022 - 04:20:22: [SM]   [1] Line 197, plugin.sp::AttemptInstantDefuse
L 06/11/2022 - 04:20:22: [SM]   [2] Line 104, plugin.sp::Event_BombBeginDefusePlusFrame
L 06/11/2022 - 04:21:39: [SM] Exception reported: Language phrase "InstaDefuseSuccessful" not found (arg 5)
L 06/11/2022 - 04:21:39: [SM] Blaming: retakes-instadefuse.smx
L 06/11/2022 - 04:21:39: [SM] Call stack trace:
L 06/11/2022 - 04:21:39: [SM]   [0] PrintToChat
L 06/11/2022 - 04:21:39: [SM]   [1] Line 197, plugin.sp::AttemptInstantDefuse
L 06/11/2022 - 04:21:39: [SM]   [2] Line 104, plugin.sp::Event_BombBeginDefusePlusFrame
L 06/11/2022 - 04:23:26: [SM] Exception reported: Language phrase "InstaDefuseSuccessful" not found (arg 5)
L 06/11/2022 - 04:23:26: [SM] Blaming: retakes-instadefuse.smx
L 06/11/2022 - 04:23:26: [SM] Call stack trace:
L 06/11/2022 - 04:23:26: [SM]   [0] PrintToChat
L 06/11/2022 - 04:23:26: [SM]   [1] Line 197, plugin.sp::AttemptInstantDefuse
L 06/11/2022 - 04:23:26: [SM]   [2] Line 104, plugin.sp::Event_BombBeginDefusePlusFrame
L 06/11/2022 - 04:23:47: [SM] Exception reported: Language phrase "InstaDefuseSuccessful" not found (arg 5)
L 06/11/2022 - 04:23:47: [SM] Blaming: retakes-instadefuse.smx
L 06/11/2022 - 04:23:47: [SM] Call stack trace:
L 06/11/2022 - 04:23:47: [SM]   [0] PrintToChat
L 06/11/2022 - 04:23:47: [SM]   [1] Line 197, plugin.sp::AttemptInstantDefuse
L 06/11/2022 - 04:23:47: [SM]   [2] Line 104, plugin.sp::Event_BombBeginDefusePlusFrame
L 06/11/2022 - 04:24:48: [SM] Exception reported: Language phrase "InstaDefuseSuccessful" not found (arg 5)
L 06/11/2022 - 04:24:48: [SM] Blaming: retakes-instadefuse.smx
L 06/11/2022 - 04:24:48: [SM] Call stack trace:
L 06/11/2022 - 04:24:48: [SM]   [0] PrintToChat
L 06/11/2022 - 04:24:48: [SM]   [1] Line 197, plugin.sp::AttemptInstantDefuse
L 06/11/2022 - 04:24:48: [SM]   [2] Line 104, plugin.sp::Event_BombBeginDefusePlusFrame
L 06/11/2022 - 04:25:34: [SM] Exception reported: Language phrase "InstaDefuseSuccessful" not found (arg 5)
L 06/11/2022 - 04:25:34: [SM] Blaming: retakes-instadefuse.smx
L 06/11/2022 - 04:25:34: [SM] Call stack trace:
L 06/11/2022 - 04:25:34: [SM]   [0] PrintToChat
L 06/11/2022 - 04:25:34: [SM]   [1] Line 197, plugin.sp::AttemptInstantDefuse
L 06/11/2022 - 04:25:34: [SM]   [2] Line 104, plugin.sp::Event_BombBeginDefusePlusFrame
L 06/11/2022 - 04:25:59: [SM] Exception reported: Language phrase "InstaDefuseSuccessful" not found (arg 5)
L 06/11/2022 - 04:25:59: [SM] Blaming: retakes-instadefuse.smx
L 06/11/2022 - 04:25:59: [SM] Call stack trace:
L 06/11/2022 - 04:25:59: [SM]   [0] PrintToChat
L 06/11/2022 - 04:25:59: [SM]   [1] Line 197, plugin.sp::AttemptInstantDefuse
L 06/11/2022 - 04:25:59: [SM]   [2] Line 104, plugin.sp::Event_BombBeginDefusePlusFrame
L 06/11/2022 - 04:26:34: [SM] Exception reported: Language phrase "InstaDefuseSuccessful" not found (arg 5)
L 06/11/2022 - 04:26:34: [SM] Blaming: retakes-instadefuse.smx
L 06/11/2022 - 04:26:34: [SM] Call stack trace:
L 06/11/2022 - 04:26:34: [SM]   [0] PrintToChat
L 06/11/2022 - 04:26:34: [SM]   [1] Line 197, plugin.sp::AttemptInstantDefuse
L 06/11/2022 - 04:26:34: [SM]   [2] Line 104, plugin.sp::Event_BombBeginDefusePlusFrame
L 06/11/2022 - 04:27:25: [SM] Exception reported: Language phrase "InstaDefuseSuccessful" not found (arg 5)
L 06/11/2022 - 04:27:25: [SM] Blaming: retakes-instadefuse.smx
L 06/11/2022 - 04:27:25: [SM] Call stack trace:
L 06/11/2022 - 04:27:25: [SM]   [0] PrintToChat
L 06/11/2022 - 04:27:25: [SM]   [1] Line 197, plugin.sp::AttemptInstantDefuse
L 06/11/2022 - 04:27:25: [SM]   [2] Line 104, plugin.sp::Event_BombBeginDefusePlusFrame
L 06/11/2022 - 04:28:18: [SM] Exception reported: Language phrase "InstaDefuseSuccessful" not found (arg 5)
L 06/11/2022 - 04:28:18: [SM] Blaming: retakes-instadefuse.smx
L 06/11/2022 - 04:28:18: [SM] Call stack trace:
L 06/11/2022 - 04:28:18: [SM]   [0] PrintToChat
L 06/11/2022 - 04:28:18: [SM]   [1] Line 197, plugin.sp::AttemptInstantDefuse
L 06/11/2022 - 04:28:18: [SM]   [2] Line 104, plugin.sp::Event_BombBeginDefusePlusFrame
L 06/11/2022 - 04:28:41: [SM] Exception reported: Language phrase "InstaDefuseSuccessful" not found (arg 5)
L 06/11/2022 - 04:28:41: [SM] Blaming: retakes-instadefuse.smx
L 06/11/2022 - 04:28:41: [SM] Call stack trace:
L 06/11/2022 - 04:28:41: [SM]   [0] PrintToChat
L 06/11/2022 - 04:28:41: [SM]   [1] Line 197, plugin.sp::AttemptInstantDefuse
L 06/11/2022 - 04:28:41: [SM]   [2] Line 104, plugin.sp::Event_BombBeginDefusePlusFrame
L 06/11/2022 - 04:29:17: [SM] Exception reported: Language phrase "InstaDefuseSuccessful" not found (arg 5)
L 06/11/2022 - 04:29:17: [SM] Blaming: retakes-instadefuse.smx
L 06/11/2022 - 04:29:17: [SM] Call stack trace:
L 06/11/2022 - 04:29:17: [SM]   [0] PrintToChat
L 06/11/2022 - 04:29:17: [SM]   [1] Line 197, plugin.sp::AttemptInstantDefuse
L 06/11/2022 - 04:29:17: [SM]   [2] Line 104, plugin.sp::Event_BombBeginDefusePlusFrame
L 06/11/2022 - 04:29:59: [SM] Exception reported: Language phrase "InstaDefuseSuccessful" not found (arg 5)
L 06/11/2022 - 04:29:59: [SM] Blaming: retakes-instadefuse.smx
L 06/11/2022 - 04:29:59: [SM] Call stack trace:
L 06/11/2022 - 04:29:59: [SM]   [0] PrintToChat
L 06/11/2022 - 04:29:59: [SM]   [1] Line 197, plugin.sp::AttemptInstantDefuse
L 06/11/2022 - 04:29:59: [SM]   [2] Line 104, plugin.sp::Event_BombBeginDefusePlusFrame
L 06/11/2022 - 04:31:38: [SM] Exception reported: Language phrase "InstaDefuseSuccessful" not found (arg 5)
L 06/11/2022 - 04:31:38: [SM] Blaming: retakes-instadefuse.smx
L 06/11/2022 - 04:31:38: [SM] Call stack trace:
L 06/11/2022 - 04:31:38: [SM]   [0] PrintToChat
L 06/11/2022 - 04:31:38: [SM]   [1] Line 197, plugin.sp::AttemptInstantDefuse
L 06/11/2022 - 04:31:38: [SM]   [2] Line 104, plugin.sp::Event_BombBeginDefusePlusFrame
L 06/11/2022 - 04:32:12: [SM] Exception reported: Language phrase "InstaDefuseSuccessful" not found (arg 5)
L 06/11/2022 - 04:32:12: [SM] Blaming: retakes-instadefuse.smx
L 06/11/2022 - 04:32:12: [SM] Call stack trace:
L 06/11/2022 - 04:32:12: [SM]   [0] PrintToChat
L 06/11/2022 - 04:32:12: [SM]   [1] Line 197, plugin.sp::AttemptInstantDefuse
L 06/11/2022 - 04:32:12: [SM]   [2] Line 104, plugin.sp::Event_BombBeginDefusePlusFrame
L 06/11/2022 - 04:32:41: [SM] Exception reported: Language phrase "InstaDefuseSuccessful" not found (arg 5)
L 06/11/2022 - 04:32:41: [SM] Blaming: retakes-instadefuse.smx
L 06/11/2022 - 04:32:41: [SM] Call stack trace:
L 06/11/2022 - 04:32:41: [SM]   [0] PrintToChat
L 06/11/2022 - 04:32:41: [SM]   [1] Line 197, plugin.sp::AttemptInstantDefuse
L 06/11/2022 - 04:32:41: [SM]   [2] Line 104, plugin.sp::Event_BombBeginDefusePlusFrame
L 06/11/2022 - 04:33:37: [SM] Exception reported: Language phrase "InstaDefuseSuccessful" not found (arg 5)
L 06/11/2022 - 04:33:37: [SM] Blaming: retakes-instadefuse.smx
L 06/11/2022 - 04:33:37: [SM] Call stack trace:
L 06/11/2022 - 04:33:37: [SM]   [0] PrintToChat
L 06/11/2022 - 04:33:37: [SM]   [1] Line 197, plugin.sp::AttemptInstantDefuse
L 06/11/2022 - 04:33:37: [SM]   [2] Line 104, plugin.sp::Event_BombBeginDefusePlusFrame
L 06/11/2022 - 04:34:18: [SM] Exception reported: Language phrase "InstaDefuseUnsuccessful" not found (arg 5)
L 06/11/2022 - 04:34:18: [SM] Blaming: retakes-instadefuse.smx
L 06/11/2022 - 04:34:18: [SM] Call stack trace:
L 06/11/2022 - 04:34:18: [SM]   [0] PrintToChat
L 06/11/2022 - 04:34:18: [SM]   [1] Line 143, plugin.sp::AttemptInstantDefuse
L 06/11/2022 - 04:34:18: [SM]   [2] Line 104, plugin.sp::Event_BombBeginDefusePlusFrame
L 06/11/2022 - 04:34:18: [SM] Exception reported: Language phrase "InstaDefuseUnsuccessful" not found (arg 5)
L 06/11/2022 - 04:34:18: [SM] Blaming: retakes-instadefuse.smx
L 06/11/2022 - 04:34:18: [SM] Call stack trace:
L 06/11/2022 - 04:34:18: [SM]   [0] PrintToChat
L 06/11/2022 - 04:34:18: [SM]   [1] Line 143, plugin.sp::AttemptInstantDefuse
L 06/11/2022 - 04:34:18: [SM]   [2] Line 104, plugin.sp::Event_BombBeginDefusePlusFrame
L 06/11/2022 - 04:34:18: [SM] Exception reported: Language phrase "InstaDefuseUnsuccessful" not found (arg 5)
L 06/11/2022 - 04:34:18: [SM] Blaming: retakes-instadefuse.smx
L 06/11/2022 - 04:34:18: [SM] Call stack trace:
L 06/11/2022 - 04:34:18: [SM]   [0] PrintToChat
L 06/11/2022 - 04:34:18: [SM]   [1] Line 143, plugin.sp::AttemptInstantDefuse
L 06/11/2022 - 04:34:18: [SM]   [2] Line 104, plugin.sp::Event_BombBeginDefusePlusFrame
L 06/11/2022 - 04:34:19: [SM] Exception reported: Language phrase "InstaDefuseUnsuccessful" not found (arg 5)
L 06/11/2022 - 04:34:19: [SM] Blaming: retakes-instadefuse.smx
L 06/11/2022 - 04:34:19: [SM] Call stack trace:
L 06/11/2022 - 04:34:19: [SM]   [0] PrintToChat
L 06/11/2022 - 04:34:19: [SM]   [1] Line 143, plugin.sp::AttemptInstantDefuse
L 06/11/2022 - 04:34:19: [SM]   [2] Line 104, plugin.sp::Event_BombBeginDefusePlusFrame
L 06/11/2022 - 04:34:19: [SM] Exception reported: Language phrase "InstaDefuseUnsuccessful" not found (arg 5)
L 06/11/2022 - 04:34:19: [SM] Blaming: retakes-instadefuse.smx
L 06/11/2022 - 04:34:19: [SM] Call stack trace:
L 06/11/2022 - 04:34:19: [SM]   [0] PrintToChat
L 06/11/2022 - 04:34:19: [SM]   [1] Line 143, plugin.sp::AttemptInstantDefuse
L 06/11/2022 - 04:34:19: [SM]   [2] Line 104, plugin.sp::Event_BombBeginDefusePlusFrame
L 06/11/2022 - 04:34:19: [SM] Exception reported: Language phrase "InstaDefuseUnsuccessful" not found (arg 5)
L 06/11/2022 - 04:34:19: [SM] Blaming: retakes-instadefuse.smx
L 06/11/2022 - 04:34:19: [SM] Call stack trace:
L 06/11/2022 - 04:34:19: [SM]   [0] PrintToChat
L 06/11/2022 - 04:34:19: [SM]   [1] Line 143, plugin.sp::AttemptInstantDefuse
L 06/11/2022 - 04:34:19: [SM]   [2] Line 104, plugin.sp::Event_BombBeginDefusePlusFrame
L 06/11/2022 - 04:34:19: [SM] Exception reported: Language phrase "InstaDefuseUnsuccessful" not found (arg 5)
L 06/11/2022 - 04:34:19: [SM] Blaming: retakes-instadefuse.smx
L 06/11/2022 - 04:34:19: [SM] Call stack trace:
L 06/11/2022 - 04:34:19: [SM]   [0] PrintToChat
L 06/11/2022 - 04:34:19: [SM]   [1] Line 143, plugin.sp::AttemptInstantDefuse
L 06/11/2022 - 04:34:19: [SM]   [2] Line 104, plugin.sp::Event_BombBeginDefusePlusFrame
L 06/11/2022 - 04:34:41: [SM] Exception reported: Language phrase "InstaDefuseSuccessful" not found (arg 5)
L 06/11/2022 - 04:34:41: [SM] Blaming: retakes-instadefuse.smx
L 06/11/2022 - 04:34:41: [SM] Call stack trace:
L 06/11/2022 - 04:34:41: [SM]   [0] PrintToChat
L 06/11/2022 - 04:34:41: [SM]   [1] Line 197, plugin.sp::AttemptInstantDefuse
L 06/11/2022 - 04:34:41: [SM]   [2] Line 104, plugin.sp::Event_BombBeginDefusePlusFrame
L 06/11/2022 - 04:35:45: [SM] Exception reported: Language phrase "InstaDefuseSuccessful" not found (arg 5)
L 06/11/2022 - 04:35:45: [SM] Blaming: retakes-instadefuse.smx
L 06/11/2022 - 04:35:45: [SM] Call stack trace:
L 06/11/2022 - 04:35:45: [SM]   [0] PrintToChat
L 06/11/2022 - 04:35:45: [SM]   [1] Line 197, plugin.sp::AttemptInstantDefuse
L 06/11/2022 - 04:35:45: [SM]   [2] Line 104, plugin.sp::Event_BombBeginDefusePlusFrame
L 06/11/2022 - 04:36:07: [SM] Exception reported: Language phrase "InstaDefuseSuccessful" not found (arg 5)
L 06/11/2022 - 04:36:07: [SM] Blaming: retakes-instadefuse.smx
L 06/11/2022 - 04:36:07: [SM] Call stack trace:
L 06/11/2022 - 04:36:07: [SM]   [0] PrintToChat
L 06/11/2022 - 04:36:07: [SM]   [1] Line 197, plugin.sp::AttemptInstantDefuse
L 06/11/2022 - 04:36:07: [SM]   [2] Line 104, plugin.sp::Event_BombBeginDefusePlusFrame
L 06/11/2022 - 04:36:44: [SM] Exception reported: Language phrase "InstaDefuseSuccessful" not found (arg 5)
L 06/11/2022 - 04:36:44: [SM] Blaming: retakes-instadefuse.smx
L 06/11/2022 - 04:36:44: [SM] Call stack trace:
L 06/11/2022 - 04:36:44: [SM]   [0] PrintToChat
L 06/11/2022 - 04:36:44: [SM]   [1] Line 197, plugin.sp::AttemptInstantDefuse
L 06/11/2022 - 04:36:44: [SM]   [2] Line 104, plugin.sp::Event_BombBeginDefusePlusFrame
L 06/11/2022 - 04:37:07: [SM] Exception reported: Language phrase "InstaDefuseSuccessful" not found (arg 5)
L 06/11/2022 - 04:37:07: [SM] Blaming: retakes-instadefuse.smx
L 06/11/2022 - 04:37:07: [SM] Call stack trace:
L 06/11/2022 - 04:37:07: [SM]   [0] PrintToChat
L 06/11/2022 - 04:37:07: [SM]   [1] Line 197, plugin.sp::AttemptInstantDefuse
L 06/11/2022 - 04:37:07: [SM]   [2] Line 104, plugin.sp::Event_BombBeginDefusePlusFrame
L 06/11/2022 - 04:37:55: [SM] Exception reported: Language phrase "InstaDefuseSuccessful" not found (arg 5)
L 06/11/2022 - 04:37:55: [SM] Blaming: retakes-instadefuse.smx
L 06/11/2022 - 04:37:55: [SM] Call stack trace:
L 06/11/2022 - 04:37:55: [SM]   [0] PrintToChat
L 06/11/2022 - 04:37:55: [SM]   [1] Line 197, plugin.sp::AttemptInstantDefuse
L 06/11/2022 - 04:37:55: [SM]   [2] Line 104, plugin.sp::Event_BombBeginDefusePlusFrame
L 06/11/2022 - 04:38:48: [SM] Exception reported: Language phrase "InstaDefuseSuccessful" not found (arg 5)
L 06/11/2022 - 04:38:48: [SM] Blaming: retakes-instadefuse.smx
L 06/11/2022 - 04:38:48: [SM] Call stack trace:
L 06/11/2022 - 04:38:48: [SM]   [0] PrintToChat
L 06/11/2022 - 04:38:48: [SM]   [1] Line 197, plugin.sp::AttemptInstantDefuse
L 06/11/2022 - 04:38:48: [SM]   [2] Line 104, plugin.sp::Event_BombBeginDefusePlusFrame
L 06/11/2022 - 04:39:08: [SM] Exception reported: Language phrase "InstaDefuseSuccessful" not found (arg 5)
L 06/11/2022 - 04:39:08: [SM] Blaming: retakes-instadefuse.smx
L 06/11/2022 - 04:39:08: [SM] Call stack trace:
L 06/11/2022 - 04:39:08: [SM]   [0] PrintToChat
L 06/11/2022 - 04:39:08: [SM]   [1] Line 197, plugin.sp::AttemptInstantDefuse
L 06/11/2022 - 04:39:08: [SM]   [2] Line 104, plugin.sp::Event_BombBeginDefusePlusFrame
L 06/11/2022 - 04:39:46: [SM] Exception reported: Language phrase "InstaDefuseSuccessful" not found (arg 5)
L 06/11/2022 - 04:39:46: [SM] Blaming: retakes-instadefuse.smx
L 06/11/2022 - 04:39:46: [SM] Call stack trace:
L 06/11/2022 - 04:39:46: [SM]   [0] PrintToChat
L 06/11/2022 - 04:39:46: [SM]   [1] Line 197, plugin.sp::AttemptInstantDefuse
L 06/11/2022 - 04:39:46: [SM]   [2] Line 104, plugin.sp::Event_BombBeginDefusePlusFrame
