L 04/18/2022 - 20:30:04: SourceMod error session started
L 04/18/2022 - 20:30:04: Info (map "de_mirage") (file "E:\retake\csgoserver\csgo\addons\sourcemod\logs\errors_20220418.log")
L 04/18/2022 - 20:30:04: [SM] Unable to load extension "PhysHooks.ext": Could not find patch signature for symbol: Physics_RunThinkFunctions
L 04/18/2022 - 20:30:07: [SM] Unable to load plugin "bot_inventory.smx": Native "eItems_AreItemsSynced" was not found
L 04/18/2022 - 20:30:07: [SM] Unable to load plugin "bot_stuff.smx": Could not find required plugin "navmesh"
L 04/18/2022 - 20:30:07: [SM] Unable to load plugin "LagCompensation.smx": Required extension "PhysHooks" file("PhysHooks.ext") not running
L 04/18/2022 - 20:30:09: [SM] Fatal error encountered parsing translation file "ranks_matchmaking.phrases.txt"
L 04/18/2022 - 20:30:09: [SM] Error (line 0, column 0): Stream failed to open
L 04/18/2022 - 20:30:09: [SM] Fatal error encountered parsing translation file "instadefuse.phrases.txt"
L 04/18/2022 - 20:30:09: [SM] Error (line 0, column 0): Stream failed to open
L 04/18/2022 - 20:30:31: [SM] Exception reported: Language phrase "Unranked" not found (arg 5)
L 04/18/2022 - 20:30:31: [SM] Blaming: ranks_matchmaking.smx
L 04/18/2022 - 20:30:31: [SM] Call stack trace:
L 04/18/2022 - 20:30:31: [SM]   [0] FormatEx
L 04/18/2022 - 20:30:31: [SM]   [1] Line 174, ranks_matchmaking.sp::GetRanksNames
L 04/18/2022 - 20:30:31: [SM]   [2] Line 169, ranks_matchmaking.sp::OnMapStart
L 04/18/2022 - 20:33:42: SourceMod error session started
L 04/18/2022 - 20:33:42: Info (map "de_mirage") (file "E:\retake\csgoserver\csgo\addons\sourcemod\logs\errors_20220418.log")
L 04/18/2022 - 20:33:42: [SM] Unable to load extension "PhysHooks.ext": Could not find patch signature for symbol: Physics_RunThinkFunctions
L 04/18/2022 - 20:33:42: [SM] Unable to load plugin "bot_inventory.smx": Native "eItems_AreItemsSynced" was not found
L 04/18/2022 - 20:33:42: [SM] Unable to load plugin "bot_stuff.smx": Could not find required plugin "navmesh"
L 04/18/2022 - 20:33:42: [SM] Unable to load plugin "LagCompensation.smx": Required extension "PhysHooks" file("PhysHooks.ext") not running
L 04/18/2022 - 20:33:42: [SM] Fatal error encountered parsing translation file "ranks_matchmaking.phrases.txt"
L 04/18/2022 - 20:33:42: [SM] Error (line 0, column 0): Stream failed to open
L 04/18/2022 - 20:33:42: [SM] Fatal error encountered parsing translation file "instadefuse.phrases.txt"
L 04/18/2022 - 20:33:42: [SM] Error (line 0, column 0): Stream failed to open
L 04/18/2022 - 20:33:45: [SM] Exception reported: Language phrase "Unranked" not found (arg 5)
L 04/18/2022 - 20:33:45: [SM] Blaming: ranks_matchmaking.smx
L 04/18/2022 - 20:33:45: [SM] Call stack trace:
L 04/18/2022 - 20:33:45: [SM]   [0] FormatEx
L 04/18/2022 - 20:33:45: [SM]   [1] Line 174, ranks_matchmaking.sp::GetRanksNames
L 04/18/2022 - 20:33:45: [SM]   [2] Line 169, ranks_matchmaking.sp::OnMapStart
L 04/18/2022 - 20:36:00: SourceMod error session started
L 04/18/2022 - 20:36:00: Info (map "de_mirage") (file "E:\retake\csgoserver\csgo\addons\sourcemod\logs\errors_20220418.log")
L 04/18/2022 - 20:36:00: [SM] Unable to load extension "PhysHooks.ext": Could not find patch signature for symbol: Physics_RunThinkFunctions
L 04/18/2022 - 20:36:00: [SM] Unable to load plugin "bot_inventory.smx": Native "eItems_AreItemsSynced" was not found
L 04/18/2022 - 20:36:00: [SM] Unable to load plugin "bot_stuff.smx": Could not find required plugin "navmesh"
L 04/18/2022 - 20:36:00: [SM] Unable to load plugin "LagCompensation.smx": Required extension "PhysHooks" file("PhysHooks.ext") not running
L 04/18/2022 - 20:36:00: [SM] Fatal error encountered parsing translation file "ranks_matchmaking.phrases.txt"
L 04/18/2022 - 20:36:00: [SM] Error (line 0, column 0): Stream failed to open
L 04/18/2022 - 20:36:00: [SM] Fatal error encountered parsing translation file "instadefuse.phrases.txt"
L 04/18/2022 - 20:36:00: [SM] Error (line 0, column 0): Stream failed to open
L 04/18/2022 - 20:36:03: [SM] Exception reported: Language phrase "Unranked" not found (arg 5)
L 04/18/2022 - 20:36:03: [SM] Blaming: ranks_matchmaking.smx
L 04/18/2022 - 20:36:03: [SM] Call stack trace:
L 04/18/2022 - 20:36:03: [SM]   [0] FormatEx
L 04/18/2022 - 20:36:03: [SM]   [1] Line 174, ranks_matchmaking.sp::GetRanksNames
L 04/18/2022 - 20:36:03: [SM]   [2] Line 169, ranks_matchmaking.sp::OnMapStart
L 04/18/2022 - 20:36:08: Error log file session closed.
L 04/18/2022 - 20:36:08: SourceMod error session started
L 04/18/2022 - 20:36:08: Info (map "de_mirage") (file "E:\retake\csgoserver\csgo\addons\sourcemod\logs\errors_20220418.log")
L 04/18/2022 - 20:36:08: [SM] Fatal error encountered parsing translation file "ranks_matchmaking.phrases.txt"
L 04/18/2022 - 20:36:08: [SM] Error (line 0, column 0): Stream failed to open
L 04/18/2022 - 20:36:08: [SM] Fatal error encountered parsing translation file "instadefuse.phrases.txt"
L 04/18/2022 - 20:36:08: [SM] Error (line 0, column 0): Stream failed to open
L 04/18/2022 - 20:36:09: [SM] Exception reported: Language phrase "Unranked" not found (arg 5)
L 04/18/2022 - 20:36:09: [SM] Blaming: ranks_matchmaking.smx
L 04/18/2022 - 20:36:09: [SM] Call stack trace:
L 04/18/2022 - 20:36:09: [SM]   [0] FormatEx
L 04/18/2022 - 20:36:09: [SM]   [1] Line 174, ranks_matchmaking.sp::GetRanksNames
L 04/18/2022 - 20:36:09: [SM]   [2] Line 169, ranks_matchmaking.sp::OnMapStart
L 04/18/2022 - 20:39:26: [SM] Exception reported: Language phrase "InstaDefuseSuccessful" not found (arg 5)
L 04/18/2022 - 20:39:26: [SM] Blaming: retakes-instadefuse.smx
L 04/18/2022 - 20:39:26: [SM] Call stack trace:
L 04/18/2022 - 20:39:26: [SM]   [0] PrintToChat
L 04/18/2022 - 20:39:26: [SM]   [1] Line 197, plugin.sp::AttemptInstantDefuse
L 04/18/2022 - 20:39:26: [SM]   [2] Line 104, plugin.sp::Event_BombBeginDefusePlusFrame
L 04/18/2022 - 20:40:44: [SM] Exception reported: Language phrase "InstaDefuseSuccessful" not found (arg 5)
L 04/18/2022 - 20:40:44: [SM] Blaming: retakes-instadefuse.smx
L 04/18/2022 - 20:40:44: [SM] Call stack trace:
L 04/18/2022 - 20:40:44: [SM]   [0] PrintToChat
L 04/18/2022 - 20:40:44: [SM]   [1] Line 197, plugin.sp::AttemptInstantDefuse
L 04/18/2022 - 20:40:44: [SM]   [2] Line 104, plugin.sp::Event_BombBeginDefusePlusFrame
L 04/18/2022 - 20:41:01: [SM] Exception reported: Language phrase "InstaDefuseSuccessful" not found (arg 5)
L 04/18/2022 - 20:41:01: [SM] Blaming: retakes-instadefuse.smx
L 04/18/2022 - 20:41:01: [SM] Call stack trace:
L 04/18/2022 - 20:41:01: [SM]   [0] PrintToChat
L 04/18/2022 - 20:41:01: [SM]   [1] Line 197, plugin.sp::AttemptInstantDefuse
L 04/18/2022 - 20:41:01: [SM]   [2] Line 104, plugin.sp::Event_BombBeginDefusePlusFrame
L 04/18/2022 - 20:41:52: [SM] Exception reported: Language phrase "InstaDefuseSuccessful" not found (arg 5)
L 04/18/2022 - 20:41:52: [SM] Blaming: retakes-instadefuse.smx
L 04/18/2022 - 20:41:52: [SM] Call stack trace:
L 04/18/2022 - 20:41:52: [SM]   [0] PrintToChat
L 04/18/2022 - 20:41:52: [SM]   [1] Line 197, plugin.sp::AttemptInstantDefuse
L 04/18/2022 - 20:41:52: [SM]   [2] Line 104, plugin.sp::Event_BombBeginDefusePlusFrame
L 04/18/2022 - 20:42:32: [SM] Exception reported: Language phrase "InstaDefuseUnsuccessful" not found (arg 5)
L 04/18/2022 - 20:42:32: [SM] Blaming: retakes-instadefuse.smx
L 04/18/2022 - 20:42:32: [SM] Call stack trace:
L 04/18/2022 - 20:42:32: [SM]   [0] PrintToChat
L 04/18/2022 - 20:42:32: [SM]   [1] Line 143, plugin.sp::AttemptInstantDefuse
L 04/18/2022 - 20:42:32: [SM]   [2] Line 104, plugin.sp::Event_BombBeginDefusePlusFrame
L 04/18/2022 - 20:42:32: [SM] Exception reported: Language phrase "InstaDefuseUnsuccessful" not found (arg 5)
L 04/18/2022 - 20:42:32: [SM] Blaming: retakes-instadefuse.smx
L 04/18/2022 - 20:42:32: [SM] Call stack trace:
L 04/18/2022 - 20:42:32: [SM]   [0] PrintToChat
L 04/18/2022 - 20:42:32: [SM]   [1] Line 143, plugin.sp::AttemptInstantDefuse
L 04/18/2022 - 20:42:32: [SM]   [2] Line 104, plugin.sp::Event_BombBeginDefusePlusFrame
L 04/18/2022 - 20:42:33: [SM] Exception reported: Language phrase "InstaDefuseUnsuccessful" not found (arg 5)
L 04/18/2022 - 20:42:33: [SM] Blaming: retakes-instadefuse.smx
L 04/18/2022 - 20:42:33: [SM] Call stack trace:
L 04/18/2022 - 20:42:33: [SM]   [0] PrintToChat
L 04/18/2022 - 20:42:33: [SM]   [1] Line 143, plugin.sp::AttemptInstantDefuse
L 04/18/2022 - 20:42:33: [SM]   [2] Line 104, plugin.sp::Event_BombBeginDefusePlusFrame
L 04/18/2022 - 20:43:01: [SM] Exception reported: Language phrase "InstaDefuseSuccessful" not found (arg 5)
L 04/18/2022 - 20:43:01: [SM] Blaming: retakes-instadefuse.smx
L 04/18/2022 - 20:43:01: [SM] Call stack trace:
L 04/18/2022 - 20:43:01: [SM]   [0] PrintToChat
L 04/18/2022 - 20:43:01: [SM]   [1] Line 197, plugin.sp::AttemptInstantDefuse
L 04/18/2022 - 20:43:01: [SM]   [2] Line 104, plugin.sp::Event_BombBeginDefusePlusFrame
L 04/18/2022 - 20:44:06: [SM] Exception reported: Language phrase "InstaDefuseSuccessful" not found (arg 5)
L 04/18/2022 - 20:44:06: [SM] Blaming: retakes-instadefuse.smx
L 04/18/2022 - 20:44:06: [SM] Call stack trace:
L 04/18/2022 - 20:44:06: [SM]   [0] PrintToChat
L 04/18/2022 - 20:44:06: [SM]   [1] Line 197, plugin.sp::AttemptInstantDefuse
L 04/18/2022 - 20:44:06: [SM]   [2] Line 104, plugin.sp::Event_BombBeginDefusePlusFrame
L 04/18/2022 - 20:47:26: [SM] Exception reported: Language phrase "InstaDefuseSuccessful" not found (arg 5)
L 04/18/2022 - 20:47:26: [SM] Blaming: retakes-instadefuse.smx
L 04/18/2022 - 20:47:26: [SM] Call stack trace:
L 04/18/2022 - 20:47:26: [SM]   [0] PrintToChat
L 04/18/2022 - 20:47:26: [SM]   [1] Line 197, plugin.sp::AttemptInstantDefuse
L 04/18/2022 - 20:47:26: [SM]   [2] Line 104, plugin.sp::Event_BombBeginDefusePlusFrame
L 04/18/2022 - 20:47:28: [SM] Exception reported: Language phrase "InstaDefuseSuccessful" not found (arg 5)
L 04/18/2022 - 20:47:28: [SM] Blaming: retakes-instadefuse.smx
L 04/18/2022 - 20:47:28: [SM] Call stack trace:
L 04/18/2022 - 20:47:28: [SM]   [0] PrintToChat
L 04/18/2022 - 20:47:28: [SM]   [1] Line 197, plugin.sp::AttemptInstantDefuse
L 04/18/2022 - 20:47:28: [SM]   [2] Line 104, plugin.sp::Event_BombBeginDefusePlusFrame
L 04/18/2022 - 20:49:19: [SM] Exception reported: Language phrase "InstaDefuseSuccessful" not found (arg 5)
L 04/18/2022 - 20:49:19: [SM] Blaming: retakes-instadefuse.smx
L 04/18/2022 - 20:49:19: [SM] Call stack trace:
L 04/18/2022 - 20:49:19: [SM]   [0] PrintToChat
L 04/18/2022 - 20:49:19: [SM]   [1] Line 197, plugin.sp::AttemptInstantDefuse
L 04/18/2022 - 20:49:19: [SM]   [2] Line 104, plugin.sp::Event_BombBeginDefusePlusFrame
L 04/18/2022 - 20:50:01: [SM] Exception reported: Language phrase "InstaDefuseSuccessful" not found (arg 5)
L 04/18/2022 - 20:50:01: [SM] Blaming: retakes-instadefuse.smx
L 04/18/2022 - 20:50:01: [SM] Call stack trace:
L 04/18/2022 - 20:50:01: [SM]   [0] PrintToChat
L 04/18/2022 - 20:50:01: [SM]   [1] Line 197, plugin.sp::AttemptInstantDefuse
L 04/18/2022 - 20:50:01: [SM]   [2] Line 104, plugin.sp::Event_BombBeginDefusePlusFrame
L 04/18/2022 - 20:50:35: [SM] Exception reported: Language phrase "InstaDefuseUnsuccessful" not found (arg 5)
L 04/18/2022 - 20:50:35: [SM] Blaming: retakes-instadefuse.smx
L 04/18/2022 - 20:50:35: [SM] Call stack trace:
L 04/18/2022 - 20:50:35: [SM]   [0] PrintToChat
L 04/18/2022 - 20:50:35: [SM]   [1] Line 143, plugin.sp::AttemptInstantDefuse
L 04/18/2022 - 20:50:35: [SM]   [2] Line 104, plugin.sp::Event_BombBeginDefusePlusFrame
L 04/18/2022 - 20:50:35: [SM] Exception reported: Language phrase "InstaDefuseUnsuccessful" not found (arg 5)
L 04/18/2022 - 20:50:35: [SM] Blaming: retakes-instadefuse.smx
L 04/18/2022 - 20:50:35: [SM] Call stack trace:
L 04/18/2022 - 20:50:35: [SM]   [0] PrintToChat
L 04/18/2022 - 20:50:35: [SM]   [1] Line 143, plugin.sp::AttemptInstantDefuse
L 04/18/2022 - 20:50:35: [SM]   [2] Line 104, plugin.sp::Event_BombBeginDefusePlusFrame
L 04/18/2022 - 20:50:35: [SM] Exception reported: Language phrase "InstaDefuseUnsuccessful" not found (arg 5)
L 04/18/2022 - 20:50:35: [SM] Blaming: retakes-instadefuse.smx
L 04/18/2022 - 20:50:35: [SM] Call stack trace:
L 04/18/2022 - 20:50:35: [SM]   [0] PrintToChat
L 04/18/2022 - 20:50:35: [SM]   [1] Line 143, plugin.sp::AttemptInstantDefuse
L 04/18/2022 - 20:50:35: [SM]   [2] Line 104, plugin.sp::Event_BombBeginDefusePlusFrame
L 04/18/2022 - 20:50:36: [SM] Exception reported: Language phrase "InstaDefuseUnsuccessful" not found (arg 5)
L 04/18/2022 - 20:50:36: [SM] Blaming: retakes-instadefuse.smx
L 04/18/2022 - 20:50:36: [SM] Call stack trace:
L 04/18/2022 - 20:50:36: [SM]   [0] PrintToChat
L 04/18/2022 - 20:50:36: [SM]   [1] Line 143, plugin.sp::AttemptInstantDefuse
L 04/18/2022 - 20:50:36: [SM]   [2] Line 104, plugin.sp::Event_BombBeginDefusePlusFrame
L 04/18/2022 - 20:50:36: [SM] Exception reported: Language phrase "InstaDefuseUnsuccessful" not found (arg 5)
L 04/18/2022 - 20:50:36: [SM] Blaming: retakes-instadefuse.smx
L 04/18/2022 - 20:50:36: [SM] Call stack trace:
L 04/18/2022 - 20:50:36: [SM]   [0] PrintToChat
L 04/18/2022 - 20:50:36: [SM]   [1] Line 143, plugin.sp::AttemptInstantDefuse
L 04/18/2022 - 20:50:36: [SM]   [2] Line 104, plugin.sp::Event_BombBeginDefusePlusFrame
L 04/18/2022 - 20:51:10: [SM] Exception reported: Language phrase "InstaDefuseUnsuccessful" not found (arg 5)
L 04/18/2022 - 20:51:10: [SM] Blaming: retakes-instadefuse.smx
L 04/18/2022 - 20:51:10: [SM] Call stack trace:
L 04/18/2022 - 20:51:10: [SM]   [0] PrintToChat
L 04/18/2022 - 20:51:10: [SM]   [1] Line 143, plugin.sp::AttemptInstantDefuse
L 04/18/2022 - 20:51:10: [SM]   [2] Line 104, plugin.sp::Event_BombBeginDefusePlusFrame
L 04/18/2022 - 20:51:10: [SM] Exception reported: Language phrase "InstaDefuseUnsuccessful" not found (arg 5)
L 04/18/2022 - 20:51:10: [SM] Blaming: retakes-instadefuse.smx
L 04/18/2022 - 20:51:10: [SM] Call stack trace:
L 04/18/2022 - 20:51:10: [SM]   [0] PrintToChat
L 04/18/2022 - 20:51:10: [SM]   [1] Line 143, plugin.sp::AttemptInstantDefuse
L 04/18/2022 - 20:51:10: [SM]   [2] Line 104, plugin.sp::Event_BombBeginDefusePlusFrame
L 04/18/2022 - 20:51:10: [SM] Exception reported: Language phrase "InstaDefuseUnsuccessful" not found (arg 5)
L 04/18/2022 - 20:51:10: [SM] Blaming: retakes-instadefuse.smx
L 04/18/2022 - 20:51:10: [SM] Call stack trace:
L 04/18/2022 - 20:51:10: [SM]   [0] PrintToChat
L 04/18/2022 - 20:51:10: [SM]   [1] Line 143, plugin.sp::AttemptInstantDefuse
L 04/18/2022 - 20:51:10: [SM]   [2] Line 104, plugin.sp::Event_BombBeginDefusePlusFrame
L 04/18/2022 - 20:51:10: [SM] Exception reported: Language phrase "InstaDefuseUnsuccessful" not found (arg 5)
L 04/18/2022 - 20:51:10: [SM] Blaming: retakes-instadefuse.smx
L 04/18/2022 - 20:51:10: [SM] Call stack trace:
L 04/18/2022 - 20:51:10: [SM]   [0] PrintToChat
L 04/18/2022 - 20:51:10: [SM]   [1] Line 143, plugin.sp::AttemptInstantDefuse
L 04/18/2022 - 20:51:10: [SM]   [2] Line 104, plugin.sp::Event_BombBeginDefusePlusFrame
L 04/18/2022 - 20:51:10: [SM] Exception reported: Language phrase "InstaDefuseUnsuccessful" not found (arg 5)
L 04/18/2022 - 20:51:10: [SM] Blaming: retakes-instadefuse.smx
L 04/18/2022 - 20:51:10: [SM] Call stack trace:
L 04/18/2022 - 20:51:10: [SM]   [0] PrintToChat
L 04/18/2022 - 20:51:10: [SM]   [1] Line 143, plugin.sp::AttemptInstantDefuse
L 04/18/2022 - 20:51:10: [SM]   [2] Line 104, plugin.sp::Event_BombBeginDefusePlusFrame
L 04/18/2022 - 20:51:11: [SM] Exception reported: Language phrase "InstaDefuseUnsuccessful" not found (arg 5)
L 04/18/2022 - 20:51:11: [SM] Blaming: retakes-instadefuse.smx
L 04/18/2022 - 20:51:11: [SM] Call stack trace:
L 04/18/2022 - 20:51:11: [SM]   [0] PrintToChat
L 04/18/2022 - 20:51:11: [SM]   [1] Line 143, plugin.sp::AttemptInstantDefuse
L 04/18/2022 - 20:51:11: [SM]   [2] Line 104, plugin.sp::Event_BombBeginDefusePlusFrame
L 04/18/2022 - 20:51:42: [SM] Exception reported: Language phrase "InstaDefuseSuccessful" not found (arg 5)
L 04/18/2022 - 20:51:42: [SM] Blaming: retakes-instadefuse.smx
L 04/18/2022 - 20:51:42: [SM] Call stack trace:
L 04/18/2022 - 20:51:42: [SM]   [0] PrintToChat
L 04/18/2022 - 20:51:42: [SM]   [1] Line 197, plugin.sp::AttemptInstantDefuse
L 04/18/2022 - 20:51:42: [SM]   [2] Line 104, plugin.sp::Event_BombBeginDefusePlusFrame
L 04/18/2022 - 20:52:05: [SM] Exception reported: Language phrase "InstaDefuseSuccessful" not found (arg 5)
L 04/18/2022 - 20:52:05: [SM] Blaming: retakes-instadefuse.smx
L 04/18/2022 - 20:52:05: [SM] Call stack trace:
L 04/18/2022 - 20:52:05: [SM]   [0] PrintToChat
L 04/18/2022 - 20:52:05: [SM]   [1] Line 197, plugin.sp::AttemptInstantDefuse
L 04/18/2022 - 20:52:05: [SM]   [2] Line 104, plugin.sp::Event_BombBeginDefusePlusFrame
L 04/18/2022 - 20:52:37: [SM] Exception reported: Language phrase "InstaDefuseSuccessful" not found (arg 5)
L 04/18/2022 - 20:52:37: [SM] Blaming: retakes-instadefuse.smx
L 04/18/2022 - 20:52:37: [SM] Call stack trace:
L 04/18/2022 - 20:52:37: [SM]   [0] PrintToChat
L 04/18/2022 - 20:52:37: [SM]   [1] Line 197, plugin.sp::AttemptInstantDefuse
L 04/18/2022 - 20:52:37: [SM]   [2] Line 104, plugin.sp::Event_BombBeginDefusePlusFrame
L 04/18/2022 - 20:53:40: [SM] Exception reported: Language phrase "InstaDefuseSuccessful" not found (arg 5)
L 04/18/2022 - 20:53:40: [SM] Blaming: retakes-instadefuse.smx
L 04/18/2022 - 20:53:40: [SM] Call stack trace:
L 04/18/2022 - 20:53:40: [SM]   [0] PrintToChat
L 04/18/2022 - 20:53:40: [SM]   [1] Line 197, plugin.sp::AttemptInstantDefuse
L 04/18/2022 - 20:53:40: [SM]   [2] Line 104, plugin.sp::Event_BombBeginDefusePlusFrame
L 04/18/2022 - 20:55:30: [SM] Exception reported: Language phrase "InstaDefuseSuccessful" not found (arg 5)
L 04/18/2022 - 20:55:30: [SM] Blaming: retakes-instadefuse.smx
L 04/18/2022 - 20:55:30: [SM] Call stack trace:
L 04/18/2022 - 20:55:30: [SM]   [0] PrintToChat
L 04/18/2022 - 20:55:30: [SM]   [1] Line 197, plugin.sp::AttemptInstantDefuse
L 04/18/2022 - 20:55:30: [SM]   [2] Line 104, plugin.sp::Event_BombBeginDefusePlusFrame
L 04/18/2022 - 20:56:49: [SM] Exception reported: Language phrase "InstaDefuseSuccessful" not found (arg 5)
L 04/18/2022 - 20:56:49: [SM] Blaming: retakes-instadefuse.smx
L 04/18/2022 - 20:56:49: [SM] Call stack trace:
L 04/18/2022 - 20:56:49: [SM]   [0] PrintToChat
L 04/18/2022 - 20:56:49: [SM]   [1] Line 197, plugin.sp::AttemptInstantDefuse
L 04/18/2022 - 20:56:49: [SM]   [2] Line 104, plugin.sp::Event_BombBeginDefusePlusFrame
L 04/18/2022 - 20:57:21: [SM] Exception reported: Language phrase "InstaDefuseSuccessful" not found (arg 5)
L 04/18/2022 - 20:57:21: [SM] Blaming: retakes-instadefuse.smx
L 04/18/2022 - 20:57:21: [SM] Call stack trace:
L 04/18/2022 - 20:57:21: [SM]   [0] PrintToChat
L 04/18/2022 - 20:57:21: [SM]   [1] Line 197, plugin.sp::AttemptInstantDefuse
L 04/18/2022 - 20:57:21: [SM]   [2] Line 104, plugin.sp::Event_BombBeginDefusePlusFrame
L 04/18/2022 - 20:57:48: [SM] Exception reported: Language phrase "LiveNadeSomewhere" not found (arg 5)
L 04/18/2022 - 20:57:48: [SM] Blaming: retakes-instadefuse.smx
L 04/18/2022 - 20:57:48: [SM] Call stack trace:
L 04/18/2022 - 20:57:48: [SM]   [0] PrintToChat
L 04/18/2022 - 20:57:48: [SM]   [1] Line 168, plugin.sp::AttemptInstantDefuse
L 04/18/2022 - 20:57:48: [SM]   [2] Line 104, plugin.sp::Event_BombBeginDefusePlusFrame
L 04/18/2022 - 20:58:29: [SM] Exception reported: Language phrase "InstaDefuseSuccessful" not found (arg 5)
L 04/18/2022 - 20:58:29: [SM] Blaming: retakes-instadefuse.smx
L 04/18/2022 - 20:58:29: [SM] Call stack trace:
L 04/18/2022 - 20:58:29: [SM]   [0] PrintToChat
L 04/18/2022 - 20:58:29: [SM]   [1] Line 197, plugin.sp::AttemptInstantDefuse
L 04/18/2022 - 20:58:29: [SM]   [2] Line 104, plugin.sp::Event_BombBeginDefusePlusFrame
L 04/18/2022 - 20:58:53: [SM] Exception reported: Language phrase "InstaDefuseSuccessful" not found (arg 5)
L 04/18/2022 - 20:58:53: [SM] Blaming: retakes-instadefuse.smx
L 04/18/2022 - 20:58:53: [SM] Call stack trace:
L 04/18/2022 - 20:58:53: [SM]   [0] PrintToChat
L 04/18/2022 - 20:58:53: [SM]   [1] Line 197, plugin.sp::AttemptInstantDefuse
L 04/18/2022 - 20:58:53: [SM]   [2] Line 104, plugin.sp::Event_BombBeginDefusePlusFrame
L 04/18/2022 - 20:59:09: [SM] Exception reported: Language phrase "InstaDefuseSuccessful" not found (arg 5)
L 04/18/2022 - 20:59:09: [SM] Blaming: retakes-instadefuse.smx
L 04/18/2022 - 20:59:09: [SM] Call stack trace:
L 04/18/2022 - 20:59:09: [SM]   [0] PrintToChat
L 04/18/2022 - 20:59:10: [SM]   [1] Line 197, plugin.sp::AttemptInstantDefuse
L 04/18/2022 - 20:59:10: [SM]   [2] Line 104, plugin.sp::Event_BombBeginDefusePlusFrame
L 04/18/2022 - 20:59:41: [SM] Exception reported: Language phrase "InstaDefuseSuccessful" not found (arg 5)
L 04/18/2022 - 20:59:41: [SM] Blaming: retakes-instadefuse.smx
L 04/18/2022 - 20:59:41: [SM] Call stack trace:
L 04/18/2022 - 20:59:41: [SM]   [0] PrintToChat
L 04/18/2022 - 20:59:41: [SM]   [1] Line 197, plugin.sp::AttemptInstantDefuse
L 04/18/2022 - 20:59:41: [SM]   [2] Line 104, plugin.sp::Event_BombBeginDefusePlusFrame
L 04/18/2022 - 21:00:00: [SM] Exception reported: Language phrase "InstaDefuseSuccessful" not found (arg 5)
L 04/18/2022 - 21:00:00: [SM] Blaming: retakes-instadefuse.smx
L 04/18/2022 - 21:00:00: [SM] Call stack trace:
L 04/18/2022 - 21:00:00: [SM]   [0] PrintToChat
L 04/18/2022 - 21:00:00: [SM]   [1] Line 197, plugin.sp::AttemptInstantDefuse
L 04/18/2022 - 21:00:00: [SM]   [2] Line 104, plugin.sp::Event_BombBeginDefusePlusFrame
L 04/18/2022 - 21:02:03: [SM] Exception reported: Language phrase "InstaDefuseSuccessful" not found (arg 5)
L 04/18/2022 - 21:02:03: [SM] Blaming: retakes-instadefuse.smx
L 04/18/2022 - 21:02:03: [SM] Call stack trace:
L 04/18/2022 - 21:02:03: [SM]   [0] PrintToChat
L 04/18/2022 - 21:02:03: [SM]   [1] Line 197, plugin.sp::AttemptInstantDefuse
L 04/18/2022 - 21:02:03: [SM]   [2] Line 104, plugin.sp::Event_BombBeginDefusePlusFrame
L 04/18/2022 - 21:02:50: [SM] Exception reported: Language phrase "InstaDefuseSuccessful" not found (arg 5)
L 04/18/2022 - 21:02:50: [SM] Blaming: retakes-instadefuse.smx
L 04/18/2022 - 21:02:51: [SM] Call stack trace:
L 04/18/2022 - 21:02:51: [SM]   [0] PrintToChat
L 04/18/2022 - 21:02:51: [SM]   [1] Line 197, plugin.sp::AttemptInstantDefuse
L 04/18/2022 - 21:02:51: [SM]   [2] Line 104, plugin.sp::Event_BombBeginDefusePlusFrame
L 04/18/2022 - 21:03:28: [SM] Exception reported: Language phrase "InstaDefuseSuccessful" not found (arg 5)
L 04/18/2022 - 21:03:28: [SM] Blaming: retakes-instadefuse.smx
L 04/18/2022 - 21:03:28: [SM] Call stack trace:
L 04/18/2022 - 21:03:28: [SM]   [0] PrintToChat
L 04/18/2022 - 21:03:28: [SM]   [1] Line 197, plugin.sp::AttemptInstantDefuse
L 04/18/2022 - 21:03:28: [SM]   [2] Line 104, plugin.sp::Event_BombBeginDefusePlusFrame
L 04/18/2022 - 21:04:34: [SM] Exception reported: Language phrase "InstaDefuseSuccessful" not found (arg 5)
L 04/18/2022 - 21:04:34: [SM] Blaming: retakes-instadefuse.smx
L 04/18/2022 - 21:04:34: [SM] Call stack trace:
L 04/18/2022 - 21:04:34: [SM]   [0] PrintToChat
L 04/18/2022 - 21:04:34: [SM]   [1] Line 197, plugin.sp::AttemptInstantDefuse
L 04/18/2022 - 21:04:34: [SM]   [2] Line 104, plugin.sp::Event_BombBeginDefusePlusFrame
L 04/18/2022 - 21:04:56: [SM] Exception reported: Language phrase "InstaDefuseSuccessful" not found (arg 5)
L 04/18/2022 - 21:04:56: [SM] Blaming: retakes-instadefuse.smx
L 04/18/2022 - 21:04:56: [SM] Call stack trace:
L 04/18/2022 - 21:04:56: [SM]   [0] PrintToChat
L 04/18/2022 - 21:04:56: [SM]   [1] Line 197, plugin.sp::AttemptInstantDefuse
L 04/18/2022 - 21:04:56: [SM]   [2] Line 104, plugin.sp::Event_BombBeginDefusePlusFrame
L 04/18/2022 - 21:05:36: [SM] Exception reported: Language phrase "InstaDefuseSuccessful" not found (arg 5)
L 04/18/2022 - 21:05:36: [SM] Blaming: retakes-instadefuse.smx
L 04/18/2022 - 21:05:36: [SM] Call stack trace:
L 04/18/2022 - 21:05:36: [SM]   [0] PrintToChat
L 04/18/2022 - 21:05:36: [SM]   [1] Line 197, plugin.sp::AttemptInstantDefuse
L 04/18/2022 - 21:05:36: [SM]   [2] Line 104, plugin.sp::Event_BombBeginDefusePlusFrame
L 04/18/2022 - 21:06:00: [SM] Exception reported: Language phrase "InstaDefuseSuccessful" not found (arg 5)
L 04/18/2022 - 21:06:00: [SM] Blaming: retakes-instadefuse.smx
L 04/18/2022 - 21:06:00: [SM] Call stack trace:
L 04/18/2022 - 21:06:00: [SM]   [0] PrintToChat
L 04/18/2022 - 21:06:00: [SM]   [1] Line 197, plugin.sp::AttemptInstantDefuse
L 04/18/2022 - 21:06:00: [SM]   [2] Line 104, plugin.sp::Event_BombBeginDefusePlusFrame
L 04/18/2022 - 21:06:20: [SM] Exception reported: Language phrase "InstaDefuseSuccessful" not found (arg 5)
L 04/18/2022 - 21:06:20: [SM] Blaming: retakes-instadefuse.smx
L 04/18/2022 - 21:06:20: [SM] Call stack trace:
L 04/18/2022 - 21:06:20: [SM]   [0] PrintToChat
L 04/18/2022 - 21:06:20: [SM]   [1] Line 197, plugin.sp::AttemptInstantDefuse
L 04/18/2022 - 21:06:21: [SM]   [2] Line 104, plugin.sp::Event_BombBeginDefusePlusFrame
