L 11/06/2021 - 01:06:46: SourceMod error session started
L 11/06/2021 - 01:06:46: Info (map "de_mirage") (file "E:\retake\csgoserver\csgo\addons\sourcemod\logs\errors_20211106.log")
L 11/06/2021 - 01:06:46: [SM] Unable to load extension "PhysHooks.ext": Could not find patch signature for symbol: Physics_RunThinkFunctions
L 11/06/2021 - 01:06:48: [SM] Unable to load plugin "bot_inventory.smx": Native "eItems_AreItemsSynced" was not found
L 11/06/2021 - 01:06:48: [SM] Unable to load plugin "bot_stuff.smx": Could not find required plugin "navmesh"
L 11/06/2021 - 01:06:49: [SM] Unable to load plugin "LagCompensation.smx": Required extension "PhysHooks" file("PhysHooks.ext") not running
L 11/06/2021 - 01:06:50: [SM] Fatal error encountered parsing translation file "ranks_matchmaking.phrases.txt"
L 11/06/2021 - 01:06:50: [SM] Error (line 0, column 0): Stream failed to open
L 11/06/2021 - 01:06:50: [SM] Fatal error encountered parsing translation file "instadefuse.phrases.txt"
L 11/06/2021 - 01:06:50: [SM] Error (line 0, column 0): Stream failed to open
L 11/06/2021 - 01:07:10: [SM] Exception reported: Language phrase "Unranked" not found (arg 5)
L 11/06/2021 - 01:07:10: [SM] Blaming: ranks_matchmaking.smx
L 11/06/2021 - 01:07:10: [SM] Call stack trace:
L 11/06/2021 - 01:07:10: [SM]   [0] FormatEx
L 11/06/2021 - 01:07:10: [SM]   [1] Line 174, ranks_matchmaking.sp::GetRanksNames
L 11/06/2021 - 01:07:10: [SM]   [2] Line 169, ranks_matchmaking.sp::OnMapStart
L 11/06/2021 - 01:55:42: SourceMod error session started
L 11/06/2021 - 01:55:42: Info (map "de_mirage") (file "E:\retake\csgoserver\csgo\addons\sourcemod\logs\errors_20211106.log")
L 11/06/2021 - 01:55:42: [SM] Unable to load extension "PhysHooks.ext": Could not find patch signature for symbol: Physics_RunThinkFunctions
L 11/06/2021 - 01:55:43: [SM] Unable to load plugin "bot_inventory.smx": Native "eItems_AreItemsSynced" was not found
L 11/06/2021 - 01:55:43: [SM] Unable to load plugin "bot_stuff.smx": Could not find required plugin "navmesh"
L 11/06/2021 - 01:55:44: [SM] Unable to load plugin "LagCompensation.smx": Required extension "PhysHooks" file("PhysHooks.ext") not running
L 11/06/2021 - 01:55:44: [SM] Fatal error encountered parsing translation file "ranks_matchmaking.phrases.txt"
L 11/06/2021 - 01:55:44: [SM] Error (line 0, column 0): Stream failed to open
L 11/06/2021 - 01:55:44: [SM] Fatal error encountered parsing translation file "instadefuse.phrases.txt"
L 11/06/2021 - 01:55:44: [SM] Error (line 0, column 0): Stream failed to open
L 11/06/2021 - 01:57:14: SourceMod error session started
L 11/06/2021 - 01:57:14: Info (map "de_mirage") (file "E:\retake\csgoserver\csgo\addons\sourcemod\logs\errors_20211106.log")
L 11/06/2021 - 01:57:14: [SM] Unable to load extension "PhysHooks.ext": Could not find patch signature for symbol: Physics_RunThinkFunctions
L 11/06/2021 - 01:57:14: [SM] Unable to load plugin "bot_inventory.smx": Native "eItems_AreItemsSynced" was not found
L 11/06/2021 - 01:57:14: [SM] Unable to load plugin "bot_stuff.smx": Could not find required plugin "navmesh"
L 11/06/2021 - 01:57:14: [SM] Unable to load plugin "LagCompensation.smx": Required extension "PhysHooks" file("PhysHooks.ext") not running
L 11/06/2021 - 01:57:14: [SM] Fatal error encountered parsing translation file "ranks_matchmaking.phrases.txt"
L 11/06/2021 - 01:57:14: [SM] Error (line 0, column 0): Stream failed to open
L 11/06/2021 - 01:57:14: [SM] Fatal error encountered parsing translation file "instadefuse.phrases.txt"
L 11/06/2021 - 01:57:14: [SM] Error (line 0, column 0): Stream failed to open
L 11/06/2021 - 01:57:27: [SM] Exception reported: Language phrase "Unranked" not found (arg 5)
L 11/06/2021 - 01:57:27: [SM] Blaming: ranks_matchmaking.smx
L 11/06/2021 - 01:57:27: [SM] Call stack trace:
L 11/06/2021 - 01:57:27: [SM]   [0] FormatEx
L 11/06/2021 - 01:57:27: [SM]   [1] Line 174, ranks_matchmaking.sp::GetRanksNames
L 11/06/2021 - 01:57:27: [SM]   [2] Line 169, ranks_matchmaking.sp::OnMapStart
L 11/06/2021 - 01:58:36: SourceMod error session started
L 11/06/2021 - 01:58:36: Info (map "de_mirage") (file "E:\retake\csgoserver\csgo\addons\sourcemod\logs\errors_20211106.log")
L 11/06/2021 - 01:58:36: [SM] Unable to load extension "PhysHooks.ext": Could not find patch signature for symbol: Physics_RunThinkFunctions
L 11/06/2021 - 01:58:36: [SM] Unable to load plugin "bot_inventory.smx": Native "eItems_AreItemsSynced" was not found
L 11/06/2021 - 01:58:36: [SM] Unable to load plugin "bot_stuff.smx": Could not find required plugin "navmesh"
L 11/06/2021 - 01:58:36: [SM] Unable to load plugin "LagCompensation.smx": Required extension "PhysHooks" file("PhysHooks.ext") not running
L 11/06/2021 - 01:58:36: [SM] Fatal error encountered parsing translation file "ranks_matchmaking.phrases.txt"
L 11/06/2021 - 01:58:36: [SM] Error (line 0, column 0): Stream failed to open
L 11/06/2021 - 01:58:36: [SM] Fatal error encountered parsing translation file "instadefuse.phrases.txt"
L 11/06/2021 - 01:58:36: [SM] Error (line 0, column 0): Stream failed to open
L 11/06/2021 - 01:58:38: [SM] Exception reported: Language phrase "Unranked" not found (arg 5)
L 11/06/2021 - 01:58:38: [SM] Blaming: ranks_matchmaking.smx
L 11/06/2021 - 01:58:38: [SM] Call stack trace:
L 11/06/2021 - 01:58:38: [SM]   [0] FormatEx
L 11/06/2021 - 01:58:38: [SM]   [1] Line 174, ranks_matchmaking.sp::GetRanksNames
L 11/06/2021 - 01:58:38: [SM]   [2] Line 169, ranks_matchmaking.sp::OnMapStart
L 11/06/2021 - 01:59:16: Error log file session closed.
L 11/06/2021 - 01:59:16: SourceMod error session started
L 11/06/2021 - 01:59:16: Info (map "de_mirage") (file "E:\retake\csgoserver\csgo\addons\sourcemod\logs\errors_20211106.log")
L 11/06/2021 - 01:59:16: [SM] Fatal error encountered parsing translation file "ranks_matchmaking.phrases.txt"
L 11/06/2021 - 01:59:16: [SM] Error (line 0, column 0): Stream failed to open
L 11/06/2021 - 01:59:16: [SM] Fatal error encountered parsing translation file "instadefuse.phrases.txt"
L 11/06/2021 - 01:59:16: [SM] Error (line 0, column 0): Stream failed to open
L 11/06/2021 - 01:59:17: [SM] Exception reported: Language phrase "Unranked" not found (arg 5)
L 11/06/2021 - 01:59:17: [SM] Blaming: ranks_matchmaking.smx
L 11/06/2021 - 01:59:17: [SM] Call stack trace:
L 11/06/2021 - 01:59:17: [SM]   [0] FormatEx
L 11/06/2021 - 01:59:17: [SM]   [1] Line 174, ranks_matchmaking.sp::GetRanksNames
L 11/06/2021 - 01:59:17: [SM]   [2] Line 169, ranks_matchmaking.sp::OnMapStart
L 11/06/2021 - 02:02:47: [SM] Exception reported: Language phrase "InstaDefuseSuccessful" not found (arg 5)
L 11/06/2021 - 02:02:47: [SM] Blaming: retakes-instadefuse.smx
L 11/06/2021 - 02:02:47: [SM] Call stack trace:
L 11/06/2021 - 02:02:47: [SM]   [0] PrintToChat
L 11/06/2021 - 02:02:47: [SM]   [1] Line 197, plugin.sp::AttemptInstantDefuse
L 11/06/2021 - 02:02:47: [SM]   [2] Line 104, plugin.sp::Event_BombBeginDefusePlusFrame
L 11/06/2021 - 02:02:55: [SM] Exception reported: Language phrase "InstaDefuseSuccessful" not found (arg 5)
L 11/06/2021 - 02:02:55: [SM] Blaming: retakes-instadefuse.smx
L 11/06/2021 - 02:02:55: [SM] Call stack trace:
L 11/06/2021 - 02:02:55: [SM]   [0] PrintToChat
L 11/06/2021 - 02:02:55: [SM]   [1] Line 197, plugin.sp::AttemptInstantDefuse
L 11/06/2021 - 02:02:55: [SM]   [2] Line 104, plugin.sp::Event_BombBeginDefusePlusFrame
L 11/06/2021 - 02:03:47: [SM] Exception reported: Language phrase "InstaDefuseSuccessful" not found (arg 5)
L 11/06/2021 - 02:03:47: [SM] Blaming: retakes-instadefuse.smx
L 11/06/2021 - 02:03:47: [SM] Call stack trace:
L 11/06/2021 - 02:03:47: [SM]   [0] PrintToChat
L 11/06/2021 - 02:03:47: [SM]   [1] Line 197, plugin.sp::AttemptInstantDefuse
L 11/06/2021 - 02:03:47: [SM]   [2] Line 104, plugin.sp::Event_BombBeginDefusePlusFrame
L 11/06/2021 - 02:04:13: [SM] Exception reported: Language phrase "InstaDefuseSuccessful" not found (arg 5)
L 11/06/2021 - 02:04:13: [SM] Blaming: retakes-instadefuse.smx
L 11/06/2021 - 02:04:13: [SM] Call stack trace:
L 11/06/2021 - 02:04:13: [SM]   [0] PrintToChat
L 11/06/2021 - 02:04:13: [SM]   [1] Line 197, plugin.sp::AttemptInstantDefuse
L 11/06/2021 - 02:04:13: [SM]   [2] Line 104, plugin.sp::Event_BombBeginDefusePlusFrame
L 11/06/2021 - 02:04:32: [SM] Exception reported: Language phrase "InstaDefuseSuccessful" not found (arg 5)
L 11/06/2021 - 02:04:32: [SM] Blaming: retakes-instadefuse.smx
L 11/06/2021 - 02:04:32: [SM] Call stack trace:
L 11/06/2021 - 02:04:32: [SM]   [0] PrintToChat
L 11/06/2021 - 02:04:32: [SM]   [1] Line 197, plugin.sp::AttemptInstantDefuse
L 11/06/2021 - 02:04:32: [SM]   [2] Line 104, plugin.sp::Event_BombBeginDefusePlusFrame
L 11/06/2021 - 02:06:00: [SM] Exception reported: Language phrase "InstaDefuseSuccessful" not found (arg 5)
L 11/06/2021 - 02:06:00: [SM] Blaming: retakes-instadefuse.smx
L 11/06/2021 - 02:06:00: [SM] Call stack trace:
L 11/06/2021 - 02:06:00: [SM]   [0] PrintToChat
L 11/06/2021 - 02:06:00: [SM]   [1] Line 197, plugin.sp::AttemptInstantDefuse
L 11/06/2021 - 02:06:00: [SM]   [2] Line 104, plugin.sp::Event_BombBeginDefusePlusFrame
L 11/06/2021 - 02:06:21: [SM] Exception reported: Language phrase "InstaDefuseSuccessful" not found (arg 5)
L 11/06/2021 - 02:06:21: [SM] Blaming: retakes-instadefuse.smx
L 11/06/2021 - 02:06:21: [SM] Call stack trace:
L 11/06/2021 - 02:06:21: [SM]   [0] PrintToChat
L 11/06/2021 - 02:06:21: [SM]   [1] Line 197, plugin.sp::AttemptInstantDefuse
L 11/06/2021 - 02:06:21: [SM]   [2] Line 104, plugin.sp::Event_BombBeginDefusePlusFrame
L 11/06/2021 - 02:06:46: [SM] Exception reported: Language phrase "InstaDefuseSuccessful" not found (arg 5)
L 11/06/2021 - 02:06:46: [SM] Blaming: retakes-instadefuse.smx
L 11/06/2021 - 02:06:46: [SM] Call stack trace:
L 11/06/2021 - 02:06:46: [SM]   [0] PrintToChat
L 11/06/2021 - 02:06:46: [SM]   [1] Line 197, plugin.sp::AttemptInstantDefuse
L 11/06/2021 - 02:06:46: [SM]   [2] Line 104, plugin.sp::Event_BombBeginDefusePlusFrame
L 11/06/2021 - 02:07:19: [SM] Exception reported: Language phrase "InstaDefuseSuccessful" not found (arg 5)
L 11/06/2021 - 02:07:19: [SM] Blaming: retakes-instadefuse.smx
L 11/06/2021 - 02:07:19: [SM] Call stack trace:
L 11/06/2021 - 02:07:19: [SM]   [0] PrintToChat
L 11/06/2021 - 02:07:19: [SM]   [1] Line 197, plugin.sp::AttemptInstantDefuse
L 11/06/2021 - 02:07:19: [SM]   [2] Line 104, plugin.sp::Event_BombBeginDefusePlusFrame
L 11/06/2021 - 02:07:40: [SM] Exception reported: Language phrase "InstaDefuseSuccessful" not found (arg 5)
L 11/06/2021 - 02:07:40: [SM] Blaming: retakes-instadefuse.smx
L 11/06/2021 - 02:07:40: [SM] Call stack trace:
L 11/06/2021 - 02:07:40: [SM]   [0] PrintToChat
L 11/06/2021 - 02:07:40: [SM]   [1] Line 197, plugin.sp::AttemptInstantDefuse
L 11/06/2021 - 02:07:40: [SM]   [2] Line 104, plugin.sp::Event_BombBeginDefusePlusFrame
L 11/06/2021 - 02:10:01: [SM] Exception reported: Language phrase "InstaDefuseSuccessful" not found (arg 5)
L 11/06/2021 - 02:10:01: [SM] Blaming: retakes-instadefuse.smx
L 11/06/2021 - 02:10:02: [SM] Call stack trace:
L 11/06/2021 - 02:10:02: [SM]   [0] PrintToChat
L 11/06/2021 - 02:10:02: [SM]   [1] Line 197, plugin.sp::AttemptInstantDefuse
L 11/06/2021 - 02:10:02: [SM]   [2] Line 104, plugin.sp::Event_BombBeginDefusePlusFrame
L 11/06/2021 - 02:10:30: [SM] Exception reported: Language phrase "InstaDefuseSuccessful" not found (arg 5)
L 11/06/2021 - 02:10:30: [SM] Blaming: retakes-instadefuse.smx
L 11/06/2021 - 02:10:30: [SM] Call stack trace:
L 11/06/2021 - 02:10:30: [SM]   [0] PrintToChat
L 11/06/2021 - 02:10:30: [SM]   [1] Line 197, plugin.sp::AttemptInstantDefuse
L 11/06/2021 - 02:10:30: [SM]   [2] Line 104, plugin.sp::Event_BombBeginDefusePlusFrame
L 11/06/2021 - 02:10:50: [SM] Exception reported: Language phrase "InstaDefuseSuccessful" not found (arg 5)
L 11/06/2021 - 02:10:50: [SM] Blaming: retakes-instadefuse.smx
L 11/06/2021 - 02:10:50: [SM] Call stack trace:
L 11/06/2021 - 02:10:50: [SM]   [0] PrintToChat
L 11/06/2021 - 02:10:50: [SM]   [1] Line 197, plugin.sp::AttemptInstantDefuse
L 11/06/2021 - 02:10:50: [SM]   [2] Line 104, plugin.sp::Event_BombBeginDefusePlusFrame
L 11/06/2021 - 02:11:07: [SM] Exception reported: Language phrase "InstaDefuseSuccessful" not found (arg 5)
L 11/06/2021 - 02:11:07: [SM] Blaming: retakes-instadefuse.smx
L 11/06/2021 - 02:11:07: [SM] Call stack trace:
L 11/06/2021 - 02:11:07: [SM]   [0] PrintToChat
L 11/06/2021 - 02:11:07: [SM]   [1] Line 197, plugin.sp::AttemptInstantDefuse
L 11/06/2021 - 02:11:07: [SM]   [2] Line 104, plugin.sp::Event_BombBeginDefusePlusFrame
L 11/06/2021 - 02:11:30: [SM] Exception reported: Language phrase "InstaDefuseSuccessful" not found (arg 5)
L 11/06/2021 - 02:11:30: [SM] Blaming: retakes-instadefuse.smx
L 11/06/2021 - 02:11:30: [SM] Call stack trace:
L 11/06/2021 - 02:11:30: [SM]   [0] PrintToChat
L 11/06/2021 - 02:11:30: [SM]   [1] Line 197, plugin.sp::AttemptInstantDefuse
L 11/06/2021 - 02:11:30: [SM]   [2] Line 104, plugin.sp::Event_BombBeginDefusePlusFrame
L 11/06/2021 - 02:13:19: [SM] Exception reported: Language phrase "InstaDefuseSuccessful" not found (arg 5)
L 11/06/2021 - 02:13:19: [SM] Blaming: retakes-instadefuse.smx
L 11/06/2021 - 02:13:19: [SM] Call stack trace:
L 11/06/2021 - 02:13:19: [SM]   [0] PrintToChat
L 11/06/2021 - 02:13:19: [SM]   [1] Line 197, plugin.sp::AttemptInstantDefuse
L 11/06/2021 - 02:13:19: [SM]   [2] Line 104, plugin.sp::Event_BombBeginDefusePlusFrame
L 11/06/2021 - 02:14:04: [SM] Exception reported: Language phrase "InstaDefuseSuccessful" not found (arg 5)
L 11/06/2021 - 02:14:04: [SM] Blaming: retakes-instadefuse.smx
L 11/06/2021 - 02:14:04: [SM] Call stack trace:
L 11/06/2021 - 02:14:04: [SM]   [0] PrintToChat
L 11/06/2021 - 02:14:04: [SM]   [1] Line 197, plugin.sp::AttemptInstantDefuse
L 11/06/2021 - 02:14:04: [SM]   [2] Line 104, plugin.sp::Event_BombBeginDefusePlusFrame
L 11/06/2021 - 02:14:26: [SM] Exception reported: Language phrase "InstaDefuseSuccessful" not found (arg 5)
L 11/06/2021 - 02:14:26: [SM] Blaming: retakes-instadefuse.smx
L 11/06/2021 - 02:14:26: [SM] Call stack trace:
L 11/06/2021 - 02:14:26: [SM]   [0] PrintToChat
L 11/06/2021 - 02:14:26: [SM]   [1] Line 197, plugin.sp::AttemptInstantDefuse
L 11/06/2021 - 02:14:26: [SM]   [2] Line 104, plugin.sp::Event_BombBeginDefusePlusFrame
L 11/06/2021 - 02:15:18: [SM] Exception reported: Language phrase "InstaDefuseSuccessful" not found (arg 5)
L 11/06/2021 - 02:15:18: [SM] Blaming: retakes-instadefuse.smx
L 11/06/2021 - 02:15:18: [SM] Call stack trace:
L 11/06/2021 - 02:15:18: [SM]   [0] PrintToChat
L 11/06/2021 - 02:15:18: [SM]   [1] Line 197, plugin.sp::AttemptInstantDefuse
L 11/06/2021 - 02:15:18: [SM]   [2] Line 104, plugin.sp::Event_BombBeginDefusePlusFrame
L 11/06/2021 - 02:15:53: [SM] Exception reported: Language phrase "InstaDefuseUnsuccessful" not found (arg 5)
L 11/06/2021 - 02:15:53: [SM] Blaming: retakes-instadefuse.smx
L 11/06/2021 - 02:15:53: [SM] Call stack trace:
L 11/06/2021 - 02:15:53: [SM]   [0] PrintToChat
L 11/06/2021 - 02:15:53: [SM]   [1] Line 143, plugin.sp::AttemptInstantDefuse
L 11/06/2021 - 02:15:53: [SM]   [2] Line 104, plugin.sp::Event_BombBeginDefusePlusFrame
L 11/06/2021 - 02:15:53: [SM] Exception reported: Language phrase "InstaDefuseUnsuccessful" not found (arg 5)
L 11/06/2021 - 02:15:53: [SM] Blaming: retakes-instadefuse.smx
L 11/06/2021 - 02:15:53: [SM] Call stack trace:
L 11/06/2021 - 02:15:53: [SM]   [0] PrintToChat
L 11/06/2021 - 02:15:53: [SM]   [1] Line 143, plugin.sp::AttemptInstantDefuse
L 11/06/2021 - 02:15:53: [SM]   [2] Line 104, plugin.sp::Event_BombBeginDefusePlusFrame
L 11/06/2021 - 02:15:53: [SM] Exception reported: Language phrase "InstaDefuseUnsuccessful" not found (arg 5)
L 11/06/2021 - 02:15:53: [SM] Blaming: retakes-instadefuse.smx
L 11/06/2021 - 02:15:53: [SM] Call stack trace:
L 11/06/2021 - 02:15:53: [SM]   [0] PrintToChat
L 11/06/2021 - 02:15:53: [SM]   [1] Line 143, plugin.sp::AttemptInstantDefuse
L 11/06/2021 - 02:15:53: [SM]   [2] Line 104, plugin.sp::Event_BombBeginDefusePlusFrame
L 11/06/2021 - 02:15:54: [SM] Exception reported: Language phrase "InstaDefuseUnsuccessful" not found (arg 5)
L 11/06/2021 - 02:15:54: [SM] Blaming: retakes-instadefuse.smx
L 11/06/2021 - 02:15:54: [SM] Call stack trace:
L 11/06/2021 - 02:15:54: [SM]   [0] PrintToChat
L 11/06/2021 - 02:15:54: [SM]   [1] Line 143, plugin.sp::AttemptInstantDefuse
L 11/06/2021 - 02:15:54: [SM]   [2] Line 104, plugin.sp::Event_BombBeginDefusePlusFrame
L 11/06/2021 - 02:15:54: [SM] Exception reported: Language phrase "InstaDefuseUnsuccessful" not found (arg 5)
L 11/06/2021 - 02:15:54: [SM] Blaming: retakes-instadefuse.smx
L 11/06/2021 - 02:15:54: [SM] Call stack trace:
L 11/06/2021 - 02:15:54: [SM]   [0] PrintToChat
L 11/06/2021 - 02:15:54: [SM]   [1] Line 143, plugin.sp::AttemptInstantDefuse
L 11/06/2021 - 02:15:54: [SM]   [2] Line 104, plugin.sp::Event_BombBeginDefusePlusFrame
L 11/06/2021 - 02:16:15: [SM] Exception reported: Language phrase "InstaDefuseSuccessful" not found (arg 5)
L 11/06/2021 - 02:16:15: [SM] Blaming: retakes-instadefuse.smx
L 11/06/2021 - 02:16:15: [SM] Call stack trace:
L 11/06/2021 - 02:16:15: [SM]   [0] PrintToChat
L 11/06/2021 - 02:16:15: [SM]   [1] Line 197, plugin.sp::AttemptInstantDefuse
L 11/06/2021 - 02:16:15: [SM]   [2] Line 104, plugin.sp::Event_BombBeginDefusePlusFrame
L 11/06/2021 - 02:16:32: [SM] Exception reported: Language phrase "InstaDefuseSuccessful" not found (arg 5)
L 11/06/2021 - 02:16:32: [SM] Blaming: retakes-instadefuse.smx
L 11/06/2021 - 02:16:32: [SM] Call stack trace:
L 11/06/2021 - 02:16:32: [SM]   [0] PrintToChat
L 11/06/2021 - 02:16:32: [SM]   [1] Line 197, plugin.sp::AttemptInstantDefuse
L 11/06/2021 - 02:16:32: [SM]   [2] Line 104, plugin.sp::Event_BombBeginDefusePlusFrame
L 11/06/2021 - 02:16:53: [SM] Exception reported: Language phrase "InstaDefuseSuccessful" not found (arg 5)
L 11/06/2021 - 02:16:53: [SM] Blaming: retakes-instadefuse.smx
L 11/06/2021 - 02:16:53: [SM] Call stack trace:
L 11/06/2021 - 02:16:53: [SM]   [0] PrintToChat
L 11/06/2021 - 02:16:53: [SM]   [1] Line 197, plugin.sp::AttemptInstantDefuse
L 11/06/2021 - 02:16:53: [SM]   [2] Line 104, plugin.sp::Event_BombBeginDefusePlusFrame
L 11/06/2021 - 02:18:24: [SM] Exception reported: Language phrase "InstaDefuseSuccessful" not found (arg 5)
L 11/06/2021 - 02:18:24: [SM] Blaming: retakes-instadefuse.smx
L 11/06/2021 - 02:18:24: [SM] Call stack trace:
L 11/06/2021 - 02:18:24: [SM]   [0] PrintToChat
L 11/06/2021 - 02:18:24: [SM]   [1] Line 197, plugin.sp::AttemptInstantDefuse
L 11/06/2021 - 02:18:24: [SM]   [2] Line 104, plugin.sp::Event_BombBeginDefusePlusFrame
L 11/06/2021 - 02:18:44: [SM] Exception reported: Language phrase "InstaDefuseSuccessful" not found (arg 5)
L 11/06/2021 - 02:18:44: [SM] Blaming: retakes-instadefuse.smx
L 11/06/2021 - 02:18:44: [SM] Call stack trace:
L 11/06/2021 - 02:18:44: [SM]   [0] PrintToChat
L 11/06/2021 - 02:18:44: [SM]   [1] Line 197, plugin.sp::AttemptInstantDefuse
L 11/06/2021 - 02:18:44: [SM]   [2] Line 104, plugin.sp::Event_BombBeginDefusePlusFrame
L 11/06/2021 - 02:19:51: [SM] Exception reported: Language phrase "InstaDefuseSuccessful" not found (arg 5)
L 11/06/2021 - 02:19:51: [SM] Blaming: retakes-instadefuse.smx
L 11/06/2021 - 02:19:51: [SM] Call stack trace:
L 11/06/2021 - 02:19:51: [SM]   [0] PrintToChat
L 11/06/2021 - 02:19:51: [SM]   [1] Line 197, plugin.sp::AttemptInstantDefuse
L 11/06/2021 - 02:19:51: [SM]   [2] Line 104, plugin.sp::Event_BombBeginDefusePlusFrame
L 11/06/2021 - 02:20:27: [SM] Exception reported: Language phrase "InstaDefuseSuccessful" not found (arg 5)
L 11/06/2021 - 02:20:27: [SM] Blaming: retakes-instadefuse.smx
L 11/06/2021 - 02:20:27: [SM] Call stack trace:
L 11/06/2021 - 02:20:27: [SM]   [0] PrintToChat
L 11/06/2021 - 02:20:27: [SM]   [1] Line 197, plugin.sp::AttemptInstantDefuse
L 11/06/2021 - 02:20:27: [SM]   [2] Line 104, plugin.sp::Event_BombBeginDefusePlusFrame
L 11/06/2021 - 02:21:29: [SM] Exception reported: Language phrase "InstaDefuseSuccessful" not found (arg 5)
L 11/06/2021 - 02:21:29: [SM] Blaming: retakes-instadefuse.smx
L 11/06/2021 - 02:21:29: [SM] Call stack trace:
L 11/06/2021 - 02:21:29: [SM]   [0] PrintToChat
L 11/06/2021 - 02:21:29: [SM]   [1] Line 197, plugin.sp::AttemptInstantDefuse
L 11/06/2021 - 02:21:29: [SM]   [2] Line 104, plugin.sp::Event_BombBeginDefusePlusFrame
L 11/06/2021 - 02:21:54: [SM] Exception reported: Language phrase "InstaDefuseSuccessful" not found (arg 5)
L 11/06/2021 - 02:21:54: [SM] Blaming: retakes-instadefuse.smx
L 11/06/2021 - 02:21:54: [SM] Call stack trace:
L 11/06/2021 - 02:21:54: [SM]   [0] PrintToChat
L 11/06/2021 - 02:21:54: [SM]   [1] Line 197, plugin.sp::AttemptInstantDefuse
L 11/06/2021 - 02:21:54: [SM]   [2] Line 104, plugin.sp::Event_BombBeginDefusePlusFrame
L 11/06/2021 - 02:22:11: [SM] Exception reported: Language phrase "InstaDefuseSuccessful" not found (arg 5)
L 11/06/2021 - 02:22:11: [SM] Blaming: retakes-instadefuse.smx
L 11/06/2021 - 02:22:11: [SM] Call stack trace:
L 11/06/2021 - 02:22:11: [SM]   [0] PrintToChat
L 11/06/2021 - 02:22:11: [SM]   [1] Line 197, plugin.sp::AttemptInstantDefuse
L 11/06/2021 - 02:22:11: [SM]   [2] Line 104, plugin.sp::Event_BombBeginDefusePlusFrame
L 11/06/2021 - 02:23:22: [SM] Exception reported: Language phrase "InstaDefuseSuccessful" not found (arg 5)
L 11/06/2021 - 02:23:22: [SM] Blaming: retakes-instadefuse.smx
L 11/06/2021 - 02:23:22: [SM] Call stack trace:
L 11/06/2021 - 02:23:22: [SM]   [0] PrintToChat
L 11/06/2021 - 02:23:22: [SM]   [1] Line 197, plugin.sp::AttemptInstantDefuse
L 11/06/2021 - 02:23:22: [SM]   [2] Line 104, plugin.sp::Event_BombBeginDefusePlusFrame
L 11/06/2021 - 02:23:41: [SM] Exception reported: Language phrase "InstaDefuseSuccessful" not found (arg 5)
L 11/06/2021 - 02:23:41: [SM] Blaming: retakes-instadefuse.smx
L 11/06/2021 - 02:23:41: [SM] Call stack trace:
L 11/06/2021 - 02:23:41: [SM]   [0] PrintToChat
L 11/06/2021 - 02:23:41: [SM]   [1] Line 197, plugin.sp::AttemptInstantDefuse
L 11/06/2021 - 02:23:41: [SM]   [2] Line 104, plugin.sp::Event_BombBeginDefusePlusFrame
L 11/06/2021 - 02:24:39: [SM] Exception reported: Language phrase "InstaDefuseSuccessful" not found (arg 5)
L 11/06/2021 - 02:24:39: [SM] Blaming: retakes-instadefuse.smx
L 11/06/2021 - 02:24:39: [SM] Call stack trace:
L 11/06/2021 - 02:24:39: [SM]   [0] PrintToChat
L 11/06/2021 - 02:24:39: [SM]   [1] Line 197, plugin.sp::AttemptInstantDefuse
L 11/06/2021 - 02:24:39: [SM]   [2] Line 104, plugin.sp::Event_BombBeginDefusePlusFrame
L 11/06/2021 - 02:24:40: [SM] Exception reported: Language phrase "InstaDefuseSuccessful" not found (arg 5)
L 11/06/2021 - 02:24:40: [SM] Blaming: retakes-instadefuse.smx
L 11/06/2021 - 02:24:40: [SM] Call stack trace:
L 11/06/2021 - 02:24:40: [SM]   [0] PrintToChat
L 11/06/2021 - 02:24:40: [SM]   [1] Line 197, plugin.sp::AttemptInstantDefuse
L 11/06/2021 - 02:24:40: [SM]   [2] Line 104, plugin.sp::Event_BombBeginDefusePlusFrame
L 11/06/2021 - 02:24:40: [SM] Exception reported: Language phrase "InstaDefuseSuccessful" not found (arg 5)
L 11/06/2021 - 02:24:40: [SM] Blaming: retakes-instadefuse.smx
L 11/06/2021 - 02:24:41: [SM] Call stack trace:
L 11/06/2021 - 02:24:41: [SM]   [0] PrintToChat
L 11/06/2021 - 02:24:41: [SM]   [1] Line 197, plugin.sp::AttemptInstantDefuse
L 11/06/2021 - 02:24:41: [SM]   [2] Line 104, plugin.sp::Event_BombBeginDefusePlusFrame
L 11/06/2021 - 02:25:18: [SM] Exception reported: Language phrase "InstaDefuseSuccessful" not found (arg 5)
L 11/06/2021 - 02:25:18: [SM] Blaming: retakes-instadefuse.smx
L 11/06/2021 - 02:25:18: [SM] Call stack trace:
L 11/06/2021 - 02:25:18: [SM]   [0] PrintToChat
L 11/06/2021 - 02:25:18: [SM]   [1] Line 197, plugin.sp::AttemptInstantDefuse
L 11/06/2021 - 02:25:18: [SM]   [2] Line 104, plugin.sp::Event_BombBeginDefusePlusFrame
L 11/06/2021 - 02:25:40: [SM] Exception reported: Language phrase "InstaDefuseSuccessful" not found (arg 5)
L 11/06/2021 - 02:25:40: [SM] Blaming: retakes-instadefuse.smx
L 11/06/2021 - 02:25:40: [SM] Call stack trace:
L 11/06/2021 - 02:25:40: [SM]   [0] PrintToChat
L 11/06/2021 - 02:25:40: [SM]   [1] Line 197, plugin.sp::AttemptInstantDefuse
L 11/06/2021 - 02:25:40: [SM]   [2] Line 104, plugin.sp::Event_BombBeginDefusePlusFrame
L 11/06/2021 - 02:26:14: [SM] Exception reported: Language phrase "MolotovTooClose" not found (arg 5)
L 11/06/2021 - 02:26:14: [SM] Blaming: retakes-instadefuse.smx
L 11/06/2021 - 02:26:14: [SM] Call stack trace:
L 11/06/2021 - 02:26:14: [SM]   [0] PrintToChat
L 11/06/2021 - 02:26:14: [SM]   [1] Line 181, plugin.sp::AttemptInstantDefuse
L 11/06/2021 - 02:26:14: [SM]   [2] Line 104, plugin.sp::Event_BombBeginDefusePlusFrame
L 11/06/2021 - 02:26:44: [SM] Exception reported: Language phrase "InstaDefuseSuccessful" not found (arg 5)
L 11/06/2021 - 02:26:44: [SM] Blaming: retakes-instadefuse.smx
L 11/06/2021 - 02:26:44: [SM] Call stack trace:
L 11/06/2021 - 02:26:44: [SM]   [0] PrintToChat
L 11/06/2021 - 02:26:44: [SM]   [1] Line 197, plugin.sp::AttemptInstantDefuse
L 11/06/2021 - 02:26:44: [SM]   [2] Line 104, plugin.sp::Event_BombBeginDefusePlusFrame
L 11/06/2021 - 02:27:07: [SM] Exception reported: Language phrase "InstaDefuseSuccessful" not found (arg 5)
L 11/06/2021 - 02:27:07: [SM] Blaming: retakes-instadefuse.smx
L 11/06/2021 - 02:27:07: [SM] Call stack trace:
L 11/06/2021 - 02:27:07: [SM]   [0] PrintToChat
L 11/06/2021 - 02:27:07: [SM]   [1] Line 197, plugin.sp::AttemptInstantDefuse
L 11/06/2021 - 02:27:07: [SM]   [2] Line 104, plugin.sp::Event_BombBeginDefusePlusFrame
L 11/06/2021 - 02:27:53: [SM] Exception reported: Language phrase "InstaDefuseSuccessful" not found (arg 5)
L 11/06/2021 - 02:27:53: [SM] Blaming: retakes-instadefuse.smx
L 11/06/2021 - 02:27:53: [SM] Call stack trace:
L 11/06/2021 - 02:27:53: [SM]   [0] PrintToChat
L 11/06/2021 - 02:27:53: [SM]   [1] Line 197, plugin.sp::AttemptInstantDefuse
L 11/06/2021 - 02:27:53: [SM]   [2] Line 104, plugin.sp::Event_BombBeginDefusePlusFrame
L 11/06/2021 - 02:28:36: [SM] Exception reported: Language phrase "InstaDefuseUnsuccessful" not found (arg 5)
L 11/06/2021 - 02:28:36: [SM] Blaming: retakes-instadefuse.smx
L 11/06/2021 - 02:28:36: [SM] Call stack trace:
L 11/06/2021 - 02:28:36: [SM]   [0] PrintToChat
L 11/06/2021 - 02:28:36: [SM]   [1] Line 143, plugin.sp::AttemptInstantDefuse
L 11/06/2021 - 02:28:36: [SM]   [2] Line 104, plugin.sp::Event_BombBeginDefusePlusFrame
L 11/06/2021 - 02:28:36: [SM] Exception reported: Language phrase "InstaDefuseUnsuccessful" not found (arg 5)
L 11/06/2021 - 02:28:36: [SM] Blaming: retakes-instadefuse.smx
L 11/06/2021 - 02:28:36: [SM] Call stack trace:
L 11/06/2021 - 02:28:36: [SM]   [0] PrintToChat
L 11/06/2021 - 02:28:36: [SM]   [1] Line 143, plugin.sp::AttemptInstantDefuse
L 11/06/2021 - 02:28:36: [SM]   [2] Line 104, plugin.sp::Event_BombBeginDefusePlusFrame
L 11/06/2021 - 02:29:06: [SM] Exception reported: Language phrase "InstaDefuseSuccessful" not found (arg 5)
L 11/06/2021 - 02:29:06: [SM] Blaming: retakes-instadefuse.smx
L 11/06/2021 - 02:29:06: [SM] Call stack trace:
L 11/06/2021 - 02:29:06: [SM]   [0] PrintToChat
L 11/06/2021 - 02:29:06: [SM]   [1] Line 197, plugin.sp::AttemptInstantDefuse
L 11/06/2021 - 02:29:06: [SM]   [2] Line 104, plugin.sp::Event_BombBeginDefusePlusFrame
L 11/06/2021 - 02:29:30: [SM] Exception reported: Language phrase "InstaDefuseSuccessful" not found (arg 5)
L 11/06/2021 - 02:29:30: [SM] Blaming: retakes-instadefuse.smx
L 11/06/2021 - 02:29:30: [SM] Call stack trace:
L 11/06/2021 - 02:29:30: [SM]   [0] PrintToChat
L 11/06/2021 - 02:29:30: [SM]   [1] Line 197, plugin.sp::AttemptInstantDefuse
L 11/06/2021 - 02:29:30: [SM]   [2] Line 104, plugin.sp::Event_BombBeginDefusePlusFrame
L 11/06/2021 - 02:30:12: [SM] Exception reported: Language phrase "InstaDefuseSuccessful" not found (arg 5)
L 11/06/2021 - 02:30:12: [SM] Blaming: retakes-instadefuse.smx
L 11/06/2021 - 02:30:12: [SM] Call stack trace:
L 11/06/2021 - 02:30:12: [SM]   [0] PrintToChat
L 11/06/2021 - 02:30:12: [SM]   [1] Line 197, plugin.sp::AttemptInstantDefuse
L 11/06/2021 - 02:30:12: [SM]   [2] Line 104, plugin.sp::Event_BombBeginDefusePlusFrame
L 11/06/2021 - 02:30:34: [SM] Exception reported: Language phrase "InstaDefuseSuccessful" not found (arg 5)
L 11/06/2021 - 02:30:34: [SM] Blaming: retakes-instadefuse.smx
L 11/06/2021 - 02:30:34: [SM] Call stack trace:
L 11/06/2021 - 02:30:34: [SM]   [0] PrintToChat
L 11/06/2021 - 02:30:34: [SM]   [1] Line 197, plugin.sp::AttemptInstantDefuse
L 11/06/2021 - 02:30:34: [SM]   [2] Line 104, plugin.sp::Event_BombBeginDefusePlusFrame
L 11/06/2021 - 02:31:05: [SM] Exception reported: Language phrase "InstaDefuseSuccessful" not found (arg 5)
L 11/06/2021 - 02:31:05: [SM] Blaming: retakes-instadefuse.smx
L 11/06/2021 - 02:31:05: [SM] Call stack trace:
L 11/06/2021 - 02:31:05: [SM]   [0] PrintToChat
L 11/06/2021 - 02:31:05: [SM]   [1] Line 197, plugin.sp::AttemptInstantDefuse
L 11/06/2021 - 02:31:05: [SM]   [2] Line 104, plugin.sp::Event_BombBeginDefusePlusFrame
L 11/06/2021 - 02:31:23: [SM] Exception reported: Language phrase "InstaDefuseSuccessful" not found (arg 5)
L 11/06/2021 - 02:31:23: [SM] Blaming: retakes-instadefuse.smx
L 11/06/2021 - 02:31:23: [SM] Call stack trace:
L 11/06/2021 - 02:31:23: [SM]   [0] PrintToChat
L 11/06/2021 - 02:31:23: [SM]   [1] Line 197, plugin.sp::AttemptInstantDefuse
L 11/06/2021 - 02:31:23: [SM]   [2] Line 104, plugin.sp::Event_BombBeginDefusePlusFrame
L 11/06/2021 - 02:32:20: [SM] Exception reported: Language phrase "InstaDefuseSuccessful" not found (arg 5)
L 11/06/2021 - 02:32:20: [SM] Blaming: retakes-instadefuse.smx
L 11/06/2021 - 02:32:20: [SM] Call stack trace:
L 11/06/2021 - 02:32:20: [SM]   [0] PrintToChat
L 11/06/2021 - 02:32:20: [SM]   [1] Line 197, plugin.sp::AttemptInstantDefuse
L 11/06/2021 - 02:32:20: [SM]   [2] Line 104, plugin.sp::Event_BombBeginDefusePlusFrame
L 11/06/2021 - 02:32:37: [SM] Exception reported: Language phrase "InstaDefuseSuccessful" not found (arg 5)
L 11/06/2021 - 02:32:37: [SM] Blaming: retakes-instadefuse.smx
L 11/06/2021 - 02:32:37: [SM] Call stack trace:
L 11/06/2021 - 02:32:37: [SM]   [0] PrintToChat
L 11/06/2021 - 02:32:37: [SM]   [1] Line 197, plugin.sp::AttemptInstantDefuse
L 11/06/2021 - 02:32:37: [SM]   [2] Line 104, plugin.sp::Event_BombBeginDefusePlusFrame
L 11/06/2021 - 02:33:19: [SM] Exception reported: Language phrase "InstaDefuseSuccessful" not found (arg 5)
L 11/06/2021 - 02:33:19: [SM] Blaming: retakes-instadefuse.smx
L 11/06/2021 - 02:33:19: [SM] Call stack trace:
L 11/06/2021 - 02:33:19: [SM]   [0] PrintToChat
L 11/06/2021 - 02:33:19: [SM]   [1] Line 197, plugin.sp::AttemptInstantDefuse
L 11/06/2021 - 02:33:19: [SM]   [2] Line 104, plugin.sp::Event_BombBeginDefusePlusFrame
L 11/06/2021 - 02:33:59: [SM] Exception reported: Language phrase "InstaDefuseUnsuccessful" not found (arg 5)
L 11/06/2021 - 02:33:59: [SM] Blaming: retakes-instadefuse.smx
L 11/06/2021 - 02:33:59: [SM] Call stack trace:
L 11/06/2021 - 02:33:59: [SM]   [0] PrintToChat
L 11/06/2021 - 02:33:59: [SM]   [1] Line 143, plugin.sp::AttemptInstantDefuse
L 11/06/2021 - 02:33:59: [SM]   [2] Line 104, plugin.sp::Event_BombBeginDefusePlusFrame
L 11/06/2021 - 02:33:59: [SM] Exception reported: Language phrase "InstaDefuseUnsuccessful" not found (arg 5)
L 11/06/2021 - 02:33:59: [SM] Blaming: retakes-instadefuse.smx
L 11/06/2021 - 02:33:59: [SM] Call stack trace:
L 11/06/2021 - 02:33:59: [SM]   [0] PrintToChat
L 11/06/2021 - 02:33:59: [SM]   [1] Line 143, plugin.sp::AttemptInstantDefuse
L 11/06/2021 - 02:33:59: [SM]   [2] Line 104, plugin.sp::Event_BombBeginDefusePlusFrame
L 11/06/2021 - 02:33:59: [SM] Exception reported: Language phrase "InstaDefuseUnsuccessful" not found (arg 5)
L 11/06/2021 - 02:33:59: [SM] Blaming: retakes-instadefuse.smx
L 11/06/2021 - 02:33:59: [SM] Call stack trace:
L 11/06/2021 - 02:33:59: [SM]   [0] PrintToChat
L 11/06/2021 - 02:33:59: [SM]   [1] Line 143, plugin.sp::AttemptInstantDefuse
L 11/06/2021 - 02:33:59: [SM]   [2] Line 104, plugin.sp::Event_BombBeginDefusePlusFrame
L 11/06/2021 - 02:33:59: [SM] Exception reported: Language phrase "InstaDefuseUnsuccessful" not found (arg 5)
L 11/06/2021 - 02:33:59: [SM] Blaming: retakes-instadefuse.smx
L 11/06/2021 - 02:33:59: [SM] Call stack trace:
L 11/06/2021 - 02:33:59: [SM]   [0] PrintToChat
L 11/06/2021 - 02:33:59: [SM]   [1] Line 143, plugin.sp::AttemptInstantDefuse
L 11/06/2021 - 02:33:59: [SM]   [2] Line 104, plugin.sp::Event_BombBeginDefusePlusFrame
L 11/06/2021 - 02:34:21: [SM] Exception reported: Language phrase "InstaDefuseSuccessful" not found (arg 5)
L 11/06/2021 - 02:34:21: [SM] Blaming: retakes-instadefuse.smx
L 11/06/2021 - 02:34:21: [SM] Call stack trace:
L 11/06/2021 - 02:34:21: [SM]   [0] PrintToChat
L 11/06/2021 - 02:34:21: [SM]   [1] Line 197, plugin.sp::AttemptInstantDefuse
L 11/06/2021 - 02:34:21: [SM]   [2] Line 104, plugin.sp::Event_BombBeginDefusePlusFrame
L 11/06/2021 - 02:37:39: [SM] Exception reported: Language phrase "InstaDefuseSuccessful" not found (arg 5)
L 11/06/2021 - 02:37:39: [SM] Blaming: retakes-instadefuse.smx
L 11/06/2021 - 02:37:39: [SM] Call stack trace:
L 11/06/2021 - 02:37:39: [SM]   [0] PrintToChat
L 11/06/2021 - 02:37:39: [SM]   [1] Line 197, plugin.sp::AttemptInstantDefuse
L 11/06/2021 - 02:37:39: [SM]   [2] Line 104, plugin.sp::Event_BombBeginDefusePlusFrame
L 11/06/2021 - 02:37:59: [SM] Exception reported: Language phrase "InstaDefuseSuccessful" not found (arg 5)
L 11/06/2021 - 02:37:59: [SM] Blaming: retakes-instadefuse.smx
L 11/06/2021 - 02:37:59: [SM] Call stack trace:
L 11/06/2021 - 02:37:59: [SM]   [0] PrintToChat
L 11/06/2021 - 02:37:59: [SM]   [1] Line 197, plugin.sp::AttemptInstantDefuse
L 11/06/2021 - 02:37:59: [SM]   [2] Line 104, plugin.sp::Event_BombBeginDefusePlusFrame
L 11/06/2021 - 02:38:29: [SM] Exception reported: Language phrase "InstaDefuseSuccessful" not found (arg 5)
L 11/06/2021 - 02:38:29: [SM] Blaming: retakes-instadefuse.smx
L 11/06/2021 - 02:38:29: [SM] Call stack trace:
L 11/06/2021 - 02:38:29: [SM]   [0] PrintToChat
L 11/06/2021 - 02:38:29: [SM]   [1] Line 197, plugin.sp::AttemptInstantDefuse
L 11/06/2021 - 02:38:29: [SM]   [2] Line 104, plugin.sp::Event_BombBeginDefusePlusFrame
L 11/06/2021 - 02:38:51: [SM] Exception reported: Language phrase "InstaDefuseSuccessful" not found (arg 5)
L 11/06/2021 - 02:38:51: [SM] Blaming: retakes-instadefuse.smx
L 11/06/2021 - 02:38:51: [SM] Call stack trace:
L 11/06/2021 - 02:38:51: [SM]   [0] PrintToChat
L 11/06/2021 - 02:38:51: [SM]   [1] Line 197, plugin.sp::AttemptInstantDefuse
L 11/06/2021 - 02:38:51: [SM]   [2] Line 104, plugin.sp::Event_BombBeginDefusePlusFrame
L 11/06/2021 - 02:39:08: [SM] Exception reported: Language phrase "InstaDefuseSuccessful" not found (arg 5)
L 11/06/2021 - 02:39:08: [SM] Blaming: retakes-instadefuse.smx
L 11/06/2021 - 02:39:08: [SM] Call stack trace:
L 11/06/2021 - 02:39:08: [SM]   [0] PrintToChat
L 11/06/2021 - 02:39:08: [SM]   [1] Line 197, plugin.sp::AttemptInstantDefuse
L 11/06/2021 - 02:39:08: [SM]   [2] Line 104, plugin.sp::Event_BombBeginDefusePlusFrame
L 11/06/2021 - 02:39:11: [SM] Exception reported: Language phrase "InstaDefuseSuccessful" not found (arg 5)
L 11/06/2021 - 02:39:11: [SM] Blaming: retakes-instadefuse.smx
L 11/06/2021 - 02:39:11: [SM] Call stack trace:
L 11/06/2021 - 02:39:11: [SM]   [0] PrintToChat
L 11/06/2021 - 02:39:11: [SM]   [1] Line 197, plugin.sp::AttemptInstantDefuse
L 11/06/2021 - 02:39:11: [SM]   [2] Line 104, plugin.sp::Event_BombBeginDefusePlusFrame
L 11/06/2021 - 02:39:42: [SM] Exception reported: Language phrase "InstaDefuseSuccessful" not found (arg 5)
L 11/06/2021 - 02:39:42: [SM] Blaming: retakes-instadefuse.smx
L 11/06/2021 - 02:39:42: [SM] Call stack trace:
L 11/06/2021 - 02:39:43: [SM]   [0] PrintToChat
L 11/06/2021 - 02:39:43: [SM]   [1] Line 197, plugin.sp::AttemptInstantDefuse
L 11/06/2021 - 02:39:43: [SM]   [2] Line 104, plugin.sp::Event_BombBeginDefusePlusFrame
L 11/06/2021 - 02:40:03: [SM] Exception reported: Language phrase "InstaDefuseSuccessful" not found (arg 5)
L 11/06/2021 - 02:40:03: [SM] Blaming: retakes-instadefuse.smx
L 11/06/2021 - 02:40:03: [SM] Call stack trace:
L 11/06/2021 - 02:40:03: [SM]   [0] PrintToChat
L 11/06/2021 - 02:40:03: [SM]   [1] Line 197, plugin.sp::AttemptInstantDefuse
L 11/06/2021 - 02:40:03: [SM]   [2] Line 104, plugin.sp::Event_BombBeginDefusePlusFrame
L 11/06/2021 - 02:40:18: [SM] Exception reported: Language phrase "InstaDefuseSuccessful" not found (arg 5)
L 11/06/2021 - 02:40:18: [SM] Blaming: retakes-instadefuse.smx
L 11/06/2021 - 02:40:18: [SM] Call stack trace:
L 11/06/2021 - 02:40:18: [SM]   [0] PrintToChat
L 11/06/2021 - 02:40:18: [SM]   [1] Line 197, plugin.sp::AttemptInstantDefuse
L 11/06/2021 - 02:40:18: [SM]   [2] Line 104, plugin.sp::Event_BombBeginDefusePlusFrame
L 11/06/2021 - 02:41:21: [SM] Exception reported: Language phrase "InstaDefuseSuccessful" not found (arg 5)
L 11/06/2021 - 02:41:21: [SM] Blaming: retakes-instadefuse.smx
L 11/06/2021 - 02:41:21: [SM] Call stack trace:
L 11/06/2021 - 02:41:21: [SM]   [0] PrintToChat
L 11/06/2021 - 02:41:21: [SM]   [1] Line 197, plugin.sp::AttemptInstantDefuse
L 11/06/2021 - 02:41:21: [SM]   [2] Line 104, plugin.sp::Event_BombBeginDefusePlusFrame
L 11/06/2021 - 02:41:44: [SM] Exception reported: Language phrase "InstaDefuseSuccessful" not found (arg 5)
L 11/06/2021 - 02:41:44: [SM] Blaming: retakes-instadefuse.smx
L 11/06/2021 - 02:41:44: [SM] Call stack trace:
L 11/06/2021 - 02:41:44: [SM]   [0] PrintToChat
L 11/06/2021 - 02:41:44: [SM]   [1] Line 197, plugin.sp::AttemptInstantDefuse
L 11/06/2021 - 02:41:44: [SM]   [2] Line 104, plugin.sp::Event_BombBeginDefusePlusFrame
L 11/06/2021 - 02:42:02: [SM] Exception reported: Language phrase "InstaDefuseSuccessful" not found (arg 5)
L 11/06/2021 - 02:42:02: [SM] Blaming: retakes-instadefuse.smx
L 11/06/2021 - 02:42:02: [SM] Call stack trace:
L 11/06/2021 - 02:42:02: [SM]   [0] PrintToChat
L 11/06/2021 - 02:42:02: [SM]   [1] Line 197, plugin.sp::AttemptInstantDefuse
L 11/06/2021 - 02:42:02: [SM]   [2] Line 104, plugin.sp::Event_BombBeginDefusePlusFrame
L 11/06/2021 - 02:42:27: [SM] Exception reported: Language phrase "InstaDefuseSuccessful" not found (arg 5)
L 11/06/2021 - 02:42:27: [SM] Blaming: retakes-instadefuse.smx
L 11/06/2021 - 02:42:27: [SM] Call stack trace:
L 11/06/2021 - 02:42:27: [SM]   [0] PrintToChat
L 11/06/2021 - 02:42:27: [SM]   [1] Line 197, plugin.sp::AttemptInstantDefuse
L 11/06/2021 - 02:42:27: [SM]   [2] Line 104, plugin.sp::Event_BombBeginDefusePlusFrame
L 11/06/2021 - 02:43:30: [SM] Exception reported: Language phrase "InstaDefuseSuccessful" not found (arg 5)
L 11/06/2021 - 02:43:30: [SM] Blaming: retakes-instadefuse.smx
L 11/06/2021 - 02:43:30: [SM] Call stack trace:
L 11/06/2021 - 02:43:30: [SM]   [0] PrintToChat
L 11/06/2021 - 02:43:30: [SM]   [1] Line 197, plugin.sp::AttemptInstantDefuse
L 11/06/2021 - 02:43:30: [SM]   [2] Line 104, plugin.sp::Event_BombBeginDefusePlusFrame
L 11/06/2021 - 02:44:13: [SM] Exception reported: Language phrase "InstaDefuseSuccessful" not found (arg 5)
L 11/06/2021 - 02:44:13: [SM] Blaming: retakes-instadefuse.smx
L 11/06/2021 - 02:44:13: [SM] Call stack trace:
L 11/06/2021 - 02:44:13: [SM]   [0] PrintToChat
L 11/06/2021 - 02:44:13: [SM]   [1] Line 197, plugin.sp::AttemptInstantDefuse
L 11/06/2021 - 02:44:13: [SM]   [2] Line 104, plugin.sp::Event_BombBeginDefusePlusFrame
L 11/06/2021 - 02:44:33: [SM] Exception reported: Language phrase "InstaDefuseSuccessful" not found (arg 5)
L 11/06/2021 - 02:44:33: [SM] Blaming: retakes-instadefuse.smx
L 11/06/2021 - 02:44:33: [SM] Call stack trace:
L 11/06/2021 - 02:44:33: [SM]   [0] PrintToChat
L 11/06/2021 - 02:44:33: [SM]   [1] Line 197, plugin.sp::AttemptInstantDefuse
L 11/06/2021 - 02:44:33: [SM]   [2] Line 104, plugin.sp::Event_BombBeginDefusePlusFrame
L 11/06/2021 - 02:45:41: [SM] Exception reported: Language phrase "InstaDefuseSuccessful" not found (arg 5)
L 11/06/2021 - 02:45:41: [SM] Blaming: retakes-instadefuse.smx
L 11/06/2021 - 02:45:41: [SM] Call stack trace:
L 11/06/2021 - 02:45:41: [SM]   [0] PrintToChat
L 11/06/2021 - 02:45:41: [SM]   [1] Line 197, plugin.sp::AttemptInstantDefuse
L 11/06/2021 - 02:45:41: [SM]   [2] Line 104, plugin.sp::Event_BombBeginDefusePlusFrame
L 11/06/2021 - 02:46:01: [SM] Exception reported: Language phrase "InstaDefuseSuccessful" not found (arg 5)
L 11/06/2021 - 02:46:01: [SM] Blaming: retakes-instadefuse.smx
L 11/06/2021 - 02:46:01: [SM] Call stack trace:
L 11/06/2021 - 02:46:01: [SM]   [0] PrintToChat
L 11/06/2021 - 02:46:01: [SM]   [1] Line 197, plugin.sp::AttemptInstantDefuse
L 11/06/2021 - 02:46:01: [SM]   [2] Line 104, plugin.sp::Event_BombBeginDefusePlusFrame
L 11/06/2021 - 02:47:49: [SM] Exception reported: Language phrase "InstaDefuseSuccessful" not found (arg 5)
L 11/06/2021 - 02:47:49: [SM] Blaming: retakes-instadefuse.smx
L 11/06/2021 - 02:47:49: [SM] Call stack trace:
L 11/06/2021 - 02:47:49: [SM]   [0] PrintToChat
L 11/06/2021 - 02:47:49: [SM]   [1] Line 197, plugin.sp::AttemptInstantDefuse
L 11/06/2021 - 02:47:49: [SM]   [2] Line 104, plugin.sp::Event_BombBeginDefusePlusFrame
L 11/06/2021 - 02:48:44: [SM] Exception reported: Language phrase "InstaDefuseSuccessful" not found (arg 5)
L 11/06/2021 - 02:48:44: [SM] Blaming: retakes-instadefuse.smx
L 11/06/2021 - 02:48:44: [SM] Call stack trace:
L 11/06/2021 - 02:48:44: [SM]   [0] PrintToChat
L 11/06/2021 - 02:48:44: [SM]   [1] Line 197, plugin.sp::AttemptInstantDefuse
L 11/06/2021 - 02:48:44: [SM]   [2] Line 104, plugin.sp::Event_BombBeginDefusePlusFrame
L 11/06/2021 - 02:49:28: [SM] Exception reported: Language phrase "InstaDefuseSuccessful" not found (arg 5)
L 11/06/2021 - 02:49:28: [SM] Blaming: retakes-instadefuse.smx
L 11/06/2021 - 02:49:28: [SM] Call stack trace:
L 11/06/2021 - 02:49:28: [SM]   [0] PrintToChat
L 11/06/2021 - 02:49:28: [SM]   [1] Line 197, plugin.sp::AttemptInstantDefuse
L 11/06/2021 - 02:49:28: [SM]   [2] Line 104, plugin.sp::Event_BombBeginDefusePlusFrame
L 11/06/2021 - 02:49:54: [SM] Exception reported: Language phrase "InstaDefuseSuccessful" not found (arg 5)
L 11/06/2021 - 02:49:54: [SM] Blaming: retakes-instadefuse.smx
L 11/06/2021 - 02:49:54: [SM] Call stack trace:
L 11/06/2021 - 02:49:54: [SM]   [0] PrintToChat
L 11/06/2021 - 02:49:54: [SM]   [1] Line 197, plugin.sp::AttemptInstantDefuse
L 11/06/2021 - 02:49:54: [SM]   [2] Line 104, plugin.sp::Event_BombBeginDefusePlusFrame
L 11/06/2021 - 02:52:12: [SM] Exception reported: Language phrase "InstaDefuseSuccessful" not found (arg 5)
L 11/06/2021 - 02:52:12: [SM] Blaming: retakes-instadefuse.smx
L 11/06/2021 - 02:52:12: [SM] Call stack trace:
L 11/06/2021 - 02:52:12: [SM]   [0] PrintToChat
L 11/06/2021 - 02:52:12: [SM]   [1] Line 197, plugin.sp::AttemptInstantDefuse
L 11/06/2021 - 02:52:12: [SM]   [2] Line 104, plugin.sp::Event_BombBeginDefusePlusFrame
L 11/06/2021 - 02:52:40: [SM] Exception reported: Language phrase "InstaDefuseSuccessful" not found (arg 5)
L 11/06/2021 - 02:52:40: [SM] Blaming: retakes-instadefuse.smx
L 11/06/2021 - 02:52:40: [SM] Call stack trace:
L 11/06/2021 - 02:52:40: [SM]   [0] PrintToChat
L 11/06/2021 - 02:52:40: [SM]   [1] Line 197, plugin.sp::AttemptInstantDefuse
L 11/06/2021 - 02:52:40: [SM]   [2] Line 104, plugin.sp::Event_BombBeginDefusePlusFrame
L 11/06/2021 - 02:52:57: [SM] Exception reported: Language phrase "LiveNadeSomewhere" not found (arg 5)
L 11/06/2021 - 02:52:57: [SM] Blaming: retakes-instadefuse.smx
L 11/06/2021 - 02:52:57: [SM] Call stack trace:
L 11/06/2021 - 02:52:57: [SM]   [0] PrintToChat
L 11/06/2021 - 02:52:57: [SM]   [1] Line 168, plugin.sp::AttemptInstantDefuse
L 11/06/2021 - 02:52:57: [SM]   [2] Line 104, plugin.sp::Event_BombBeginDefusePlusFrame
L 11/06/2021 - 02:53:36: [SM] Exception reported: Language phrase "InstaDefuseSuccessful" not found (arg 5)
L 11/06/2021 - 02:53:36: [SM] Blaming: retakes-instadefuse.smx
L 11/06/2021 - 02:53:36: [SM] Call stack trace:
L 11/06/2021 - 02:53:36: [SM]   [0] PrintToChat
L 11/06/2021 - 02:53:36: [SM]   [1] Line 197, plugin.sp::AttemptInstantDefuse
L 11/06/2021 - 02:53:36: [SM]   [2] Line 104, plugin.sp::Event_BombBeginDefusePlusFrame
L 11/06/2021 - 02:53:59: [SM] Exception reported: Language phrase "InstaDefuseSuccessful" not found (arg 5)
L 11/06/2021 - 02:53:59: [SM] Blaming: retakes-instadefuse.smx
L 11/06/2021 - 02:53:59: [SM] Call stack trace:
L 11/06/2021 - 02:53:59: [SM]   [0] PrintToChat
L 11/06/2021 - 02:53:59: [SM]   [1] Line 197, plugin.sp::AttemptInstantDefuse
L 11/06/2021 - 02:53:59: [SM]   [2] Line 104, plugin.sp::Event_BombBeginDefusePlusFrame
L 11/06/2021 - 02:54:17: [SM] Exception reported: Language phrase "InstaDefuseSuccessful" not found (arg 5)
L 11/06/2021 - 02:54:17: [SM] Blaming: retakes-instadefuse.smx
L 11/06/2021 - 02:54:17: [SM] Call stack trace:
L 11/06/2021 - 02:54:18: [SM]   [0] PrintToChat
L 11/06/2021 - 02:54:18: [SM]   [1] Line 197, plugin.sp::AttemptInstantDefuse
L 11/06/2021 - 02:54:18: [SM]   [2] Line 104, plugin.sp::Event_BombBeginDefusePlusFrame
L 11/06/2021 - 02:54:38: [SM] Exception reported: Language phrase "InstaDefuseSuccessful" not found (arg 5)
L 11/06/2021 - 02:54:38: [SM] Blaming: retakes-instadefuse.smx
L 11/06/2021 - 02:54:38: [SM] Call stack trace:
L 11/06/2021 - 02:54:38: [SM]   [0] PrintToChat
L 11/06/2021 - 02:54:38: [SM]   [1] Line 197, plugin.sp::AttemptInstantDefuse
L 11/06/2021 - 02:54:38: [SM]   [2] Line 104, plugin.sp::Event_BombBeginDefusePlusFrame
L 11/06/2021 - 02:54:57: [SM] Exception reported: Language phrase "InstaDefuseSuccessful" not found (arg 5)
L 11/06/2021 - 02:54:57: [SM] Blaming: retakes-instadefuse.smx
L 11/06/2021 - 02:54:57: [SM] Call stack trace:
L 11/06/2021 - 02:54:57: [SM]   [0] PrintToChat
L 11/06/2021 - 02:54:57: [SM]   [1] Line 197, plugin.sp::AttemptInstantDefuse
L 11/06/2021 - 02:54:57: [SM]   [2] Line 104, plugin.sp::Event_BombBeginDefusePlusFrame
L 11/06/2021 - 02:55:32: [SM] Exception reported: Language phrase "InstaDefuseSuccessful" not found (arg 5)
L 11/06/2021 - 02:55:32: [SM] Blaming: retakes-instadefuse.smx
L 11/06/2021 - 02:55:32: [SM] Call stack trace:
L 11/06/2021 - 02:55:32: [SM]   [0] PrintToChat
L 11/06/2021 - 02:55:32: [SM]   [1] Line 197, plugin.sp::AttemptInstantDefuse
L 11/06/2021 - 02:55:32: [SM]   [2] Line 104, plugin.sp::Event_BombBeginDefusePlusFrame
L 11/06/2021 - 02:56:02: [SM] Exception reported: Language phrase "InstaDefuseSuccessful" not found (arg 5)
L 11/06/2021 - 02:56:02: [SM] Blaming: retakes-instadefuse.smx
L 11/06/2021 - 02:56:02: [SM] Call stack trace:
L 11/06/2021 - 02:56:02: [SM]   [0] PrintToChat
L 11/06/2021 - 02:56:02: [SM]   [1] Line 197, plugin.sp::AttemptInstantDefuse
L 11/06/2021 - 02:56:02: [SM]   [2] Line 104, plugin.sp::Event_BombBeginDefusePlusFrame
L 11/06/2021 - 02:56:36: [SM] Exception reported: Language phrase "InstaDefuseSuccessful" not found (arg 5)
L 11/06/2021 - 02:56:36: [SM] Blaming: retakes-instadefuse.smx
L 11/06/2021 - 02:56:36: [SM] Call stack trace:
L 11/06/2021 - 02:56:36: [SM]   [0] PrintToChat
L 11/06/2021 - 02:56:36: [SM]   [1] Line 197, plugin.sp::AttemptInstantDefuse
L 11/06/2021 - 02:56:36: [SM]   [2] Line 104, plugin.sp::Event_BombBeginDefusePlusFrame
L 11/06/2021 - 02:56:55: [SM] Exception reported: Language phrase "InstaDefuseSuccessful" not found (arg 5)
L 11/06/2021 - 02:56:55: [SM] Blaming: retakes-instadefuse.smx
L 11/06/2021 - 02:56:55: [SM] Call stack trace:
L 11/06/2021 - 02:56:55: [SM]   [0] PrintToChat
L 11/06/2021 - 02:56:55: [SM]   [1] Line 197, plugin.sp::AttemptInstantDefuse
L 11/06/2021 - 02:56:55: [SM]   [2] Line 104, plugin.sp::Event_BombBeginDefusePlusFrame
L 11/06/2021 - 02:57:54: [SM] Exception reported: Language phrase "InstaDefuseSuccessful" not found (arg 5)
L 11/06/2021 - 02:57:54: [SM] Blaming: retakes-instadefuse.smx
L 11/06/2021 - 02:57:54: [SM] Call stack trace:
L 11/06/2021 - 02:57:54: [SM]   [0] PrintToChat
L 11/06/2021 - 02:57:54: [SM]   [1] Line 197, plugin.sp::AttemptInstantDefuse
L 11/06/2021 - 02:57:54: [SM]   [2] Line 104, plugin.sp::Event_BombBeginDefusePlusFrame
L 11/06/2021 - 02:58:16: [SM] Exception reported: Language phrase "InstaDefuseSuccessful" not found (arg 5)
L 11/06/2021 - 02:58:16: [SM] Blaming: retakes-instadefuse.smx
L 11/06/2021 - 02:58:16: [SM] Call stack trace:
L 11/06/2021 - 02:58:16: [SM]   [0] PrintToChat
L 11/06/2021 - 02:58:16: [SM]   [1] Line 197, plugin.sp::AttemptInstantDefuse
L 11/06/2021 - 02:58:16: [SM]   [2] Line 104, plugin.sp::Event_BombBeginDefusePlusFrame
L 11/06/2021 - 02:58:35: [SM] Exception reported: Language phrase "InstaDefuseSuccessful" not found (arg 5)
L 11/06/2021 - 02:58:35: [SM] Blaming: retakes-instadefuse.smx
L 11/06/2021 - 02:58:35: [SM] Call stack trace:
L 11/06/2021 - 02:58:35: [SM]   [0] PrintToChat
L 11/06/2021 - 02:58:35: [SM]   [1] Line 197, plugin.sp::AttemptInstantDefuse
L 11/06/2021 - 02:58:35: [SM]   [2] Line 104, plugin.sp::Event_BombBeginDefusePlusFrame
L 11/06/2021 - 02:59:01: [SM] Exception reported: Language phrase "InstaDefuseSuccessful" not found (arg 5)
L 11/06/2021 - 02:59:01: [SM] Blaming: retakes-instadefuse.smx
L 11/06/2021 - 02:59:01: [SM] Call stack trace:
L 11/06/2021 - 02:59:01: [SM]   [0] PrintToChat
L 11/06/2021 - 02:59:01: [SM]   [1] Line 197, plugin.sp::AttemptInstantDefuse
L 11/06/2021 - 02:59:01: [SM]   [2] Line 104, plugin.sp::Event_BombBeginDefusePlusFrame
L 11/06/2021 - 02:59:35: [SM] Exception reported: Language phrase "InstaDefuseSuccessful" not found (arg 5)
L 11/06/2021 - 02:59:35: [SM] Blaming: retakes-instadefuse.smx
L 11/06/2021 - 02:59:35: [SM] Call stack trace:
L 11/06/2021 - 02:59:35: [SM]   [0] PrintToChat
L 11/06/2021 - 02:59:35: [SM]   [1] Line 197, plugin.sp::AttemptInstantDefuse
L 11/06/2021 - 02:59:35: [SM]   [2] Line 104, plugin.sp::Event_BombBeginDefusePlusFrame
L 11/06/2021 - 03:00:36: [SM] Exception reported: Language phrase "InstaDefuseSuccessful" not found (arg 5)
L 11/06/2021 - 03:00:36: [SM] Blaming: retakes-instadefuse.smx
L 11/06/2021 - 03:00:36: [SM] Call stack trace:
L 11/06/2021 - 03:00:36: [SM]   [0] PrintToChat
L 11/06/2021 - 03:00:37: [SM]   [1] Line 197, plugin.sp::AttemptInstantDefuse
L 11/06/2021 - 03:00:37: [SM]   [2] Line 104, plugin.sp::Event_BombBeginDefusePlusFrame
L 11/06/2021 - 03:00:57: [SM] Exception reported: Language phrase "InstaDefuseSuccessful" not found (arg 5)
L 11/06/2021 - 03:00:57: [SM] Blaming: retakes-instadefuse.smx
L 11/06/2021 - 03:00:57: [SM] Call stack trace:
L 11/06/2021 - 03:00:57: [SM]   [0] PrintToChat
L 11/06/2021 - 03:00:57: [SM]   [1] Line 197, plugin.sp::AttemptInstantDefuse
L 11/06/2021 - 03:00:57: [SM]   [2] Line 104, plugin.sp::Event_BombBeginDefusePlusFrame
L 11/06/2021 - 03:01:15: [SM] Exception reported: Language phrase "InstaDefuseSuccessful" not found (arg 5)
L 11/06/2021 - 03:01:15: [SM] Blaming: retakes-instadefuse.smx
L 11/06/2021 - 03:01:15: [SM] Call stack trace:
L 11/06/2021 - 03:01:15: [SM]   [0] PrintToChat
L 11/06/2021 - 03:01:15: [SM]   [1] Line 197, plugin.sp::AttemptInstantDefuse
L 11/06/2021 - 03:01:15: [SM]   [2] Line 104, plugin.sp::Event_BombBeginDefusePlusFrame
L 11/06/2021 - 03:01:39: [SM] Exception reported: Language phrase "InstaDefuseSuccessful" not found (arg 5)
L 11/06/2021 - 03:01:39: [SM] Blaming: retakes-instadefuse.smx
L 11/06/2021 - 03:01:39: [SM] Call stack trace:
L 11/06/2021 - 03:01:39: [SM]   [0] PrintToChat
L 11/06/2021 - 03:01:39: [SM]   [1] Line 197, plugin.sp::AttemptInstantDefuse
L 11/06/2021 - 03:01:39: [SM]   [2] Line 104, plugin.sp::Event_BombBeginDefusePlusFrame
L 11/06/2021 - 03:02:13: [SM] Exception reported: Language phrase "InstaDefuseSuccessful" not found (arg 5)
L 11/06/2021 - 03:02:13: [SM] Blaming: retakes-instadefuse.smx
L 11/06/2021 - 03:02:13: [SM] Call stack trace:
L 11/06/2021 - 03:02:13: [SM]   [0] PrintToChat
L 11/06/2021 - 03:02:13: [SM]   [1] Line 197, plugin.sp::AttemptInstantDefuse
L 11/06/2021 - 03:02:13: [SM]   [2] Line 104, plugin.sp::Event_BombBeginDefusePlusFrame
L 11/06/2021 - 03:03:28: [SM] Exception reported: Language phrase "InstaDefuseSuccessful" not found (arg 5)
L 11/06/2021 - 03:03:28: [SM] Blaming: retakes-instadefuse.smx
L 11/06/2021 - 03:03:28: [SM] Call stack trace:
L 11/06/2021 - 03:03:28: [SM]   [0] PrintToChat
L 11/06/2021 - 03:03:28: [SM]   [1] Line 197, plugin.sp::AttemptInstantDefuse
L 11/06/2021 - 03:03:28: [SM]   [2] Line 104, plugin.sp::Event_BombBeginDefusePlusFrame
L 11/06/2021 - 03:03:47: [SM] Exception reported: Language phrase "InstaDefuseSuccessful" not found (arg 5)
L 11/06/2021 - 03:03:47: [SM] Blaming: retakes-instadefuse.smx
L 11/06/2021 - 03:03:47: [SM] Call stack trace:
L 11/06/2021 - 03:03:47: [SM]   [0] PrintToChat
L 11/06/2021 - 03:03:47: [SM]   [1] Line 197, plugin.sp::AttemptInstantDefuse
L 11/06/2021 - 03:03:47: [SM]   [2] Line 104, plugin.sp::Event_BombBeginDefusePlusFrame
L 11/06/2021 - 03:04:13: [SM] Exception reported: Language phrase "InstaDefuseSuccessful" not found (arg 5)
L 11/06/2021 - 03:04:13: [SM] Blaming: retakes-instadefuse.smx
L 11/06/2021 - 03:04:13: [SM] Call stack trace:
L 11/06/2021 - 03:04:13: [SM]   [0] PrintToChat
L 11/06/2021 - 03:04:13: [SM]   [1] Line 197, plugin.sp::AttemptInstantDefuse
L 11/06/2021 - 03:04:13: [SM]   [2] Line 104, plugin.sp::Event_BombBeginDefusePlusFrame
L 11/06/2021 - 03:07:09: [SM] Exception reported: Language phrase "InstaDefuseSuccessful" not found (arg 5)
L 11/06/2021 - 03:07:09: [SM] Blaming: retakes-instadefuse.smx
L 11/06/2021 - 03:07:09: [SM] Call stack trace:
L 11/06/2021 - 03:07:09: [SM]   [0] PrintToChat
L 11/06/2021 - 03:07:09: [SM]   [1] Line 197, plugin.sp::AttemptInstantDefuse
L 11/06/2021 - 03:07:09: [SM]   [2] Line 104, plugin.sp::Event_BombBeginDefusePlusFrame
L 11/06/2021 - 03:07:32: [SM] Exception reported: Language phrase "InstaDefuseSuccessful" not found (arg 5)
L 11/06/2021 - 03:07:32: [SM] Blaming: retakes-instadefuse.smx
L 11/06/2021 - 03:07:32: [SM] Call stack trace:
L 11/06/2021 - 03:07:32: [SM]   [0] PrintToChat
L 11/06/2021 - 03:07:32: [SM]   [1] Line 197, plugin.sp::AttemptInstantDefuse
L 11/06/2021 - 03:07:32: [SM]   [2] Line 104, plugin.sp::Event_BombBeginDefusePlusFrame
L 11/06/2021 - 03:07:59: [SM] Exception reported: Language phrase "InstaDefuseSuccessful" not found (arg 5)
L 11/06/2021 - 03:07:59: [SM] Blaming: retakes-instadefuse.smx
L 11/06/2021 - 03:07:59: [SM] Call stack trace:
L 11/06/2021 - 03:07:59: [SM]   [0] PrintToChat
L 11/06/2021 - 03:07:59: [SM]   [1] Line 197, plugin.sp::AttemptInstantDefuse
L 11/06/2021 - 03:07:59: [SM]   [2] Line 104, plugin.sp::Event_BombBeginDefusePlusFrame
L 11/06/2021 - 03:09:01: [SM] Exception reported: Language phrase "InstaDefuseSuccessful" not found (arg 5)
L 11/06/2021 - 03:09:01: [SM] Blaming: retakes-instadefuse.smx
L 11/06/2021 - 03:09:01: [SM] Call stack trace:
L 11/06/2021 - 03:09:01: [SM]   [0] PrintToChat
L 11/06/2021 - 03:09:01: [SM]   [1] Line 197, plugin.sp::AttemptInstantDefuse
L 11/06/2021 - 03:09:01: [SM]   [2] Line 104, plugin.sp::Event_BombBeginDefusePlusFrame
L 11/06/2021 - 03:09:23: [SM] Exception reported: Language phrase "InstaDefuseSuccessful" not found (arg 5)
L 11/06/2021 - 03:09:23: [SM] Blaming: retakes-instadefuse.smx
L 11/06/2021 - 03:09:23: [SM] Call stack trace:
L 11/06/2021 - 03:09:23: [SM]   [0] PrintToChat
L 11/06/2021 - 03:09:23: [SM]   [1] Line 197, plugin.sp::AttemptInstantDefuse
L 11/06/2021 - 03:09:23: [SM]   [2] Line 104, plugin.sp::Event_BombBeginDefusePlusFrame
L 11/06/2021 - 03:10:13: [SM] Exception reported: Language phrase "InstaDefuseSuccessful" not found (arg 5)
L 11/06/2021 - 03:10:13: [SM] Blaming: retakes-instadefuse.smx
L 11/06/2021 - 03:10:13: [SM] Call stack trace:
L 11/06/2021 - 03:10:13: [SM]   [0] PrintToChat
L 11/06/2021 - 03:10:13: [SM]   [1] Line 197, plugin.sp::AttemptInstantDefuse
L 11/06/2021 - 03:10:13: [SM]   [2] Line 104, plugin.sp::Event_BombBeginDefusePlusFrame
L 11/06/2021 - 03:10:28: [SM] Exception reported: Language phrase "InstaDefuseSuccessful" not found (arg 5)
L 11/06/2021 - 03:10:28: [SM] Blaming: retakes-instadefuse.smx
L 11/06/2021 - 03:10:28: [SM] Call stack trace:
L 11/06/2021 - 03:10:28: [SM]   [0] PrintToChat
L 11/06/2021 - 03:10:28: [SM]   [1] Line 197, plugin.sp::AttemptInstantDefuse
L 11/06/2021 - 03:10:28: [SM]   [2] Line 104, plugin.sp::Event_BombBeginDefusePlusFrame
L 11/06/2021 - 03:10:58: [SM] Exception reported: Language phrase "InstaDefuseSuccessful" not found (arg 5)
L 11/06/2021 - 03:10:58: [SM] Blaming: retakes-instadefuse.smx
L 11/06/2021 - 03:10:58: [SM] Call stack trace:
L 11/06/2021 - 03:10:58: [SM]   [0] PrintToChat
L 11/06/2021 - 03:10:58: [SM]   [1] Line 197, plugin.sp::AttemptInstantDefuse
L 11/06/2021 - 03:10:58: [SM]   [2] Line 104, plugin.sp::Event_BombBeginDefusePlusFrame
L 11/06/2021 - 03:11:42: [SM] Exception reported: Language phrase "InstaDefuseSuccessful" not found (arg 5)
L 11/06/2021 - 03:11:42: [SM] Blaming: retakes-instadefuse.smx
L 11/06/2021 - 03:11:42: [SM] Call stack trace:
L 11/06/2021 - 03:11:42: [SM]   [0] PrintToChat
L 11/06/2021 - 03:11:42: [SM]   [1] Line 197, plugin.sp::AttemptInstantDefuse
L 11/06/2021 - 03:11:42: [SM]   [2] Line 104, plugin.sp::Event_BombBeginDefusePlusFrame
L 11/06/2021 - 03:13:39: [SM] Exception reported: Language phrase "InstaDefuseSuccessful" not found (arg 5)
L 11/06/2021 - 03:13:39: [SM] Blaming: retakes-instadefuse.smx
L 11/06/2021 - 03:13:39: [SM] Call stack trace:
L 11/06/2021 - 03:13:39: [SM]   [0] PrintToChat
L 11/06/2021 - 03:13:39: [SM]   [1] Line 197, plugin.sp::AttemptInstantDefuse
L 11/06/2021 - 03:13:39: [SM]   [2] Line 104, plugin.sp::Event_BombBeginDefusePlusFrame
L 11/06/2021 - 03:14:06: [SM] Exception reported: Language phrase "InstaDefuseSuccessful" not found (arg 5)
L 11/06/2021 - 03:14:06: [SM] Blaming: retakes-instadefuse.smx
L 11/06/2021 - 03:14:06: [SM] Call stack trace:
L 11/06/2021 - 03:14:06: [SM]   [0] PrintToChat
L 11/06/2021 - 03:14:06: [SM]   [1] Line 197, plugin.sp::AttemptInstantDefuse
L 11/06/2021 - 03:14:06: [SM]   [2] Line 104, plugin.sp::Event_BombBeginDefusePlusFrame
L 11/06/2021 - 03:14:53: [SM] Exception reported: Language phrase "InstaDefuseSuccessful" not found (arg 5)
L 11/06/2021 - 03:14:53: [SM] Blaming: retakes-instadefuse.smx
L 11/06/2021 - 03:14:53: [SM] Call stack trace:
L 11/06/2021 - 03:14:53: [SM]   [0] PrintToChat
L 11/06/2021 - 03:14:53: [SM]   [1] Line 197, plugin.sp::AttemptInstantDefuse
L 11/06/2021 - 03:14:53: [SM]   [2] Line 104, plugin.sp::Event_BombBeginDefusePlusFrame
L 11/06/2021 - 03:15:10: [SM] Exception reported: Language phrase "InstaDefuseSuccessful" not found (arg 5)
L 11/06/2021 - 03:15:10: [SM] Blaming: retakes-instadefuse.smx
L 11/06/2021 - 03:15:10: [SM] Call stack trace:
L 11/06/2021 - 03:15:10: [SM]   [0] PrintToChat
L 11/06/2021 - 03:15:10: [SM]   [1] Line 197, plugin.sp::AttemptInstantDefuse
L 11/06/2021 - 03:15:10: [SM]   [2] Line 104, plugin.sp::Event_BombBeginDefusePlusFrame
L 11/06/2021 - 03:16:01: [SM] Exception reported: Language phrase "InstaDefuseSuccessful" not found (arg 5)
L 11/06/2021 - 03:16:01: [SM] Blaming: retakes-instadefuse.smx
L 11/06/2021 - 03:16:01: [SM] Call stack trace:
L 11/06/2021 - 03:16:01: [SM]   [0] PrintToChat
L 11/06/2021 - 03:16:01: [SM]   [1] Line 197, plugin.sp::AttemptInstantDefuse
L 11/06/2021 - 03:16:01: [SM]   [2] Line 104, plugin.sp::Event_BombBeginDefusePlusFrame
