L 12/19/2022 - 01:02:21: SourceMod error session started
L 12/19/2022 - 01:02:21: Info (map "de_dust2") (file "F:\CSRetake\csgo_server\csgo\addons\sourcemod\logs\errors_20221219.log")
L 12/19/2022 - 01:02:21: [CSTRIKE] [CStrike] Failed to locate NET_SendPacket signature.
L 12/19/2022 - 01:02:22: [SM] Unable to load extension "PhysHooks.ext": Could not find patch signature for symbol: Physics_RunThinkFunctions
L 12/19/2022 - 01:03:39: SourceMod error session started
L 12/19/2022 - 01:03:39: Info (map "de_dust2") (file "F:\CSRetake\csgo_server\csgo\addons\sourcemod\logs\errors_20221219.log")
L 12/19/2022 - 01:03:39: [CSTRIKE] [CStrike] Failed to locate NET_SendPacket signature.
L 12/19/2022 - 01:03:40: [SM] Unable to load extension "PhysHooks.ext": Could not find patch signature for symbol: Physics_RunThinkFunctions
L 12/19/2022 - 01:05:21: SourceMod error session started
L 12/19/2022 - 01:05:21: Info (map "de_dust2") (file "F:\CSRetake\csgo_server\csgo\addons\sourcemod\logs\errors_20221219.log")
L 12/19/2022 - 01:05:21: [CSTRIKE] [CStrike] Failed to locate NET_SendPacket signature.
L 12/19/2022 - 01:05:22: [SM] Unable to load extension "PhysHooks.ext": Could not find patch signature for symbol: Physics_RunThinkFunctions
L 12/19/2022 - 01:07:22: SourceMod error session started
L 12/19/2022 - 01:07:22: Info (map "de_dust2") (file "F:\CSRetake\csgo_server\csgo\addons\sourcemod\logs\errors_20221219.log")
L 12/19/2022 - 01:07:22: [SM] Unable to load extension "PhysHooks.ext": Could not find patch signature for symbol: Physics_RunThinkFunctions
L 12/19/2022 - 01:07:23: [SM] Unable to load plugin "bot_inventory.smx": Native "eItems_AreItemsSynced" was not found
L 12/19/2022 - 01:07:23: [SM] Unable to load plugin "bot_stuff.smx": Could not find required plugin "navmesh"
L 12/19/2022 - 01:07:23: [SM] Unable to load plugin "LagCompensation.smx": Required extension "PhysHooks" file("PhysHooks.ext") not running
L 12/19/2022 - 01:07:23: [SM] Fatal error encountered parsing translation file "ranks_matchmaking.phrases.txt"
L 12/19/2022 - 01:07:23: [SM] Error (line 0, column 0): Stream failed to open
L 12/19/2022 - 01:07:24: [SM] Fatal error encountered parsing translation file "instadefuse.phrases.txt"
L 12/19/2022 - 01:07:24: [SM] Error (line 0, column 0): Stream failed to open
L 12/19/2022 - 01:07:28: [SM] Exception reported: Language phrase "Unranked" not found (arg 5)
L 12/19/2022 - 01:07:28: [SM] Blaming: ranks_matchmaking.smx
L 12/19/2022 - 01:07:28: [SM] Call stack trace:
L 12/19/2022 - 01:07:28: [SM]   [0] FormatEx
L 12/19/2022 - 01:07:28: [SM]   [1] Line 174, ranks_matchmaking.sp::GetRanksNames
L 12/19/2022 - 01:07:28: [SM]   [2] Line 169, ranks_matchmaking.sp::OnMapStart
L 12/19/2022 - 01:07:40: Error log file session closed.
L 12/19/2022 - 01:07:40: SourceMod error session started
L 12/19/2022 - 01:07:40: Info (map "de_dust2") (file "F:\CSRetake\csgo_server\csgo\addons\sourcemod\logs\errors_20221219.log")
L 12/19/2022 - 01:07:40: [SM] Fatal error encountered parsing translation file "ranks_matchmaking.phrases.txt"
L 12/19/2022 - 01:07:40: [SM] Error (line 0, column 0): Stream failed to open
L 12/19/2022 - 01:07:40: [SM] Fatal error encountered parsing translation file "instadefuse.phrases.txt"
L 12/19/2022 - 01:07:40: [SM] Error (line 0, column 0): Stream failed to open
L 12/19/2022 - 01:07:41: [SM] Exception reported: Language phrase "Unranked" not found (arg 5)
L 12/19/2022 - 01:07:41: [SM] Blaming: ranks_matchmaking.smx
L 12/19/2022 - 01:07:41: [SM] Call stack trace:
L 12/19/2022 - 01:07:41: [SM]   [0] FormatEx
L 12/19/2022 - 01:07:41: [SM]   [1] Line 174, ranks_matchmaking.sp::GetRanksNames
L 12/19/2022 - 01:07:41: [SM]   [2] Line 169, ranks_matchmaking.sp::OnMapStart
L 12/19/2022 - 01:15:15: SourceMod error session started
L 12/19/2022 - 01:15:15: Info (map "de_dust2") (file "F:\CSRetake\csgo_server\csgo\addons\sourcemod\logs\errors_20221219.log")
L 12/19/2022 - 01:15:15: [SM] Unable to load extension "PhysHooks.ext": Could not find patch signature for symbol: Physics_RunThinkFunctions
L 12/19/2022 - 01:15:15: [SM] Unable to load plugin "bot_inventory.smx": Native "eItems_AreItemsSynced" was not found
L 12/19/2022 - 01:15:15: [SM] Unable to load plugin "bot_stuff.smx": Could not find required plugin "navmesh"
L 12/19/2022 - 01:15:16: [SM] Unable to load plugin "LagCompensation.smx": Required extension "PhysHooks" file("PhysHooks.ext") not running
L 12/19/2022 - 01:15:16: [SM] Fatal error encountered parsing translation file "ranks_matchmaking.phrases.txt"
L 12/19/2022 - 01:15:16: [SM] Error (line 0, column 0): Stream failed to open
L 12/19/2022 - 01:15:16: [SM] Fatal error encountered parsing translation file "instadefuse.phrases.txt"
L 12/19/2022 - 01:15:16: [SM] Error (line 0, column 0): Stream failed to open
L 12/19/2022 - 01:15:26: [SM] Exception reported: Language phrase "Unranked" not found (arg 5)
L 12/19/2022 - 01:15:26: [SM] Blaming: ranks_matchmaking.smx
L 12/19/2022 - 01:15:26: [SM] Call stack trace:
L 12/19/2022 - 01:15:26: [SM]   [0] FormatEx
L 12/19/2022 - 01:15:26: [SM]   [1] Line 174, ranks_matchmaking.sp::GetRanksNames
L 12/19/2022 - 01:15:26: [SM]   [2] Line 169, ranks_matchmaking.sp::OnMapStart
L 12/19/2022 - 01:15:37: Error log file session closed.
L 12/19/2022 - 01:15:37: SourceMod error session started
L 12/19/2022 - 01:15:37: Info (map "de_dust2") (file "F:\CSRetake\csgo_server\csgo\addons\sourcemod\logs\errors_20221219.log")
L 12/19/2022 - 01:15:37: [SM] Fatal error encountered parsing translation file "ranks_matchmaking.phrases.txt"
L 12/19/2022 - 01:15:37: [SM] Error (line 0, column 0): Stream failed to open
L 12/19/2022 - 01:15:37: [SM] Fatal error encountered parsing translation file "instadefuse.phrases.txt"
L 12/19/2022 - 01:15:37: [SM] Error (line 0, column 0): Stream failed to open
L 12/19/2022 - 01:15:39: [SM] Exception reported: Language phrase "Unranked" not found (arg 5)
L 12/19/2022 - 01:15:39: [SM] Blaming: ranks_matchmaking.smx
L 12/19/2022 - 01:15:39: [SM] Call stack trace:
L 12/19/2022 - 01:15:39: [SM]   [0] FormatEx
L 12/19/2022 - 01:15:39: [SM]   [1] Line 174, ranks_matchmaking.sp::GetRanksNames
L 12/19/2022 - 01:15:39: [SM]   [2] Line 169, ranks_matchmaking.sp::OnMapStart
L 12/19/2022 - 01:16:48: [SM] Exception reported: Cannot set m_iItemIDLow with "FollowCSGOServerGuidelines" option enabled.
L 12/19/2022 - 01:16:48: [SM] Blaming: weapons.smx
L 12/19/2022 - 01:16:48: [SM] Call stack trace:
L 12/19/2022 - 01:16:48: [SM]   [0] SetEntProp
L 12/19/2022 - 01:16:48: [SM]   [1] Line 257, tmp/addons/sourcemod/scripting/weapons.sp::SetWeaponProps
L 12/19/2022 - 01:16:48: [SM]   [2] Line 55, tmp/addons/sourcemod/scripting/weapons/hooks.sp::GiveNamedItemPost
L 12/19/2022 - 01:16:48: [SM]   [4] GivePlayerItem
L 12/19/2022 - 01:16:48: [SM]   [5] Line 336, tmp/addons/sourcemod/scripting/weapons.sp::RefreshWeapon
L 12/19/2022 - 01:16:48: [SM]   [6] Line 39, tmp/addons/sourcemod/scripting/weapons/menus.sp::WeaponsMenuHandler
L 12/19/2022 - 01:16:49: [SM] Exception reported: Cannot set m_iItemIDLow with "FollowCSGOServerGuidelines" option enabled.
L 12/19/2022 - 01:16:49: [SM] Blaming: weapons.smx
L 12/19/2022 - 01:16:49: [SM] Call stack trace:
L 12/19/2022 - 01:16:49: [SM]   [0] SetEntProp
L 12/19/2022 - 01:16:49: [SM]   [1] Line 257, tmp/addons/sourcemod/scripting/weapons.sp::SetWeaponProps
L 12/19/2022 - 01:16:49: [SM]   [2] Line 55, tmp/addons/sourcemod/scripting/weapons/hooks.sp::GiveNamedItemPost
L 12/19/2022 - 01:16:49: [SM]   [4] GivePlayerItem
L 12/19/2022 - 01:16:49: [SM]   [5] Line 336, tmp/addons/sourcemod/scripting/weapons.sp::RefreshWeapon
L 12/19/2022 - 01:16:49: [SM]   [6] Line 39, tmp/addons/sourcemod/scripting/weapons/menus.sp::WeaponsMenuHandler
L 12/19/2022 - 01:20:16: SourceMod error session started
L 12/19/2022 - 01:20:16: Info (map "de_dust2") (file "F:\CSRetake\csgo_server\csgo\addons\sourcemod\logs\errors_20221219.log")
L 12/19/2022 - 01:20:16: [SM] Unable to load extension "PhysHooks.ext": Could not find patch signature for symbol: Physics_RunThinkFunctions
L 12/19/2022 - 01:20:17: [SM] Unable to load plugin "bot_inventory.smx": Native "eItems_AreItemsSynced" was not found
L 12/19/2022 - 01:20:17: [SM] Unable to load plugin "bot_stuff.smx": Could not find required plugin "navmesh"
L 12/19/2022 - 01:20:17: [SM] Unable to load plugin "LagCompensation.smx": Required extension "PhysHooks" file("PhysHooks.ext") not running
L 12/19/2022 - 01:20:17: [SM] Fatal error encountered parsing translation file "ranks_matchmaking.phrases.txt"
L 12/19/2022 - 01:20:17: [SM] Error (line 0, column 0): Stream failed to open
L 12/19/2022 - 01:20:17: [SM] Fatal error encountered parsing translation file "instadefuse.phrases.txt"
L 12/19/2022 - 01:20:17: [SM] Error (line 0, column 0): Stream failed to open
L 12/19/2022 - 01:20:19: [SM] Exception reported: Language phrase "Unranked" not found (arg 5)
L 12/19/2022 - 01:20:19: [SM] Blaming: ranks_matchmaking.smx
L 12/19/2022 - 01:20:19: [SM] Call stack trace:
L 12/19/2022 - 01:20:19: [SM]   [0] FormatEx
L 12/19/2022 - 01:20:19: [SM]   [1] Line 174, ranks_matchmaking.sp::GetRanksNames
L 12/19/2022 - 01:20:19: [SM]   [2] Line 169, ranks_matchmaking.sp::OnMapStart
L 12/19/2022 - 01:20:42: Error log file session closed.
L 12/19/2022 - 01:20:42: SourceMod error session started
L 12/19/2022 - 01:20:42: Info (map "de_dust2") (file "F:\CSRetake\csgo_server\csgo\addons\sourcemod\logs\errors_20221219.log")
L 12/19/2022 - 01:20:42: [SM] Fatal error encountered parsing translation file "ranks_matchmaking.phrases.txt"
L 12/19/2022 - 01:20:42: [SM] Error (line 0, column 0): Stream failed to open
L 12/19/2022 - 01:20:42: [SM] Fatal error encountered parsing translation file "instadefuse.phrases.txt"
L 12/19/2022 - 01:20:42: [SM] Error (line 0, column 0): Stream failed to open
L 12/19/2022 - 01:20:43: [SM] Exception reported: Language phrase "Unranked" not found (arg 5)
L 12/19/2022 - 01:20:43: [SM] Blaming: ranks_matchmaking.smx
L 12/19/2022 - 01:20:43: [SM] Call stack trace:
L 12/19/2022 - 01:20:43: [SM]   [0] FormatEx
L 12/19/2022 - 01:20:43: [SM]   [1] Line 174, ranks_matchmaking.sp::GetRanksNames
L 12/19/2022 - 01:20:43: [SM]   [2] Line 169, ranks_matchmaking.sp::OnMapStart
L 12/19/2022 - 02:19:02: SourceMod error session started
L 12/19/2022 - 02:19:02: Info (map "de_dust2") (file "F:\CSRetake\csgo_server\csgo\addons\sourcemod\logs\errors_20221219.log")
L 12/19/2022 - 02:19:02: [SM] Unable to load extension "PhysHooks.ext": Could not find patch signature for symbol: Physics_RunThinkFunctions
L 12/19/2022 - 02:19:02: [SM] Unable to load plugin "bot_inventory.smx": Native "eItems_AreItemsSynced" was not found
L 12/19/2022 - 02:19:02: [SM] Unable to load plugin "bot_stuff.smx": Could not find required plugin "navmesh"
L 12/19/2022 - 02:19:02: [SM] Unable to load plugin "LagCompensation.smx": Required extension "PhysHooks" file("PhysHooks.ext") not running
L 12/19/2022 - 02:19:02: [SM] Fatal error encountered parsing translation file "ranks_matchmaking.phrases.txt"
L 12/19/2022 - 02:19:02: [SM] Error (line 0, column 0): Stream failed to open
L 12/19/2022 - 02:19:02: [SM] Fatal error encountered parsing translation file "instadefuse.phrases.txt"
L 12/19/2022 - 02:19:02: [SM] Error (line 0, column 0): Stream failed to open
L 12/19/2022 - 02:19:05: [SM] Exception reported: Language phrase "Unranked" not found (arg 5)
L 12/19/2022 - 02:19:05: [SM] Blaming: ranks_matchmaking.smx
L 12/19/2022 - 02:19:05: [SM] Call stack trace:
L 12/19/2022 - 02:19:05: [SM]   [0] FormatEx
L 12/19/2022 - 02:19:05: [SM]   [1] Line 174, ranks_matchmaking.sp::GetRanksNames
L 12/19/2022 - 02:19:05: [SM]   [2] Line 169, ranks_matchmaking.sp::OnMapStart
L 12/19/2022 - 02:20:49: Error log file session closed.
L 12/19/2022 - 02:20:49: SourceMod error session started
L 12/19/2022 - 02:20:49: Info (map "de_dust2") (file "F:\CSRetake\csgo_server\csgo\addons\sourcemod\logs\errors_20221219.log")
L 12/19/2022 - 02:20:49: [SM] Fatal error encountered parsing translation file "ranks_matchmaking.phrases.txt"
L 12/19/2022 - 02:20:49: [SM] Error (line 0, column 0): Stream failed to open
L 12/19/2022 - 02:20:50: [SM] Fatal error encountered parsing translation file "instadefuse.phrases.txt"
L 12/19/2022 - 02:20:50: [SM] Error (line 0, column 0): Stream failed to open
L 12/19/2022 - 02:20:50: [SM] Exception reported: Language phrase "Unranked" not found (arg 5)
L 12/19/2022 - 02:20:50: [SM] Blaming: ranks_matchmaking.smx
L 12/19/2022 - 02:20:50: [SM] Call stack trace:
L 12/19/2022 - 02:20:50: [SM]   [0] FormatEx
L 12/19/2022 - 02:20:50: [SM]   [1] Line 174, ranks_matchmaking.sp::GetRanksNames
L 12/19/2022 - 02:20:50: [SM]   [2] Line 169, ranks_matchmaking.sp::OnMapStart
L 12/19/2022 - 02:22:55: [SM] Exception reported: Language phrase "InstaDefuseSuccessful" not found (arg 5)
L 12/19/2022 - 02:22:55: [SM] Blaming: retakes-instadefuse.smx
L 12/19/2022 - 02:22:55: [SM] Call stack trace:
L 12/19/2022 - 02:22:55: [SM]   [0] PrintToChat
L 12/19/2022 - 02:22:55: [SM]   [1] Line 197, plugin.sp::AttemptInstantDefuse
L 12/19/2022 - 02:22:55: [SM]   [2] Line 104, plugin.sp::Event_BombBeginDefusePlusFrame
L 12/19/2022 - 02:23:30: [SM] Exception reported: Language phrase "InstaDefuseSuccessful" not found (arg 5)
L 12/19/2022 - 02:23:30: [SM] Blaming: retakes-instadefuse.smx
L 12/19/2022 - 02:23:30: [SM] Call stack trace:
L 12/19/2022 - 02:23:30: [SM]   [0] PrintToChat
L 12/19/2022 - 02:23:30: [SM]   [1] Line 197, plugin.sp::AttemptInstantDefuse
L 12/19/2022 - 02:23:30: [SM]   [2] Line 104, plugin.sp::Event_BombBeginDefusePlusFrame
L 12/19/2022 - 02:24:10: [SM] Exception reported: Language phrase "InstaDefuseSuccessful" not found (arg 5)
L 12/19/2022 - 02:24:10: [SM] Blaming: retakes-instadefuse.smx
L 12/19/2022 - 02:24:10: [SM] Call stack trace:
L 12/19/2022 - 02:24:10: [SM]   [0] PrintToChat
L 12/19/2022 - 02:24:10: [SM]   [1] Line 197, plugin.sp::AttemptInstantDefuse
L 12/19/2022 - 02:24:10: [SM]   [2] Line 104, plugin.sp::Event_BombBeginDefusePlusFrame
L 12/19/2022 - 02:24:31: [SM] Exception reported: Language phrase "InstaDefuseSuccessful" not found (arg 5)
L 12/19/2022 - 02:24:31: [SM] Blaming: retakes-instadefuse.smx
L 12/19/2022 - 02:24:31: [SM] Call stack trace:
L 12/19/2022 - 02:24:31: [SM]   [0] PrintToChat
L 12/19/2022 - 02:24:31: [SM]   [1] Line 197, plugin.sp::AttemptInstantDefuse
L 12/19/2022 - 02:24:31: [SM]   [2] Line 104, plugin.sp::Event_BombBeginDefusePlusFrame
L 12/19/2022 - 02:24:56: [SM] Exception reported: Language phrase "InstaDefuseSuccessful" not found (arg 5)
L 12/19/2022 - 02:24:56: [SM] Blaming: retakes-instadefuse.smx
L 12/19/2022 - 02:24:56: [SM] Call stack trace:
L 12/19/2022 - 02:24:56: [SM]   [0] PrintToChat
L 12/19/2022 - 02:24:56: [SM]   [1] Line 197, plugin.sp::AttemptInstantDefuse
L 12/19/2022 - 02:24:56: [SM]   [2] Line 104, plugin.sp::Event_BombBeginDefusePlusFrame
L 12/19/2022 - 02:25:50: [SM] Exception reported: Language phrase "InstaDefuseSuccessful" not found (arg 5)
L 12/19/2022 - 02:25:50: [SM] Blaming: retakes-instadefuse.smx
L 12/19/2022 - 02:25:50: [SM] Call stack trace:
L 12/19/2022 - 02:25:50: [SM]   [0] PrintToChat
L 12/19/2022 - 02:25:50: [SM]   [1] Line 197, plugin.sp::AttemptInstantDefuse
L 12/19/2022 - 02:25:50: [SM]   [2] Line 104, plugin.sp::Event_BombBeginDefusePlusFrame
L 12/19/2022 - 02:26:08: [SM] Exception reported: Language phrase "InstaDefuseSuccessful" not found (arg 5)
L 12/19/2022 - 02:26:08: [SM] Blaming: retakes-instadefuse.smx
L 12/19/2022 - 02:26:08: [SM] Call stack trace:
L 12/19/2022 - 02:26:08: [SM]   [0] PrintToChat
L 12/19/2022 - 02:26:08: [SM]   [1] Line 197, plugin.sp::AttemptInstantDefuse
L 12/19/2022 - 02:26:08: [SM]   [2] Line 104, plugin.sp::Event_BombBeginDefusePlusFrame
L 12/19/2022 - 02:26:44: [SM] Exception reported: Language phrase "InstaDefuseSuccessful" not found (arg 5)
L 12/19/2022 - 02:26:44: [SM] Blaming: retakes-instadefuse.smx
L 12/19/2022 - 02:26:44: [SM] Call stack trace:
L 12/19/2022 - 02:26:44: [SM]   [0] PrintToChat
L 12/19/2022 - 02:26:44: [SM]   [1] Line 197, plugin.sp::AttemptInstantDefuse
L 12/19/2022 - 02:26:44: [SM]   [2] Line 104, plugin.sp::Event_BombBeginDefusePlusFrame
L 12/19/2022 - 02:27:10: [SM] Exception reported: Language phrase "InstaDefuseSuccessful" not found (arg 5)
L 12/19/2022 - 02:27:10: [SM] Blaming: retakes-instadefuse.smx
L 12/19/2022 - 02:27:10: [SM] Call stack trace:
L 12/19/2022 - 02:27:10: [SM]   [0] PrintToChat
L 12/19/2022 - 02:27:10: [SM]   [1] Line 197, plugin.sp::AttemptInstantDefuse
L 12/19/2022 - 02:27:10: [SM]   [2] Line 104, plugin.sp::Event_BombBeginDefusePlusFrame
L 12/19/2022 - 02:27:45: [SM] Exception reported: Language phrase "InstaDefuseUnsuccessful" not found (arg 5)
L 12/19/2022 - 02:27:45: [SM] Blaming: retakes-instadefuse.smx
L 12/19/2022 - 02:27:45: [SM] Call stack trace:
L 12/19/2022 - 02:27:45: [SM]   [0] PrintToChat
L 12/19/2022 - 02:27:45: [SM]   [1] Line 143, plugin.sp::AttemptInstantDefuse
L 12/19/2022 - 02:27:45: [SM]   [2] Line 104, plugin.sp::Event_BombBeginDefusePlusFrame
L 12/19/2022 - 02:27:45: [SM] Exception reported: Language phrase "InstaDefuseUnsuccessful" not found (arg 5)
L 12/19/2022 - 02:27:45: [SM] Blaming: retakes-instadefuse.smx
L 12/19/2022 - 02:27:45: [SM] Call stack trace:
L 12/19/2022 - 02:27:45: [SM]   [0] PrintToChat
L 12/19/2022 - 02:27:45: [SM]   [1] Line 143, plugin.sp::AttemptInstantDefuse
L 12/19/2022 - 02:27:45: [SM]   [2] Line 104, plugin.sp::Event_BombBeginDefusePlusFrame
L 12/19/2022 - 02:27:45: [SM] Exception reported: Language phrase "InstaDefuseUnsuccessful" not found (arg 5)
L 12/19/2022 - 02:27:45: [SM] Blaming: retakes-instadefuse.smx
L 12/19/2022 - 02:27:45: [SM] Call stack trace:
L 12/19/2022 - 02:27:45: [SM]   [0] PrintToChat
L 12/19/2022 - 02:27:45: [SM]   [1] Line 143, plugin.sp::AttemptInstantDefuse
L 12/19/2022 - 02:27:45: [SM]   [2] Line 104, plugin.sp::Event_BombBeginDefusePlusFrame
L 12/19/2022 - 02:29:09: [SM] Exception reported: Language phrase "InstaDefuseUnsuccessful" not found (arg 5)
L 12/19/2022 - 02:29:09: [SM] Blaming: retakes-instadefuse.smx
L 12/19/2022 - 02:29:09: [SM] Call stack trace:
L 12/19/2022 - 02:29:09: [SM]   [0] PrintToChat
L 12/19/2022 - 02:29:09: [SM]   [1] Line 143, plugin.sp::AttemptInstantDefuse
L 12/19/2022 - 02:29:09: [SM]   [2] Line 104, plugin.sp::Event_BombBeginDefusePlusFrame
L 12/19/2022 - 02:29:09: [SM] Exception reported: Language phrase "InstaDefuseUnsuccessful" not found (arg 5)
L 12/19/2022 - 02:29:09: [SM] Blaming: retakes-instadefuse.smx
L 12/19/2022 - 02:29:09: [SM] Call stack trace:
L 12/19/2022 - 02:29:09: [SM]   [0] PrintToChat
L 12/19/2022 - 02:29:09: [SM]   [1] Line 143, plugin.sp::AttemptInstantDefuse
L 12/19/2022 - 02:29:09: [SM]   [2] Line 104, plugin.sp::Event_BombBeginDefusePlusFrame
L 12/19/2022 - 02:29:09: [SM] Exception reported: Language phrase "InstaDefuseUnsuccessful" not found (arg 5)
L 12/19/2022 - 02:29:09: [SM] Blaming: retakes-instadefuse.smx
L 12/19/2022 - 02:29:09: [SM] Call stack trace:
L 12/19/2022 - 02:29:09: [SM]   [0] PrintToChat
L 12/19/2022 - 02:29:09: [SM]   [1] Line 143, plugin.sp::AttemptInstantDefuse
L 12/19/2022 - 02:29:09: [SM]   [2] Line 104, plugin.sp::Event_BombBeginDefusePlusFrame
L 12/19/2022 - 02:29:26: [SM] Exception reported: Language phrase "InstaDefuseSuccessful" not found (arg 5)
L 12/19/2022 - 02:29:26: [SM] Blaming: retakes-instadefuse.smx
L 12/19/2022 - 02:29:26: [SM] Call stack trace:
L 12/19/2022 - 02:29:26: [SM]   [0] PrintToChat
L 12/19/2022 - 02:29:26: [SM]   [1] Line 197, plugin.sp::AttemptInstantDefuse
L 12/19/2022 - 02:29:26: [SM]   [2] Line 104, plugin.sp::Event_BombBeginDefusePlusFrame
L 12/19/2022 - 02:29:46: [SM] Exception reported: Language phrase "InstaDefuseSuccessful" not found (arg 5)
L 12/19/2022 - 02:29:46: [SM] Blaming: retakes-instadefuse.smx
L 12/19/2022 - 02:29:46: [SM] Call stack trace:
L 12/19/2022 - 02:29:46: [SM]   [0] PrintToChat
L 12/19/2022 - 02:29:46: [SM]   [1] Line 197, plugin.sp::AttemptInstantDefuse
L 12/19/2022 - 02:29:46: [SM]   [2] Line 104, plugin.sp::Event_BombBeginDefusePlusFrame
L 12/19/2022 - 02:30:39: [SM] Exception reported: Language phrase "InstaDefuseSuccessful" not found (arg 5)
L 12/19/2022 - 02:30:39: [SM] Blaming: retakes-instadefuse.smx
L 12/19/2022 - 02:30:39: [SM] Call stack trace:
L 12/19/2022 - 02:30:39: [SM]   [0] PrintToChat
L 12/19/2022 - 02:30:39: [SM]   [1] Line 197, plugin.sp::AttemptInstantDefuse
L 12/19/2022 - 02:30:39: [SM]   [2] Line 104, plugin.sp::Event_BombBeginDefusePlusFrame
L 12/19/2022 - 02:31:03: [SM] Exception reported: Language phrase "InstaDefuseSuccessful" not found (arg 5)
L 12/19/2022 - 02:31:03: [SM] Blaming: retakes-instadefuse.smx
L 12/19/2022 - 02:31:03: [SM] Call stack trace:
L 12/19/2022 - 02:31:03: [SM]   [0] PrintToChat
L 12/19/2022 - 02:31:03: [SM]   [1] Line 197, plugin.sp::AttemptInstantDefuse
L 12/19/2022 - 02:31:03: [SM]   [2] Line 104, plugin.sp::Event_BombBeginDefusePlusFrame
L 12/19/2022 - 02:31:07: [SM] Exception reported: Language phrase "InstaDefuseSuccessful" not found (arg 5)
L 12/19/2022 - 02:31:07: [SM] Blaming: retakes-instadefuse.smx
L 12/19/2022 - 02:31:07: [SM] Call stack trace:
L 12/19/2022 - 02:31:07: [SM]   [0] PrintToChat
L 12/19/2022 - 02:31:07: [SM]   [1] Line 197, plugin.sp::AttemptInstantDefuse
L 12/19/2022 - 02:31:07: [SM]   [2] Line 104, plugin.sp::Event_BombBeginDefusePlusFrame
L 12/19/2022 - 02:31:07: [SM] Exception reported: Language phrase "InstaDefuseSuccessful" not found (arg 5)
L 12/19/2022 - 02:31:07: [SM] Blaming: retakes-instadefuse.smx
L 12/19/2022 - 02:31:07: [SM] Call stack trace:
L 12/19/2022 - 02:31:07: [SM]   [0] PrintToChat
L 12/19/2022 - 02:31:07: [SM]   [1] Line 197, plugin.sp::AttemptInstantDefuse
L 12/19/2022 - 02:31:07: [SM]   [2] Line 104, plugin.sp::Event_BombBeginDefusePlusFrame
L 12/19/2022 - 02:31:07: [SM] Exception reported: Language phrase "InstaDefuseSuccessful" not found (arg 5)
L 12/19/2022 - 02:31:07: [SM] Blaming: retakes-instadefuse.smx
L 12/19/2022 - 02:31:07: [SM] Call stack trace:
L 12/19/2022 - 02:31:07: [SM]   [0] PrintToChat
L 12/19/2022 - 02:31:07: [SM]   [1] Line 197, plugin.sp::AttemptInstantDefuse
L 12/19/2022 - 02:31:07: [SM]   [2] Line 104, plugin.sp::Event_BombBeginDefusePlusFrame
L 12/19/2022 - 02:31:08: [SM] Exception reported: Language phrase "InstaDefuseSuccessful" not found (arg 5)
L 12/19/2022 - 02:31:08: [SM] Blaming: retakes-instadefuse.smx
L 12/19/2022 - 02:31:08: [SM] Call stack trace:
L 12/19/2022 - 02:31:08: [SM]   [0] PrintToChat
L 12/19/2022 - 02:31:08: [SM]   [1] Line 197, plugin.sp::AttemptInstantDefuse
L 12/19/2022 - 02:31:08: [SM]   [2] Line 104, plugin.sp::Event_BombBeginDefusePlusFrame
L 12/19/2022 - 02:31:08: [SM] Exception reported: Language phrase "InstaDefuseSuccessful" not found (arg 5)
L 12/19/2022 - 02:31:08: [SM] Blaming: retakes-instadefuse.smx
L 12/19/2022 - 02:31:08: [SM] Call stack trace:
L 12/19/2022 - 02:31:08: [SM]   [0] PrintToChat
L 12/19/2022 - 02:31:08: [SM]   [1] Line 197, plugin.sp::AttemptInstantDefuse
L 12/19/2022 - 02:31:08: [SM]   [2] Line 104, plugin.sp::Event_BombBeginDefusePlusFrame
L 12/19/2022 - 02:31:09: [SM] Exception reported: Language phrase "InstaDefuseSuccessful" not found (arg 5)
L 12/19/2022 - 02:31:09: [SM] Blaming: retakes-instadefuse.smx
L 12/19/2022 - 02:31:09: [SM] Call stack trace:
L 12/19/2022 - 02:31:09: [SM]   [0] PrintToChat
L 12/19/2022 - 02:31:09: [SM]   [1] Line 197, plugin.sp::AttemptInstantDefuse
L 12/19/2022 - 02:31:09: [SM]   [2] Line 104, plugin.sp::Event_BombBeginDefusePlusFrame
L 12/19/2022 - 02:31:10: [SM] Exception reported: Language phrase "InstaDefuseSuccessful" not found (arg 5)
L 12/19/2022 - 02:31:10: [SM] Blaming: retakes-instadefuse.smx
L 12/19/2022 - 02:31:10: [SM] Call stack trace:
L 12/19/2022 - 02:31:10: [SM]   [0] PrintToChat
L 12/19/2022 - 02:31:10: [SM]   [1] Line 197, plugin.sp::AttemptInstantDefuse
L 12/19/2022 - 02:31:10: [SM]   [2] Line 104, plugin.sp::Event_BombBeginDefusePlusFrame
L 12/19/2022 - 02:31:10: [SM] Exception reported: Language phrase "InstaDefuseSuccessful" not found (arg 5)
L 12/19/2022 - 02:31:10: [SM] Blaming: retakes-instadefuse.smx
L 12/19/2022 - 02:31:10: [SM] Call stack trace:
L 12/19/2022 - 02:31:10: [SM]   [0] PrintToChat
L 12/19/2022 - 02:31:10: [SM]   [1] Line 197, plugin.sp::AttemptInstantDefuse
L 12/19/2022 - 02:31:10: [SM]   [2] Line 104, plugin.sp::Event_BombBeginDefusePlusFrame
L 12/19/2022 - 02:31:10: [SM] Exception reported: Language phrase "InstaDefuseSuccessful" not found (arg 5)
L 12/19/2022 - 02:31:10: [SM] Blaming: retakes-instadefuse.smx
L 12/19/2022 - 02:31:10: [SM] Call stack trace:
L 12/19/2022 - 02:31:10: [SM]   [0] PrintToChat
L 12/19/2022 - 02:31:10: [SM]   [1] Line 197, plugin.sp::AttemptInstantDefuse
L 12/19/2022 - 02:31:10: [SM]   [2] Line 104, plugin.sp::Event_BombBeginDefusePlusFrame
L 12/19/2022 - 02:31:11: [SM] Exception reported: Language phrase "InstaDefuseSuccessful" not found (arg 5)
L 12/19/2022 - 02:31:11: [SM] Blaming: retakes-instadefuse.smx
L 12/19/2022 - 02:31:11: [SM] Call stack trace:
L 12/19/2022 - 02:31:11: [SM]   [0] PrintToChat
L 12/19/2022 - 02:31:11: [SM]   [1] Line 197, plugin.sp::AttemptInstantDefuse
L 12/19/2022 - 02:31:11: [SM]   [2] Line 104, plugin.sp::Event_BombBeginDefusePlusFrame
L 12/19/2022 - 02:31:11: [SM] Exception reported: Language phrase "InstaDefuseSuccessful" not found (arg 5)
L 12/19/2022 - 02:31:11: [SM] Blaming: retakes-instadefuse.smx
L 12/19/2022 - 02:31:11: [SM] Call stack trace:
L 12/19/2022 - 02:31:11: [SM]   [0] PrintToChat
L 12/19/2022 - 02:31:11: [SM]   [1] Line 197, plugin.sp::AttemptInstantDefuse
L 12/19/2022 - 02:31:11: [SM]   [2] Line 104, plugin.sp::Event_BombBeginDefusePlusFrame
L 12/19/2022 - 02:31:11: [SM] Exception reported: Language phrase "InstaDefuseSuccessful" not found (arg 5)
L 12/19/2022 - 02:31:11: [SM] Blaming: retakes-instadefuse.smx
L 12/19/2022 - 02:31:11: [SM] Call stack trace:
L 12/19/2022 - 02:31:11: [SM]   [0] PrintToChat
L 12/19/2022 - 02:31:11: [SM]   [1] Line 197, plugin.sp::AttemptInstantDefuse
L 12/19/2022 - 02:31:11: [SM]   [2] Line 104, plugin.sp::Event_BombBeginDefusePlusFrame
L 12/19/2022 - 02:31:13: [SM] Exception reported: Language phrase "InstaDefuseSuccessful" not found (arg 5)
L 12/19/2022 - 02:31:13: [SM] Blaming: retakes-instadefuse.smx
L 12/19/2022 - 02:31:13: [SM] Call stack trace:
L 12/19/2022 - 02:31:13: [SM]   [0] PrintToChat
L 12/19/2022 - 02:31:13: [SM]   [1] Line 197, plugin.sp::AttemptInstantDefuse
L 12/19/2022 - 02:31:13: [SM]   [2] Line 104, plugin.sp::Event_BombBeginDefusePlusFrame
L 12/19/2022 - 02:31:13: [SM] Exception reported: Language phrase "InstaDefuseSuccessful" not found (arg 5)
L 12/19/2022 - 02:31:13: [SM] Blaming: retakes-instadefuse.smx
L 12/19/2022 - 02:31:13: [SM] Call stack trace:
L 12/19/2022 - 02:31:13: [SM]   [0] PrintToChat
L 12/19/2022 - 02:31:13: [SM]   [1] Line 197, plugin.sp::AttemptInstantDefuse
L 12/19/2022 - 02:31:13: [SM]   [2] Line 104, plugin.sp::Event_BombBeginDefusePlusFrame
L 12/19/2022 - 02:31:30: [SM] Exception reported: Language phrase "InstaDefuseSuccessful" not found (arg 5)
L 12/19/2022 - 02:31:30: [SM] Blaming: retakes-instadefuse.smx
L 12/19/2022 - 02:31:30: [SM] Call stack trace:
L 12/19/2022 - 02:31:30: [SM]   [0] PrintToChat
L 12/19/2022 - 02:31:30: [SM]   [1] Line 197, plugin.sp::AttemptInstantDefuse
L 12/19/2022 - 02:31:30: [SM]   [2] Line 104, plugin.sp::Event_BombBeginDefusePlusFrame
L 12/19/2022 - 02:31:52: [SM] Exception reported: Language phrase "InstaDefuseSuccessful" not found (arg 5)
L 12/19/2022 - 02:31:52: [SM] Blaming: retakes-instadefuse.smx
L 12/19/2022 - 02:31:52: [SM] Call stack trace:
L 12/19/2022 - 02:31:52: [SM]   [0] PrintToChat
L 12/19/2022 - 02:31:52: [SM]   [1] Line 197, plugin.sp::AttemptInstantDefuse
L 12/19/2022 - 02:31:52: [SM]   [2] Line 104, plugin.sp::Event_BombBeginDefusePlusFrame
L 12/19/2022 - 02:32:48: [SM] Exception reported: Language phrase "InstaDefuseSuccessful" not found (arg 5)
L 12/19/2022 - 02:32:48: [SM] Blaming: retakes-instadefuse.smx
L 12/19/2022 - 02:32:48: [SM] Call stack trace:
L 12/19/2022 - 02:32:48: [SM]   [0] PrintToChat
L 12/19/2022 - 02:32:48: [SM]   [1] Line 197, plugin.sp::AttemptInstantDefuse
L 12/19/2022 - 02:32:48: [SM]   [2] Line 104, plugin.sp::Event_BombBeginDefusePlusFrame
L 12/19/2022 - 02:32:49: [SM] Exception reported: Language phrase "InstaDefuseSuccessful" not found (arg 5)
L 12/19/2022 - 02:32:49: [SM] Blaming: retakes-instadefuse.smx
L 12/19/2022 - 02:32:49: [SM] Call stack trace:
L 12/19/2022 - 02:32:49: [SM]   [0] PrintToChat
L 12/19/2022 - 02:32:49: [SM]   [1] Line 197, plugin.sp::AttemptInstantDefuse
L 12/19/2022 - 02:32:49: [SM]   [2] Line 104, plugin.sp::Event_BombBeginDefusePlusFrame
L 12/19/2022 - 02:33:30: [SM] Exception reported: Language phrase "InstaDefuseSuccessful" not found (arg 5)
L 12/19/2022 - 02:33:30: [SM] Blaming: retakes-instadefuse.smx
L 12/19/2022 - 02:33:30: [SM] Call stack trace:
L 12/19/2022 - 02:33:30: [SM]   [0] PrintToChat
L 12/19/2022 - 02:33:30: [SM]   [1] Line 197, plugin.sp::AttemptInstantDefuse
L 12/19/2022 - 02:33:30: [SM]   [2] Line 104, plugin.sp::Event_BombBeginDefusePlusFrame
L 12/19/2022 - 02:34:21: [SM] Exception reported: Language phrase "InstaDefuseSuccessful" not found (arg 5)
L 12/19/2022 - 02:34:21: [SM] Blaming: retakes-instadefuse.smx
L 12/19/2022 - 02:34:21: [SM] Call stack trace:
L 12/19/2022 - 02:34:21: [SM]   [0] PrintToChat
L 12/19/2022 - 02:34:21: [SM]   [1] Line 197, plugin.sp::AttemptInstantDefuse
L 12/19/2022 - 02:34:21: [SM]   [2] Line 104, plugin.sp::Event_BombBeginDefusePlusFrame
L 12/19/2022 - 02:34:41: [SM] Exception reported: Language phrase "InstaDefuseSuccessful" not found (arg 5)
L 12/19/2022 - 02:34:41: [SM] Blaming: retakes-instadefuse.smx
L 12/19/2022 - 02:34:41: [SM] Call stack trace:
L 12/19/2022 - 02:34:41: [SM]   [0] PrintToChat
L 12/19/2022 - 02:34:41: [SM]   [1] Line 197, plugin.sp::AttemptInstantDefuse
L 12/19/2022 - 02:34:41: [SM]   [2] Line 104, plugin.sp::Event_BombBeginDefusePlusFrame
L 12/19/2022 - 02:35:00: [SM] Exception reported: Language phrase "InstaDefuseSuccessful" not found (arg 5)
L 12/19/2022 - 02:35:00: [SM] Blaming: retakes-instadefuse.smx
L 12/19/2022 - 02:35:00: [SM] Call stack trace:
L 12/19/2022 - 02:35:00: [SM]   [0] PrintToChat
L 12/19/2022 - 02:35:00: [SM]   [1] Line 197, plugin.sp::AttemptInstantDefuse
L 12/19/2022 - 02:35:00: [SM]   [2] Line 104, plugin.sp::Event_BombBeginDefusePlusFrame
L 12/19/2022 - 02:35:43: [SM] Exception reported: Language phrase "InstaDefuseSuccessful" not found (arg 5)
L 12/19/2022 - 02:35:43: [SM] Blaming: retakes-instadefuse.smx
L 12/19/2022 - 02:35:43: [SM] Call stack trace:
L 12/19/2022 - 02:35:43: [SM]   [0] PrintToChat
L 12/19/2022 - 02:35:43: [SM]   [1] Line 197, plugin.sp::AttemptInstantDefuse
L 12/19/2022 - 02:35:43: [SM]   [2] Line 104, plugin.sp::Event_BombBeginDefusePlusFrame
L 12/19/2022 - 02:36:04: [SM] Exception reported: Language phrase "InstaDefuseSuccessful" not found (arg 5)
L 12/19/2022 - 02:36:04: [SM] Blaming: retakes-instadefuse.smx
L 12/19/2022 - 02:36:04: [SM] Call stack trace:
L 12/19/2022 - 02:36:04: [SM]   [0] PrintToChat
L 12/19/2022 - 02:36:04: [SM]   [1] Line 197, plugin.sp::AttemptInstantDefuse
L 12/19/2022 - 02:36:04: [SM]   [2] Line 104, plugin.sp::Event_BombBeginDefusePlusFrame
L 12/19/2022 - 02:36:54: [SM] Exception reported: Language phrase "InstaDefuseSuccessful" not found (arg 5)
L 12/19/2022 - 02:36:54: [SM] Blaming: retakes-instadefuse.smx
L 12/19/2022 - 02:36:54: [SM] Call stack trace:
L 12/19/2022 - 02:36:54: [SM]   [0] PrintToChat
L 12/19/2022 - 02:36:54: [SM]   [1] Line 197, plugin.sp::AttemptInstantDefuse
L 12/19/2022 - 02:36:54: [SM]   [2] Line 104, plugin.sp::Event_BombBeginDefusePlusFrame
L 12/19/2022 - 02:37:07: [SM] Exception reported: Language phrase "InstaDefuseSuccessful" not found (arg 5)
L 12/19/2022 - 02:37:07: [SM] Blaming: retakes-instadefuse.smx
L 12/19/2022 - 02:37:07: [SM] Call stack trace:
L 12/19/2022 - 02:37:07: [SM]   [0] PrintToChat
L 12/19/2022 - 02:37:07: [SM]   [1] Line 197, plugin.sp::AttemptInstantDefuse
L 12/19/2022 - 02:37:07: [SM]   [2] Line 104, plugin.sp::Event_BombBeginDefusePlusFrame
L 12/19/2022 - 02:37:25: [SM] Exception reported: Language phrase "LiveNadeSomewhere" not found (arg 5)
L 12/19/2022 - 02:37:25: [SM] Blaming: retakes-instadefuse.smx
L 12/19/2022 - 02:37:25: [SM] Call stack trace:
L 12/19/2022 - 02:37:25: [SM]   [0] PrintToChat
L 12/19/2022 - 02:37:25: [SM]   [1] Line 168, plugin.sp::AttemptInstantDefuse
L 12/19/2022 - 02:37:25: [SM]   [2] Line 104, plugin.sp::Event_BombBeginDefusePlusFrame
L 12/19/2022 - 02:37:57: [SM] Exception reported: Language phrase "InstaDefuseSuccessful" not found (arg 5)
L 12/19/2022 - 02:37:57: [SM] Blaming: retakes-instadefuse.smx
L 12/19/2022 - 02:37:57: [SM] Call stack trace:
L 12/19/2022 - 02:37:57: [SM]   [0] PrintToChat
L 12/19/2022 - 02:37:57: [SM]   [1] Line 197, plugin.sp::AttemptInstantDefuse
L 12/19/2022 - 02:37:57: [SM]   [2] Line 104, plugin.sp::Event_BombBeginDefusePlusFrame
L 12/19/2022 - 02:38:23: [SM] Exception reported: Language phrase "InstaDefuseSuccessful" not found (arg 5)
L 12/19/2022 - 02:38:23: [SM] Blaming: retakes-instadefuse.smx
L 12/19/2022 - 02:38:23: [SM] Call stack trace:
L 12/19/2022 - 02:38:24: [SM]   [0] PrintToChat
L 12/19/2022 - 02:38:24: [SM]   [1] Line 197, plugin.sp::AttemptInstantDefuse
L 12/19/2022 - 02:38:24: [SM]   [2] Line 104, plugin.sp::Event_BombBeginDefusePlusFrame
L 12/19/2022 - 02:38:45: [SM] Exception reported: Language phrase "InstaDefuseSuccessful" not found (arg 5)
L 12/19/2022 - 02:38:45: [SM] Blaming: retakes-instadefuse.smx
L 12/19/2022 - 02:38:45: [SM] Call stack trace:
L 12/19/2022 - 02:38:45: [SM]   [0] PrintToChat
L 12/19/2022 - 02:38:45: [SM]   [1] Line 197, plugin.sp::AttemptInstantDefuse
L 12/19/2022 - 02:38:45: [SM]   [2] Line 104, plugin.sp::Event_BombBeginDefusePlusFrame
L 12/19/2022 - 02:39:09: [SM] Exception reported: Language phrase "InstaDefuseSuccessful" not found (arg 5)
L 12/19/2022 - 02:39:09: [SM] Blaming: retakes-instadefuse.smx
L 12/19/2022 - 02:39:09: [SM] Call stack trace:
L 12/19/2022 - 02:39:09: [SM]   [0] PrintToChat
L 12/19/2022 - 02:39:09: [SM]   [1] Line 197, plugin.sp::AttemptInstantDefuse
L 12/19/2022 - 02:39:09: [SM]   [2] Line 104, plugin.sp::Event_BombBeginDefusePlusFrame
L 12/19/2022 - 02:39:32: [SM] Exception reported: Language phrase "InstaDefuseSuccessful" not found (arg 5)
L 12/19/2022 - 02:39:32: [SM] Blaming: retakes-instadefuse.smx
L 12/19/2022 - 02:39:32: [SM] Call stack trace:
L 12/19/2022 - 02:39:32: [SM]   [0] PrintToChat
L 12/19/2022 - 02:39:32: [SM]   [1] Line 197, plugin.sp::AttemptInstantDefuse
L 12/19/2022 - 02:39:32: [SM]   [2] Line 104, plugin.sp::Event_BombBeginDefusePlusFrame
L 12/19/2022 - 02:39:48: [SM] Exception reported: Language phrase "InstaDefuseSuccessful" not found (arg 5)
L 12/19/2022 - 02:39:48: [SM] Blaming: retakes-instadefuse.smx
L 12/19/2022 - 02:39:48: [SM] Call stack trace:
L 12/19/2022 - 02:39:48: [SM]   [0] PrintToChat
L 12/19/2022 - 02:39:48: [SM]   [1] Line 197, plugin.sp::AttemptInstantDefuse
L 12/19/2022 - 02:39:48: [SM]   [2] Line 104, plugin.sp::Event_BombBeginDefusePlusFrame
L 12/19/2022 - 02:40:06: [SM] Exception reported: Language phrase "InstaDefuseSuccessful" not found (arg 5)
L 12/19/2022 - 02:40:06: [SM] Blaming: retakes-instadefuse.smx
L 12/19/2022 - 02:40:06: [SM] Call stack trace:
L 12/19/2022 - 02:40:06: [SM]   [0] PrintToChat
L 12/19/2022 - 02:40:06: [SM]   [1] Line 197, plugin.sp::AttemptInstantDefuse
L 12/19/2022 - 02:40:06: [SM]   [2] Line 104, plugin.sp::Event_BombBeginDefusePlusFrame
L 12/19/2022 - 02:40:08: [SM] Exception reported: Language phrase "InstaDefuseSuccessful" not found (arg 5)
L 12/19/2022 - 02:40:08: [SM] Blaming: retakes-instadefuse.smx
L 12/19/2022 - 02:40:08: [SM] Call stack trace:
L 12/19/2022 - 02:40:08: [SM]   [0] PrintToChat
L 12/19/2022 - 02:40:08: [SM]   [1] Line 197, plugin.sp::AttemptInstantDefuse
L 12/19/2022 - 02:40:08: [SM]   [2] Line 104, plugin.sp::Event_BombBeginDefusePlusFrame
L 12/19/2022 - 02:40:46: [SM] Exception reported: Language phrase "InstaDefuseSuccessful" not found (arg 5)
L 12/19/2022 - 02:40:46: [SM] Blaming: retakes-instadefuse.smx
L 12/19/2022 - 02:40:46: [SM] Call stack trace:
L 12/19/2022 - 02:40:46: [SM]   [0] PrintToChat
L 12/19/2022 - 02:40:46: [SM]   [1] Line 197, plugin.sp::AttemptInstantDefuse
L 12/19/2022 - 02:40:46: [SM]   [2] Line 104, plugin.sp::Event_BombBeginDefusePlusFrame
L 12/19/2022 - 02:41:04: [SM] Exception reported: Language phrase "InstaDefuseSuccessful" not found (arg 5)
L 12/19/2022 - 02:41:04: [SM] Blaming: retakes-instadefuse.smx
L 12/19/2022 - 02:41:04: [SM] Call stack trace:
L 12/19/2022 - 02:41:04: [SM]   [0] PrintToChat
L 12/19/2022 - 02:41:04: [SM]   [1] Line 197, plugin.sp::AttemptInstantDefuse
L 12/19/2022 - 02:41:04: [SM]   [2] Line 104, plugin.sp::Event_BombBeginDefusePlusFrame
L 12/19/2022 - 02:41:24: [SM] Exception reported: Language phrase "LiveNadeSomewhere" not found (arg 5)
L 12/19/2022 - 02:41:24: [SM] Blaming: retakes-instadefuse.smx
L 12/19/2022 - 02:41:24: [SM] Call stack trace:
L 12/19/2022 - 02:41:24: [SM]   [0] PrintToChat
L 12/19/2022 - 02:41:24: [SM]   [1] Line 168, plugin.sp::AttemptInstantDefuse
L 12/19/2022 - 02:41:24: [SM]   [2] Line 104, plugin.sp::Event_BombBeginDefusePlusFrame
L 12/19/2022 - 02:41:44: [SM] Exception reported: Language phrase "InstaDefuseSuccessful" not found (arg 5)
L 12/19/2022 - 02:41:44: [SM] Blaming: retakes-instadefuse.smx
L 12/19/2022 - 02:41:44: [SM] Call stack trace:
L 12/19/2022 - 02:41:44: [SM]   [0] PrintToChat
L 12/19/2022 - 02:41:44: [SM]   [1] Line 197, plugin.sp::AttemptInstantDefuse
L 12/19/2022 - 02:41:44: [SM]   [2] Line 104, plugin.sp::Event_BombBeginDefusePlusFrame
L 12/19/2022 - 02:42:10: [SM] Exception reported: Language phrase "InstaDefuseSuccessful" not found (arg 5)
L 12/19/2022 - 02:42:10: [SM] Blaming: retakes-instadefuse.smx
L 12/19/2022 - 02:42:10: [SM] Call stack trace:
L 12/19/2022 - 02:42:10: [SM]   [0] PrintToChat
L 12/19/2022 - 02:42:10: [SM]   [1] Line 197, plugin.sp::AttemptInstantDefuse
L 12/19/2022 - 02:42:10: [SM]   [2] Line 104, plugin.sp::Event_BombBeginDefusePlusFrame
L 12/19/2022 - 02:42:41: [SM] Exception reported: Language phrase "InstaDefuseSuccessful" not found (arg 5)
L 12/19/2022 - 02:42:41: [SM] Blaming: retakes-instadefuse.smx
L 12/19/2022 - 02:42:41: [SM] Call stack trace:
L 12/19/2022 - 02:42:41: [SM]   [0] PrintToChat
L 12/19/2022 - 02:42:41: [SM]   [1] Line 197, plugin.sp::AttemptInstantDefuse
L 12/19/2022 - 02:42:41: [SM]   [2] Line 104, plugin.sp::Event_BombBeginDefusePlusFrame
L 12/19/2022 - 02:42:55: [SM] Exception reported: Language phrase "InstaDefuseSuccessful" not found (arg 5)
L 12/19/2022 - 02:42:55: [SM] Blaming: retakes-instadefuse.smx
L 12/19/2022 - 02:42:55: [SM] Call stack trace:
L 12/19/2022 - 02:42:55: [SM]   [0] PrintToChat
L 12/19/2022 - 02:42:55: [SM]   [1] Line 197, plugin.sp::AttemptInstantDefuse
L 12/19/2022 - 02:42:55: [SM]   [2] Line 104, plugin.sp::Event_BombBeginDefusePlusFrame
L 12/19/2022 - 02:43:18: [SM] Exception reported: Language phrase "InstaDefuseSuccessful" not found (arg 5)
L 12/19/2022 - 02:43:18: [SM] Blaming: retakes-instadefuse.smx
L 12/19/2022 - 02:43:18: [SM] Call stack trace:
L 12/19/2022 - 02:43:18: [SM]   [0] PrintToChat
L 12/19/2022 - 02:43:18: [SM]   [1] Line 197, plugin.sp::AttemptInstantDefuse
L 12/19/2022 - 02:43:18: [SM]   [2] Line 104, plugin.sp::Event_BombBeginDefusePlusFrame
L 12/19/2022 - 02:43:58: [SM] Exception reported: Language phrase "InstaDefuseUnsuccessful" not found (arg 5)
L 12/19/2022 - 02:43:58: [SM] Blaming: retakes-instadefuse.smx
L 12/19/2022 - 02:43:58: [SM] Call stack trace:
L 12/19/2022 - 02:43:58: [SM]   [0] PrintToChat
L 12/19/2022 - 02:43:58: [SM]   [1] Line 143, plugin.sp::AttemptInstantDefuse
L 12/19/2022 - 02:43:58: [SM]   [2] Line 104, plugin.sp::Event_BombBeginDefusePlusFrame
L 12/19/2022 - 02:43:58: [SM] Exception reported: Language phrase "InstaDefuseUnsuccessful" not found (arg 5)
L 12/19/2022 - 02:43:58: [SM] Blaming: retakes-instadefuse.smx
L 12/19/2022 - 02:43:58: [SM] Call stack trace:
L 12/19/2022 - 02:43:58: [SM]   [0] PrintToChat
L 12/19/2022 - 02:43:58: [SM]   [1] Line 143, plugin.sp::AttemptInstantDefuse
L 12/19/2022 - 02:43:58: [SM]   [2] Line 104, plugin.sp::Event_BombBeginDefusePlusFrame
L 12/19/2022 - 02:43:58: [SM] Exception reported: Language phrase "InstaDefuseUnsuccessful" not found (arg 5)
L 12/19/2022 - 02:43:58: [SM] Blaming: retakes-instadefuse.smx
L 12/19/2022 - 02:43:58: [SM] Call stack trace:
L 12/19/2022 - 02:43:58: [SM]   [0] PrintToChat
L 12/19/2022 - 02:43:58: [SM]   [1] Line 143, plugin.sp::AttemptInstantDefuse
L 12/19/2022 - 02:43:58: [SM]   [2] Line 104, plugin.sp::Event_BombBeginDefusePlusFrame
L 12/19/2022 - 02:43:58: [SM] Exception reported: Language phrase "InstaDefuseUnsuccessful" not found (arg 5)
L 12/19/2022 - 02:43:58: [SM] Blaming: retakes-instadefuse.smx
L 12/19/2022 - 02:43:58: [SM] Call stack trace:
L 12/19/2022 - 02:43:58: [SM]   [0] PrintToChat
L 12/19/2022 - 02:43:58: [SM]   [1] Line 143, plugin.sp::AttemptInstantDefuse
L 12/19/2022 - 02:43:58: [SM]   [2] Line 104, plugin.sp::Event_BombBeginDefusePlusFrame
L 12/19/2022 - 02:43:58: [SM] Exception reported: Language phrase "InstaDefuseUnsuccessful" not found (arg 5)
L 12/19/2022 - 02:43:58: [SM] Blaming: retakes-instadefuse.smx
L 12/19/2022 - 02:43:58: [SM] Call stack trace:
L 12/19/2022 - 02:43:58: [SM]   [0] PrintToChat
L 12/19/2022 - 02:43:58: [SM]   [1] Line 143, plugin.sp::AttemptInstantDefuse
L 12/19/2022 - 02:43:58: [SM]   [2] Line 104, plugin.sp::Event_BombBeginDefusePlusFrame
L 12/19/2022 - 02:43:59: [SM] Exception reported: Language phrase "InstaDefuseUnsuccessful" not found (arg 5)
L 12/19/2022 - 02:43:59: [SM] Blaming: retakes-instadefuse.smx
L 12/19/2022 - 02:43:59: [SM] Call stack trace:
L 12/19/2022 - 02:43:59: [SM]   [0] PrintToChat
L 12/19/2022 - 02:43:59: [SM]   [1] Line 143, plugin.sp::AttemptInstantDefuse
L 12/19/2022 - 02:43:59: [SM]   [2] Line 104, plugin.sp::Event_BombBeginDefusePlusFrame
L 12/19/2022 - 02:43:59: [SM] Exception reported: Language phrase "InstaDefuseUnsuccessful" not found (arg 5)
L 12/19/2022 - 02:43:59: [SM] Blaming: retakes-instadefuse.smx
L 12/19/2022 - 02:43:59: [SM] Call stack trace:
L 12/19/2022 - 02:43:59: [SM]   [0] PrintToChat
L 12/19/2022 - 02:43:59: [SM]   [1] Line 143, plugin.sp::AttemptInstantDefuse
L 12/19/2022 - 02:43:59: [SM]   [2] Line 104, plugin.sp::Event_BombBeginDefusePlusFrame
L 12/19/2022 - 02:44:58: [SM] Exception reported: Language phrase "InstaDefuseSuccessful" not found (arg 5)
L 12/19/2022 - 02:44:58: [SM] Blaming: retakes-instadefuse.smx
L 12/19/2022 - 02:44:58: [SM] Call stack trace:
L 12/19/2022 - 02:44:58: [SM]   [0] PrintToChat
L 12/19/2022 - 02:44:58: [SM]   [1] Line 197, plugin.sp::AttemptInstantDefuse
L 12/19/2022 - 02:44:58: [SM]   [2] Line 104, plugin.sp::Event_BombBeginDefusePlusFrame
L 12/19/2022 - 02:45:18: [SM] Exception reported: Language phrase "InstaDefuseSuccessful" not found (arg 5)
L 12/19/2022 - 02:45:18: [SM] Blaming: retakes-instadefuse.smx
L 12/19/2022 - 02:45:18: [SM] Call stack trace:
L 12/19/2022 - 02:45:18: [SM]   [0] PrintToChat
L 12/19/2022 - 02:45:18: [SM]   [1] Line 197, plugin.sp::AttemptInstantDefuse
L 12/19/2022 - 02:45:18: [SM]   [2] Line 104, plugin.sp::Event_BombBeginDefusePlusFrame
L 12/19/2022 - 02:46:16: [SM] Exception reported: Language phrase "InstaDefuseSuccessful" not found (arg 5)
L 12/19/2022 - 02:46:16: [SM] Blaming: retakes-instadefuse.smx
L 12/19/2022 - 02:46:16: [SM] Call stack trace:
L 12/19/2022 - 02:46:16: [SM]   [0] PrintToChat
L 12/19/2022 - 02:46:16: [SM]   [1] Line 197, plugin.sp::AttemptInstantDefuse
L 12/19/2022 - 02:46:16: [SM]   [2] Line 104, plugin.sp::Event_BombBeginDefusePlusFrame
L 12/19/2022 - 02:46:33: [SM] Exception reported: Language phrase "InstaDefuseSuccessful" not found (arg 5)
L 12/19/2022 - 02:46:33: [SM] Blaming: retakes-instadefuse.smx
L 12/19/2022 - 02:46:33: [SM] Call stack trace:
L 12/19/2022 - 02:46:33: [SM]   [0] PrintToChat
L 12/19/2022 - 02:46:33: [SM]   [1] Line 197, plugin.sp::AttemptInstantDefuse
L 12/19/2022 - 02:46:33: [SM]   [2] Line 104, plugin.sp::Event_BombBeginDefusePlusFrame
L 12/19/2022 - 02:46:59: [SM] Exception reported: Language phrase "InstaDefuseSuccessful" not found (arg 5)
L 12/19/2022 - 02:46:59: [SM] Blaming: retakes-instadefuse.smx
L 12/19/2022 - 02:46:59: [SM] Call stack trace:
L 12/19/2022 - 02:46:59: [SM]   [0] PrintToChat
L 12/19/2022 - 02:46:59: [SM]   [1] Line 197, plugin.sp::AttemptInstantDefuse
L 12/19/2022 - 02:46:59: [SM]   [2] Line 104, plugin.sp::Event_BombBeginDefusePlusFrame
L 12/19/2022 - 02:47:37: [SM] Exception reported: Language phrase "LiveNadeSomewhere" not found (arg 5)
L 12/19/2022 - 02:47:37: [SM] Blaming: retakes-instadefuse.smx
L 12/19/2022 - 02:47:38: [SM] Call stack trace:
L 12/19/2022 - 02:47:38: [SM]   [0] PrintToChat
L 12/19/2022 - 02:47:38: [SM]   [1] Line 168, plugin.sp::AttemptInstantDefuse
L 12/19/2022 - 02:47:38: [SM]   [2] Line 104, plugin.sp::Event_BombBeginDefusePlusFrame
L 12/19/2022 - 02:47:56: [SM] Exception reported: Language phrase "InstaDefuseSuccessful" not found (arg 5)
L 12/19/2022 - 02:47:56: [SM] Blaming: retakes-instadefuse.smx
L 12/19/2022 - 02:47:56: [SM] Call stack trace:
L 12/19/2022 - 02:47:56: [SM]   [0] PrintToChat
L 12/19/2022 - 02:47:56: [SM]   [1] Line 197, plugin.sp::AttemptInstantDefuse
L 12/19/2022 - 02:47:56: [SM]   [2] Line 104, plugin.sp::Event_BombBeginDefusePlusFrame
L 12/19/2022 - 02:48:46: [SM] Exception reported: Language phrase "InstaDefuseSuccessful" not found (arg 5)
L 12/19/2022 - 02:48:46: [SM] Blaming: retakes-instadefuse.smx
L 12/19/2022 - 02:48:46: [SM] Call stack trace:
L 12/19/2022 - 02:48:46: [SM]   [0] PrintToChat
L 12/19/2022 - 02:48:46: [SM]   [1] Line 197, plugin.sp::AttemptInstantDefuse
L 12/19/2022 - 02:48:46: [SM]   [2] Line 104, plugin.sp::Event_BombBeginDefusePlusFrame
L 12/19/2022 - 02:49:03: [SM] Exception reported: Language phrase "InstaDefuseSuccessful" not found (arg 5)
L 12/19/2022 - 02:49:03: [SM] Blaming: retakes-instadefuse.smx
L 12/19/2022 - 02:49:03: [SM] Call stack trace:
L 12/19/2022 - 02:49:03: [SM]   [0] PrintToChat
L 12/19/2022 - 02:49:03: [SM]   [1] Line 197, plugin.sp::AttemptInstantDefuse
L 12/19/2022 - 02:49:03: [SM]   [2] Line 104, plugin.sp::Event_BombBeginDefusePlusFrame
L 12/19/2022 - 02:49:25: [SM] Exception reported: Language phrase "InstaDefuseSuccessful" not found (arg 5)
L 12/19/2022 - 02:49:25: [SM] Blaming: retakes-instadefuse.smx
L 12/19/2022 - 02:49:25: [SM] Call stack trace:
L 12/19/2022 - 02:49:25: [SM]   [0] PrintToChat
L 12/19/2022 - 02:49:25: [SM]   [1] Line 197, plugin.sp::AttemptInstantDefuse
L 12/19/2022 - 02:49:25: [SM]   [2] Line 104, plugin.sp::Event_BombBeginDefusePlusFrame
L 12/19/2022 - 02:50:07: [SM] Exception reported: Language phrase "InstaDefuseSuccessful" not found (arg 5)
L 12/19/2022 - 02:50:07: [SM] Blaming: retakes-instadefuse.smx
L 12/19/2022 - 02:50:07: [SM] Call stack trace:
L 12/19/2022 - 02:50:07: [SM]   [0] PrintToChat
L 12/19/2022 - 02:50:07: [SM]   [1] Line 197, plugin.sp::AttemptInstantDefuse
L 12/19/2022 - 02:50:07: [SM]   [2] Line 104, plugin.sp::Event_BombBeginDefusePlusFrame
L 12/19/2022 - 02:50:29: [SM] Exception reported: Language phrase "InstaDefuseSuccessful" not found (arg 5)
L 12/19/2022 - 02:50:29: [SM] Blaming: retakes-instadefuse.smx
L 12/19/2022 - 02:50:29: [SM] Call stack trace:
L 12/19/2022 - 02:50:29: [SM]   [0] PrintToChat
L 12/19/2022 - 02:50:29: [SM]   [1] Line 197, plugin.sp::AttemptInstantDefuse
L 12/19/2022 - 02:50:29: [SM]   [2] Line 104, plugin.sp::Event_BombBeginDefusePlusFrame
L 12/19/2022 - 02:50:46: [SM] Exception reported: Language phrase "InstaDefuseSuccessful" not found (arg 5)
L 12/19/2022 - 02:50:46: [SM] Blaming: retakes-instadefuse.smx
L 12/19/2022 - 02:50:46: [SM] Call stack trace:
L 12/19/2022 - 02:50:46: [SM]   [0] PrintToChat
L 12/19/2022 - 02:50:46: [SM]   [1] Line 197, plugin.sp::AttemptInstantDefuse
L 12/19/2022 - 02:50:46: [SM]   [2] Line 104, plugin.sp::Event_BombBeginDefusePlusFrame
L 12/19/2022 - 02:51:11: [SM] Exception reported: Language phrase "InstaDefuseSuccessful" not found (arg 5)
L 12/19/2022 - 02:51:11: [SM] Blaming: retakes-instadefuse.smx
L 12/19/2022 - 02:51:11: [SM] Call stack trace:
L 12/19/2022 - 02:51:11: [SM]   [0] PrintToChat
L 12/19/2022 - 02:51:12: [SM]   [1] Line 197, plugin.sp::AttemptInstantDefuse
L 12/19/2022 - 02:51:12: [SM]   [2] Line 104, plugin.sp::Event_BombBeginDefusePlusFrame
L 12/19/2022 - 02:52:06: [SM] Exception reported: Language phrase "LiveNadeSomewhere" not found (arg 5)
L 12/19/2022 - 02:52:06: [SM] Blaming: retakes-instadefuse.smx
L 12/19/2022 - 02:52:06: [SM] Call stack trace:
L 12/19/2022 - 02:52:06: [SM]   [0] PrintToChat
L 12/19/2022 - 02:52:06: [SM]   [1] Line 168, plugin.sp::AttemptInstantDefuse
L 12/19/2022 - 02:52:06: [SM]   [2] Line 104, plugin.sp::Event_BombBeginDefusePlusFrame
L 12/19/2022 - 02:52:07: [SM] Exception reported: Language phrase "LiveNadeSomewhere" not found (arg 5)
L 12/19/2022 - 02:52:07: [SM] Blaming: retakes-instadefuse.smx
L 12/19/2022 - 02:52:07: [SM] Call stack trace:
L 12/19/2022 - 02:52:07: [SM]   [0] PrintToChat
L 12/19/2022 - 02:52:07: [SM]   [1] Line 168, plugin.sp::AttemptInstantDefuse
L 12/19/2022 - 02:52:07: [SM]   [2] Line 104, plugin.sp::Event_BombBeginDefusePlusFrame
L 12/19/2022 - 02:52:29: [SM] Exception reported: Language phrase "InstaDefuseSuccessful" not found (arg 5)
L 12/19/2022 - 02:52:29: [SM] Blaming: retakes-instadefuse.smx
L 12/19/2022 - 02:52:29: [SM] Call stack trace:
L 12/19/2022 - 02:52:29: [SM]   [0] PrintToChat
L 12/19/2022 - 02:52:29: [SM]   [1] Line 197, plugin.sp::AttemptInstantDefuse
L 12/19/2022 - 02:52:29: [SM]   [2] Line 104, plugin.sp::Event_BombBeginDefusePlusFrame
L 12/19/2022 - 02:53:48: [SM] Exception reported: Language phrase "InstaDefuseSuccessful" not found (arg 5)
L 12/19/2022 - 02:53:48: [SM] Blaming: retakes-instadefuse.smx
L 12/19/2022 - 02:53:48: [SM] Call stack trace:
L 12/19/2022 - 02:53:48: [SM]   [0] PrintToChat
L 12/19/2022 - 02:53:48: [SM]   [1] Line 197, plugin.sp::AttemptInstantDefuse
L 12/19/2022 - 02:53:48: [SM]   [2] Line 104, plugin.sp::Event_BombBeginDefusePlusFrame
L 12/19/2022 - 02:54:09: [SM] Exception reported: Language phrase "InstaDefuseSuccessful" not found (arg 5)
L 12/19/2022 - 02:54:09: [SM] Blaming: retakes-instadefuse.smx
L 12/19/2022 - 02:54:09: [SM] Call stack trace:
L 12/19/2022 - 02:54:09: [SM]   [0] PrintToChat
L 12/19/2022 - 02:54:09: [SM]   [1] Line 197, plugin.sp::AttemptInstantDefuse
L 12/19/2022 - 02:54:09: [SM]   [2] Line 104, plugin.sp::Event_BombBeginDefusePlusFrame
L 12/19/2022 - 02:54:33: [SM] Exception reported: Language phrase "InstaDefuseSuccessful" not found (arg 5)
L 12/19/2022 - 02:54:33: [SM] Blaming: retakes-instadefuse.smx
L 12/19/2022 - 02:54:33: [SM] Call stack trace:
L 12/19/2022 - 02:54:33: [SM]   [0] PrintToChat
L 12/19/2022 - 02:54:33: [SM]   [1] Line 197, plugin.sp::AttemptInstantDefuse
L 12/19/2022 - 02:54:33: [SM]   [2] Line 104, plugin.sp::Event_BombBeginDefusePlusFrame
L 12/19/2022 - 02:54:35: [SM] Exception reported: Language phrase "InstaDefuseSuccessful" not found (arg 5)
L 12/19/2022 - 02:54:35: [SM] Blaming: retakes-instadefuse.smx
L 12/19/2022 - 02:54:35: [SM] Call stack trace:
L 12/19/2022 - 02:54:35: [SM]   [0] PrintToChat
L 12/19/2022 - 02:54:35: [SM]   [1] Line 197, plugin.sp::AttemptInstantDefuse
L 12/19/2022 - 02:54:35: [SM]   [2] Line 104, plugin.sp::Event_BombBeginDefusePlusFrame
L 12/19/2022 - 02:54:35: [SM] Exception reported: Language phrase "InstaDefuseSuccessful" not found (arg 5)
L 12/19/2022 - 02:54:35: [SM] Blaming: retakes-instadefuse.smx
L 12/19/2022 - 02:54:35: [SM] Call stack trace:
L 12/19/2022 - 02:54:35: [SM]   [0] PrintToChat
L 12/19/2022 - 02:54:35: [SM]   [1] Line 197, plugin.sp::AttemptInstantDefuse
L 12/19/2022 - 02:54:35: [SM]   [2] Line 104, plugin.sp::Event_BombBeginDefusePlusFrame
L 12/19/2022 - 02:55:06: [SM] Exception reported: Language phrase "InstaDefuseSuccessful" not found (arg 5)
L 12/19/2022 - 02:55:06: [SM] Blaming: retakes-instadefuse.smx
L 12/19/2022 - 02:55:06: [SM] Call stack trace:
L 12/19/2022 - 02:55:06: [SM]   [0] PrintToChat
L 12/19/2022 - 02:55:06: [SM]   [1] Line 197, plugin.sp::AttemptInstantDefuse
L 12/19/2022 - 02:55:06: [SM]   [2] Line 104, plugin.sp::Event_BombBeginDefusePlusFrame
L 12/19/2022 - 02:55:43: [SM] Exception reported: Language phrase "InstaDefuseSuccessful" not found (arg 5)
L 12/19/2022 - 02:55:43: [SM] Blaming: retakes-instadefuse.smx
L 12/19/2022 - 02:55:43: [SM] Call stack trace:
L 12/19/2022 - 02:55:43: [SM]   [0] PrintToChat
L 12/19/2022 - 02:55:43: [SM]   [1] Line 197, plugin.sp::AttemptInstantDefuse
L 12/19/2022 - 02:55:43: [SM]   [2] Line 104, plugin.sp::Event_BombBeginDefusePlusFrame
L 12/19/2022 - 02:55:59: [SM] Exception reported: Language phrase "InstaDefuseSuccessful" not found (arg 5)
L 12/19/2022 - 02:55:59: [SM] Blaming: retakes-instadefuse.smx
L 12/19/2022 - 02:55:59: [SM] Call stack trace:
L 12/19/2022 - 02:55:59: [SM]   [0] PrintToChat
L 12/19/2022 - 02:55:59: [SM]   [1] Line 197, plugin.sp::AttemptInstantDefuse
L 12/19/2022 - 02:55:59: [SM]   [2] Line 104, plugin.sp::Event_BombBeginDefusePlusFrame
L 12/19/2022 - 02:56:19: [SM] Exception reported: Language phrase "InstaDefuseSuccessful" not found (arg 5)
L 12/19/2022 - 02:56:19: [SM] Blaming: retakes-instadefuse.smx
L 12/19/2022 - 02:56:19: [SM] Call stack trace:
L 12/19/2022 - 02:56:19: [SM]   [0] PrintToChat
L 12/19/2022 - 02:56:19: [SM]   [1] Line 197, plugin.sp::AttemptInstantDefuse
L 12/19/2022 - 02:56:19: [SM]   [2] Line 104, plugin.sp::Event_BombBeginDefusePlusFrame
L 12/19/2022 - 02:56:40: [SM] Exception reported: Language phrase "InstaDefuseSuccessful" not found (arg 5)
L 12/19/2022 - 02:56:40: [SM] Blaming: retakes-instadefuse.smx
L 12/19/2022 - 02:56:40: [SM] Call stack trace:
L 12/19/2022 - 02:56:40: [SM]   [0] PrintToChat
L 12/19/2022 - 02:56:40: [SM]   [1] Line 197, plugin.sp::AttemptInstantDefuse
L 12/19/2022 - 02:56:40: [SM]   [2] Line 104, plugin.sp::Event_BombBeginDefusePlusFrame
L 12/19/2022 - 02:56:54: [SM] Exception reported: Language phrase "InstaDefuseSuccessful" not found (arg 5)
L 12/19/2022 - 02:56:54: [SM] Blaming: retakes-instadefuse.smx
L 12/19/2022 - 02:56:54: [SM] Call stack trace:
L 12/19/2022 - 02:56:54: [SM]   [0] PrintToChat
L 12/19/2022 - 02:56:54: [SM]   [1] Line 197, plugin.sp::AttemptInstantDefuse
L 12/19/2022 - 02:56:54: [SM]   [2] Line 104, plugin.sp::Event_BombBeginDefusePlusFrame
L 12/19/2022 - 02:57:13: [SM] Exception reported: Language phrase "InstaDefuseSuccessful" not found (arg 5)
L 12/19/2022 - 02:57:13: [SM] Blaming: retakes-instadefuse.smx
L 12/19/2022 - 02:57:13: [SM] Call stack trace:
L 12/19/2022 - 02:57:13: [SM]   [0] PrintToChat
L 12/19/2022 - 02:57:13: [SM]   [1] Line 197, plugin.sp::AttemptInstantDefuse
L 12/19/2022 - 02:57:13: [SM]   [2] Line 104, plugin.sp::Event_BombBeginDefusePlusFrame
L 12/19/2022 - 02:57:36: [SM] Exception reported: Language phrase "InstaDefuseSuccessful" not found (arg 5)
L 12/19/2022 - 02:57:36: [SM] Blaming: retakes-instadefuse.smx
L 12/19/2022 - 02:57:36: [SM] Call stack trace:
L 12/19/2022 - 02:57:37: [SM]   [0] PrintToChat
L 12/19/2022 - 02:57:37: [SM]   [1] Line 197, plugin.sp::AttemptInstantDefuse
L 12/19/2022 - 02:57:37: [SM]   [2] Line 104, plugin.sp::Event_BombBeginDefusePlusFrame
L 12/19/2022 - 02:57:38: [SM] Exception reported: Language phrase "InstaDefuseSuccessful" not found (arg 5)
L 12/19/2022 - 02:57:38: [SM] Blaming: retakes-instadefuse.smx
L 12/19/2022 - 02:57:38: [SM] Call stack trace:
L 12/19/2022 - 02:57:38: [SM]   [0] PrintToChat
L 12/19/2022 - 02:57:38: [SM]   [1] Line 197, plugin.sp::AttemptInstantDefuse
L 12/19/2022 - 02:57:38: [SM]   [2] Line 104, plugin.sp::Event_BombBeginDefusePlusFrame
L 12/19/2022 - 02:58:45: [SM] Exception reported: Language phrase "InstaDefuseSuccessful" not found (arg 5)
L 12/19/2022 - 02:58:45: [SM] Blaming: retakes-instadefuse.smx
L 12/19/2022 - 02:58:45: [SM] Call stack trace:
L 12/19/2022 - 02:58:45: [SM]   [0] PrintToChat
L 12/19/2022 - 02:58:45: [SM]   [1] Line 197, plugin.sp::AttemptInstantDefuse
L 12/19/2022 - 02:58:45: [SM]   [2] Line 104, plugin.sp::Event_BombBeginDefusePlusFrame
L 12/19/2022 - 02:59:18: [SM] Exception reported: Language phrase "InstaDefuseSuccessful" not found (arg 5)
L 12/19/2022 - 02:59:18: [SM] Blaming: retakes-instadefuse.smx
L 12/19/2022 - 02:59:18: [SM] Call stack trace:
L 12/19/2022 - 02:59:18: [SM]   [0] PrintToChat
L 12/19/2022 - 02:59:18: [SM]   [1] Line 197, plugin.sp::AttemptInstantDefuse
L 12/19/2022 - 02:59:18: [SM]   [2] Line 104, plugin.sp::Event_BombBeginDefusePlusFrame
L 12/19/2022 - 02:59:59: [SM] Exception reported: Language phrase "InstaDefuseSuccessful" not found (arg 5)
L 12/19/2022 - 02:59:59: [SM] Blaming: retakes-instadefuse.smx
L 12/19/2022 - 02:59:59: [SM] Call stack trace:
L 12/19/2022 - 02:59:59: [SM]   [0] PrintToChat
L 12/19/2022 - 02:59:59: [SM]   [1] Line 197, plugin.sp::AttemptInstantDefuse
L 12/19/2022 - 02:59:59: [SM]   [2] Line 104, plugin.sp::Event_BombBeginDefusePlusFrame
L 12/19/2022 - 03:00:24: [SM] Exception reported: Language phrase "InstaDefuseSuccessful" not found (arg 5)
L 12/19/2022 - 03:00:24: [SM] Blaming: retakes-instadefuse.smx
L 12/19/2022 - 03:00:24: [SM] Call stack trace:
L 12/19/2022 - 03:00:24: [SM]   [0] PrintToChat
L 12/19/2022 - 03:00:24: [SM]   [1] Line 197, plugin.sp::AttemptInstantDefuse
L 12/19/2022 - 03:00:24: [SM]   [2] Line 104, plugin.sp::Event_BombBeginDefusePlusFrame
L 12/19/2022 - 03:01:20: [SM] Exception reported: Language phrase "InstaDefuseSuccessful" not found (arg 5)
L 12/19/2022 - 03:01:20: [SM] Blaming: retakes-instadefuse.smx
L 12/19/2022 - 03:01:20: [SM] Call stack trace:
L 12/19/2022 - 03:01:20: [SM]   [0] PrintToChat
L 12/19/2022 - 03:01:20: [SM]   [1] Line 197, plugin.sp::AttemptInstantDefuse
L 12/19/2022 - 03:01:20: [SM]   [2] Line 104, plugin.sp::Event_BombBeginDefusePlusFrame
L 12/19/2022 - 03:01:22: [SM] Exception reported: Language phrase "InstaDefuseSuccessful" not found (arg 5)
L 12/19/2022 - 03:01:22: [SM] Blaming: retakes-instadefuse.smx
L 12/19/2022 - 03:01:22: [SM] Call stack trace:
L 12/19/2022 - 03:01:22: [SM]   [0] PrintToChat
L 12/19/2022 - 03:01:22: [SM]   [1] Line 197, plugin.sp::AttemptInstantDefuse
L 12/19/2022 - 03:01:22: [SM]   [2] Line 104, plugin.sp::Event_BombBeginDefusePlusFrame
L 12/19/2022 - 03:01:45: [SM] Exception reported: Language phrase "InstaDefuseSuccessful" not found (arg 5)
L 12/19/2022 - 03:01:45: [SM] Blaming: retakes-instadefuse.smx
L 12/19/2022 - 03:01:45: [SM] Call stack trace:
L 12/19/2022 - 03:01:45: [SM]   [0] PrintToChat
L 12/19/2022 - 03:01:45: [SM]   [1] Line 197, plugin.sp::AttemptInstantDefuse
L 12/19/2022 - 03:01:45: [SM]   [2] Line 104, plugin.sp::Event_BombBeginDefusePlusFrame
