L 09/28/2021 - 01:31:01: SourceMod error session started
L 09/28/2021 - 01:31:01: Info (map "de_dust2") (file "E:\retake\csgoserver\csgo\addons\sourcemod\logs\errors_20210928.log")
L 09/28/2021 - 01:31:01: [SM] Unable to load extension "PhysHooks.ext": Could not find patch signature for symbol: Physics_RunThinkFunctions
L 09/28/2021 - 01:31:04: [SM] Exception reported: Failed to create SDKCall for CCSBot::IsAtHidingSpot signature!
L 09/28/2021 - 01:31:04: [SM] Blaming: bot_improver.smx
L 09/28/2021 - 01:31:04: [SM] Call stack trace:
L 09/28/2021 - 01:31:04: [SM]   [0] SetFailState
L 09/28/2021 - 01:31:04: [SM]   [1] Line 116, plugin.sp::OnPluginStart
L 09/28/2021 - 01:31:04: [SM] Unable to load plugin "bot_improver.smx": Error detected in plugin startup (see error logs)
L 09/28/2021 - 01:31:04: [SM] Unable to load plugin "bot_inventory.smx": Native "eItems_AreItemsSynced" was not found
L 09/28/2021 - 01:31:04: [SM] Unable to load plugin "bot_stuff.smx": Could not find required plugin "navmesh"
L 09/28/2021 - 01:31:05: [SM] Unable to load plugin "LagCompensation.smx": Required extension "PhysHooks" file("PhysHooks.ext") not running
L 09/28/2021 - 01:31:06: [SM] Fatal error encountered parsing translation file "ranks_matchmaking.phrases.txt"
L 09/28/2021 - 01:31:06: [SM] Error (line 0, column 0): Stream failed to open
L 09/28/2021 - 01:31:06: [SM] Fatal error encountered parsing translation file "instadefuse.phrases.txt"
L 09/28/2021 - 01:31:06: [SM] Error (line 0, column 0): Stream failed to open
L 09/28/2021 - 01:31:27: [SM] Exception reported: Language phrase "Unranked" not found (arg 5)
L 09/28/2021 - 01:31:27: [SM] Blaming: ranks_matchmaking.smx
L 09/28/2021 - 01:31:27: [SM] Call stack trace:
L 09/28/2021 - 01:31:27: [SM]   [0] FormatEx
L 09/28/2021 - 01:31:27: [SM]   [1] Line 174, ranks_matchmaking.sp::GetRanksNames
L 09/28/2021 - 01:31:27: [SM]   [2] Line 169, ranks_matchmaking.sp::OnMapStart
L 09/28/2021 - 01:50:53: Error log file session closed.
L 09/28/2021 - 01:50:53: SourceMod error session started
L 09/28/2021 - 01:50:53: Info (map "de_dust2") (file "E:\retake\csgoserver\csgo\addons\sourcemod\logs\errors_20210928.log")
L 09/28/2021 - 01:50:53: [SM] Fatal error encountered parsing translation file "ranks_matchmaking.phrases.txt"
L 09/28/2021 - 01:50:53: [SM] Error (line 0, column 0): Stream failed to open
L 09/28/2021 - 01:50:53: [SM] Fatal error encountered parsing translation file "instadefuse.phrases.txt"
L 09/28/2021 - 01:50:53: [SM] Error (line 0, column 0): Stream failed to open
L 09/28/2021 - 01:50:54: [SM] Exception reported: Language phrase "Unranked" not found (arg 5)
L 09/28/2021 - 01:50:54: [SM] Blaming: ranks_matchmaking.smx
L 09/28/2021 - 01:50:54: [SM] Call stack trace:
L 09/28/2021 - 01:50:54: [SM]   [0] FormatEx
L 09/28/2021 - 01:50:54: [SM]   [1] Line 174, ranks_matchmaking.sp::GetRanksNames
L 09/28/2021 - 01:50:54: [SM]   [2] Line 169, ranks_matchmaking.sp::OnMapStart
L 09/28/2021 - 01:50:56: [kento_rankme.smx] [RankMe] Query Fail: UNIQUE constraint failed: rankme.steam
L 09/28/2021 - 01:59:38: [SM] Exception reported: Language phrase "InstaDefuseSuccessful" not found (arg 5)
L 09/28/2021 - 01:59:38: [SM] Blaming: retakes-instadefuse.smx
L 09/28/2021 - 01:59:38: [SM] Call stack trace:
L 09/28/2021 - 01:59:38: [SM]   [0] PrintToChat
L 09/28/2021 - 01:59:38: [SM]   [1] Line 197, plugin.sp::AttemptInstantDefuse
L 09/28/2021 - 01:59:38: [SM]   [2] Line 104, plugin.sp::Event_BombBeginDefusePlusFrame
L 09/28/2021 - 02:01:10: [SM] Exception reported: Language phrase "InstaDefuseSuccessful" not found (arg 5)
L 09/28/2021 - 02:01:10: [SM] Blaming: retakes-instadefuse.smx
L 09/28/2021 - 02:01:10: [SM] Call stack trace:
L 09/28/2021 - 02:01:10: [SM]   [0] PrintToChat
L 09/28/2021 - 02:01:10: [SM]   [1] Line 197, plugin.sp::AttemptInstantDefuse
L 09/28/2021 - 02:01:10: [SM]   [2] Line 104, plugin.sp::Event_BombBeginDefusePlusFrame
L 09/28/2021 - 02:01:53: [SM] Exception reported: Language phrase "InstaDefuseSuccessful" not found (arg 5)
L 09/28/2021 - 02:01:53: [SM] Blaming: retakes-instadefuse.smx
L 09/28/2021 - 02:01:53: [SM] Call stack trace:
L 09/28/2021 - 02:01:53: [SM]   [0] PrintToChat
L 09/28/2021 - 02:01:53: [SM]   [1] Line 197, plugin.sp::AttemptInstantDefuse
L 09/28/2021 - 02:01:53: [SM]   [2] Line 104, plugin.sp::Event_BombBeginDefusePlusFrame
L 09/28/2021 - 02:03:45: [SM] Exception reported: Language phrase "InstaDefuseSuccessful" not found (arg 5)
L 09/28/2021 - 02:03:45: [SM] Blaming: retakes-instadefuse.smx
L 09/28/2021 - 02:03:45: [SM] Call stack trace:
L 09/28/2021 - 02:03:45: [SM]   [0] PrintToChat
L 09/28/2021 - 02:03:45: [SM]   [1] Line 197, plugin.sp::AttemptInstantDefuse
L 09/28/2021 - 02:03:45: [SM]   [2] Line 104, plugin.sp::Event_BombBeginDefusePlusFrame
L 09/28/2021 - 02:04:01: [SM] Exception reported: Language phrase "InstaDefuseSuccessful" not found (arg 5)
L 09/28/2021 - 02:04:01: [SM] Blaming: retakes-instadefuse.smx
L 09/28/2021 - 02:04:01: [SM] Call stack trace:
L 09/28/2021 - 02:04:01: [SM]   [0] PrintToChat
L 09/28/2021 - 02:04:01: [SM]   [1] Line 197, plugin.sp::AttemptInstantDefuse
L 09/28/2021 - 02:04:01: [SM]   [2] Line 104, plugin.sp::Event_BombBeginDefusePlusFrame
L 09/28/2021 - 02:04:58: Error log file session closed.
L 09/28/2021 - 02:04:58: SourceMod error session started
L 09/28/2021 - 02:04:58: Info (map "de_mirage") (file "E:\retake\csgoserver\csgo\addons\sourcemod\logs\errors_20210928.log")
L 09/28/2021 - 02:04:58: [SM] Fatal error encountered parsing translation file "ranks_matchmaking.phrases.txt"
L 09/28/2021 - 02:04:58: [SM] Error (line 0, column 0): Stream failed to open
L 09/28/2021 - 02:04:58: [SM] Fatal error encountered parsing translation file "instadefuse.phrases.txt"
L 09/28/2021 - 02:04:58: [SM] Error (line 0, column 0): Stream failed to open
L 09/28/2021 - 02:05:01: [SM] Exception reported: Language phrase "Unranked" not found (arg 5)
L 09/28/2021 - 02:05:01: [SM] Blaming: ranks_matchmaking.smx
L 09/28/2021 - 02:05:01: [SM] Call stack trace:
L 09/28/2021 - 02:05:01: [SM]   [0] FormatEx
L 09/28/2021 - 02:05:01: [SM]   [1] Line 174, ranks_matchmaking.sp::GetRanksNames
L 09/28/2021 - 02:05:01: [SM]   [2] Line 169, ranks_matchmaking.sp::OnMapStart
L 09/28/2021 - 02:05:02: [kento_rankme.smx] [RankMe] Query Fail: UNIQUE constraint failed: rankme.steam
L 09/28/2021 - 02:06:25: [SM] Exception reported: Language phrase "InstaDefuseSuccessful" not found (arg 5)
L 09/28/2021 - 02:06:25: [SM] Blaming: retakes-instadefuse.smx
L 09/28/2021 - 02:06:25: [SM] Call stack trace:
L 09/28/2021 - 02:06:25: [SM]   [0] PrintToChat
L 09/28/2021 - 02:06:25: [SM]   [1] Line 197, plugin.sp::AttemptInstantDefuse
L 09/28/2021 - 02:06:25: [SM]   [2] Line 104, plugin.sp::Event_BombBeginDefusePlusFrame
L 09/28/2021 - 02:07:02: [SM] Exception reported: Language phrase "InstaDefuseSuccessful" not found (arg 5)
L 09/28/2021 - 02:07:02: [SM] Blaming: retakes-instadefuse.smx
L 09/28/2021 - 02:07:02: [SM] Call stack trace:
L 09/28/2021 - 02:07:02: [SM]   [0] PrintToChat
L 09/28/2021 - 02:07:02: [SM]   [1] Line 197, plugin.sp::AttemptInstantDefuse
L 09/28/2021 - 02:07:02: [SM]   [2] Line 104, plugin.sp::Event_BombBeginDefusePlusFrame
L 09/28/2021 - 02:08:26: [SM] Exception reported: Language phrase "InstaDefuseSuccessful" not found (arg 5)
L 09/28/2021 - 02:08:26: [SM] Blaming: retakes-instadefuse.smx
L 09/28/2021 - 02:08:26: [SM] Call stack trace:
L 09/28/2021 - 02:08:26: [SM]   [0] PrintToChat
L 09/28/2021 - 02:08:26: [SM]   [1] Line 197, plugin.sp::AttemptInstantDefuse
L 09/28/2021 - 02:08:26: [SM]   [2] Line 104, plugin.sp::Event_BombBeginDefusePlusFrame
L 09/28/2021 - 02:10:54: [SM] Exception reported: Language phrase "InstaDefuseSuccessful" not found (arg 5)
L 09/28/2021 - 02:10:54: [SM] Blaming: retakes-instadefuse.smx
L 09/28/2021 - 02:10:54: [SM] Call stack trace:
L 09/28/2021 - 02:10:54: [SM]   [0] PrintToChat
L 09/28/2021 - 02:10:54: [SM]   [1] Line 197, plugin.sp::AttemptInstantDefuse
L 09/28/2021 - 02:10:54: [SM]   [2] Line 104, plugin.sp::Event_BombBeginDefusePlusFrame
L 09/28/2021 - 02:14:05: [SM] Exception reported: Language phrase "InstaDefuseSuccessful" not found (arg 5)
L 09/28/2021 - 02:14:06: [SM] Blaming: retakes-instadefuse.smx
L 09/28/2021 - 02:14:06: [SM] Call stack trace:
L 09/28/2021 - 02:14:06: [SM]   [0] PrintToChat
L 09/28/2021 - 02:14:06: [SM]   [1] Line 197, plugin.sp::AttemptInstantDefuse
L 09/28/2021 - 02:14:06: [SM]   [2] Line 104, plugin.sp::Event_BombBeginDefusePlusFrame
L 09/28/2021 - 02:15:30: [SM] Exception reported: Language phrase "InstaDefuseSuccessful" not found (arg 5)
L 09/28/2021 - 02:15:30: [SM] Blaming: retakes-instadefuse.smx
L 09/28/2021 - 02:15:30: [SM] Call stack trace:
L 09/28/2021 - 02:15:30: [SM]   [0] PrintToChat
L 09/28/2021 - 02:15:30: [SM]   [1] Line 197, plugin.sp::AttemptInstantDefuse
L 09/28/2021 - 02:15:30: [SM]   [2] Line 104, plugin.sp::Event_BombBeginDefusePlusFrame
L 09/28/2021 - 02:18:35: [SM] Exception reported: Language phrase "InstaDefuseSuccessful" not found (arg 5)
L 09/28/2021 - 02:18:35: [SM] Blaming: retakes-instadefuse.smx
L 09/28/2021 - 02:18:35: [SM] Call stack trace:
L 09/28/2021 - 02:18:35: [SM]   [0] PrintToChat
L 09/28/2021 - 02:18:35: [SM]   [1] Line 197, plugin.sp::AttemptInstantDefuse
L 09/28/2021 - 02:18:35: [SM]   [2] Line 104, plugin.sp::Event_BombBeginDefusePlusFrame
L 09/28/2021 - 02:19:01: [SM] Exception reported: Language phrase "InstaDefuseSuccessful" not found (arg 5)
L 09/28/2021 - 02:19:01: [SM] Blaming: retakes-instadefuse.smx
L 09/28/2021 - 02:19:01: [SM] Call stack trace:
L 09/28/2021 - 02:19:01: [SM]   [0] PrintToChat
L 09/28/2021 - 02:19:01: [SM]   [1] Line 197, plugin.sp::AttemptInstantDefuse
L 09/28/2021 - 02:19:01: [SM]   [2] Line 104, plugin.sp::Event_BombBeginDefusePlusFrame
L 09/28/2021 - 02:19:51: [SM] Exception reported: Language phrase "InstaDefuseSuccessful" not found (arg 5)
L 09/28/2021 - 02:19:51: [SM] Blaming: retakes-instadefuse.smx
L 09/28/2021 - 02:19:51: [SM] Call stack trace:
L 09/28/2021 - 02:19:51: [SM]   [0] PrintToChat
L 09/28/2021 - 02:19:51: [SM]   [1] Line 197, plugin.sp::AttemptInstantDefuse
L 09/28/2021 - 02:19:51: [SM]   [2] Line 104, plugin.sp::Event_BombBeginDefusePlusFrame
L 09/28/2021 - 02:21:48: [SM] Exception reported: Language phrase "InstaDefuseSuccessful" not found (arg 5)
L 09/28/2021 - 02:21:48: [SM] Blaming: retakes-instadefuse.smx
L 09/28/2021 - 02:21:48: [SM] Call stack trace:
L 09/28/2021 - 02:21:48: [SM]   [0] PrintToChat
L 09/28/2021 - 02:21:48: [SM]   [1] Line 197, plugin.sp::AttemptInstantDefuse
L 09/28/2021 - 02:21:48: [SM]   [2] Line 104, plugin.sp::Event_BombBeginDefusePlusFrame
L 09/28/2021 - 02:24:13: [SM] Exception reported: Language phrase "InstaDefuseSuccessful" not found (arg 5)
L 09/28/2021 - 02:24:13: [SM] Blaming: retakes-instadefuse.smx
L 09/28/2021 - 02:24:13: [SM] Call stack trace:
L 09/28/2021 - 02:24:13: [SM]   [0] PrintToChat
L 09/28/2021 - 02:24:13: [SM]   [1] Line 197, plugin.sp::AttemptInstantDefuse
L 09/28/2021 - 02:24:13: [SM]   [2] Line 104, plugin.sp::Event_BombBeginDefusePlusFrame
L 09/28/2021 - 02:24:32: [SM] Exception reported: Language phrase "InstaDefuseSuccessful" not found (arg 5)
L 09/28/2021 - 02:24:32: [SM] Blaming: retakes-instadefuse.smx
L 09/28/2021 - 02:24:32: [SM] Call stack trace:
L 09/28/2021 - 02:24:32: [SM]   [0] PrintToChat
L 09/28/2021 - 02:24:32: [SM]   [1] Line 197, plugin.sp::AttemptInstantDefuse
L 09/28/2021 - 02:24:32: [SM]   [2] Line 104, plugin.sp::Event_BombBeginDefusePlusFrame
L 09/28/2021 - 02:25:25: [SM] Exception reported: Language phrase "InstaDefuseSuccessful" not found (arg 5)
L 09/28/2021 - 02:25:25: [SM] Blaming: retakes-instadefuse.smx
L 09/28/2021 - 02:25:25: [SM] Call stack trace:
L 09/28/2021 - 02:25:25: [SM]   [0] PrintToChat
L 09/28/2021 - 02:25:25: [SM]   [1] Line 197, plugin.sp::AttemptInstantDefuse
L 09/28/2021 - 02:25:25: [SM]   [2] Line 104, plugin.sp::Event_BombBeginDefusePlusFrame
L 09/28/2021 - 02:30:06: [SM] Exception reported: Language phrase "InstaDefuseSuccessful" not found (arg 5)
L 09/28/2021 - 02:30:06: [SM] Blaming: retakes-instadefuse.smx
L 09/28/2021 - 02:30:06: [SM] Call stack trace:
L 09/28/2021 - 02:30:06: [SM]   [0] PrintToChat
L 09/28/2021 - 02:30:06: [SM]   [1] Line 197, plugin.sp::AttemptInstantDefuse
L 09/28/2021 - 02:30:06: [SM]   [2] Line 104, plugin.sp::Event_BombBeginDefusePlusFrame
L 09/28/2021 - 02:31:30: [SM] Exception reported: Language phrase "InstaDefuseSuccessful" not found (arg 5)
L 09/28/2021 - 02:31:30: [SM] Blaming: retakes-instadefuse.smx
L 09/28/2021 - 02:31:30: [SM] Call stack trace:
L 09/28/2021 - 02:31:30: [SM]   [0] PrintToChat
L 09/28/2021 - 02:31:30: [SM]   [1] Line 197, plugin.sp::AttemptInstantDefuse
L 09/28/2021 - 02:31:30: [SM]   [2] Line 104, plugin.sp::Event_BombBeginDefusePlusFrame
L 09/28/2021 - 02:32:00: [SM] Exception reported: Language phrase "InstaDefuseSuccessful" not found (arg 5)
L 09/28/2021 - 02:32:00: [SM] Blaming: retakes-instadefuse.smx
L 09/28/2021 - 02:32:00: [SM] Call stack trace:
L 09/28/2021 - 02:32:00: [SM]   [0] PrintToChat
L 09/28/2021 - 02:32:00: [SM]   [1] Line 197, plugin.sp::AttemptInstantDefuse
L 09/28/2021 - 02:32:00: [SM]   [2] Line 104, plugin.sp::Event_BombBeginDefusePlusFrame
L 09/28/2021 - 02:32:37: [SM] Exception reported: Language phrase "InstaDefuseSuccessful" not found (arg 5)
L 09/28/2021 - 02:32:37: [SM] Blaming: retakes-instadefuse.smx
L 09/28/2021 - 02:32:37: [SM] Call stack trace:
L 09/28/2021 - 02:32:37: [SM]   [0] PrintToChat
L 09/28/2021 - 02:32:37: [SM]   [1] Line 197, plugin.sp::AttemptInstantDefuse
L 09/28/2021 - 02:32:37: [SM]   [2] Line 104, plugin.sp::Event_BombBeginDefusePlusFrame
L 09/28/2021 - 02:32:56: [SM] Exception reported: Language phrase "InstaDefuseSuccessful" not found (arg 5)
L 09/28/2021 - 02:32:56: [SM] Blaming: retakes-instadefuse.smx
L 09/28/2021 - 02:32:56: [SM] Call stack trace:
L 09/28/2021 - 02:32:56: [SM]   [0] PrintToChat
L 09/28/2021 - 02:32:56: [SM]   [1] Line 197, plugin.sp::AttemptInstantDefuse
L 09/28/2021 - 02:32:56: [SM]   [2] Line 104, plugin.sp::Event_BombBeginDefusePlusFrame
L 09/28/2021 - 02:33:36: [SM] Exception reported: Language phrase "InstaDefuseSuccessful" not found (arg 5)
L 09/28/2021 - 02:33:36: [SM] Blaming: retakes-instadefuse.smx
L 09/28/2021 - 02:33:36: [SM] Call stack trace:
L 09/28/2021 - 02:33:36: [SM]   [0] PrintToChat
L 09/28/2021 - 02:33:36: [SM]   [1] Line 197, plugin.sp::AttemptInstantDefuse
L 09/28/2021 - 02:33:36: [SM]   [2] Line 104, plugin.sp::Event_BombBeginDefusePlusFrame
L 09/28/2021 - 02:36:25: Error log file session closed.
L 09/28/2021 - 02:36:25: SourceMod error session started
L 09/28/2021 - 02:36:25: Info (map "de_cache") (file "E:\retake\csgoserver\csgo\addons\sourcemod\logs\errors_20210928.log")
L 09/28/2021 - 02:36:25: [SM] Fatal error encountered parsing translation file "ranks_matchmaking.phrases.txt"
L 09/28/2021 - 02:36:25: [SM] Error (line 0, column 0): Stream failed to open
L 09/28/2021 - 02:36:25: [SM] Fatal error encountered parsing translation file "instadefuse.phrases.txt"
L 09/28/2021 - 02:36:25: [SM] Error (line 0, column 0): Stream failed to open
L 09/28/2021 - 02:36:26: [SM] Exception reported: Language phrase "Unranked" not found (arg 5)
L 09/28/2021 - 02:36:27: [SM] Blaming: ranks_matchmaking.smx
L 09/28/2021 - 02:36:27: [SM] Call stack trace:
L 09/28/2021 - 02:36:27: [SM]   [0] FormatEx
L 09/28/2021 - 02:36:27: [SM]   [1] Line 174, ranks_matchmaking.sp::GetRanksNames
L 09/28/2021 - 02:36:27: [SM]   [2] Line 169, ranks_matchmaking.sp::OnMapStart
L 09/28/2021 - 02:36:27: [kento_rankme.smx] [RankMe] Query Fail: UNIQUE constraint failed: rankme.steam
L 09/28/2021 - 02:37:14: [SM] Exception reported: Language phrase "LiveNadeSomewhere" not found (arg 5)
L 09/28/2021 - 02:37:14: [SM] Blaming: retakes-instadefuse.smx
L 09/28/2021 - 02:37:14: [SM] Call stack trace:
L 09/28/2021 - 02:37:14: [SM]   [0] PrintToChat
L 09/28/2021 - 02:37:14: [SM]   [1] Line 168, plugin.sp::AttemptInstantDefuse
L 09/28/2021 - 02:37:14: [SM]   [2] Line 104, plugin.sp::Event_BombBeginDefusePlusFrame
L 09/28/2021 - 02:39:24: [SM] Exception reported: Language phrase "InstaDefuseSuccessful" not found (arg 5)
L 09/28/2021 - 02:39:24: [SM] Blaming: retakes-instadefuse.smx
L 09/28/2021 - 02:39:24: [SM] Call stack trace:
L 09/28/2021 - 02:39:24: [SM]   [0] PrintToChat
L 09/28/2021 - 02:39:24: [SM]   [1] Line 197, plugin.sp::AttemptInstantDefuse
L 09/28/2021 - 02:39:24: [SM]   [2] Line 104, plugin.sp::Event_BombBeginDefusePlusFrame
L 09/28/2021 - 02:40:14: [SM] Exception reported: Language phrase "InstaDefuseSuccessful" not found (arg 5)
L 09/28/2021 - 02:40:14: [SM] Blaming: retakes-instadefuse.smx
L 09/28/2021 - 02:40:14: [SM] Call stack trace:
L 09/28/2021 - 02:40:14: [SM]   [0] PrintToChat
L 09/28/2021 - 02:40:14: [SM]   [1] Line 197, plugin.sp::AttemptInstantDefuse
L 09/28/2021 - 02:40:14: [SM]   [2] Line 104, plugin.sp::Event_BombBeginDefusePlusFrame
L 09/28/2021 - 02:40:36: [SM] Exception reported: Language phrase "InstaDefuseSuccessful" not found (arg 5)
L 09/28/2021 - 02:40:36: [SM] Blaming: retakes-instadefuse.smx
L 09/28/2021 - 02:40:36: [SM] Call stack trace:
L 09/28/2021 - 02:40:36: [SM]   [0] PrintToChat
L 09/28/2021 - 02:40:36: [SM]   [1] Line 197, plugin.sp::AttemptInstantDefuse
L 09/28/2021 - 02:40:36: [SM]   [2] Line 104, plugin.sp::Event_BombBeginDefusePlusFrame
L 09/28/2021 - 02:42:03: [SM] Exception reported: Language phrase "InstaDefuseSuccessful" not found (arg 5)
L 09/28/2021 - 02:42:03: [SM] Blaming: retakes-instadefuse.smx
L 09/28/2021 - 02:42:03: [SM] Call stack trace:
L 09/28/2021 - 02:42:03: [SM]   [0] PrintToChat
L 09/28/2021 - 02:42:03: [SM]   [1] Line 197, plugin.sp::AttemptInstantDefuse
L 09/28/2021 - 02:42:03: [SM]   [2] Line 104, plugin.sp::Event_BombBeginDefusePlusFrame
L 09/28/2021 - 02:43:12: [SM] Exception reported: Language phrase "InstaDefuseSuccessful" not found (arg 5)
L 09/28/2021 - 02:43:12: [SM] Blaming: retakes-instadefuse.smx
L 09/28/2021 - 02:43:12: [SM] Call stack trace:
L 09/28/2021 - 02:43:12: [SM]   [0] PrintToChat
L 09/28/2021 - 02:43:12: [SM]   [1] Line 197, plugin.sp::AttemptInstantDefuse
L 09/28/2021 - 02:43:12: [SM]   [2] Line 104, plugin.sp::Event_BombBeginDefusePlusFrame
L 09/28/2021 - 02:45:17: [SM] Exception reported: Language phrase "InstaDefuseSuccessful" not found (arg 5)
L 09/28/2021 - 02:45:17: [SM] Blaming: retakes-instadefuse.smx
L 09/28/2021 - 02:45:17: [SM] Call stack trace:
L 09/28/2021 - 02:45:17: [SM]   [0] PrintToChat
L 09/28/2021 - 02:45:17: [SM]   [1] Line 197, plugin.sp::AttemptInstantDefuse
L 09/28/2021 - 02:45:17: [SM]   [2] Line 104, plugin.sp::Event_BombBeginDefusePlusFrame
L 09/28/2021 - 02:46:18: [SM] Exception reported: Language phrase "InstaDefuseSuccessful" not found (arg 5)
L 09/28/2021 - 02:46:18: [SM] Blaming: retakes-instadefuse.smx
L 09/28/2021 - 02:46:18: [SM] Call stack trace:
L 09/28/2021 - 02:46:18: [SM]   [0] PrintToChat
L 09/28/2021 - 02:46:18: [SM]   [1] Line 197, plugin.sp::AttemptInstantDefuse
L 09/28/2021 - 02:46:18: [SM]   [2] Line 104, plugin.sp::Event_BombBeginDefusePlusFrame
L 09/28/2021 - 02:47:01: [SM] Exception reported: Language phrase "InstaDefuseSuccessful" not found (arg 5)
L 09/28/2021 - 02:47:01: [SM] Blaming: retakes-instadefuse.smx
L 09/28/2021 - 02:47:01: [SM] Call stack trace:
L 09/28/2021 - 02:47:01: [SM]   [0] PrintToChat
L 09/28/2021 - 02:47:01: [SM]   [1] Line 197, plugin.sp::AttemptInstantDefuse
L 09/28/2021 - 02:47:01: [SM]   [2] Line 104, plugin.sp::Event_BombBeginDefusePlusFrame
L 09/28/2021 - 02:47:23: [SM] Exception reported: Language phrase "InstaDefuseSuccessful" not found (arg 5)
L 09/28/2021 - 02:47:23: [SM] Blaming: retakes-instadefuse.smx
L 09/28/2021 - 02:47:23: [SM] Call stack trace:
L 09/28/2021 - 02:47:23: [SM]   [0] PrintToChat
L 09/28/2021 - 02:47:24: [SM]   [1] Line 197, plugin.sp::AttemptInstantDefuse
L 09/28/2021 - 02:47:24: [SM]   [2] Line 104, plugin.sp::Event_BombBeginDefusePlusFrame
L 09/28/2021 - 02:48:29: [SM] Exception reported: Language phrase "InstaDefuseSuccessful" not found (arg 5)
L 09/28/2021 - 02:48:29: [SM] Blaming: retakes-instadefuse.smx
L 09/28/2021 - 02:48:29: [SM] Call stack trace:
L 09/28/2021 - 02:48:29: [SM]   [0] PrintToChat
L 09/28/2021 - 02:48:29: [SM]   [1] Line 197, plugin.sp::AttemptInstantDefuse
L 09/28/2021 - 02:48:29: [SM]   [2] Line 104, plugin.sp::Event_BombBeginDefusePlusFrame
L 09/28/2021 - 02:49:18: [SM] Exception reported: Language phrase "InstaDefuseSuccessful" not found (arg 5)
L 09/28/2021 - 02:49:18: [SM] Blaming: retakes-instadefuse.smx
L 09/28/2021 - 02:49:19: [SM] Call stack trace:
L 09/28/2021 - 02:49:19: [SM]   [0] PrintToChat
L 09/28/2021 - 02:49:19: [SM]   [1] Line 197, plugin.sp::AttemptInstantDefuse
L 09/28/2021 - 02:49:19: [SM]   [2] Line 104, plugin.sp::Event_BombBeginDefusePlusFrame
L 09/28/2021 - 02:50:22: [SM] Exception reported: Language phrase "InstaDefuseSuccessful" not found (arg 5)
L 09/28/2021 - 02:50:22: [SM] Blaming: retakes-instadefuse.smx
L 09/28/2021 - 02:50:22: [SM] Call stack trace:
L 09/28/2021 - 02:50:22: [SM]   [0] PrintToChat
L 09/28/2021 - 02:50:22: [SM]   [1] Line 197, plugin.sp::AttemptInstantDefuse
L 09/28/2021 - 02:50:22: [SM]   [2] Line 104, plugin.sp::Event_BombBeginDefusePlusFrame
L 09/28/2021 - 02:50:39: [SM] Exception reported: Language phrase "InstaDefuseSuccessful" not found (arg 5)
L 09/28/2021 - 02:50:39: [SM] Blaming: retakes-instadefuse.smx
L 09/28/2021 - 02:50:39: [SM] Call stack trace:
L 09/28/2021 - 02:50:39: [SM]   [0] PrintToChat
L 09/28/2021 - 02:50:39: [SM]   [1] Line 197, plugin.sp::AttemptInstantDefuse
L 09/28/2021 - 02:50:39: [SM]   [2] Line 104, plugin.sp::Event_BombBeginDefusePlusFrame
L 09/28/2021 - 02:50:55: [SM] Exception reported: Language phrase "InstaDefuseSuccessful" not found (arg 5)
L 09/28/2021 - 02:50:55: [SM] Blaming: retakes-instadefuse.smx
L 09/28/2021 - 02:50:55: [SM] Call stack trace:
L 09/28/2021 - 02:50:55: [SM]   [0] PrintToChat
L 09/28/2021 - 02:50:55: [SM]   [1] Line 197, plugin.sp::AttemptInstantDefuse
L 09/28/2021 - 02:50:55: [SM]   [2] Line 104, plugin.sp::Event_BombBeginDefusePlusFrame
L 09/28/2021 - 02:51:38: [SM] Exception reported: Language phrase "InstaDefuseSuccessful" not found (arg 5)
L 09/28/2021 - 02:51:38: [SM] Blaming: retakes-instadefuse.smx
L 09/28/2021 - 02:51:38: [SM] Call stack trace:
L 09/28/2021 - 02:51:38: [SM]   [0] PrintToChat
L 09/28/2021 - 02:51:38: [SM]   [1] Line 197, plugin.sp::AttemptInstantDefuse
L 09/28/2021 - 02:51:38: [SM]   [2] Line 104, plugin.sp::Event_BombBeginDefusePlusFrame
L 09/28/2021 - 02:51:59: [SM] Exception reported: Language phrase "InstaDefuseSuccessful" not found (arg 5)
L 09/28/2021 - 02:51:59: [SM] Blaming: retakes-instadefuse.smx
L 09/28/2021 - 02:51:59: [SM] Call stack trace:
L 09/28/2021 - 02:51:59: [SM]   [0] PrintToChat
L 09/28/2021 - 02:51:59: [SM]   [1] Line 197, plugin.sp::AttemptInstantDefuse
L 09/28/2021 - 02:51:59: [SM]   [2] Line 104, plugin.sp::Event_BombBeginDefusePlusFrame
L 09/28/2021 - 02:52:28: [SM] Exception reported: Language phrase "InstaDefuseSuccessful" not found (arg 5)
L 09/28/2021 - 02:52:28: [SM] Blaming: retakes-instadefuse.smx
L 09/28/2021 - 02:52:28: [SM] Call stack trace:
L 09/28/2021 - 02:52:28: [SM]   [0] PrintToChat
L 09/28/2021 - 02:52:28: [SM]   [1] Line 197, plugin.sp::AttemptInstantDefuse
L 09/28/2021 - 02:52:28: [SM]   [2] Line 104, plugin.sp::Event_BombBeginDefusePlusFrame
L 09/28/2021 - 02:54:30: [SM] Exception reported: Language phrase "InstaDefuseSuccessful" not found (arg 5)
L 09/28/2021 - 02:54:30: [SM] Blaming: retakes-instadefuse.smx
L 09/28/2021 - 02:54:30: [SM] Call stack trace:
L 09/28/2021 - 02:54:31: [SM]   [0] PrintToChat
L 09/28/2021 - 02:54:31: [SM]   [1] Line 197, plugin.sp::AttemptInstantDefuse
L 09/28/2021 - 02:54:31: [SM]   [2] Line 104, plugin.sp::Event_BombBeginDefusePlusFrame
L 09/28/2021 - 02:55:41: [SM] Exception reported: Language phrase "InstaDefuseSuccessful" not found (arg 5)
L 09/28/2021 - 02:55:41: [SM] Blaming: retakes-instadefuse.smx
L 09/28/2021 - 02:55:41: [SM] Call stack trace:
L 09/28/2021 - 02:55:41: [SM]   [0] PrintToChat
L 09/28/2021 - 02:55:41: [SM]   [1] Line 197, plugin.sp::AttemptInstantDefuse
L 09/28/2021 - 02:55:41: [SM]   [2] Line 104, plugin.sp::Event_BombBeginDefusePlusFrame
L 09/28/2021 - 02:56:08: [SM] Exception reported: Language phrase "InstaDefuseSuccessful" not found (arg 5)
L 09/28/2021 - 02:56:08: [SM] Blaming: retakes-instadefuse.smx
L 09/28/2021 - 02:56:08: [SM] Call stack trace:
L 09/28/2021 - 02:56:08: [SM]   [0] PrintToChat
L 09/28/2021 - 02:56:08: [SM]   [1] Line 197, plugin.sp::AttemptInstantDefuse
L 09/28/2021 - 02:56:08: [SM]   [2] Line 104, plugin.sp::Event_BombBeginDefusePlusFrame
L 09/28/2021 - 02:56:27: [SM] Exception reported: Language phrase "InstaDefuseSuccessful" not found (arg 5)
L 09/28/2021 - 02:56:27: [SM] Blaming: retakes-instadefuse.smx
L 09/28/2021 - 02:56:27: [SM] Call stack trace:
L 09/28/2021 - 02:56:27: [SM]   [0] PrintToChat
L 09/28/2021 - 02:56:27: [SM]   [1] Line 197, plugin.sp::AttemptInstantDefuse
L 09/28/2021 - 02:56:27: [SM]   [2] Line 104, plugin.sp::Event_BombBeginDefusePlusFrame
L 09/28/2021 - 02:57:18: [SM] Exception reported: Language phrase "InstaDefuseSuccessful" not found (arg 5)
L 09/28/2021 - 02:57:18: [SM] Blaming: retakes-instadefuse.smx
L 09/28/2021 - 02:57:18: [SM] Call stack trace:
L 09/28/2021 - 02:57:18: [SM]   [0] PrintToChat
L 09/28/2021 - 02:57:18: [SM]   [1] Line 197, plugin.sp::AttemptInstantDefuse
L 09/28/2021 - 02:57:18: [SM]   [2] Line 104, plugin.sp::Event_BombBeginDefusePlusFrame
L 09/28/2021 - 02:57:35: [SM] Exception reported: Language phrase "InstaDefuseSuccessful" not found (arg 5)
L 09/28/2021 - 02:57:35: [SM] Blaming: retakes-instadefuse.smx
L 09/28/2021 - 02:57:35: [SM] Call stack trace:
L 09/28/2021 - 02:57:35: [SM]   [0] PrintToChat
L 09/28/2021 - 02:57:35: [SM]   [1] Line 197, plugin.sp::AttemptInstantDefuse
L 09/28/2021 - 02:57:35: [SM]   [2] Line 104, plugin.sp::Event_BombBeginDefusePlusFrame
