L 09/26/2021 - 23:25:47: SourceMod error session started
L 09/26/2021 - 23:25:47: Info (map "de_dust2") (file "E:\retake\csgoserver\csgo\addons\sourcemod\logs\errors_20210926.log")
L 09/26/2021 - 23:25:47: [SM] Unable to load extension "PhysHooks.ext": Could not find patch signature for symbol: Physics_RunThinkFunctions
L 09/26/2021 - 23:25:50: [SM] Exception reported: Failed to create SDKCall for CCSBot::IsAtHidingSpot signature!
L 09/26/2021 - 23:25:50: [SM] Blaming: bot_improver.smx
L 09/26/2021 - 23:25:50: [SM] Call stack trace:
L 09/26/2021 - 23:25:50: [SM]   [0] SetFailState
L 09/26/2021 - 23:25:50: [SM]   [1] Line 116, plugin.sp::OnPluginStart
L 09/26/2021 - 23:25:50: [SM] Unable to load plugin "bot_improver.smx": Error detected in plugin startup (see error logs)
L 09/26/2021 - 23:25:50: [SM] Unable to load plugin "bot_inventory.smx": Native "eItems_AreItemsSynced" was not found
L 09/26/2021 - 23:25:50: [SM] Unable to load plugin "bot_stuff.smx": Could not find required plugin "navmesh"
L 09/26/2021 - 23:25:51: [SM] Unable to load plugin "LagCompensation.smx": Required extension "PhysHooks" file("PhysHooks.ext") not running
L 09/26/2021 - 23:25:52: [SM] Fatal error encountered parsing translation file "ranks_matchmaking.phrases.txt"
L 09/26/2021 - 23:25:52: [SM] Error (line 0, column 0): Stream failed to open
L 09/26/2021 - 23:25:52: [SM] Fatal error encountered parsing translation file "instadefuse.phrases.txt"
L 09/26/2021 - 23:25:52: [SM] Error (line 0, column 0): Stream failed to open
L 09/26/2021 - 23:26:11: [SM] Exception reported: Language phrase "Unranked" not found (arg 5)
L 09/26/2021 - 23:26:11: [SM] Blaming: ranks_matchmaking.smx
L 09/26/2021 - 23:26:11: [SM] Call stack trace:
L 09/26/2021 - 23:26:11: [SM]   [0] FormatEx
L 09/26/2021 - 23:26:11: [SM]   [1] Line 174, ranks_matchmaking.sp::GetRanksNames
L 09/26/2021 - 23:26:11: [SM]   [2] Line 169, ranks_matchmaking.sp::OnMapStart
L 09/26/2021 - 23:28:58: Error log file session closed.
L 09/26/2021 - 23:28:58: SourceMod error session started
L 09/26/2021 - 23:28:58: Info (map "de_dust2") (file "E:\retake\csgoserver\csgo\addons\sourcemod\logs\errors_20210926.log")
L 09/26/2021 - 23:28:58: [SM] Fatal error encountered parsing translation file "ranks_matchmaking.phrases.txt"
L 09/26/2021 - 23:28:58: [SM] Error (line 0, column 0): Stream failed to open
L 09/26/2021 - 23:28:58: [SM] Fatal error encountered parsing translation file "instadefuse.phrases.txt"
L 09/26/2021 - 23:28:58: [SM] Error (line 0, column 0): Stream failed to open
L 09/26/2021 - 23:28:58: [SM] Exception reported: Language phrase "Unranked" not found (arg 5)
L 09/26/2021 - 23:28:58: [SM] Blaming: ranks_matchmaking.smx
L 09/26/2021 - 23:28:58: [SM] Call stack trace:
L 09/26/2021 - 23:28:59: [SM]   [0] FormatEx
L 09/26/2021 - 23:28:59: [SM]   [1] Line 174, ranks_matchmaking.sp::GetRanksNames
L 09/26/2021 - 23:28:59: [SM]   [2] Line 169, ranks_matchmaking.sp::OnMapStart
L 09/26/2021 - 23:29:01: [kento_rankme.smx] [RankMe] Query Fail: UNIQUE constraint failed: rankme.steam
L 09/26/2021 - 23:30:44: Error log file session closed.
L 09/26/2021 - 23:30:44: SourceMod error session started
L 09/26/2021 - 23:30:44: Info (map "de_mirage") (file "E:\retake\csgoserver\csgo\addons\sourcemod\logs\errors_20210926.log")
L 09/26/2021 - 23:30:44: [SM] Fatal error encountered parsing translation file "ranks_matchmaking.phrases.txt"
L 09/26/2021 - 23:30:44: [SM] Error (line 0, column 0): Stream failed to open
L 09/26/2021 - 23:30:44: [SM] Fatal error encountered parsing translation file "instadefuse.phrases.txt"
L 09/26/2021 - 23:30:44: [SM] Error (line 0, column 0): Stream failed to open
L 09/26/2021 - 23:30:47: [SM] Exception reported: Language phrase "Unranked" not found (arg 5)
L 09/26/2021 - 23:30:47: [SM] Blaming: ranks_matchmaking.smx
L 09/26/2021 - 23:30:47: [SM] Call stack trace:
L 09/26/2021 - 23:30:47: [SM]   [0] FormatEx
L 09/26/2021 - 23:30:47: [SM]   [1] Line 174, ranks_matchmaking.sp::GetRanksNames
L 09/26/2021 - 23:30:47: [SM]   [2] Line 169, ranks_matchmaking.sp::OnMapStart
L 09/26/2021 - 23:30:48: [kento_rankme.smx] [RankMe] Query Fail: UNIQUE constraint failed: rankme.steam
L 09/26/2021 - 23:32:57: [SM] Exception reported: Language phrase "InstaDefuseSuccessful" not found (arg 5)
L 09/26/2021 - 23:32:57: [SM] Blaming: retakes-instadefuse.smx
L 09/26/2021 - 23:32:57: [SM] Call stack trace:
L 09/26/2021 - 23:32:57: [SM]   [0] PrintToChat
L 09/26/2021 - 23:32:57: [SM]   [1] Line 197, plugin.sp::AttemptInstantDefuse
L 09/26/2021 - 23:32:57: [SM]   [2] Line 104, plugin.sp::Event_BombBeginDefusePlusFrame
L 09/26/2021 - 23:33:02: [SM] Exception reported: Language phrase "InstaDefuseSuccessful" not found (arg 5)
L 09/26/2021 - 23:33:02: [SM] Blaming: retakes-instadefuse.smx
L 09/26/2021 - 23:33:02: [SM] Call stack trace:
L 09/26/2021 - 23:33:02: [SM]   [0] PrintToChat
L 09/26/2021 - 23:33:02: [SM]   [1] Line 197, plugin.sp::AttemptInstantDefuse
L 09/26/2021 - 23:33:02: [SM]   [2] Line 104, plugin.sp::Event_BombBeginDefusePlusFrame
L 09/26/2021 - 23:33:27: [SM] Exception reported: Language phrase "InstaDefuseSuccessful" not found (arg 5)
L 09/26/2021 - 23:33:27: [SM] Blaming: retakes-instadefuse.smx
L 09/26/2021 - 23:33:27: [SM] Call stack trace:
L 09/26/2021 - 23:33:27: [SM]   [0] PrintToChat
L 09/26/2021 - 23:33:27: [SM]   [1] Line 197, plugin.sp::AttemptInstantDefuse
L 09/26/2021 - 23:33:27: [SM]   [2] Line 104, plugin.sp::Event_BombBeginDefusePlusFrame
L 09/26/2021 - 23:35:32: [SM] Exception reported: Language phrase "InstaDefuseSuccessful" not found (arg 5)
L 09/26/2021 - 23:35:32: [SM] Blaming: retakes-instadefuse.smx
L 09/26/2021 - 23:35:32: [SM] Call stack trace:
L 09/26/2021 - 23:35:32: [SM]   [0] PrintToChat
L 09/26/2021 - 23:35:32: [SM]   [1] Line 197, plugin.sp::AttemptInstantDefuse
L 09/26/2021 - 23:35:32: [SM]   [2] Line 104, plugin.sp::Event_BombBeginDefusePlusFrame
L 09/26/2021 - 23:36:27: [SM] Exception reported: Language phrase "InstaDefuseSuccessful" not found (arg 5)
L 09/26/2021 - 23:36:27: [SM] Blaming: retakes-instadefuse.smx
L 09/26/2021 - 23:36:27: [SM] Call stack trace:
L 09/26/2021 - 23:36:27: [SM]   [0] PrintToChat
L 09/26/2021 - 23:36:27: [SM]   [1] Line 197, plugin.sp::AttemptInstantDefuse
L 09/26/2021 - 23:36:27: [SM]   [2] Line 104, plugin.sp::Event_BombBeginDefusePlusFrame
L 09/26/2021 - 23:38:12: [SM] Exception reported: Language phrase "InstaDefuseSuccessful" not found (arg 5)
L 09/26/2021 - 23:38:12: [SM] Blaming: retakes-instadefuse.smx
L 09/26/2021 - 23:38:12: [SM] Call stack trace:
L 09/26/2021 - 23:38:12: [SM]   [0] PrintToChat
L 09/26/2021 - 23:38:12: [SM]   [1] Line 197, plugin.sp::AttemptInstantDefuse
L 09/26/2021 - 23:38:12: [SM]   [2] Line 104, plugin.sp::Event_BombBeginDefusePlusFrame
L 09/26/2021 - 23:39:06: [SM] Exception reported: Language phrase "InstaDefuseSuccessful" not found (arg 5)
L 09/26/2021 - 23:39:06: [SM] Blaming: retakes-instadefuse.smx
L 09/26/2021 - 23:39:06: [SM] Call stack trace:
L 09/26/2021 - 23:39:06: [SM]   [0] PrintToChat
L 09/26/2021 - 23:39:06: [SM]   [1] Line 197, plugin.sp::AttemptInstantDefuse
L 09/26/2021 - 23:39:06: [SM]   [2] Line 104, plugin.sp::Event_BombBeginDefusePlusFrame
L 09/26/2021 - 23:40:25: [SM] Exception reported: Language phrase "InstaDefuseSuccessful" not found (arg 5)
L 09/26/2021 - 23:40:25: [SM] Blaming: retakes-instadefuse.smx
L 09/26/2021 - 23:40:25: [SM] Call stack trace:
L 09/26/2021 - 23:40:25: [SM]   [0] PrintToChat
L 09/26/2021 - 23:40:25: [SM]   [1] Line 197, plugin.sp::AttemptInstantDefuse
L 09/26/2021 - 23:40:25: [SM]   [2] Line 104, plugin.sp::Event_BombBeginDefusePlusFrame
L 09/26/2021 - 23:42:04: [SM] Exception reported: Language phrase "InstaDefuseUnsuccessful" not found (arg 5)
L 09/26/2021 - 23:42:04: [SM] Blaming: retakes-instadefuse.smx
L 09/26/2021 - 23:42:04: [SM] Call stack trace:
L 09/26/2021 - 23:42:04: [SM]   [0] PrintToChat
L 09/26/2021 - 23:42:04: [SM]   [1] Line 143, plugin.sp::AttemptInstantDefuse
L 09/26/2021 - 23:42:04: [SM]   [2] Line 104, plugin.sp::Event_BombBeginDefusePlusFrame
L 09/26/2021 - 23:42:04: [SM] Exception reported: Language phrase "InstaDefuseUnsuccessful" not found (arg 5)
L 09/26/2021 - 23:42:04: [SM] Blaming: retakes-instadefuse.smx
L 09/26/2021 - 23:42:04: [SM] Call stack trace:
L 09/26/2021 - 23:42:04: [SM]   [0] PrintToChat
L 09/26/2021 - 23:42:04: [SM]   [1] Line 143, plugin.sp::AttemptInstantDefuse
L 09/26/2021 - 23:42:04: [SM]   [2] Line 104, plugin.sp::Event_BombBeginDefusePlusFrame
L 09/26/2021 - 23:43:43: [SM] Exception reported: Language phrase "InstaDefuseSuccessful" not found (arg 5)
L 09/26/2021 - 23:43:43: [SM] Blaming: retakes-instadefuse.smx
L 09/26/2021 - 23:43:43: [SM] Call stack trace:
L 09/26/2021 - 23:43:43: [SM]   [0] PrintToChat
L 09/26/2021 - 23:43:43: [SM]   [1] Line 197, plugin.sp::AttemptInstantDefuse
L 09/26/2021 - 23:43:43: [SM]   [2] Line 104, plugin.sp::Event_BombBeginDefusePlusFrame
L 09/26/2021 - 23:44:57: [SM] Exception reported: Language phrase "InstaDefuseSuccessful" not found (arg 5)
L 09/26/2021 - 23:44:57: [SM] Blaming: retakes-instadefuse.smx
L 09/26/2021 - 23:44:57: [SM] Call stack trace:
L 09/26/2021 - 23:44:57: [SM]   [0] PrintToChat
L 09/26/2021 - 23:44:57: [SM]   [1] Line 197, plugin.sp::AttemptInstantDefuse
L 09/26/2021 - 23:44:57: [SM]   [2] Line 104, plugin.sp::Event_BombBeginDefusePlusFrame
L 09/26/2021 - 23:46:30: [SM] Exception reported: Language phrase "InstaDefuseSuccessful" not found (arg 5)
L 09/26/2021 - 23:46:30: [SM] Blaming: retakes-instadefuse.smx
L 09/26/2021 - 23:46:30: [SM] Call stack trace:
L 09/26/2021 - 23:46:30: [SM]   [0] PrintToChat
L 09/26/2021 - 23:46:30: [SM]   [1] Line 197, plugin.sp::AttemptInstantDefuse
L 09/26/2021 - 23:46:30: [SM]   [2] Line 104, plugin.sp::Event_BombBeginDefusePlusFrame
L 09/26/2021 - 23:47:16: [SM] Exception reported: Language phrase "InstaDefuseSuccessful" not found (arg 5)
L 09/26/2021 - 23:47:16: [SM] Blaming: retakes-instadefuse.smx
L 09/26/2021 - 23:47:16: [SM] Call stack trace:
L 09/26/2021 - 23:47:16: [SM]   [0] PrintToChat
L 09/26/2021 - 23:47:16: [SM]   [1] Line 197, plugin.sp::AttemptInstantDefuse
L 09/26/2021 - 23:47:16: [SM]   [2] Line 104, plugin.sp::Event_BombBeginDefusePlusFrame
L 09/26/2021 - 23:47:40: [SM] Exception reported: Language phrase "InstaDefuseSuccessful" not found (arg 5)
L 09/26/2021 - 23:47:40: [SM] Blaming: retakes-instadefuse.smx
L 09/26/2021 - 23:47:40: [SM] Call stack trace:
L 09/26/2021 - 23:47:40: [SM]   [0] PrintToChat
L 09/26/2021 - 23:47:40: [SM]   [1] Line 197, plugin.sp::AttemptInstantDefuse
L 09/26/2021 - 23:47:40: [SM]   [2] Line 104, plugin.sp::Event_BombBeginDefusePlusFrame
L 09/26/2021 - 23:48:28: [SM] Exception reported: Language phrase "InstaDefuseSuccessful" not found (arg 5)
L 09/26/2021 - 23:48:28: [SM] Blaming: retakes-instadefuse.smx
L 09/26/2021 - 23:48:29: [SM] Call stack trace:
L 09/26/2021 - 23:48:29: [SM]   [0] PrintToChat
L 09/26/2021 - 23:48:29: [SM]   [1] Line 197, plugin.sp::AttemptInstantDefuse
L 09/26/2021 - 23:48:29: [SM]   [2] Line 104, plugin.sp::Event_BombBeginDefusePlusFrame
L 09/26/2021 - 23:49:06: [SM] Exception reported: Language phrase "InstaDefuseUnsuccessful" not found (arg 5)
L 09/26/2021 - 23:49:06: [SM] Blaming: retakes-instadefuse.smx
L 09/26/2021 - 23:49:06: [SM] Call stack trace:
L 09/26/2021 - 23:49:06: [SM]   [0] PrintToChat
L 09/26/2021 - 23:49:06: [SM]   [1] Line 143, plugin.sp::AttemptInstantDefuse
L 09/26/2021 - 23:49:06: [SM]   [2] Line 104, plugin.sp::Event_BombBeginDefusePlusFrame
L 09/26/2021 - 23:49:06: [SM] Exception reported: Language phrase "InstaDefuseUnsuccessful" not found (arg 5)
L 09/26/2021 - 23:49:06: [SM] Blaming: retakes-instadefuse.smx
L 09/26/2021 - 23:49:06: [SM] Call stack trace:
L 09/26/2021 - 23:49:06: [SM]   [0] PrintToChat
L 09/26/2021 - 23:49:06: [SM]   [1] Line 143, plugin.sp::AttemptInstantDefuse
L 09/26/2021 - 23:49:07: [SM]   [2] Line 104, plugin.sp::Event_BombBeginDefusePlusFrame
L 09/26/2021 - 23:49:07: [SM] Exception reported: Language phrase "InstaDefuseUnsuccessful" not found (arg 5)
L 09/26/2021 - 23:49:07: [SM] Blaming: retakes-instadefuse.smx
L 09/26/2021 - 23:49:07: [SM] Call stack trace:
L 09/26/2021 - 23:49:07: [SM]   [0] PrintToChat
L 09/26/2021 - 23:49:07: [SM]   [1] Line 143, plugin.sp::AttemptInstantDefuse
L 09/26/2021 - 23:49:07: [SM]   [2] Line 104, plugin.sp::Event_BombBeginDefusePlusFrame
L 09/26/2021 - 23:49:07: [SM] Exception reported: Language phrase "InstaDefuseUnsuccessful" not found (arg 5)
L 09/26/2021 - 23:49:07: [SM] Blaming: retakes-instadefuse.smx
L 09/26/2021 - 23:49:07: [SM] Call stack trace:
L 09/26/2021 - 23:49:07: [SM]   [0] PrintToChat
L 09/26/2021 - 23:49:07: [SM]   [1] Line 143, plugin.sp::AttemptInstantDefuse
L 09/26/2021 - 23:49:07: [SM]   [2] Line 104, plugin.sp::Event_BombBeginDefusePlusFrame
L 09/26/2021 - 23:49:07: [SM] Exception reported: Language phrase "InstaDefuseUnsuccessful" not found (arg 5)
L 09/26/2021 - 23:49:07: [SM] Blaming: retakes-instadefuse.smx
L 09/26/2021 - 23:49:07: [SM] Call stack trace:
L 09/26/2021 - 23:49:07: [SM]   [0] PrintToChat
L 09/26/2021 - 23:49:07: [SM]   [1] Line 143, plugin.sp::AttemptInstantDefuse
L 09/26/2021 - 23:49:07: [SM]   [2] Line 104, plugin.sp::Event_BombBeginDefusePlusFrame
L 09/26/2021 - 23:49:07: [SM] Exception reported: Language phrase "InstaDefuseUnsuccessful" not found (arg 5)
L 09/26/2021 - 23:49:07: [SM] Blaming: retakes-instadefuse.smx
L 09/26/2021 - 23:49:07: [SM] Call stack trace:
L 09/26/2021 - 23:49:07: [SM]   [0] PrintToChat
L 09/26/2021 - 23:49:07: [SM]   [1] Line 143, plugin.sp::AttemptInstantDefuse
L 09/26/2021 - 23:49:07: [SM]   [2] Line 104, plugin.sp::Event_BombBeginDefusePlusFrame
L 09/26/2021 - 23:49:08: [SM] Exception reported: Language phrase "InstaDefuseUnsuccessful" not found (arg 5)
L 09/26/2021 - 23:49:08: [SM] Blaming: retakes-instadefuse.smx
L 09/26/2021 - 23:49:08: [SM] Call stack trace:
L 09/26/2021 - 23:49:08: [SM]   [0] PrintToChat
L 09/26/2021 - 23:49:08: [SM]   [1] Line 143, plugin.sp::AttemptInstantDefuse
L 09/26/2021 - 23:49:08: [SM]   [2] Line 104, plugin.sp::Event_BombBeginDefusePlusFrame
L 09/26/2021 - 23:50:36: [SM] Exception reported: Language phrase "InstaDefuseSuccessful" not found (arg 5)
L 09/26/2021 - 23:50:36: [SM] Blaming: retakes-instadefuse.smx
L 09/26/2021 - 23:50:36: [SM] Call stack trace:
L 09/26/2021 - 23:50:36: [SM]   [0] PrintToChat
L 09/26/2021 - 23:50:36: [SM]   [1] Line 197, plugin.sp::AttemptInstantDefuse
L 09/26/2021 - 23:50:36: [SM]   [2] Line 104, plugin.sp::Event_BombBeginDefusePlusFrame
L 09/26/2021 - 23:50:38: [SM] Exception reported: Language phrase "InstaDefuseSuccessful" not found (arg 5)
L 09/26/2021 - 23:50:38: [SM] Blaming: retakes-instadefuse.smx
L 09/26/2021 - 23:50:38: [SM] Call stack trace:
L 09/26/2021 - 23:50:38: [SM]   [0] PrintToChat
L 09/26/2021 - 23:50:38: [SM]   [1] Line 197, plugin.sp::AttemptInstantDefuse
L 09/26/2021 - 23:50:38: [SM]   [2] Line 104, plugin.sp::Event_BombBeginDefusePlusFrame
L 09/26/2021 - 23:50:55: [SM] Exception reported: Language phrase "InstaDefuseSuccessful" not found (arg 5)
L 09/26/2021 - 23:50:55: [SM] Blaming: retakes-instadefuse.smx
L 09/26/2021 - 23:50:55: [SM] Call stack trace:
L 09/26/2021 - 23:50:55: [SM]   [0] PrintToChat
L 09/26/2021 - 23:50:55: [SM]   [1] Line 197, plugin.sp::AttemptInstantDefuse
L 09/26/2021 - 23:50:55: [SM]   [2] Line 104, plugin.sp::Event_BombBeginDefusePlusFrame
L 09/26/2021 - 23:52:16: [SM] Exception reported: Language phrase "InstaDefuseSuccessful" not found (arg 5)
L 09/26/2021 - 23:52:16: [SM] Blaming: retakes-instadefuse.smx
L 09/26/2021 - 23:52:16: [SM] Call stack trace:
L 09/26/2021 - 23:52:16: [SM]   [0] PrintToChat
L 09/26/2021 - 23:52:16: [SM]   [1] Line 197, plugin.sp::AttemptInstantDefuse
L 09/26/2021 - 23:52:16: [SM]   [2] Line 104, plugin.sp::Event_BombBeginDefusePlusFrame
L 09/26/2021 - 23:55:25: [SM] Exception reported: Language phrase "InstaDefuseSuccessful" not found (arg 5)
L 09/26/2021 - 23:55:25: [SM] Blaming: retakes-instadefuse.smx
L 09/26/2021 - 23:55:25: [SM] Call stack trace:
L 09/26/2021 - 23:55:25: [SM]   [0] PrintToChat
L 09/26/2021 - 23:55:25: [SM]   [1] Line 197, plugin.sp::AttemptInstantDefuse
L 09/26/2021 - 23:55:25: [SM]   [2] Line 104, plugin.sp::Event_BombBeginDefusePlusFrame
L 09/26/2021 - 23:55:47: [SM] Exception reported: Language phrase "InstaDefuseSuccessful" not found (arg 5)
L 09/26/2021 - 23:55:47: [SM] Blaming: retakes-instadefuse.smx
L 09/26/2021 - 23:55:47: [SM] Call stack trace:
L 09/26/2021 - 23:55:47: [SM]   [0] PrintToChat
L 09/26/2021 - 23:55:47: [SM]   [1] Line 197, plugin.sp::AttemptInstantDefuse
L 09/26/2021 - 23:55:47: [SM]   [2] Line 104, plugin.sp::Event_BombBeginDefusePlusFrame
L 09/26/2021 - 23:55:48: [SM] Exception reported: Language phrase "InstaDefuseSuccessful" not found (arg 5)
L 09/26/2021 - 23:55:48: [SM] Blaming: retakes-instadefuse.smx
L 09/26/2021 - 23:55:48: [SM] Call stack trace:
L 09/26/2021 - 23:55:48: [SM]   [0] PrintToChat
L 09/26/2021 - 23:55:48: [SM]   [1] Line 197, plugin.sp::AttemptInstantDefuse
L 09/26/2021 - 23:55:48: [SM]   [2] Line 104, plugin.sp::Event_BombBeginDefusePlusFrame
L 09/26/2021 - 23:55:49: [SM] Exception reported: Language phrase "InstaDefuseSuccessful" not found (arg 5)
L 09/26/2021 - 23:55:49: [SM] Blaming: retakes-instadefuse.smx
L 09/26/2021 - 23:55:49: [SM] Call stack trace:
L 09/26/2021 - 23:55:49: [SM]   [0] PrintToChat
L 09/26/2021 - 23:55:50: [SM]   [1] Line 197, plugin.sp::AttemptInstantDefuse
L 09/26/2021 - 23:55:50: [SM]   [2] Line 104, plugin.sp::Event_BombBeginDefusePlusFrame
L 09/26/2021 - 23:56:34: [SM] Exception reported: Language phrase "InstaDefuseSuccessful" not found (arg 5)
L 09/26/2021 - 23:56:34: [SM] Blaming: retakes-instadefuse.smx
L 09/26/2021 - 23:56:34: [SM] Call stack trace:
L 09/26/2021 - 23:56:34: [SM]   [0] PrintToChat
L 09/26/2021 - 23:56:34: [SM]   [1] Line 197, plugin.sp::AttemptInstantDefuse
L 09/26/2021 - 23:56:34: [SM]   [2] Line 104, plugin.sp::Event_BombBeginDefusePlusFrame
L 09/26/2021 - 23:57:19: [SM] Exception reported: Language phrase "InstaDefuseSuccessful" not found (arg 5)
L 09/26/2021 - 23:57:19: [SM] Blaming: retakes-instadefuse.smx
L 09/26/2021 - 23:57:19: [SM] Call stack trace:
L 09/26/2021 - 23:57:19: [SM]   [0] PrintToChat
L 09/26/2021 - 23:57:19: [SM]   [1] Line 197, plugin.sp::AttemptInstantDefuse
L 09/26/2021 - 23:57:19: [SM]   [2] Line 104, plugin.sp::Event_BombBeginDefusePlusFrame
L 09/26/2021 - 23:57:37: [SM] Exception reported: Language phrase "InstaDefuseSuccessful" not found (arg 5)
L 09/26/2021 - 23:57:37: [SM] Blaming: retakes-instadefuse.smx
L 09/26/2021 - 23:57:37: [SM] Call stack trace:
L 09/26/2021 - 23:57:37: [SM]   [0] PrintToChat
L 09/26/2021 - 23:57:37: [SM]   [1] Line 197, plugin.sp::AttemptInstantDefuse
L 09/26/2021 - 23:57:37: [SM]   [2] Line 104, plugin.sp::Event_BombBeginDefusePlusFrame
L 09/27/2021 - 00:02:24: Error log file session closed.
