L 08/12/2021 - 00:00:23: SourceMod error session started
L 08/12/2021 - 00:00:23: Info (map "de_mirage") (file "E:\retake\csgoserver\csgo\addons\sourcemod\logs\errors_20210812.log")
L 08/12/2021 - 00:00:23: [SM] Exception reported: Language phrase "InstaDefuseSuccessful" not found (arg 5)
L 08/12/2021 - 00:00:23: [SM] Blaming: retakes-instadefuse.smx
L 08/12/2021 - 00:00:23: [SM] Call stack trace:
L 08/12/2021 - 00:00:23: [SM]   [0] PrintToChat
L 08/12/2021 - 00:00:23: [SM]   [1] Line 197, plugin.sp::AttemptInstantDefuse
L 08/12/2021 - 00:00:23: [SM]   [2] Line 104, plugin.sp::Event_BombBeginDefusePlusFrame
L 08/12/2021 - 00:01:19: [SM] Exception reported: Language phrase "InstaDefuseSuccessful" not found (arg 5)
L 08/12/2021 - 00:01:19: [SM] Blaming: retakes-instadefuse.smx
L 08/12/2021 - 00:01:19: [SM] Call stack trace:
L 08/12/2021 - 00:01:19: [SM]   [0] PrintToChat
L 08/12/2021 - 00:01:19: [SM]   [1] Line 197, plugin.sp::AttemptInstantDefuse
L 08/12/2021 - 00:01:19: [SM]   [2] Line 104, plugin.sp::Event_BombBeginDefusePlusFrame
L 08/12/2021 - 00:01:50: [SM] Exception reported: Language phrase "InstaDefuseSuccessful" not found (arg 5)
L 08/12/2021 - 00:01:50: [SM] Blaming: retakes-instadefuse.smx
L 08/12/2021 - 00:01:50: [SM] Call stack trace:
L 08/12/2021 - 00:01:50: [SM]   [0] PrintToChat
L 08/12/2021 - 00:01:50: [SM]   [1] Line 197, plugin.sp::AttemptInstantDefuse
L 08/12/2021 - 00:01:50: [SM]   [2] Line 104, plugin.sp::Event_BombBeginDefusePlusFrame
L 08/12/2021 - 00:02:18: [SM] Exception reported: Language phrase "InstaDefuseSuccessful" not found (arg 5)
L 08/12/2021 - 00:02:18: [SM] Blaming: retakes-instadefuse.smx
L 08/12/2021 - 00:02:18: [SM] Call stack trace:
L 08/12/2021 - 00:02:18: [SM]   [0] PrintToChat
L 08/12/2021 - 00:02:18: [SM]   [1] Line 197, plugin.sp::AttemptInstantDefuse
L 08/12/2021 - 00:02:18: [SM]   [2] Line 104, plugin.sp::Event_BombBeginDefusePlusFrame
L 08/12/2021 - 00:03:17: [SM] Exception reported: Language phrase "InstaDefuseSuccessful" not found (arg 5)
L 08/12/2021 - 00:03:17: [SM] Blaming: retakes-instadefuse.smx
L 08/12/2021 - 00:03:17: [SM] Call stack trace:
L 08/12/2021 - 00:03:17: [SM]   [0] PrintToChat
L 08/12/2021 - 00:03:17: [SM]   [1] Line 197, plugin.sp::AttemptInstantDefuse
L 08/12/2021 - 00:03:17: [SM]   [2] Line 104, plugin.sp::Event_BombBeginDefusePlusFrame
L 08/12/2021 - 00:04:04: [SM] Exception reported: Language phrase "InstaDefuseSuccessful" not found (arg 5)
L 08/12/2021 - 00:04:04: [SM] Blaming: retakes-instadefuse.smx
L 08/12/2021 - 00:04:04: [SM] Call stack trace:
L 08/12/2021 - 00:04:04: [SM]   [0] PrintToChat
L 08/12/2021 - 00:04:04: [SM]   [1] Line 197, plugin.sp::AttemptInstantDefuse
L 08/12/2021 - 00:04:04: [SM]   [2] Line 104, plugin.sp::Event_BombBeginDefusePlusFrame
L 08/12/2021 - 00:05:34: [SM] Exception reported: Language phrase "InstaDefuseSuccessful" not found (arg 5)
L 08/12/2021 - 00:05:34: [SM] Blaming: retakes-instadefuse.smx
L 08/12/2021 - 00:05:34: [SM] Call stack trace:
L 08/12/2021 - 00:05:34: [SM]   [0] PrintToChat
L 08/12/2021 - 00:05:34: [SM]   [1] Line 197, plugin.sp::AttemptInstantDefuse
L 08/12/2021 - 00:05:34: [SM]   [2] Line 104, plugin.sp::Event_BombBeginDefusePlusFrame
L 08/12/2021 - 00:07:26: [SM] Exception reported: Language phrase "InstaDefuseSuccessful" not found (arg 5)
L 08/12/2021 - 00:07:26: [SM] Blaming: retakes-instadefuse.smx
L 08/12/2021 - 00:07:26: [SM] Call stack trace:
L 08/12/2021 - 00:07:26: [SM]   [0] PrintToChat
L 08/12/2021 - 00:07:26: [SM]   [1] Line 197, plugin.sp::AttemptInstantDefuse
L 08/12/2021 - 00:07:26: [SM]   [2] Line 104, plugin.sp::Event_BombBeginDefusePlusFrame
L 08/12/2021 - 00:07:46: [SM] Exception reported: Language phrase "InstaDefuseSuccessful" not found (arg 5)
L 08/12/2021 - 00:07:46: [SM] Blaming: retakes-instadefuse.smx
L 08/12/2021 - 00:07:46: [SM] Call stack trace:
L 08/12/2021 - 00:07:46: [SM]   [0] PrintToChat
L 08/12/2021 - 00:07:46: [SM]   [1] Line 197, plugin.sp::AttemptInstantDefuse
L 08/12/2021 - 00:07:46: [SM]   [2] Line 104, plugin.sp::Event_BombBeginDefusePlusFrame
L 08/12/2021 - 00:08:56: [SM] Exception reported: Language phrase "InstaDefuseSuccessful" not found (arg 5)
L 08/12/2021 - 00:08:56: [SM] Blaming: retakes-instadefuse.smx
L 08/12/2021 - 00:08:56: [SM] Call stack trace:
L 08/12/2021 - 00:08:56: [SM]   [0] PrintToChat
L 08/12/2021 - 00:08:56: [SM]   [1] Line 197, plugin.sp::AttemptInstantDefuse
L 08/12/2021 - 00:08:56: [SM]   [2] Line 104, plugin.sp::Event_BombBeginDefusePlusFrame
L 08/12/2021 - 00:09:11: [SM] Exception reported: Language phrase "InstaDefuseSuccessful" not found (arg 5)
L 08/12/2021 - 00:09:11: [SM] Blaming: retakes-instadefuse.smx
L 08/12/2021 - 00:09:11: [SM] Call stack trace:
L 08/12/2021 - 00:09:11: [SM]   [0] PrintToChat
L 08/12/2021 - 00:09:11: [SM]   [1] Line 197, plugin.sp::AttemptInstantDefuse
L 08/12/2021 - 00:09:11: [SM]   [2] Line 104, plugin.sp::Event_BombBeginDefusePlusFrame
L 08/12/2021 - 00:09:36: [SM] Exception reported: Language phrase "InstaDefuseSuccessful" not found (arg 5)
L 08/12/2021 - 00:09:36: [SM] Blaming: retakes-instadefuse.smx
L 08/12/2021 - 00:09:36: [SM] Call stack trace:
L 08/12/2021 - 00:09:36: [SM]   [0] PrintToChat
L 08/12/2021 - 00:09:36: [SM]   [1] Line 197, plugin.sp::AttemptInstantDefuse
L 08/12/2021 - 00:09:36: [SM]   [2] Line 104, plugin.sp::Event_BombBeginDefusePlusFrame
L 08/12/2021 - 00:10:15: [SM] Exception reported: Language phrase "InstaDefuseSuccessful" not found (arg 5)
L 08/12/2021 - 00:10:15: [SM] Blaming: retakes-instadefuse.smx
L 08/12/2021 - 00:10:15: [SM] Call stack trace:
L 08/12/2021 - 00:10:15: [SM]   [0] PrintToChat
L 08/12/2021 - 00:10:15: [SM]   [1] Line 197, plugin.sp::AttemptInstantDefuse
L 08/12/2021 - 00:10:15: [SM]   [2] Line 104, plugin.sp::Event_BombBeginDefusePlusFrame
L 08/12/2021 - 00:11:02: [SM] Exception reported: Language phrase "InstaDefuseSuccessful" not found (arg 5)
L 08/12/2021 - 00:11:02: [SM] Blaming: retakes-instadefuse.smx
L 08/12/2021 - 00:11:02: [SM] Call stack trace:
L 08/12/2021 - 00:11:02: [SM]   [0] PrintToChat
L 08/12/2021 - 00:11:02: [SM]   [1] Line 197, plugin.sp::AttemptInstantDefuse
L 08/12/2021 - 00:11:02: [SM]   [2] Line 104, plugin.sp::Event_BombBeginDefusePlusFrame
L 08/12/2021 - 00:11:56: [SM] Exception reported: Language phrase "InstaDefuseSuccessful" not found (arg 5)
L 08/12/2021 - 00:11:56: [SM] Blaming: retakes-instadefuse.smx
L 08/12/2021 - 00:11:56: [SM] Call stack trace:
L 08/12/2021 - 00:11:56: [SM]   [0] PrintToChat
L 08/12/2021 - 00:11:56: [SM]   [1] Line 197, plugin.sp::AttemptInstantDefuse
L 08/12/2021 - 00:11:56: [SM]   [2] Line 104, plugin.sp::Event_BombBeginDefusePlusFrame
L 08/12/2021 - 00:11:57: [SM] Exception reported: Language phrase "InstaDefuseUnsuccessful" not found (arg 5)
L 08/12/2021 - 00:11:57: [SM] Blaming: retakes-instadefuse.smx
L 08/12/2021 - 00:11:57: [SM] Call stack trace:
L 08/12/2021 - 00:11:57: [SM]   [0] PrintToChat
L 08/12/2021 - 00:11:57: [SM]   [1] Line 143, plugin.sp::AttemptInstantDefuse
L 08/12/2021 - 00:11:57: [SM]   [2] Line 104, plugin.sp::Event_BombBeginDefusePlusFrame
L 08/12/2021 - 00:12:01: [SM] Exception reported: Language phrase "InstaDefuseUnsuccessful" not found (arg 5)
L 08/12/2021 - 00:12:01: [SM] Blaming: retakes-instadefuse.smx
L 08/12/2021 - 00:12:01: [SM] Call stack trace:
L 08/12/2021 - 00:12:01: [SM]   [0] PrintToChat
L 08/12/2021 - 00:12:01: [SM]   [1] Line 143, plugin.sp::AttemptInstantDefuse
L 08/12/2021 - 00:12:01: [SM]   [2] Line 104, plugin.sp::Event_BombBeginDefusePlusFrame
L 08/12/2021 - 00:12:28: [SM] Exception reported: Language phrase "InstaDefuseSuccessful" not found (arg 5)
L 08/12/2021 - 00:12:28: [SM] Blaming: retakes-instadefuse.smx
L 08/12/2021 - 00:12:28: [SM] Call stack trace:
L 08/12/2021 - 00:12:28: [SM]   [0] PrintToChat
L 08/12/2021 - 00:12:28: [SM]   [1] Line 197, plugin.sp::AttemptInstantDefuse
L 08/12/2021 - 00:12:28: [SM]   [2] Line 104, plugin.sp::Event_BombBeginDefusePlusFrame
L 08/12/2021 - 00:12:53: [SM] Exception reported: Language phrase "InstaDefuseSuccessful" not found (arg 5)
L 08/12/2021 - 00:12:53: [SM] Blaming: retakes-instadefuse.smx
L 08/12/2021 - 00:12:53: [SM] Call stack trace:
L 08/12/2021 - 00:12:53: [SM]   [0] PrintToChat
L 08/12/2021 - 00:12:53: [SM]   [1] Line 197, plugin.sp::AttemptInstantDefuse
L 08/12/2021 - 00:12:53: [SM]   [2] Line 104, plugin.sp::Event_BombBeginDefusePlusFrame
L 08/12/2021 - 00:14:49: [SM] Exception reported: Language phrase "InstaDefuseSuccessful" not found (arg 5)
L 08/12/2021 - 00:14:49: [SM] Blaming: retakes-instadefuse.smx
L 08/12/2021 - 00:14:49: [SM] Call stack trace:
L 08/12/2021 - 00:14:49: [SM]   [0] PrintToChat
L 08/12/2021 - 00:14:49: [SM]   [1] Line 197, plugin.sp::AttemptInstantDefuse
L 08/12/2021 - 00:14:49: [SM]   [2] Line 104, plugin.sp::Event_BombBeginDefusePlusFrame
L 08/12/2021 - 00:15:09: [SM] Exception reported: Language phrase "InstaDefuseSuccessful" not found (arg 5)
L 08/12/2021 - 00:15:09: [SM] Blaming: retakes-instadefuse.smx
L 08/12/2021 - 00:15:09: [SM] Call stack trace:
L 08/12/2021 - 00:15:09: [SM]   [0] PrintToChat
L 08/12/2021 - 00:15:09: [SM]   [1] Line 197, plugin.sp::AttemptInstantDefuse
L 08/12/2021 - 00:15:09: [SM]   [2] Line 104, plugin.sp::Event_BombBeginDefusePlusFrame
L 08/12/2021 - 00:15:35: [SM] Exception reported: Language phrase "InstaDefuseSuccessful" not found (arg 5)
L 08/12/2021 - 00:15:35: [SM] Blaming: retakes-instadefuse.smx
L 08/12/2021 - 00:15:35: [SM] Call stack trace:
L 08/12/2021 - 00:15:35: [SM]   [0] PrintToChat
L 08/12/2021 - 00:15:35: [SM]   [1] Line 197, plugin.sp::AttemptInstantDefuse
L 08/12/2021 - 00:15:35: [SM]   [2] Line 104, plugin.sp::Event_BombBeginDefusePlusFrame
L 08/12/2021 - 00:16:18: [SM] Exception reported: Language phrase "InstaDefuseSuccessful" not found (arg 5)
L 08/12/2021 - 00:16:18: [SM] Blaming: retakes-instadefuse.smx
L 08/12/2021 - 00:16:18: [SM] Call stack trace:
L 08/12/2021 - 00:16:18: [SM]   [0] PrintToChat
L 08/12/2021 - 00:16:18: [SM]   [1] Line 197, plugin.sp::AttemptInstantDefuse
L 08/12/2021 - 00:16:18: [SM]   [2] Line 104, plugin.sp::Event_BombBeginDefusePlusFrame
L 08/12/2021 - 00:16:23: [SM] Exception reported: Language phrase "InstaDefuseSuccessful" not found (arg 5)
L 08/12/2021 - 00:16:23: [SM] Blaming: retakes-instadefuse.smx
L 08/12/2021 - 00:16:23: [SM] Call stack trace:
L 08/12/2021 - 00:16:23: [SM]   [0] PrintToChat
L 08/12/2021 - 00:16:23: [SM]   [1] Line 197, plugin.sp::AttemptInstantDefuse
L 08/12/2021 - 00:16:23: [SM]   [2] Line 104, plugin.sp::Event_BombBeginDefusePlusFrame
L 08/12/2021 - 00:16:56: [SM] Exception reported: Language phrase "InstaDefuseSuccessful" not found (arg 5)
L 08/12/2021 - 00:16:56: [SM] Blaming: retakes-instadefuse.smx
L 08/12/2021 - 00:16:56: [SM] Call stack trace:
L 08/12/2021 - 00:16:56: [SM]   [0] PrintToChat
L 08/12/2021 - 00:16:56: [SM]   [1] Line 197, plugin.sp::AttemptInstantDefuse
L 08/12/2021 - 00:16:57: [SM]   [2] Line 104, plugin.sp::Event_BombBeginDefusePlusFrame
L 08/12/2021 - 00:17:40: [SM] Exception reported: Language phrase "InstaDefuseSuccessful" not found (arg 5)
L 08/12/2021 - 00:17:40: [SM] Blaming: retakes-instadefuse.smx
L 08/12/2021 - 00:17:40: [SM] Call stack trace:
L 08/12/2021 - 00:17:40: [SM]   [0] PrintToChat
L 08/12/2021 - 00:17:40: [SM]   [1] Line 197, plugin.sp::AttemptInstantDefuse
L 08/12/2021 - 00:17:40: [SM]   [2] Line 104, plugin.sp::Event_BombBeginDefusePlusFrame
L 08/12/2021 - 00:17:41: [SM] Exception reported: Language phrase "InstaDefuseSuccessful" not found (arg 5)
L 08/12/2021 - 00:17:41: [SM] Blaming: retakes-instadefuse.smx
L 08/12/2021 - 00:17:41: [SM] Call stack trace:
L 08/12/2021 - 00:17:41: [SM]   [0] PrintToChat
L 08/12/2021 - 00:17:41: [SM]   [1] Line 197, plugin.sp::AttemptInstantDefuse
L 08/12/2021 - 00:17:41: [SM]   [2] Line 104, plugin.sp::Event_BombBeginDefusePlusFrame
L 08/12/2021 - 00:18:54: [SM] Exception reported: Language phrase "InstaDefuseSuccessful" not found (arg 5)
L 08/12/2021 - 00:18:54: [SM] Blaming: retakes-instadefuse.smx
L 08/12/2021 - 00:18:54: [SM] Call stack trace:
L 08/12/2021 - 00:18:54: [SM]   [0] PrintToChat
L 08/12/2021 - 00:18:54: [SM]   [1] Line 197, plugin.sp::AttemptInstantDefuse
L 08/12/2021 - 00:18:54: [SM]   [2] Line 104, plugin.sp::Event_BombBeginDefusePlusFrame
L 08/12/2021 - 00:19:49: [SM] Exception reported: Language phrase "InstaDefuseSuccessful" not found (arg 5)
L 08/12/2021 - 00:19:49: [SM] Blaming: retakes-instadefuse.smx
L 08/12/2021 - 00:19:49: [SM] Call stack trace:
L 08/12/2021 - 00:19:49: [SM]   [0] PrintToChat
L 08/12/2021 - 00:19:49: [SM]   [1] Line 197, plugin.sp::AttemptInstantDefuse
L 08/12/2021 - 00:19:49: [SM]   [2] Line 104, plugin.sp::Event_BombBeginDefusePlusFrame
L 08/12/2021 - 00:20:29: [SM] Exception reported: Language phrase "InstaDefuseUnsuccessful" not found (arg 5)
L 08/12/2021 - 00:20:29: [SM] Blaming: retakes-instadefuse.smx
L 08/12/2021 - 00:20:29: [SM] Call stack trace:
L 08/12/2021 - 00:20:29: [SM]   [0] PrintToChat
L 08/12/2021 - 00:20:29: [SM]   [1] Line 143, plugin.sp::AttemptInstantDefuse
L 08/12/2021 - 00:20:29: [SM]   [2] Line 104, plugin.sp::Event_BombBeginDefusePlusFrame
L 08/12/2021 - 00:20:29: [SM] Exception reported: Language phrase "InstaDefuseUnsuccessful" not found (arg 5)
L 08/12/2021 - 00:20:29: [SM] Blaming: retakes-instadefuse.smx
L 08/12/2021 - 00:20:29: [SM] Call stack trace:
L 08/12/2021 - 00:20:29: [SM]   [0] PrintToChat
L 08/12/2021 - 00:20:29: [SM]   [1] Line 143, plugin.sp::AttemptInstantDefuse
L 08/12/2021 - 00:20:29: [SM]   [2] Line 104, plugin.sp::Event_BombBeginDefusePlusFrame
L 08/12/2021 - 00:20:30: [SM] Exception reported: Language phrase "InstaDefuseUnsuccessful" not found (arg 5)
L 08/12/2021 - 00:20:30: [SM] Blaming: retakes-instadefuse.smx
L 08/12/2021 - 00:20:30: [SM] Call stack trace:
L 08/12/2021 - 00:20:30: [SM]   [0] PrintToChat
L 08/12/2021 - 00:20:30: [SM]   [1] Line 143, plugin.sp::AttemptInstantDefuse
L 08/12/2021 - 00:20:30: [SM]   [2] Line 104, plugin.sp::Event_BombBeginDefusePlusFrame
L 08/12/2021 - 00:20:30: [SM] Exception reported: Language phrase "InstaDefuseUnsuccessful" not found (arg 5)
L 08/12/2021 - 00:20:30: [SM] Blaming: retakes-instadefuse.smx
L 08/12/2021 - 00:20:30: [SM] Call stack trace:
L 08/12/2021 - 00:20:30: [SM]   [0] PrintToChat
L 08/12/2021 - 00:20:30: [SM]   [1] Line 143, plugin.sp::AttemptInstantDefuse
L 08/12/2021 - 00:20:30: [SM]   [2] Line 104, plugin.sp::Event_BombBeginDefusePlusFrame
L 08/12/2021 - 00:20:30: [SM] Exception reported: Language phrase "InstaDefuseUnsuccessful" not found (arg 5)
L 08/12/2021 - 00:20:30: [SM] Blaming: retakes-instadefuse.smx
L 08/12/2021 - 00:20:30: [SM] Call stack trace:
L 08/12/2021 - 00:20:30: [SM]   [0] PrintToChat
L 08/12/2021 - 00:20:30: [SM]   [1] Line 143, plugin.sp::AttemptInstantDefuse
L 08/12/2021 - 00:20:30: [SM]   [2] Line 104, plugin.sp::Event_BombBeginDefusePlusFrame
L 08/12/2021 - 00:20:31: [SM] Exception reported: Language phrase "InstaDefuseUnsuccessful" not found (arg 5)
L 08/12/2021 - 00:20:31: [SM] Blaming: retakes-instadefuse.smx
L 08/12/2021 - 00:20:31: [SM] Call stack trace:
L 08/12/2021 - 00:20:31: [SM]   [0] PrintToChat
L 08/12/2021 - 00:20:31: [SM]   [1] Line 143, plugin.sp::AttemptInstantDefuse
L 08/12/2021 - 00:20:31: [SM]   [2] Line 104, plugin.sp::Event_BombBeginDefusePlusFrame
L 08/12/2021 - 00:20:48: [SM] Exception reported: Language phrase "InstaDefuseSuccessful" not found (arg 5)
L 08/12/2021 - 00:20:48: [SM] Blaming: retakes-instadefuse.smx
L 08/12/2021 - 00:20:48: [SM] Call stack trace:
L 08/12/2021 - 00:20:48: [SM]   [0] PrintToChat
L 08/12/2021 - 00:20:48: [SM]   [1] Line 197, plugin.sp::AttemptInstantDefuse
L 08/12/2021 - 00:20:48: [SM]   [2] Line 104, plugin.sp::Event_BombBeginDefusePlusFrame
L 08/12/2021 - 00:21:26: [SM] Exception reported: Language phrase "InstaDefuseSuccessful" not found (arg 5)
L 08/12/2021 - 00:21:26: [SM] Blaming: retakes-instadefuse.smx
L 08/12/2021 - 00:21:26: [SM] Call stack trace:
L 08/12/2021 - 00:21:26: [SM]   [0] PrintToChat
L 08/12/2021 - 00:21:26: [SM]   [1] Line 197, plugin.sp::AttemptInstantDefuse
L 08/12/2021 - 00:21:26: [SM]   [2] Line 104, plugin.sp::Event_BombBeginDefusePlusFrame
L 08/12/2021 - 00:22:24: [SM] Exception reported: Language phrase "InstaDefuseSuccessful" not found (arg 5)
L 08/12/2021 - 00:22:24: [SM] Blaming: retakes-instadefuse.smx
L 08/12/2021 - 00:22:24: [SM] Call stack trace:
L 08/12/2021 - 00:22:24: [SM]   [0] PrintToChat
L 08/12/2021 - 00:22:24: [SM]   [1] Line 197, plugin.sp::AttemptInstantDefuse
L 08/12/2021 - 00:22:24: [SM]   [2] Line 104, plugin.sp::Event_BombBeginDefusePlusFrame
L 08/12/2021 - 00:23:08: [SM] Exception reported: Language phrase "InstaDefuseSuccessful" not found (arg 5)
L 08/12/2021 - 00:23:08: [SM] Blaming: retakes-instadefuse.smx
L 08/12/2021 - 00:23:08: [SM] Call stack trace:
L 08/12/2021 - 00:23:08: [SM]   [0] PrintToChat
L 08/12/2021 - 00:23:08: [SM]   [1] Line 197, plugin.sp::AttemptInstantDefuse
L 08/12/2021 - 00:23:08: [SM]   [2] Line 104, plugin.sp::Event_BombBeginDefusePlusFrame
L 08/12/2021 - 00:23:50: [SM] Exception reported: Language phrase "InstaDefuseUnsuccessful" not found (arg 5)
L 08/12/2021 - 00:23:50: [SM] Blaming: retakes-instadefuse.smx
L 08/12/2021 - 00:23:50: [SM] Call stack trace:
L 08/12/2021 - 00:23:50: [SM]   [0] PrintToChat
L 08/12/2021 - 00:23:50: [SM]   [1] Line 143, plugin.sp::AttemptInstantDefuse
L 08/12/2021 - 00:23:50: [SM]   [2] Line 104, plugin.sp::Event_BombBeginDefusePlusFrame
L 08/12/2021 - 00:23:51: [SM] Exception reported: Language phrase "InstaDefuseUnsuccessful" not found (arg 5)
L 08/12/2021 - 00:23:51: [SM] Blaming: retakes-instadefuse.smx
L 08/12/2021 - 00:23:51: [SM] Call stack trace:
L 08/12/2021 - 00:23:51: [SM]   [0] PrintToChat
L 08/12/2021 - 00:23:51: [SM]   [1] Line 143, plugin.sp::AttemptInstantDefuse
L 08/12/2021 - 00:23:51: [SM]   [2] Line 104, plugin.sp::Event_BombBeginDefusePlusFrame
L 08/12/2021 - 00:23:51: [SM] Exception reported: Language phrase "InstaDefuseUnsuccessful" not found (arg 5)
L 08/12/2021 - 00:23:51: [SM] Blaming: retakes-instadefuse.smx
L 08/12/2021 - 00:23:51: [SM] Call stack trace:
L 08/12/2021 - 00:23:51: [SM]   [0] PrintToChat
L 08/12/2021 - 00:23:51: [SM]   [1] Line 143, plugin.sp::AttemptInstantDefuse
L 08/12/2021 - 00:23:51: [SM]   [2] Line 104, plugin.sp::Event_BombBeginDefusePlusFrame
L 08/12/2021 - 00:23:51: [SM] Exception reported: Language phrase "InstaDefuseUnsuccessful" not found (arg 5)
L 08/12/2021 - 00:23:51: [SM] Blaming: retakes-instadefuse.smx
L 08/12/2021 - 00:23:51: [SM] Call stack trace:
L 08/12/2021 - 00:23:51: [SM]   [0] PrintToChat
L 08/12/2021 - 00:23:51: [SM]   [1] Line 143, plugin.sp::AttemptInstantDefuse
L 08/12/2021 - 00:23:51: [SM]   [2] Line 104, plugin.sp::Event_BombBeginDefusePlusFrame
L 08/12/2021 - 00:23:51: [SM] Exception reported: Language phrase "InstaDefuseUnsuccessful" not found (arg 5)
L 08/12/2021 - 00:23:51: [SM] Blaming: retakes-instadefuse.smx
L 08/12/2021 - 00:23:51: [SM] Call stack trace:
L 08/12/2021 - 00:23:51: [SM]   [0] PrintToChat
L 08/12/2021 - 00:23:51: [SM]   [1] Line 143, plugin.sp::AttemptInstantDefuse
L 08/12/2021 - 00:23:51: [SM]   [2] Line 104, plugin.sp::Event_BombBeginDefusePlusFrame
L 08/12/2021 - 00:24:41: [SM] Exception reported: Language phrase "LiveNadeSomewhere" not found (arg 5)
L 08/12/2021 - 00:24:41: [SM] Blaming: retakes-instadefuse.smx
L 08/12/2021 - 00:24:41: [SM] Call stack trace:
L 08/12/2021 - 00:24:41: [SM]   [0] PrintToChat
L 08/12/2021 - 00:24:41: [SM]   [1] Line 168, plugin.sp::AttemptInstantDefuse
L 08/12/2021 - 00:24:41: [SM]   [2] Line 104, plugin.sp::Event_BombBeginDefusePlusFrame
L 08/12/2021 - 00:24:58: [SM] Exception reported: Language phrase "InstaDefuseSuccessful" not found (arg 5)
L 08/12/2021 - 00:24:58: [SM] Blaming: retakes-instadefuse.smx
L 08/12/2021 - 00:24:58: [SM] Call stack trace:
L 08/12/2021 - 00:24:58: [SM]   [0] PrintToChat
L 08/12/2021 - 00:24:58: [SM]   [1] Line 197, plugin.sp::AttemptInstantDefuse
L 08/12/2021 - 00:24:58: [SM]   [2] Line 104, plugin.sp::Event_BombBeginDefusePlusFrame
L 08/12/2021 - 00:26:37: [SM] Exception reported: Language phrase "InstaDefuseSuccessful" not found (arg 5)
L 08/12/2021 - 00:26:37: [SM] Blaming: retakes-instadefuse.smx
L 08/12/2021 - 00:26:37: [SM] Call stack trace:
L 08/12/2021 - 00:26:37: [SM]   [0] PrintToChat
L 08/12/2021 - 00:26:37: [SM]   [1] Line 197, plugin.sp::AttemptInstantDefuse
L 08/12/2021 - 00:26:37: [SM]   [2] Line 104, plugin.sp::Event_BombBeginDefusePlusFrame
L 08/12/2021 - 17:37:13: SourceMod error session started
L 08/12/2021 - 17:37:13: Info (map "de_dust2") (file "E:\retake\csgoserver\csgo\addons\sourcemod\logs\errors_20210812.log")
L 08/12/2021 - 17:37:13: [SM] Unable to load plugin "bot_inventory.smx": Native "eItems_AreItemsSynced" was not found
L 08/12/2021 - 17:37:13: [SM] Unable to load plugin "bot_stuff.smx": Could not find required plugin "navmesh"
L 08/12/2021 - 17:37:14: [SM] Fatal error encountered parsing translation file "ranks_matchmaking.phrases.txt"
L 08/12/2021 - 17:37:14: [SM] Error (line 0, column 0): Stream failed to open
L 08/12/2021 - 17:37:14: [SM] Fatal error encountered parsing translation file "instadefuse.phrases.txt"
L 08/12/2021 - 17:37:14: [SM] Error (line 0, column 0): Stream failed to open
L 08/12/2021 - 17:37:31: [SM] Exception reported: Language phrase "Unranked" not found (arg 5)
L 08/12/2021 - 17:37:31: [SM] Blaming: ranks_matchmaking.smx
L 08/12/2021 - 17:37:31: [SM] Call stack trace:
L 08/12/2021 - 17:37:31: [SM]   [0] FormatEx
L 08/12/2021 - 17:37:31: [SM]   [1] Line 174, ranks_matchmaking.sp::GetRanksNames
L 08/12/2021 - 17:37:31: [SM]   [2] Line 169, ranks_matchmaking.sp::OnMapStart
L 08/12/2021 - 17:38:31: SourceMod error session started
L 08/12/2021 - 17:38:31: Info (map "de_dust2") (file "E:\retake\csgoserver\csgo\addons\sourcemod\logs\errors_20210812.log")
L 08/12/2021 - 17:38:31: [SM] Unable to load plugin "bot_inventory.smx": Native "eItems_AreItemsSynced" was not found
L 08/12/2021 - 17:38:31: [SM] Unable to load plugin "bot_stuff.smx": Could not find required plugin "navmesh"
L 08/12/2021 - 17:38:31: [SM] Fatal error encountered parsing translation file "ranks_matchmaking.phrases.txt"
L 08/12/2021 - 17:38:31: [SM] Error (line 0, column 0): Stream failed to open
L 08/12/2021 - 17:38:31: [SM] Fatal error encountered parsing translation file "instadefuse.phrases.txt"
L 08/12/2021 - 17:38:31: [SM] Error (line 0, column 0): Stream failed to open
L 08/12/2021 - 17:38:33: [SM] Exception reported: Language phrase "Unranked" not found (arg 5)
L 08/12/2021 - 17:38:33: [SM] Blaming: ranks_matchmaking.smx
L 08/12/2021 - 17:38:33: [SM] Call stack trace:
L 08/12/2021 - 17:38:33: [SM]   [0] FormatEx
L 08/12/2021 - 17:38:33: [SM]   [1] Line 174, ranks_matchmaking.sp::GetRanksNames
L 08/12/2021 - 17:38:33: [SM]   [2] Line 169, ranks_matchmaking.sp::OnMapStart
L 08/12/2021 - 17:38:48: [nextmap.smx] FATAL: Cannot load map cycle. Nextmap not loaded.
L 08/12/2021 - 17:38:48: [SM] Exception reported: Mapcycle Not Found
L 08/12/2021 - 17:38:48: [SM] Blaming: nextmap.smx
L 08/12/2021 - 17:38:48: [SM] Call stack trace:
L 08/12/2021 - 17:38:48: [SM]   [0] SetFailState
L 08/12/2021 - 17:38:48: [SM]   [1] Line 143, D:\builds\build-sourcemod-msvc12\windows-1.11\build\plugins\nextmap.sp::FindAndSetNextMap
L 08/12/2021 - 17:38:48: [SM]   [2] Line 113, D:\builds\build-sourcemod-msvc12\windows-1.11\build\plugins\nextmap.sp::OnConfigsExecuted
L 08/12/2021 - 17:38:52: Error log file session closed.
L 08/12/2021 - 17:38:52: SourceMod error session started
L 08/12/2021 - 17:38:52: Info (map "de_dust2") (file "E:\retake\csgoserver\csgo\addons\sourcemod\logs\errors_20210812.log")
L 08/12/2021 - 17:38:52: [SM] Fatal error encountered parsing translation file "ranks_matchmaking.phrases.txt"
L 08/12/2021 - 17:38:52: [SM] Error (line 0, column 0): Stream failed to open
L 08/12/2021 - 17:38:52: [SM] Fatal error encountered parsing translation file "instadefuse.phrases.txt"
L 08/12/2021 - 17:38:52: [SM] Error (line 0, column 0): Stream failed to open
L 08/12/2021 - 17:38:53: [SM] Exception reported: Language phrase "Unranked" not found (arg 5)
L 08/12/2021 - 17:38:53: [SM] Blaming: ranks_matchmaking.smx
L 08/12/2021 - 17:38:53: [SM] Call stack trace:
L 08/12/2021 - 17:38:53: [SM]   [0] FormatEx
L 08/12/2021 - 17:38:53: [SM]   [1] Line 174, ranks_matchmaking.sp::GetRanksNames
L 08/12/2021 - 17:38:53: [SM]   [2] Line 169, ranks_matchmaking.sp::OnMapStart
L 08/12/2021 - 17:38:53: [nextmap.smx] FATAL: Cannot load map cycle. Nextmap not loaded.
L 08/12/2021 - 17:38:53: [SM] Exception reported: Mapcycle Not Found
L 08/12/2021 - 17:38:53: [SM] Blaming: nextmap.smx
L 08/12/2021 - 17:38:53: [SM] Call stack trace:
L 08/12/2021 - 17:38:53: [SM]   [0] SetFailState
L 08/12/2021 - 17:38:53: [SM]   [1] Line 143, D:\builds\build-sourcemod-msvc12\windows-1.11\build\plugins\nextmap.sp::FindAndSetNextMap
L 08/12/2021 - 17:38:53: [SM]   [2] Line 113, D:\builds\build-sourcemod-msvc12\windows-1.11\build\plugins\nextmap.sp::OnConfigsExecuted
L 08/12/2021 - 17:40:33: [SM] Exception reported: Language phrase "InstaDefuseSuccessful" not found (arg 5)
L 08/12/2021 - 17:40:33: [SM] Blaming: retakes-instadefuse.smx
L 08/12/2021 - 17:40:33: [SM] Call stack trace:
L 08/12/2021 - 17:40:33: [SM]   [0] PrintToChat
L 08/12/2021 - 17:40:33: [SM]   [1] Line 197, plugin.sp::AttemptInstantDefuse
L 08/12/2021 - 17:40:33: [SM]   [2] Line 104, plugin.sp::Event_BombBeginDefusePlusFrame
L 08/12/2021 - 17:42:51: [SM] Exception reported: Language phrase "InstaDefuseSuccessful" not found (arg 5)
L 08/12/2021 - 17:42:51: [SM] Blaming: retakes-instadefuse.smx
L 08/12/2021 - 17:42:51: [SM] Call stack trace:
L 08/12/2021 - 17:42:51: [SM]   [0] PrintToChat
L 08/12/2021 - 17:42:51: [SM]   [1] Line 197, plugin.sp::AttemptInstantDefuse
L 08/12/2021 - 17:42:51: [SM]   [2] Line 104, plugin.sp::Event_BombBeginDefusePlusFrame
L 08/12/2021 - 17:43:00: Error log file session closed.
L 08/12/2021 - 17:43:00: SourceMod error session started
L 08/12/2021 - 17:43:00: Info (map "de_mirage") (file "E:\retake\csgoserver\csgo\addons\sourcemod\logs\errors_20210812.log")
L 08/12/2021 - 17:43:00: [SM] Fatal error encountered parsing translation file "ranks_matchmaking.phrases.txt"
L 08/12/2021 - 17:43:00: [SM] Error (line 0, column 0): Stream failed to open
L 08/12/2021 - 17:43:00: [SM] Fatal error encountered parsing translation file "instadefuse.phrases.txt"
L 08/12/2021 - 17:43:00: [SM] Error (line 0, column 0): Stream failed to open
L 08/12/2021 - 17:43:04: [SM] Exception reported: Language phrase "Unranked" not found (arg 5)
L 08/12/2021 - 17:43:04: [SM] Blaming: ranks_matchmaking.smx
L 08/12/2021 - 17:43:04: [SM] Call stack trace:
L 08/12/2021 - 17:43:04: [SM]   [0] FormatEx
L 08/12/2021 - 17:43:04: [SM]   [1] Line 174, ranks_matchmaking.sp::GetRanksNames
L 08/12/2021 - 17:43:04: [SM]   [2] Line 169, ranks_matchmaking.sp::OnMapStart
L 08/12/2021 - 17:43:04: [nextmap.smx] FATAL: Cannot load map cycle. Nextmap not loaded.
L 08/12/2021 - 17:43:04: [SM] Exception reported: Mapcycle Not Found
L 08/12/2021 - 17:43:04: [SM] Blaming: nextmap.smx
L 08/12/2021 - 17:43:04: [SM] Call stack trace:
L 08/12/2021 - 17:43:04: [SM]   [0] SetFailState
L 08/12/2021 - 17:43:04: [SM]   [1] Line 143, D:\builds\build-sourcemod-msvc12\windows-1.11\build\plugins\nextmap.sp::FindAndSetNextMap
L 08/12/2021 - 17:43:04: [SM]   [2] Line 113, D:\builds\build-sourcemod-msvc12\windows-1.11\build\plugins\nextmap.sp::OnConfigsExecuted
L 08/12/2021 - 17:44:17: [SM] Exception reported: Language phrase "InstaDefuseSuccessful" not found (arg 5)
L 08/12/2021 - 17:44:17: [SM] Blaming: retakes-instadefuse.smx
L 08/12/2021 - 17:44:17: [SM] Call stack trace:
L 08/12/2021 - 17:44:17: [SM]   [0] PrintToChat
L 08/12/2021 - 17:44:17: [SM]   [1] Line 197, plugin.sp::AttemptInstantDefuse
L 08/12/2021 - 17:44:17: [SM]   [2] Line 104, plugin.sp::Event_BombBeginDefusePlusFrame
L 08/12/2021 - 17:44:51: [SM] Exception reported: Language phrase "InstaDefuseSuccessful" not found (arg 5)
L 08/12/2021 - 17:44:51: [SM] Blaming: retakes-instadefuse.smx
L 08/12/2021 - 17:44:51: [SM] Call stack trace:
L 08/12/2021 - 17:44:51: [SM]   [0] PrintToChat
L 08/12/2021 - 17:44:51: [SM]   [1] Line 197, plugin.sp::AttemptInstantDefuse
L 08/12/2021 - 17:44:51: [SM]   [2] Line 104, plugin.sp::Event_BombBeginDefusePlusFrame
L 08/12/2021 - 17:46:05: [SM] Exception reported: Language phrase "InstaDefuseSuccessful" not found (arg 5)
L 08/12/2021 - 17:46:05: [SM] Blaming: retakes-instadefuse.smx
L 08/12/2021 - 17:46:05: [SM] Call stack trace:
L 08/12/2021 - 17:46:05: [SM]   [0] PrintToChat
L 08/12/2021 - 17:46:05: [SM]   [1] Line 197, plugin.sp::AttemptInstantDefuse
L 08/12/2021 - 17:46:05: [SM]   [2] Line 104, plugin.sp::Event_BombBeginDefusePlusFrame
L 08/12/2021 - 17:47:10: [SM] Exception reported: Language phrase "InstaDefuseSuccessful" not found (arg 5)
L 08/12/2021 - 17:47:10: [SM] Blaming: retakes-instadefuse.smx
L 08/12/2021 - 17:47:10: [SM] Call stack trace:
L 08/12/2021 - 17:47:10: [SM]   [0] PrintToChat
L 08/12/2021 - 17:47:10: [SM]   [1] Line 197, plugin.sp::AttemptInstantDefuse
L 08/12/2021 - 17:47:10: [SM]   [2] Line 104, plugin.sp::Event_BombBeginDefusePlusFrame
L 08/12/2021 - 17:47:32: [SM] Exception reported: Language phrase "InstaDefuseSuccessful" not found (arg 5)
L 08/12/2021 - 17:47:32: [SM] Blaming: retakes-instadefuse.smx
L 08/12/2021 - 17:47:32: [SM] Call stack trace:
L 08/12/2021 - 17:47:32: [SM]   [0] PrintToChat
L 08/12/2021 - 17:47:32: [SM]   [1] Line 197, plugin.sp::AttemptInstantDefuse
L 08/12/2021 - 17:47:32: [SM]   [2] Line 104, plugin.sp::Event_BombBeginDefusePlusFrame
L 08/12/2021 - 17:49:28: [SM] Exception reported: Language phrase "InstaDefuseSuccessful" not found (arg 5)
L 08/12/2021 - 17:49:28: [SM] Blaming: retakes-instadefuse.smx
L 08/12/2021 - 17:49:28: [SM] Call stack trace:
L 08/12/2021 - 17:49:28: [SM]   [0] PrintToChat
L 08/12/2021 - 17:49:28: [SM]   [1] Line 197, plugin.sp::AttemptInstantDefuse
L 08/12/2021 - 17:49:28: [SM]   [2] Line 104, plugin.sp::Event_BombBeginDefusePlusFrame
L 08/12/2021 - 17:49:48: [SM] Exception reported: Language phrase "InstaDefuseSuccessful" not found (arg 5)
L 08/12/2021 - 17:49:48: [SM] Blaming: retakes-instadefuse.smx
L 08/12/2021 - 17:49:48: [SM] Call stack trace:
L 08/12/2021 - 17:49:48: [SM]   [0] PrintToChat
L 08/12/2021 - 17:49:48: [SM]   [1] Line 197, plugin.sp::AttemptInstantDefuse
L 08/12/2021 - 17:49:48: [SM]   [2] Line 104, plugin.sp::Event_BombBeginDefusePlusFrame
L 08/12/2021 - 17:51:19: [SM] Exception reported: Language phrase "InstaDefuseSuccessful" not found (arg 5)
L 08/12/2021 - 17:51:19: [SM] Blaming: retakes-instadefuse.smx
L 08/12/2021 - 17:51:19: [SM] Call stack trace:
L 08/12/2021 - 17:51:19: [SM]   [0] PrintToChat
L 08/12/2021 - 17:51:19: [SM]   [1] Line 197, plugin.sp::AttemptInstantDefuse
L 08/12/2021 - 17:51:19: [SM]   [2] Line 104, plugin.sp::Event_BombBeginDefusePlusFrame
L 08/12/2021 - 17:51:35: [SM] Exception reported: Language phrase "InstaDefuseSuccessful" not found (arg 5)
L 08/12/2021 - 17:51:35: [SM] Blaming: retakes-instadefuse.smx
L 08/12/2021 - 17:51:35: [SM] Call stack trace:
L 08/12/2021 - 17:51:35: [SM]   [0] PrintToChat
L 08/12/2021 - 17:51:35: [SM]   [1] Line 197, plugin.sp::AttemptInstantDefuse
L 08/12/2021 - 17:51:35: [SM]   [2] Line 104, plugin.sp::Event_BombBeginDefusePlusFrame
L 08/12/2021 - 17:51:36: [SM] Exception reported: Language phrase "InstaDefuseSuccessful" not found (arg 5)
L 08/12/2021 - 17:51:36: [SM] Blaming: retakes-instadefuse.smx
L 08/12/2021 - 17:51:36: [SM] Call stack trace:
L 08/12/2021 - 17:51:36: [SM]   [0] PrintToChat
L 08/12/2021 - 17:51:36: [SM]   [1] Line 197, plugin.sp::AttemptInstantDefuse
L 08/12/2021 - 17:51:36: [SM]   [2] Line 104, plugin.sp::Event_BombBeginDefusePlusFrame
L 08/12/2021 - 17:52:14: [SM] Exception reported: Language phrase "InstaDefuseSuccessful" not found (arg 5)
L 08/12/2021 - 17:52:14: [SM] Blaming: retakes-instadefuse.smx
L 08/12/2021 - 17:52:14: [SM] Call stack trace:
L 08/12/2021 - 17:52:14: [SM]   [0] PrintToChat
L 08/12/2021 - 17:52:14: [SM]   [1] Line 197, plugin.sp::AttemptInstantDefuse
L 08/12/2021 - 17:52:14: [SM]   [2] Line 104, plugin.sp::Event_BombBeginDefusePlusFrame
L 08/12/2021 - 17:52:57: [SM] Exception reported: Client 3 is not connected
L 08/12/2021 - 17:52:57: [SM] Blaming: kento_rankme.smx
L 08/12/2021 - 17:52:57: [SM] Call stack trace:
L 08/12/2021 - 17:52:57: [SM]   [0] GetClientName
L 08/12/2021 - 17:52:57: [SM]   [1] Line 1837, D:\csgoserver\csgo\addons\sourcemod\scripting\kento_rankme.sp::RankConnectCallback
L 08/12/2021 - 17:52:57: [SM]   [3] Call_Finish
L 08/12/2021 - 17:52:57: [SM]   [4] Line 175, D:\csgoserver\csgo\addons\sourcemod\scripting\include\kento_rankme/natives.inc::CallRankCallback
L 08/12/2021 - 17:52:57: [SM]   [5] Line 155, D:\csgoserver\csgo\addons\sourcemod\scripting\include\kento_rankme/natives.inc::SQL_GetRankCallback
L 08/12/2021 - 17:54:39: [SM] Exception reported: Language phrase "InstaDefuseSuccessful" not found (arg 5)
L 08/12/2021 - 17:54:39: [SM] Blaming: retakes-instadefuse.smx
L 08/12/2021 - 17:54:39: [SM] Call stack trace:
L 08/12/2021 - 17:54:39: [SM]   [0] PrintToChat
L 08/12/2021 - 17:54:39: [SM]   [1] Line 197, plugin.sp::AttemptInstantDefuse
L 08/12/2021 - 17:54:39: [SM]   [2] Line 104, plugin.sp::Event_BombBeginDefusePlusFrame
L 08/12/2021 - 17:55:43: [SM] Exception reported: Language phrase "InstaDefuseSuccessful" not found (arg 5)
L 08/12/2021 - 17:55:43: [SM] Blaming: retakes-instadefuse.smx
L 08/12/2021 - 17:55:43: [SM] Call stack trace:
L 08/12/2021 - 17:55:43: [SM]   [0] PrintToChat
L 08/12/2021 - 17:55:43: [SM]   [1] Line 197, plugin.sp::AttemptInstantDefuse
L 08/12/2021 - 17:55:43: [SM]   [2] Line 104, plugin.sp::Event_BombBeginDefusePlusFrame
L 08/12/2021 - 17:55:58: [SM] Exception reported: Language phrase "InstaDefuseSuccessful" not found (arg 5)
L 08/12/2021 - 17:55:58: [SM] Blaming: retakes-instadefuse.smx
L 08/12/2021 - 17:55:58: [SM] Call stack trace:
L 08/12/2021 - 17:55:58: [SM]   [0] PrintToChat
L 08/12/2021 - 17:55:58: [SM]   [1] Line 197, plugin.sp::AttemptInstantDefuse
L 08/12/2021 - 17:55:58: [SM]   [2] Line 104, plugin.sp::Event_BombBeginDefusePlusFrame
L 08/12/2021 - 17:56:22: [SM] Exception reported: Language phrase "InstaDefuseSuccessful" not found (arg 5)
L 08/12/2021 - 17:56:22: [SM] Blaming: retakes-instadefuse.smx
L 08/12/2021 - 17:56:22: [SM] Call stack trace:
L 08/12/2021 - 17:56:22: [SM]   [0] PrintToChat
L 08/12/2021 - 17:56:22: [SM]   [1] Line 197, plugin.sp::AttemptInstantDefuse
L 08/12/2021 - 17:56:22: [SM]   [2] Line 104, plugin.sp::Event_BombBeginDefusePlusFrame
L 08/12/2021 - 17:57:29: [SM] Exception reported: Language phrase "InstaDefuseSuccessful" not found (arg 5)
L 08/12/2021 - 17:57:29: [SM] Blaming: retakes-instadefuse.smx
L 08/12/2021 - 17:57:29: [SM] Call stack trace:
L 08/12/2021 - 17:57:29: [SM]   [0] PrintToChat
L 08/12/2021 - 17:57:29: [SM]   [1] Line 197, plugin.sp::AttemptInstantDefuse
L 08/12/2021 - 17:57:29: [SM]   [2] Line 104, plugin.sp::Event_BombBeginDefusePlusFrame
L 08/12/2021 - 17:58:04: [SM] Exception reported: Language phrase "InstaDefuseSuccessful" not found (arg 5)
L 08/12/2021 - 17:58:04: [SM] Blaming: retakes-instadefuse.smx
L 08/12/2021 - 17:58:04: [SM] Call stack trace:
L 08/12/2021 - 17:58:04: [SM]   [0] PrintToChat
L 08/12/2021 - 17:58:04: [SM]   [1] Line 197, plugin.sp::AttemptInstantDefuse
L 08/12/2021 - 17:58:04: [SM]   [2] Line 104, plugin.sp::Event_BombBeginDefusePlusFrame
L 08/12/2021 - 17:58:30: [SM] Exception reported: Language phrase "InstaDefuseSuccessful" not found (arg 5)
L 08/12/2021 - 17:58:30: [SM] Blaming: retakes-instadefuse.smx
L 08/12/2021 - 17:58:30: [SM] Call stack trace:
L 08/12/2021 - 17:58:30: [SM]   [0] PrintToChat
L 08/12/2021 - 17:58:30: [SM]   [1] Line 197, plugin.sp::AttemptInstantDefuse
L 08/12/2021 - 17:58:30: [SM]   [2] Line 104, plugin.sp::Event_BombBeginDefusePlusFrame
L 08/12/2021 - 17:59:08: [SM] Exception reported: Language phrase "InstaDefuseSuccessful" not found (arg 5)
L 08/12/2021 - 17:59:08: [SM] Blaming: retakes-instadefuse.smx
L 08/12/2021 - 17:59:08: [SM] Call stack trace:
L 08/12/2021 - 17:59:08: [SM]   [0] PrintToChat
L 08/12/2021 - 17:59:08: [SM]   [1] Line 197, plugin.sp::AttemptInstantDefuse
L 08/12/2021 - 17:59:08: [SM]   [2] Line 104, plugin.sp::Event_BombBeginDefusePlusFrame
L 08/12/2021 - 17:59:35: [SM] Exception reported: Language phrase "InstaDefuseSuccessful" not found (arg 5)
L 08/12/2021 - 17:59:35: [SM] Blaming: retakes-instadefuse.smx
L 08/12/2021 - 17:59:35: [SM] Call stack trace:
L 08/12/2021 - 17:59:35: [SM]   [0] PrintToChat
L 08/12/2021 - 17:59:35: [SM]   [1] Line 197, plugin.sp::AttemptInstantDefuse
L 08/12/2021 - 17:59:35: [SM]   [2] Line 104, plugin.sp::Event_BombBeginDefusePlusFrame
L 08/12/2021 - 18:00:43: [SM] Exception reported: Language phrase "InstaDefuseSuccessful" not found (arg 5)
L 08/12/2021 - 18:00:43: [SM] Blaming: retakes-instadefuse.smx
L 08/12/2021 - 18:00:43: [SM] Call stack trace:
L 08/12/2021 - 18:00:43: [SM]   [0] PrintToChat
L 08/12/2021 - 18:00:43: [SM]   [1] Line 197, plugin.sp::AttemptInstantDefuse
L 08/12/2021 - 18:00:43: [SM]   [2] Line 104, plugin.sp::Event_BombBeginDefusePlusFrame
L 08/12/2021 - 18:01:03: [SM] Exception reported: Language phrase "InstaDefuseSuccessful" not found (arg 5)
L 08/12/2021 - 18:01:03: [SM] Blaming: retakes-instadefuse.smx
L 08/12/2021 - 18:01:03: [SM] Call stack trace:
L 08/12/2021 - 18:01:03: [SM]   [0] PrintToChat
L 08/12/2021 - 18:01:03: [SM]   [1] Line 197, plugin.sp::AttemptInstantDefuse
L 08/12/2021 - 18:01:03: [SM]   [2] Line 104, plugin.sp::Event_BombBeginDefusePlusFrame
L 08/12/2021 - 18:02:07: [SM] Exception reported: Language phrase "InstaDefuseSuccessful" not found (arg 5)
L 08/12/2021 - 18:02:07: [SM] Blaming: retakes-instadefuse.smx
L 08/12/2021 - 18:02:07: [SM] Call stack trace:
L 08/12/2021 - 18:02:07: [SM]   [0] PrintToChat
L 08/12/2021 - 18:02:07: [SM]   [1] Line 197, plugin.sp::AttemptInstantDefuse
L 08/12/2021 - 18:02:07: [SM]   [2] Line 104, plugin.sp::Event_BombBeginDefusePlusFrame
L 08/12/2021 - 18:02:22: [SM] Exception reported: Language phrase "InstaDefuseSuccessful" not found (arg 5)
L 08/12/2021 - 18:02:22: [SM] Blaming: retakes-instadefuse.smx
L 08/12/2021 - 18:02:22: [SM] Call stack trace:
L 08/12/2021 - 18:02:22: [SM]   [0] PrintToChat
L 08/12/2021 - 18:02:22: [SM]   [1] Line 197, plugin.sp::AttemptInstantDefuse
L 08/12/2021 - 18:02:22: [SM]   [2] Line 104, plugin.sp::Event_BombBeginDefusePlusFrame
L 08/12/2021 - 18:02:24: [SM] Exception reported: Language phrase "InstaDefuseSuccessful" not found (arg 5)
L 08/12/2021 - 18:02:24: [SM] Blaming: retakes-instadefuse.smx
L 08/12/2021 - 18:02:24: [SM] Call stack trace:
L 08/12/2021 - 18:02:24: [SM]   [0] PrintToChat
L 08/12/2021 - 18:02:24: [SM]   [1] Line 197, plugin.sp::AttemptInstantDefuse
L 08/12/2021 - 18:02:24: [SM]   [2] Line 104, plugin.sp::Event_BombBeginDefusePlusFrame
L 08/12/2021 - 18:03:09: [SM] Exception reported: Language phrase "InstaDefuseUnsuccessful" not found (arg 5)
L 08/12/2021 - 18:03:09: [SM] Blaming: retakes-instadefuse.smx
L 08/12/2021 - 18:03:09: [SM] Call stack trace:
L 08/12/2021 - 18:03:09: [SM]   [0] PrintToChat
L 08/12/2021 - 18:03:09: [SM]   [1] Line 143, plugin.sp::AttemptInstantDefuse
L 08/12/2021 - 18:03:09: [SM]   [2] Line 104, plugin.sp::Event_BombBeginDefusePlusFrame
L 08/12/2021 - 18:03:09: [SM] Exception reported: Language phrase "InstaDefuseUnsuccessful" not found (arg 5)
L 08/12/2021 - 18:03:09: [SM] Blaming: retakes-instadefuse.smx
L 08/12/2021 - 18:03:09: [SM] Call stack trace:
L 08/12/2021 - 18:03:09: [SM]   [0] PrintToChat
L 08/12/2021 - 18:03:09: [SM]   [1] Line 143, plugin.sp::AttemptInstantDefuse
L 08/12/2021 - 18:03:09: [SM]   [2] Line 104, plugin.sp::Event_BombBeginDefusePlusFrame
L 08/12/2021 - 18:03:10: [SM] Exception reported: Language phrase "InstaDefuseUnsuccessful" not found (arg 5)
L 08/12/2021 - 18:03:10: [SM] Blaming: retakes-instadefuse.smx
L 08/12/2021 - 18:03:10: [SM] Call stack trace:
L 08/12/2021 - 18:03:10: [SM]   [0] PrintToChat
L 08/12/2021 - 18:03:10: [SM]   [1] Line 143, plugin.sp::AttemptInstantDefuse
L 08/12/2021 - 18:03:10: [SM]   [2] Line 104, plugin.sp::Event_BombBeginDefusePlusFrame
L 08/12/2021 - 18:03:10: [SM] Exception reported: Language phrase "InstaDefuseUnsuccessful" not found (arg 5)
L 08/12/2021 - 18:03:10: [SM] Blaming: retakes-instadefuse.smx
L 08/12/2021 - 18:03:10: [SM] Call stack trace:
L 08/12/2021 - 18:03:10: [SM]   [0] PrintToChat
L 08/12/2021 - 18:03:10: [SM]   [1] Line 143, plugin.sp::AttemptInstantDefuse
L 08/12/2021 - 18:03:10: [SM]   [2] Line 104, plugin.sp::Event_BombBeginDefusePlusFrame
L 08/12/2021 - 18:03:10: [SM] Exception reported: Language phrase "InstaDefuseUnsuccessful" not found (arg 5)
L 08/12/2021 - 18:03:10: [SM] Blaming: retakes-instadefuse.smx
L 08/12/2021 - 18:03:10: [SM] Call stack trace:
L 08/12/2021 - 18:03:10: [SM]   [0] PrintToChat
L 08/12/2021 - 18:03:10: [SM]   [1] Line 143, plugin.sp::AttemptInstantDefuse
L 08/12/2021 - 18:03:10: [SM]   [2] Line 104, plugin.sp::Event_BombBeginDefusePlusFrame
L 08/12/2021 - 18:03:10: [SM] Exception reported: Language phrase "InstaDefuseUnsuccessful" not found (arg 5)
L 08/12/2021 - 18:03:10: [SM] Blaming: retakes-instadefuse.smx
L 08/12/2021 - 18:03:10: [SM] Call stack trace:
L 08/12/2021 - 18:03:10: [SM]   [0] PrintToChat
L 08/12/2021 - 18:03:10: [SM]   [1] Line 143, plugin.sp::AttemptInstantDefuse
L 08/12/2021 - 18:03:10: [SM]   [2] Line 104, plugin.sp::Event_BombBeginDefusePlusFrame
L 08/12/2021 - 18:03:39: [SM] Exception reported: Language phrase "InstaDefuseSuccessful" not found (arg 5)
L 08/12/2021 - 18:03:39: [SM] Blaming: retakes-instadefuse.smx
L 08/12/2021 - 18:03:39: [SM] Call stack trace:
L 08/12/2021 - 18:03:39: [SM]   [0] PrintToChat
L 08/12/2021 - 18:03:39: [SM]   [1] Line 197, plugin.sp::AttemptInstantDefuse
L 08/12/2021 - 18:03:39: [SM]   [2] Line 104, plugin.sp::Event_BombBeginDefusePlusFrame
L 08/12/2021 - 18:04:26: [SM] Exception reported: Language phrase "InstaDefuseSuccessful" not found (arg 5)
L 08/12/2021 - 18:04:26: [SM] Blaming: retakes-instadefuse.smx
L 08/12/2021 - 18:04:26: [SM] Call stack trace:
L 08/12/2021 - 18:04:26: [SM]   [0] PrintToChat
L 08/12/2021 - 18:04:26: [SM]   [1] Line 197, plugin.sp::AttemptInstantDefuse
L 08/12/2021 - 18:04:26: [SM]   [2] Line 104, plugin.sp::Event_BombBeginDefusePlusFrame
L 08/12/2021 - 18:04:26: [SM] Exception reported: Language phrase "InstaDefuseSuccessful" not found (arg 5)
L 08/12/2021 - 18:04:26: [SM] Blaming: retakes-instadefuse.smx
L 08/12/2021 - 18:04:26: [SM] Call stack trace:
L 08/12/2021 - 18:04:26: [SM]   [0] PrintToChat
L 08/12/2021 - 18:04:26: [SM]   [1] Line 197, plugin.sp::AttemptInstantDefuse
L 08/12/2021 - 18:04:26: [SM]   [2] Line 104, plugin.sp::Event_BombBeginDefusePlusFrame
