L 08/26/2021 - 19:21:15: SourceMod error session started
L 08/26/2021 - 19:21:15: Info (map "de_dust2") (file "E:\retake\csgoserver\csgo\addons\sourcemod\logs\errors_20210826.log")
L 08/26/2021 - 19:21:15: [SM] Unable to load plugin "bot_inventory.smx": Native "eItems_AreItemsSynced" was not found
L 08/26/2021 - 19:21:15: [SM] Unable to load plugin "bot_stuff.smx": Could not find required plugin "navmesh"
L 08/26/2021 - 19:21:16: [SM] Fatal error encountered parsing translation file "ranks_matchmaking.phrases.txt"
L 08/26/2021 - 19:21:16: [SM] Error (line 0, column 0): Stream failed to open
L 08/26/2021 - 19:21:16: [SM] Fatal error encountered parsing translation file "instadefuse.phrases.txt"
L 08/26/2021 - 19:21:16: [SM] Error (line 0, column 0): Stream failed to open
L 08/26/2021 - 19:21:35: [SM] Exception reported: Language phrase "Unranked" not found (arg 5)
L 08/26/2021 - 19:21:35: [SM] Blaming: ranks_matchmaking.smx
L 08/26/2021 - 19:21:35: [SM] Call stack trace:
L 08/26/2021 - 19:21:35: [SM]   [0] FormatEx
L 08/26/2021 - 19:21:35: [SM]   [1] Line 174, ranks_matchmaking.sp::GetRanksNames
L 08/26/2021 - 19:21:35: [SM]   [2] Line 169, ranks_matchmaking.sp::OnMapStart
L 08/26/2021 - 19:22:43: SourceMod error session started
L 08/26/2021 - 19:22:43: Info (map "de_dust2") (file "E:\retake\csgoserver\csgo\addons\sourcemod\logs\errors_20210826.log")
L 08/26/2021 - 19:22:43: [SM] Unable to load plugin "bot_inventory.smx": Native "eItems_AreItemsSynced" was not found
L 08/26/2021 - 19:22:43: [SM] Unable to load plugin "bot_stuff.smx": Could not find required plugin "navmesh"
L 08/26/2021 - 19:22:43: [SM] Fatal error encountered parsing translation file "ranks_matchmaking.phrases.txt"
L 08/26/2021 - 19:22:43: [SM] Error (line 0, column 0): Stream failed to open
L 08/26/2021 - 19:22:43: [SM] Fatal error encountered parsing translation file "instadefuse.phrases.txt"
L 08/26/2021 - 19:22:43: [SM] Error (line 0, column 0): Stream failed to open
L 08/26/2021 - 19:22:45: [SM] Exception reported: Language phrase "Unranked" not found (arg 5)
L 08/26/2021 - 19:22:45: [SM] Blaming: ranks_matchmaking.smx
L 08/26/2021 - 19:22:45: [SM] Call stack trace:
L 08/26/2021 - 19:22:45: [SM]   [0] FormatEx
L 08/26/2021 - 19:22:45: [SM]   [1] Line 174, ranks_matchmaking.sp::GetRanksNames
L 08/26/2021 - 19:22:45: [SM]   [2] Line 169, ranks_matchmaking.sp::OnMapStart
L 08/26/2021 - 19:23:14: Error log file session closed.
L 08/26/2021 - 19:23:14: SourceMod error session started
L 08/26/2021 - 19:23:14: Info (map "de_dust2") (file "E:\retake\csgoserver\csgo\addons\sourcemod\logs\errors_20210826.log")
L 08/26/2021 - 19:23:14: [SM] Fatal error encountered parsing translation file "ranks_matchmaking.phrases.txt"
L 08/26/2021 - 19:23:14: [SM] Error (line 0, column 0): Stream failed to open
L 08/26/2021 - 19:23:14: [SM] Fatal error encountered parsing translation file "instadefuse.phrases.txt"
L 08/26/2021 - 19:23:14: [SM] Error (line 0, column 0): Stream failed to open
L 08/26/2021 - 19:23:15: [SM] Exception reported: Language phrase "Unranked" not found (arg 5)
L 08/26/2021 - 19:23:15: [SM] Blaming: ranks_matchmaking.smx
L 08/26/2021 - 19:23:15: [SM] Call stack trace:
L 08/26/2021 - 19:23:15: [SM]   [0] FormatEx
L 08/26/2021 - 19:23:15: [SM]   [1] Line 174, ranks_matchmaking.sp::GetRanksNames
L 08/26/2021 - 19:23:15: [SM]   [2] Line 169, ranks_matchmaking.sp::OnMapStart
L 08/26/2021 - 19:23:17: [nextmap.smx] FATAL: Cannot load map cycle. Nextmap not loaded.
L 08/26/2021 - 19:23:17: [SM] Exception reported: Mapcycle Not Found
L 08/26/2021 - 19:23:17: [SM] Blaming: nextmap.smx
L 08/26/2021 - 19:23:17: [SM] Call stack trace:
L 08/26/2021 - 19:23:17: [SM]   [0] SetFailState
L 08/26/2021 - 19:23:17: [SM]   [1] Line 143, D:\builds\build-sourcemod-msvc12\windows-1.11\build\plugins\nextmap.sp::FindAndSetNextMap
L 08/26/2021 - 19:23:17: [SM]   [2] Line 113, D:\builds\build-sourcemod-msvc12\windows-1.11\build\plugins\nextmap.sp::OnConfigsExecuted
L 08/26/2021 - 19:24:53: SourceMod error session started
L 08/26/2021 - 19:24:53: Info (map "de_dust2") (file "E:\retake\csgoserver\csgo\addons\sourcemod\logs\errors_20210826.log")
L 08/26/2021 - 19:24:53: [SM] Unable to load plugin "bot_inventory.smx": Native "eItems_AreItemsSynced" was not found
L 08/26/2021 - 19:24:53: [SM] Unable to load plugin "bot_stuff.smx": Could not find required plugin "navmesh"
L 08/26/2021 - 19:24:53: [SM] Fatal error encountered parsing translation file "ranks_matchmaking.phrases.txt"
L 08/26/2021 - 19:24:53: [SM] Error (line 0, column 0): Stream failed to open
L 08/26/2021 - 19:24:53: [SM] Fatal error encountered parsing translation file "instadefuse.phrases.txt"
L 08/26/2021 - 19:24:53: [SM] Error (line 0, column 0): Stream failed to open
L 08/26/2021 - 19:24:55: [SM] Exception reported: Language phrase "Unranked" not found (arg 5)
L 08/26/2021 - 19:24:55: [SM] Blaming: ranks_matchmaking.smx
L 08/26/2021 - 19:24:55: [SM] Call stack trace:
L 08/26/2021 - 19:24:55: [SM]   [0] FormatEx
L 08/26/2021 - 19:24:55: [SM]   [1] Line 174, ranks_matchmaking.sp::GetRanksNames
L 08/26/2021 - 19:24:55: [SM]   [2] Line 169, ranks_matchmaking.sp::OnMapStart
L 08/26/2021 - 19:25:14: [nextmap.smx] FATAL: Cannot load map cycle. Nextmap not loaded.
L 08/26/2021 - 19:25:14: [SM] Exception reported: Mapcycle Not Found
L 08/26/2021 - 19:25:14: [SM] Blaming: nextmap.smx
L 08/26/2021 - 19:25:14: [SM] Call stack trace:
L 08/26/2021 - 19:25:14: [SM]   [0] SetFailState
L 08/26/2021 - 19:25:14: [SM]   [1] Line 143, D:\builds\build-sourcemod-msvc12\windows-1.11\build\plugins\nextmap.sp::FindAndSetNextMap
L 08/26/2021 - 19:25:14: [SM]   [2] Line 113, D:\builds\build-sourcemod-msvc12\windows-1.11\build\plugins\nextmap.sp::OnConfigsExecuted
L 08/26/2021 - 19:25:18: Error log file session closed.
L 08/26/2021 - 19:25:18: SourceMod error session started
L 08/26/2021 - 19:25:18: Info (map "de_dust2") (file "E:\retake\csgoserver\csgo\addons\sourcemod\logs\errors_20210826.log")
L 08/26/2021 - 19:25:18: [SM] Fatal error encountered parsing translation file "ranks_matchmaking.phrases.txt"
L 08/26/2021 - 19:25:18: [SM] Error (line 0, column 0): Stream failed to open
L 08/26/2021 - 19:25:18: [SM] Fatal error encountered parsing translation file "instadefuse.phrases.txt"
L 08/26/2021 - 19:25:18: [SM] Error (line 0, column 0): Stream failed to open
L 08/26/2021 - 19:25:18: [SM] Exception reported: Language phrase "Unranked" not found (arg 5)
L 08/26/2021 - 19:25:18: [SM] Blaming: ranks_matchmaking.smx
L 08/26/2021 - 19:25:18: [SM] Call stack trace:
L 08/26/2021 - 19:25:18: [SM]   [0] FormatEx
L 08/26/2021 - 19:25:18: [SM]   [1] Line 174, ranks_matchmaking.sp::GetRanksNames
L 08/26/2021 - 19:25:18: [SM]   [2] Line 169, ranks_matchmaking.sp::OnMapStart
L 08/26/2021 - 19:25:19: [nextmap.smx] FATAL: Cannot load map cycle. Nextmap not loaded.
L 08/26/2021 - 19:25:19: [SM] Exception reported: Mapcycle Not Found
L 08/26/2021 - 19:25:19: [SM] Blaming: nextmap.smx
L 08/26/2021 - 19:25:19: [SM] Call stack trace:
L 08/26/2021 - 19:25:19: [SM]   [0] SetFailState
L 08/26/2021 - 19:25:19: [SM]   [1] Line 143, D:\builds\build-sourcemod-msvc12\windows-1.11\build\plugins\nextmap.sp::FindAndSetNextMap
L 08/26/2021 - 19:25:19: [SM]   [2] Line 113, D:\builds\build-sourcemod-msvc12\windows-1.11\build\plugins\nextmap.sp::OnConfigsExecuted
L 08/26/2021 - 19:26:23: [SM] Exception reported: Language phrase "InstaDefuseSuccessful" not found (arg 5)
L 08/26/2021 - 19:26:23: [SM] Blaming: retakes-instadefuse.smx
L 08/26/2021 - 19:26:23: [SM] Call stack trace:
L 08/26/2021 - 19:26:23: [SM]   [0] PrintToChat
L 08/26/2021 - 19:26:23: [SM]   [1] Line 197, plugin.sp::AttemptInstantDefuse
L 08/26/2021 - 19:26:23: [SM]   [2] Line 104, plugin.sp::Event_BombBeginDefusePlusFrame
L 08/26/2021 - 19:26:43: [SM] Exception reported: Language phrase "InstaDefuseSuccessful" not found (arg 5)
L 08/26/2021 - 19:26:43: [SM] Blaming: retakes-instadefuse.smx
L 08/26/2021 - 19:26:43: [SM] Call stack trace:
L 08/26/2021 - 19:26:43: [SM]   [0] PrintToChat
L 08/26/2021 - 19:26:43: [SM]   [1] Line 197, plugin.sp::AttemptInstantDefuse
L 08/26/2021 - 19:26:43: [SM]   [2] Line 104, plugin.sp::Event_BombBeginDefusePlusFrame
L 08/26/2021 - 19:27:12: [SM] Exception reported: Language phrase "InstaDefuseSuccessful" not found (arg 5)
L 08/26/2021 - 19:27:12: [SM] Blaming: retakes-instadefuse.smx
L 08/26/2021 - 19:27:12: [SM] Call stack trace:
L 08/26/2021 - 19:27:12: [SM]   [0] PrintToChat
L 08/26/2021 - 19:27:12: [SM]   [1] Line 197, plugin.sp::AttemptInstantDefuse
L 08/26/2021 - 19:27:12: [SM]   [2] Line 104, plugin.sp::Event_BombBeginDefusePlusFrame
L 08/26/2021 - 19:27:47: [SM] Exception reported: Language phrase "InstaDefuseSuccessful" not found (arg 5)
L 08/26/2021 - 19:27:47: [SM] Blaming: retakes-instadefuse.smx
L 08/26/2021 - 19:27:47: [SM] Call stack trace:
L 08/26/2021 - 19:27:47: [SM]   [0] PrintToChat
L 08/26/2021 - 19:27:47: [SM]   [1] Line 197, plugin.sp::AttemptInstantDefuse
L 08/26/2021 - 19:27:47: [SM]   [2] Line 104, plugin.sp::Event_BombBeginDefusePlusFrame
L 08/26/2021 - 19:28:29: [SM] Exception reported: Language phrase "InstaDefuseUnsuccessful" not found (arg 5)
L 08/26/2021 - 19:28:29: [SM] Blaming: retakes-instadefuse.smx
L 08/26/2021 - 19:28:29: [SM] Call stack trace:
L 08/26/2021 - 19:28:29: [SM]   [0] PrintToChat
L 08/26/2021 - 19:28:29: [SM]   [1] Line 143, plugin.sp::AttemptInstantDefuse
L 08/26/2021 - 19:28:29: [SM]   [2] Line 104, plugin.sp::Event_BombBeginDefusePlusFrame
L 08/26/2021 - 19:28:29: [SM] Exception reported: Language phrase "InstaDefuseUnsuccessful" not found (arg 5)
L 08/26/2021 - 19:28:29: [SM] Blaming: retakes-instadefuse.smx
L 08/26/2021 - 19:28:29: [SM] Call stack trace:
L 08/26/2021 - 19:28:29: [SM]   [0] PrintToChat
L 08/26/2021 - 19:28:29: [SM]   [1] Line 143, plugin.sp::AttemptInstantDefuse
L 08/26/2021 - 19:28:29: [SM]   [2] Line 104, plugin.sp::Event_BombBeginDefusePlusFrame
L 08/26/2021 - 19:28:29: [SM] Exception reported: Language phrase "InstaDefuseUnsuccessful" not found (arg 5)
L 08/26/2021 - 19:28:29: [SM] Blaming: retakes-instadefuse.smx
L 08/26/2021 - 19:28:29: [SM] Call stack trace:
L 08/26/2021 - 19:28:30: [SM]   [0] PrintToChat
L 08/26/2021 - 19:28:30: [SM]   [1] Line 143, plugin.sp::AttemptInstantDefuse
L 08/26/2021 - 19:28:30: [SM]   [2] Line 104, plugin.sp::Event_BombBeginDefusePlusFrame
L 08/26/2021 - 19:28:30: [SM] Exception reported: Language phrase "InstaDefuseUnsuccessful" not found (arg 5)
L 08/26/2021 - 19:28:30: [SM] Blaming: retakes-instadefuse.smx
L 08/26/2021 - 19:28:30: [SM] Call stack trace:
L 08/26/2021 - 19:28:30: [SM]   [0] PrintToChat
L 08/26/2021 - 19:28:30: [SM]   [1] Line 143, plugin.sp::AttemptInstantDefuse
L 08/26/2021 - 19:28:30: [SM]   [2] Line 104, plugin.sp::Event_BombBeginDefusePlusFrame
L 08/26/2021 - 19:29:03: [SM] Exception reported: Language phrase "InstaDefuseSuccessful" not found (arg 5)
L 08/26/2021 - 19:29:03: [SM] Blaming: retakes-instadefuse.smx
L 08/26/2021 - 19:29:03: [SM] Call stack trace:
L 08/26/2021 - 19:29:03: [SM]   [0] PrintToChat
L 08/26/2021 - 19:29:03: [SM]   [1] Line 197, plugin.sp::AttemptInstantDefuse
L 08/26/2021 - 19:29:03: [SM]   [2] Line 104, plugin.sp::Event_BombBeginDefusePlusFrame
L 08/26/2021 - 19:29:54: [SM] Exception reported: Language phrase "InstaDefuseSuccessful" not found (arg 5)
L 08/26/2021 - 19:29:54: [SM] Blaming: retakes-instadefuse.smx
L 08/26/2021 - 19:29:54: [SM] Call stack trace:
L 08/26/2021 - 19:29:54: [SM]   [0] PrintToChat
L 08/26/2021 - 19:29:54: [SM]   [1] Line 197, plugin.sp::AttemptInstantDefuse
L 08/26/2021 - 19:29:54: [SM]   [2] Line 104, plugin.sp::Event_BombBeginDefusePlusFrame
L 08/26/2021 - 19:30:41: [SM] Exception reported: Language phrase "InstaDefuseSuccessful" not found (arg 5)
L 08/26/2021 - 19:30:41: [SM] Blaming: retakes-instadefuse.smx
L 08/26/2021 - 19:30:41: [SM] Call stack trace:
L 08/26/2021 - 19:30:41: [SM]   [0] PrintToChat
L 08/26/2021 - 19:30:41: [SM]   [1] Line 197, plugin.sp::AttemptInstantDefuse
L 08/26/2021 - 19:30:41: [SM]   [2] Line 104, plugin.sp::Event_BombBeginDefusePlusFrame
L 08/26/2021 - 19:31:40: [SM] Exception reported: Language phrase "InstaDefuseSuccessful" not found (arg 5)
L 08/26/2021 - 19:31:40: [SM] Blaming: retakes-instadefuse.smx
L 08/26/2021 - 19:31:40: [SM] Call stack trace:
L 08/26/2021 - 19:31:40: [SM]   [0] PrintToChat
L 08/26/2021 - 19:31:40: [SM]   [1] Line 197, plugin.sp::AttemptInstantDefuse
L 08/26/2021 - 19:31:40: [SM]   [2] Line 104, plugin.sp::Event_BombBeginDefusePlusFrame
L 08/26/2021 - 19:32:38: [SM] Exception reported: Language phrase "InstaDefuseSuccessful" not found (arg 5)
L 08/26/2021 - 19:32:38: [SM] Blaming: retakes-instadefuse.smx
L 08/26/2021 - 19:32:38: [SM] Call stack trace:
L 08/26/2021 - 19:32:38: [SM]   [0] PrintToChat
L 08/26/2021 - 19:32:38: [SM]   [1] Line 197, plugin.sp::AttemptInstantDefuse
L 08/26/2021 - 19:32:38: [SM]   [2] Line 104, plugin.sp::Event_BombBeginDefusePlusFrame
L 08/26/2021 - 19:33:00: [SM] Exception reported: Language phrase "InstaDefuseSuccessful" not found (arg 5)
L 08/26/2021 - 19:33:00: [SM] Blaming: retakes-instadefuse.smx
L 08/26/2021 - 19:33:00: [SM] Call stack trace:
L 08/26/2021 - 19:33:00: [SM]   [0] PrintToChat
L 08/26/2021 - 19:33:00: [SM]   [1] Line 197, plugin.sp::AttemptInstantDefuse
L 08/26/2021 - 19:33:00: [SM]   [2] Line 104, plugin.sp::Event_BombBeginDefusePlusFrame
L 08/26/2021 - 19:33:25: [SM] Exception reported: Language phrase "InstaDefuseSuccessful" not found (arg 5)
L 08/26/2021 - 19:33:25: [SM] Blaming: retakes-instadefuse.smx
L 08/26/2021 - 19:33:25: [SM] Call stack trace:
L 08/26/2021 - 19:33:25: [SM]   [0] PrintToChat
L 08/26/2021 - 19:33:25: [SM]   [1] Line 197, plugin.sp::AttemptInstantDefuse
L 08/26/2021 - 19:33:25: [SM]   [2] Line 104, plugin.sp::Event_BombBeginDefusePlusFrame
L 08/26/2021 - 19:34:57: [SM] Exception reported: Language phrase "InstaDefuseSuccessful" not found (arg 5)
L 08/26/2021 - 19:34:57: [SM] Blaming: retakes-instadefuse.smx
L 08/26/2021 - 19:34:57: [SM] Call stack trace:
L 08/26/2021 - 19:34:57: [SM]   [0] PrintToChat
L 08/26/2021 - 19:34:57: [SM]   [1] Line 197, plugin.sp::AttemptInstantDefuse
L 08/26/2021 - 19:34:57: [SM]   [2] Line 104, plugin.sp::Event_BombBeginDefusePlusFrame
L 08/26/2021 - 19:35:12: [SM] Exception reported: Language phrase "InstaDefuseSuccessful" not found (arg 5)
L 08/26/2021 - 19:35:12: [SM] Blaming: retakes-instadefuse.smx
L 08/26/2021 - 19:35:12: [SM] Call stack trace:
L 08/26/2021 - 19:35:12: [SM]   [0] PrintToChat
L 08/26/2021 - 19:35:12: [SM]   [1] Line 197, plugin.sp::AttemptInstantDefuse
L 08/26/2021 - 19:35:12: [SM]   [2] Line 104, plugin.sp::Event_BombBeginDefusePlusFrame
L 08/26/2021 - 19:36:10: [SM] Exception reported: Language phrase "InstaDefuseSuccessful" not found (arg 5)
L 08/26/2021 - 19:36:10: [SM] Blaming: retakes-instadefuse.smx
L 08/26/2021 - 19:36:10: [SM] Call stack trace:
L 08/26/2021 - 19:36:10: [SM]   [0] PrintToChat
L 08/26/2021 - 19:36:10: [SM]   [1] Line 197, plugin.sp::AttemptInstantDefuse
L 08/26/2021 - 19:36:10: [SM]   [2] Line 104, plugin.sp::Event_BombBeginDefusePlusFrame
L 08/26/2021 - 19:36:45: [SM] Exception reported: Language phrase "InstaDefuseSuccessful" not found (arg 5)
L 08/26/2021 - 19:36:45: [SM] Blaming: retakes-instadefuse.smx
L 08/26/2021 - 19:36:45: [SM] Call stack trace:
L 08/26/2021 - 19:36:45: [SM]   [0] PrintToChat
L 08/26/2021 - 19:36:45: [SM]   [1] Line 197, plugin.sp::AttemptInstantDefuse
L 08/26/2021 - 19:36:45: [SM]   [2] Line 104, plugin.sp::Event_BombBeginDefusePlusFrame
L 08/26/2021 - 19:37:42: [SM] Exception reported: Language phrase "InstaDefuseSuccessful" not found (arg 5)
L 08/26/2021 - 19:37:42: [SM] Blaming: retakes-instadefuse.smx
L 08/26/2021 - 19:37:42: [SM] Call stack trace:
L 08/26/2021 - 19:37:42: [SM]   [0] PrintToChat
L 08/26/2021 - 19:37:42: [SM]   [1] Line 197, plugin.sp::AttemptInstantDefuse
L 08/26/2021 - 19:37:42: [SM]   [2] Line 104, plugin.sp::Event_BombBeginDefusePlusFrame
L 08/26/2021 - 19:38:34: [SM] Exception reported: Language phrase "InstaDefuseSuccessful" not found (arg 5)
L 08/26/2021 - 19:38:34: [SM] Blaming: retakes-instadefuse.smx
L 08/26/2021 - 19:38:34: [SM] Call stack trace:
L 08/26/2021 - 19:38:34: [SM]   [0] PrintToChat
L 08/26/2021 - 19:38:34: [SM]   [1] Line 197, plugin.sp::AttemptInstantDefuse
L 08/26/2021 - 19:38:34: [SM]   [2] Line 104, plugin.sp::Event_BombBeginDefusePlusFrame
L 08/26/2021 - 19:41:07: [SM] Exception reported: Language phrase "InstaDefuseSuccessful" not found (arg 5)
L 08/26/2021 - 19:41:07: [SM] Blaming: retakes-instadefuse.smx
L 08/26/2021 - 19:41:07: [SM] Call stack trace:
L 08/26/2021 - 19:41:07: [SM]   [0] PrintToChat
L 08/26/2021 - 19:41:08: [SM]   [1] Line 197, plugin.sp::AttemptInstantDefuse
L 08/26/2021 - 19:41:08: [SM]   [2] Line 104, plugin.sp::Event_BombBeginDefusePlusFrame
L 08/26/2021 - 19:41:25: [SM] Exception reported: Language phrase "InstaDefuseSuccessful" not found (arg 5)
L 08/26/2021 - 19:41:25: [SM] Blaming: retakes-instadefuse.smx
L 08/26/2021 - 19:41:25: [SM] Call stack trace:
L 08/26/2021 - 19:41:25: [SM]   [0] PrintToChat
L 08/26/2021 - 19:41:25: [SM]   [1] Line 197, plugin.sp::AttemptInstantDefuse
L 08/26/2021 - 19:41:25: [SM]   [2] Line 104, plugin.sp::Event_BombBeginDefusePlusFrame
L 08/26/2021 - 19:41:31: [SM] Exception reported: Language phrase "InstaDefuseSuccessful" not found (arg 5)
L 08/26/2021 - 19:41:31: [SM] Blaming: retakes-instadefuse.smx
L 08/26/2021 - 19:41:31: [SM] Call stack trace:
L 08/26/2021 - 19:41:31: [SM]   [0] PrintToChat
L 08/26/2021 - 19:41:31: [SM]   [1] Line 197, plugin.sp::AttemptInstantDefuse
L 08/26/2021 - 19:41:31: [SM]   [2] Line 104, plugin.sp::Event_BombBeginDefusePlusFrame
L 08/26/2021 - 19:41:59: [SM] Exception reported: Language phrase "InstaDefuseSuccessful" not found (arg 5)
L 08/26/2021 - 19:41:59: [SM] Blaming: retakes-instadefuse.smx
L 08/26/2021 - 19:41:59: [SM] Call stack trace:
L 08/26/2021 - 19:41:59: [SM]   [0] PrintToChat
L 08/26/2021 - 19:41:59: [SM]   [1] Line 197, plugin.sp::AttemptInstantDefuse
L 08/26/2021 - 19:41:59: [SM]   [2] Line 104, plugin.sp::Event_BombBeginDefusePlusFrame
L 08/26/2021 - 19:42:34: [SM] Exception reported: Language phrase "InstaDefuseSuccessful" not found (arg 5)
L 08/26/2021 - 19:42:34: [SM] Blaming: retakes-instadefuse.smx
L 08/26/2021 - 19:42:34: [SM] Call stack trace:
L 08/26/2021 - 19:42:34: [SM]   [0] PrintToChat
L 08/26/2021 - 19:42:34: [SM]   [1] Line 197, plugin.sp::AttemptInstantDefuse
L 08/26/2021 - 19:42:34: [SM]   [2] Line 104, plugin.sp::Event_BombBeginDefusePlusFrame
L 08/26/2021 - 19:43:10: [SM] Exception reported: Language phrase "InstaDefuseSuccessful" not found (arg 5)
L 08/26/2021 - 19:43:10: [SM] Blaming: retakes-instadefuse.smx
L 08/26/2021 - 19:43:10: [SM] Call stack trace:
L 08/26/2021 - 19:43:10: [SM]   [0] PrintToChat
L 08/26/2021 - 19:43:10: [SM]   [1] Line 197, plugin.sp::AttemptInstantDefuse
L 08/26/2021 - 19:43:10: [SM]   [2] Line 104, plugin.sp::Event_BombBeginDefusePlusFrame
L 08/26/2021 - 19:43:41: [SM] Exception reported: Language phrase "InstaDefuseSuccessful" not found (arg 5)
L 08/26/2021 - 19:43:41: [SM] Blaming: retakes-instadefuse.smx
L 08/26/2021 - 19:43:41: [SM] Call stack trace:
L 08/26/2021 - 19:43:41: [SM]   [0] PrintToChat
L 08/26/2021 - 19:43:41: [SM]   [1] Line 197, plugin.sp::AttemptInstantDefuse
L 08/26/2021 - 19:43:41: [SM]   [2] Line 104, plugin.sp::Event_BombBeginDefusePlusFrame
L 08/26/2021 - 19:44:57: [SM] Exception reported: Language phrase "InstaDefuseSuccessful" not found (arg 5)
L 08/26/2021 - 19:44:57: [SM] Blaming: retakes-instadefuse.smx
L 08/26/2021 - 19:44:57: [SM] Call stack trace:
L 08/26/2021 - 19:44:57: [SM]   [0] PrintToChat
L 08/26/2021 - 19:44:57: [SM]   [1] Line 197, plugin.sp::AttemptInstantDefuse
L 08/26/2021 - 19:44:57: [SM]   [2] Line 104, plugin.sp::Event_BombBeginDefusePlusFrame
L 08/26/2021 - 19:45:19: [SM] Exception reported: Language phrase "InstaDefuseSuccessful" not found (arg 5)
L 08/26/2021 - 19:45:19: [SM] Blaming: retakes-instadefuse.smx
L 08/26/2021 - 19:45:19: [SM] Call stack trace:
L 08/26/2021 - 19:45:19: [SM]   [0] PrintToChat
L 08/26/2021 - 19:45:19: [SM]   [1] Line 197, plugin.sp::AttemptInstantDefuse
L 08/26/2021 - 19:45:19: [SM]   [2] Line 104, plugin.sp::Event_BombBeginDefusePlusFrame
L 08/26/2021 - 19:47:20: [SM] Exception reported: Language phrase "InstaDefuseSuccessful" not found (arg 5)
L 08/26/2021 - 19:47:20: [SM] Blaming: retakes-instadefuse.smx
L 08/26/2021 - 19:47:20: [SM] Call stack trace:
L 08/26/2021 - 19:47:20: [SM]   [0] PrintToChat
L 08/26/2021 - 19:47:20: [SM]   [1] Line 197, plugin.sp::AttemptInstantDefuse
L 08/26/2021 - 19:47:20: [SM]   [2] Line 104, plugin.sp::Event_BombBeginDefusePlusFrame
L 08/26/2021 - 19:47:34: [SM] Exception reported: Language phrase "InstaDefuseSuccessful" not found (arg 5)
L 08/26/2021 - 19:47:34: [SM] Blaming: retakes-instadefuse.smx
L 08/26/2021 - 19:47:34: [SM] Call stack trace:
L 08/26/2021 - 19:47:34: [SM]   [0] PrintToChat
L 08/26/2021 - 19:47:34: [SM]   [1] Line 197, plugin.sp::AttemptInstantDefuse
L 08/26/2021 - 19:47:34: [SM]   [2] Line 104, plugin.sp::Event_BombBeginDefusePlusFrame
L 08/26/2021 - 19:48:14: [SM] Exception reported: Language phrase "InstaDefuseSuccessful" not found (arg 5)
L 08/26/2021 - 19:48:14: [SM] Blaming: retakes-instadefuse.smx
L 08/26/2021 - 19:48:14: [SM] Call stack trace:
L 08/26/2021 - 19:48:14: [SM]   [0] PrintToChat
L 08/26/2021 - 19:48:14: [SM]   [1] Line 197, plugin.sp::AttemptInstantDefuse
L 08/26/2021 - 19:48:14: [SM]   [2] Line 104, plugin.sp::Event_BombBeginDefusePlusFrame
L 08/26/2021 - 19:48:40: [SM] Exception reported: Language phrase "InstaDefuseSuccessful" not found (arg 5)
L 08/26/2021 - 19:48:40: [SM] Blaming: retakes-instadefuse.smx
L 08/26/2021 - 19:48:40: [SM] Call stack trace:
L 08/26/2021 - 19:48:40: [SM]   [0] PrintToChat
L 08/26/2021 - 19:48:40: [SM]   [1] Line 197, plugin.sp::AttemptInstantDefuse
L 08/26/2021 - 19:48:40: [SM]   [2] Line 104, plugin.sp::Event_BombBeginDefusePlusFrame
L 08/26/2021 - 19:49:37: [SM] Exception reported: Language phrase "InstaDefuseSuccessful" not found (arg 5)
L 08/26/2021 - 19:49:37: [SM] Blaming: retakes-instadefuse.smx
L 08/26/2021 - 19:49:37: [SM] Call stack trace:
L 08/26/2021 - 19:49:37: [SM]   [0] PrintToChat
L 08/26/2021 - 19:49:37: [SM]   [1] Line 197, plugin.sp::AttemptInstantDefuse
L 08/26/2021 - 19:49:37: [SM]   [2] Line 104, plugin.sp::Event_BombBeginDefusePlusFrame
L 08/26/2021 - 19:49:55: [SM] Exception reported: Language phrase "InstaDefuseSuccessful" not found (arg 5)
L 08/26/2021 - 19:49:55: [SM] Blaming: retakes-instadefuse.smx
L 08/26/2021 - 19:49:55: [SM] Call stack trace:
L 08/26/2021 - 19:49:55: [SM]   [0] PrintToChat
L 08/26/2021 - 19:49:55: [SM]   [1] Line 197, plugin.sp::AttemptInstantDefuse
L 08/26/2021 - 19:49:55: [SM]   [2] Line 104, plugin.sp::Event_BombBeginDefusePlusFrame
L 08/26/2021 - 19:50:19: [SM] Exception reported: Language phrase "InstaDefuseSuccessful" not found (arg 5)
L 08/26/2021 - 19:50:19: [SM] Blaming: retakes-instadefuse.smx
L 08/26/2021 - 19:50:19: [SM] Call stack trace:
L 08/26/2021 - 19:50:19: [SM]   [0] PrintToChat
L 08/26/2021 - 19:50:19: [SM]   [1] Line 197, plugin.sp::AttemptInstantDefuse
L 08/26/2021 - 19:50:19: [SM]   [2] Line 104, plugin.sp::Event_BombBeginDefusePlusFrame
L 08/26/2021 - 19:50:38: [SM] Exception reported: Language phrase "InstaDefuseSuccessful" not found (arg 5)
L 08/26/2021 - 19:50:38: [SM] Blaming: retakes-instadefuse.smx
L 08/26/2021 - 19:50:38: [SM] Call stack trace:
L 08/26/2021 - 19:50:38: [SM]   [0] PrintToChat
L 08/26/2021 - 19:50:38: [SM]   [1] Line 197, plugin.sp::AttemptInstantDefuse
L 08/26/2021 - 19:50:38: [SM]   [2] Line 104, plugin.sp::Event_BombBeginDefusePlusFrame
