L 11/10/2021 - 22:32:30: SourceMod error session started
L 11/10/2021 - 22:32:30: Info (map "de_mirage") (file "E:\retake\csgoserver\csgo\addons\sourcemod\logs\errors_20211110.log")
L 11/10/2021 - 22:32:30: [SM] Unable to load extension "PhysHooks.ext": Could not find patch signature for symbol: Physics_RunThinkFunctions
L 11/10/2021 - 22:32:32: [SM] Unable to load plugin "bot_inventory.smx": Native "eItems_AreItemsSynced" was not found
L 11/10/2021 - 22:32:32: [SM] Unable to load plugin "bot_stuff.smx": Could not find required plugin "navmesh"
L 11/10/2021 - 22:32:33: [SM] Unable to load plugin "LagCompensation.smx": Required extension "PhysHooks" file("PhysHooks.ext") not running
L 11/10/2021 - 22:32:34: [SM] Fatal error encountered parsing translation file "ranks_matchmaking.phrases.txt"
L 11/10/2021 - 22:32:34: [SM] Error (line 0, column 0): Stream failed to open
L 11/10/2021 - 22:32:34: [SM] Fatal error encountered parsing translation file "instadefuse.phrases.txt"
L 11/10/2021 - 22:32:34: [SM] Error (line 0, column 0): Stream failed to open
L 11/10/2021 - 22:32:54: [SM] Exception reported: Language phrase "Unranked" not found (arg 5)
L 11/10/2021 - 22:32:54: [SM] Blaming: ranks_matchmaking.smx
L 11/10/2021 - 22:32:54: [SM] Call stack trace:
L 11/10/2021 - 22:32:54: [SM]   [0] FormatEx
L 11/10/2021 - 22:32:54: [SM]   [1] Line 174, ranks_matchmaking.sp::GetRanksNames
L 11/10/2021 - 22:32:54: [SM]   [2] Line 169, ranks_matchmaking.sp::OnMapStart
L 11/10/2021 - 22:37:13: Error log file session closed.
L 11/10/2021 - 22:37:13: SourceMod error session started
L 11/10/2021 - 22:37:13: Info (map "de_mirage") (file "E:\retake\csgoserver\csgo\addons\sourcemod\logs\errors_20211110.log")
L 11/10/2021 - 22:37:13: [SM] Fatal error encountered parsing translation file "ranks_matchmaking.phrases.txt"
L 11/10/2021 - 22:37:13: [SM] Error (line 0, column 0): Stream failed to open
L 11/10/2021 - 22:37:13: [SM] Fatal error encountered parsing translation file "instadefuse.phrases.txt"
L 11/10/2021 - 22:37:14: [SM] Error (line 0, column 0): Stream failed to open
L 11/10/2021 - 22:37:14: [SM] Exception reported: Language phrase "Unranked" not found (arg 5)
L 11/10/2021 - 22:37:14: [SM] Blaming: ranks_matchmaking.smx
L 11/10/2021 - 22:37:14: [SM] Call stack trace:
L 11/10/2021 - 22:37:14: [SM]   [0] FormatEx
L 11/10/2021 - 22:37:14: [SM]   [1] Line 174, ranks_matchmaking.sp::GetRanksNames
L 11/10/2021 - 22:37:14: [SM]   [2] Line 169, ranks_matchmaking.sp::OnMapStart
L 11/10/2021 - 22:39:32: [SM] Exception reported: Language phrase "InstaDefuseSuccessful" not found (arg 5)
L 11/10/2021 - 22:39:32: [SM] Blaming: retakes-instadefuse.smx
L 11/10/2021 - 22:39:32: [SM] Call stack trace:
L 11/10/2021 - 22:39:32: [SM]   [0] PrintToChat
L 11/10/2021 - 22:39:32: [SM]   [1] Line 197, plugin.sp::AttemptInstantDefuse
L 11/10/2021 - 22:39:32: [SM]   [2] Line 104, plugin.sp::Event_BombBeginDefusePlusFrame
L 11/10/2021 - 22:40:04: [SM] Exception reported: Language phrase "InstaDefuseSuccessful" not found (arg 5)
L 11/10/2021 - 22:40:04: [SM] Blaming: retakes-instadefuse.smx
L 11/10/2021 - 22:40:04: [SM] Call stack trace:
L 11/10/2021 - 22:40:04: [SM]   [0] PrintToChat
L 11/10/2021 - 22:40:04: [SM]   [1] Line 197, plugin.sp::AttemptInstantDefuse
L 11/10/2021 - 22:40:04: [SM]   [2] Line 104, plugin.sp::Event_BombBeginDefusePlusFrame
L 11/10/2021 - 22:41:13: [SM] Exception reported: Language phrase "InstaDefuseSuccessful" not found (arg 5)
L 11/10/2021 - 22:41:13: [SM] Blaming: retakes-instadefuse.smx
L 11/10/2021 - 22:41:13: [SM] Call stack trace:
L 11/10/2021 - 22:41:13: [SM]   [0] PrintToChat
L 11/10/2021 - 22:41:13: [SM]   [1] Line 197, plugin.sp::AttemptInstantDefuse
L 11/10/2021 - 22:41:13: [SM]   [2] Line 104, plugin.sp::Event_BombBeginDefusePlusFrame
L 11/10/2021 - 22:41:44: [SM] Exception reported: Language phrase "InstaDefuseSuccessful" not found (arg 5)
L 11/10/2021 - 22:41:44: [SM] Blaming: retakes-instadefuse.smx
L 11/10/2021 - 22:41:44: [SM] Call stack trace:
L 11/10/2021 - 22:41:44: [SM]   [0] PrintToChat
L 11/10/2021 - 22:41:44: [SM]   [1] Line 197, plugin.sp::AttemptInstantDefuse
L 11/10/2021 - 22:41:44: [SM]   [2] Line 104, plugin.sp::Event_BombBeginDefusePlusFrame
L 11/10/2021 - 22:42:16: [SM] Exception reported: Language phrase "InstaDefuseSuccessful" not found (arg 5)
L 11/10/2021 - 22:42:16: [SM] Blaming: retakes-instadefuse.smx
L 11/10/2021 - 22:42:16: [SM] Call stack trace:
L 11/10/2021 - 22:42:16: [SM]   [0] PrintToChat
L 11/10/2021 - 22:42:16: [SM]   [1] Line 197, plugin.sp::AttemptInstantDefuse
L 11/10/2021 - 22:42:16: [SM]   [2] Line 104, plugin.sp::Event_BombBeginDefusePlusFrame
L 11/10/2021 - 22:42:35: [SM] Exception reported: Language phrase "InstaDefuseSuccessful" not found (arg 5)
L 11/10/2021 - 22:42:35: [SM] Blaming: retakes-instadefuse.smx
L 11/10/2021 - 22:42:35: [SM] Call stack trace:
L 11/10/2021 - 22:42:35: [SM]   [0] PrintToChat
L 11/10/2021 - 22:42:35: [SM]   [1] Line 197, plugin.sp::AttemptInstantDefuse
L 11/10/2021 - 22:42:35: [SM]   [2] Line 104, plugin.sp::Event_BombBeginDefusePlusFrame
L 11/10/2021 - 22:43:24: [SM] Exception reported: Language phrase "InstaDefuseSuccessful" not found (arg 5)
L 11/10/2021 - 22:43:24: [SM] Blaming: retakes-instadefuse.smx
L 11/10/2021 - 22:43:24: [SM] Call stack trace:
L 11/10/2021 - 22:43:24: [SM]   [0] PrintToChat
L 11/10/2021 - 22:43:24: [SM]   [1] Line 197, plugin.sp::AttemptInstantDefuse
L 11/10/2021 - 22:43:25: [SM]   [2] Line 104, plugin.sp::Event_BombBeginDefusePlusFrame
L 11/10/2021 - 22:43:56: [SM] Exception reported: Language phrase "InstaDefuseSuccessful" not found (arg 5)
L 11/10/2021 - 22:43:56: [SM] Blaming: retakes-instadefuse.smx
L 11/10/2021 - 22:43:56: [SM] Call stack trace:
L 11/10/2021 - 22:43:56: [SM]   [0] PrintToChat
L 11/10/2021 - 22:43:56: [SM]   [1] Line 197, plugin.sp::AttemptInstantDefuse
L 11/10/2021 - 22:43:56: [SM]   [2] Line 104, plugin.sp::Event_BombBeginDefusePlusFrame
L 11/10/2021 - 22:43:57: [SM] Exception reported: Language phrase "InstaDefuseSuccessful" not found (arg 5)
L 11/10/2021 - 22:43:57: [SM] Blaming: retakes-instadefuse.smx
L 11/10/2021 - 22:43:57: [SM] Call stack trace:
L 11/10/2021 - 22:43:57: [SM]   [0] PrintToChat
L 11/10/2021 - 22:43:57: [SM]   [1] Line 197, plugin.sp::AttemptInstantDefuse
L 11/10/2021 - 22:43:57: [SM]   [2] Line 104, plugin.sp::Event_BombBeginDefusePlusFrame
L 11/10/2021 - 22:45:33: [SM] Exception reported: Language phrase "InstaDefuseSuccessful" not found (arg 5)
L 11/10/2021 - 22:45:33: [SM] Blaming: retakes-instadefuse.smx
L 11/10/2021 - 22:45:33: [SM] Call stack trace:
L 11/10/2021 - 22:45:33: [SM]   [0] PrintToChat
L 11/10/2021 - 22:45:33: [SM]   [1] Line 197, plugin.sp::AttemptInstantDefuse
L 11/10/2021 - 22:45:33: [SM]   [2] Line 104, plugin.sp::Event_BombBeginDefusePlusFrame
L 11/10/2021 - 22:46:26: [SM] Exception reported: Language phrase "InstaDefuseSuccessful" not found (arg 5)
L 11/10/2021 - 22:46:26: [SM] Blaming: retakes-instadefuse.smx
L 11/10/2021 - 22:46:26: [SM] Call stack trace:
L 11/10/2021 - 22:46:26: [SM]   [0] PrintToChat
L 11/10/2021 - 22:46:26: [SM]   [1] Line 197, plugin.sp::AttemptInstantDefuse
L 11/10/2021 - 22:46:26: [SM]   [2] Line 104, plugin.sp::Event_BombBeginDefusePlusFrame
L 11/10/2021 - 22:46:43: [SM] Exception reported: Language phrase "InstaDefuseSuccessful" not found (arg 5)
L 11/10/2021 - 22:46:43: [SM] Blaming: retakes-instadefuse.smx
L 11/10/2021 - 22:46:43: [SM] Call stack trace:
L 11/10/2021 - 22:46:43: [SM]   [0] PrintToChat
L 11/10/2021 - 22:46:43: [SM]   [1] Line 197, plugin.sp::AttemptInstantDefuse
L 11/10/2021 - 22:46:43: [SM]   [2] Line 104, plugin.sp::Event_BombBeginDefusePlusFrame
L 11/10/2021 - 22:47:20: [SM] Exception reported: Language phrase "InstaDefuseSuccessful" not found (arg 5)
L 11/10/2021 - 22:47:20: [SM] Blaming: retakes-instadefuse.smx
L 11/10/2021 - 22:47:20: [SM] Call stack trace:
L 11/10/2021 - 22:47:20: [SM]   [0] PrintToChat
L 11/10/2021 - 22:47:20: [SM]   [1] Line 197, plugin.sp::AttemptInstantDefuse
L 11/10/2021 - 22:47:20: [SM]   [2] Line 104, plugin.sp::Event_BombBeginDefusePlusFrame
L 11/10/2021 - 22:48:20: [SM] Exception reported: Language phrase "InstaDefuseSuccessful" not found (arg 5)
L 11/10/2021 - 22:48:20: [SM] Blaming: retakes-instadefuse.smx
L 11/10/2021 - 22:48:20: [SM] Call stack trace:
L 11/10/2021 - 22:48:20: [SM]   [0] PrintToChat
L 11/10/2021 - 22:48:20: [SM]   [1] Line 197, plugin.sp::AttemptInstantDefuse
L 11/10/2021 - 22:48:20: [SM]   [2] Line 104, plugin.sp::Event_BombBeginDefusePlusFrame
L 11/10/2021 - 22:49:06: [SM] Exception reported: Language phrase "InstaDefuseSuccessful" not found (arg 5)
L 11/10/2021 - 22:49:06: [SM] Blaming: retakes-instadefuse.smx
L 11/10/2021 - 22:49:06: [SM] Call stack trace:
L 11/10/2021 - 22:49:06: [SM]   [0] PrintToChat
L 11/10/2021 - 22:49:06: [SM]   [1] Line 197, plugin.sp::AttemptInstantDefuse
L 11/10/2021 - 22:49:06: [SM]   [2] Line 104, plugin.sp::Event_BombBeginDefusePlusFrame
L 11/10/2021 - 22:49:56: [SM] Exception reported: Language phrase "InstaDefuseSuccessful" not found (arg 5)
L 11/10/2021 - 22:49:56: [SM] Blaming: retakes-instadefuse.smx
L 11/10/2021 - 22:49:56: [SM] Call stack trace:
L 11/10/2021 - 22:49:56: [SM]   [0] PrintToChat
L 11/10/2021 - 22:49:56: [SM]   [1] Line 197, plugin.sp::AttemptInstantDefuse
L 11/10/2021 - 22:49:56: [SM]   [2] Line 104, plugin.sp::Event_BombBeginDefusePlusFrame
L 11/10/2021 - 22:50:17: [SM] Exception reported: Language phrase "InstaDefuseSuccessful" not found (arg 5)
L 11/10/2021 - 22:50:17: [SM] Blaming: retakes-instadefuse.smx
L 11/10/2021 - 22:50:17: [SM] Call stack trace:
L 11/10/2021 - 22:50:17: [SM]   [0] PrintToChat
L 11/10/2021 - 22:50:17: [SM]   [1] Line 197, plugin.sp::AttemptInstantDefuse
L 11/10/2021 - 22:50:17: [SM]   [2] Line 104, plugin.sp::Event_BombBeginDefusePlusFrame
L 11/10/2021 - 22:50:46: [SM] Exception reported: Language phrase "InstaDefuseSuccessful" not found (arg 5)
L 11/10/2021 - 22:50:46: [SM] Blaming: retakes-instadefuse.smx
L 11/10/2021 - 22:50:46: [SM] Call stack trace:
L 11/10/2021 - 22:50:46: [SM]   [0] PrintToChat
L 11/10/2021 - 22:50:46: [SM]   [1] Line 197, plugin.sp::AttemptInstantDefuse
L 11/10/2021 - 22:50:46: [SM]   [2] Line 104, plugin.sp::Event_BombBeginDefusePlusFrame
L 11/10/2021 - 22:51:05: [SM] Exception reported: Language phrase "InstaDefuseSuccessful" not found (arg 5)
L 11/10/2021 - 22:51:05: [SM] Blaming: retakes-instadefuse.smx
L 11/10/2021 - 22:51:05: [SM] Call stack trace:
L 11/10/2021 - 22:51:05: [SM]   [0] PrintToChat
L 11/10/2021 - 22:51:05: [SM]   [1] Line 197, plugin.sp::AttemptInstantDefuse
L 11/10/2021 - 22:51:05: [SM]   [2] Line 104, plugin.sp::Event_BombBeginDefusePlusFrame
L 11/10/2021 - 22:51:23: [SM] Exception reported: Language phrase "InstaDefuseSuccessful" not found (arg 5)
L 11/10/2021 - 22:51:23: [SM] Blaming: retakes-instadefuse.smx
L 11/10/2021 - 22:51:23: [SM] Call stack trace:
L 11/10/2021 - 22:51:23: [SM]   [0] PrintToChat
L 11/10/2021 - 22:51:23: [SM]   [1] Line 197, plugin.sp::AttemptInstantDefuse
L 11/10/2021 - 22:51:23: [SM]   [2] Line 104, plugin.sp::Event_BombBeginDefusePlusFrame
L 11/10/2021 - 22:53:27: [SM] Exception reported: Language phrase "InstaDefuseSuccessful" not found (arg 5)
L 11/10/2021 - 22:53:27: [SM] Blaming: retakes-instadefuse.smx
L 11/10/2021 - 22:53:27: [SM] Call stack trace:
L 11/10/2021 - 22:53:27: [SM]   [0] PrintToChat
L 11/10/2021 - 22:53:27: [SM]   [1] Line 197, plugin.sp::AttemptInstantDefuse
L 11/10/2021 - 22:53:27: [SM]   [2] Line 104, plugin.sp::Event_BombBeginDefusePlusFrame
L 11/10/2021 - 22:53:54: [SM] Exception reported: Language phrase "InstaDefuseSuccessful" not found (arg 5)
L 11/10/2021 - 22:53:54: [SM] Blaming: retakes-instadefuse.smx
L 11/10/2021 - 22:53:54: [SM] Call stack trace:
L 11/10/2021 - 22:53:54: [SM]   [0] PrintToChat
L 11/10/2021 - 22:53:54: [SM]   [1] Line 197, plugin.sp::AttemptInstantDefuse
L 11/10/2021 - 22:53:54: [SM]   [2] Line 104, plugin.sp::Event_BombBeginDefusePlusFrame
L 11/10/2021 - 22:54:31: [SM] Exception reported: Language phrase "InstaDefuseSuccessful" not found (arg 5)
L 11/10/2021 - 22:54:31: [SM] Blaming: retakes-instadefuse.smx
L 11/10/2021 - 22:54:31: [SM] Call stack trace:
L 11/10/2021 - 22:54:31: [SM]   [0] PrintToChat
L 11/10/2021 - 22:54:31: [SM]   [1] Line 197, plugin.sp::AttemptInstantDefuse
L 11/10/2021 - 22:54:31: [SM]   [2] Line 104, plugin.sp::Event_BombBeginDefusePlusFrame
L 11/10/2021 - 22:55:43: [SM] Exception reported: Language phrase "InstaDefuseSuccessful" not found (arg 5)
L 11/10/2021 - 22:55:43: [SM] Blaming: retakes-instadefuse.smx
L 11/10/2021 - 22:55:43: [SM] Call stack trace:
L 11/10/2021 - 22:55:43: [SM]   [0] PrintToChat
L 11/10/2021 - 22:55:43: [SM]   [1] Line 197, plugin.sp::AttemptInstantDefuse
L 11/10/2021 - 22:55:43: [SM]   [2] Line 104, plugin.sp::Event_BombBeginDefusePlusFrame
L 11/10/2021 - 22:56:10: [SM] Exception reported: Language phrase "InstaDefuseSuccessful" not found (arg 5)
L 11/10/2021 - 22:56:10: [SM] Blaming: retakes-instadefuse.smx
L 11/10/2021 - 22:56:10: [SM] Call stack trace:
L 11/10/2021 - 22:56:10: [SM]   [0] PrintToChat
L 11/10/2021 - 22:56:10: [SM]   [1] Line 197, plugin.sp::AttemptInstantDefuse
L 11/10/2021 - 22:56:10: [SM]   [2] Line 104, plugin.sp::Event_BombBeginDefusePlusFrame
L 11/10/2021 - 22:57:06: [SM] Exception reported: Language phrase "InstaDefuseSuccessful" not found (arg 5)
L 11/10/2021 - 22:57:06: [SM] Blaming: retakes-instadefuse.smx
L 11/10/2021 - 22:57:06: [SM] Call stack trace:
L 11/10/2021 - 22:57:06: [SM]   [0] PrintToChat
L 11/10/2021 - 22:57:06: [SM]   [1] Line 197, plugin.sp::AttemptInstantDefuse
L 11/10/2021 - 22:57:06: [SM]   [2] Line 104, plugin.sp::Event_BombBeginDefusePlusFrame
L 11/10/2021 - 22:57:37: [SM] Exception reported: Language phrase "LiveNadeSomewhere" not found (arg 5)
L 11/10/2021 - 22:57:37: [SM] Blaming: retakes-instadefuse.smx
L 11/10/2021 - 22:57:37: [SM] Call stack trace:
L 11/10/2021 - 22:57:37: [SM]   [0] PrintToChat
L 11/10/2021 - 22:57:37: [SM]   [1] Line 168, plugin.sp::AttemptInstantDefuse
L 11/10/2021 - 22:57:37: [SM]   [2] Line 104, plugin.sp::Event_BombBeginDefusePlusFrame
L 11/10/2021 - 22:57:59: [SM] Exception reported: Language phrase "InstaDefuseSuccessful" not found (arg 5)
L 11/10/2021 - 22:57:59: [SM] Blaming: retakes-instadefuse.smx
L 11/10/2021 - 22:57:59: [SM] Call stack trace:
L 11/10/2021 - 22:57:59: [SM]   [0] PrintToChat
L 11/10/2021 - 22:57:59: [SM]   [1] Line 197, plugin.sp::AttemptInstantDefuse
L 11/10/2021 - 22:57:59: [SM]   [2] Line 104, plugin.sp::Event_BombBeginDefusePlusFrame
L 11/10/2021 - 22:58:47: [SM] Exception reported: Language phrase "InstaDefuseSuccessful" not found (arg 5)
L 11/10/2021 - 22:58:47: [SM] Blaming: retakes-instadefuse.smx
L 11/10/2021 - 22:58:47: [SM] Call stack trace:
L 11/10/2021 - 22:58:47: [SM]   [0] PrintToChat
L 11/10/2021 - 22:58:47: [SM]   [1] Line 197, plugin.sp::AttemptInstantDefuse
L 11/10/2021 - 22:58:47: [SM]   [2] Line 104, plugin.sp::Event_BombBeginDefusePlusFrame
L 11/10/2021 - 22:59:09: [SM] Exception reported: Language phrase "InstaDefuseSuccessful" not found (arg 5)
L 11/10/2021 - 22:59:09: [SM] Blaming: retakes-instadefuse.smx
L 11/10/2021 - 22:59:09: [SM] Call stack trace:
L 11/10/2021 - 22:59:09: [SM]   [0] PrintToChat
L 11/10/2021 - 22:59:09: [SM]   [1] Line 197, plugin.sp::AttemptInstantDefuse
L 11/10/2021 - 22:59:09: [SM]   [2] Line 104, plugin.sp::Event_BombBeginDefusePlusFrame
L 11/10/2021 - 23:00:11: [SM] Exception reported: Language phrase "InstaDefuseSuccessful" not found (arg 5)
L 11/10/2021 - 23:00:11: [SM] Blaming: retakes-instadefuse.smx
L 11/10/2021 - 23:00:11: [SM] Call stack trace:
L 11/10/2021 - 23:00:11: [SM]   [0] PrintToChat
L 11/10/2021 - 23:00:11: [SM]   [1] Line 197, plugin.sp::AttemptInstantDefuse
L 11/10/2021 - 23:00:11: [SM]   [2] Line 104, plugin.sp::Event_BombBeginDefusePlusFrame
L 11/10/2021 - 23:00:31: [SM] Exception reported: Language phrase "InstaDefuseSuccessful" not found (arg 5)
L 11/10/2021 - 23:00:31: [SM] Blaming: retakes-instadefuse.smx
L 11/10/2021 - 23:00:31: [SM] Call stack trace:
L 11/10/2021 - 23:00:31: [SM]   [0] PrintToChat
L 11/10/2021 - 23:00:31: [SM]   [1] Line 197, plugin.sp::AttemptInstantDefuse
L 11/10/2021 - 23:00:31: [SM]   [2] Line 104, plugin.sp::Event_BombBeginDefusePlusFrame
L 11/10/2021 - 23:01:18: [SM] Exception reported: Language phrase "InstaDefuseSuccessful" not found (arg 5)
L 11/10/2021 - 23:01:18: [SM] Blaming: retakes-instadefuse.smx
L 11/10/2021 - 23:01:18: [SM] Call stack trace:
L 11/10/2021 - 23:01:18: [SM]   [0] PrintToChat
L 11/10/2021 - 23:01:18: [SM]   [1] Line 197, plugin.sp::AttemptInstantDefuse
L 11/10/2021 - 23:01:18: [SM]   [2] Line 104, plugin.sp::Event_BombBeginDefusePlusFrame
L 11/10/2021 - 23:03:26: [SM] Exception reported: Language phrase "InstaDefuseSuccessful" not found (arg 5)
L 11/10/2021 - 23:03:26: [SM] Blaming: retakes-instadefuse.smx
L 11/10/2021 - 23:03:26: [SM] Call stack trace:
L 11/10/2021 - 23:03:26: [SM]   [0] PrintToChat
L 11/10/2021 - 23:03:26: [SM]   [1] Line 197, plugin.sp::AttemptInstantDefuse
L 11/10/2021 - 23:03:26: [SM]   [2] Line 104, plugin.sp::Event_BombBeginDefusePlusFrame
L 11/10/2021 - 23:04:56: [SM] Exception reported: Language phrase "InstaDefuseSuccessful" not found (arg 5)
L 11/10/2021 - 23:04:56: [SM] Blaming: retakes-instadefuse.smx
L 11/10/2021 - 23:04:56: [SM] Call stack trace:
L 11/10/2021 - 23:04:56: [SM]   [0] PrintToChat
L 11/10/2021 - 23:04:56: [SM]   [1] Line 197, plugin.sp::AttemptInstantDefuse
L 11/10/2021 - 23:04:56: [SM]   [2] Line 104, plugin.sp::Event_BombBeginDefusePlusFrame
L 11/10/2021 - 23:06:42: [SM] Exception reported: Language phrase "InstaDefuseSuccessful" not found (arg 5)
L 11/10/2021 - 23:06:42: [SM] Blaming: retakes-instadefuse.smx
L 11/10/2021 - 23:06:42: [SM] Call stack trace:
L 11/10/2021 - 23:06:42: [SM]   [0] PrintToChat
L 11/10/2021 - 23:06:42: [SM]   [1] Line 197, plugin.sp::AttemptInstantDefuse
L 11/10/2021 - 23:06:42: [SM]   [2] Line 104, plugin.sp::Event_BombBeginDefusePlusFrame
L 11/10/2021 - 23:07:39: [SM] Exception reported: Language phrase "InstaDefuseSuccessful" not found (arg 5)
L 11/10/2021 - 23:07:39: [SM] Blaming: retakes-instadefuse.smx
L 11/10/2021 - 23:07:39: [SM] Call stack trace:
L 11/10/2021 - 23:07:39: [SM]   [0] PrintToChat
L 11/10/2021 - 23:07:39: [SM]   [1] Line 197, plugin.sp::AttemptInstantDefuse
L 11/10/2021 - 23:07:39: [SM]   [2] Line 104, plugin.sp::Event_BombBeginDefusePlusFrame
L 11/10/2021 - 23:08:00: [SM] Exception reported: Language phrase "InstaDefuseSuccessful" not found (arg 5)
L 11/10/2021 - 23:08:00: [SM] Blaming: retakes-instadefuse.smx
L 11/10/2021 - 23:08:00: [SM] Call stack trace:
L 11/10/2021 - 23:08:00: [SM]   [0] PrintToChat
L 11/10/2021 - 23:08:00: [SM]   [1] Line 197, plugin.sp::AttemptInstantDefuse
L 11/10/2021 - 23:08:00: [SM]   [2] Line 104, plugin.sp::Event_BombBeginDefusePlusFrame
L 11/10/2021 - 23:08:26: [SM] Exception reported: Language phrase "InstaDefuseSuccessful" not found (arg 5)
L 11/10/2021 - 23:08:26: [SM] Blaming: retakes-instadefuse.smx
L 11/10/2021 - 23:08:26: [SM] Call stack trace:
L 11/10/2021 - 23:08:26: [SM]   [0] PrintToChat
L 11/10/2021 - 23:08:26: [SM]   [1] Line 197, plugin.sp::AttemptInstantDefuse
L 11/10/2021 - 23:08:26: [SM]   [2] Line 104, plugin.sp::Event_BombBeginDefusePlusFrame
L 11/10/2021 - 23:10:07: [SM] Exception reported: Language phrase "InstaDefuseSuccessful" not found (arg 5)
L 11/10/2021 - 23:10:07: [SM] Blaming: retakes-instadefuse.smx
L 11/10/2021 - 23:10:07: [SM] Call stack trace:
L 11/10/2021 - 23:10:07: [SM]   [0] PrintToChat
L 11/10/2021 - 23:10:07: [SM]   [1] Line 197, plugin.sp::AttemptInstantDefuse
L 11/10/2021 - 23:10:07: [SM]   [2] Line 104, plugin.sp::Event_BombBeginDefusePlusFrame
L 11/10/2021 - 23:11:05: [SM] Exception reported: Language phrase "InstaDefuseSuccessful" not found (arg 5)
L 11/10/2021 - 23:11:05: [SM] Blaming: retakes-instadefuse.smx
L 11/10/2021 - 23:11:05: [SM] Call stack trace:
L 11/10/2021 - 23:11:05: [SM]   [0] PrintToChat
L 11/10/2021 - 23:11:05: [SM]   [1] Line 197, plugin.sp::AttemptInstantDefuse
L 11/10/2021 - 23:11:05: [SM]   [2] Line 104, plugin.sp::Event_BombBeginDefusePlusFrame
L 11/10/2021 - 23:11:34: [SM] Exception reported: Language phrase "InstaDefuseSuccessful" not found (arg 5)
L 11/10/2021 - 23:11:34: [SM] Blaming: retakes-instadefuse.smx
L 11/10/2021 - 23:11:34: [SM] Call stack trace:
L 11/10/2021 - 23:11:34: [SM]   [0] PrintToChat
L 11/10/2021 - 23:11:34: [SM]   [1] Line 197, plugin.sp::AttemptInstantDefuse
L 11/10/2021 - 23:11:34: [SM]   [2] Line 104, plugin.sp::Event_BombBeginDefusePlusFrame
L 11/10/2021 - 23:11:49: [SM] Exception reported: Language phrase "InstaDefuseSuccessful" not found (arg 5)
L 11/10/2021 - 23:11:49: [SM] Blaming: retakes-instadefuse.smx
L 11/10/2021 - 23:11:49: [SM] Call stack trace:
L 11/10/2021 - 23:11:49: [SM]   [0] PrintToChat
L 11/10/2021 - 23:11:49: [SM]   [1] Line 197, plugin.sp::AttemptInstantDefuse
L 11/10/2021 - 23:11:49: [SM]   [2] Line 104, plugin.sp::Event_BombBeginDefusePlusFrame
L 11/10/2021 - 23:12:11: [SM] Exception reported: Language phrase "InstaDefuseSuccessful" not found (arg 5)
L 11/10/2021 - 23:12:11: [SM] Blaming: retakes-instadefuse.smx
L 11/10/2021 - 23:12:11: [SM] Call stack trace:
L 11/10/2021 - 23:12:11: [SM]   [0] PrintToChat
L 11/10/2021 - 23:12:11: [SM]   [1] Line 197, plugin.sp::AttemptInstantDefuse
L 11/10/2021 - 23:12:11: [SM]   [2] Line 104, plugin.sp::Event_BombBeginDefusePlusFrame
L 11/10/2021 - 23:12:54: [SM] Exception reported: Language phrase "InstaDefuseSuccessful" not found (arg 5)
L 11/10/2021 - 23:12:54: [SM] Blaming: retakes-instadefuse.smx
L 11/10/2021 - 23:12:54: [SM] Call stack trace:
L 11/10/2021 - 23:12:54: [SM]   [0] PrintToChat
L 11/10/2021 - 23:12:54: [SM]   [1] Line 197, plugin.sp::AttemptInstantDefuse
L 11/10/2021 - 23:12:54: [SM]   [2] Line 104, plugin.sp::Event_BombBeginDefusePlusFrame
L 11/10/2021 - 23:13:25: [SM] Exception reported: Language phrase "InstaDefuseSuccessful" not found (arg 5)
L 11/10/2021 - 23:13:25: [SM] Blaming: retakes-instadefuse.smx
L 11/10/2021 - 23:13:25: [SM] Call stack trace:
L 11/10/2021 - 23:13:25: [SM]   [0] PrintToChat
L 11/10/2021 - 23:13:25: [SM]   [1] Line 197, plugin.sp::AttemptInstantDefuse
L 11/10/2021 - 23:13:25: [SM]   [2] Line 104, plugin.sp::Event_BombBeginDefusePlusFrame
L 11/10/2021 - 23:14:00: [SM] Exception reported: Language phrase "InstaDefuseSuccessful" not found (arg 5)
L 11/10/2021 - 23:14:00: [SM] Blaming: retakes-instadefuse.smx
L 11/10/2021 - 23:14:00: [SM] Call stack trace:
L 11/10/2021 - 23:14:00: [SM]   [0] PrintToChat
L 11/10/2021 - 23:14:00: [SM]   [1] Line 197, plugin.sp::AttemptInstantDefuse
L 11/10/2021 - 23:14:00: [SM]   [2] Line 104, plugin.sp::Event_BombBeginDefusePlusFrame
L 11/10/2021 - 23:14:14: [SM] Exception reported: Language phrase "InstaDefuseSuccessful" not found (arg 5)
L 11/10/2021 - 23:14:14: [SM] Blaming: retakes-instadefuse.smx
L 11/10/2021 - 23:14:14: [SM] Call stack trace:
L 11/10/2021 - 23:14:14: [SM]   [0] PrintToChat
L 11/10/2021 - 23:14:14: [SM]   [1] Line 197, plugin.sp::AttemptInstantDefuse
L 11/10/2021 - 23:14:14: [SM]   [2] Line 104, plugin.sp::Event_BombBeginDefusePlusFrame
