L 12/20/2022 - 22:16:39: SourceMod error session started
L 12/20/2022 - 22:16:39: Info (map "de_dust2") (file "F:\CSRetake\csgo_server\csgo\addons\sourcemod\logs\errors_20221220.log")
L 12/20/2022 - 22:16:39: [SM] Unable to load extension "PhysHooks.ext": Could not find patch signature for symbol: Physics_RunThinkFunctions
L 12/20/2022 - 22:16:40: [SM] Unable to load plugin "bot_inventory.smx": Native "eItems_AreItemsSynced" was not found
L 12/20/2022 - 22:16:40: [SM] Unable to load plugin "bot_stuff.smx": Could not find required plugin "navmesh"
L 12/20/2022 - 22:16:40: [SM] Unable to load plugin "LagCompensation.smx": Required extension "PhysHooks" file("PhysHooks.ext") not running
L 12/20/2022 - 22:16:41: [SM] Fatal error encountered parsing translation file "ranks_matchmaking.phrases.txt"
L 12/20/2022 - 22:16:41: [SM] Error (line 0, column 0): Stream failed to open
L 12/20/2022 - 22:16:41: [SM] Fatal error encountered parsing translation file "instadefuse.phrases.txt"
L 12/20/2022 - 22:16:41: [SM] Error (line 0, column 0): Stream failed to open
L 12/20/2022 - 22:16:57: [SM] Exception reported: Language phrase "Unranked" not found (arg 5)
L 12/20/2022 - 22:16:57: [SM] Blaming: ranks_matchmaking.smx
L 12/20/2022 - 22:16:57: [SM] Call stack trace:
L 12/20/2022 - 22:16:57: [SM]   [0] FormatEx
L 12/20/2022 - 22:16:57: [SM]   [1] Line 174, ranks_matchmaking.sp::GetRanksNames
L 12/20/2022 - 22:16:57: [SM]   [2] Line 169, ranks_matchmaking.sp::OnMapStart
L 12/20/2022 - 22:17:11: Error log file session closed.
L 12/20/2022 - 22:17:12: SourceMod error session started
L 12/20/2022 - 22:17:12: Info (map "de_dust2") (file "F:\CSRetake\csgo_server\csgo\addons\sourcemod\logs\errors_20221220.log")
L 12/20/2022 - 22:17:12: [SM] Fatal error encountered parsing translation file "ranks_matchmaking.phrases.txt"
L 12/20/2022 - 22:17:12: [SM] Error (line 0, column 0): Stream failed to open
L 12/20/2022 - 22:17:12: [SM] Fatal error encountered parsing translation file "instadefuse.phrases.txt"
L 12/20/2022 - 22:17:12: [SM] Error (line 0, column 0): Stream failed to open
L 12/20/2022 - 22:17:12: [SM] Exception reported: Language phrase "Unranked" not found (arg 5)
L 12/20/2022 - 22:17:12: [SM] Blaming: ranks_matchmaking.smx
L 12/20/2022 - 22:17:12: [SM] Call stack trace:
L 12/20/2022 - 22:17:12: [SM]   [0] FormatEx
L 12/20/2022 - 22:17:12: [SM]   [1] Line 174, ranks_matchmaking.sp::GetRanksNames
L 12/20/2022 - 22:17:12: [SM]   [2] Line 169, ranks_matchmaking.sp::OnMapStart
L 12/20/2022 - 22:19:50: Error log file session closed.
L 12/20/2022 - 22:19:50: SourceMod error session started
L 12/20/2022 - 22:19:50: Info (map "de_mirage") (file "F:\CSRetake\csgo_server\csgo\addons\sourcemod\logs\errors_20221220.log")
L 12/20/2022 - 22:19:50: [SM] Fatal error encountered parsing translation file "ranks_matchmaking.phrases.txt"
L 12/20/2022 - 22:19:50: [SM] Error (line 0, column 0): Stream failed to open
L 12/20/2022 - 22:19:50: [SM] Fatal error encountered parsing translation file "instadefuse.phrases.txt"
L 12/20/2022 - 22:19:50: [SM] Error (line 0, column 0): Stream failed to open
L 12/20/2022 - 22:19:52: [SM] Exception reported: Language phrase "Unranked" not found (arg 5)
L 12/20/2022 - 22:19:52: [SM] Blaming: ranks_matchmaking.smx
L 12/20/2022 - 22:19:52: [SM] Call stack trace:
L 12/20/2022 - 22:19:52: [SM]   [0] FormatEx
L 12/20/2022 - 22:19:52: [SM]   [1] Line 174, ranks_matchmaking.sp::GetRanksNames
L 12/20/2022 - 22:19:52: [SM]   [2] Line 169, ranks_matchmaking.sp::OnMapStart
L 12/20/2022 - 22:21:54: [SM] Exception reported: Language phrase "InstaDefuseSuccessful" not found (arg 5)
L 12/20/2022 - 22:21:54: [SM] Blaming: retakes-instadefuse.smx
L 12/20/2022 - 22:21:54: [SM] Call stack trace:
L 12/20/2022 - 22:21:54: [SM]   [0] PrintToChat
L 12/20/2022 - 22:21:54: [SM]   [1] Line 197, plugin.sp::AttemptInstantDefuse
L 12/20/2022 - 22:21:54: [SM]   [2] Line 104, plugin.sp::Event_BombBeginDefusePlusFrame
L 12/20/2022 - 22:22:12: [SM] Exception reported: Language phrase "InstaDefuseSuccessful" not found (arg 5)
L 12/20/2022 - 22:22:12: [SM] Blaming: retakes-instadefuse.smx
L 12/20/2022 - 22:22:12: [SM] Call stack trace:
L 12/20/2022 - 22:22:12: [SM]   [0] PrintToChat
L 12/20/2022 - 22:22:12: [SM]   [1] Line 197, plugin.sp::AttemptInstantDefuse
L 12/20/2022 - 22:22:12: [SM]   [2] Line 104, plugin.sp::Event_BombBeginDefusePlusFrame
L 12/20/2022 - 22:22:29: [SM] Exception reported: Language phrase "InstaDefuseSuccessful" not found (arg 5)
L 12/20/2022 - 22:22:29: [SM] Blaming: retakes-instadefuse.smx
L 12/20/2022 - 22:22:29: [SM] Call stack trace:
L 12/20/2022 - 22:22:29: [SM]   [0] PrintToChat
L 12/20/2022 - 22:22:29: [SM]   [1] Line 197, plugin.sp::AttemptInstantDefuse
L 12/20/2022 - 22:22:29: [SM]   [2] Line 104, plugin.sp::Event_BombBeginDefusePlusFrame
L 12/20/2022 - 22:23:26: [SM] Exception reported: Language phrase "InstaDefuseSuccessful" not found (arg 5)
L 12/20/2022 - 22:23:26: [SM] Blaming: retakes-instadefuse.smx
L 12/20/2022 - 22:23:26: [SM] Call stack trace:
L 12/20/2022 - 22:23:26: [SM]   [0] PrintToChat
L 12/20/2022 - 22:23:26: [SM]   [1] Line 197, plugin.sp::AttemptInstantDefuse
L 12/20/2022 - 22:23:26: [SM]   [2] Line 104, plugin.sp::Event_BombBeginDefusePlusFrame
L 12/20/2022 - 22:23:39: [SM] Exception reported: Language phrase "InstaDefuseSuccessful" not found (arg 5)
L 12/20/2022 - 22:23:39: [SM] Blaming: retakes-instadefuse.smx
L 12/20/2022 - 22:23:39: [SM] Call stack trace:
L 12/20/2022 - 22:23:39: [SM]   [0] PrintToChat
L 12/20/2022 - 22:23:39: [SM]   [1] Line 197, plugin.sp::AttemptInstantDefuse
L 12/20/2022 - 22:23:39: [SM]   [2] Line 104, plugin.sp::Event_BombBeginDefusePlusFrame
L 12/20/2022 - 22:24:01: [SM] Exception reported: Language phrase "InstaDefuseSuccessful" not found (arg 5)
L 12/20/2022 - 22:24:01: [SM] Blaming: retakes-instadefuse.smx
L 12/20/2022 - 22:24:01: [SM] Call stack trace:
L 12/20/2022 - 22:24:01: [SM]   [0] PrintToChat
L 12/20/2022 - 22:24:01: [SM]   [1] Line 197, plugin.sp::AttemptInstantDefuse
L 12/20/2022 - 22:24:01: [SM]   [2] Line 104, plugin.sp::Event_BombBeginDefusePlusFrame
L 12/20/2022 - 22:24:56: [SM] Exception reported: Language phrase "InstaDefuseSuccessful" not found (arg 5)
L 12/20/2022 - 22:24:56: [SM] Blaming: retakes-instadefuse.smx
L 12/20/2022 - 22:24:56: [SM] Call stack trace:
L 12/20/2022 - 22:24:56: [SM]   [0] PrintToChat
L 12/20/2022 - 22:24:56: [SM]   [1] Line 197, plugin.sp::AttemptInstantDefuse
L 12/20/2022 - 22:24:56: [SM]   [2] Line 104, plugin.sp::Event_BombBeginDefusePlusFrame
L 12/20/2022 - 22:25:16: [SM] Exception reported: Language phrase "InstaDefuseSuccessful" not found (arg 5)
L 12/20/2022 - 22:25:16: [SM] Blaming: retakes-instadefuse.smx
L 12/20/2022 - 22:25:16: [SM] Call stack trace:
L 12/20/2022 - 22:25:16: [SM]   [0] PrintToChat
L 12/20/2022 - 22:25:16: [SM]   [1] Line 197, plugin.sp::AttemptInstantDefuse
L 12/20/2022 - 22:25:16: [SM]   [2] Line 104, plugin.sp::Event_BombBeginDefusePlusFrame
L 12/20/2022 - 22:25:43: [SM] Exception reported: Language phrase "InstaDefuseSuccessful" not found (arg 5)
L 12/20/2022 - 22:25:43: [SM] Blaming: retakes-instadefuse.smx
L 12/20/2022 - 22:25:43: [SM] Call stack trace:
L 12/20/2022 - 22:25:43: [SM]   [0] PrintToChat
L 12/20/2022 - 22:25:43: [SM]   [1] Line 197, plugin.sp::AttemptInstantDefuse
L 12/20/2022 - 22:25:43: [SM]   [2] Line 104, plugin.sp::Event_BombBeginDefusePlusFrame
L 12/20/2022 - 22:25:59: [SM] Exception reported: Language phrase "InstaDefuseSuccessful" not found (arg 5)
L 12/20/2022 - 22:25:59: [SM] Blaming: retakes-instadefuse.smx
L 12/20/2022 - 22:25:59: [SM] Call stack trace:
L 12/20/2022 - 22:25:59: [SM]   [0] PrintToChat
L 12/20/2022 - 22:25:59: [SM]   [1] Line 197, plugin.sp::AttemptInstantDefuse
L 12/20/2022 - 22:25:59: [SM]   [2] Line 104, plugin.sp::Event_BombBeginDefusePlusFrame
L 12/20/2022 - 22:26:16: [SM] Exception reported: Language phrase "InstaDefuseSuccessful" not found (arg 5)
L 12/20/2022 - 22:26:16: [SM] Blaming: retakes-instadefuse.smx
L 12/20/2022 - 22:26:16: [SM] Call stack trace:
L 12/20/2022 - 22:26:16: [SM]   [0] PrintToChat
L 12/20/2022 - 22:26:16: [SM]   [1] Line 197, plugin.sp::AttemptInstantDefuse
L 12/20/2022 - 22:26:16: [SM]   [2] Line 104, plugin.sp::Event_BombBeginDefusePlusFrame
L 12/20/2022 - 22:26:54: [SM] Exception reported: Language phrase "InstaDefuseSuccessful" not found (arg 5)
L 12/20/2022 - 22:26:54: [SM] Blaming: retakes-instadefuse.smx
L 12/20/2022 - 22:26:54: [SM] Call stack trace:
L 12/20/2022 - 22:26:54: [SM]   [0] PrintToChat
L 12/20/2022 - 22:26:54: [SM]   [1] Line 197, plugin.sp::AttemptInstantDefuse
L 12/20/2022 - 22:26:54: [SM]   [2] Line 104, plugin.sp::Event_BombBeginDefusePlusFrame
L 12/20/2022 - 22:27:16: [SM] Exception reported: Language phrase "InstaDefuseSuccessful" not found (arg 5)
L 12/20/2022 - 22:27:16: [SM] Blaming: retakes-instadefuse.smx
L 12/20/2022 - 22:27:16: [SM] Call stack trace:
L 12/20/2022 - 22:27:16: [SM]   [0] PrintToChat
L 12/20/2022 - 22:27:16: [SM]   [1] Line 197, plugin.sp::AttemptInstantDefuse
L 12/20/2022 - 22:27:16: [SM]   [2] Line 104, plugin.sp::Event_BombBeginDefusePlusFrame
L 12/20/2022 - 22:27:40: [SM] Exception reported: Language phrase "InstaDefuseSuccessful" not found (arg 5)
L 12/20/2022 - 22:27:40: [SM] Blaming: retakes-instadefuse.smx
L 12/20/2022 - 22:27:40: [SM] Call stack trace:
L 12/20/2022 - 22:27:40: [SM]   [0] PrintToChat
L 12/20/2022 - 22:27:40: [SM]   [1] Line 197, plugin.sp::AttemptInstantDefuse
L 12/20/2022 - 22:27:40: [SM]   [2] Line 104, plugin.sp::Event_BombBeginDefusePlusFrame
L 12/20/2022 - 22:27:55: [SM] Exception reported: Language phrase "InstaDefuseSuccessful" not found (arg 5)
L 12/20/2022 - 22:27:55: [SM] Blaming: retakes-instadefuse.smx
L 12/20/2022 - 22:27:55: [SM] Call stack trace:
L 12/20/2022 - 22:27:55: [SM]   [0] PrintToChat
L 12/20/2022 - 22:27:55: [SM]   [1] Line 197, plugin.sp::AttemptInstantDefuse
L 12/20/2022 - 22:27:55: [SM]   [2] Line 104, plugin.sp::Event_BombBeginDefusePlusFrame
L 12/20/2022 - 22:28:11: [SM] Exception reported: Language phrase "InstaDefuseSuccessful" not found (arg 5)
L 12/20/2022 - 22:28:11: [SM] Blaming: retakes-instadefuse.smx
L 12/20/2022 - 22:28:11: [SM] Call stack trace:
L 12/20/2022 - 22:28:11: [SM]   [0] PrintToChat
L 12/20/2022 - 22:28:11: [SM]   [1] Line 197, plugin.sp::AttemptInstantDefuse
L 12/20/2022 - 22:28:11: [SM]   [2] Line 104, plugin.sp::Event_BombBeginDefusePlusFrame
L 12/20/2022 - 22:28:25: [SM] Exception reported: Language phrase "InstaDefuseSuccessful" not found (arg 5)
L 12/20/2022 - 22:28:25: [SM] Blaming: retakes-instadefuse.smx
L 12/20/2022 - 22:28:25: [SM] Call stack trace:
L 12/20/2022 - 22:28:25: [SM]   [0] PrintToChat
L 12/20/2022 - 22:28:25: [SM]   [1] Line 197, plugin.sp::AttemptInstantDefuse
L 12/20/2022 - 22:28:25: [SM]   [2] Line 104, plugin.sp::Event_BombBeginDefusePlusFrame
L 12/20/2022 - 22:29:10: [SM] Exception reported: Language phrase "InstaDefuseSuccessful" not found (arg 5)
L 12/20/2022 - 22:29:10: [SM] Blaming: retakes-instadefuse.smx
L 12/20/2022 - 22:29:10: [SM] Call stack trace:
L 12/20/2022 - 22:29:10: [SM]   [0] PrintToChat
L 12/20/2022 - 22:29:10: [SM]   [1] Line 197, plugin.sp::AttemptInstantDefuse
L 12/20/2022 - 22:29:10: [SM]   [2] Line 104, plugin.sp::Event_BombBeginDefusePlusFrame
L 12/20/2022 - 22:29:38: [SM] Exception reported: Language phrase "InstaDefuseSuccessful" not found (arg 5)
L 12/20/2022 - 22:29:38: [SM] Blaming: retakes-instadefuse.smx
L 12/20/2022 - 22:29:38: [SM] Call stack trace:
L 12/20/2022 - 22:29:38: [SM]   [0] PrintToChat
L 12/20/2022 - 22:29:38: [SM]   [1] Line 197, plugin.sp::AttemptInstantDefuse
L 12/20/2022 - 22:29:38: [SM]   [2] Line 104, plugin.sp::Event_BombBeginDefusePlusFrame
L 12/20/2022 - 22:29:58: [SM] Exception reported: Language phrase "InstaDefuseSuccessful" not found (arg 5)
L 12/20/2022 - 22:29:58: [SM] Blaming: retakes-instadefuse.smx
L 12/20/2022 - 22:29:58: [SM] Call stack trace:
L 12/20/2022 - 22:29:58: [SM]   [0] PrintToChat
L 12/20/2022 - 22:29:58: [SM]   [1] Line 197, plugin.sp::AttemptInstantDefuse
L 12/20/2022 - 22:29:58: [SM]   [2] Line 104, plugin.sp::Event_BombBeginDefusePlusFrame
L 12/20/2022 - 22:30:15: [SM] Exception reported: Language phrase "InstaDefuseSuccessful" not found (arg 5)
L 12/20/2022 - 22:30:15: [SM] Blaming: retakes-instadefuse.smx
L 12/20/2022 - 22:30:15: [SM] Call stack trace:
L 12/20/2022 - 22:30:15: [SM]   [0] PrintToChat
L 12/20/2022 - 22:30:15: [SM]   [1] Line 197, plugin.sp::AttemptInstantDefuse
L 12/20/2022 - 22:30:15: [SM]   [2] Line 104, plugin.sp::Event_BombBeginDefusePlusFrame
L 12/20/2022 - 22:30:54: [SM] Exception reported: Language phrase "InstaDefuseSuccessful" not found (arg 5)
L 12/20/2022 - 22:30:54: [SM] Blaming: retakes-instadefuse.smx
L 12/20/2022 - 22:30:54: [SM] Call stack trace:
L 12/20/2022 - 22:30:54: [SM]   [0] PrintToChat
L 12/20/2022 - 22:30:54: [SM]   [1] Line 197, plugin.sp::AttemptInstantDefuse
L 12/20/2022 - 22:30:54: [SM]   [2] Line 104, plugin.sp::Event_BombBeginDefusePlusFrame
L 12/20/2022 - 22:31:11: [SM] Exception reported: Language phrase "InstaDefuseSuccessful" not found (arg 5)
L 12/20/2022 - 22:31:11: [SM] Blaming: retakes-instadefuse.smx
L 12/20/2022 - 22:31:11: [SM] Call stack trace:
L 12/20/2022 - 22:31:11: [SM]   [0] PrintToChat
L 12/20/2022 - 22:31:11: [SM]   [1] Line 197, plugin.sp::AttemptInstantDefuse
L 12/20/2022 - 22:31:11: [SM]   [2] Line 104, plugin.sp::Event_BombBeginDefusePlusFrame
L 12/20/2022 - 22:32:04: [SM] Exception reported: Language phrase "InstaDefuseSuccessful" not found (arg 5)
L 12/20/2022 - 22:32:04: [SM] Blaming: retakes-instadefuse.smx
L 12/20/2022 - 22:32:04: [SM] Call stack trace:
L 12/20/2022 - 22:32:04: [SM]   [0] PrintToChat
L 12/20/2022 - 22:32:04: [SM]   [1] Line 197, plugin.sp::AttemptInstantDefuse
L 12/20/2022 - 22:32:04: [SM]   [2] Line 104, plugin.sp::Event_BombBeginDefusePlusFrame
L 12/20/2022 - 22:32:27: [SM] Exception reported: Language phrase "InstaDefuseSuccessful" not found (arg 5)
L 12/20/2022 - 22:32:27: [SM] Blaming: retakes-instadefuse.smx
L 12/20/2022 - 22:32:27: [SM] Call stack trace:
L 12/20/2022 - 22:32:27: [SM]   [0] PrintToChat
L 12/20/2022 - 22:32:27: [SM]   [1] Line 197, plugin.sp::AttemptInstantDefuse
L 12/20/2022 - 22:32:27: [SM]   [2] Line 104, plugin.sp::Event_BombBeginDefusePlusFrame
L 12/20/2022 - 22:33:31: [SM] Exception reported: Language phrase "InstaDefuseSuccessful" not found (arg 5)
L 12/20/2022 - 22:33:31: [SM] Blaming: retakes-instadefuse.smx
L 12/20/2022 - 22:33:31: [SM] Call stack trace:
L 12/20/2022 - 22:33:31: [SM]   [0] PrintToChat
L 12/20/2022 - 22:33:31: [SM]   [1] Line 197, plugin.sp::AttemptInstantDefuse
L 12/20/2022 - 22:33:31: [SM]   [2] Line 104, plugin.sp::Event_BombBeginDefusePlusFrame
L 12/20/2022 - 22:33:56: [SM] Exception reported: Language phrase "InstaDefuseSuccessful" not found (arg 5)
L 12/20/2022 - 22:33:56: [SM] Blaming: retakes-instadefuse.smx
L 12/20/2022 - 22:33:56: [SM] Call stack trace:
L 12/20/2022 - 22:33:56: [SM]   [0] PrintToChat
L 12/20/2022 - 22:33:56: [SM]   [1] Line 197, plugin.sp::AttemptInstantDefuse
L 12/20/2022 - 22:33:56: [SM]   [2] Line 104, plugin.sp::Event_BombBeginDefusePlusFrame
L 12/20/2022 - 22:33:57: [SM] Exception reported: Language phrase "InstaDefuseSuccessful" not found (arg 5)
L 12/20/2022 - 22:33:57: [SM] Blaming: retakes-instadefuse.smx
L 12/20/2022 - 22:33:57: [SM] Call stack trace:
L 12/20/2022 - 22:33:57: [SM]   [0] PrintToChat
L 12/20/2022 - 22:33:57: [SM]   [1] Line 197, plugin.sp::AttemptInstantDefuse
L 12/20/2022 - 22:33:57: [SM]   [2] Line 104, plugin.sp::Event_BombBeginDefusePlusFrame
L 12/20/2022 - 22:34:20: [SM] Exception reported: Language phrase "InstaDefuseSuccessful" not found (arg 5)
L 12/20/2022 - 22:34:20: [SM] Blaming: retakes-instadefuse.smx
L 12/20/2022 - 22:34:20: [SM] Call stack trace:
L 12/20/2022 - 22:34:20: [SM]   [0] PrintToChat
L 12/20/2022 - 22:34:20: [SM]   [1] Line 197, plugin.sp::AttemptInstantDefuse
L 12/20/2022 - 22:34:20: [SM]   [2] Line 104, plugin.sp::Event_BombBeginDefusePlusFrame
L 12/20/2022 - 22:34:38: [SM] Exception reported: Language phrase "InstaDefuseSuccessful" not found (arg 5)
L 12/20/2022 - 22:34:38: [SM] Blaming: retakes-instadefuse.smx
L 12/20/2022 - 22:34:38: [SM] Call stack trace:
L 12/20/2022 - 22:34:38: [SM]   [0] PrintToChat
L 12/20/2022 - 22:34:38: [SM]   [1] Line 197, plugin.sp::AttemptInstantDefuse
L 12/20/2022 - 22:34:38: [SM]   [2] Line 104, plugin.sp::Event_BombBeginDefusePlusFrame
L 12/20/2022 - 22:34:57: [SM] Exception reported: Language phrase "InstaDefuseSuccessful" not found (arg 5)
L 12/20/2022 - 22:34:57: [SM] Blaming: retakes-instadefuse.smx
L 12/20/2022 - 22:34:57: [SM] Call stack trace:
L 12/20/2022 - 22:34:57: [SM]   [0] PrintToChat
L 12/20/2022 - 22:34:57: [SM]   [1] Line 197, plugin.sp::AttemptInstantDefuse
L 12/20/2022 - 22:34:57: [SM]   [2] Line 104, plugin.sp::Event_BombBeginDefusePlusFrame
L 12/20/2022 - 22:35:45: [SM] Exception reported: Language phrase "InstaDefuseSuccessful" not found (arg 5)
L 12/20/2022 - 22:35:45: [SM] Blaming: retakes-instadefuse.smx
L 12/20/2022 - 22:35:45: [SM] Call stack trace:
L 12/20/2022 - 22:35:45: [SM]   [0] PrintToChat
L 12/20/2022 - 22:35:45: [SM]   [1] Line 197, plugin.sp::AttemptInstantDefuse
L 12/20/2022 - 22:35:45: [SM]   [2] Line 104, plugin.sp::Event_BombBeginDefusePlusFrame
L 12/20/2022 - 22:36:00: [SM] Exception reported: Language phrase "InstaDefuseSuccessful" not found (arg 5)
L 12/20/2022 - 22:36:00: [SM] Blaming: retakes-instadefuse.smx
L 12/20/2022 - 22:36:00: [SM] Call stack trace:
L 12/20/2022 - 22:36:00: [SM]   [0] PrintToChat
L 12/20/2022 - 22:36:00: [SM]   [1] Line 197, plugin.sp::AttemptInstantDefuse
L 12/20/2022 - 22:36:00: [SM]   [2] Line 104, plugin.sp::Event_BombBeginDefusePlusFrame
L 12/20/2022 - 22:36:35: [SM] Exception reported: Language phrase "InstaDefuseSuccessful" not found (arg 5)
L 12/20/2022 - 22:36:35: [SM] Blaming: retakes-instadefuse.smx
L 12/20/2022 - 22:36:35: [SM] Call stack trace:
L 12/20/2022 - 22:36:35: [SM]   [0] PrintToChat
L 12/20/2022 - 22:36:35: [SM]   [1] Line 197, plugin.sp::AttemptInstantDefuse
L 12/20/2022 - 22:36:35: [SM]   [2] Line 104, plugin.sp::Event_BombBeginDefusePlusFrame
L 12/20/2022 - 22:37:12: [SM] Exception reported: Language phrase "InstaDefuseSuccessful" not found (arg 5)
L 12/20/2022 - 22:37:12: [SM] Blaming: retakes-instadefuse.smx
L 12/20/2022 - 22:37:12: [SM] Call stack trace:
L 12/20/2022 - 22:37:12: [SM]   [0] PrintToChat
L 12/20/2022 - 22:37:12: [SM]   [1] Line 197, plugin.sp::AttemptInstantDefuse
L 12/20/2022 - 22:37:12: [SM]   [2] Line 104, plugin.sp::Event_BombBeginDefusePlusFrame
L 12/20/2022 - 22:37:37: [SM] Exception reported: Language phrase "InstaDefuseSuccessful" not found (arg 5)
L 12/20/2022 - 22:37:37: [SM] Blaming: retakes-instadefuse.smx
L 12/20/2022 - 22:37:37: [SM] Call stack trace:
L 12/20/2022 - 22:37:37: [SM]   [0] PrintToChat
L 12/20/2022 - 22:37:37: [SM]   [1] Line 197, plugin.sp::AttemptInstantDefuse
L 12/20/2022 - 22:37:37: [SM]   [2] Line 104, plugin.sp::Event_BombBeginDefusePlusFrame
L 12/20/2022 - 22:37:55: [SM] Exception reported: Language phrase "InstaDefuseSuccessful" not found (arg 5)
L 12/20/2022 - 22:37:55: [SM] Blaming: retakes-instadefuse.smx
L 12/20/2022 - 22:37:55: [SM] Call stack trace:
L 12/20/2022 - 22:37:55: [SM]   [0] PrintToChat
L 12/20/2022 - 22:37:55: [SM]   [1] Line 197, plugin.sp::AttemptInstantDefuse
L 12/20/2022 - 22:37:55: [SM]   [2] Line 104, plugin.sp::Event_BombBeginDefusePlusFrame
L 12/20/2022 - 22:38:12: [SM] Exception reported: Language phrase "InstaDefuseSuccessful" not found (arg 5)
L 12/20/2022 - 22:38:12: [SM] Blaming: retakes-instadefuse.smx
L 12/20/2022 - 22:38:12: [SM] Call stack trace:
L 12/20/2022 - 22:38:12: [SM]   [0] PrintToChat
L 12/20/2022 - 22:38:12: [SM]   [1] Line 197, plugin.sp::AttemptInstantDefuse
L 12/20/2022 - 22:38:12: [SM]   [2] Line 104, plugin.sp::Event_BombBeginDefusePlusFrame
L 12/20/2022 - 22:38:27: [SM] Exception reported: Language phrase "InstaDefuseSuccessful" not found (arg 5)
L 12/20/2022 - 22:38:27: [SM] Blaming: retakes-instadefuse.smx
L 12/20/2022 - 22:38:27: [SM] Call stack trace:
L 12/20/2022 - 22:38:27: [SM]   [0] PrintToChat
L 12/20/2022 - 22:38:27: [SM]   [1] Line 197, plugin.sp::AttemptInstantDefuse
L 12/20/2022 - 22:38:27: [SM]   [2] Line 104, plugin.sp::Event_BombBeginDefusePlusFrame
L 12/20/2022 - 22:38:47: [SM] Exception reported: Language phrase "InstaDefuseSuccessful" not found (arg 5)
L 12/20/2022 - 22:38:47: [SM] Blaming: retakes-instadefuse.smx
L 12/20/2022 - 22:38:47: [SM] Call stack trace:
L 12/20/2022 - 22:38:47: [SM]   [0] PrintToChat
L 12/20/2022 - 22:38:47: [SM]   [1] Line 197, plugin.sp::AttemptInstantDefuse
L 12/20/2022 - 22:38:47: [SM]   [2] Line 104, plugin.sp::Event_BombBeginDefusePlusFrame
L 12/20/2022 - 22:39:09: [SM] Exception reported: Language phrase "InstaDefuseSuccessful" not found (arg 5)
L 12/20/2022 - 22:39:09: [SM] Blaming: retakes-instadefuse.smx
L 12/20/2022 - 22:39:09: [SM] Call stack trace:
L 12/20/2022 - 22:39:09: [SM]   [0] PrintToChat
L 12/20/2022 - 22:39:09: [SM]   [1] Line 197, plugin.sp::AttemptInstantDefuse
L 12/20/2022 - 22:39:09: [SM]   [2] Line 104, plugin.sp::Event_BombBeginDefusePlusFrame
L 12/20/2022 - 22:39:27: [SM] Exception reported: Language phrase "InstaDefuseSuccessful" not found (arg 5)
L 12/20/2022 - 22:39:27: [SM] Blaming: retakes-instadefuse.smx
L 12/20/2022 - 22:39:27: [SM] Call stack trace:
L 12/20/2022 - 22:39:27: [SM]   [0] PrintToChat
L 12/20/2022 - 22:39:27: [SM]   [1] Line 197, plugin.sp::AttemptInstantDefuse
L 12/20/2022 - 22:39:27: [SM]   [2] Line 104, plugin.sp::Event_BombBeginDefusePlusFrame
L 12/20/2022 - 22:39:44: [SM] Exception reported: Language phrase "InstaDefuseSuccessful" not found (arg 5)
L 12/20/2022 - 22:39:44: [SM] Blaming: retakes-instadefuse.smx
L 12/20/2022 - 22:39:44: [SM] Call stack trace:
L 12/20/2022 - 22:39:44: [SM]   [0] PrintToChat
L 12/20/2022 - 22:39:44: [SM]   [1] Line 197, plugin.sp::AttemptInstantDefuse
L 12/20/2022 - 22:39:44: [SM]   [2] Line 104, plugin.sp::Event_BombBeginDefusePlusFrame
L 12/20/2022 - 22:40:16: [SM] Exception reported: Language phrase "InstaDefuseSuccessful" not found (arg 5)
L 12/20/2022 - 22:40:16: [SM] Blaming: retakes-instadefuse.smx
L 12/20/2022 - 22:40:16: [SM] Call stack trace:
L 12/20/2022 - 22:40:16: [SM]   [0] PrintToChat
L 12/20/2022 - 22:40:16: [SM]   [1] Line 197, plugin.sp::AttemptInstantDefuse
L 12/20/2022 - 22:40:16: [SM]   [2] Line 104, plugin.sp::Event_BombBeginDefusePlusFrame
L 12/20/2022 - 22:40:44: [SM] Exception reported: Language phrase "InstaDefuseSuccessful" not found (arg 5)
L 12/20/2022 - 22:40:44: [SM] Blaming: retakes-instadefuse.smx
L 12/20/2022 - 22:40:44: [SM] Call stack trace:
L 12/20/2022 - 22:40:44: [SM]   [0] PrintToChat
L 12/20/2022 - 22:40:44: [SM]   [1] Line 197, plugin.sp::AttemptInstantDefuse
L 12/20/2022 - 22:40:44: [SM]   [2] Line 104, plugin.sp::Event_BombBeginDefusePlusFrame
L 12/20/2022 - 22:41:25: [SM] Exception reported: Language phrase "InstaDefuseUnsuccessful" not found (arg 5)
L 12/20/2022 - 22:41:25: [SM] Blaming: retakes-instadefuse.smx
L 12/20/2022 - 22:41:25: [SM] Call stack trace:
L 12/20/2022 - 22:41:25: [SM]   [0] PrintToChat
L 12/20/2022 - 22:41:25: [SM]   [1] Line 143, plugin.sp::AttemptInstantDefuse
L 12/20/2022 - 22:41:25: [SM]   [2] Line 104, plugin.sp::Event_BombBeginDefusePlusFrame
L 12/20/2022 - 22:41:25: [SM] Exception reported: Language phrase "InstaDefuseUnsuccessful" not found (arg 5)
L 12/20/2022 - 22:41:25: [SM] Blaming: retakes-instadefuse.smx
L 12/20/2022 - 22:41:25: [SM] Call stack trace:
L 12/20/2022 - 22:41:25: [SM]   [0] PrintToChat
L 12/20/2022 - 22:41:25: [SM]   [1] Line 143, plugin.sp::AttemptInstantDefuse
L 12/20/2022 - 22:41:25: [SM]   [2] Line 104, plugin.sp::Event_BombBeginDefusePlusFrame
L 12/20/2022 - 22:41:40: [SM] Exception reported: Language phrase "InstaDefuseSuccessful" not found (arg 5)
L 12/20/2022 - 22:41:40: [SM] Blaming: retakes-instadefuse.smx
L 12/20/2022 - 22:41:40: [SM] Call stack trace:
L 12/20/2022 - 22:41:40: [SM]   [0] PrintToChat
L 12/20/2022 - 22:41:40: [SM]   [1] Line 197, plugin.sp::AttemptInstantDefuse
L 12/20/2022 - 22:41:40: [SM]   [2] Line 104, plugin.sp::Event_BombBeginDefusePlusFrame
L 12/20/2022 - 22:43:01: [SM] Exception reported: Language phrase "MolotovTooClose" not found (arg 5)
L 12/20/2022 - 22:43:01: [SM] Blaming: retakes-instadefuse.smx
L 12/20/2022 - 22:43:01: [SM] Call stack trace:
L 12/20/2022 - 22:43:01: [SM]   [0] PrintToChat
L 12/20/2022 - 22:43:01: [SM]   [1] Line 181, plugin.sp::AttemptInstantDefuse
L 12/20/2022 - 22:43:01: [SM]   [2] Line 104, plugin.sp::Event_BombBeginDefusePlusFrame
L 12/20/2022 - 22:43:15: [SM] Exception reported: Language phrase "InstaDefuseSuccessful" not found (arg 5)
L 12/20/2022 - 22:43:15: [SM] Blaming: retakes-instadefuse.smx
L 12/20/2022 - 22:43:15: [SM] Call stack trace:
L 12/20/2022 - 22:43:15: [SM]   [0] PrintToChat
L 12/20/2022 - 22:43:15: [SM]   [1] Line 197, plugin.sp::AttemptInstantDefuse
L 12/20/2022 - 22:43:15: [SM]   [2] Line 104, plugin.sp::Event_BombBeginDefusePlusFrame
L 12/20/2022 - 22:43:53: [SM] Exception reported: Language phrase "InstaDefuseSuccessful" not found (arg 5)
L 12/20/2022 - 22:43:53: [SM] Blaming: retakes-instadefuse.smx
L 12/20/2022 - 22:43:53: [SM] Call stack trace:
L 12/20/2022 - 22:43:53: [SM]   [0] PrintToChat
L 12/20/2022 - 22:43:53: [SM]   [1] Line 197, plugin.sp::AttemptInstantDefuse
L 12/20/2022 - 22:43:53: [SM]   [2] Line 104, plugin.sp::Event_BombBeginDefusePlusFrame
L 12/20/2022 - 22:44:18: [SM] Exception reported: Language phrase "InstaDefuseSuccessful" not found (arg 5)
L 12/20/2022 - 22:44:18: [SM] Blaming: retakes-instadefuse.smx
L 12/20/2022 - 22:44:18: [SM] Call stack trace:
L 12/20/2022 - 22:44:18: [SM]   [0] PrintToChat
L 12/20/2022 - 22:44:18: [SM]   [1] Line 197, plugin.sp::AttemptInstantDefuse
L 12/20/2022 - 22:44:18: [SM]   [2] Line 104, plugin.sp::Event_BombBeginDefusePlusFrame
L 12/20/2022 - 22:44:42: [SM] Exception reported: Language phrase "InstaDefuseSuccessful" not found (arg 5)
L 12/20/2022 - 22:44:42: [SM] Blaming: retakes-instadefuse.smx
L 12/20/2022 - 22:44:42: [SM] Call stack trace:
L 12/20/2022 - 22:44:42: [SM]   [0] PrintToChat
L 12/20/2022 - 22:44:42: [SM]   [1] Line 197, plugin.sp::AttemptInstantDefuse
L 12/20/2022 - 22:44:42: [SM]   [2] Line 104, plugin.sp::Event_BombBeginDefusePlusFrame
L 12/20/2022 - 22:45:09: [SM] Exception reported: Language phrase "InstaDefuseSuccessful" not found (arg 5)
L 12/20/2022 - 22:45:09: [SM] Blaming: retakes-instadefuse.smx
L 12/20/2022 - 22:45:09: [SM] Call stack trace:
L 12/20/2022 - 22:45:09: [SM]   [0] PrintToChat
L 12/20/2022 - 22:45:09: [SM]   [1] Line 197, plugin.sp::AttemptInstantDefuse
L 12/20/2022 - 22:45:09: [SM]   [2] Line 104, plugin.sp::Event_BombBeginDefusePlusFrame
L 12/20/2022 - 22:45:25: [SM] Exception reported: Language phrase "InstaDefuseSuccessful" not found (arg 5)
L 12/20/2022 - 22:45:25: [SM] Blaming: retakes-instadefuse.smx
L 12/20/2022 - 22:45:25: [SM] Call stack trace:
L 12/20/2022 - 22:45:25: [SM]   [0] PrintToChat
L 12/20/2022 - 22:45:25: [SM]   [1] Line 197, plugin.sp::AttemptInstantDefuse
L 12/20/2022 - 22:45:25: [SM]   [2] Line 104, plugin.sp::Event_BombBeginDefusePlusFrame
L 12/20/2022 - 22:46:02: [SM] Exception reported: Language phrase "InstaDefuseSuccessful" not found (arg 5)
L 12/20/2022 - 22:46:02: [SM] Blaming: retakes-instadefuse.smx
L 12/20/2022 - 22:46:02: [SM] Call stack trace:
L 12/20/2022 - 22:46:02: [SM]   [0] PrintToChat
L 12/20/2022 - 22:46:02: [SM]   [1] Line 197, plugin.sp::AttemptInstantDefuse
L 12/20/2022 - 22:46:02: [SM]   [2] Line 104, plugin.sp::Event_BombBeginDefusePlusFrame
L 12/20/2022 - 22:46:16: [SM] Exception reported: Language phrase "InstaDefuseSuccessful" not found (arg 5)
L 12/20/2022 - 22:46:16: [SM] Blaming: retakes-instadefuse.smx
L 12/20/2022 - 22:46:16: [SM] Call stack trace:
L 12/20/2022 - 22:46:16: [SM]   [0] PrintToChat
L 12/20/2022 - 22:46:16: [SM]   [1] Line 197, plugin.sp::AttemptInstantDefuse
L 12/20/2022 - 22:46:16: [SM]   [2] Line 104, plugin.sp::Event_BombBeginDefusePlusFrame
L 12/20/2022 - 22:46:38: [SM] Exception reported: Language phrase "InstaDefuseSuccessful" not found (arg 5)
L 12/20/2022 - 22:46:38: [SM] Blaming: retakes-instadefuse.smx
L 12/20/2022 - 22:46:38: [SM] Call stack trace:
L 12/20/2022 - 22:46:38: [SM]   [0] PrintToChat
L 12/20/2022 - 22:46:38: [SM]   [1] Line 197, plugin.sp::AttemptInstantDefuse
L 12/20/2022 - 22:46:38: [SM]   [2] Line 104, plugin.sp::Event_BombBeginDefusePlusFrame
L 12/20/2022 - 22:47:07: [SM] Exception reported: Language phrase "InstaDefuseSuccessful" not found (arg 5)
L 12/20/2022 - 22:47:07: [SM] Blaming: retakes-instadefuse.smx
L 12/20/2022 - 22:47:07: [SM] Call stack trace:
L 12/20/2022 - 22:47:07: [SM]   [0] PrintToChat
L 12/20/2022 - 22:47:07: [SM]   [1] Line 197, plugin.sp::AttemptInstantDefuse
L 12/20/2022 - 22:47:07: [SM]   [2] Line 104, plugin.sp::Event_BombBeginDefusePlusFrame
L 12/20/2022 - 22:48:12: [SM] Exception reported: Language phrase "InstaDefuseSuccessful" not found (arg 5)
L 12/20/2022 - 22:48:12: [SM] Blaming: retakes-instadefuse.smx
L 12/20/2022 - 22:48:12: [SM] Call stack trace:
L 12/20/2022 - 22:48:12: [SM]   [0] PrintToChat
L 12/20/2022 - 22:48:12: [SM]   [1] Line 197, plugin.sp::AttemptInstantDefuse
L 12/20/2022 - 22:48:12: [SM]   [2] Line 104, plugin.sp::Event_BombBeginDefusePlusFrame
L 12/20/2022 - 22:48:29: [SM] Exception reported: Language phrase "InstaDefuseSuccessful" not found (arg 5)
L 12/20/2022 - 22:48:29: [SM] Blaming: retakes-instadefuse.smx
L 12/20/2022 - 22:48:29: [SM] Call stack trace:
L 12/20/2022 - 22:48:29: [SM]   [0] PrintToChat
L 12/20/2022 - 22:48:29: [SM]   [1] Line 197, plugin.sp::AttemptInstantDefuse
L 12/20/2022 - 22:48:29: [SM]   [2] Line 104, plugin.sp::Event_BombBeginDefusePlusFrame
L 12/20/2022 - 22:48:45: [SM] Exception reported: Language phrase "InstaDefuseSuccessful" not found (arg 5)
L 12/20/2022 - 22:48:45: [SM] Blaming: retakes-instadefuse.smx
L 12/20/2022 - 22:48:45: [SM] Call stack trace:
L 12/20/2022 - 22:48:45: [SM]   [0] PrintToChat
L 12/20/2022 - 22:48:45: [SM]   [1] Line 197, plugin.sp::AttemptInstantDefuse
L 12/20/2022 - 22:48:45: [SM]   [2] Line 104, plugin.sp::Event_BombBeginDefusePlusFrame
L 12/20/2022 - 22:48:59: [SM] Exception reported: Language phrase "InstaDefuseSuccessful" not found (arg 5)
L 12/20/2022 - 22:48:59: [SM] Blaming: retakes-instadefuse.smx
L 12/20/2022 - 22:48:59: [SM] Call stack trace:
L 12/20/2022 - 22:48:59: [SM]   [0] PrintToChat
L 12/20/2022 - 22:48:59: [SM]   [1] Line 197, plugin.sp::AttemptInstantDefuse
L 12/20/2022 - 22:48:59: [SM]   [2] Line 104, plugin.sp::Event_BombBeginDefusePlusFrame
L 12/20/2022 - 22:49:35: [SM] Exception reported: Language phrase "InstaDefuseSuccessful" not found (arg 5)
L 12/20/2022 - 22:49:35: [SM] Blaming: retakes-instadefuse.smx
L 12/20/2022 - 22:49:35: [SM] Call stack trace:
L 12/20/2022 - 22:49:35: [SM]   [0] PrintToChat
L 12/20/2022 - 22:49:35: [SM]   [1] Line 197, plugin.sp::AttemptInstantDefuse
L 12/20/2022 - 22:49:35: [SM]   [2] Line 104, plugin.sp::Event_BombBeginDefusePlusFrame
L 12/20/2022 - 22:51:12: [SM] Exception reported: Language phrase "InstaDefuseSuccessful" not found (arg 5)
L 12/20/2022 - 22:51:12: [SM] Blaming: retakes-instadefuse.smx
L 12/20/2022 - 22:51:12: [SM] Call stack trace:
L 12/20/2022 - 22:51:12: [SM]   [0] PrintToChat
L 12/20/2022 - 22:51:12: [SM]   [1] Line 197, plugin.sp::AttemptInstantDefuse
L 12/20/2022 - 22:51:12: [SM]   [2] Line 104, plugin.sp::Event_BombBeginDefusePlusFrame
L 12/20/2022 - 22:51:38: [SM] Exception reported: Language phrase "InstaDefuseSuccessful" not found (arg 5)
L 12/20/2022 - 22:51:38: [SM] Blaming: retakes-instadefuse.smx
L 12/20/2022 - 22:51:38: [SM] Call stack trace:
L 12/20/2022 - 22:51:38: [SM]   [0] PrintToChat
L 12/20/2022 - 22:51:38: [SM]   [1] Line 197, plugin.sp::AttemptInstantDefuse
L 12/20/2022 - 22:51:38: [SM]   [2] Line 104, plugin.sp::Event_BombBeginDefusePlusFrame
L 12/20/2022 - 22:51:54: [SM] Exception reported: Language phrase "LiveNadeSomewhere" not found (arg 5)
L 12/20/2022 - 22:51:54: [SM] Blaming: retakes-instadefuse.smx
L 12/20/2022 - 22:51:54: [SM] Call stack trace:
L 12/20/2022 - 22:51:54: [SM]   [0] PrintToChat
L 12/20/2022 - 22:51:54: [SM]   [1] Line 168, plugin.sp::AttemptInstantDefuse
L 12/20/2022 - 22:51:54: [SM]   [2] Line 104, plugin.sp::Event_BombBeginDefusePlusFrame
L 12/20/2022 - 22:52:10: [SM] Exception reported: Language phrase "InstaDefuseSuccessful" not found (arg 5)
L 12/20/2022 - 22:52:10: [SM] Blaming: retakes-instadefuse.smx
L 12/20/2022 - 22:52:10: [SM] Call stack trace:
L 12/20/2022 - 22:52:10: [SM]   [0] PrintToChat
L 12/20/2022 - 22:52:10: [SM]   [1] Line 197, plugin.sp::AttemptInstantDefuse
L 12/20/2022 - 22:52:10: [SM]   [2] Line 104, plugin.sp::Event_BombBeginDefusePlusFrame
L 12/20/2022 - 22:52:30: [SM] Exception reported: Language phrase "InstaDefuseSuccessful" not found (arg 5)
L 12/20/2022 - 22:52:30: [SM] Blaming: retakes-instadefuse.smx
L 12/20/2022 - 22:52:30: [SM] Call stack trace:
L 12/20/2022 - 22:52:30: [SM]   [0] PrintToChat
L 12/20/2022 - 22:52:30: [SM]   [1] Line 197, plugin.sp::AttemptInstantDefuse
L 12/20/2022 - 22:52:30: [SM]   [2] Line 104, plugin.sp::Event_BombBeginDefusePlusFrame
L 12/20/2022 - 22:52:32: [SM] Exception reported: Language phrase "InstaDefuseSuccessful" not found (arg 5)
L 12/20/2022 - 22:52:32: [SM] Blaming: retakes-instadefuse.smx
L 12/20/2022 - 22:52:32: [SM] Call stack trace:
L 12/20/2022 - 22:52:32: [SM]   [0] PrintToChat
L 12/20/2022 - 22:52:32: [SM]   [1] Line 197, plugin.sp::AttemptInstantDefuse
L 12/20/2022 - 22:52:32: [SM]   [2] Line 104, plugin.sp::Event_BombBeginDefusePlusFrame
L 12/20/2022 - 22:53:35: [SM] Exception reported: Language phrase "InstaDefuseSuccessful" not found (arg 5)
L 12/20/2022 - 22:53:35: [SM] Blaming: retakes-instadefuse.smx
L 12/20/2022 - 22:53:35: [SM] Call stack trace:
L 12/20/2022 - 22:53:35: [SM]   [0] PrintToChat
L 12/20/2022 - 22:53:35: [SM]   [1] Line 197, plugin.sp::AttemptInstantDefuse
L 12/20/2022 - 22:53:35: [SM]   [2] Line 104, plugin.sp::Event_BombBeginDefusePlusFrame
L 12/20/2022 - 22:53:55: [SM] Exception reported: Language phrase "InstaDefuseSuccessful" not found (arg 5)
L 12/20/2022 - 22:53:55: [SM] Blaming: retakes-instadefuse.smx
L 12/20/2022 - 22:53:55: [SM] Call stack trace:
L 12/20/2022 - 22:53:55: [SM]   [0] PrintToChat
L 12/20/2022 - 22:53:55: [SM]   [1] Line 197, plugin.sp::AttemptInstantDefuse
L 12/20/2022 - 22:53:55: [SM]   [2] Line 104, plugin.sp::Event_BombBeginDefusePlusFrame
L 12/20/2022 - 22:54:09: [SM] Exception reported: Language phrase "InstaDefuseSuccessful" not found (arg 5)
L 12/20/2022 - 22:54:09: [SM] Blaming: retakes-instadefuse.smx
L 12/20/2022 - 22:54:09: [SM] Call stack trace:
L 12/20/2022 - 22:54:09: [SM]   [0] PrintToChat
L 12/20/2022 - 22:54:10: [SM]   [1] Line 197, plugin.sp::AttemptInstantDefuse
L 12/20/2022 - 22:54:10: [SM]   [2] Line 104, plugin.sp::Event_BombBeginDefusePlusFrame
L 12/20/2022 - 22:54:28: [SM] Exception reported: Language phrase "InstaDefuseSuccessful" not found (arg 5)
L 12/20/2022 - 22:54:28: [SM] Blaming: retakes-instadefuse.smx
L 12/20/2022 - 22:54:28: [SM] Call stack trace:
L 12/20/2022 - 22:54:28: [SM]   [0] PrintToChat
L 12/20/2022 - 22:54:28: [SM]   [1] Line 197, plugin.sp::AttemptInstantDefuse
L 12/20/2022 - 22:54:28: [SM]   [2] Line 104, plugin.sp::Event_BombBeginDefusePlusFrame
L 12/20/2022 - 22:55:03: [SM] Exception reported: Language phrase "InstaDefuseSuccessful" not found (arg 5)
L 12/20/2022 - 22:55:03: [SM] Blaming: retakes-instadefuse.smx
L 12/20/2022 - 22:55:03: [SM] Call stack trace:
L 12/20/2022 - 22:55:03: [SM]   [0] PrintToChat
L 12/20/2022 - 22:55:03: [SM]   [1] Line 197, plugin.sp::AttemptInstantDefuse
L 12/20/2022 - 22:55:03: [SM]   [2] Line 104, plugin.sp::Event_BombBeginDefusePlusFrame
L 12/20/2022 - 22:55:04: [SM] Exception reported: Language phrase "InstaDefuseSuccessful" not found (arg 5)
L 12/20/2022 - 22:55:04: [SM] Blaming: retakes-instadefuse.smx
L 12/20/2022 - 22:55:04: [SM] Call stack trace:
L 12/20/2022 - 22:55:04: [SM]   [0] PrintToChat
L 12/20/2022 - 22:55:04: [SM]   [1] Line 197, plugin.sp::AttemptInstantDefuse
L 12/20/2022 - 22:55:04: [SM]   [2] Line 104, plugin.sp::Event_BombBeginDefusePlusFrame
L 12/20/2022 - 22:55:25: [SM] Exception reported: Language phrase "InstaDefuseSuccessful" not found (arg 5)
L 12/20/2022 - 22:55:25: [SM] Blaming: retakes-instadefuse.smx
L 12/20/2022 - 22:55:25: [SM] Call stack trace:
L 12/20/2022 - 22:55:25: [SM]   [0] PrintToChat
L 12/20/2022 - 22:55:25: [SM]   [1] Line 197, plugin.sp::AttemptInstantDefuse
L 12/20/2022 - 22:55:25: [SM]   [2] Line 104, plugin.sp::Event_BombBeginDefusePlusFrame
L 12/20/2022 - 22:56:15: [SM] Exception reported: Language phrase "InstaDefuseSuccessful" not found (arg 5)
L 12/20/2022 - 22:56:15: [SM] Blaming: retakes-instadefuse.smx
L 12/20/2022 - 22:56:15: [SM] Call stack trace:
L 12/20/2022 - 22:56:15: [SM]   [0] PrintToChat
L 12/20/2022 - 22:56:15: [SM]   [1] Line 197, plugin.sp::AttemptInstantDefuse
L 12/20/2022 - 22:56:15: [SM]   [2] Line 104, plugin.sp::Event_BombBeginDefusePlusFrame
L 12/20/2022 - 22:56:42: [SM] Exception reported: Language phrase "InstaDefuseSuccessful" not found (arg 5)
L 12/20/2022 - 22:56:42: [SM] Blaming: retakes-instadefuse.smx
L 12/20/2022 - 22:56:42: [SM] Call stack trace:
L 12/20/2022 - 22:56:42: [SM]   [0] PrintToChat
L 12/20/2022 - 22:56:42: [SM]   [1] Line 197, plugin.sp::AttemptInstantDefuse
L 12/20/2022 - 22:56:42: [SM]   [2] Line 104, plugin.sp::Event_BombBeginDefusePlusFrame
L 12/20/2022 - 22:57:06: [SM] Exception reported: Language phrase "InstaDefuseSuccessful" not found (arg 5)
L 12/20/2022 - 22:57:06: [SM] Blaming: retakes-instadefuse.smx
L 12/20/2022 - 22:57:06: [SM] Call stack trace:
L 12/20/2022 - 22:57:06: [SM]   [0] PrintToChat
L 12/20/2022 - 22:57:06: [SM]   [1] Line 197, plugin.sp::AttemptInstantDefuse
L 12/20/2022 - 22:57:06: [SM]   [2] Line 104, plugin.sp::Event_BombBeginDefusePlusFrame
L 12/20/2022 - 22:57:06: [SM] Exception reported: Language phrase "InstaDefuseSuccessful" not found (arg 5)
L 12/20/2022 - 22:57:06: [SM] Blaming: retakes-instadefuse.smx
L 12/20/2022 - 22:57:06: [SM] Call stack trace:
L 12/20/2022 - 22:57:06: [SM]   [0] PrintToChat
L 12/20/2022 - 22:57:06: [SM]   [1] Line 197, plugin.sp::AttemptInstantDefuse
L 12/20/2022 - 22:57:06: [SM]   [2] Line 104, plugin.sp::Event_BombBeginDefusePlusFrame
L 12/20/2022 - 22:57:08: [SM] Exception reported: Language phrase "InstaDefuseSuccessful" not found (arg 5)
L 12/20/2022 - 22:57:08: [SM] Blaming: retakes-instadefuse.smx
L 12/20/2022 - 22:57:08: [SM] Call stack trace:
L 12/20/2022 - 22:57:08: [SM]   [0] PrintToChat
L 12/20/2022 - 22:57:08: [SM]   [1] Line 197, plugin.sp::AttemptInstantDefuse
L 12/20/2022 - 22:57:08: [SM]   [2] Line 104, plugin.sp::Event_BombBeginDefusePlusFrame
L 12/20/2022 - 22:57:34: [SM] Exception reported: Language phrase "InstaDefuseSuccessful" not found (arg 5)
L 12/20/2022 - 22:57:34: [SM] Blaming: retakes-instadefuse.smx
L 12/20/2022 - 22:57:34: [SM] Call stack trace:
L 12/20/2022 - 22:57:34: [SM]   [0] PrintToChat
L 12/20/2022 - 22:57:34: [SM]   [1] Line 197, plugin.sp::AttemptInstantDefuse
L 12/20/2022 - 22:57:34: [SM]   [2] Line 104, plugin.sp::Event_BombBeginDefusePlusFrame
L 12/20/2022 - 22:58:08: [SM] Exception reported: Language phrase "InstaDefuseSuccessful" not found (arg 5)
L 12/20/2022 - 22:58:08: [SM] Blaming: retakes-instadefuse.smx
L 12/20/2022 - 22:58:08: [SM] Call stack trace:
L 12/20/2022 - 22:58:08: [SM]   [0] PrintToChat
L 12/20/2022 - 22:58:08: [SM]   [1] Line 197, plugin.sp::AttemptInstantDefuse
L 12/20/2022 - 22:58:08: [SM]   [2] Line 104, plugin.sp::Event_BombBeginDefusePlusFrame
L 12/20/2022 - 22:58:23: [SM] Exception reported: Language phrase "InstaDefuseSuccessful" not found (arg 5)
L 12/20/2022 - 22:58:23: [SM] Blaming: retakes-instadefuse.smx
L 12/20/2022 - 22:58:23: [SM] Call stack trace:
L 12/20/2022 - 22:58:23: [SM]   [0] PrintToChat
L 12/20/2022 - 22:58:23: [SM]   [1] Line 197, plugin.sp::AttemptInstantDefuse
L 12/20/2022 - 22:58:23: [SM]   [2] Line 104, plugin.sp::Event_BombBeginDefusePlusFrame
L 12/20/2022 - 22:58:51: [SM] Exception reported: Language phrase "InstaDefuseSuccessful" not found (arg 5)
L 12/20/2022 - 22:58:51: [SM] Blaming: retakes-instadefuse.smx
L 12/20/2022 - 22:58:51: [SM] Call stack trace:
L 12/20/2022 - 22:58:51: [SM]   [0] PrintToChat
L 12/20/2022 - 22:58:51: [SM]   [1] Line 197, plugin.sp::AttemptInstantDefuse
L 12/20/2022 - 22:58:51: [SM]   [2] Line 104, plugin.sp::Event_BombBeginDefusePlusFrame
L 12/20/2022 - 22:59:10: [SM] Exception reported: Language phrase "InstaDefuseSuccessful" not found (arg 5)
L 12/20/2022 - 22:59:10: [SM] Blaming: retakes-instadefuse.smx
L 12/20/2022 - 22:59:10: [SM] Call stack trace:
L 12/20/2022 - 22:59:10: [SM]   [0] PrintToChat
L 12/20/2022 - 22:59:10: [SM]   [1] Line 197, plugin.sp::AttemptInstantDefuse
L 12/20/2022 - 22:59:10: [SM]   [2] Line 104, plugin.sp::Event_BombBeginDefusePlusFrame
L 12/20/2022 - 22:59:11: [SM] Exception reported: Language phrase "InstaDefuseSuccessful" not found (arg 5)
L 12/20/2022 - 22:59:11: [SM] Blaming: retakes-instadefuse.smx
L 12/20/2022 - 22:59:11: [SM] Call stack trace:
L 12/20/2022 - 22:59:11: [SM]   [0] PrintToChat
L 12/20/2022 - 22:59:11: [SM]   [1] Line 197, plugin.sp::AttemptInstantDefuse
L 12/20/2022 - 22:59:11: [SM]   [2] Line 104, plugin.sp::Event_BombBeginDefusePlusFrame
L 12/20/2022 - 22:59:38: [SM] Exception reported: Language phrase "InstaDefuseSuccessful" not found (arg 5)
L 12/20/2022 - 22:59:38: [SM] Blaming: retakes-instadefuse.smx
L 12/20/2022 - 22:59:38: [SM] Call stack trace:
L 12/20/2022 - 22:59:38: [SM]   [0] PrintToChat
L 12/20/2022 - 22:59:38: [SM]   [1] Line 197, plugin.sp::AttemptInstantDefuse
L 12/20/2022 - 22:59:38: [SM]   [2] Line 104, plugin.sp::Event_BombBeginDefusePlusFrame
L 12/20/2022 - 23:01:08: [SM] Exception reported: Language phrase "InstaDefuseSuccessful" not found (arg 5)
L 12/20/2022 - 23:01:08: [SM] Blaming: retakes-instadefuse.smx
L 12/20/2022 - 23:01:08: [SM] Call stack trace:
L 12/20/2022 - 23:01:08: [SM]   [0] PrintToChat
L 12/20/2022 - 23:01:08: [SM]   [1] Line 197, plugin.sp::AttemptInstantDefuse
L 12/20/2022 - 23:01:08: [SM]   [2] Line 104, plugin.sp::Event_BombBeginDefusePlusFrame
L 12/20/2022 - 23:01:24: [SM] Exception reported: Language phrase "InstaDefuseSuccessful" not found (arg 5)
L 12/20/2022 - 23:01:24: [SM] Blaming: retakes-instadefuse.smx
L 12/20/2022 - 23:01:24: [SM] Call stack trace:
L 12/20/2022 - 23:01:24: [SM]   [0] PrintToChat
L 12/20/2022 - 23:01:24: [SM]   [1] Line 197, plugin.sp::AttemptInstantDefuse
L 12/20/2022 - 23:01:24: [SM]   [2] Line 104, plugin.sp::Event_BombBeginDefusePlusFrame
L 12/20/2022 - 23:01:39: [SM] Exception reported: Language phrase "InstaDefuseSuccessful" not found (arg 5)
L 12/20/2022 - 23:01:39: [SM] Blaming: retakes-instadefuse.smx
L 12/20/2022 - 23:01:39: [SM] Call stack trace:
L 12/20/2022 - 23:01:39: [SM]   [0] PrintToChat
L 12/20/2022 - 23:01:39: [SM]   [1] Line 197, plugin.sp::AttemptInstantDefuse
L 12/20/2022 - 23:01:39: [SM]   [2] Line 104, plugin.sp::Event_BombBeginDefusePlusFrame
L 12/20/2022 - 23:01:57: [SM] Exception reported: Language phrase "InstaDefuseSuccessful" not found (arg 5)
L 12/20/2022 - 23:01:57: [SM] Blaming: retakes-instadefuse.smx
L 12/20/2022 - 23:01:57: [SM] Call stack trace:
L 12/20/2022 - 23:01:57: [SM]   [0] PrintToChat
L 12/20/2022 - 23:01:57: [SM]   [1] Line 197, plugin.sp::AttemptInstantDefuse
L 12/20/2022 - 23:01:57: [SM]   [2] Line 104, plugin.sp::Event_BombBeginDefusePlusFrame
L 12/20/2022 - 23:02:15: [SM] Exception reported: Language phrase "InstaDefuseSuccessful" not found (arg 5)
L 12/20/2022 - 23:02:15: [SM] Blaming: retakes-instadefuse.smx
L 12/20/2022 - 23:02:15: [SM] Call stack trace:
L 12/20/2022 - 23:02:15: [SM]   [0] PrintToChat
L 12/20/2022 - 23:02:15: [SM]   [1] Line 197, plugin.sp::AttemptInstantDefuse
L 12/20/2022 - 23:02:15: [SM]   [2] Line 104, plugin.sp::Event_BombBeginDefusePlusFrame
L 12/20/2022 - 23:02:38: [SM] Exception reported: Language phrase "InstaDefuseSuccessful" not found (arg 5)
L 12/20/2022 - 23:02:38: [SM] Blaming: retakes-instadefuse.smx
L 12/20/2022 - 23:02:38: [SM] Call stack trace:
L 12/20/2022 - 23:02:38: [SM]   [0] PrintToChat
L 12/20/2022 - 23:02:38: [SM]   [1] Line 197, plugin.sp::AttemptInstantDefuse
L 12/20/2022 - 23:02:38: [SM]   [2] Line 104, plugin.sp::Event_BombBeginDefusePlusFrame
L 12/20/2022 - 23:02:40: [SM] Exception reported: Language phrase "InstaDefuseSuccessful" not found (arg 5)
L 12/20/2022 - 23:02:40: [SM] Blaming: retakes-instadefuse.smx
L 12/20/2022 - 23:02:40: [SM] Call stack trace:
L 12/20/2022 - 23:02:40: [SM]   [0] PrintToChat
L 12/20/2022 - 23:02:40: [SM]   [1] Line 197, plugin.sp::AttemptInstantDefuse
L 12/20/2022 - 23:02:40: [SM]   [2] Line 104, plugin.sp::Event_BombBeginDefusePlusFrame
L 12/20/2022 - 23:03:34: [SM] Exception reported: Language phrase "InstaDefuseSuccessful" not found (arg 5)
L 12/20/2022 - 23:03:34: [SM] Blaming: retakes-instadefuse.smx
L 12/20/2022 - 23:03:34: [SM] Call stack trace:
L 12/20/2022 - 23:03:34: [SM]   [0] PrintToChat
L 12/20/2022 - 23:03:34: [SM]   [1] Line 197, plugin.sp::AttemptInstantDefuse
L 12/20/2022 - 23:03:34: [SM]   [2] Line 104, plugin.sp::Event_BombBeginDefusePlusFrame
L 12/20/2022 - 23:04:13: [SM] Exception reported: Language phrase "InstaDefuseSuccessful" not found (arg 5)
L 12/20/2022 - 23:04:13: [SM] Blaming: retakes-instadefuse.smx
L 12/20/2022 - 23:04:13: [SM] Call stack trace:
L 12/20/2022 - 23:04:13: [SM]   [0] PrintToChat
L 12/20/2022 - 23:04:13: [SM]   [1] Line 197, plugin.sp::AttemptInstantDefuse
L 12/20/2022 - 23:04:13: [SM]   [2] Line 104, plugin.sp::Event_BombBeginDefusePlusFrame
L 12/20/2022 - 23:04:35: [SM] Exception reported: Language phrase "InstaDefuseSuccessful" not found (arg 5)
L 12/20/2022 - 23:04:35: [SM] Blaming: retakes-instadefuse.smx
L 12/20/2022 - 23:04:35: [SM] Call stack trace:
L 12/20/2022 - 23:04:35: [SM]   [0] PrintToChat
L 12/20/2022 - 23:04:35: [SM]   [1] Line 197, plugin.sp::AttemptInstantDefuse
L 12/20/2022 - 23:04:35: [SM]   [2] Line 104, plugin.sp::Event_BombBeginDefusePlusFrame
L 12/20/2022 - 23:05:04: [SM] Exception reported: Language phrase "InstaDefuseSuccessful" not found (arg 5)
L 12/20/2022 - 23:05:04: [SM] Blaming: retakes-instadefuse.smx
L 12/20/2022 - 23:05:04: [SM] Call stack trace:
L 12/20/2022 - 23:05:04: [SM]   [0] PrintToChat
L 12/20/2022 - 23:05:04: [SM]   [1] Line 197, plugin.sp::AttemptInstantDefuse
L 12/20/2022 - 23:05:04: [SM]   [2] Line 104, plugin.sp::Event_BombBeginDefusePlusFrame
L 12/20/2022 - 23:05:25: [SM] Exception reported: Language phrase "InstaDefuseSuccessful" not found (arg 5)
L 12/20/2022 - 23:05:25: [SM] Blaming: retakes-instadefuse.smx
L 12/20/2022 - 23:05:25: [SM] Call stack trace:
L 12/20/2022 - 23:05:25: [SM]   [0] PrintToChat
L 12/20/2022 - 23:05:25: [SM]   [1] Line 197, plugin.sp::AttemptInstantDefuse
L 12/20/2022 - 23:05:25: [SM]   [2] Line 104, plugin.sp::Event_BombBeginDefusePlusFrame
L 12/20/2022 - 23:06:01: [SM] Exception reported: Language phrase "InstaDefuseSuccessful" not found (arg 5)
L 12/20/2022 - 23:06:01: [SM] Blaming: retakes-instadefuse.smx
L 12/20/2022 - 23:06:01: [SM] Call stack trace:
L 12/20/2022 - 23:06:01: [SM]   [0] PrintToChat
L 12/20/2022 - 23:06:01: [SM]   [1] Line 197, plugin.sp::AttemptInstantDefuse
L 12/20/2022 - 23:06:01: [SM]   [2] Line 104, plugin.sp::Event_BombBeginDefusePlusFrame
L 12/20/2022 - 23:06:20: [SM] Exception reported: Language phrase "InstaDefuseSuccessful" not found (arg 5)
L 12/20/2022 - 23:06:20: [SM] Blaming: retakes-instadefuse.smx
L 12/20/2022 - 23:06:20: [SM] Call stack trace:
L 12/20/2022 - 23:06:20: [SM]   [0] PrintToChat
L 12/20/2022 - 23:06:20: [SM]   [1] Line 197, plugin.sp::AttemptInstantDefuse
L 12/20/2022 - 23:06:20: [SM]   [2] Line 104, plugin.sp::Event_BombBeginDefusePlusFrame
L 12/20/2022 - 23:06:21: [SM] Exception reported: Language phrase "InstaDefuseSuccessful" not found (arg 5)
L 12/20/2022 - 23:06:21: [SM] Blaming: retakes-instadefuse.smx
L 12/20/2022 - 23:06:21: [SM] Call stack trace:
L 12/20/2022 - 23:06:21: [SM]   [0] PrintToChat
L 12/20/2022 - 23:06:21: [SM]   [1] Line 197, plugin.sp::AttemptInstantDefuse
L 12/20/2022 - 23:06:21: [SM]   [2] Line 104, plugin.sp::Event_BombBeginDefusePlusFrame
L 12/20/2022 - 23:06:51: [SM] Exception reported: Language phrase "InstaDefuseSuccessful" not found (arg 5)
L 12/20/2022 - 23:06:51: [SM] Blaming: retakes-instadefuse.smx
L 12/20/2022 - 23:06:51: [SM] Call stack trace:
L 12/20/2022 - 23:06:51: [SM]   [0] PrintToChat
L 12/20/2022 - 23:06:51: [SM]   [1] Line 197, plugin.sp::AttemptInstantDefuse
L 12/20/2022 - 23:06:51: [SM]   [2] Line 104, plugin.sp::Event_BombBeginDefusePlusFrame
L 12/20/2022 - 23:07:04: [SM] Exception reported: Language phrase "InstaDefuseSuccessful" not found (arg 5)
L 12/20/2022 - 23:07:04: [SM] Blaming: retakes-instadefuse.smx
L 12/20/2022 - 23:07:04: [SM] Call stack trace:
L 12/20/2022 - 23:07:04: [SM]   [0] PrintToChat
L 12/20/2022 - 23:07:04: [SM]   [1] Line 197, plugin.sp::AttemptInstantDefuse
L 12/20/2022 - 23:07:04: [SM]   [2] Line 104, plugin.sp::Event_BombBeginDefusePlusFrame
L 12/20/2022 - 23:07:23: [SM] Exception reported: Language phrase "InstaDefuseSuccessful" not found (arg 5)
L 12/20/2022 - 23:07:23: [SM] Blaming: retakes-instadefuse.smx
L 12/20/2022 - 23:07:23: [SM] Call stack trace:
L 12/20/2022 - 23:07:23: [SM]   [0] PrintToChat
L 12/20/2022 - 23:07:23: [SM]   [1] Line 197, plugin.sp::AttemptInstantDefuse
L 12/20/2022 - 23:07:23: [SM]   [2] Line 104, plugin.sp::Event_BombBeginDefusePlusFrame
L 12/20/2022 - 23:08:33: [SM] Exception reported: Language phrase "InstaDefuseSuccessful" not found (arg 5)
L 12/20/2022 - 23:08:33: [SM] Blaming: retakes-instadefuse.smx
L 12/20/2022 - 23:08:33: [SM] Call stack trace:
L 12/20/2022 - 23:08:33: [SM]   [0] PrintToChat
L 12/20/2022 - 23:08:33: [SM]   [1] Line 197, plugin.sp::AttemptInstantDefuse
L 12/20/2022 - 23:08:33: [SM]   [2] Line 104, plugin.sp::Event_BombBeginDefusePlusFrame
L 12/20/2022 - 23:08:50: [SM] Exception reported: Language phrase "InstaDefuseSuccessful" not found (arg 5)
L 12/20/2022 - 23:08:50: [SM] Blaming: retakes-instadefuse.smx
L 12/20/2022 - 23:08:50: [SM] Call stack trace:
L 12/20/2022 - 23:08:50: [SM]   [0] PrintToChat
L 12/20/2022 - 23:08:50: [SM]   [1] Line 197, plugin.sp::AttemptInstantDefuse
L 12/20/2022 - 23:08:50: [SM]   [2] Line 104, plugin.sp::Event_BombBeginDefusePlusFrame
L 12/20/2022 - 23:10:12: [SM] Exception reported: Language phrase "InstaDefuseSuccessful" not found (arg 5)
L 12/20/2022 - 23:10:12: [SM] Blaming: retakes-instadefuse.smx
L 12/20/2022 - 23:10:12: [SM] Call stack trace:
L 12/20/2022 - 23:10:12: [SM]   [0] PrintToChat
L 12/20/2022 - 23:10:12: [SM]   [1] Line 197, plugin.sp::AttemptInstantDefuse
L 12/20/2022 - 23:10:12: [SM]   [2] Line 104, plugin.sp::Event_BombBeginDefusePlusFrame
L 12/20/2022 - 23:11:12: [SM] Exception reported: Language phrase "InstaDefuseSuccessful" not found (arg 5)
L 12/20/2022 - 23:11:12: [SM] Blaming: retakes-instadefuse.smx
L 12/20/2022 - 23:11:12: [SM] Call stack trace:
L 12/20/2022 - 23:11:12: [SM]   [0] PrintToChat
L 12/20/2022 - 23:11:12: [SM]   [1] Line 197, plugin.sp::AttemptInstantDefuse
L 12/20/2022 - 23:11:12: [SM]   [2] Line 104, plugin.sp::Event_BombBeginDefusePlusFrame
L 12/20/2022 - 23:12:00: [SM] Exception reported: Language phrase "InstaDefuseSuccessful" not found (arg 5)
L 12/20/2022 - 23:12:00: [SM] Blaming: retakes-instadefuse.smx
L 12/20/2022 - 23:12:00: [SM] Call stack trace:
L 12/20/2022 - 23:12:00: [SM]   [0] PrintToChat
L 12/20/2022 - 23:12:00: [SM]   [1] Line 197, plugin.sp::AttemptInstantDefuse
L 12/20/2022 - 23:12:00: [SM]   [2] Line 104, plugin.sp::Event_BombBeginDefusePlusFrame
L 12/20/2022 - 23:12:20: [SM] Exception reported: Language phrase "InstaDefuseSuccessful" not found (arg 5)
L 12/20/2022 - 23:12:20: [SM] Blaming: retakes-instadefuse.smx
L 12/20/2022 - 23:12:20: [SM] Call stack trace:
L 12/20/2022 - 23:12:20: [SM]   [0] PrintToChat
L 12/20/2022 - 23:12:20: [SM]   [1] Line 197, plugin.sp::AttemptInstantDefuse
L 12/20/2022 - 23:12:20: [SM]   [2] Line 104, plugin.sp::Event_BombBeginDefusePlusFrame
L 12/20/2022 - 23:12:38: [SM] Exception reported: Language phrase "InstaDefuseSuccessful" not found (arg 5)
L 12/20/2022 - 23:12:38: [SM] Blaming: retakes-instadefuse.smx
L 12/20/2022 - 23:12:38: [SM] Call stack trace:
L 12/20/2022 - 23:12:38: [SM]   [0] PrintToChat
L 12/20/2022 - 23:12:38: [SM]   [1] Line 197, plugin.sp::AttemptInstantDefuse
L 12/20/2022 - 23:12:38: [SM]   [2] Line 104, plugin.sp::Event_BombBeginDefusePlusFrame
L 12/20/2022 - 23:13:37: [SM] Exception reported: Language phrase "InstaDefuseSuccessful" not found (arg 5)
L 12/20/2022 - 23:13:37: [SM] Blaming: retakes-instadefuse.smx
L 12/20/2022 - 23:13:37: [SM] Call stack trace:
L 12/20/2022 - 23:13:37: [SM]   [0] PrintToChat
L 12/20/2022 - 23:13:37: [SM]   [1] Line 197, plugin.sp::AttemptInstantDefuse
L 12/20/2022 - 23:13:37: [SM]   [2] Line 104, plugin.sp::Event_BombBeginDefusePlusFrame
L 12/20/2022 - 23:13:57: [SM] Exception reported: Language phrase "InstaDefuseSuccessful" not found (arg 5)
L 12/20/2022 - 23:13:57: [SM] Blaming: retakes-instadefuse.smx
L 12/20/2022 - 23:13:57: [SM] Call stack trace:
L 12/20/2022 - 23:13:57: [SM]   [0] PrintToChat
L 12/20/2022 - 23:13:57: [SM]   [1] Line 197, plugin.sp::AttemptInstantDefuse
L 12/20/2022 - 23:13:57: [SM]   [2] Line 104, plugin.sp::Event_BombBeginDefusePlusFrame
L 12/20/2022 - 23:14:17: [SM] Exception reported: Language phrase "InstaDefuseSuccessful" not found (arg 5)
L 12/20/2022 - 23:14:17: [SM] Blaming: retakes-instadefuse.smx
L 12/20/2022 - 23:14:17: [SM] Call stack trace:
L 12/20/2022 - 23:14:17: [SM]   [0] PrintToChat
L 12/20/2022 - 23:14:17: [SM]   [1] Line 197, plugin.sp::AttemptInstantDefuse
L 12/20/2022 - 23:14:17: [SM]   [2] Line 104, plugin.sp::Event_BombBeginDefusePlusFrame
L 12/20/2022 - 23:14:20: [SM] Exception reported: Language phrase "InstaDefuseSuccessful" not found (arg 5)
L 12/20/2022 - 23:14:20: [SM] Blaming: retakes-instadefuse.smx
L 12/20/2022 - 23:14:20: [SM] Call stack trace:
L 12/20/2022 - 23:14:20: [SM]   [0] PrintToChat
L 12/20/2022 - 23:14:20: [SM]   [1] Line 197, plugin.sp::AttemptInstantDefuse
L 12/20/2022 - 23:14:20: [SM]   [2] Line 104, plugin.sp::Event_BombBeginDefusePlusFrame
L 12/20/2022 - 23:14:36: [SM] Exception reported: Language phrase "InstaDefuseSuccessful" not found (arg 5)
L 12/20/2022 - 23:14:36: [SM] Blaming: retakes-instadefuse.smx
L 12/20/2022 - 23:14:36: [SM] Call stack trace:
L 12/20/2022 - 23:14:36: [SM]   [0] PrintToChat
L 12/20/2022 - 23:14:36: [SM]   [1] Line 197, plugin.sp::AttemptInstantDefuse
L 12/20/2022 - 23:14:36: [SM]   [2] Line 104, plugin.sp::Event_BombBeginDefusePlusFrame
L 12/20/2022 - 23:14:54: [SM] Exception reported: Language phrase "InstaDefuseSuccessful" not found (arg 5)
L 12/20/2022 - 23:14:54: [SM] Blaming: retakes-instadefuse.smx
L 12/20/2022 - 23:14:54: [SM] Call stack trace:
L 12/20/2022 - 23:14:54: [SM]   [0] PrintToChat
L 12/20/2022 - 23:14:54: [SM]   [1] Line 197, plugin.sp::AttemptInstantDefuse
L 12/20/2022 - 23:14:54: [SM]   [2] Line 104, plugin.sp::Event_BombBeginDefusePlusFrame
L 12/20/2022 - 23:15:38: [SM] Exception reported: Language phrase "InstaDefuseSuccessful" not found (arg 5)
L 12/20/2022 - 23:15:38: [SM] Blaming: retakes-instadefuse.smx
L 12/20/2022 - 23:15:38: [SM] Call stack trace:
L 12/20/2022 - 23:15:38: [SM]   [0] PrintToChat
L 12/20/2022 - 23:15:38: [SM]   [1] Line 197, plugin.sp::AttemptInstantDefuse
L 12/20/2022 - 23:15:38: [SM]   [2] Line 104, plugin.sp::Event_BombBeginDefusePlusFrame
L 12/20/2022 - 23:16:02: [SM] Exception reported: Language phrase "InstaDefuseSuccessful" not found (arg 5)
L 12/20/2022 - 23:16:02: [SM] Blaming: retakes-instadefuse.smx
L 12/20/2022 - 23:16:02: [SM] Call stack trace:
L 12/20/2022 - 23:16:02: [SM]   [0] PrintToChat
L 12/20/2022 - 23:16:02: [SM]   [1] Line 197, plugin.sp::AttemptInstantDefuse
L 12/20/2022 - 23:16:02: [SM]   [2] Line 104, plugin.sp::Event_BombBeginDefusePlusFrame
L 12/20/2022 - 23:16:25: [SM] Exception reported: Language phrase "InstaDefuseSuccessful" not found (arg 5)
L 12/20/2022 - 23:16:25: [SM] Blaming: retakes-instadefuse.smx
L 12/20/2022 - 23:16:25: [SM] Call stack trace:
L 12/20/2022 - 23:16:25: [SM]   [0] PrintToChat
L 12/20/2022 - 23:16:25: [SM]   [1] Line 197, plugin.sp::AttemptInstantDefuse
L 12/20/2022 - 23:16:25: [SM]   [2] Line 104, plugin.sp::Event_BombBeginDefusePlusFrame
L 12/20/2022 - 23:16:47: [SM] Exception reported: Language phrase "InstaDefuseSuccessful" not found (arg 5)
L 12/20/2022 - 23:16:47: [SM] Blaming: retakes-instadefuse.smx
L 12/20/2022 - 23:16:47: [SM] Call stack trace:
L 12/20/2022 - 23:16:47: [SM]   [0] PrintToChat
L 12/20/2022 - 23:16:47: [SM]   [1] Line 197, plugin.sp::AttemptInstantDefuse
L 12/20/2022 - 23:16:47: [SM]   [2] Line 104, plugin.sp::Event_BombBeginDefusePlusFrame
L 12/20/2022 - 23:17:28: [SM] Exception reported: Language phrase "InstaDefuseSuccessful" not found (arg 5)
L 12/20/2022 - 23:17:28: [SM] Blaming: retakes-instadefuse.smx
L 12/20/2022 - 23:17:28: [SM] Call stack trace:
L 12/20/2022 - 23:17:28: [SM]   [0] PrintToChat
L 12/20/2022 - 23:17:28: [SM]   [1] Line 197, plugin.sp::AttemptInstantDefuse
L 12/20/2022 - 23:17:28: [SM]   [2] Line 104, plugin.sp::Event_BombBeginDefusePlusFrame
L 12/20/2022 - 23:17:51: [SM] Exception reported: Language phrase "InstaDefuseSuccessful" not found (arg 5)
L 12/20/2022 - 23:17:51: [SM] Blaming: retakes-instadefuse.smx
L 12/20/2022 - 23:17:51: [SM] Call stack trace:
L 12/20/2022 - 23:17:51: [SM]   [0] PrintToChat
L 12/20/2022 - 23:17:51: [SM]   [1] Line 197, plugin.sp::AttemptInstantDefuse
L 12/20/2022 - 23:17:51: [SM]   [2] Line 104, plugin.sp::Event_BombBeginDefusePlusFrame
L 12/20/2022 - 23:18:07: [SM] Exception reported: Language phrase "InstaDefuseSuccessful" not found (arg 5)
L 12/20/2022 - 23:18:07: [SM] Blaming: retakes-instadefuse.smx
L 12/20/2022 - 23:18:07: [SM] Call stack trace:
L 12/20/2022 - 23:18:07: [SM]   [0] PrintToChat
L 12/20/2022 - 23:18:07: [SM]   [1] Line 197, plugin.sp::AttemptInstantDefuse
L 12/20/2022 - 23:18:07: [SM]   [2] Line 104, plugin.sp::Event_BombBeginDefusePlusFrame
L 12/20/2022 - 23:18:28: [SM] Exception reported: Language phrase "InstaDefuseSuccessful" not found (arg 5)
L 12/20/2022 - 23:18:28: [SM] Blaming: retakes-instadefuse.smx
L 12/20/2022 - 23:18:28: [SM] Call stack trace:
L 12/20/2022 - 23:18:29: [SM]   [0] PrintToChat
L 12/20/2022 - 23:18:29: [SM]   [1] Line 197, plugin.sp::AttemptInstantDefuse
L 12/20/2022 - 23:18:29: [SM]   [2] Line 104, plugin.sp::Event_BombBeginDefusePlusFrame
L 12/20/2022 - 23:18:46: [SM] Exception reported: Language phrase "InstaDefuseSuccessful" not found (arg 5)
L 12/20/2022 - 23:18:46: [SM] Blaming: retakes-instadefuse.smx
L 12/20/2022 - 23:18:46: [SM] Call stack trace:
L 12/20/2022 - 23:18:46: [SM]   [0] PrintToChat
L 12/20/2022 - 23:18:46: [SM]   [1] Line 197, plugin.sp::AttemptInstantDefuse
L 12/20/2022 - 23:18:46: [SM]   [2] Line 104, plugin.sp::Event_BombBeginDefusePlusFrame
L 12/20/2022 - 23:19:25: [SM] Exception reported: Language phrase "InstaDefuseSuccessful" not found (arg 5)
L 12/20/2022 - 23:19:25: [SM] Blaming: retakes-instadefuse.smx
L 12/20/2022 - 23:19:25: [SM] Call stack trace:
L 12/20/2022 - 23:19:25: [SM]   [0] PrintToChat
L 12/20/2022 - 23:19:25: [SM]   [1] Line 197, plugin.sp::AttemptInstantDefuse
L 12/20/2022 - 23:19:25: [SM]   [2] Line 104, plugin.sp::Event_BombBeginDefusePlusFrame
L 12/20/2022 - 23:19:43: [SM] Exception reported: Language phrase "LiveNadeSomewhere" not found (arg 5)
L 12/20/2022 - 23:19:43: [SM] Blaming: retakes-instadefuse.smx
L 12/20/2022 - 23:19:43: [SM] Call stack trace:
L 12/20/2022 - 23:19:43: [SM]   [0] PrintToChat
L 12/20/2022 - 23:19:43: [SM]   [1] Line 168, plugin.sp::AttemptInstantDefuse
L 12/20/2022 - 23:19:43: [SM]   [2] Line 104, plugin.sp::Event_BombBeginDefusePlusFrame
L 12/20/2022 - 23:19:45: [SM] Exception reported: Language phrase "MolotovTooClose" not found (arg 5)
L 12/20/2022 - 23:19:45: [SM] Blaming: retakes-instadefuse.smx
L 12/20/2022 - 23:19:45: [SM] Call stack trace:
L 12/20/2022 - 23:19:45: [SM]   [0] PrintToChat
L 12/20/2022 - 23:19:45: [SM]   [1] Line 181, plugin.sp::AttemptInstantDefuse
L 12/20/2022 - 23:19:45: [SM]   [2] Line 104, plugin.sp::Event_BombBeginDefusePlusFrame
L 12/20/2022 - 23:19:49: [SM] Exception reported: Language phrase "InstaDefuseSuccessful" not found (arg 5)
L 12/20/2022 - 23:19:49: [SM] Blaming: retakes-instadefuse.smx
L 12/20/2022 - 23:19:49: [SM] Call stack trace:
L 12/20/2022 - 23:19:49: [SM]   [0] PrintToChat
L 12/20/2022 - 23:19:49: [SM]   [1] Line 197, plugin.sp::AttemptInstantDefuse
L 12/20/2022 - 23:19:49: [SM]   [2] Line 104, plugin.sp::Event_BombBeginDefusePlusFrame
L 12/20/2022 - 23:20:58: [SM] Exception reported: Language phrase "InstaDefuseSuccessful" not found (arg 5)
L 12/20/2022 - 23:20:58: [SM] Blaming: retakes-instadefuse.smx
L 12/20/2022 - 23:20:58: [SM] Call stack trace:
L 12/20/2022 - 23:20:58: [SM]   [0] PrintToChat
L 12/20/2022 - 23:20:58: [SM]   [1] Line 197, plugin.sp::AttemptInstantDefuse
L 12/20/2022 - 23:20:58: [SM]   [2] Line 104, plugin.sp::Event_BombBeginDefusePlusFrame
L 12/20/2022 - 23:21:13: [SM] Exception reported: Language phrase "LiveNadeSomewhere" not found (arg 5)
L 12/20/2022 - 23:21:13: [SM] Blaming: retakes-instadefuse.smx
L 12/20/2022 - 23:21:13: [SM] Call stack trace:
L 12/20/2022 - 23:21:13: [SM]   [0] PrintToChat
L 12/20/2022 - 23:21:13: [SM]   [1] Line 168, plugin.sp::AttemptInstantDefuse
L 12/20/2022 - 23:21:13: [SM]   [2] Line 104, plugin.sp::Event_BombBeginDefusePlusFrame
L 12/20/2022 - 23:21:44: [SM] Exception reported: Language phrase "InstaDefuseSuccessful" not found (arg 5)
L 12/20/2022 - 23:21:44: [SM] Blaming: retakes-instadefuse.smx
L 12/20/2022 - 23:21:44: [SM] Call stack trace:
L 12/20/2022 - 23:21:44: [SM]   [0] PrintToChat
L 12/20/2022 - 23:21:44: [SM]   [1] Line 197, plugin.sp::AttemptInstantDefuse
L 12/20/2022 - 23:21:44: [SM]   [2] Line 104, plugin.sp::Event_BombBeginDefusePlusFrame
L 12/20/2022 - 23:22:09: [SM] Exception reported: Language phrase "InstaDefuseSuccessful" not found (arg 5)
L 12/20/2022 - 23:22:09: [SM] Blaming: retakes-instadefuse.smx
L 12/20/2022 - 23:22:09: [SM] Call stack trace:
L 12/20/2022 - 23:22:09: [SM]   [0] PrintToChat
L 12/20/2022 - 23:22:09: [SM]   [1] Line 197, plugin.sp::AttemptInstantDefuse
L 12/20/2022 - 23:22:09: [SM]   [2] Line 104, plugin.sp::Event_BombBeginDefusePlusFrame
L 12/20/2022 - 23:23:05: [SM] Exception reported: Language phrase "InstaDefuseSuccessful" not found (arg 5)
L 12/20/2022 - 23:23:05: [SM] Blaming: retakes-instadefuse.smx
L 12/20/2022 - 23:23:05: [SM] Call stack trace:
L 12/20/2022 - 23:23:05: [SM]   [0] PrintToChat
L 12/20/2022 - 23:23:05: [SM]   [1] Line 197, plugin.sp::AttemptInstantDefuse
L 12/20/2022 - 23:23:05: [SM]   [2] Line 104, plugin.sp::Event_BombBeginDefusePlusFrame
L 12/20/2022 - 23:23:07: [SM] Exception reported: Language phrase "InstaDefuseSuccessful" not found (arg 5)
L 12/20/2022 - 23:23:07: [SM] Blaming: retakes-instadefuse.smx
L 12/20/2022 - 23:23:07: [SM] Call stack trace:
L 12/20/2022 - 23:23:07: [SM]   [0] PrintToChat
L 12/20/2022 - 23:23:07: [SM]   [1] Line 197, plugin.sp::AttemptInstantDefuse
L 12/20/2022 - 23:23:07: [SM]   [2] Line 104, plugin.sp::Event_BombBeginDefusePlusFrame
L 12/20/2022 - 23:24:16: [SM] Exception reported: Language phrase "InstaDefuseSuccessful" not found (arg 5)
L 12/20/2022 - 23:24:16: [SM] Blaming: retakes-instadefuse.smx
L 12/20/2022 - 23:24:16: [SM] Call stack trace:
L 12/20/2022 - 23:24:16: [SM]   [0] PrintToChat
L 12/20/2022 - 23:24:16: [SM]   [1] Line 197, plugin.sp::AttemptInstantDefuse
L 12/20/2022 - 23:24:16: [SM]   [2] Line 104, plugin.sp::Event_BombBeginDefusePlusFrame
L 12/20/2022 - 23:24:35: [SM] Exception reported: Language phrase "InstaDefuseSuccessful" not found (arg 5)
L 12/20/2022 - 23:24:35: [SM] Blaming: retakes-instadefuse.smx
L 12/20/2022 - 23:24:35: [SM] Call stack trace:
L 12/20/2022 - 23:24:35: [SM]   [0] PrintToChat
L 12/20/2022 - 23:24:35: [SM]   [1] Line 197, plugin.sp::AttemptInstantDefuse
L 12/20/2022 - 23:24:35: [SM]   [2] Line 104, plugin.sp::Event_BombBeginDefusePlusFrame
L 12/20/2022 - 23:25:04: [SM] Exception reported: Language phrase "InstaDefuseSuccessful" not found (arg 5)
L 12/20/2022 - 23:25:04: [SM] Blaming: retakes-instadefuse.smx
L 12/20/2022 - 23:25:04: [SM] Call stack trace:
L 12/20/2022 - 23:25:04: [SM]   [0] PrintToChat
L 12/20/2022 - 23:25:04: [SM]   [1] Line 197, plugin.sp::AttemptInstantDefuse
L 12/20/2022 - 23:25:04: [SM]   [2] Line 104, plugin.sp::Event_BombBeginDefusePlusFrame
L 12/20/2022 - 23:25:32: [SM] Exception reported: Language phrase "InstaDefuseSuccessful" not found (arg 5)
L 12/20/2022 - 23:25:32: [SM] Blaming: retakes-instadefuse.smx
L 12/20/2022 - 23:25:32: [SM] Call stack trace:
L 12/20/2022 - 23:25:32: [SM]   [0] PrintToChat
L 12/20/2022 - 23:25:32: [SM]   [1] Line 197, plugin.sp::AttemptInstantDefuse
L 12/20/2022 - 23:25:32: [SM]   [2] Line 104, plugin.sp::Event_BombBeginDefusePlusFrame
L 12/20/2022 - 23:25:47: [SM] Exception reported: Language phrase "InstaDefuseSuccessful" not found (arg 5)
L 12/20/2022 - 23:25:47: [SM] Blaming: retakes-instadefuse.smx
L 12/20/2022 - 23:25:47: [SM] Call stack trace:
L 12/20/2022 - 23:25:47: [SM]   [0] PrintToChat
L 12/20/2022 - 23:25:47: [SM]   [1] Line 197, plugin.sp::AttemptInstantDefuse
L 12/20/2022 - 23:25:47: [SM]   [2] Line 104, plugin.sp::Event_BombBeginDefusePlusFrame
L 12/20/2022 - 23:25:48: [SM] Exception reported: Language phrase "InstaDefuseSuccessful" not found (arg 5)
L 12/20/2022 - 23:25:48: [SM] Blaming: retakes-instadefuse.smx
L 12/20/2022 - 23:25:48: [SM] Call stack trace:
L 12/20/2022 - 23:25:48: [SM]   [0] PrintToChat
L 12/20/2022 - 23:25:48: [SM]   [1] Line 197, plugin.sp::AttemptInstantDefuse
L 12/20/2022 - 23:25:48: [SM]   [2] Line 104, plugin.sp::Event_BombBeginDefusePlusFrame
