L 03/26/2022 - 18:52:42: SourceMod error session started
L 03/26/2022 - 18:52:42: Info (map "de_mirage") (file "E:\retake\csgoserver\csgo\addons\sourcemod\logs\errors_20220326.log")
L 03/26/2022 - 18:52:42: [SM] Unable to load extension "PhysHooks.ext": Could not find patch signature for symbol: Physics_RunThinkFunctions
L 03/26/2022 - 18:52:45: [SM] Unable to load plugin "bot_inventory.smx": Native "eItems_AreItemsSynced" was not found
L 03/26/2022 - 18:52:45: [SM] Unable to load plugin "bot_stuff.smx": Could not find required plugin "navmesh"
L 03/26/2022 - 18:52:46: [SM] Unable to load plugin "LagCompensation.smx": Required extension "PhysHooks" file("PhysHooks.ext") not running
L 03/26/2022 - 18:52:47: [SM] Fatal error encountered parsing translation file "ranks_matchmaking.phrases.txt"
L 03/26/2022 - 18:52:47: [SM] Error (line 0, column 0): Stream failed to open
L 03/26/2022 - 18:52:47: [SM] Fatal error encountered parsing translation file "instadefuse.phrases.txt"
L 03/26/2022 - 18:52:47: [SM] Error (line 0, column 0): Stream failed to open
L 03/26/2022 - 18:53:08: [SM] Exception reported: Language phrase "Unranked" not found (arg 5)
L 03/26/2022 - 18:53:08: [SM] Blaming: ranks_matchmaking.smx
L 03/26/2022 - 18:53:08: [SM] Call stack trace:
L 03/26/2022 - 18:53:08: [SM]   [0] FormatEx
L 03/26/2022 - 18:53:09: [SM]   [1] Line 174, ranks_matchmaking.sp::GetRanksNames
L 03/26/2022 - 18:53:09: [SM]   [2] Line 169, ranks_matchmaking.sp::OnMapStart
L 03/26/2022 - 18:53:12: Error log file session closed.
L 03/26/2022 - 18:53:13: SourceMod error session started
L 03/26/2022 - 18:53:13: Info (map "de_mirage") (file "E:\retake\csgoserver\csgo\addons\sourcemod\logs\errors_20220326.log")
L 03/26/2022 - 18:53:13: [SM] Fatal error encountered parsing translation file "ranks_matchmaking.phrases.txt"
L 03/26/2022 - 18:53:13: [SM] Error (line 0, column 0): Stream failed to open
L 03/26/2022 - 18:53:13: [SM] Fatal error encountered parsing translation file "instadefuse.phrases.txt"
L 03/26/2022 - 18:53:13: [SM] Error (line 0, column 0): Stream failed to open
L 03/26/2022 - 18:53:13: [SM] Exception reported: Language phrase "Unranked" not found (arg 5)
L 03/26/2022 - 18:53:13: [SM] Blaming: ranks_matchmaking.smx
L 03/26/2022 - 18:53:13: [SM] Call stack trace:
L 03/26/2022 - 18:53:13: [SM]   [0] FormatEx
L 03/26/2022 - 18:53:13: [SM]   [1] Line 174, ranks_matchmaking.sp::GetRanksNames
L 03/26/2022 - 18:53:13: [SM]   [2] Line 169, ranks_matchmaking.sp::OnMapStart
L 03/26/2022 - 18:54:08: Error log file session closed.
L 03/26/2022 - 18:54:08: SourceMod error session started
L 03/26/2022 - 18:54:08: Info (map "de_mirage") (file "E:\retake\csgoserver\csgo\addons\sourcemod\logs\errors_20220326.log")
L 03/26/2022 - 18:54:08: [SM] Fatal error encountered parsing translation file "ranks_matchmaking.phrases.txt"
L 03/26/2022 - 18:54:08: [SM] Error (line 0, column 0): Stream failed to open
L 03/26/2022 - 18:54:08: [SM] Fatal error encountered parsing translation file "instadefuse.phrases.txt"
L 03/26/2022 - 18:54:08: [SM] Error (line 0, column 0): Stream failed to open
L 03/26/2022 - 18:54:09: [SM] Exception reported: Language phrase "Unranked" not found (arg 5)
L 03/26/2022 - 18:54:09: [SM] Blaming: ranks_matchmaking.smx
L 03/26/2022 - 18:54:09: [SM] Call stack trace:
L 03/26/2022 - 18:54:09: [SM]   [0] FormatEx
L 03/26/2022 - 18:54:09: [SM]   [1] Line 174, ranks_matchmaking.sp::GetRanksNames
L 03/26/2022 - 18:54:09: [SM]   [2] Line 169, ranks_matchmaking.sp::OnMapStart
L 03/26/2022 - 18:56:04: [SM] Exception reported: Language phrase "InstaDefuseSuccessful" not found (arg 5)
L 03/26/2022 - 18:56:04: [SM] Blaming: retakes-instadefuse.smx
L 03/26/2022 - 18:56:04: [SM] Call stack trace:
L 03/26/2022 - 18:56:04: [SM]   [0] PrintToChat
L 03/26/2022 - 18:56:04: [SM]   [1] Line 197, plugin.sp::AttemptInstantDefuse
L 03/26/2022 - 18:56:04: [SM]   [2] Line 104, plugin.sp::Event_BombBeginDefusePlusFrame
L 03/26/2022 - 18:56:18: [SM] Exception reported: Language phrase "InstaDefuseSuccessful" not found (arg 5)
L 03/26/2022 - 18:56:18: [SM] Blaming: retakes-instadefuse.smx
L 03/26/2022 - 18:56:18: [SM] Call stack trace:
L 03/26/2022 - 18:56:18: [SM]   [0] PrintToChat
L 03/26/2022 - 18:56:18: [SM]   [1] Line 197, plugin.sp::AttemptInstantDefuse
L 03/26/2022 - 18:56:18: [SM]   [2] Line 104, plugin.sp::Event_BombBeginDefusePlusFrame
L 03/26/2022 - 18:56:35: [SM] Exception reported: Language phrase "InstaDefuseSuccessful" not found (arg 5)
L 03/26/2022 - 18:56:35: [SM] Blaming: retakes-instadefuse.smx
L 03/26/2022 - 18:56:35: [SM] Call stack trace:
L 03/26/2022 - 18:56:35: [SM]   [0] PrintToChat
L 03/26/2022 - 18:56:35: [SM]   [1] Line 197, plugin.sp::AttemptInstantDefuse
L 03/26/2022 - 18:56:35: [SM]   [2] Line 104, plugin.sp::Event_BombBeginDefusePlusFrame
L 03/26/2022 - 18:56:56: [SM] Exception reported: Language phrase "InstaDefuseSuccessful" not found (arg 5)
L 03/26/2022 - 18:56:56: [SM] Blaming: retakes-instadefuse.smx
L 03/26/2022 - 18:56:56: [SM] Call stack trace:
L 03/26/2022 - 18:56:56: [SM]   [0] PrintToChat
L 03/26/2022 - 18:56:56: [SM]   [1] Line 197, plugin.sp::AttemptInstantDefuse
L 03/26/2022 - 18:56:56: [SM]   [2] Line 104, plugin.sp::Event_BombBeginDefusePlusFrame
L 03/26/2022 - 18:57:22: [SM] Exception reported: Language phrase "InstaDefuseSuccessful" not found (arg 5)
L 03/26/2022 - 18:57:22: [SM] Blaming: retakes-instadefuse.smx
L 03/26/2022 - 18:57:22: [SM] Call stack trace:
L 03/26/2022 - 18:57:22: [SM]   [0] PrintToChat
L 03/26/2022 - 18:57:22: [SM]   [1] Line 197, plugin.sp::AttemptInstantDefuse
L 03/26/2022 - 18:57:22: [SM]   [2] Line 104, plugin.sp::Event_BombBeginDefusePlusFrame
L 03/26/2022 - 18:57:43: [SM] Exception reported: Language phrase "InstaDefuseSuccessful" not found (arg 5)
L 03/26/2022 - 18:57:43: [SM] Blaming: retakes-instadefuse.smx
L 03/26/2022 - 18:57:43: [SM] Call stack trace:
L 03/26/2022 - 18:57:43: [SM]   [0] PrintToChat
L 03/26/2022 - 18:57:43: [SM]   [1] Line 197, plugin.sp::AttemptInstantDefuse
L 03/26/2022 - 18:57:43: [SM]   [2] Line 104, plugin.sp::Event_BombBeginDefusePlusFrame
L 03/26/2022 - 18:57:59: [SM] Exception reported: Language phrase "InstaDefuseSuccessful" not found (arg 5)
L 03/26/2022 - 18:57:59: [SM] Blaming: retakes-instadefuse.smx
L 03/26/2022 - 18:57:59: [SM] Call stack trace:
L 03/26/2022 - 18:57:59: [SM]   [0] PrintToChat
L 03/26/2022 - 18:57:59: [SM]   [1] Line 197, plugin.sp::AttemptInstantDefuse
L 03/26/2022 - 18:57:59: [SM]   [2] Line 104, plugin.sp::Event_BombBeginDefusePlusFrame
L 03/26/2022 - 18:58:55: [SM] Exception reported: Language phrase "InstaDefuseSuccessful" not found (arg 5)
L 03/26/2022 - 18:58:55: [SM] Blaming: retakes-instadefuse.smx
L 03/26/2022 - 18:58:55: [SM] Call stack trace:
L 03/26/2022 - 18:58:55: [SM]   [0] PrintToChat
L 03/26/2022 - 18:58:55: [SM]   [1] Line 197, plugin.sp::AttemptInstantDefuse
L 03/26/2022 - 18:58:55: [SM]   [2] Line 104, plugin.sp::Event_BombBeginDefusePlusFrame
L 03/26/2022 - 18:59:30: [SM] Exception reported: Language phrase "InstaDefuseUnsuccessful" not found (arg 5)
L 03/26/2022 - 18:59:30: [SM] Blaming: retakes-instadefuse.smx
L 03/26/2022 - 18:59:30: [SM] Call stack trace:
L 03/26/2022 - 18:59:30: [SM]   [0] PrintToChat
L 03/26/2022 - 18:59:30: [SM]   [1] Line 143, plugin.sp::AttemptInstantDefuse
L 03/26/2022 - 18:59:30: [SM]   [2] Line 104, plugin.sp::Event_BombBeginDefusePlusFrame
L 03/26/2022 - 18:59:30: [SM] Exception reported: Language phrase "InstaDefuseUnsuccessful" not found (arg 5)
L 03/26/2022 - 18:59:30: [SM] Blaming: retakes-instadefuse.smx
L 03/26/2022 - 18:59:30: [SM] Call stack trace:
L 03/26/2022 - 18:59:30: [SM]   [0] PrintToChat
L 03/26/2022 - 18:59:30: [SM]   [1] Line 143, plugin.sp::AttemptInstantDefuse
L 03/26/2022 - 18:59:30: [SM]   [2] Line 104, plugin.sp::Event_BombBeginDefusePlusFrame
L 03/26/2022 - 19:00:34: [SM] Exception reported: Language phrase "InstaDefuseSuccessful" not found (arg 5)
L 03/26/2022 - 19:00:34: [SM] Blaming: retakes-instadefuse.smx
L 03/26/2022 - 19:00:34: [SM] Call stack trace:
L 03/26/2022 - 19:00:34: [SM]   [0] PrintToChat
L 03/26/2022 - 19:00:34: [SM]   [1] Line 197, plugin.sp::AttemptInstantDefuse
L 03/26/2022 - 19:00:34: [SM]   [2] Line 104, plugin.sp::Event_BombBeginDefusePlusFrame
L 03/26/2022 - 19:00:56: [SM] Exception reported: Language phrase "InstaDefuseSuccessful" not found (arg 5)
L 03/26/2022 - 19:00:56: [SM] Blaming: retakes-instadefuse.smx
L 03/26/2022 - 19:00:56: [SM] Call stack trace:
L 03/26/2022 - 19:00:56: [SM]   [0] PrintToChat
L 03/26/2022 - 19:00:56: [SM]   [1] Line 197, plugin.sp::AttemptInstantDefuse
L 03/26/2022 - 19:00:56: [SM]   [2] Line 104, plugin.sp::Event_BombBeginDefusePlusFrame
L 03/26/2022 - 19:01:37: [SM] Exception reported: Language phrase "InstaDefuseSuccessful" not found (arg 5)
L 03/26/2022 - 19:01:37: [SM] Blaming: retakes-instadefuse.smx
L 03/26/2022 - 19:01:37: [SM] Call stack trace:
L 03/26/2022 - 19:01:37: [SM]   [0] PrintToChat
L 03/26/2022 - 19:01:37: [SM]   [1] Line 197, plugin.sp::AttemptInstantDefuse
L 03/26/2022 - 19:01:37: [SM]   [2] Line 104, plugin.sp::Event_BombBeginDefusePlusFrame
L 03/26/2022 - 19:01:58: [SM] Exception reported: Language phrase "InstaDefuseSuccessful" not found (arg 5)
L 03/26/2022 - 19:01:58: [SM] Blaming: retakes-instadefuse.smx
L 03/26/2022 - 19:01:58: [SM] Call stack trace:
L 03/26/2022 - 19:01:58: [SM]   [0] PrintToChat
L 03/26/2022 - 19:01:58: [SM]   [1] Line 197, plugin.sp::AttemptInstantDefuse
L 03/26/2022 - 19:01:58: [SM]   [2] Line 104, plugin.sp::Event_BombBeginDefusePlusFrame
L 03/26/2022 - 19:05:56: [SM] Exception reported: Language phrase "InstaDefuseSuccessful" not found (arg 5)
L 03/26/2022 - 19:05:56: [SM] Blaming: retakes-instadefuse.smx
L 03/26/2022 - 19:05:56: [SM] Call stack trace:
L 03/26/2022 - 19:05:56: [SM]   [0] PrintToChat
L 03/26/2022 - 19:05:56: [SM]   [1] Line 197, plugin.sp::AttemptInstantDefuse
L 03/26/2022 - 19:05:56: [SM]   [2] Line 104, plugin.sp::Event_BombBeginDefusePlusFrame
L 03/26/2022 - 19:06:15: [SM] Exception reported: Language phrase "InstaDefuseSuccessful" not found (arg 5)
L 03/26/2022 - 19:06:15: [SM] Blaming: retakes-instadefuse.smx
L 03/26/2022 - 19:06:15: [SM] Call stack trace:
L 03/26/2022 - 19:06:15: [SM]   [0] PrintToChat
L 03/26/2022 - 19:06:15: [SM]   [1] Line 197, plugin.sp::AttemptInstantDefuse
L 03/26/2022 - 19:06:15: [SM]   [2] Line 104, plugin.sp::Event_BombBeginDefusePlusFrame
L 03/26/2022 - 19:06:37: [SM] Exception reported: Language phrase "InstaDefuseSuccessful" not found (arg 5)
L 03/26/2022 - 19:06:37: [SM] Blaming: retakes-instadefuse.smx
L 03/26/2022 - 19:06:37: [SM] Call stack trace:
L 03/26/2022 - 19:06:37: [SM]   [0] PrintToChat
L 03/26/2022 - 19:06:37: [SM]   [1] Line 197, plugin.sp::AttemptInstantDefuse
L 03/26/2022 - 19:06:37: [SM]   [2] Line 104, plugin.sp::Event_BombBeginDefusePlusFrame
L 03/26/2022 - 19:06:53: [SM] Exception reported: Language phrase "InstaDefuseSuccessful" not found (arg 5)
L 03/26/2022 - 19:06:53: [SM] Blaming: retakes-instadefuse.smx
L 03/26/2022 - 19:06:53: [SM] Call stack trace:
L 03/26/2022 - 19:06:53: [SM]   [0] PrintToChat
L 03/26/2022 - 19:06:53: [SM]   [1] Line 197, plugin.sp::AttemptInstantDefuse
L 03/26/2022 - 19:06:53: [SM]   [2] Line 104, plugin.sp::Event_BombBeginDefusePlusFrame
L 03/26/2022 - 19:07:29: [SM] Exception reported: Language phrase "InstaDefuseSuccessful" not found (arg 5)
L 03/26/2022 - 19:07:29: [SM] Blaming: retakes-instadefuse.smx
L 03/26/2022 - 19:07:29: [SM] Call stack trace:
L 03/26/2022 - 19:07:29: [SM]   [0] PrintToChat
L 03/26/2022 - 19:07:29: [SM]   [1] Line 197, plugin.sp::AttemptInstantDefuse
L 03/26/2022 - 19:07:29: [SM]   [2] Line 104, plugin.sp::Event_BombBeginDefusePlusFrame
L 03/26/2022 - 19:07:54: [SM] Exception reported: Language phrase "InstaDefuseSuccessful" not found (arg 5)
L 03/26/2022 - 19:07:54: [SM] Blaming: retakes-instadefuse.smx
L 03/26/2022 - 19:07:54: [SM] Call stack trace:
L 03/26/2022 - 19:07:54: [SM]   [0] PrintToChat
L 03/26/2022 - 19:07:54: [SM]   [1] Line 197, plugin.sp::AttemptInstantDefuse
L 03/26/2022 - 19:07:54: [SM]   [2] Line 104, plugin.sp::Event_BombBeginDefusePlusFrame
L 03/26/2022 - 19:08:32: [SM] Exception reported: Language phrase "InstaDefuseSuccessful" not found (arg 5)
L 03/26/2022 - 19:08:32: [SM] Blaming: retakes-instadefuse.smx
L 03/26/2022 - 19:08:32: [SM] Call stack trace:
L 03/26/2022 - 19:08:32: [SM]   [0] PrintToChat
L 03/26/2022 - 19:08:32: [SM]   [1] Line 197, plugin.sp::AttemptInstantDefuse
L 03/26/2022 - 19:08:32: [SM]   [2] Line 104, plugin.sp::Event_BombBeginDefusePlusFrame
L 03/26/2022 - 19:09:47: [SM] Exception reported: Language phrase "InstaDefuseSuccessful" not found (arg 5)
L 03/26/2022 - 19:09:47: [SM] Blaming: retakes-instadefuse.smx
L 03/26/2022 - 19:09:47: [SM] Call stack trace:
L 03/26/2022 - 19:09:47: [SM]   [0] PrintToChat
L 03/26/2022 - 19:09:47: [SM]   [1] Line 197, plugin.sp::AttemptInstantDefuse
L 03/26/2022 - 19:09:47: [SM]   [2] Line 104, plugin.sp::Event_BombBeginDefusePlusFrame
L 03/26/2022 - 19:10:30: [SM] Exception reported: Language phrase "InstaDefuseSuccessful" not found (arg 5)
L 03/26/2022 - 19:10:30: [SM] Blaming: retakes-instadefuse.smx
L 03/26/2022 - 19:10:30: [SM] Call stack trace:
L 03/26/2022 - 19:10:30: [SM]   [0] PrintToChat
L 03/26/2022 - 19:10:30: [SM]   [1] Line 197, plugin.sp::AttemptInstantDefuse
L 03/26/2022 - 19:10:30: [SM]   [2] Line 104, plugin.sp::Event_BombBeginDefusePlusFrame
L 03/26/2022 - 19:11:11: [SM] Exception reported: Language phrase "InstaDefuseSuccessful" not found (arg 5)
L 03/26/2022 - 19:11:11: [SM] Blaming: retakes-instadefuse.smx
L 03/26/2022 - 19:11:11: [SM] Call stack trace:
L 03/26/2022 - 19:11:11: [SM]   [0] PrintToChat
L 03/26/2022 - 19:11:11: [SM]   [1] Line 197, plugin.sp::AttemptInstantDefuse
L 03/26/2022 - 19:11:11: [SM]   [2] Line 104, plugin.sp::Event_BombBeginDefusePlusFrame
L 03/26/2022 - 19:11:35: [SM] Exception reported: Language phrase "InstaDefuseSuccessful" not found (arg 5)
L 03/26/2022 - 19:11:35: [SM] Blaming: retakes-instadefuse.smx
L 03/26/2022 - 19:11:35: [SM] Call stack trace:
L 03/26/2022 - 19:11:35: [SM]   [0] PrintToChat
L 03/26/2022 - 19:11:35: [SM]   [1] Line 197, plugin.sp::AttemptInstantDefuse
L 03/26/2022 - 19:11:35: [SM]   [2] Line 104, plugin.sp::Event_BombBeginDefusePlusFrame
L 03/26/2022 - 19:13:02: [SM] Exception reported: Language phrase "InstaDefuseSuccessful" not found (arg 5)
L 03/26/2022 - 19:13:02: [SM] Blaming: retakes-instadefuse.smx
L 03/26/2022 - 19:13:02: [SM] Call stack trace:
L 03/26/2022 - 19:13:02: [SM]   [0] PrintToChat
L 03/26/2022 - 19:13:02: [SM]   [1] Line 197, plugin.sp::AttemptInstantDefuse
L 03/26/2022 - 19:13:02: [SM]   [2] Line 104, plugin.sp::Event_BombBeginDefusePlusFrame
L 03/26/2022 - 19:13:26: [SM] Exception reported: Language phrase "InstaDefuseSuccessful" not found (arg 5)
L 03/26/2022 - 19:13:26: [SM] Blaming: retakes-instadefuse.smx
L 03/26/2022 - 19:13:26: [SM] Call stack trace:
L 03/26/2022 - 19:13:26: [SM]   [0] PrintToChat
L 03/26/2022 - 19:13:26: [SM]   [1] Line 197, plugin.sp::AttemptInstantDefuse
L 03/26/2022 - 19:13:26: [SM]   [2] Line 104, plugin.sp::Event_BombBeginDefusePlusFrame
L 03/26/2022 - 19:14:04: [SM] Exception reported: Language phrase "InstaDefuseSuccessful" not found (arg 5)
L 03/26/2022 - 19:14:04: [SM] Blaming: retakes-instadefuse.smx
L 03/26/2022 - 19:14:04: [SM] Call stack trace:
L 03/26/2022 - 19:14:04: [SM]   [0] PrintToChat
L 03/26/2022 - 19:14:04: [SM]   [1] Line 197, plugin.sp::AttemptInstantDefuse
L 03/26/2022 - 19:14:04: [SM]   [2] Line 104, plugin.sp::Event_BombBeginDefusePlusFrame
L 03/26/2022 - 19:14:46: [SM] Exception reported: Language phrase "InstaDefuseSuccessful" not found (arg 5)
L 03/26/2022 - 19:14:46: [SM] Blaming: retakes-instadefuse.smx
L 03/26/2022 - 19:14:46: [SM] Call stack trace:
L 03/26/2022 - 19:14:46: [SM]   [0] PrintToChat
L 03/26/2022 - 19:14:46: [SM]   [1] Line 197, plugin.sp::AttemptInstantDefuse
L 03/26/2022 - 19:14:46: [SM]   [2] Line 104, plugin.sp::Event_BombBeginDefusePlusFrame
L 03/26/2022 - 19:15:07: [SM] Exception reported: Language phrase "InstaDefuseSuccessful" not found (arg 5)
L 03/26/2022 - 19:15:07: [SM] Blaming: retakes-instadefuse.smx
L 03/26/2022 - 19:15:07: [SM] Call stack trace:
L 03/26/2022 - 19:15:07: [SM]   [0] PrintToChat
L 03/26/2022 - 19:15:07: [SM]   [1] Line 197, plugin.sp::AttemptInstantDefuse
L 03/26/2022 - 19:15:07: [SM]   [2] Line 104, plugin.sp::Event_BombBeginDefusePlusFrame
L 03/26/2022 - 19:16:32: [SM] Exception reported: Language phrase "InstaDefuseSuccessful" not found (arg 5)
L 03/26/2022 - 19:16:32: [SM] Blaming: retakes-instadefuse.smx
L 03/26/2022 - 19:16:32: [SM] Call stack trace:
L 03/26/2022 - 19:16:32: [SM]   [0] PrintToChat
L 03/26/2022 - 19:16:32: [SM]   [1] Line 197, plugin.sp::AttemptInstantDefuse
L 03/26/2022 - 19:16:33: [SM]   [2] Line 104, plugin.sp::Event_BombBeginDefusePlusFrame
L 03/26/2022 - 19:17:22: [SM] Exception reported: Language phrase "InstaDefuseSuccessful" not found (arg 5)
L 03/26/2022 - 19:17:22: [SM] Blaming: retakes-instadefuse.smx
L 03/26/2022 - 19:17:22: [SM] Call stack trace:
L 03/26/2022 - 19:17:22: [SM]   [0] PrintToChat
L 03/26/2022 - 19:17:22: [SM]   [1] Line 197, plugin.sp::AttemptInstantDefuse
L 03/26/2022 - 19:17:22: [SM]   [2] Line 104, plugin.sp::Event_BombBeginDefusePlusFrame
L 03/26/2022 - 19:18:23: [SM] Exception reported: Language phrase "InstaDefuseSuccessful" not found (arg 5)
L 03/26/2022 - 19:18:23: [SM] Blaming: retakes-instadefuse.smx
L 03/26/2022 - 19:18:23: [SM] Call stack trace:
L 03/26/2022 - 19:18:23: [SM]   [0] PrintToChat
L 03/26/2022 - 19:18:23: [SM]   [1] Line 197, plugin.sp::AttemptInstantDefuse
L 03/26/2022 - 19:18:23: [SM]   [2] Line 104, plugin.sp::Event_BombBeginDefusePlusFrame
L 03/26/2022 - 19:18:43: [SM] Exception reported: Language phrase "InstaDefuseSuccessful" not found (arg 5)
L 03/26/2022 - 19:18:43: [SM] Blaming: retakes-instadefuse.smx
L 03/26/2022 - 19:18:43: [SM] Call stack trace:
L 03/26/2022 - 19:18:43: [SM]   [0] PrintToChat
L 03/26/2022 - 19:18:43: [SM]   [1] Line 197, plugin.sp::AttemptInstantDefuse
L 03/26/2022 - 19:18:43: [SM]   [2] Line 104, plugin.sp::Event_BombBeginDefusePlusFrame
L 03/26/2022 - 19:19:06: [SM] Exception reported: Language phrase "InstaDefuseSuccessful" not found (arg 5)
L 03/26/2022 - 19:19:06: [SM] Blaming: retakes-instadefuse.smx
L 03/26/2022 - 19:19:06: [SM] Call stack trace:
L 03/26/2022 - 19:19:06: [SM]   [0] PrintToChat
L 03/26/2022 - 19:19:06: [SM]   [1] Line 197, plugin.sp::AttemptInstantDefuse
L 03/26/2022 - 19:19:06: [SM]   [2] Line 104, plugin.sp::Event_BombBeginDefusePlusFrame
L 03/26/2022 - 19:20:39: [SM] Exception reported: Language phrase "InstaDefuseSuccessful" not found (arg 5)
L 03/26/2022 - 19:20:39: [SM] Blaming: retakes-instadefuse.smx
L 03/26/2022 - 19:20:39: [SM] Call stack trace:
L 03/26/2022 - 19:20:39: [SM]   [0] PrintToChat
L 03/26/2022 - 19:20:39: [SM]   [1] Line 197, plugin.sp::AttemptInstantDefuse
L 03/26/2022 - 19:20:39: [SM]   [2] Line 104, plugin.sp::Event_BombBeginDefusePlusFrame
L 03/26/2022 - 19:20:57: [SM] Exception reported: Language phrase "InstaDefuseSuccessful" not found (arg 5)
L 03/26/2022 - 19:20:57: [SM] Blaming: retakes-instadefuse.smx
L 03/26/2022 - 19:20:57: [SM] Call stack trace:
L 03/26/2022 - 19:20:57: [SM]   [0] PrintToChat
L 03/26/2022 - 19:20:57: [SM]   [1] Line 197, plugin.sp::AttemptInstantDefuse
L 03/26/2022 - 19:20:57: [SM]   [2] Line 104, plugin.sp::Event_BombBeginDefusePlusFrame
L 03/26/2022 - 19:22:47: [SM] Exception reported: Language phrase "InstaDefuseSuccessful" not found (arg 5)
L 03/26/2022 - 19:22:47: [SM] Blaming: retakes-instadefuse.smx
L 03/26/2022 - 19:22:47: [SM] Call stack trace:
L 03/26/2022 - 19:22:47: [SM]   [0] PrintToChat
L 03/26/2022 - 19:22:47: [SM]   [1] Line 197, plugin.sp::AttemptInstantDefuse
L 03/26/2022 - 19:22:47: [SM]   [2] Line 104, plugin.sp::Event_BombBeginDefusePlusFrame
L 03/26/2022 - 19:23:07: [SM] Exception reported: Language phrase "InstaDefuseSuccessful" not found (arg 5)
L 03/26/2022 - 19:23:07: [SM] Blaming: retakes-instadefuse.smx
L 03/26/2022 - 19:23:07: [SM] Call stack trace:
L 03/26/2022 - 19:23:07: [SM]   [0] PrintToChat
L 03/26/2022 - 19:23:07: [SM]   [1] Line 197, plugin.sp::AttemptInstantDefuse
L 03/26/2022 - 19:23:07: [SM]   [2] Line 104, plugin.sp::Event_BombBeginDefusePlusFrame
