L 12/23/2021 - 01:46:31: SourceMod error session started
L 12/23/2021 - 01:46:31: Info (map "de_mirage") (file "E:\retake\csgoserver\csgo\addons\sourcemod\logs\errors_20211223.log")
L 12/23/2021 - 01:46:31: [SM] Unable to load extension "PhysHooks.ext": Could not find patch signature for symbol: Physics_RunThinkFunctions
L 12/23/2021 - 01:46:33: [SM] Unable to load plugin "bot_inventory.smx": Native "eItems_AreItemsSynced" was not found
L 12/23/2021 - 01:46:33: [SM] Unable to load plugin "bot_stuff.smx": Could not find required plugin "navmesh"
L 12/23/2021 - 01:46:34: [SM] Unable to load plugin "LagCompensation.smx": Required extension "PhysHooks" file("PhysHooks.ext") not running
L 12/23/2021 - 01:46:35: [SM] Fatal error encountered parsing translation file "ranks_matchmaking.phrases.txt"
L 12/23/2021 - 01:46:35: [SM] Error (line 0, column 0): Stream failed to open
L 12/23/2021 - 01:46:35: [SM] Fatal error encountered parsing translation file "instadefuse.phrases.txt"
L 12/23/2021 - 01:46:35: [SM] Error (line 0, column 0): Stream failed to open
L 12/23/2021 - 01:46:56: [SM] Exception reported: Language phrase "Unranked" not found (arg 5)
L 12/23/2021 - 01:46:56: [SM] Blaming: ranks_matchmaking.smx
L 12/23/2021 - 01:46:56: [SM] Call stack trace:
L 12/23/2021 - 01:46:56: [SM]   [0] FormatEx
L 12/23/2021 - 01:46:56: [SM]   [1] Line 174, ranks_matchmaking.sp::GetRanksNames
L 12/23/2021 - 01:46:56: [SM]   [2] Line 169, ranks_matchmaking.sp::OnMapStart
L 12/23/2021 - 01:51:04: Error log file session closed.
L 12/23/2021 - 01:51:04: SourceMod error session started
L 12/23/2021 - 01:51:04: Info (map "de_mirage") (file "E:\retake\csgoserver\csgo\addons\sourcemod\logs\errors_20211223.log")
L 12/23/2021 - 01:51:04: [SM] Fatal error encountered parsing translation file "ranks_matchmaking.phrases.txt"
L 12/23/2021 - 01:51:04: [SM] Error (line 0, column 0): Stream failed to open
L 12/23/2021 - 01:51:04: [SM] Fatal error encountered parsing translation file "instadefuse.phrases.txt"
L 12/23/2021 - 01:51:04: [SM] Error (line 0, column 0): Stream failed to open
L 12/23/2021 - 01:51:04: [SM] Exception reported: Language phrase "Unranked" not found (arg 5)
L 12/23/2021 - 01:51:04: [SM] Blaming: ranks_matchmaking.smx
L 12/23/2021 - 01:51:04: [SM] Call stack trace:
L 12/23/2021 - 01:51:04: [SM]   [0] FormatEx
L 12/23/2021 - 01:51:04: [SM]   [1] Line 174, ranks_matchmaking.sp::GetRanksNames
L 12/23/2021 - 01:51:04: [SM]   [2] Line 169, ranks_matchmaking.sp::OnMapStart
L 12/23/2021 - 02:03:06: [SM] Exception reported: Language phrase "InstaDefuseSuccessful" not found (arg 5)
L 12/23/2021 - 02:03:06: [SM] Blaming: retakes-instadefuse.smx
L 12/23/2021 - 02:03:06: [SM] Call stack trace:
L 12/23/2021 - 02:03:06: [SM]   [0] PrintToChat
L 12/23/2021 - 02:03:06: [SM]   [1] Line 197, plugin.sp::AttemptInstantDefuse
L 12/23/2021 - 02:03:06: [SM]   [2] Line 104, plugin.sp::Event_BombBeginDefusePlusFrame
L 12/23/2021 - 02:05:00: [SM] Exception reported: Language phrase "InstaDefuseSuccessful" not found (arg 5)
L 12/23/2021 - 02:05:00: [SM] Blaming: retakes-instadefuse.smx
L 12/23/2021 - 02:05:00: [SM] Call stack trace:
L 12/23/2021 - 02:05:00: [SM]   [0] PrintToChat
L 12/23/2021 - 02:05:00: [SM]   [1] Line 197, plugin.sp::AttemptInstantDefuse
L 12/23/2021 - 02:05:00: [SM]   [2] Line 104, plugin.sp::Event_BombBeginDefusePlusFrame
L 12/23/2021 - 02:05:14: [SM] Exception reported: Language phrase "InstaDefuseSuccessful" not found (arg 5)
L 12/23/2021 - 02:05:14: [SM] Blaming: retakes-instadefuse.smx
L 12/23/2021 - 02:05:14: [SM] Call stack trace:
L 12/23/2021 - 02:05:14: [SM]   [0] PrintToChat
L 12/23/2021 - 02:05:14: [SM]   [1] Line 197, plugin.sp::AttemptInstantDefuse
L 12/23/2021 - 02:05:14: [SM]   [2] Line 104, plugin.sp::Event_BombBeginDefusePlusFrame
L 12/23/2021 - 02:06:11: [SM] Exception reported: Language phrase "InstaDefuseSuccessful" not found (arg 5)
L 12/23/2021 - 02:06:11: [SM] Blaming: retakes-instadefuse.smx
L 12/23/2021 - 02:06:11: [SM] Call stack trace:
L 12/23/2021 - 02:06:11: [SM]   [0] PrintToChat
L 12/23/2021 - 02:06:11: [SM]   [1] Line 197, plugin.sp::AttemptInstantDefuse
L 12/23/2021 - 02:06:11: [SM]   [2] Line 104, plugin.sp::Event_BombBeginDefusePlusFrame
L 12/23/2021 - 02:06:30: [SM] Exception reported: Language phrase "InstaDefuseSuccessful" not found (arg 5)
L 12/23/2021 - 02:06:30: [SM] Blaming: retakes-instadefuse.smx
L 12/23/2021 - 02:06:30: [SM] Call stack trace:
L 12/23/2021 - 02:06:30: [SM]   [0] PrintToChat
L 12/23/2021 - 02:06:30: [SM]   [1] Line 197, plugin.sp::AttemptInstantDefuse
L 12/23/2021 - 02:06:30: [SM]   [2] Line 104, plugin.sp::Event_BombBeginDefusePlusFrame
L 12/23/2021 - 02:06:46: [SM] Exception reported: Language phrase "InstaDefuseSuccessful" not found (arg 5)
L 12/23/2021 - 02:06:46: [SM] Blaming: retakes-instadefuse.smx
L 12/23/2021 - 02:06:46: [SM] Call stack trace:
L 12/23/2021 - 02:06:46: [SM]   [0] PrintToChat
L 12/23/2021 - 02:06:46: [SM]   [1] Line 197, plugin.sp::AttemptInstantDefuse
L 12/23/2021 - 02:06:46: [SM]   [2] Line 104, plugin.sp::Event_BombBeginDefusePlusFrame
L 12/23/2021 - 02:07:00: [SM] Exception reported: Language phrase "InstaDefuseSuccessful" not found (arg 5)
L 12/23/2021 - 02:07:00: [SM] Blaming: retakes-instadefuse.smx
L 12/23/2021 - 02:07:00: [SM] Call stack trace:
L 12/23/2021 - 02:07:00: [SM]   [0] PrintToChat
L 12/23/2021 - 02:07:00: [SM]   [1] Line 197, plugin.sp::AttemptInstantDefuse
L 12/23/2021 - 02:07:00: [SM]   [2] Line 104, plugin.sp::Event_BombBeginDefusePlusFrame
L 12/23/2021 - 02:07:17: [SM] Exception reported: Language phrase "InstaDefuseSuccessful" not found (arg 5)
L 12/23/2021 - 02:07:17: [SM] Blaming: retakes-instadefuse.smx
L 12/23/2021 - 02:07:17: [SM] Call stack trace:
L 12/23/2021 - 02:07:17: [SM]   [0] PrintToChat
L 12/23/2021 - 02:07:17: [SM]   [1] Line 197, plugin.sp::AttemptInstantDefuse
L 12/23/2021 - 02:07:17: [SM]   [2] Line 104, plugin.sp::Event_BombBeginDefusePlusFrame
L 12/23/2021 - 02:07:33: [SM] Exception reported: Language phrase "InstaDefuseSuccessful" not found (arg 5)
L 12/23/2021 - 02:07:33: [SM] Blaming: retakes-instadefuse.smx
L 12/23/2021 - 02:07:33: [SM] Call stack trace:
L 12/23/2021 - 02:07:33: [SM]   [0] PrintToChat
L 12/23/2021 - 02:07:33: [SM]   [1] Line 197, plugin.sp::AttemptInstantDefuse
L 12/23/2021 - 02:07:33: [SM]   [2] Line 104, plugin.sp::Event_BombBeginDefusePlusFrame
L 12/23/2021 - 02:07:55: [SM] Exception reported: Language phrase "InstaDefuseSuccessful" not found (arg 5)
L 12/23/2021 - 02:07:55: [SM] Blaming: retakes-instadefuse.smx
L 12/23/2021 - 02:07:55: [SM] Call stack trace:
L 12/23/2021 - 02:07:55: [SM]   [0] PrintToChat
L 12/23/2021 - 02:07:55: [SM]   [1] Line 197, plugin.sp::AttemptInstantDefuse
L 12/23/2021 - 02:07:55: [SM]   [2] Line 104, plugin.sp::Event_BombBeginDefusePlusFrame
L 12/23/2021 - 02:09:22: [SM] Exception reported: Language phrase "InstaDefuseSuccessful" not found (arg 5)
L 12/23/2021 - 02:09:22: [SM] Blaming: retakes-instadefuse.smx
L 12/23/2021 - 02:09:22: [SM] Call stack trace:
L 12/23/2021 - 02:09:22: [SM]   [0] PrintToChat
L 12/23/2021 - 02:09:22: [SM]   [1] Line 197, plugin.sp::AttemptInstantDefuse
L 12/23/2021 - 02:09:22: [SM]   [2] Line 104, plugin.sp::Event_BombBeginDefusePlusFrame
L 12/23/2021 - 02:09:47: [SM] Exception reported: Language phrase "InstaDefuseSuccessful" not found (arg 5)
L 12/23/2021 - 02:09:47: [SM] Blaming: retakes-instadefuse.smx
L 12/23/2021 - 02:09:47: [SM] Call stack trace:
L 12/23/2021 - 02:09:47: [SM]   [0] PrintToChat
L 12/23/2021 - 02:09:47: [SM]   [1] Line 197, plugin.sp::AttemptInstantDefuse
L 12/23/2021 - 02:09:47: [SM]   [2] Line 104, plugin.sp::Event_BombBeginDefusePlusFrame
L 12/23/2021 - 02:10:20: [SM] Exception reported: Language phrase "InstaDefuseSuccessful" not found (arg 5)
L 12/23/2021 - 02:10:20: [SM] Blaming: retakes-instadefuse.smx
L 12/23/2021 - 02:10:20: [SM] Call stack trace:
L 12/23/2021 - 02:10:20: [SM]   [0] PrintToChat
L 12/23/2021 - 02:10:20: [SM]   [1] Line 197, plugin.sp::AttemptInstantDefuse
L 12/23/2021 - 02:10:20: [SM]   [2] Line 104, plugin.sp::Event_BombBeginDefusePlusFrame
L 12/23/2021 - 02:10:36: [SM] Exception reported: Language phrase "InstaDefuseSuccessful" not found (arg 5)
L 12/23/2021 - 02:10:36: [SM] Blaming: retakes-instadefuse.smx
L 12/23/2021 - 02:10:36: [SM] Call stack trace:
L 12/23/2021 - 02:10:36: [SM]   [0] PrintToChat
L 12/23/2021 - 02:10:36: [SM]   [1] Line 197, plugin.sp::AttemptInstantDefuse
L 12/23/2021 - 02:10:36: [SM]   [2] Line 104, plugin.sp::Event_BombBeginDefusePlusFrame
L 12/23/2021 - 02:11:31: [SM] Exception reported: Language phrase "InstaDefuseSuccessful" not found (arg 5)
L 12/23/2021 - 02:11:31: [SM] Blaming: retakes-instadefuse.smx
L 12/23/2021 - 02:11:31: [SM] Call stack trace:
L 12/23/2021 - 02:11:31: [SM]   [0] PrintToChat
L 12/23/2021 - 02:11:31: [SM]   [1] Line 197, plugin.sp::AttemptInstantDefuse
L 12/23/2021 - 02:11:31: [SM]   [2] Line 104, plugin.sp::Event_BombBeginDefusePlusFrame
L 12/23/2021 - 02:11:44: [SM] Exception reported: Language phrase "InstaDefuseSuccessful" not found (arg 5)
L 12/23/2021 - 02:11:44: [SM] Blaming: retakes-instadefuse.smx
L 12/23/2021 - 02:11:44: [SM] Call stack trace:
L 12/23/2021 - 02:11:44: [SM]   [0] PrintToChat
L 12/23/2021 - 02:11:44: [SM]   [1] Line 197, plugin.sp::AttemptInstantDefuse
L 12/23/2021 - 02:11:44: [SM]   [2] Line 104, plugin.sp::Event_BombBeginDefusePlusFrame
L 12/23/2021 - 02:11:59: [SM] Exception reported: Language phrase "InstaDefuseSuccessful" not found (arg 5)
L 12/23/2021 - 02:11:59: [SM] Blaming: retakes-instadefuse.smx
L 12/23/2021 - 02:11:59: [SM] Call stack trace:
L 12/23/2021 - 02:11:59: [SM]   [0] PrintToChat
L 12/23/2021 - 02:11:59: [SM]   [1] Line 197, plugin.sp::AttemptInstantDefuse
L 12/23/2021 - 02:11:59: [SM]   [2] Line 104, plugin.sp::Event_BombBeginDefusePlusFrame
L 12/23/2021 - 02:12:16: [SM] Exception reported: Language phrase "InstaDefuseSuccessful" not found (arg 5)
L 12/23/2021 - 02:12:16: [SM] Blaming: retakes-instadefuse.smx
L 12/23/2021 - 02:12:16: [SM] Call stack trace:
L 12/23/2021 - 02:12:16: [SM]   [0] PrintToChat
L 12/23/2021 - 02:12:16: [SM]   [1] Line 197, plugin.sp::AttemptInstantDefuse
L 12/23/2021 - 02:12:16: [SM]   [2] Line 104, plugin.sp::Event_BombBeginDefusePlusFrame
L 12/23/2021 - 02:12:30: [SM] Exception reported: Language phrase "InstaDefuseSuccessful" not found (arg 5)
L 12/23/2021 - 02:12:30: [SM] Blaming: retakes-instadefuse.smx
L 12/23/2021 - 02:12:30: [SM] Call stack trace:
L 12/23/2021 - 02:12:30: [SM]   [0] PrintToChat
L 12/23/2021 - 02:12:30: [SM]   [1] Line 197, plugin.sp::AttemptInstantDefuse
L 12/23/2021 - 02:12:30: [SM]   [2] Line 104, plugin.sp::Event_BombBeginDefusePlusFrame
L 12/23/2021 - 02:13:50: [SM] Exception reported: Language phrase "InstaDefuseSuccessful" not found (arg 5)
L 12/23/2021 - 02:13:50: [SM] Blaming: retakes-instadefuse.smx
L 12/23/2021 - 02:13:50: [SM] Call stack trace:
L 12/23/2021 - 02:13:50: [SM]   [0] PrintToChat
L 12/23/2021 - 02:13:50: [SM]   [1] Line 197, plugin.sp::AttemptInstantDefuse
L 12/23/2021 - 02:13:50: [SM]   [2] Line 104, plugin.sp::Event_BombBeginDefusePlusFrame
L 12/23/2021 - 02:14:08: [SM] Exception reported: Language phrase "InstaDefuseSuccessful" not found (arg 5)
L 12/23/2021 - 02:14:08: [SM] Blaming: retakes-instadefuse.smx
L 12/23/2021 - 02:14:08: [SM] Call stack trace:
L 12/23/2021 - 02:14:08: [SM]   [0] PrintToChat
L 12/23/2021 - 02:14:08: [SM]   [1] Line 197, plugin.sp::AttemptInstantDefuse
L 12/23/2021 - 02:14:08: [SM]   [2] Line 104, plugin.sp::Event_BombBeginDefusePlusFrame
L 12/23/2021 - 02:14:29: [SM] Exception reported: Language phrase "InstaDefuseSuccessful" not found (arg 5)
L 12/23/2021 - 02:14:29: [SM] Blaming: retakes-instadefuse.smx
L 12/23/2021 - 02:14:29: [SM] Call stack trace:
L 12/23/2021 - 02:14:29: [SM]   [0] PrintToChat
L 12/23/2021 - 02:14:29: [SM]   [1] Line 197, plugin.sp::AttemptInstantDefuse
L 12/23/2021 - 02:14:29: [SM]   [2] Line 104, plugin.sp::Event_BombBeginDefusePlusFrame
L 12/23/2021 - 02:15:20: [SM] Exception reported: Language phrase "InstaDefuseSuccessful" not found (arg 5)
L 12/23/2021 - 02:15:20: [SM] Blaming: retakes-instadefuse.smx
L 12/23/2021 - 02:15:20: [SM] Call stack trace:
L 12/23/2021 - 02:15:20: [SM]   [0] PrintToChat
L 12/23/2021 - 02:15:20: [SM]   [1] Line 197, plugin.sp::AttemptInstantDefuse
L 12/23/2021 - 02:15:20: [SM]   [2] Line 104, plugin.sp::Event_BombBeginDefusePlusFrame
L 12/23/2021 - 02:15:59: [SM] Exception reported: Language phrase "InstaDefuseSuccessful" not found (arg 5)
L 12/23/2021 - 02:15:59: [SM] Blaming: retakes-instadefuse.smx
L 12/23/2021 - 02:15:59: [SM] Call stack trace:
L 12/23/2021 - 02:15:59: [SM]   [0] PrintToChat
L 12/23/2021 - 02:15:59: [SM]   [1] Line 197, plugin.sp::AttemptInstantDefuse
L 12/23/2021 - 02:15:59: [SM]   [2] Line 104, plugin.sp::Event_BombBeginDefusePlusFrame
L 12/23/2021 - 02:16:20: [SM] Exception reported: Language phrase "InstaDefuseSuccessful" not found (arg 5)
L 12/23/2021 - 02:16:20: [SM] Blaming: retakes-instadefuse.smx
L 12/23/2021 - 02:16:20: [SM] Call stack trace:
L 12/23/2021 - 02:16:20: [SM]   [0] PrintToChat
L 12/23/2021 - 02:16:20: [SM]   [1] Line 197, plugin.sp::AttemptInstantDefuse
L 12/23/2021 - 02:16:20: [SM]   [2] Line 104, plugin.sp::Event_BombBeginDefusePlusFrame
L 12/23/2021 - 02:16:53: [SM] Exception reported: Language phrase "InstaDefuseSuccessful" not found (arg 5)
L 12/23/2021 - 02:16:53: [SM] Blaming: retakes-instadefuse.smx
L 12/23/2021 - 02:16:53: [SM] Call stack trace:
L 12/23/2021 - 02:16:53: [SM]   [0] PrintToChat
L 12/23/2021 - 02:16:53: [SM]   [1] Line 197, plugin.sp::AttemptInstantDefuse
L 12/23/2021 - 02:16:53: [SM]   [2] Line 104, plugin.sp::Event_BombBeginDefusePlusFrame
L 12/23/2021 - 02:17:12: [SM] Exception reported: Language phrase "InstaDefuseSuccessful" not found (arg 5)
L 12/23/2021 - 02:17:12: [SM] Blaming: retakes-instadefuse.smx
L 12/23/2021 - 02:17:12: [SM] Call stack trace:
L 12/23/2021 - 02:17:12: [SM]   [0] PrintToChat
L 12/23/2021 - 02:17:12: [SM]   [1] Line 197, plugin.sp::AttemptInstantDefuse
L 12/23/2021 - 02:17:12: [SM]   [2] Line 104, plugin.sp::Event_BombBeginDefusePlusFrame
L 12/23/2021 - 02:17:49: [SM] Exception reported: Language phrase "InstaDefuseSuccessful" not found (arg 5)
L 12/23/2021 - 02:17:49: [SM] Blaming: retakes-instadefuse.smx
L 12/23/2021 - 02:17:49: [SM] Call stack trace:
L 12/23/2021 - 02:17:49: [SM]   [0] PrintToChat
L 12/23/2021 - 02:17:49: [SM]   [1] Line 197, plugin.sp::AttemptInstantDefuse
L 12/23/2021 - 02:17:49: [SM]   [2] Line 104, plugin.sp::Event_BombBeginDefusePlusFrame
L 12/23/2021 - 02:18:09: [SM] Exception reported: Language phrase "InstaDefuseSuccessful" not found (arg 5)
L 12/23/2021 - 02:18:09: [SM] Blaming: retakes-instadefuse.smx
L 12/23/2021 - 02:18:09: [SM] Call stack trace:
L 12/23/2021 - 02:18:09: [SM]   [0] PrintToChat
L 12/23/2021 - 02:18:09: [SM]   [1] Line 197, plugin.sp::AttemptInstantDefuse
L 12/23/2021 - 02:18:09: [SM]   [2] Line 104, plugin.sp::Event_BombBeginDefusePlusFrame
L 12/23/2021 - 02:19:07: [SM] Exception reported: Language phrase "InstaDefuseSuccessful" not found (arg 5)
L 12/23/2021 - 02:19:07: [SM] Blaming: retakes-instadefuse.smx
L 12/23/2021 - 02:19:07: [SM] Call stack trace:
L 12/23/2021 - 02:19:07: [SM]   [0] PrintToChat
L 12/23/2021 - 02:19:07: [SM]   [1] Line 197, plugin.sp::AttemptInstantDefuse
L 12/23/2021 - 02:19:07: [SM]   [2] Line 104, plugin.sp::Event_BombBeginDefusePlusFrame
L 12/23/2021 - 02:19:25: [SM] Exception reported: Language phrase "InstaDefuseSuccessful" not found (arg 5)
L 12/23/2021 - 02:19:25: [SM] Blaming: retakes-instadefuse.smx
L 12/23/2021 - 02:19:25: [SM] Call stack trace:
L 12/23/2021 - 02:19:25: [SM]   [0] PrintToChat
L 12/23/2021 - 02:19:25: [SM]   [1] Line 197, plugin.sp::AttemptInstantDefuse
L 12/23/2021 - 02:19:25: [SM]   [2] Line 104, plugin.sp::Event_BombBeginDefusePlusFrame
L 12/23/2021 - 02:19:26: [SM] Exception reported: Language phrase "InstaDefuseSuccessful" not found (arg 5)
L 12/23/2021 - 02:19:26: [SM] Blaming: retakes-instadefuse.smx
L 12/23/2021 - 02:19:26: [SM] Call stack trace:
L 12/23/2021 - 02:19:26: [SM]   [0] PrintToChat
L 12/23/2021 - 02:19:26: [SM]   [1] Line 197, plugin.sp::AttemptInstantDefuse
L 12/23/2021 - 02:19:26: [SM]   [2] Line 104, plugin.sp::Event_BombBeginDefusePlusFrame
L 12/23/2021 - 02:19:48: [SM] Exception reported: Language phrase "InstaDefuseSuccessful" not found (arg 5)
L 12/23/2021 - 02:19:48: [SM] Blaming: retakes-instadefuse.smx
L 12/23/2021 - 02:19:48: [SM] Call stack trace:
L 12/23/2021 - 02:19:48: [SM]   [0] PrintToChat
L 12/23/2021 - 02:19:49: [SM]   [1] Line 197, plugin.sp::AttemptInstantDefuse
L 12/23/2021 - 02:19:49: [SM]   [2] Line 104, plugin.sp::Event_BombBeginDefusePlusFrame
L 12/23/2021 - 02:20:03: [SM] Exception reported: Language phrase "InstaDefuseSuccessful" not found (arg 5)
L 12/23/2021 - 02:20:03: [SM] Blaming: retakes-instadefuse.smx
L 12/23/2021 - 02:20:03: [SM] Call stack trace:
L 12/23/2021 - 02:20:03: [SM]   [0] PrintToChat
L 12/23/2021 - 02:20:03: [SM]   [1] Line 197, plugin.sp::AttemptInstantDefuse
L 12/23/2021 - 02:20:03: [SM]   [2] Line 104, plugin.sp::Event_BombBeginDefusePlusFrame
L 12/23/2021 - 02:20:28: [SM] Exception reported: Language phrase "InstaDefuseSuccessful" not found (arg 5)
L 12/23/2021 - 02:20:28: [SM] Blaming: retakes-instadefuse.smx
L 12/23/2021 - 02:20:28: [SM] Call stack trace:
L 12/23/2021 - 02:20:28: [SM]   [0] PrintToChat
L 12/23/2021 - 02:20:28: [SM]   [1] Line 197, plugin.sp::AttemptInstantDefuse
L 12/23/2021 - 02:20:28: [SM]   [2] Line 104, plugin.sp::Event_BombBeginDefusePlusFrame
L 12/23/2021 - 02:20:45: [SM] Exception reported: Language phrase "InstaDefuseSuccessful" not found (arg 5)
L 12/23/2021 - 02:20:45: [SM] Blaming: retakes-instadefuse.smx
L 12/23/2021 - 02:20:45: [SM] Call stack trace:
L 12/23/2021 - 02:20:45: [SM]   [0] PrintToChat
L 12/23/2021 - 02:20:45: [SM]   [1] Line 197, plugin.sp::AttemptInstantDefuse
L 12/23/2021 - 02:20:45: [SM]   [2] Line 104, plugin.sp::Event_BombBeginDefusePlusFrame
L 12/23/2021 - 02:21:21: [SM] Exception reported: Language phrase "InstaDefuseSuccessful" not found (arg 5)
L 12/23/2021 - 02:21:21: [SM] Blaming: retakes-instadefuse.smx
L 12/23/2021 - 02:21:21: [SM] Call stack trace:
L 12/23/2021 - 02:21:21: [SM]   [0] PrintToChat
L 12/23/2021 - 02:21:21: [SM]   [1] Line 197, plugin.sp::AttemptInstantDefuse
L 12/23/2021 - 02:21:21: [SM]   [2] Line 104, plugin.sp::Event_BombBeginDefusePlusFrame
L 12/23/2021 - 02:21:47: [SM] Exception reported: Language phrase "InstaDefuseSuccessful" not found (arg 5)
L 12/23/2021 - 02:21:47: [SM] Blaming: retakes-instadefuse.smx
L 12/23/2021 - 02:21:47: [SM] Call stack trace:
L 12/23/2021 - 02:21:47: [SM]   [0] PrintToChat
L 12/23/2021 - 02:21:47: [SM]   [1] Line 197, plugin.sp::AttemptInstantDefuse
L 12/23/2021 - 02:21:47: [SM]   [2] Line 104, plugin.sp::Event_BombBeginDefusePlusFrame
L 12/23/2021 - 02:22:04: [SM] Exception reported: Language phrase "InstaDefuseSuccessful" not found (arg 5)
L 12/23/2021 - 02:22:04: [SM] Blaming: retakes-instadefuse.smx
L 12/23/2021 - 02:22:04: [SM] Call stack trace:
L 12/23/2021 - 02:22:04: [SM]   [0] PrintToChat
L 12/23/2021 - 02:22:04: [SM]   [1] Line 197, plugin.sp::AttemptInstantDefuse
L 12/23/2021 - 02:22:04: [SM]   [2] Line 104, plugin.sp::Event_BombBeginDefusePlusFrame
L 12/23/2021 - 02:22:36: [SM] Exception reported: Language phrase "InstaDefuseSuccessful" not found (arg 5)
L 12/23/2021 - 02:22:36: [SM] Blaming: retakes-instadefuse.smx
L 12/23/2021 - 02:22:36: [SM] Call stack trace:
L 12/23/2021 - 02:22:36: [SM]   [0] PrintToChat
L 12/23/2021 - 02:22:36: [SM]   [1] Line 197, plugin.sp::AttemptInstantDefuse
L 12/23/2021 - 02:22:36: [SM]   [2] Line 104, plugin.sp::Event_BombBeginDefusePlusFrame
L 12/23/2021 - 02:23:35: [SM] Exception reported: Language phrase "InstaDefuseSuccessful" not found (arg 5)
L 12/23/2021 - 02:23:35: [SM] Blaming: retakes-instadefuse.smx
L 12/23/2021 - 02:23:35: [SM] Call stack trace:
L 12/23/2021 - 02:23:35: [SM]   [0] PrintToChat
L 12/23/2021 - 02:23:35: [SM]   [1] Line 197, plugin.sp::AttemptInstantDefuse
L 12/23/2021 - 02:23:35: [SM]   [2] Line 104, plugin.sp::Event_BombBeginDefusePlusFrame
L 12/23/2021 - 02:24:27: [SM] Exception reported: Language phrase "InstaDefuseSuccessful" not found (arg 5)
L 12/23/2021 - 02:24:27: [SM] Blaming: retakes-instadefuse.smx
L 12/23/2021 - 02:24:27: [SM] Call stack trace:
L 12/23/2021 - 02:24:27: [SM]   [0] PrintToChat
L 12/23/2021 - 02:24:27: [SM]   [1] Line 197, plugin.sp::AttemptInstantDefuse
L 12/23/2021 - 02:24:27: [SM]   [2] Line 104, plugin.sp::Event_BombBeginDefusePlusFrame
L 12/23/2021 - 02:25:09: [SM] Exception reported: Language phrase "InstaDefuseSuccessful" not found (arg 5)
L 12/23/2021 - 02:25:09: [SM] Blaming: retakes-instadefuse.smx
L 12/23/2021 - 02:25:09: [SM] Call stack trace:
L 12/23/2021 - 02:25:09: [SM]   [0] PrintToChat
L 12/23/2021 - 02:25:09: [SM]   [1] Line 197, plugin.sp::AttemptInstantDefuse
L 12/23/2021 - 02:25:09: [SM]   [2] Line 104, plugin.sp::Event_BombBeginDefusePlusFrame
L 12/23/2021 - 02:25:27: [SM] Exception reported: Language phrase "InstaDefuseSuccessful" not found (arg 5)
L 12/23/2021 - 02:25:27: [SM] Blaming: retakes-instadefuse.smx
L 12/23/2021 - 02:25:27: [SM] Call stack trace:
L 12/23/2021 - 02:25:27: [SM]   [0] PrintToChat
L 12/23/2021 - 02:25:27: [SM]   [1] Line 197, plugin.sp::AttemptInstantDefuse
L 12/23/2021 - 02:25:27: [SM]   [2] Line 104, plugin.sp::Event_BombBeginDefusePlusFrame
L 12/23/2021 - 02:26:03: [SM] Exception reported: Language phrase "InstaDefuseUnsuccessful" not found (arg 5)
L 12/23/2021 - 02:26:03: [SM] Blaming: retakes-instadefuse.smx
L 12/23/2021 - 02:26:03: [SM] Call stack trace:
L 12/23/2021 - 02:26:03: [SM]   [0] PrintToChat
L 12/23/2021 - 02:26:03: [SM]   [1] Line 143, plugin.sp::AttemptInstantDefuse
L 12/23/2021 - 02:26:03: [SM]   [2] Line 104, plugin.sp::Event_BombBeginDefusePlusFrame
L 12/23/2021 - 02:26:03: [SM] Exception reported: Language phrase "InstaDefuseUnsuccessful" not found (arg 5)
L 12/23/2021 - 02:26:03: [SM] Blaming: retakes-instadefuse.smx
L 12/23/2021 - 02:26:03: [SM] Call stack trace:
L 12/23/2021 - 02:26:03: [SM]   [0] PrintToChat
L 12/23/2021 - 02:26:03: [SM]   [1] Line 143, plugin.sp::AttemptInstantDefuse
L 12/23/2021 - 02:26:03: [SM]   [2] Line 104, plugin.sp::Event_BombBeginDefusePlusFrame
L 12/23/2021 - 02:26:03: [SM] Exception reported: Language phrase "InstaDefuseUnsuccessful" not found (arg 5)
L 12/23/2021 - 02:26:03: [SM] Blaming: retakes-instadefuse.smx
L 12/23/2021 - 02:26:03: [SM] Call stack trace:
L 12/23/2021 - 02:26:03: [SM]   [0] PrintToChat
L 12/23/2021 - 02:26:03: [SM]   [1] Line 143, plugin.sp::AttemptInstantDefuse
L 12/23/2021 - 02:26:04: [SM]   [2] Line 104, plugin.sp::Event_BombBeginDefusePlusFrame
L 12/23/2021 - 02:26:04: [SM] Exception reported: Language phrase "InstaDefuseUnsuccessful" not found (arg 5)
L 12/23/2021 - 02:26:04: [SM] Blaming: retakes-instadefuse.smx
L 12/23/2021 - 02:26:04: [SM] Call stack trace:
L 12/23/2021 - 02:26:04: [SM]   [0] PrintToChat
L 12/23/2021 - 02:26:04: [SM]   [1] Line 143, plugin.sp::AttemptInstantDefuse
L 12/23/2021 - 02:26:04: [SM]   [2] Line 104, plugin.sp::Event_BombBeginDefusePlusFrame
L 12/23/2021 - 02:26:28: [SM] Exception reported: Language phrase "InstaDefuseSuccessful" not found (arg 5)
L 12/23/2021 - 02:26:28: [SM] Blaming: retakes-instadefuse.smx
L 12/23/2021 - 02:26:28: [SM] Call stack trace:
L 12/23/2021 - 02:26:28: [SM]   [0] PrintToChat
L 12/23/2021 - 02:26:28: [SM]   [1] Line 197, plugin.sp::AttemptInstantDefuse
L 12/23/2021 - 02:26:28: [SM]   [2] Line 104, plugin.sp::Event_BombBeginDefusePlusFrame
L 12/23/2021 - 02:26:43: [SM] Exception reported: Language phrase "InstaDefuseSuccessful" not found (arg 5)
L 12/23/2021 - 02:26:43: [SM] Blaming: retakes-instadefuse.smx
L 12/23/2021 - 02:26:43: [SM] Call stack trace:
L 12/23/2021 - 02:26:43: [SM]   [0] PrintToChat
L 12/23/2021 - 02:26:43: [SM]   [1] Line 197, plugin.sp::AttemptInstantDefuse
L 12/23/2021 - 02:26:43: [SM]   [2] Line 104, plugin.sp::Event_BombBeginDefusePlusFrame
L 12/23/2021 - 02:27:20: [SM] Exception reported: Language phrase "InstaDefuseUnsuccessful" not found (arg 5)
L 12/23/2021 - 02:27:20: [SM] Blaming: retakes-instadefuse.smx
L 12/23/2021 - 02:27:20: [SM] Call stack trace:
L 12/23/2021 - 02:27:20: [SM]   [0] PrintToChat
L 12/23/2021 - 02:27:20: [SM]   [1] Line 143, plugin.sp::AttemptInstantDefuse
L 12/23/2021 - 02:27:20: [SM]   [2] Line 104, plugin.sp::Event_BombBeginDefusePlusFrame
L 12/23/2021 - 02:27:20: [SM] Exception reported: Language phrase "InstaDefuseUnsuccessful" not found (arg 5)
L 12/23/2021 - 02:27:20: [SM] Blaming: retakes-instadefuse.smx
L 12/23/2021 - 02:27:20: [SM] Call stack trace:
L 12/23/2021 - 02:27:20: [SM]   [0] PrintToChat
L 12/23/2021 - 02:27:20: [SM]   [1] Line 143, plugin.sp::AttemptInstantDefuse
L 12/23/2021 - 02:27:20: [SM]   [2] Line 104, plugin.sp::Event_BombBeginDefusePlusFrame
L 12/23/2021 - 02:27:20: [SM] Exception reported: Language phrase "InstaDefuseUnsuccessful" not found (arg 5)
L 12/23/2021 - 02:27:20: [SM] Blaming: retakes-instadefuse.smx
L 12/23/2021 - 02:27:20: [SM] Call stack trace:
L 12/23/2021 - 02:27:20: [SM]   [0] PrintToChat
L 12/23/2021 - 02:27:20: [SM]   [1] Line 143, plugin.sp::AttemptInstantDefuse
L 12/23/2021 - 02:27:20: [SM]   [2] Line 104, plugin.sp::Event_BombBeginDefusePlusFrame
L 12/23/2021 - 02:27:35: [SM] Exception reported: Language phrase "InstaDefuseSuccessful" not found (arg 5)
L 12/23/2021 - 02:27:35: [SM] Blaming: retakes-instadefuse.smx
L 12/23/2021 - 02:27:35: [SM] Call stack trace:
L 12/23/2021 - 02:27:35: [SM]   [0] PrintToChat
L 12/23/2021 - 02:27:35: [SM]   [1] Line 197, plugin.sp::AttemptInstantDefuse
L 12/23/2021 - 02:27:35: [SM]   [2] Line 104, plugin.sp::Event_BombBeginDefusePlusFrame
L 12/23/2021 - 02:28:42: [SM] Exception reported: Language phrase "InstaDefuseSuccessful" not found (arg 5)
L 12/23/2021 - 02:28:42: [SM] Blaming: retakes-instadefuse.smx
L 12/23/2021 - 02:28:42: [SM] Call stack trace:
L 12/23/2021 - 02:28:42: [SM]   [0] PrintToChat
L 12/23/2021 - 02:28:42: [SM]   [1] Line 197, plugin.sp::AttemptInstantDefuse
L 12/23/2021 - 02:28:42: [SM]   [2] Line 104, plugin.sp::Event_BombBeginDefusePlusFrame
L 12/23/2021 - 02:29:36: [SM] Exception reported: Language phrase "InstaDefuseUnsuccessful" not found (arg 5)
L 12/23/2021 - 02:29:36: [SM] Blaming: retakes-instadefuse.smx
L 12/23/2021 - 02:29:36: [SM] Call stack trace:
L 12/23/2021 - 02:29:36: [SM]   [0] PrintToChat
L 12/23/2021 - 02:29:36: [SM]   [1] Line 143, plugin.sp::AttemptInstantDefuse
L 12/23/2021 - 02:29:36: [SM]   [2] Line 104, plugin.sp::Event_BombBeginDefusePlusFrame
L 12/23/2021 - 02:29:36: [SM] Exception reported: Language phrase "InstaDefuseUnsuccessful" not found (arg 5)
L 12/23/2021 - 02:29:36: [SM] Blaming: retakes-instadefuse.smx
L 12/23/2021 - 02:29:36: [SM] Call stack trace:
L 12/23/2021 - 02:29:36: [SM]   [0] PrintToChat
L 12/23/2021 - 02:29:36: [SM]   [1] Line 143, plugin.sp::AttemptInstantDefuse
L 12/23/2021 - 02:29:36: [SM]   [2] Line 104, plugin.sp::Event_BombBeginDefusePlusFrame
L 12/23/2021 - 02:29:36: [SM] Exception reported: Language phrase "InstaDefuseUnsuccessful" not found (arg 5)
L 12/23/2021 - 02:29:36: [SM] Blaming: retakes-instadefuse.smx
L 12/23/2021 - 02:29:36: [SM] Call stack trace:
L 12/23/2021 - 02:29:36: [SM]   [0] PrintToChat
L 12/23/2021 - 02:29:36: [SM]   [1] Line 143, plugin.sp::AttemptInstantDefuse
L 12/23/2021 - 02:29:36: [SM]   [2] Line 104, plugin.sp::Event_BombBeginDefusePlusFrame
L 12/23/2021 - 02:29:37: [SM] Exception reported: Language phrase "InstaDefuseUnsuccessful" not found (arg 5)
L 12/23/2021 - 02:29:37: [SM] Blaming: retakes-instadefuse.smx
L 12/23/2021 - 02:29:37: [SM] Call stack trace:
L 12/23/2021 - 02:29:37: [SM]   [0] PrintToChat
L 12/23/2021 - 02:29:37: [SM]   [1] Line 143, plugin.sp::AttemptInstantDefuse
L 12/23/2021 - 02:29:37: [SM]   [2] Line 104, plugin.sp::Event_BombBeginDefusePlusFrame
L 12/23/2021 - 02:30:05: [SM] Exception reported: Language phrase "InstaDefuseSuccessful" not found (arg 5)
L 12/23/2021 - 02:30:05: [SM] Blaming: retakes-instadefuse.smx
L 12/23/2021 - 02:30:05: [SM] Call stack trace:
L 12/23/2021 - 02:30:05: [SM]   [0] PrintToChat
L 12/23/2021 - 02:30:05: [SM]   [1] Line 197, plugin.sp::AttemptInstantDefuse
L 12/23/2021 - 02:30:05: [SM]   [2] Line 104, plugin.sp::Event_BombBeginDefusePlusFrame
L 12/23/2021 - 02:30:58: [SM] Exception reported: Language phrase "InstaDefuseSuccessful" not found (arg 5)
L 12/23/2021 - 02:30:58: [SM] Blaming: retakes-instadefuse.smx
L 12/23/2021 - 02:30:58: [SM] Call stack trace:
L 12/23/2021 - 02:30:58: [SM]   [0] PrintToChat
L 12/23/2021 - 02:30:58: [SM]   [1] Line 197, plugin.sp::AttemptInstantDefuse
L 12/23/2021 - 02:30:58: [SM]   [2] Line 104, plugin.sp::Event_BombBeginDefusePlusFrame
L 12/23/2021 - 02:31:21: [SM] Exception reported: Language phrase "InstaDefuseSuccessful" not found (arg 5)
L 12/23/2021 - 02:31:21: [SM] Blaming: retakes-instadefuse.smx
L 12/23/2021 - 02:31:21: [SM] Call stack trace:
L 12/23/2021 - 02:31:21: [SM]   [0] PrintToChat
L 12/23/2021 - 02:31:21: [SM]   [1] Line 197, plugin.sp::AttemptInstantDefuse
L 12/23/2021 - 02:31:21: [SM]   [2] Line 104, plugin.sp::Event_BombBeginDefusePlusFrame
L 12/23/2021 - 02:32:49: [SM] Exception reported: Language phrase "InstaDefuseSuccessful" not found (arg 5)
L 12/23/2021 - 02:32:49: [SM] Blaming: retakes-instadefuse.smx
L 12/23/2021 - 02:32:49: [SM] Call stack trace:
L 12/23/2021 - 02:32:49: [SM]   [0] PrintToChat
L 12/23/2021 - 02:32:49: [SM]   [1] Line 197, plugin.sp::AttemptInstantDefuse
L 12/23/2021 - 02:32:49: [SM]   [2] Line 104, plugin.sp::Event_BombBeginDefusePlusFrame
L 12/23/2021 - 02:33:11: [SM] Exception reported: Language phrase "InstaDefuseSuccessful" not found (arg 5)
L 12/23/2021 - 02:33:11: [SM] Blaming: retakes-instadefuse.smx
L 12/23/2021 - 02:33:11: [SM] Call stack trace:
L 12/23/2021 - 02:33:11: [SM]   [0] PrintToChat
L 12/23/2021 - 02:33:11: [SM]   [1] Line 197, plugin.sp::AttemptInstantDefuse
L 12/23/2021 - 02:33:11: [SM]   [2] Line 104, plugin.sp::Event_BombBeginDefusePlusFrame
L 12/23/2021 - 02:35:56: [SM] Exception reported: Language phrase "InstaDefuseSuccessful" not found (arg 5)
L 12/23/2021 - 02:35:57: [SM] Blaming: retakes-instadefuse.smx
L 12/23/2021 - 02:35:57: [SM] Call stack trace:
L 12/23/2021 - 02:35:57: [SM]   [0] PrintToChat
L 12/23/2021 - 02:35:57: [SM]   [1] Line 197, plugin.sp::AttemptInstantDefuse
L 12/23/2021 - 02:35:57: [SM]   [2] Line 104, plugin.sp::Event_BombBeginDefusePlusFrame
L 12/23/2021 - 02:36:24: [SM] Exception reported: Language phrase "InstaDefuseSuccessful" not found (arg 5)
L 12/23/2021 - 02:36:24: [SM] Blaming: retakes-instadefuse.smx
L 12/23/2021 - 02:36:24: [SM] Call stack trace:
L 12/23/2021 - 02:36:24: [SM]   [0] PrintToChat
L 12/23/2021 - 02:36:24: [SM]   [1] Line 197, plugin.sp::AttemptInstantDefuse
L 12/23/2021 - 02:36:24: [SM]   [2] Line 104, plugin.sp::Event_BombBeginDefusePlusFrame
L 12/23/2021 - 02:37:21: [SM] Exception reported: Language phrase "InstaDefuseSuccessful" not found (arg 5)
L 12/23/2021 - 02:37:21: [SM] Blaming: retakes-instadefuse.smx
L 12/23/2021 - 02:37:21: [SM] Call stack trace:
L 12/23/2021 - 02:37:21: [SM]   [0] PrintToChat
L 12/23/2021 - 02:37:21: [SM]   [1] Line 197, plugin.sp::AttemptInstantDefuse
L 12/23/2021 - 02:37:21: [SM]   [2] Line 104, plugin.sp::Event_BombBeginDefusePlusFrame
L 12/23/2021 - 02:37:40: [SM] Exception reported: Language phrase "InstaDefuseSuccessful" not found (arg 5)
L 12/23/2021 - 02:37:40: [SM] Blaming: retakes-instadefuse.smx
L 12/23/2021 - 02:37:40: [SM] Call stack trace:
L 12/23/2021 - 02:37:40: [SM]   [0] PrintToChat
L 12/23/2021 - 02:37:40: [SM]   [1] Line 197, plugin.sp::AttemptInstantDefuse
L 12/23/2021 - 02:37:40: [SM]   [2] Line 104, plugin.sp::Event_BombBeginDefusePlusFrame
L 12/23/2021 - 02:38:15: [SM] Exception reported: Language phrase "InstaDefuseSuccessful" not found (arg 5)
L 12/23/2021 - 02:38:15: [SM] Blaming: retakes-instadefuse.smx
L 12/23/2021 - 02:38:15: [SM] Call stack trace:
L 12/23/2021 - 02:38:15: [SM]   [0] PrintToChat
L 12/23/2021 - 02:38:15: [SM]   [1] Line 197, plugin.sp::AttemptInstantDefuse
L 12/23/2021 - 02:38:15: [SM]   [2] Line 104, plugin.sp::Event_BombBeginDefusePlusFrame
L 12/23/2021 - 02:39:38: [SM] Exception reported: Language phrase "InstaDefuseSuccessful" not found (arg 5)
L 12/23/2021 - 02:39:38: [SM] Blaming: retakes-instadefuse.smx
L 12/23/2021 - 02:39:38: [SM] Call stack trace:
L 12/23/2021 - 02:39:38: [SM]   [0] PrintToChat
L 12/23/2021 - 02:39:38: [SM]   [1] Line 197, plugin.sp::AttemptInstantDefuse
L 12/23/2021 - 02:39:38: [SM]   [2] Line 104, plugin.sp::Event_BombBeginDefusePlusFrame
L 12/23/2021 - 02:40:49: [SM] Exception reported: Language phrase "InstaDefuseSuccessful" not found (arg 5)
L 12/23/2021 - 02:40:49: [SM] Blaming: retakes-instadefuse.smx
L 12/23/2021 - 02:40:49: [SM] Call stack trace:
L 12/23/2021 - 02:40:49: [SM]   [0] PrintToChat
L 12/23/2021 - 02:40:49: [SM]   [1] Line 197, plugin.sp::AttemptInstantDefuse
L 12/23/2021 - 02:40:49: [SM]   [2] Line 104, plugin.sp::Event_BombBeginDefusePlusFrame
L 12/23/2021 - 02:45:05: [SM] Exception reported: Language phrase "InstaDefuseSuccessful" not found (arg 5)
L 12/23/2021 - 02:45:05: [SM] Blaming: retakes-instadefuse.smx
L 12/23/2021 - 02:45:05: [SM] Call stack trace:
L 12/23/2021 - 02:45:05: [SM]   [0] PrintToChat
L 12/23/2021 - 02:45:05: [SM]   [1] Line 197, plugin.sp::AttemptInstantDefuse
L 12/23/2021 - 02:45:05: [SM]   [2] Line 104, plugin.sp::Event_BombBeginDefusePlusFrame
L 12/23/2021 - 02:46:32: [SM] Exception reported: Language phrase "InstaDefuseSuccessful" not found (arg 5)
L 12/23/2021 - 02:46:32: [SM] Blaming: retakes-instadefuse.smx
L 12/23/2021 - 02:46:32: [SM] Call stack trace:
L 12/23/2021 - 02:46:32: [SM]   [0] PrintToChat
L 12/23/2021 - 02:46:32: [SM]   [1] Line 197, plugin.sp::AttemptInstantDefuse
L 12/23/2021 - 02:46:32: [SM]   [2] Line 104, plugin.sp::Event_BombBeginDefusePlusFrame
L 12/23/2021 - 02:47:03: [SM] Exception reported: Language phrase "InstaDefuseSuccessful" not found (arg 5)
L 12/23/2021 - 02:47:03: [SM] Blaming: retakes-instadefuse.smx
L 12/23/2021 - 02:47:03: [SM] Call stack trace:
L 12/23/2021 - 02:47:03: [SM]   [0] PrintToChat
L 12/23/2021 - 02:47:03: [SM]   [1] Line 197, plugin.sp::AttemptInstantDefuse
L 12/23/2021 - 02:47:03: [SM]   [2] Line 104, plugin.sp::Event_BombBeginDefusePlusFrame
L 12/23/2021 - 02:48:30: [SM] Exception reported: Language phrase "InstaDefuseSuccessful" not found (arg 5)
L 12/23/2021 - 02:48:30: [SM] Blaming: retakes-instadefuse.smx
L 12/23/2021 - 02:48:30: [SM] Call stack trace:
L 12/23/2021 - 02:48:30: [SM]   [0] PrintToChat
L 12/23/2021 - 02:48:30: [SM]   [1] Line 197, plugin.sp::AttemptInstantDefuse
L 12/23/2021 - 02:48:30: [SM]   [2] Line 104, plugin.sp::Event_BombBeginDefusePlusFrame
L 12/23/2021 - 02:50:05: [SM] Exception reported: Language phrase "InstaDefuseSuccessful" not found (arg 5)
L 12/23/2021 - 02:50:05: [SM] Blaming: retakes-instadefuse.smx
L 12/23/2021 - 02:50:05: [SM] Call stack trace:
L 12/23/2021 - 02:50:05: [SM]   [0] PrintToChat
L 12/23/2021 - 02:50:05: [SM]   [1] Line 197, plugin.sp::AttemptInstantDefuse
L 12/23/2021 - 02:50:05: [SM]   [2] Line 104, plugin.sp::Event_BombBeginDefusePlusFrame
L 12/23/2021 - 02:50:36: [SM] Exception reported: Language phrase "InstaDefuseSuccessful" not found (arg 5)
L 12/23/2021 - 02:50:36: [SM] Blaming: retakes-instadefuse.smx
L 12/23/2021 - 02:50:36: [SM] Call stack trace:
L 12/23/2021 - 02:50:36: [SM]   [0] PrintToChat
L 12/23/2021 - 02:50:36: [SM]   [1] Line 197, plugin.sp::AttemptInstantDefuse
L 12/23/2021 - 02:50:36: [SM]   [2] Line 104, plugin.sp::Event_BombBeginDefusePlusFrame
L 12/23/2021 - 02:51:03: [SM] Exception reported: Language phrase "InstaDefuseSuccessful" not found (arg 5)
L 12/23/2021 - 02:51:03: [SM] Blaming: retakes-instadefuse.smx
L 12/23/2021 - 02:51:03: [SM] Call stack trace:
L 12/23/2021 - 02:51:03: [SM]   [0] PrintToChat
L 12/23/2021 - 02:51:03: [SM]   [1] Line 197, plugin.sp::AttemptInstantDefuse
L 12/23/2021 - 02:51:03: [SM]   [2] Line 104, plugin.sp::Event_BombBeginDefusePlusFrame
L 12/23/2021 - 02:51:25: [SM] Exception reported: Language phrase "InstaDefuseSuccessful" not found (arg 5)
L 12/23/2021 - 02:51:25: [SM] Blaming: retakes-instadefuse.smx
L 12/23/2021 - 02:51:25: [SM] Call stack trace:
L 12/23/2021 - 02:51:25: [SM]   [0] PrintToChat
L 12/23/2021 - 02:51:25: [SM]   [1] Line 197, plugin.sp::AttemptInstantDefuse
L 12/23/2021 - 02:51:25: [SM]   [2] Line 104, plugin.sp::Event_BombBeginDefusePlusFrame
L 12/23/2021 - 02:51:41: [SM] Exception reported: Language phrase "InstaDefuseSuccessful" not found (arg 5)
L 12/23/2021 - 02:51:41: [SM] Blaming: retakes-instadefuse.smx
L 12/23/2021 - 02:51:41: [SM] Call stack trace:
L 12/23/2021 - 02:51:41: [SM]   [0] PrintToChat
L 12/23/2021 - 02:51:41: [SM]   [1] Line 197, plugin.sp::AttemptInstantDefuse
L 12/23/2021 - 02:51:41: [SM]   [2] Line 104, plugin.sp::Event_BombBeginDefusePlusFrame
L 12/23/2021 - 02:52:20: [SM] Exception reported: Language phrase "InstaDefuseSuccessful" not found (arg 5)
L 12/23/2021 - 02:52:20: [SM] Blaming: retakes-instadefuse.smx
L 12/23/2021 - 02:52:20: [SM] Call stack trace:
L 12/23/2021 - 02:52:20: [SM]   [0] PrintToChat
L 12/23/2021 - 02:52:20: [SM]   [1] Line 197, plugin.sp::AttemptInstantDefuse
L 12/23/2021 - 02:52:20: [SM]   [2] Line 104, plugin.sp::Event_BombBeginDefusePlusFrame
L 12/23/2021 - 02:52:58: [SM] Exception reported: Language phrase "InstaDefuseSuccessful" not found (arg 5)
L 12/23/2021 - 02:52:58: [SM] Blaming: retakes-instadefuse.smx
L 12/23/2021 - 02:52:58: [SM] Call stack trace:
L 12/23/2021 - 02:52:58: [SM]   [0] PrintToChat
L 12/23/2021 - 02:52:58: [SM]   [1] Line 197, plugin.sp::AttemptInstantDefuse
L 12/23/2021 - 02:52:58: [SM]   [2] Line 104, plugin.sp::Event_BombBeginDefusePlusFrame
L 12/23/2021 - 02:54:06: [SM] Exception reported: Language phrase "InstaDefuseSuccessful" not found (arg 5)
L 12/23/2021 - 02:54:06: [SM] Blaming: retakes-instadefuse.smx
L 12/23/2021 - 02:54:06: [SM] Call stack trace:
L 12/23/2021 - 02:54:06: [SM]   [0] PrintToChat
L 12/23/2021 - 02:54:06: [SM]   [1] Line 197, plugin.sp::AttemptInstantDefuse
L 12/23/2021 - 02:54:06: [SM]   [2] Line 104, plugin.sp::Event_BombBeginDefusePlusFrame
L 12/23/2021 - 02:54:31: [SM] Exception reported: Language phrase "InstaDefuseSuccessful" not found (arg 5)
L 12/23/2021 - 02:54:31: [SM] Blaming: retakes-instadefuse.smx
L 12/23/2021 - 02:54:31: [SM] Call stack trace:
L 12/23/2021 - 02:54:31: [SM]   [0] PrintToChat
L 12/23/2021 - 02:54:31: [SM]   [1] Line 197, plugin.sp::AttemptInstantDefuse
L 12/23/2021 - 02:54:31: [SM]   [2] Line 104, plugin.sp::Event_BombBeginDefusePlusFrame
L 12/23/2021 - 02:54:47: [SM] Exception reported: Language phrase "InstaDefuseSuccessful" not found (arg 5)
L 12/23/2021 - 02:54:47: [SM] Blaming: retakes-instadefuse.smx
L 12/23/2021 - 02:54:47: [SM] Call stack trace:
L 12/23/2021 - 02:54:47: [SM]   [0] PrintToChat
L 12/23/2021 - 02:54:47: [SM]   [1] Line 197, plugin.sp::AttemptInstantDefuse
L 12/23/2021 - 02:54:47: [SM]   [2] Line 104, plugin.sp::Event_BombBeginDefusePlusFrame
L 12/23/2021 - 02:55:05: [SM] Exception reported: Language phrase "InstaDefuseSuccessful" not found (arg 5)
L 12/23/2021 - 02:55:05: [SM] Blaming: retakes-instadefuse.smx
L 12/23/2021 - 02:55:05: [SM] Call stack trace:
L 12/23/2021 - 02:55:05: [SM]   [0] PrintToChat
L 12/23/2021 - 02:55:05: [SM]   [1] Line 197, plugin.sp::AttemptInstantDefuse
L 12/23/2021 - 02:55:05: [SM]   [2] Line 104, plugin.sp::Event_BombBeginDefusePlusFrame
L 12/23/2021 - 02:55:57: [SM] Exception reported: Language phrase "InstaDefuseSuccessful" not found (arg 5)
L 12/23/2021 - 02:55:57: [SM] Blaming: retakes-instadefuse.smx
L 12/23/2021 - 02:55:57: [SM] Call stack trace:
L 12/23/2021 - 02:55:58: [SM]   [0] PrintToChat
L 12/23/2021 - 02:55:58: [SM]   [1] Line 197, plugin.sp::AttemptInstantDefuse
L 12/23/2021 - 02:55:58: [SM]   [2] Line 104, plugin.sp::Event_BombBeginDefusePlusFrame
L 12/23/2021 - 02:56:54: [SM] Exception reported: Language phrase "InstaDefuseSuccessful" not found (arg 5)
L 12/23/2021 - 02:56:54: [SM] Blaming: retakes-instadefuse.smx
L 12/23/2021 - 02:56:54: [SM] Call stack trace:
L 12/23/2021 - 02:56:54: [SM]   [0] PrintToChat
L 12/23/2021 - 02:56:54: [SM]   [1] Line 197, plugin.sp::AttemptInstantDefuse
L 12/23/2021 - 02:56:54: [SM]   [2] Line 104, plugin.sp::Event_BombBeginDefusePlusFrame
L 12/23/2021 - 02:57:10: [SM] Exception reported: Language phrase "InstaDefuseSuccessful" not found (arg 5)
L 12/23/2021 - 02:57:10: [SM] Blaming: retakes-instadefuse.smx
L 12/23/2021 - 02:57:10: [SM] Call stack trace:
L 12/23/2021 - 02:57:10: [SM]   [0] PrintToChat
L 12/23/2021 - 02:57:10: [SM]   [1] Line 197, plugin.sp::AttemptInstantDefuse
L 12/23/2021 - 02:57:10: [SM]   [2] Line 104, plugin.sp::Event_BombBeginDefusePlusFrame
L 12/23/2021 - 02:57:42: [SM] Exception reported: Language phrase "InstaDefuseSuccessful" not found (arg 5)
L 12/23/2021 - 02:57:42: [SM] Blaming: retakes-instadefuse.smx
L 12/23/2021 - 02:57:42: [SM] Call stack trace:
L 12/23/2021 - 02:57:42: [SM]   [0] PrintToChat
L 12/23/2021 - 02:57:42: [SM]   [1] Line 197, plugin.sp::AttemptInstantDefuse
L 12/23/2021 - 02:57:42: [SM]   [2] Line 104, plugin.sp::Event_BombBeginDefusePlusFrame
L 12/23/2021 - 02:58:37: [SM] Exception reported: Language phrase "LiveNadeSomewhere" not found (arg 5)
L 12/23/2021 - 02:58:37: [SM] Blaming: retakes-instadefuse.smx
L 12/23/2021 - 02:58:37: [SM] Call stack trace:
L 12/23/2021 - 02:58:37: [SM]   [0] PrintToChat
L 12/23/2021 - 02:58:37: [SM]   [1] Line 168, plugin.sp::AttemptInstantDefuse
L 12/23/2021 - 02:58:37: [SM]   [2] Line 104, plugin.sp::Event_BombBeginDefusePlusFrame
L 12/23/2021 - 02:59:07: [SM] Exception reported: Language phrase "InstaDefuseSuccessful" not found (arg 5)
L 12/23/2021 - 02:59:07: [SM] Blaming: retakes-instadefuse.smx
L 12/23/2021 - 02:59:07: [SM] Call stack trace:
L 12/23/2021 - 02:59:07: [SM]   [0] PrintToChat
L 12/23/2021 - 02:59:07: [SM]   [1] Line 197, plugin.sp::AttemptInstantDefuse
L 12/23/2021 - 02:59:07: [SM]   [2] Line 104, plugin.sp::Event_BombBeginDefusePlusFrame
