L 10/02/2022 - 20:48:48: SourceMod error session started
L 10/02/2022 - 20:48:48: Info (map "de_mirage") (file "E:\retake\csgoserver\csgo\addons\sourcemod\logs\errors_20221002.log")
L 10/02/2022 - 20:48:48: [SM] Unable to load extension "PhysHooks.ext": Could not find patch signature for symbol: Physics_RunThinkFunctions
L 10/02/2022 - 20:48:52: [SM] Unable to load plugin "bot_inventory.smx": Native "eItems_AreItemsSynced" was not found
L 10/02/2022 - 20:48:52: [SM] Unable to load plugin "bot_stuff.smx": Could not find required plugin "navmesh"
L 10/02/2022 - 20:48:53: [SM] Unable to load plugin "LagCompensation.smx": Required extension "PhysHooks" file("PhysHooks.ext") not running
L 10/02/2022 - 20:48:54: [SM] Fatal error encountered parsing translation file "ranks_matchmaking.phrases.txt"
L 10/02/2022 - 20:48:54: [SM] Error (line 0, column 0): Stream failed to open
L 10/02/2022 - 20:48:54: [SM] Fatal error encountered parsing translation file "instadefuse.phrases.txt"
L 10/02/2022 - 20:48:54: [SM] Error (line 0, column 0): Stream failed to open
L 10/02/2022 - 20:49:14: [SM] Exception reported: Language phrase "Unranked" not found (arg 5)
L 10/02/2022 - 20:49:14: [SM] Blaming: ranks_matchmaking.smx
L 10/02/2022 - 20:49:14: [SM] Call stack trace:
L 10/02/2022 - 20:49:14: [SM]   [0] FormatEx
L 10/02/2022 - 20:49:14: [SM]   [1] Line 174, ranks_matchmaking.sp::GetRanksNames
L 10/02/2022 - 20:49:14: [SM]   [2] Line 169, ranks_matchmaking.sp::OnMapStart
L 10/02/2022 - 20:49:31: SourceMod error session started
L 10/02/2022 - 20:49:31: Info (map "de_mirage") (file "E:\retake\csgoserver\csgo\addons\sourcemod\logs\errors_20221002.log")
L 10/02/2022 - 20:49:31: [SM] Unable to load extension "PhysHooks.ext": Could not find patch signature for symbol: Physics_RunThinkFunctions
L 10/02/2022 - 20:49:31: [SM] Unable to load plugin "bot_inventory.smx": Native "eItems_AreItemsSynced" was not found
L 10/02/2022 - 20:49:31: [SM] Unable to load plugin "bot_stuff.smx": Could not find required plugin "navmesh"
L 10/02/2022 - 20:49:31: [SM] Unable to load plugin "LagCompensation.smx": Required extension "PhysHooks" file("PhysHooks.ext") not running
L 10/02/2022 - 20:49:31: [SM] Fatal error encountered parsing translation file "ranks_matchmaking.phrases.txt"
L 10/02/2022 - 20:49:31: [SM] Error (line 0, column 0): Stream failed to open
L 10/02/2022 - 20:49:31: [SM] Fatal error encountered parsing translation file "instadefuse.phrases.txt"
L 10/02/2022 - 20:49:31: [SM] Error (line 0, column 0): Stream failed to open
L 10/02/2022 - 20:49:35: [SM] Exception reported: Language phrase "Unranked" not found (arg 5)
L 10/02/2022 - 20:49:35: [SM] Blaming: ranks_matchmaking.smx
L 10/02/2022 - 20:49:35: [SM] Call stack trace:
L 10/02/2022 - 20:49:35: [SM]   [0] FormatEx
L 10/02/2022 - 20:49:35: [SM]   [1] Line 174, ranks_matchmaking.sp::GetRanksNames
L 10/02/2022 - 20:49:35: [SM]   [2] Line 169, ranks_matchmaking.sp::OnMapStart
L 10/02/2022 - 20:50:31: SourceMod error session started
L 10/02/2022 - 20:50:31: Info (map "de_mirage") (file "E:\retake\csgoserver\csgo\addons\sourcemod\logs\errors_20221002.log")
L 10/02/2022 - 20:50:31: [SM] Unable to load extension "PhysHooks.ext": Could not find patch signature for symbol: Physics_RunThinkFunctions
L 10/02/2022 - 20:50:31: [SM] Unable to load plugin "bot_inventory.smx": Native "eItems_AreItemsSynced" was not found
L 10/02/2022 - 20:50:31: [SM] Unable to load plugin "bot_stuff.smx": Could not find required plugin "navmesh"
L 10/02/2022 - 20:50:32: [SM] Unable to load plugin "LagCompensation.smx": Required extension "PhysHooks" file("PhysHooks.ext") not running
L 10/02/2022 - 20:50:32: [SM] Fatal error encountered parsing translation file "ranks_matchmaking.phrases.txt"
L 10/02/2022 - 20:50:32: [SM] Error (line 0, column 0): Stream failed to open
L 10/02/2022 - 20:50:32: [SM] Fatal error encountered parsing translation file "instadefuse.phrases.txt"
L 10/02/2022 - 20:50:32: [SM] Error (line 0, column 0): Stream failed to open
L 10/02/2022 - 20:50:34: [SM] Exception reported: Language phrase "Unranked" not found (arg 5)
L 10/02/2022 - 20:50:34: [SM] Blaming: ranks_matchmaking.smx
L 10/02/2022 - 20:50:34: [SM] Call stack trace:
L 10/02/2022 - 20:50:34: [SM]   [0] FormatEx
L 10/02/2022 - 20:50:34: [SM]   [1] Line 174, ranks_matchmaking.sp::GetRanksNames
L 10/02/2022 - 20:50:34: [SM]   [2] Line 169, ranks_matchmaking.sp::OnMapStart
L 10/02/2022 - 20:51:12: SourceMod error session started
L 10/02/2022 - 20:51:12: Info (map "de_mirage") (file "E:\retake\csgoserver\csgo\addons\sourcemod\logs\errors_20221002.log")
L 10/02/2022 - 20:51:12: [SM] Unable to load extension "PhysHooks.ext": Could not find patch signature for symbol: Physics_RunThinkFunctions
L 10/02/2022 - 20:51:12: [SM] Unable to load plugin "bot_inventory.smx": Native "eItems_AreItemsSynced" was not found
L 10/02/2022 - 20:51:12: [SM] Unable to load plugin "bot_stuff.smx": Could not find required plugin "navmesh"
L 10/02/2022 - 20:51:12: [SM] Unable to load plugin "LagCompensation.smx": Required extension "PhysHooks" file("PhysHooks.ext") not running
L 10/02/2022 - 20:51:12: [SM] Fatal error encountered parsing translation file "ranks_matchmaking.phrases.txt"
L 10/02/2022 - 20:51:12: [SM] Error (line 0, column 0): Stream failed to open
L 10/02/2022 - 20:51:12: [SM] Fatal error encountered parsing translation file "instadefuse.phrases.txt"
L 10/02/2022 - 20:51:12: [SM] Error (line 0, column 0): Stream failed to open
L 10/02/2022 - 20:51:15: [SM] Exception reported: Language phrase "Unranked" not found (arg 5)
L 10/02/2022 - 20:51:15: [SM] Blaming: ranks_matchmaking.smx
L 10/02/2022 - 20:51:15: [SM] Call stack trace:
L 10/02/2022 - 20:51:15: [SM]   [0] FormatEx
L 10/02/2022 - 20:51:15: [SM]   [1] Line 174, ranks_matchmaking.sp::GetRanksNames
L 10/02/2022 - 20:51:15: [SM]   [2] Line 169, ranks_matchmaking.sp::OnMapStart
L 10/02/2022 - 20:54:18: SourceMod error session started
L 10/02/2022 - 20:54:18: Info (map "de_mirage") (file "E:\retake\csgoserver\csgo\addons\sourcemod\logs\errors_20221002.log")
L 10/02/2022 - 20:54:18: [SM] Unable to load extension "PhysHooks.ext": Could not find patch signature for symbol: Physics_RunThinkFunctions
L 10/02/2022 - 20:54:18: [SM] Unable to load plugin "bot_inventory.smx": Native "eItems_AreItemsSynced" was not found
L 10/02/2022 - 20:54:18: [SM] Unable to load plugin "bot_stuff.smx": Could not find required plugin "navmesh"
L 10/02/2022 - 20:54:18: [SM] Unable to load plugin "LagCompensation.smx": Required extension "PhysHooks" file("PhysHooks.ext") not running
L 10/02/2022 - 20:54:18: [SM] Fatal error encountered parsing translation file "ranks_matchmaking.phrases.txt"
L 10/02/2022 - 20:54:18: [SM] Error (line 0, column 0): Stream failed to open
L 10/02/2022 - 20:54:18: [SM] Fatal error encountered parsing translation file "instadefuse.phrases.txt"
L 10/02/2022 - 20:54:18: [SM] Error (line 0, column 0): Stream failed to open
L 10/02/2022 - 20:54:21: [SM] Exception reported: Language phrase "Unranked" not found (arg 5)
L 10/02/2022 - 20:54:21: [SM] Blaming: ranks_matchmaking.smx
L 10/02/2022 - 20:54:21: [SM] Call stack trace:
L 10/02/2022 - 20:54:21: [SM]   [0] FormatEx
L 10/02/2022 - 20:54:21: [SM]   [1] Line 174, ranks_matchmaking.sp::GetRanksNames
L 10/02/2022 - 20:54:21: [SM]   [2] Line 169, ranks_matchmaking.sp::OnMapStart
L 10/02/2022 - 20:56:38: SourceMod error session started
L 10/02/2022 - 20:56:38: Info (map "de_mirage") (file "E:\retake\csgoserver\csgo\addons\sourcemod\logs\errors_20221002.log")
L 10/02/2022 - 20:56:38: [SM] Unable to load extension "PhysHooks.ext": Could not find patch signature for symbol: Physics_RunThinkFunctions
L 10/02/2022 - 20:56:38: [SM] Unable to load plugin "bot_inventory.smx": Native "eItems_AreItemsSynced" was not found
L 10/02/2022 - 20:56:38: [SM] Unable to load plugin "bot_stuff.smx": Could not find required plugin "navmesh"
L 10/02/2022 - 20:56:38: [SM] Unable to load plugin "LagCompensation.smx": Required extension "PhysHooks" file("PhysHooks.ext") not running
L 10/02/2022 - 20:56:38: [SM] Fatal error encountered parsing translation file "ranks_matchmaking.phrases.txt"
L 10/02/2022 - 20:56:38: [SM] Error (line 0, column 0): Stream failed to open
L 10/02/2022 - 20:56:38: [SM] Fatal error encountered parsing translation file "instadefuse.phrases.txt"
L 10/02/2022 - 20:56:38: [SM] Error (line 0, column 0): Stream failed to open
L 10/02/2022 - 20:56:40: [SM] Exception reported: Language phrase "Unranked" not found (arg 5)
L 10/02/2022 - 20:56:40: [SM] Blaming: ranks_matchmaking.smx
L 10/02/2022 - 20:56:40: [SM] Call stack trace:
L 10/02/2022 - 20:56:40: [SM]   [0] FormatEx
L 10/02/2022 - 20:56:40: [SM]   [1] Line 174, ranks_matchmaking.sp::GetRanksNames
L 10/02/2022 - 20:56:40: [SM]   [2] Line 169, ranks_matchmaking.sp::OnMapStart
L 10/02/2022 - 20:56:49: SourceMod error session started
L 10/02/2022 - 20:56:49: Info (map "de_mirage") (file "E:\retake\csgoserver\csgo\addons\sourcemod\logs\errors_20221002.log")
L 10/02/2022 - 20:56:49: [SM] Unable to load extension "PhysHooks.ext": Could not find patch signature for symbol: Physics_RunThinkFunctions
L 10/02/2022 - 20:56:49: [SM] Unable to load plugin "bot_inventory.smx": Native "eItems_AreItemsSynced" was not found
L 10/02/2022 - 20:56:49: [SM] Unable to load plugin "bot_stuff.smx": Could not find required plugin "navmesh"
L 10/02/2022 - 20:56:49: [SM] Unable to load plugin "LagCompensation.smx": Required extension "PhysHooks" file("PhysHooks.ext") not running
L 10/02/2022 - 20:56:49: [SM] Fatal error encountered parsing translation file "ranks_matchmaking.phrases.txt"
L 10/02/2022 - 20:56:49: [SM] Error (line 0, column 0): Stream failed to open
L 10/02/2022 - 20:56:49: [SM] Fatal error encountered parsing translation file "instadefuse.phrases.txt"
L 10/02/2022 - 20:56:49: [SM] Error (line 0, column 0): Stream failed to open
L 10/02/2022 - 20:57:02: [SM] Exception reported: Language phrase "Unranked" not found (arg 5)
L 10/02/2022 - 20:57:02: [SM] Blaming: ranks_matchmaking.smx
L 10/02/2022 - 20:57:02: [SM] Call stack trace:
L 10/02/2022 - 20:57:02: [SM]   [0] FormatEx
L 10/02/2022 - 20:57:02: [SM]   [1] Line 174, ranks_matchmaking.sp::GetRanksNames
L 10/02/2022 - 20:57:02: [SM]   [2] Line 169, ranks_matchmaking.sp::OnMapStart
L 10/02/2022 - 20:57:18: SourceMod error session started
L 10/02/2022 - 20:57:18: Info (map "de_mirage") (file "E:\retake\csgoserver\csgo\addons\sourcemod\logs\errors_20221002.log")
L 10/02/2022 - 20:57:18: [SM] Unable to load extension "PhysHooks.ext": Could not find patch signature for symbol: Physics_RunThinkFunctions
L 10/02/2022 - 20:57:18: [SM] Unable to load plugin "bot_inventory.smx": Native "eItems_AreItemsSynced" was not found
L 10/02/2022 - 20:57:18: [SM] Unable to load plugin "bot_stuff.smx": Could not find required plugin "navmesh"
L 10/02/2022 - 20:57:18: [SM] Unable to load plugin "LagCompensation.smx": Required extension "PhysHooks" file("PhysHooks.ext") not running
L 10/02/2022 - 20:57:18: [SM] Fatal error encountered parsing translation file "ranks_matchmaking.phrases.txt"
L 10/02/2022 - 20:57:18: [SM] Error (line 0, column 0): Stream failed to open
L 10/02/2022 - 20:57:18: [SM] Fatal error encountered parsing translation file "instadefuse.phrases.txt"
L 10/02/2022 - 20:57:18: [SM] Error (line 0, column 0): Stream failed to open
L 10/02/2022 - 20:57:22: [SM] Exception reported: Language phrase "Unranked" not found (arg 5)
L 10/02/2022 - 20:57:23: [SM] Blaming: ranks_matchmaking.smx
L 10/02/2022 - 20:57:23: [SM] Call stack trace:
L 10/02/2022 - 20:57:23: [SM]   [0] FormatEx
L 10/02/2022 - 20:57:23: [SM]   [1] Line 174, ranks_matchmaking.sp::GetRanksNames
L 10/02/2022 - 20:57:23: [SM]   [2] Line 169, ranks_matchmaking.sp::OnMapStart
L 10/02/2022 - 20:57:57: SourceMod error session started
L 10/02/2022 - 20:57:57: Info (map "de_mirage") (file "E:\retake\csgoserver\csgo\addons\sourcemod\logs\errors_20221002.log")
L 10/02/2022 - 20:57:57: [SM] Unable to load extension "PhysHooks.ext": Could not find patch signature for symbol: Physics_RunThinkFunctions
L 10/02/2022 - 20:57:57: [SM] Unable to load plugin "bot_inventory.smx": Native "eItems_AreItemsSynced" was not found
L 10/02/2022 - 20:57:57: [SM] Unable to load plugin "bot_stuff.smx": Could not find required plugin "navmesh"
L 10/02/2022 - 20:57:57: [SM] Unable to load plugin "LagCompensation.smx": Required extension "PhysHooks" file("PhysHooks.ext") not running
L 10/02/2022 - 20:57:57: [SM] Fatal error encountered parsing translation file "ranks_matchmaking.phrases.txt"
L 10/02/2022 - 20:57:57: [SM] Error (line 0, column 0): Stream failed to open
L 10/02/2022 - 20:57:57: [SM] Fatal error encountered parsing translation file "instadefuse.phrases.txt"
L 10/02/2022 - 20:57:57: [SM] Error (line 0, column 0): Stream failed to open
L 10/02/2022 - 20:58:00: [SM] Exception reported: Language phrase "Unranked" not found (arg 5)
L 10/02/2022 - 20:58:00: [SM] Blaming: ranks_matchmaking.smx
L 10/02/2022 - 20:58:00: [SM] Call stack trace:
L 10/02/2022 - 20:58:00: [SM]   [0] FormatEx
L 10/02/2022 - 20:58:00: [SM]   [1] Line 174, ranks_matchmaking.sp::GetRanksNames
L 10/02/2022 - 20:58:00: [SM]   [2] Line 169, ranks_matchmaking.sp::OnMapStart
L 10/02/2022 - 20:59:27: SourceMod error session started
L 10/02/2022 - 20:59:27: Info (map "de_mirage") (file "e:\retake\csgoserver\csgo\addons\sourcemod\logs\errors_20221002.log")
L 10/02/2022 - 20:59:27: [SM] Unable to load extension "PhysHooks.ext": Could not find patch signature for symbol: Physics_RunThinkFunctions
L 10/02/2022 - 20:59:27: [SM] Unable to load plugin "bot_inventory.smx": Native "eItems_AreItemsSynced" was not found
L 10/02/2022 - 20:59:27: [SM] Unable to load plugin "bot_stuff.smx": Could not find required plugin "navmesh"
L 10/02/2022 - 20:59:27: [SM] Unable to load plugin "LagCompensation.smx": Required extension "PhysHooks" file("PhysHooks.ext") not running
L 10/02/2022 - 20:59:27: [SM] Fatal error encountered parsing translation file "ranks_matchmaking.phrases.txt"
L 10/02/2022 - 20:59:27: [SM] Error (line 0, column 0): Stream failed to open
L 10/02/2022 - 20:59:27: [SM] Fatal error encountered parsing translation file "instadefuse.phrases.txt"
L 10/02/2022 - 20:59:27: [SM] Error (line 0, column 0): Stream failed to open
L 10/02/2022 - 20:59:30: [SM] Exception reported: Language phrase "Unranked" not found (arg 5)
L 10/02/2022 - 20:59:30: [SM] Blaming: ranks_matchmaking.smx
L 10/02/2022 - 20:59:30: [SM] Call stack trace:
L 10/02/2022 - 20:59:30: [SM]   [0] FormatEx
L 10/02/2022 - 20:59:30: [SM]   [1] Line 174, ranks_matchmaking.sp::GetRanksNames
L 10/02/2022 - 20:59:30: [SM]   [2] Line 169, ranks_matchmaking.sp::OnMapStart
L 10/02/2022 - 21:00:59: SourceMod error session started
L 10/02/2022 - 21:00:59: Info (map "de_mirage") (file "e:\retake\csgoserver\csgo\addons\sourcemod\logs\errors_20221002.log")
L 10/02/2022 - 21:00:59: [SM] Unable to load extension "PhysHooks.ext": Could not find patch signature for symbol: Physics_RunThinkFunctions
L 10/02/2022 - 21:00:59: [SM] Unable to load plugin "bot_inventory.smx": Native "eItems_AreItemsSynced" was not found
L 10/02/2022 - 21:00:59: [SM] Unable to load plugin "bot_stuff.smx": Could not find required plugin "navmesh"
L 10/02/2022 - 21:00:59: [SM] Unable to load plugin "LagCompensation.smx": Required extension "PhysHooks" file("PhysHooks.ext") not running
L 10/02/2022 - 21:00:59: [SM] Fatal error encountered parsing translation file "ranks_matchmaking.phrases.txt"
L 10/02/2022 - 21:00:59: [SM] Error (line 0, column 0): Stream failed to open
L 10/02/2022 - 21:00:59: [SM] Fatal error encountered parsing translation file "instadefuse.phrases.txt"
L 10/02/2022 - 21:00:59: [SM] Error (line 0, column 0): Stream failed to open
L 10/02/2022 - 21:01:02: [SM] Exception reported: Language phrase "Unranked" not found (arg 5)
L 10/02/2022 - 21:01:02: [SM] Blaming: ranks_matchmaking.smx
L 10/02/2022 - 21:01:02: [SM] Call stack trace:
L 10/02/2022 - 21:01:02: [SM]   [0] FormatEx
L 10/02/2022 - 21:01:02: [SM]   [1] Line 174, ranks_matchmaking.sp::GetRanksNames
L 10/02/2022 - 21:01:02: [SM]   [2] Line 169, ranks_matchmaking.sp::OnMapStart
L 10/02/2022 - 21:01:29: Error log file session closed.
L 10/02/2022 - 21:01:29: SourceMod error session started
L 10/02/2022 - 21:01:29: Info (map "de_mirage") (file "e:\retake\csgoserver\csgo\addons\sourcemod\logs\errors_20221002.log")
L 10/02/2022 - 21:01:29: [SM] Fatal error encountered parsing translation file "ranks_matchmaking.phrases.txt"
L 10/02/2022 - 21:01:29: [SM] Error (line 0, column 0): Stream failed to open
L 10/02/2022 - 21:01:29: [SM] Fatal error encountered parsing translation file "instadefuse.phrases.txt"
L 10/02/2022 - 21:01:29: [SM] Error (line 0, column 0): Stream failed to open
L 10/02/2022 - 21:01:29: [SM] Exception reported: Language phrase "Unranked" not found (arg 5)
L 10/02/2022 - 21:01:29: [SM] Blaming: ranks_matchmaking.smx
L 10/02/2022 - 21:01:29: [SM] Call stack trace:
L 10/02/2022 - 21:01:29: [SM]   [0] FormatEx
L 10/02/2022 - 21:01:29: [SM]   [1] Line 174, ranks_matchmaking.sp::GetRanksNames
L 10/02/2022 - 21:01:29: [SM]   [2] Line 169, ranks_matchmaking.sp::OnMapStart
L 10/02/2022 - 21:04:34: SourceMod error session started
L 10/02/2022 - 21:04:34: Info (map "de_mirage") (file "E:\retake\csgoserver\csgo\addons\sourcemod\logs\errors_20221002.log")
L 10/02/2022 - 21:04:34: [SM] Unable to load extension "PhysHooks.ext": Could not find patch signature for symbol: Physics_RunThinkFunctions
L 10/02/2022 - 21:04:35: [SM] Unable to load plugin "bot_inventory.smx": Native "eItems_AreItemsSynced" was not found
L 10/02/2022 - 21:04:35: [SM] Unable to load plugin "bot_stuff.smx": Could not find required plugin "navmesh"
L 10/02/2022 - 21:04:36: [SM] Unable to load plugin "LagCompensation.smx": Required extension "PhysHooks" file("PhysHooks.ext") not running
L 10/02/2022 - 21:04:36: [SM] Fatal error encountered parsing translation file "ranks_matchmaking.phrases.txt"
L 10/02/2022 - 21:04:36: [SM] Error (line 0, column 0): Stream failed to open
L 10/02/2022 - 21:04:36: [SM] Fatal error encountered parsing translation file "instadefuse.phrases.txt"
L 10/02/2022 - 21:04:36: [SM] Error (line 0, column 0): Stream failed to open
L 10/02/2022 - 21:04:39: [SM] Exception reported: Language phrase "Unranked" not found (arg 5)
L 10/02/2022 - 21:04:39: [SM] Blaming: ranks_matchmaking.smx
L 10/02/2022 - 21:04:39: [SM] Call stack trace:
L 10/02/2022 - 21:04:39: [SM]   [0] FormatEx
L 10/02/2022 - 21:04:39: [SM]   [1] Line 174, ranks_matchmaking.sp::GetRanksNames
L 10/02/2022 - 21:04:39: [SM]   [2] Line 169, ranks_matchmaking.sp::OnMapStart
L 10/02/2022 - 21:06:18: SourceMod error session started
L 10/02/2022 - 21:06:18: Info (map "de_mirage") (file "E:\retake\csgoserver\csgo\addons\sourcemod\logs\errors_20221002.log")
L 10/02/2022 - 21:06:18: [SM] Unable to load extension "PhysHooks.ext": Could not find patch signature for symbol: Physics_RunThinkFunctions
L 10/02/2022 - 21:06:18: [SM] Unable to load plugin "bot_inventory.smx": Native "eItems_AreItemsSynced" was not found
L 10/02/2022 - 21:06:18: [SM] Unable to load plugin "bot_stuff.smx": Could not find required plugin "navmesh"
L 10/02/2022 - 21:06:18: [SM] Unable to load plugin "LagCompensation.smx": Required extension "PhysHooks" file("PhysHooks.ext") not running
L 10/02/2022 - 21:06:18: [SM] Fatal error encountered parsing translation file "ranks_matchmaking.phrases.txt"
L 10/02/2022 - 21:06:18: [SM] Error (line 0, column 0): Stream failed to open
L 10/02/2022 - 21:06:18: [SM] Fatal error encountered parsing translation file "instadefuse.phrases.txt"
L 10/02/2022 - 21:06:18: [SM] Error (line 0, column 0): Stream failed to open
L 10/02/2022 - 21:06:20: [SM] Exception reported: Language phrase "Unranked" not found (arg 5)
L 10/02/2022 - 21:06:20: [SM] Blaming: ranks_matchmaking.smx
L 10/02/2022 - 21:06:20: [SM] Call stack trace:
L 10/02/2022 - 21:06:20: [SM]   [0] FormatEx
L 10/02/2022 - 21:06:20: [SM]   [1] Line 174, ranks_matchmaking.sp::GetRanksNames
L 10/02/2022 - 21:06:20: [SM]   [2] Line 169, ranks_matchmaking.sp::OnMapStart
L 10/02/2022 - 21:18:07: SourceMod error session started
L 10/02/2022 - 21:18:07: Info (map "de_mirage") (file "E:\retake\csgoserver\csgo\addons\sourcemod\logs\errors_20221002.log")
L 10/02/2022 - 21:18:07: [SM] Unable to load extension "PhysHooks.ext": Could not find patch signature for symbol: Physics_RunThinkFunctions
L 10/02/2022 - 21:18:07: [SM] Unable to load plugin "bot_inventory.smx": Native "eItems_AreItemsSynced" was not found
L 10/02/2022 - 21:18:07: [SM] Unable to load plugin "bot_stuff.smx": Could not find required plugin "navmesh"
L 10/02/2022 - 21:18:07: [SM] Unable to load plugin "LagCompensation.smx": Required extension "PhysHooks" file("PhysHooks.ext") not running
L 10/02/2022 - 21:18:07: [SM] Fatal error encountered parsing translation file "ranks_matchmaking.phrases.txt"
L 10/02/2022 - 21:18:07: [SM] Error (line 0, column 0): Stream failed to open
L 10/02/2022 - 21:18:07: [SM] Fatal error encountered parsing translation file "instadefuse.phrases.txt"
L 10/02/2022 - 21:18:07: [SM] Error (line 0, column 0): Stream failed to open
L 10/02/2022 - 21:18:25: [SM] Exception reported: Language phrase "Unranked" not found (arg 5)
L 10/02/2022 - 21:18:25: [SM] Blaming: ranks_matchmaking.smx
L 10/02/2022 - 21:18:25: [SM] Call stack trace:
L 10/02/2022 - 21:18:25: [SM]   [0] FormatEx
L 10/02/2022 - 21:18:25: [SM]   [1] Line 174, ranks_matchmaking.sp::GetRanksNames
L 10/02/2022 - 21:18:25: [SM]   [2] Line 169, ranks_matchmaking.sp::OnMapStart
