L 10/11/2021 - 00:16:18: SourceMod error session started
L 10/11/2021 - 00:16:18: Info (map "de_dust2") (file "E:\retake\csgoserver\csgo\addons\sourcemod\logs\errors_20211011.log")
L 10/11/2021 - 00:16:18: [SM] Unable to load extension "PhysHooks.ext": Could not find patch signature for symbol: Physics_RunThinkFunctions
L 10/11/2021 - 00:16:21: [SM] Exception reported: Failed to create SDKCall for CCSBot::IsAtHidingSpot signature!
L 10/11/2021 - 00:16:21: [SM] Blaming: bot_improver.smx
L 10/11/2021 - 00:16:21: [SM] Call stack trace:
L 10/11/2021 - 00:16:21: [SM]   [0] SetFailState
L 10/11/2021 - 00:16:21: [SM]   [1] Line 116, plugin.sp::OnPluginStart
L 10/11/2021 - 00:16:21: [SM] Unable to load plugin "bot_improver.smx": Error detected in plugin startup (see error logs)
L 10/11/2021 - 00:16:21: [SM] Unable to load plugin "bot_inventory.smx": Native "eItems_AreItemsSynced" was not found
L 10/11/2021 - 00:16:21: [SM] Unable to load plugin "bot_stuff.smx": Could not find required plugin "navmesh"
L 10/11/2021 - 00:16:22: [SM] Unable to load plugin "LagCompensation.smx": Required extension "PhysHooks" file("PhysHooks.ext") not running
L 10/11/2021 - 00:16:23: [SM] Fatal error encountered parsing translation file "ranks_matchmaking.phrases.txt"
L 10/11/2021 - 00:16:23: [SM] Error (line 0, column 0): Stream failed to open
L 10/11/2021 - 00:16:23: [SM] Fatal error encountered parsing translation file "instadefuse.phrases.txt"
L 10/11/2021 - 00:16:23: [SM] Error (line 0, column 0): Stream failed to open
L 10/11/2021 - 00:16:42: [SM] Exception reported: Language phrase "Unranked" not found (arg 5)
L 10/11/2021 - 00:16:42: [SM] Blaming: ranks_matchmaking.smx
L 10/11/2021 - 00:16:42: [SM] Call stack trace:
L 10/11/2021 - 00:16:42: [SM]   [0] FormatEx
L 10/11/2021 - 00:16:42: [SM]   [1] Line 174, ranks_matchmaking.sp::GetRanksNames
L 10/11/2021 - 00:16:42: [SM]   [2] Line 169, ranks_matchmaking.sp::OnMapStart
L 10/11/2021 - 00:17:17: Error log file session closed.
L 10/11/2021 - 00:17:17: SourceMod error session started
L 10/11/2021 - 00:17:17: Info (map "de_dust2") (file "E:\retake\csgoserver\csgo\addons\sourcemod\logs\errors_20211011.log")
L 10/11/2021 - 00:17:17: [SM] Fatal error encountered parsing translation file "ranks_matchmaking.phrases.txt"
L 10/11/2021 - 00:17:17: [SM] Error (line 0, column 0): Stream failed to open
L 10/11/2021 - 00:17:17: [SM] Fatal error encountered parsing translation file "instadefuse.phrases.txt"
L 10/11/2021 - 00:17:17: [SM] Error (line 0, column 0): Stream failed to open
L 10/11/2021 - 00:17:18: [SM] Exception reported: Language phrase "Unranked" not found (arg 5)
L 10/11/2021 - 00:17:18: [SM] Blaming: ranks_matchmaking.smx
L 10/11/2021 - 00:17:18: [SM] Call stack trace:
L 10/11/2021 - 00:17:18: [SM]   [0] FormatEx
L 10/11/2021 - 00:17:18: [SM]   [1] Line 174, ranks_matchmaking.sp::GetRanksNames
L 10/11/2021 - 00:17:18: [SM]   [2] Line 169, ranks_matchmaking.sp::OnMapStart
L 10/11/2021 - 00:17:37: Error log file session closed.
L 10/11/2021 - 00:17:37: SourceMod error session started
L 10/11/2021 - 00:17:37: Info (map "de_mirage") (file "E:\retake\csgoserver\csgo\addons\sourcemod\logs\errors_20211011.log")
L 10/11/2021 - 00:17:37: [SM] Fatal error encountered parsing translation file "ranks_matchmaking.phrases.txt"
L 10/11/2021 - 00:17:37: [SM] Error (line 0, column 0): Stream failed to open
L 10/11/2021 - 00:17:37: [SM] Fatal error encountered parsing translation file "instadefuse.phrases.txt"
L 10/11/2021 - 00:17:37: [SM] Error (line 0, column 0): Stream failed to open
L 10/11/2021 - 00:17:40: [SM] Exception reported: Language phrase "Unranked" not found (arg 5)
L 10/11/2021 - 00:17:40: [SM] Blaming: ranks_matchmaking.smx
L 10/11/2021 - 00:17:40: [SM] Call stack trace:
L 10/11/2021 - 00:17:40: [SM]   [0] FormatEx
L 10/11/2021 - 00:17:40: [SM]   [1] Line 174, ranks_matchmaking.sp::GetRanksNames
L 10/11/2021 - 00:17:40: [SM]   [2] Line 169, ranks_matchmaking.sp::OnMapStart
L 10/11/2021 - 00:19:15: [SM] Exception reported: Language phrase "InstaDefuseSuccessful" not found (arg 5)
L 10/11/2021 - 00:19:15: [SM] Blaming: retakes-instadefuse.smx
L 10/11/2021 - 00:19:15: [SM] Call stack trace:
L 10/11/2021 - 00:19:15: [SM]   [0] PrintToChat
L 10/11/2021 - 00:19:15: [SM]   [1] Line 197, plugin.sp::AttemptInstantDefuse
L 10/11/2021 - 00:19:15: [SM]   [2] Line 104, plugin.sp::Event_BombBeginDefusePlusFrame
L 10/11/2021 - 00:19:29: [SM] Exception reported: Language phrase "InstaDefuseSuccessful" not found (arg 5)
L 10/11/2021 - 00:19:29: [SM] Blaming: retakes-instadefuse.smx
L 10/11/2021 - 00:19:29: [SM] Call stack trace:
L 10/11/2021 - 00:19:29: [SM]   [0] PrintToChat
L 10/11/2021 - 00:19:29: [SM]   [1] Line 197, plugin.sp::AttemptInstantDefuse
L 10/11/2021 - 00:19:29: [SM]   [2] Line 104, plugin.sp::Event_BombBeginDefusePlusFrame
L 10/11/2021 - 00:19:54: [SM] Exception reported: Language phrase "InstaDefuseSuccessful" not found (arg 5)
L 10/11/2021 - 00:19:54: [SM] Blaming: retakes-instadefuse.smx
L 10/11/2021 - 00:19:54: [SM] Call stack trace:
L 10/11/2021 - 00:19:54: [SM]   [0] PrintToChat
L 10/11/2021 - 00:19:54: [SM]   [1] Line 197, plugin.sp::AttemptInstantDefuse
L 10/11/2021 - 00:19:54: [SM]   [2] Line 104, plugin.sp::Event_BombBeginDefusePlusFrame
L 10/11/2021 - 00:20:45: [SM] Exception reported: Language phrase "InstaDefuseSuccessful" not found (arg 5)
L 10/11/2021 - 00:20:45: [SM] Blaming: retakes-instadefuse.smx
L 10/11/2021 - 00:20:45: [SM] Call stack trace:
L 10/11/2021 - 00:20:45: [SM]   [0] PrintToChat
L 10/11/2021 - 00:20:45: [SM]   [1] Line 197, plugin.sp::AttemptInstantDefuse
L 10/11/2021 - 00:20:45: [SM]   [2] Line 104, plugin.sp::Event_BombBeginDefusePlusFrame
L 10/11/2021 - 00:21:17: [SM] Exception reported: Language phrase "InstaDefuseSuccessful" not found (arg 5)
L 10/11/2021 - 00:21:17: [SM] Blaming: retakes-instadefuse.smx
L 10/11/2021 - 00:21:17: [SM] Call stack trace:
L 10/11/2021 - 00:21:17: [SM]   [0] PrintToChat
L 10/11/2021 - 00:21:17: [SM]   [1] Line 197, plugin.sp::AttemptInstantDefuse
L 10/11/2021 - 00:21:17: [SM]   [2] Line 104, plugin.sp::Event_BombBeginDefusePlusFrame
L 10/11/2021 - 00:21:30: [SM] Exception reported: Language phrase "InstaDefuseSuccessful" not found (arg 5)
L 10/11/2021 - 00:21:30: [SM] Blaming: retakes-instadefuse.smx
L 10/11/2021 - 00:21:30: [SM] Call stack trace:
L 10/11/2021 - 00:21:30: [SM]   [0] PrintToChat
L 10/11/2021 - 00:21:30: [SM]   [1] Line 197, plugin.sp::AttemptInstantDefuse
L 10/11/2021 - 00:21:30: [SM]   [2] Line 104, plugin.sp::Event_BombBeginDefusePlusFrame
L 10/11/2021 - 00:21:44: [SM] Exception reported: Language phrase "InstaDefuseSuccessful" not found (arg 5)
L 10/11/2021 - 00:21:44: [SM] Blaming: retakes-instadefuse.smx
L 10/11/2021 - 00:21:44: [SM] Call stack trace:
L 10/11/2021 - 00:21:44: [SM]   [0] PrintToChat
L 10/11/2021 - 00:21:45: [SM]   [1] Line 197, plugin.sp::AttemptInstantDefuse
L 10/11/2021 - 00:21:45: [SM]   [2] Line 104, plugin.sp::Event_BombBeginDefusePlusFrame
L 10/11/2021 - 00:22:04: [SM] Exception reported: Language phrase "InstaDefuseSuccessful" not found (arg 5)
L 10/11/2021 - 00:22:04: [SM] Blaming: retakes-instadefuse.smx
L 10/11/2021 - 00:22:04: [SM] Call stack trace:
L 10/11/2021 - 00:22:04: [SM]   [0] PrintToChat
L 10/11/2021 - 00:22:04: [SM]   [1] Line 197, plugin.sp::AttemptInstantDefuse
L 10/11/2021 - 00:22:04: [SM]   [2] Line 104, plugin.sp::Event_BombBeginDefusePlusFrame
L 10/11/2021 - 00:22:41: [SM] Exception reported: Language phrase "InstaDefuseSuccessful" not found (arg 5)
L 10/11/2021 - 00:22:41: [SM] Blaming: retakes-instadefuse.smx
L 10/11/2021 - 00:22:41: [SM] Call stack trace:
L 10/11/2021 - 00:22:41: [SM]   [0] PrintToChat
L 10/11/2021 - 00:22:41: [SM]   [1] Line 197, plugin.sp::AttemptInstantDefuse
L 10/11/2021 - 00:22:41: [SM]   [2] Line 104, plugin.sp::Event_BombBeginDefusePlusFrame
L 10/11/2021 - 00:22:54: [SM] Exception reported: Language phrase "InstaDefuseSuccessful" not found (arg 5)
L 10/11/2021 - 00:22:54: [SM] Blaming: retakes-instadefuse.smx
L 10/11/2021 - 00:22:54: [SM] Call stack trace:
L 10/11/2021 - 00:22:54: [SM]   [0] PrintToChat
L 10/11/2021 - 00:22:54: [SM]   [1] Line 197, plugin.sp::AttemptInstantDefuse
L 10/11/2021 - 00:22:54: [SM]   [2] Line 104, plugin.sp::Event_BombBeginDefusePlusFrame
L 10/11/2021 - 00:23:08: [SM] Exception reported: Language phrase "InstaDefuseSuccessful" not found (arg 5)
L 10/11/2021 - 00:23:08: [SM] Blaming: retakes-instadefuse.smx
L 10/11/2021 - 00:23:08: [SM] Call stack trace:
L 10/11/2021 - 00:23:08: [SM]   [0] PrintToChat
L 10/11/2021 - 00:23:08: [SM]   [1] Line 197, plugin.sp::AttemptInstantDefuse
L 10/11/2021 - 00:23:08: [SM]   [2] Line 104, plugin.sp::Event_BombBeginDefusePlusFrame
L 10/11/2021 - 00:23:29: [SM] Exception reported: Language phrase "InstaDefuseSuccessful" not found (arg 5)
L 10/11/2021 - 00:23:29: [SM] Blaming: retakes-instadefuse.smx
L 10/11/2021 - 00:23:29: [SM] Call stack trace:
L 10/11/2021 - 00:23:29: [SM]   [0] PrintToChat
L 10/11/2021 - 00:23:29: [SM]   [1] Line 197, plugin.sp::AttemptInstantDefuse
L 10/11/2021 - 00:23:29: [SM]   [2] Line 104, plugin.sp::Event_BombBeginDefusePlusFrame
L 10/11/2021 - 00:23:44: [SM] Exception reported: Language phrase "InstaDefuseSuccessful" not found (arg 5)
L 10/11/2021 - 00:23:44: [SM] Blaming: retakes-instadefuse.smx
L 10/11/2021 - 00:23:44: [SM] Call stack trace:
L 10/11/2021 - 00:23:44: [SM]   [0] PrintToChat
L 10/11/2021 - 00:23:44: [SM]   [1] Line 197, plugin.sp::AttemptInstantDefuse
L 10/11/2021 - 00:23:44: [SM]   [2] Line 104, plugin.sp::Event_BombBeginDefusePlusFrame
L 10/11/2021 - 00:24:17: [SM] Exception reported: Language phrase "InstaDefuseSuccessful" not found (arg 5)
L 10/11/2021 - 00:24:17: [SM] Blaming: retakes-instadefuse.smx
L 10/11/2021 - 00:24:17: [SM] Call stack trace:
L 10/11/2021 - 00:24:17: [SM]   [0] PrintToChat
L 10/11/2021 - 00:24:17: [SM]   [1] Line 197, plugin.sp::AttemptInstantDefuse
L 10/11/2021 - 00:24:17: [SM]   [2] Line 104, plugin.sp::Event_BombBeginDefusePlusFrame
L 10/11/2021 - 00:24:33: [SM] Exception reported: Language phrase "InstaDefuseSuccessful" not found (arg 5)
L 10/11/2021 - 00:24:33: [SM] Blaming: retakes-instadefuse.smx
L 10/11/2021 - 00:24:33: [SM] Call stack trace:
L 10/11/2021 - 00:24:33: [SM]   [0] PrintToChat
L 10/11/2021 - 00:24:33: [SM]   [1] Line 197, plugin.sp::AttemptInstantDefuse
L 10/11/2021 - 00:24:33: [SM]   [2] Line 104, plugin.sp::Event_BombBeginDefusePlusFrame
L 10/11/2021 - 00:24:48: [SM] Exception reported: Language phrase "InstaDefuseSuccessful" not found (arg 5)
L 10/11/2021 - 00:24:48: [SM] Blaming: retakes-instadefuse.smx
L 10/11/2021 - 00:24:48: [SM] Call stack trace:
L 10/11/2021 - 00:24:48: [SM]   [0] PrintToChat
L 10/11/2021 - 00:24:48: [SM]   [1] Line 197, plugin.sp::AttemptInstantDefuse
L 10/11/2021 - 00:24:48: [SM]   [2] Line 104, plugin.sp::Event_BombBeginDefusePlusFrame
L 10/11/2021 - 00:25:05: [SM] Exception reported: Language phrase "InstaDefuseSuccessful" not found (arg 5)
L 10/11/2021 - 00:25:05: [SM] Blaming: retakes-instadefuse.smx
L 10/11/2021 - 00:25:05: [SM] Call stack trace:
L 10/11/2021 - 00:25:05: [SM]   [0] PrintToChat
L 10/11/2021 - 00:25:05: [SM]   [1] Line 197, plugin.sp::AttemptInstantDefuse
L 10/11/2021 - 00:25:05: [SM]   [2] Line 104, plugin.sp::Event_BombBeginDefusePlusFrame
L 10/11/2021 - 00:25:53: [SM] Exception reported: Language phrase "InstaDefuseSuccessful" not found (arg 5)
L 10/11/2021 - 00:25:53: [SM] Blaming: retakes-instadefuse.smx
L 10/11/2021 - 00:25:53: [SM] Call stack trace:
L 10/11/2021 - 00:25:53: [SM]   [0] PrintToChat
L 10/11/2021 - 00:25:53: [SM]   [1] Line 197, plugin.sp::AttemptInstantDefuse
L 10/11/2021 - 00:25:53: [SM]   [2] Line 104, plugin.sp::Event_BombBeginDefusePlusFrame
L 10/11/2021 - 00:27:04: [SM] Exception reported: Language phrase "InstaDefuseSuccessful" not found (arg 5)
L 10/11/2021 - 00:27:04: [SM] Blaming: retakes-instadefuse.smx
L 10/11/2021 - 00:27:04: [SM] Call stack trace:
L 10/11/2021 - 00:27:04: [SM]   [0] PrintToChat
L 10/11/2021 - 00:27:04: [SM]   [1] Line 197, plugin.sp::AttemptInstantDefuse
L 10/11/2021 - 00:27:04: [SM]   [2] Line 104, plugin.sp::Event_BombBeginDefusePlusFrame
L 10/11/2021 - 00:27:56: [SM] Exception reported: Language phrase "InstaDefuseSuccessful" not found (arg 5)
L 10/11/2021 - 00:27:56: [SM] Blaming: retakes-instadefuse.smx
L 10/11/2021 - 00:27:56: [SM] Call stack trace:
L 10/11/2021 - 00:27:56: [SM]   [0] PrintToChat
L 10/11/2021 - 00:27:56: [SM]   [1] Line 197, plugin.sp::AttemptInstantDefuse
L 10/11/2021 - 00:27:56: [SM]   [2] Line 104, plugin.sp::Event_BombBeginDefusePlusFrame
L 10/11/2021 - 00:28:25: [SM] Exception reported: Language phrase "InstaDefuseSuccessful" not found (arg 5)
L 10/11/2021 - 00:28:25: [SM] Blaming: retakes-instadefuse.smx
L 10/11/2021 - 00:28:25: [SM] Call stack trace:
L 10/11/2021 - 00:28:25: [SM]   [0] PrintToChat
L 10/11/2021 - 00:28:25: [SM]   [1] Line 197, plugin.sp::AttemptInstantDefuse
L 10/11/2021 - 00:28:25: [SM]   [2] Line 104, plugin.sp::Event_BombBeginDefusePlusFrame
L 10/11/2021 - 00:28:54: [SM] Exception reported: Language phrase "InstaDefuseSuccessful" not found (arg 5)
L 10/11/2021 - 00:28:54: [SM] Blaming: retakes-instadefuse.smx
L 10/11/2021 - 00:28:54: [SM] Call stack trace:
L 10/11/2021 - 00:28:54: [SM]   [0] PrintToChat
L 10/11/2021 - 00:28:54: [SM]   [1] Line 197, plugin.sp::AttemptInstantDefuse
L 10/11/2021 - 00:28:54: [SM]   [2] Line 104, plugin.sp::Event_BombBeginDefusePlusFrame
L 10/11/2021 - 00:29:12: [SM] Exception reported: Language phrase "InstaDefuseSuccessful" not found (arg 5)
L 10/11/2021 - 00:29:12: [SM] Blaming: retakes-instadefuse.smx
L 10/11/2021 - 00:29:12: [SM] Call stack trace:
L 10/11/2021 - 00:29:12: [SM]   [0] PrintToChat
L 10/11/2021 - 00:29:12: [SM]   [1] Line 197, plugin.sp::AttemptInstantDefuse
L 10/11/2021 - 00:29:12: [SM]   [2] Line 104, plugin.sp::Event_BombBeginDefusePlusFrame
L 10/11/2021 - 00:29:31: [SM] Exception reported: Language phrase "InstaDefuseSuccessful" not found (arg 5)
L 10/11/2021 - 00:29:31: [SM] Blaming: retakes-instadefuse.smx
L 10/11/2021 - 00:29:31: [SM] Call stack trace:
L 10/11/2021 - 00:29:31: [SM]   [0] PrintToChat
L 10/11/2021 - 00:29:31: [SM]   [1] Line 197, plugin.sp::AttemptInstantDefuse
L 10/11/2021 - 00:29:31: [SM]   [2] Line 104, plugin.sp::Event_BombBeginDefusePlusFrame
L 10/11/2021 - 00:29:53: [SM] Exception reported: Language phrase "InstaDefuseSuccessful" not found (arg 5)
L 10/11/2021 - 00:29:53: [SM] Blaming: retakes-instadefuse.smx
L 10/11/2021 - 00:29:53: [SM] Call stack trace:
L 10/11/2021 - 00:29:53: [SM]   [0] PrintToChat
L 10/11/2021 - 00:29:53: [SM]   [1] Line 197, plugin.sp::AttemptInstantDefuse
L 10/11/2021 - 00:29:53: [SM]   [2] Line 104, plugin.sp::Event_BombBeginDefusePlusFrame
L 10/11/2021 - 00:30:18: [SM] Exception reported: Language phrase "InstaDefuseSuccessful" not found (arg 5)
L 10/11/2021 - 00:30:18: [SM] Blaming: retakes-instadefuse.smx
L 10/11/2021 - 00:30:18: [SM] Call stack trace:
L 10/11/2021 - 00:30:18: [SM]   [0] PrintToChat
L 10/11/2021 - 00:30:18: [SM]   [1] Line 197, plugin.sp::AttemptInstantDefuse
L 10/11/2021 - 00:30:18: [SM]   [2] Line 104, plugin.sp::Event_BombBeginDefusePlusFrame
L 10/11/2021 - 00:30:34: [SM] Exception reported: Language phrase "InstaDefuseSuccessful" not found (arg 5)
L 10/11/2021 - 00:30:34: [SM] Blaming: retakes-instadefuse.smx
L 10/11/2021 - 00:30:34: [SM] Call stack trace:
L 10/11/2021 - 00:30:34: [SM]   [0] PrintToChat
L 10/11/2021 - 00:30:34: [SM]   [1] Line 197, plugin.sp::AttemptInstantDefuse
L 10/11/2021 - 00:30:34: [SM]   [2] Line 104, plugin.sp::Event_BombBeginDefusePlusFrame
L 10/11/2021 - 00:30:54: [SM] Exception reported: Language phrase "InstaDefuseSuccessful" not found (arg 5)
L 10/11/2021 - 00:30:54: [SM] Blaming: retakes-instadefuse.smx
L 10/11/2021 - 00:30:54: [SM] Call stack trace:
L 10/11/2021 - 00:30:54: [SM]   [0] PrintToChat
L 10/11/2021 - 00:30:54: [SM]   [1] Line 197, plugin.sp::AttemptInstantDefuse
L 10/11/2021 - 00:30:54: [SM]   [2] Line 104, plugin.sp::Event_BombBeginDefusePlusFrame
L 10/11/2021 - 00:31:45: [SM] Exception reported: Language phrase "LiveNadeSomewhere" not found (arg 5)
L 10/11/2021 - 00:31:45: [SM] Blaming: retakes-instadefuse.smx
L 10/11/2021 - 00:31:45: [SM] Call stack trace:
L 10/11/2021 - 00:31:45: [SM]   [0] PrintToChat
L 10/11/2021 - 00:31:45: [SM]   [1] Line 168, plugin.sp::AttemptInstantDefuse
L 10/11/2021 - 00:31:45: [SM]   [2] Line 104, plugin.sp::Event_BombBeginDefusePlusFrame
L 10/11/2021 - 00:32:01: [SM] Exception reported: Language phrase "InstaDefuseSuccessful" not found (arg 5)
L 10/11/2021 - 00:32:01: [SM] Blaming: retakes-instadefuse.smx
L 10/11/2021 - 00:32:01: [SM] Call stack trace:
L 10/11/2021 - 00:32:01: [SM]   [0] PrintToChat
L 10/11/2021 - 00:32:01: [SM]   [1] Line 197, plugin.sp::AttemptInstantDefuse
L 10/11/2021 - 00:32:01: [SM]   [2] Line 104, plugin.sp::Event_BombBeginDefusePlusFrame
L 10/11/2021 - 00:32:26: [SM] Exception reported: Language phrase "InstaDefuseSuccessful" not found (arg 5)
L 10/11/2021 - 00:32:26: [SM] Blaming: retakes-instadefuse.smx
L 10/11/2021 - 00:32:26: [SM] Call stack trace:
L 10/11/2021 - 00:32:26: [SM]   [0] PrintToChat
L 10/11/2021 - 00:32:26: [SM]   [1] Line 197, plugin.sp::AttemptInstantDefuse
L 10/11/2021 - 00:32:26: [SM]   [2] Line 104, plugin.sp::Event_BombBeginDefusePlusFrame
L 10/11/2021 - 00:33:38: [SM] Exception reported: Language phrase "InstaDefuseSuccessful" not found (arg 5)
L 10/11/2021 - 00:33:38: [SM] Blaming: retakes-instadefuse.smx
L 10/11/2021 - 00:33:38: [SM] Call stack trace:
L 10/11/2021 - 00:33:38: [SM]   [0] PrintToChat
L 10/11/2021 - 00:33:38: [SM]   [1] Line 197, plugin.sp::AttemptInstantDefuse
L 10/11/2021 - 00:33:38: [SM]   [2] Line 104, plugin.sp::Event_BombBeginDefusePlusFrame
L 10/11/2021 - 00:34:31: [SM] Exception reported: Language phrase "InstaDefuseSuccessful" not found (arg 5)
L 10/11/2021 - 00:34:31: [SM] Blaming: retakes-instadefuse.smx
L 10/11/2021 - 00:34:31: [SM] Call stack trace:
L 10/11/2021 - 00:34:31: [SM]   [0] PrintToChat
L 10/11/2021 - 00:34:31: [SM]   [1] Line 197, plugin.sp::AttemptInstantDefuse
L 10/11/2021 - 00:34:31: [SM]   [2] Line 104, plugin.sp::Event_BombBeginDefusePlusFrame
L 10/11/2021 - 00:35:31: [SM] Exception reported: Language phrase "InstaDefuseSuccessful" not found (arg 5)
L 10/11/2021 - 00:35:31: [SM] Blaming: retakes-instadefuse.smx
L 10/11/2021 - 00:35:31: [SM] Call stack trace:
L 10/11/2021 - 00:35:31: [SM]   [0] PrintToChat
L 10/11/2021 - 00:35:31: [SM]   [1] Line 197, plugin.sp::AttemptInstantDefuse
L 10/11/2021 - 00:35:31: [SM]   [2] Line 104, plugin.sp::Event_BombBeginDefusePlusFrame
L 10/11/2021 - 00:35:47: [SM] Exception reported: Language phrase "InstaDefuseSuccessful" not found (arg 5)
L 10/11/2021 - 00:35:47: [SM] Blaming: retakes-instadefuse.smx
L 10/11/2021 - 00:35:47: [SM] Call stack trace:
L 10/11/2021 - 00:35:47: [SM]   [0] PrintToChat
L 10/11/2021 - 00:35:47: [SM]   [1] Line 197, plugin.sp::AttemptInstantDefuse
L 10/11/2021 - 00:35:47: [SM]   [2] Line 104, plugin.sp::Event_BombBeginDefusePlusFrame
L 10/11/2021 - 00:36:42: [SM] Exception reported: Language phrase "InstaDefuseSuccessful" not found (arg 5)
L 10/11/2021 - 00:36:42: [SM] Blaming: retakes-instadefuse.smx
L 10/11/2021 - 00:36:42: [SM] Call stack trace:
L 10/11/2021 - 00:36:42: [SM]   [0] PrintToChat
L 10/11/2021 - 00:36:42: [SM]   [1] Line 197, plugin.sp::AttemptInstantDefuse
L 10/11/2021 - 00:36:42: [SM]   [2] Line 104, plugin.sp::Event_BombBeginDefusePlusFrame
L 10/11/2021 - 00:37:06: [SM] Exception reported: Language phrase "InstaDefuseSuccessful" not found (arg 5)
L 10/11/2021 - 00:37:06: [SM] Blaming: retakes-instadefuse.smx
L 10/11/2021 - 00:37:06: [SM] Call stack trace:
L 10/11/2021 - 00:37:06: [SM]   [0] PrintToChat
L 10/11/2021 - 00:37:06: [SM]   [1] Line 197, plugin.sp::AttemptInstantDefuse
L 10/11/2021 - 00:37:06: [SM]   [2] Line 104, plugin.sp::Event_BombBeginDefusePlusFrame
L 10/11/2021 - 00:37:54: [SM] Exception reported: Language phrase "InstaDefuseSuccessful" not found (arg 5)
L 10/11/2021 - 00:37:54: [SM] Blaming: retakes-instadefuse.smx
L 10/11/2021 - 00:37:54: [SM] Call stack trace:
L 10/11/2021 - 00:37:54: [SM]   [0] PrintToChat
L 10/11/2021 - 00:37:54: [SM]   [1] Line 197, plugin.sp::AttemptInstantDefuse
L 10/11/2021 - 00:37:54: [SM]   [2] Line 104, plugin.sp::Event_BombBeginDefusePlusFrame
L 10/11/2021 - 00:38:23: [SM] Exception reported: Language phrase "InstaDefuseSuccessful" not found (arg 5)
L 10/11/2021 - 00:38:23: [SM] Blaming: retakes-instadefuse.smx
L 10/11/2021 - 00:38:23: [SM] Call stack trace:
L 10/11/2021 - 00:38:23: [SM]   [0] PrintToChat
L 10/11/2021 - 00:38:23: [SM]   [1] Line 197, plugin.sp::AttemptInstantDefuse
L 10/11/2021 - 00:38:23: [SM]   [2] Line 104, plugin.sp::Event_BombBeginDefusePlusFrame
L 10/11/2021 - 00:39:43: [SM] Exception reported: Language phrase "InstaDefuseSuccessful" not found (arg 5)
L 10/11/2021 - 00:39:43: [SM] Blaming: retakes-instadefuse.smx
L 10/11/2021 - 00:39:43: [SM] Call stack trace:
L 10/11/2021 - 00:39:43: [SM]   [0] PrintToChat
L 10/11/2021 - 00:39:43: [SM]   [1] Line 197, plugin.sp::AttemptInstantDefuse
L 10/11/2021 - 00:39:43: [SM]   [2] Line 104, plugin.sp::Event_BombBeginDefusePlusFrame
L 10/11/2021 - 00:40:23: [SM] Exception reported: Language phrase "InstaDefuseUnsuccessful" not found (arg 5)
L 10/11/2021 - 00:40:23: [SM] Blaming: retakes-instadefuse.smx
L 10/11/2021 - 00:40:23: [SM] Call stack trace:
L 10/11/2021 - 00:40:23: [SM]   [0] PrintToChat
L 10/11/2021 - 00:40:23: [SM]   [1] Line 143, plugin.sp::AttemptInstantDefuse
L 10/11/2021 - 00:40:23: [SM]   [2] Line 104, plugin.sp::Event_BombBeginDefusePlusFrame
L 10/11/2021 - 00:40:23: [SM] Exception reported: Language phrase "InstaDefuseUnsuccessful" not found (arg 5)
L 10/11/2021 - 00:40:23: [SM] Blaming: retakes-instadefuse.smx
L 10/11/2021 - 00:40:23: [SM] Call stack trace:
L 10/11/2021 - 00:40:23: [SM]   [0] PrintToChat
L 10/11/2021 - 00:40:23: [SM]   [1] Line 143, plugin.sp::AttemptInstantDefuse
L 10/11/2021 - 00:40:23: [SM]   [2] Line 104, plugin.sp::Event_BombBeginDefusePlusFrame
L 10/11/2021 - 00:40:24: [SM] Exception reported: Language phrase "InstaDefuseUnsuccessful" not found (arg 5)
L 10/11/2021 - 00:40:24: [SM] Blaming: retakes-instadefuse.smx
L 10/11/2021 - 00:40:24: [SM] Call stack trace:
L 10/11/2021 - 00:40:24: [SM]   [0] PrintToChat
L 10/11/2021 - 00:40:24: [SM]   [1] Line 143, plugin.sp::AttemptInstantDefuse
L 10/11/2021 - 00:40:24: [SM]   [2] Line 104, plugin.sp::Event_BombBeginDefusePlusFrame
L 10/11/2021 - 00:41:12: [SM] Exception reported: Language phrase "InstaDefuseSuccessful" not found (arg 5)
L 10/11/2021 - 00:41:12: [SM] Blaming: retakes-instadefuse.smx
L 10/11/2021 - 00:41:12: [SM] Call stack trace:
L 10/11/2021 - 00:41:12: [SM]   [0] PrintToChat
L 10/11/2021 - 00:41:12: [SM]   [1] Line 197, plugin.sp::AttemptInstantDefuse
L 10/11/2021 - 00:41:12: [SM]   [2] Line 104, plugin.sp::Event_BombBeginDefusePlusFrame
L 10/11/2021 - 00:41:39: [SM] Exception reported: Language phrase "InstaDefuseSuccessful" not found (arg 5)
L 10/11/2021 - 00:41:39: [SM] Blaming: retakes-instadefuse.smx
L 10/11/2021 - 00:41:39: [SM] Call stack trace:
L 10/11/2021 - 00:41:39: [SM]   [0] PrintToChat
L 10/11/2021 - 00:41:39: [SM]   [1] Line 197, plugin.sp::AttemptInstantDefuse
L 10/11/2021 - 00:41:39: [SM]   [2] Line 104, plugin.sp::Event_BombBeginDefusePlusFrame
L 10/11/2021 - 00:41:56: [SM] Exception reported: Language phrase "InstaDefuseSuccessful" not found (arg 5)
L 10/11/2021 - 00:41:56: [SM] Blaming: retakes-instadefuse.smx
L 10/11/2021 - 00:41:56: [SM] Call stack trace:
L 10/11/2021 - 00:41:56: [SM]   [0] PrintToChat
L 10/11/2021 - 00:41:56: [SM]   [1] Line 197, plugin.sp::AttemptInstantDefuse
L 10/11/2021 - 00:41:56: [SM]   [2] Line 104, plugin.sp::Event_BombBeginDefusePlusFrame
L 10/11/2021 - 00:42:18: [SM] Exception reported: Language phrase "InstaDefuseSuccessful" not found (arg 5)
L 10/11/2021 - 00:42:18: [SM] Blaming: retakes-instadefuse.smx
L 10/11/2021 - 00:42:18: [SM] Call stack trace:
L 10/11/2021 - 00:42:18: [SM]   [0] PrintToChat
L 10/11/2021 - 00:42:18: [SM]   [1] Line 197, plugin.sp::AttemptInstantDefuse
L 10/11/2021 - 00:42:18: [SM]   [2] Line 104, plugin.sp::Event_BombBeginDefusePlusFrame
L 10/11/2021 - 00:43:02: [SM] Exception reported: Language phrase "InstaDefuseSuccessful" not found (arg 5)
L 10/11/2021 - 00:43:02: [SM] Blaming: retakes-instadefuse.smx
L 10/11/2021 - 00:43:02: [SM] Call stack trace:
L 10/11/2021 - 00:43:02: [SM]   [0] PrintToChat
L 10/11/2021 - 00:43:02: [SM]   [1] Line 197, plugin.sp::AttemptInstantDefuse
L 10/11/2021 - 00:43:02: [SM]   [2] Line 104, plugin.sp::Event_BombBeginDefusePlusFrame
L 10/11/2021 - 00:43:41: [SM] Exception reported: Language phrase "InstaDefuseSuccessful" not found (arg 5)
L 10/11/2021 - 00:43:41: [SM] Blaming: retakes-instadefuse.smx
L 10/11/2021 - 00:43:41: [SM] Call stack trace:
L 10/11/2021 - 00:43:41: [SM]   [0] PrintToChat
L 10/11/2021 - 00:43:41: [SM]   [1] Line 197, plugin.sp::AttemptInstantDefuse
L 10/11/2021 - 00:43:41: [SM]   [2] Line 104, plugin.sp::Event_BombBeginDefusePlusFrame
L 10/11/2021 - 00:44:12: [SM] Exception reported: Language phrase "InstaDefuseSuccessful" not found (arg 5)
L 10/11/2021 - 00:44:12: [SM] Blaming: retakes-instadefuse.smx
L 10/11/2021 - 00:44:12: [SM] Call stack trace:
L 10/11/2021 - 00:44:12: [SM]   [0] PrintToChat
L 10/11/2021 - 00:44:12: [SM]   [1] Line 197, plugin.sp::AttemptInstantDefuse
L 10/11/2021 - 00:44:12: [SM]   [2] Line 104, plugin.sp::Event_BombBeginDefusePlusFrame
L 10/11/2021 - 00:44:33: [SM] Exception reported: Language phrase "InstaDefuseSuccessful" not found (arg 5)
L 10/11/2021 - 00:44:33: [SM] Blaming: retakes-instadefuse.smx
L 10/11/2021 - 00:44:33: [SM] Call stack trace:
L 10/11/2021 - 00:44:33: [SM]   [0] PrintToChat
L 10/11/2021 - 00:44:33: [SM]   [1] Line 197, plugin.sp::AttemptInstantDefuse
L 10/11/2021 - 00:44:33: [SM]   [2] Line 104, plugin.sp::Event_BombBeginDefusePlusFrame
L 10/11/2021 - 00:45:34: [SM] Exception reported: Language phrase "InstaDefuseSuccessful" not found (arg 5)
L 10/11/2021 - 00:45:34: [SM] Blaming: retakes-instadefuse.smx
L 10/11/2021 - 00:45:34: [SM] Call stack trace:
L 10/11/2021 - 00:45:34: [SM]   [0] PrintToChat
L 10/11/2021 - 00:45:34: [SM]   [1] Line 197, plugin.sp::AttemptInstantDefuse
L 10/11/2021 - 00:45:34: [SM]   [2] Line 104, plugin.sp::Event_BombBeginDefusePlusFrame
L 10/11/2021 - 00:45:55: [SM] Exception reported: Language phrase "InstaDefuseSuccessful" not found (arg 5)
L 10/11/2021 - 00:45:55: [SM] Blaming: retakes-instadefuse.smx
L 10/11/2021 - 00:45:55: [SM] Call stack trace:
L 10/11/2021 - 00:45:55: [SM]   [0] PrintToChat
L 10/11/2021 - 00:45:55: [SM]   [1] Line 197, plugin.sp::AttemptInstantDefuse
L 10/11/2021 - 00:45:55: [SM]   [2] Line 104, plugin.sp::Event_BombBeginDefusePlusFrame
L 10/11/2021 - 00:46:27: [SM] Exception reported: Language phrase "InstaDefuseSuccessful" not found (arg 5)
L 10/11/2021 - 00:46:27: [SM] Blaming: retakes-instadefuse.smx
L 10/11/2021 - 00:46:27: [SM] Call stack trace:
L 10/11/2021 - 00:46:27: [SM]   [0] PrintToChat
L 10/11/2021 - 00:46:28: [SM]   [1] Line 197, plugin.sp::AttemptInstantDefuse
L 10/11/2021 - 00:46:28: [SM]   [2] Line 104, plugin.sp::Event_BombBeginDefusePlusFrame
L 10/11/2021 - 00:46:54: [SM] Exception reported: Language phrase "InstaDefuseSuccessful" not found (arg 5)
L 10/11/2021 - 00:46:54: [SM] Blaming: retakes-instadefuse.smx
L 10/11/2021 - 00:46:54: [SM] Call stack trace:
L 10/11/2021 - 00:46:54: [SM]   [0] PrintToChat
L 10/11/2021 - 00:46:54: [SM]   [1] Line 197, plugin.sp::AttemptInstantDefuse
L 10/11/2021 - 00:46:54: [SM]   [2] Line 104, plugin.sp::Event_BombBeginDefusePlusFrame
L 10/11/2021 - 00:47:31: [SM] Exception reported: Language phrase "InstaDefuseSuccessful" not found (arg 5)
L 10/11/2021 - 00:47:31: [SM] Blaming: retakes-instadefuse.smx
L 10/11/2021 - 00:47:31: [SM] Call stack trace:
L 10/11/2021 - 00:47:31: [SM]   [0] PrintToChat
L 10/11/2021 - 00:47:31: [SM]   [1] Line 197, plugin.sp::AttemptInstantDefuse
L 10/11/2021 - 00:47:31: [SM]   [2] Line 104, plugin.sp::Event_BombBeginDefusePlusFrame
L 10/11/2021 - 00:48:07: [SM] Exception reported: Language phrase "InstaDefuseSuccessful" not found (arg 5)
L 10/11/2021 - 00:48:07: [SM] Blaming: retakes-instadefuse.smx
L 10/11/2021 - 00:48:07: [SM] Call stack trace:
L 10/11/2021 - 00:48:07: [SM]   [0] PrintToChat
L 10/11/2021 - 00:48:07: [SM]   [1] Line 197, plugin.sp::AttemptInstantDefuse
L 10/11/2021 - 00:48:07: [SM]   [2] Line 104, plugin.sp::Event_BombBeginDefusePlusFrame
L 10/11/2021 - 00:48:33: [SM] Exception reported: Language phrase "InstaDefuseSuccessful" not found (arg 5)
L 10/11/2021 - 00:48:33: [SM] Blaming: retakes-instadefuse.smx
L 10/11/2021 - 00:48:33: [SM] Call stack trace:
L 10/11/2021 - 00:48:33: [SM]   [0] PrintToChat
L 10/11/2021 - 00:48:33: [SM]   [1] Line 197, plugin.sp::AttemptInstantDefuse
L 10/11/2021 - 00:48:33: [SM]   [2] Line 104, plugin.sp::Event_BombBeginDefusePlusFrame
L 10/11/2021 - 00:49:17: [SM] Exception reported: Language phrase "InstaDefuseSuccessful" not found (arg 5)
L 10/11/2021 - 00:49:17: [SM] Blaming: retakes-instadefuse.smx
L 10/11/2021 - 00:49:17: [SM] Call stack trace:
L 10/11/2021 - 00:49:17: [SM]   [0] PrintToChat
L 10/11/2021 - 00:49:17: [SM]   [1] Line 197, plugin.sp::AttemptInstantDefuse
L 10/11/2021 - 00:49:17: [SM]   [2] Line 104, plugin.sp::Event_BombBeginDefusePlusFrame
L 10/11/2021 - 00:49:38: [SM] Exception reported: Language phrase "InstaDefuseSuccessful" not found (arg 5)
L 10/11/2021 - 00:49:38: [SM] Blaming: retakes-instadefuse.smx
L 10/11/2021 - 00:49:38: [SM] Call stack trace:
L 10/11/2021 - 00:49:38: [SM]   [0] PrintToChat
L 10/11/2021 - 00:49:38: [SM]   [1] Line 197, plugin.sp::AttemptInstantDefuse
L 10/11/2021 - 00:49:38: [SM]   [2] Line 104, plugin.sp::Event_BombBeginDefusePlusFrame
L 10/11/2021 - 00:49:57: [SM] Exception reported: Language phrase "InstaDefuseSuccessful" not found (arg 5)
L 10/11/2021 - 00:49:57: [SM] Blaming: retakes-instadefuse.smx
L 10/11/2021 - 00:49:57: [SM] Call stack trace:
L 10/11/2021 - 00:49:57: [SM]   [0] PrintToChat
L 10/11/2021 - 00:49:57: [SM]   [1] Line 197, plugin.sp::AttemptInstantDefuse
L 10/11/2021 - 00:49:57: [SM]   [2] Line 104, plugin.sp::Event_BombBeginDefusePlusFrame
L 10/11/2021 - 00:50:38: [SM] Exception reported: Language phrase "InstaDefuseSuccessful" not found (arg 5)
L 10/11/2021 - 00:50:38: [SM] Blaming: retakes-instadefuse.smx
L 10/11/2021 - 00:50:38: [SM] Call stack trace:
L 10/11/2021 - 00:50:38: [SM]   [0] PrintToChat
L 10/11/2021 - 00:50:38: [SM]   [1] Line 197, plugin.sp::AttemptInstantDefuse
L 10/11/2021 - 00:50:38: [SM]   [2] Line 104, plugin.sp::Event_BombBeginDefusePlusFrame
L 10/11/2021 - 00:51:18: [SM] Exception reported: Language phrase "InstaDefuseSuccessful" not found (arg 5)
L 10/11/2021 - 00:51:18: [SM] Blaming: retakes-instadefuse.smx
L 10/11/2021 - 00:51:18: [SM] Call stack trace:
L 10/11/2021 - 00:51:18: [SM]   [0] PrintToChat
L 10/11/2021 - 00:51:18: [SM]   [1] Line 197, plugin.sp::AttemptInstantDefuse
L 10/11/2021 - 00:51:18: [SM]   [2] Line 104, plugin.sp::Event_BombBeginDefusePlusFrame
L 10/11/2021 - 00:52:27: [SM] Exception reported: Language phrase "InstaDefuseSuccessful" not found (arg 5)
L 10/11/2021 - 00:52:27: [SM] Blaming: retakes-instadefuse.smx
L 10/11/2021 - 00:52:27: [SM] Call stack trace:
L 10/11/2021 - 00:52:27: [SM]   [0] PrintToChat
L 10/11/2021 - 00:52:27: [SM]   [1] Line 197, plugin.sp::AttemptInstantDefuse
L 10/11/2021 - 00:52:27: [SM]   [2] Line 104, plugin.sp::Event_BombBeginDefusePlusFrame
L 10/11/2021 - 00:53:19: [SM] Exception reported: Language phrase "InstaDefuseSuccessful" not found (arg 5)
L 10/11/2021 - 00:53:19: [SM] Blaming: retakes-instadefuse.smx
L 10/11/2021 - 00:53:19: [SM] Call stack trace:
L 10/11/2021 - 00:53:19: [SM]   [0] PrintToChat
L 10/11/2021 - 00:53:19: [SM]   [1] Line 197, plugin.sp::AttemptInstantDefuse
L 10/11/2021 - 00:53:19: [SM]   [2] Line 104, plugin.sp::Event_BombBeginDefusePlusFrame
L 10/11/2021 - 00:53:52: [SM] Exception reported: Language phrase "InstaDefuseSuccessful" not found (arg 5)
L 10/11/2021 - 00:53:52: [SM] Blaming: retakes-instadefuse.smx
L 10/11/2021 - 00:53:52: [SM] Call stack trace:
L 10/11/2021 - 00:53:52: [SM]   [0] PrintToChat
L 10/11/2021 - 00:53:52: [SM]   [1] Line 197, plugin.sp::AttemptInstantDefuse
L 10/11/2021 - 00:53:52: [SM]   [2] Line 104, plugin.sp::Event_BombBeginDefusePlusFrame
L 10/11/2021 - 00:55:02: [SM] Exception reported: Language phrase "InstaDefuseSuccessful" not found (arg 5)
L 10/11/2021 - 00:55:02: [SM] Blaming: retakes-instadefuse.smx
L 10/11/2021 - 00:55:02: [SM] Call stack trace:
L 10/11/2021 - 00:55:03: [SM]   [0] PrintToChat
L 10/11/2021 - 00:55:03: [SM]   [1] Line 197, plugin.sp::AttemptInstantDefuse
L 10/11/2021 - 00:55:03: [SM]   [2] Line 104, plugin.sp::Event_BombBeginDefusePlusFrame
L 10/11/2021 - 00:55:04: [SM] Exception reported: Language phrase "InstaDefuseSuccessful" not found (arg 5)
L 10/11/2021 - 00:55:04: [SM] Blaming: retakes-instadefuse.smx
L 10/11/2021 - 00:55:04: [SM] Call stack trace:
L 10/11/2021 - 00:55:04: [SM]   [0] PrintToChat
L 10/11/2021 - 00:55:04: [SM]   [1] Line 197, plugin.sp::AttemptInstantDefuse
L 10/11/2021 - 00:55:04: [SM]   [2] Line 104, plugin.sp::Event_BombBeginDefusePlusFrame
L 10/11/2021 - 00:55:31: [SM] Exception reported: Language phrase "InstaDefuseSuccessful" not found (arg 5)
L 10/11/2021 - 00:55:31: [SM] Blaming: retakes-instadefuse.smx
L 10/11/2021 - 00:55:31: [SM] Call stack trace:
L 10/11/2021 - 00:55:31: [SM]   [0] PrintToChat
L 10/11/2021 - 00:55:31: [SM]   [1] Line 197, plugin.sp::AttemptInstantDefuse
L 10/11/2021 - 00:55:31: [SM]   [2] Line 104, plugin.sp::Event_BombBeginDefusePlusFrame
L 10/11/2021 - 00:55:48: [SM] Exception reported: Language phrase "InstaDefuseSuccessful" not found (arg 5)
L 10/11/2021 - 00:55:48: [SM] Blaming: retakes-instadefuse.smx
L 10/11/2021 - 00:55:48: [SM] Call stack trace:
L 10/11/2021 - 00:55:48: [SM]   [0] PrintToChat
L 10/11/2021 - 00:55:48: [SM]   [1] Line 197, plugin.sp::AttemptInstantDefuse
L 10/11/2021 - 00:55:48: [SM]   [2] Line 104, plugin.sp::Event_BombBeginDefusePlusFrame
L 10/11/2021 - 00:56:09: [SM] Exception reported: Language phrase "InstaDefuseSuccessful" not found (arg 5)
L 10/11/2021 - 00:56:09: [SM] Blaming: retakes-instadefuse.smx
L 10/11/2021 - 00:56:09: [SM] Call stack trace:
L 10/11/2021 - 00:56:09: [SM]   [0] PrintToChat
L 10/11/2021 - 00:56:09: [SM]   [1] Line 197, plugin.sp::AttemptInstantDefuse
L 10/11/2021 - 00:56:09: [SM]   [2] Line 104, plugin.sp::Event_BombBeginDefusePlusFrame
L 10/11/2021 - 00:56:30: [SM] Exception reported: Language phrase "InstaDefuseSuccessful" not found (arg 5)
L 10/11/2021 - 00:56:30: [SM] Blaming: retakes-instadefuse.smx
L 10/11/2021 - 00:56:30: [SM] Call stack trace:
L 10/11/2021 - 00:56:30: [SM]   [0] PrintToChat
L 10/11/2021 - 00:56:30: [SM]   [1] Line 197, plugin.sp::AttemptInstantDefuse
L 10/11/2021 - 00:56:30: [SM]   [2] Line 104, plugin.sp::Event_BombBeginDefusePlusFrame
L 10/11/2021 - 00:56:31: [SM] Exception reported: Language phrase "InstaDefuseSuccessful" not found (arg 5)
L 10/11/2021 - 00:56:31: [SM] Blaming: retakes-instadefuse.smx
L 10/11/2021 - 00:56:31: [SM] Call stack trace:
L 10/11/2021 - 00:56:31: [SM]   [0] PrintToChat
L 10/11/2021 - 00:56:31: [SM]   [1] Line 197, plugin.sp::AttemptInstantDefuse
L 10/11/2021 - 00:56:31: [SM]   [2] Line 104, plugin.sp::Event_BombBeginDefusePlusFrame
L 10/11/2021 - 00:56:32: [SM] Exception reported: Language phrase "InstaDefuseSuccessful" not found (arg 5)
L 10/11/2021 - 00:56:32: [SM] Blaming: retakes-instadefuse.smx
L 10/11/2021 - 00:56:32: [SM] Call stack trace:
L 10/11/2021 - 00:56:32: [SM]   [0] PrintToChat
L 10/11/2021 - 00:56:32: [SM]   [1] Line 197, plugin.sp::AttemptInstantDefuse
L 10/11/2021 - 00:56:32: [SM]   [2] Line 104, plugin.sp::Event_BombBeginDefusePlusFrame
L 10/11/2021 - 00:56:33: [SM] Exception reported: Language phrase "InstaDefuseSuccessful" not found (arg 5)
L 10/11/2021 - 00:56:33: [SM] Blaming: retakes-instadefuse.smx
L 10/11/2021 - 00:56:33: [SM] Call stack trace:
L 10/11/2021 - 00:56:33: [SM]   [0] PrintToChat
L 10/11/2021 - 00:56:33: [SM]   [1] Line 197, plugin.sp::AttemptInstantDefuse
L 10/11/2021 - 00:56:33: [SM]   [2] Line 104, plugin.sp::Event_BombBeginDefusePlusFrame
L 10/11/2021 - 00:56:54: [SM] Exception reported: Language phrase "InstaDefuseSuccessful" not found (arg 5)
L 10/11/2021 - 00:56:54: [SM] Blaming: retakes-instadefuse.smx
L 10/11/2021 - 00:56:54: [SM] Call stack trace:
L 10/11/2021 - 00:56:54: [SM]   [0] PrintToChat
L 10/11/2021 - 00:56:54: [SM]   [1] Line 197, plugin.sp::AttemptInstantDefuse
L 10/11/2021 - 00:56:54: [SM]   [2] Line 104, plugin.sp::Event_BombBeginDefusePlusFrame
L 10/11/2021 - 00:57:18: [SM] Exception reported: Language phrase "InstaDefuseSuccessful" not found (arg 5)
L 10/11/2021 - 00:57:18: [SM] Blaming: retakes-instadefuse.smx
L 10/11/2021 - 00:57:18: [SM] Call stack trace:
L 10/11/2021 - 00:57:18: [SM]   [0] PrintToChat
L 10/11/2021 - 00:57:18: [SM]   [1] Line 197, plugin.sp::AttemptInstantDefuse
L 10/11/2021 - 00:57:18: [SM]   [2] Line 104, plugin.sp::Event_BombBeginDefusePlusFrame
L 10/11/2021 - 00:57:57: [SM] Exception reported: Language phrase "InstaDefuseUnsuccessful" not found (arg 5)
L 10/11/2021 - 00:57:58: [SM] Blaming: retakes-instadefuse.smx
L 10/11/2021 - 00:57:58: [SM] Call stack trace:
L 10/11/2021 - 00:57:58: [SM]   [0] PrintToChat
L 10/11/2021 - 00:57:58: [SM]   [1] Line 143, plugin.sp::AttemptInstantDefuse
L 10/11/2021 - 00:57:58: [SM]   [2] Line 104, plugin.sp::Event_BombBeginDefusePlusFrame
L 10/11/2021 - 00:57:58: [SM] Exception reported: Language phrase "InstaDefuseUnsuccessful" not found (arg 5)
L 10/11/2021 - 00:57:58: [SM] Blaming: retakes-instadefuse.smx
L 10/11/2021 - 00:57:58: [SM] Call stack trace:
L 10/11/2021 - 00:57:58: [SM]   [0] PrintToChat
L 10/11/2021 - 00:57:58: [SM]   [1] Line 143, plugin.sp::AttemptInstantDefuse
L 10/11/2021 - 00:57:58: [SM]   [2] Line 104, plugin.sp::Event_BombBeginDefusePlusFrame
L 10/11/2021 - 00:57:58: [SM] Exception reported: Language phrase "InstaDefuseUnsuccessful" not found (arg 5)
L 10/11/2021 - 00:57:58: [SM] Blaming: retakes-instadefuse.smx
L 10/11/2021 - 00:57:58: [SM] Call stack trace:
L 10/11/2021 - 00:57:58: [SM]   [0] PrintToChat
L 10/11/2021 - 00:57:58: [SM]   [1] Line 143, plugin.sp::AttemptInstantDefuse
L 10/11/2021 - 00:57:58: [SM]   [2] Line 104, plugin.sp::Event_BombBeginDefusePlusFrame
L 10/11/2021 - 00:57:58: [SM] Exception reported: Language phrase "InstaDefuseUnsuccessful" not found (arg 5)
L 10/11/2021 - 00:57:58: [SM] Blaming: retakes-instadefuse.smx
L 10/11/2021 - 00:57:58: [SM] Call stack trace:
L 10/11/2021 - 00:57:58: [SM]   [0] PrintToChat
L 10/11/2021 - 00:57:58: [SM]   [1] Line 143, plugin.sp::AttemptInstantDefuse
L 10/11/2021 - 00:57:58: [SM]   [2] Line 104, plugin.sp::Event_BombBeginDefusePlusFrame
L 10/11/2021 - 00:57:58: [SM] Exception reported: Language phrase "InstaDefuseUnsuccessful" not found (arg 5)
L 10/11/2021 - 00:57:58: [SM] Blaming: retakes-instadefuse.smx
L 10/11/2021 - 00:57:58: [SM] Call stack trace:
L 10/11/2021 - 00:57:58: [SM]   [0] PrintToChat
L 10/11/2021 - 00:57:58: [SM]   [1] Line 143, plugin.sp::AttemptInstantDefuse
L 10/11/2021 - 00:57:58: [SM]   [2] Line 104, plugin.sp::Event_BombBeginDefusePlusFrame
L 10/11/2021 - 00:57:59: [SM] Exception reported: Language phrase "InstaDefuseUnsuccessful" not found (arg 5)
L 10/11/2021 - 00:57:59: [SM] Blaming: retakes-instadefuse.smx
L 10/11/2021 - 00:57:59: [SM] Call stack trace:
L 10/11/2021 - 00:57:59: [SM]   [0] PrintToChat
L 10/11/2021 - 00:57:59: [SM]   [1] Line 143, plugin.sp::AttemptInstantDefuse
L 10/11/2021 - 00:57:59: [SM]   [2] Line 104, plugin.sp::Event_BombBeginDefusePlusFrame
L 10/11/2021 - 00:57:59: [SM] Exception reported: Language phrase "InstaDefuseUnsuccessful" not found (arg 5)
L 10/11/2021 - 00:57:59: [SM] Blaming: retakes-instadefuse.smx
L 10/11/2021 - 00:57:59: [SM] Call stack trace:
L 10/11/2021 - 00:57:59: [SM]   [0] PrintToChat
L 10/11/2021 - 00:57:59: [SM]   [1] Line 143, plugin.sp::AttemptInstantDefuse
L 10/11/2021 - 00:57:59: [SM]   [2] Line 104, plugin.sp::Event_BombBeginDefusePlusFrame
L 10/11/2021 - 00:58:17: [SM] Exception reported: Language phrase "InstaDefuseSuccessful" not found (arg 5)
L 10/11/2021 - 00:58:17: [SM] Blaming: retakes-instadefuse.smx
L 10/11/2021 - 00:58:17: [SM] Call stack trace:
L 10/11/2021 - 00:58:17: [SM]   [0] PrintToChat
L 10/11/2021 - 00:58:17: [SM]   [1] Line 197, plugin.sp::AttemptInstantDefuse
L 10/11/2021 - 00:58:17: [SM]   [2] Line 104, plugin.sp::Event_BombBeginDefusePlusFrame
