L 02/05/2022 - 00:00:16: SourceMod error session started
L 02/05/2022 - 00:00:16: Info (map "de_mirage") (file "E:\retake\csgoserver\csgo\addons\sourcemod\logs\errors_20220205.log")
L 02/05/2022 - 00:00:16: [SM] Exception reported: Language phrase "InstaDefuseSuccessful" not found (arg 5)
L 02/05/2022 - 00:00:16: [SM] Blaming: retakes-instadefuse.smx
L 02/05/2022 - 00:00:16: [SM] Call stack trace:
L 02/05/2022 - 00:00:16: [SM]   [0] PrintToChat
L 02/05/2022 - 00:00:16: [SM]   [1] Line 197, plugin.sp::AttemptInstantDefuse
L 02/05/2022 - 00:00:16: [SM]   [2] Line 104, plugin.sp::Event_BombBeginDefusePlusFrame
L 02/05/2022 - 00:00:48: [SM] Exception reported: Language phrase "InstaDefuseSuccessful" not found (arg 5)
L 02/05/2022 - 00:00:48: [SM] Blaming: retakes-instadefuse.smx
L 02/05/2022 - 00:00:48: [SM] Call stack trace:
L 02/05/2022 - 00:00:48: [SM]   [0] PrintToChat
L 02/05/2022 - 00:00:48: [SM]   [1] Line 197, plugin.sp::AttemptInstantDefuse
L 02/05/2022 - 00:00:48: [SM]   [2] Line 104, plugin.sp::Event_BombBeginDefusePlusFrame
L 02/05/2022 - 00:02:19: [SM] Exception reported: Language phrase "InstaDefuseSuccessful" not found (arg 5)
L 02/05/2022 - 00:02:19: [SM] Blaming: retakes-instadefuse.smx
L 02/05/2022 - 00:02:19: [SM] Call stack trace:
L 02/05/2022 - 00:02:19: [SM]   [0] PrintToChat
L 02/05/2022 - 00:02:19: [SM]   [1] Line 197, plugin.sp::AttemptInstantDefuse
L 02/05/2022 - 00:02:19: [SM]   [2] Line 104, plugin.sp::Event_BombBeginDefusePlusFrame
L 02/05/2022 - 00:02:40: [SM] Exception reported: Language phrase "InstaDefuseSuccessful" not found (arg 5)
L 02/05/2022 - 00:02:40: [SM] Blaming: retakes-instadefuse.smx
L 02/05/2022 - 00:02:40: [SM] Call stack trace:
L 02/05/2022 - 00:02:40: [SM]   [0] PrintToChat
L 02/05/2022 - 00:02:40: [SM]   [1] Line 197, plugin.sp::AttemptInstantDefuse
L 02/05/2022 - 00:02:40: [SM]   [2] Line 104, plugin.sp::Event_BombBeginDefusePlusFrame
L 02/05/2022 - 00:02:41: [SM] Exception reported: Language phrase "InstaDefuseSuccessful" not found (arg 5)
L 02/05/2022 - 00:02:41: [SM] Blaming: retakes-instadefuse.smx
L 02/05/2022 - 00:02:41: [SM] Call stack trace:
L 02/05/2022 - 00:02:41: [SM]   [0] PrintToChat
L 02/05/2022 - 00:02:41: [SM]   [1] Line 197, plugin.sp::AttemptInstantDefuse
L 02/05/2022 - 00:02:41: [SM]   [2] Line 104, plugin.sp::Event_BombBeginDefusePlusFrame
L 02/05/2022 - 00:03:21: [SM] Exception reported: Language phrase "InstaDefuseSuccessful" not found (arg 5)
L 02/05/2022 - 00:03:21: [SM] Blaming: retakes-instadefuse.smx
L 02/05/2022 - 00:03:21: [SM] Call stack trace:
L 02/05/2022 - 00:03:21: [SM]   [0] PrintToChat
L 02/05/2022 - 00:03:21: [SM]   [1] Line 197, plugin.sp::AttemptInstantDefuse
L 02/05/2022 - 00:03:21: [SM]   [2] Line 104, plugin.sp::Event_BombBeginDefusePlusFrame
L 02/05/2022 - 00:04:22: [SM] Exception reported: Language phrase "InstaDefuseSuccessful" not found (arg 5)
L 02/05/2022 - 00:04:22: [SM] Blaming: retakes-instadefuse.smx
L 02/05/2022 - 00:04:22: [SM] Call stack trace:
L 02/05/2022 - 00:04:22: [SM]   [0] PrintToChat
L 02/05/2022 - 00:04:22: [SM]   [1] Line 197, plugin.sp::AttemptInstantDefuse
L 02/05/2022 - 00:04:22: [SM]   [2] Line 104, plugin.sp::Event_BombBeginDefusePlusFrame
L 02/05/2022 - 00:05:09: [SM] Exception reported: Language phrase "InstaDefuseSuccessful" not found (arg 5)
L 02/05/2022 - 00:05:09: [SM] Blaming: retakes-instadefuse.smx
L 02/05/2022 - 00:05:09: [SM] Call stack trace:
L 02/05/2022 - 00:05:09: [SM]   [0] PrintToChat
L 02/05/2022 - 00:05:09: [SM]   [1] Line 197, plugin.sp::AttemptInstantDefuse
L 02/05/2022 - 00:05:09: [SM]   [2] Line 104, plugin.sp::Event_BombBeginDefusePlusFrame
L 02/05/2022 - 00:05:31: [SM] Exception reported: Language phrase "InstaDefuseSuccessful" not found (arg 5)
L 02/05/2022 - 00:05:31: [SM] Blaming: retakes-instadefuse.smx
L 02/05/2022 - 00:05:31: [SM] Call stack trace:
L 02/05/2022 - 00:05:31: [SM]   [0] PrintToChat
L 02/05/2022 - 00:05:31: [SM]   [1] Line 197, plugin.sp::AttemptInstantDefuse
L 02/05/2022 - 00:05:31: [SM]   [2] Line 104, plugin.sp::Event_BombBeginDefusePlusFrame
L 02/05/2022 - 00:05:49: [SM] Exception reported: Language phrase "InstaDefuseSuccessful" not found (arg 5)
L 02/05/2022 - 00:05:49: [SM] Blaming: retakes-instadefuse.smx
L 02/05/2022 - 00:05:49: [SM] Call stack trace:
L 02/05/2022 - 00:05:49: [SM]   [0] PrintToChat
L 02/05/2022 - 00:05:49: [SM]   [1] Line 197, plugin.sp::AttemptInstantDefuse
L 02/05/2022 - 00:05:49: [SM]   [2] Line 104, plugin.sp::Event_BombBeginDefusePlusFrame
L 02/05/2022 - 00:07:08: [SM] Exception reported: Language phrase "InstaDefuseSuccessful" not found (arg 5)
L 02/05/2022 - 00:07:08: [SM] Blaming: retakes-instadefuse.smx
L 02/05/2022 - 00:07:08: [SM] Call stack trace:
L 02/05/2022 - 00:07:08: [SM]   [0] PrintToChat
L 02/05/2022 - 00:07:09: [SM]   [1] Line 197, plugin.sp::AttemptInstantDefuse
L 02/05/2022 - 00:07:09: [SM]   [2] Line 104, plugin.sp::Event_BombBeginDefusePlusFrame
L 02/05/2022 - 00:07:33: [SM] Exception reported: Language phrase "InstaDefuseSuccessful" not found (arg 5)
L 02/05/2022 - 00:07:33: [SM] Blaming: retakes-instadefuse.smx
L 02/05/2022 - 00:07:33: [SM] Call stack trace:
L 02/05/2022 - 00:07:33: [SM]   [0] PrintToChat
L 02/05/2022 - 00:07:33: [SM]   [1] Line 197, plugin.sp::AttemptInstantDefuse
L 02/05/2022 - 00:07:33: [SM]   [2] Line 104, plugin.sp::Event_BombBeginDefusePlusFrame
L 02/05/2022 - 00:10:06: [SM] Exception reported: Language phrase "InstaDefuseSuccessful" not found (arg 5)
L 02/05/2022 - 00:10:06: [SM] Blaming: retakes-instadefuse.smx
L 02/05/2022 - 00:10:06: [SM] Call stack trace:
L 02/05/2022 - 00:10:06: [SM]   [0] PrintToChat
L 02/05/2022 - 00:10:06: [SM]   [1] Line 197, plugin.sp::AttemptInstantDefuse
L 02/05/2022 - 00:10:06: [SM]   [2] Line 104, plugin.sp::Event_BombBeginDefusePlusFrame
L 02/05/2022 - 00:10:40: [SM] Exception reported: Language phrase "InstaDefuseSuccessful" not found (arg 5)
L 02/05/2022 - 00:10:40: [SM] Blaming: retakes-instadefuse.smx
L 02/05/2022 - 00:10:40: [SM] Call stack trace:
L 02/05/2022 - 00:10:40: [SM]   [0] PrintToChat
L 02/05/2022 - 00:10:40: [SM]   [1] Line 197, plugin.sp::AttemptInstantDefuse
L 02/05/2022 - 00:10:40: [SM]   [2] Line 104, plugin.sp::Event_BombBeginDefusePlusFrame
L 02/05/2022 - 00:11:31: [SM] Exception reported: Language phrase "InstaDefuseSuccessful" not found (arg 5)
L 02/05/2022 - 00:11:31: [SM] Blaming: retakes-instadefuse.smx
L 02/05/2022 - 00:11:31: [SM] Call stack trace:
L 02/05/2022 - 00:11:31: [SM]   [0] PrintToChat
L 02/05/2022 - 00:11:31: [SM]   [1] Line 197, plugin.sp::AttemptInstantDefuse
L 02/05/2022 - 00:11:31: [SM]   [2] Line 104, plugin.sp::Event_BombBeginDefusePlusFrame
L 02/05/2022 - 00:13:59: [SM] Exception reported: Language phrase "InstaDefuseSuccessful" not found (arg 5)
L 02/05/2022 - 00:13:59: [SM] Blaming: retakes-instadefuse.smx
L 02/05/2022 - 00:13:59: [SM] Call stack trace:
L 02/05/2022 - 00:13:59: [SM]   [0] PrintToChat
L 02/05/2022 - 00:13:59: [SM]   [1] Line 197, plugin.sp::AttemptInstantDefuse
L 02/05/2022 - 00:13:59: [SM]   [2] Line 104, plugin.sp::Event_BombBeginDefusePlusFrame
L 02/05/2022 - 00:14:20: [SM] Exception reported: Language phrase "InstaDefuseSuccessful" not found (arg 5)
L 02/05/2022 - 00:14:20: [SM] Blaming: retakes-instadefuse.smx
L 02/05/2022 - 00:14:20: [SM] Call stack trace:
L 02/05/2022 - 00:14:20: [SM]   [0] PrintToChat
L 02/05/2022 - 00:14:20: [SM]   [1] Line 197, plugin.sp::AttemptInstantDefuse
L 02/05/2022 - 00:14:20: [SM]   [2] Line 104, plugin.sp::Event_BombBeginDefusePlusFrame
L 02/05/2022 - 00:15:25: [SM] Exception reported: Language phrase "InstaDefuseSuccessful" not found (arg 5)
L 02/05/2022 - 00:15:25: [SM] Blaming: retakes-instadefuse.smx
L 02/05/2022 - 00:15:25: [SM] Call stack trace:
L 02/05/2022 - 00:15:25: [SM]   [0] PrintToChat
L 02/05/2022 - 00:15:25: [SM]   [1] Line 197, plugin.sp::AttemptInstantDefuse
L 02/05/2022 - 00:15:25: [SM]   [2] Line 104, plugin.sp::Event_BombBeginDefusePlusFrame
L 02/05/2022 - 00:15:42: [SM] Exception reported: Language phrase "InstaDefuseSuccessful" not found (arg 5)
L 02/05/2022 - 00:15:42: [SM] Blaming: retakes-instadefuse.smx
L 02/05/2022 - 00:15:42: [SM] Call stack trace:
L 02/05/2022 - 00:15:42: [SM]   [0] PrintToChat
L 02/05/2022 - 00:15:42: [SM]   [1] Line 197, plugin.sp::AttemptInstantDefuse
L 02/05/2022 - 00:15:42: [SM]   [2] Line 104, plugin.sp::Event_BombBeginDefusePlusFrame
L 02/05/2022 - 00:16:15: [SM] Exception reported: Language phrase "InstaDefuseSuccessful" not found (arg 5)
L 02/05/2022 - 00:16:15: [SM] Blaming: retakes-instadefuse.smx
L 02/05/2022 - 00:16:15: [SM] Call stack trace:
L 02/05/2022 - 00:16:15: [SM]   [0] PrintToChat
L 02/05/2022 - 00:16:15: [SM]   [1] Line 197, plugin.sp::AttemptInstantDefuse
L 02/05/2022 - 00:16:15: [SM]   [2] Line 104, plugin.sp::Event_BombBeginDefusePlusFrame
L 02/05/2022 - 00:16:47: [SM] Exception reported: Language phrase "InstaDefuseSuccessful" not found (arg 5)
L 02/05/2022 - 00:16:47: [SM] Blaming: retakes-instadefuse.smx
L 02/05/2022 - 00:16:47: [SM] Call stack trace:
L 02/05/2022 - 00:16:47: [SM]   [0] PrintToChat
L 02/05/2022 - 00:16:47: [SM]   [1] Line 197, plugin.sp::AttemptInstantDefuse
L 02/05/2022 - 00:16:47: [SM]   [2] Line 104, plugin.sp::Event_BombBeginDefusePlusFrame
L 02/05/2022 - 00:17:36: [SM] Exception reported: Language phrase "InstaDefuseSuccessful" not found (arg 5)
L 02/05/2022 - 00:17:36: [SM] Blaming: retakes-instadefuse.smx
L 02/05/2022 - 00:17:36: [SM] Call stack trace:
L 02/05/2022 - 00:17:36: [SM]   [0] PrintToChat
L 02/05/2022 - 00:17:36: [SM]   [1] Line 197, plugin.sp::AttemptInstantDefuse
L 02/05/2022 - 00:17:36: [SM]   [2] Line 104, plugin.sp::Event_BombBeginDefusePlusFrame
L 02/05/2022 - 00:18:13: [SM] Exception reported: Language phrase "InstaDefuseSuccessful" not found (arg 5)
L 02/05/2022 - 00:18:13: [SM] Blaming: retakes-instadefuse.smx
L 02/05/2022 - 00:18:13: [SM] Call stack trace:
L 02/05/2022 - 00:18:13: [SM]   [0] PrintToChat
L 02/05/2022 - 00:18:13: [SM]   [1] Line 197, plugin.sp::AttemptInstantDefuse
L 02/05/2022 - 00:18:13: [SM]   [2] Line 104, plugin.sp::Event_BombBeginDefusePlusFrame
L 02/05/2022 - 00:19:28: [SM] Exception reported: Language phrase "InstaDefuseSuccessful" not found (arg 5)
L 02/05/2022 - 00:19:28: [SM] Blaming: retakes-instadefuse.smx
L 02/05/2022 - 00:19:28: [SM] Call stack trace:
L 02/05/2022 - 00:19:28: [SM]   [0] PrintToChat
L 02/05/2022 - 00:19:28: [SM]   [1] Line 197, plugin.sp::AttemptInstantDefuse
L 02/05/2022 - 00:19:28: [SM]   [2] Line 104, plugin.sp::Event_BombBeginDefusePlusFrame
L 02/05/2022 - 00:20:29: [SM] Exception reported: Language phrase "InstaDefuseSuccessful" not found (arg 5)
L 02/05/2022 - 00:20:29: [SM] Blaming: retakes-instadefuse.smx
L 02/05/2022 - 00:20:29: [SM] Call stack trace:
L 02/05/2022 - 00:20:29: [SM]   [0] PrintToChat
L 02/05/2022 - 00:20:29: [SM]   [1] Line 197, plugin.sp::AttemptInstantDefuse
L 02/05/2022 - 00:20:29: [SM]   [2] Line 104, plugin.sp::Event_BombBeginDefusePlusFrame
L 02/05/2022 - 00:20:55: [SM] Exception reported: Language phrase "InstaDefuseSuccessful" not found (arg 5)
L 02/05/2022 - 00:20:55: [SM] Blaming: retakes-instadefuse.smx
L 02/05/2022 - 00:20:55: [SM] Call stack trace:
L 02/05/2022 - 00:20:55: [SM]   [0] PrintToChat
L 02/05/2022 - 00:20:55: [SM]   [1] Line 197, plugin.sp::AttemptInstantDefuse
L 02/05/2022 - 00:20:56: [SM]   [2] Line 104, plugin.sp::Event_BombBeginDefusePlusFrame
L 02/05/2022 - 00:21:21: [SM] Exception reported: Language phrase "InstaDefuseSuccessful" not found (arg 5)
L 02/05/2022 - 00:21:21: [SM] Blaming: retakes-instadefuse.smx
L 02/05/2022 - 00:21:21: [SM] Call stack trace:
L 02/05/2022 - 00:21:22: [SM]   [0] PrintToChat
L 02/05/2022 - 00:21:22: [SM]   [1] Line 197, plugin.sp::AttemptInstantDefuse
L 02/05/2022 - 00:21:22: [SM]   [2] Line 104, plugin.sp::Event_BombBeginDefusePlusFrame
L 02/05/2022 - 00:21:43: [SM] Exception reported: Language phrase "InstaDefuseSuccessful" not found (arg 5)
L 02/05/2022 - 00:21:43: [SM] Blaming: retakes-instadefuse.smx
L 02/05/2022 - 00:21:43: [SM] Call stack trace:
L 02/05/2022 - 00:21:43: [SM]   [0] PrintToChat
L 02/05/2022 - 00:21:43: [SM]   [1] Line 197, plugin.sp::AttemptInstantDefuse
L 02/05/2022 - 00:21:43: [SM]   [2] Line 104, plugin.sp::Event_BombBeginDefusePlusFrame
L 02/05/2022 - 00:22:48: [SM] Exception reported: Language phrase "InstaDefuseUnsuccessful" not found (arg 5)
L 02/05/2022 - 00:22:48: [SM] Blaming: retakes-instadefuse.smx
L 02/05/2022 - 00:22:48: [SM] Call stack trace:
L 02/05/2022 - 00:22:48: [SM]   [0] PrintToChat
L 02/05/2022 - 00:22:48: [SM]   [1] Line 143, plugin.sp::AttemptInstantDefuse
L 02/05/2022 - 00:22:48: [SM]   [2] Line 104, plugin.sp::Event_BombBeginDefusePlusFrame
L 02/05/2022 - 00:22:48: [SM] Exception reported: Language phrase "InstaDefuseUnsuccessful" not found (arg 5)
L 02/05/2022 - 00:22:48: [SM] Blaming: retakes-instadefuse.smx
L 02/05/2022 - 00:22:48: [SM] Call stack trace:
L 02/05/2022 - 00:22:48: [SM]   [0] PrintToChat
L 02/05/2022 - 00:22:48: [SM]   [1] Line 143, plugin.sp::AttemptInstantDefuse
L 02/05/2022 - 00:22:48: [SM]   [2] Line 104, plugin.sp::Event_BombBeginDefusePlusFrame
L 02/05/2022 - 00:22:48: [SM] Exception reported: Language phrase "InstaDefuseUnsuccessful" not found (arg 5)
L 02/05/2022 - 00:22:48: [SM] Blaming: retakes-instadefuse.smx
L 02/05/2022 - 00:22:48: [SM] Call stack trace:
L 02/05/2022 - 00:22:48: [SM]   [0] PrintToChat
L 02/05/2022 - 00:22:48: [SM]   [1] Line 143, plugin.sp::AttemptInstantDefuse
L 02/05/2022 - 00:22:48: [SM]   [2] Line 104, plugin.sp::Event_BombBeginDefusePlusFrame
L 02/05/2022 - 00:22:49: [SM] Exception reported: Language phrase "InstaDefuseUnsuccessful" not found (arg 5)
L 02/05/2022 - 00:22:49: [SM] Blaming: retakes-instadefuse.smx
L 02/05/2022 - 00:22:49: [SM] Call stack trace:
L 02/05/2022 - 00:22:49: [SM]   [0] PrintToChat
L 02/05/2022 - 00:22:49: [SM]   [1] Line 143, plugin.sp::AttemptInstantDefuse
L 02/05/2022 - 00:22:49: [SM]   [2] Line 104, plugin.sp::Event_BombBeginDefusePlusFrame
L 02/05/2022 - 00:22:49: [SM] Exception reported: Language phrase "InstaDefuseUnsuccessful" not found (arg 5)
L 02/05/2022 - 00:22:49: [SM] Blaming: retakes-instadefuse.smx
L 02/05/2022 - 00:22:49: [SM] Call stack trace:
L 02/05/2022 - 00:22:49: [SM]   [0] PrintToChat
L 02/05/2022 - 00:22:49: [SM]   [1] Line 143, plugin.sp::AttemptInstantDefuse
L 02/05/2022 - 00:22:49: [SM]   [2] Line 104, plugin.sp::Event_BombBeginDefusePlusFrame
L 02/05/2022 - 00:22:49: [SM] Exception reported: Language phrase "InstaDefuseUnsuccessful" not found (arg 5)
L 02/05/2022 - 00:22:49: [SM] Blaming: retakes-instadefuse.smx
L 02/05/2022 - 00:22:49: [SM] Call stack trace:
L 02/05/2022 - 00:22:49: [SM]   [0] PrintToChat
L 02/05/2022 - 00:22:49: [SM]   [1] Line 143, plugin.sp::AttemptInstantDefuse
L 02/05/2022 - 00:22:49: [SM]   [2] Line 104, plugin.sp::Event_BombBeginDefusePlusFrame
L 02/05/2022 - 00:22:49: [SM] Exception reported: Language phrase "InstaDefuseUnsuccessful" not found (arg 5)
L 02/05/2022 - 00:22:49: [SM] Blaming: retakes-instadefuse.smx
L 02/05/2022 - 00:22:49: [SM] Call stack trace:
L 02/05/2022 - 00:22:49: [SM]   [0] PrintToChat
L 02/05/2022 - 00:22:49: [SM]   [1] Line 143, plugin.sp::AttemptInstantDefuse
L 02/05/2022 - 00:22:49: [SM]   [2] Line 104, plugin.sp::Event_BombBeginDefusePlusFrame
