L 04/12/2022 - 00:00:17: SourceMod error session started
L 04/12/2022 - 00:00:17: Info (map "de_mirage") (file "E:\retake\csgoserver\csgo\addons\sourcemod\logs\errors_20220412.log")
L 04/12/2022 - 00:00:17: [SM] Exception reported: Language phrase "InstaDefuseSuccessful" not found (arg 5)
L 04/12/2022 - 00:00:17: [SM] Blaming: retakes-instadefuse.smx
L 04/12/2022 - 00:00:17: [SM] Call stack trace:
L 04/12/2022 - 00:00:17: [SM]   [0] PrintToChat
L 04/12/2022 - 00:00:17: [SM]   [1] Line 197, plugin.sp::AttemptInstantDefuse
L 04/12/2022 - 00:00:17: [SM]   [2] Line 104, plugin.sp::Event_BombBeginDefusePlusFrame
L 04/12/2022 - 00:00:58: [SM] Exception reported: Language phrase "InstaDefuseSuccessful" not found (arg 5)
L 04/12/2022 - 00:00:58: [SM] Blaming: retakes-instadefuse.smx
L 04/12/2022 - 00:00:58: [SM] Call stack trace:
L 04/12/2022 - 00:00:58: [SM]   [0] PrintToChat
L 04/12/2022 - 00:00:58: [SM]   [1] Line 197, plugin.sp::AttemptInstantDefuse
L 04/12/2022 - 00:00:58: [SM]   [2] Line 104, plugin.sp::Event_BombBeginDefusePlusFrame
L 04/12/2022 - 00:01:18: [SM] Exception reported: Language phrase "InstaDefuseSuccessful" not found (arg 5)
L 04/12/2022 - 00:01:18: [SM] Blaming: retakes-instadefuse.smx
L 04/12/2022 - 00:01:18: [SM] Call stack trace:
L 04/12/2022 - 00:01:18: [SM]   [0] PrintToChat
L 04/12/2022 - 00:01:18: [SM]   [1] Line 197, plugin.sp::AttemptInstantDefuse
L 04/12/2022 - 00:01:18: [SM]   [2] Line 104, plugin.sp::Event_BombBeginDefusePlusFrame
L 04/12/2022 - 00:03:06: [SM] Exception reported: Language phrase "InstaDefuseSuccessful" not found (arg 5)
L 04/12/2022 - 00:03:06: [SM] Blaming: retakes-instadefuse.smx
L 04/12/2022 - 00:03:06: [SM] Call stack trace:
L 04/12/2022 - 00:03:06: [SM]   [0] PrintToChat
L 04/12/2022 - 00:03:06: [SM]   [1] Line 197, plugin.sp::AttemptInstantDefuse
L 04/12/2022 - 00:03:06: [SM]   [2] Line 104, plugin.sp::Event_BombBeginDefusePlusFrame
L 04/12/2022 - 00:03:22: [SM] Exception reported: Language phrase "InstaDefuseSuccessful" not found (arg 5)
L 04/12/2022 - 00:03:22: [SM] Blaming: retakes-instadefuse.smx
L 04/12/2022 - 00:03:22: [SM] Call stack trace:
L 04/12/2022 - 00:03:22: [SM]   [0] PrintToChat
L 04/12/2022 - 00:03:22: [SM]   [1] Line 197, plugin.sp::AttemptInstantDefuse
L 04/12/2022 - 00:03:22: [SM]   [2] Line 104, plugin.sp::Event_BombBeginDefusePlusFrame
L 04/12/2022 - 00:04:55: [SM] Exception reported: Language phrase "InstaDefuseSuccessful" not found (arg 5)
L 04/12/2022 - 00:04:55: [SM] Blaming: retakes-instadefuse.smx
L 04/12/2022 - 00:04:55: [SM] Call stack trace:
L 04/12/2022 - 00:04:55: [SM]   [0] PrintToChat
L 04/12/2022 - 00:04:55: [SM]   [1] Line 197, plugin.sp::AttemptInstantDefuse
L 04/12/2022 - 00:04:55: [SM]   [2] Line 104, plugin.sp::Event_BombBeginDefusePlusFrame
L 04/12/2022 - 00:07:39: [SM] Exception reported: Language phrase "InstaDefuseSuccessful" not found (arg 5)
L 04/12/2022 - 00:07:39: [SM] Blaming: retakes-instadefuse.smx
L 04/12/2022 - 00:07:39: [SM] Call stack trace:
L 04/12/2022 - 00:07:40: [SM]   [0] PrintToChat
L 04/12/2022 - 00:07:40: [SM]   [1] Line 197, plugin.sp::AttemptInstantDefuse
L 04/12/2022 - 00:07:40: [SM]   [2] Line 104, plugin.sp::Event_BombBeginDefusePlusFrame
L 04/12/2022 - 00:08:44: [SM] Exception reported: Language phrase "InstaDefuseSuccessful" not found (arg 5)
L 04/12/2022 - 00:08:44: [SM] Blaming: retakes-instadefuse.smx
L 04/12/2022 - 00:08:44: [SM] Call stack trace:
L 04/12/2022 - 00:08:44: [SM]   [0] PrintToChat
L 04/12/2022 - 00:08:44: [SM]   [1] Line 197, plugin.sp::AttemptInstantDefuse
L 04/12/2022 - 00:08:44: [SM]   [2] Line 104, plugin.sp::Event_BombBeginDefusePlusFrame
L 04/12/2022 - 00:09:26: [SM] Exception reported: Language phrase "InstaDefuseSuccessful" not found (arg 5)
L 04/12/2022 - 00:09:26: [SM] Blaming: retakes-instadefuse.smx
L 04/12/2022 - 00:09:26: [SM] Call stack trace:
L 04/12/2022 - 00:09:26: [SM]   [0] PrintToChat
L 04/12/2022 - 00:09:26: [SM]   [1] Line 197, plugin.sp::AttemptInstantDefuse
L 04/12/2022 - 00:09:26: [SM]   [2] Line 104, plugin.sp::Event_BombBeginDefusePlusFrame
L 04/12/2022 - 00:10:46: [SM] Exception reported: Language phrase "InstaDefuseSuccessful" not found (arg 5)
L 04/12/2022 - 00:10:46: [SM] Blaming: retakes-instadefuse.smx
L 04/12/2022 - 00:10:46: [SM] Call stack trace:
L 04/12/2022 - 00:10:46: [SM]   [0] PrintToChat
L 04/12/2022 - 00:10:46: [SM]   [1] Line 197, plugin.sp::AttemptInstantDefuse
L 04/12/2022 - 00:10:46: [SM]   [2] Line 104, plugin.sp::Event_BombBeginDefusePlusFrame
L 04/12/2022 - 00:12:09: [SM] Exception reported: Language phrase "InstaDefuseSuccessful" not found (arg 5)
L 04/12/2022 - 00:12:09: [SM] Blaming: retakes-instadefuse.smx
L 04/12/2022 - 00:12:09: [SM] Call stack trace:
L 04/12/2022 - 00:12:09: [SM]   [0] PrintToChat
L 04/12/2022 - 00:12:09: [SM]   [1] Line 197, plugin.sp::AttemptInstantDefuse
L 04/12/2022 - 00:12:09: [SM]   [2] Line 104, plugin.sp::Event_BombBeginDefusePlusFrame
L 04/12/2022 - 00:13:02: [SM] Exception reported: Language phrase "InstaDefuseSuccessful" not found (arg 5)
L 04/12/2022 - 00:13:02: [SM] Blaming: retakes-instadefuse.smx
L 04/12/2022 - 00:13:02: [SM] Call stack trace:
L 04/12/2022 - 00:13:02: [SM]   [0] PrintToChat
L 04/12/2022 - 00:13:02: [SM]   [1] Line 197, plugin.sp::AttemptInstantDefuse
L 04/12/2022 - 00:13:02: [SM]   [2] Line 104, plugin.sp::Event_BombBeginDefusePlusFrame
L 04/12/2022 - 00:13:46: [SM] Exception reported: Language phrase "InstaDefuseSuccessful" not found (arg 5)
L 04/12/2022 - 00:13:46: [SM] Blaming: retakes-instadefuse.smx
L 04/12/2022 - 00:13:46: [SM] Call stack trace:
L 04/12/2022 - 00:13:46: [SM]   [0] PrintToChat
L 04/12/2022 - 00:13:46: [SM]   [1] Line 197, plugin.sp::AttemptInstantDefuse
L 04/12/2022 - 00:13:46: [SM]   [2] Line 104, plugin.sp::Event_BombBeginDefusePlusFrame
L 04/12/2022 - 00:14:07: [SM] Exception reported: Language phrase "InstaDefuseSuccessful" not found (arg 5)
L 04/12/2022 - 00:14:07: [SM] Blaming: retakes-instadefuse.smx
L 04/12/2022 - 00:14:07: [SM] Call stack trace:
L 04/12/2022 - 00:14:07: [SM]   [0] PrintToChat
L 04/12/2022 - 00:14:07: [SM]   [1] Line 197, plugin.sp::AttemptInstantDefuse
L 04/12/2022 - 00:14:07: [SM]   [2] Line 104, plugin.sp::Event_BombBeginDefusePlusFrame
L 04/12/2022 - 00:14:36: [SM] Exception reported: Language phrase "InstaDefuseSuccessful" not found (arg 5)
L 04/12/2022 - 00:14:36: [SM] Blaming: retakes-instadefuse.smx
L 04/12/2022 - 00:14:36: [SM] Call stack trace:
L 04/12/2022 - 00:14:36: [SM]   [0] PrintToChat
L 04/12/2022 - 00:14:36: [SM]   [1] Line 197, plugin.sp::AttemptInstantDefuse
L 04/12/2022 - 00:14:36: [SM]   [2] Line 104, plugin.sp::Event_BombBeginDefusePlusFrame
L 04/12/2022 - 00:15:14: [SM] Exception reported: Language phrase "InstaDefuseSuccessful" not found (arg 5)
L 04/12/2022 - 00:15:14: [SM] Blaming: retakes-instadefuse.smx
L 04/12/2022 - 00:15:14: [SM] Call stack trace:
L 04/12/2022 - 00:15:14: [SM]   [0] PrintToChat
L 04/12/2022 - 00:15:14: [SM]   [1] Line 197, plugin.sp::AttemptInstantDefuse
L 04/12/2022 - 00:15:14: [SM]   [2] Line 104, plugin.sp::Event_BombBeginDefusePlusFrame
L 04/12/2022 - 00:15:39: [SM] Exception reported: Language phrase "InstaDefuseSuccessful" not found (arg 5)
L 04/12/2022 - 00:15:39: [SM] Blaming: retakes-instadefuse.smx
L 04/12/2022 - 00:15:39: [SM] Call stack trace:
L 04/12/2022 - 00:15:39: [SM]   [0] PrintToChat
L 04/12/2022 - 00:15:39: [SM]   [1] Line 197, plugin.sp::AttemptInstantDefuse
L 04/12/2022 - 00:15:39: [SM]   [2] Line 104, plugin.sp::Event_BombBeginDefusePlusFrame
L 04/12/2022 - 00:16:04: [SM] Exception reported: Language phrase "InstaDefuseSuccessful" not found (arg 5)
L 04/12/2022 - 00:16:04: [SM] Blaming: retakes-instadefuse.smx
L 04/12/2022 - 00:16:04: [SM] Call stack trace:
L 04/12/2022 - 00:16:04: [SM]   [0] PrintToChat
L 04/12/2022 - 00:16:04: [SM]   [1] Line 197, plugin.sp::AttemptInstantDefuse
L 04/12/2022 - 00:16:04: [SM]   [2] Line 104, plugin.sp::Event_BombBeginDefusePlusFrame
L 04/12/2022 - 00:16:27: [SM] Exception reported: Language phrase "InstaDefuseSuccessful" not found (arg 5)
L 04/12/2022 - 00:16:27: [SM] Blaming: retakes-instadefuse.smx
L 04/12/2022 - 00:16:27: [SM] Call stack trace:
L 04/12/2022 - 00:16:27: [SM]   [0] PrintToChat
L 04/12/2022 - 00:16:27: [SM]   [1] Line 197, plugin.sp::AttemptInstantDefuse
L 04/12/2022 - 00:16:27: [SM]   [2] Line 104, plugin.sp::Event_BombBeginDefusePlusFrame
L 04/12/2022 - 00:16:49: [SM] Exception reported: Language phrase "InstaDefuseSuccessful" not found (arg 5)
L 04/12/2022 - 00:16:49: [SM] Blaming: retakes-instadefuse.smx
L 04/12/2022 - 00:16:49: [SM] Call stack trace:
L 04/12/2022 - 00:16:49: [SM]   [0] PrintToChat
L 04/12/2022 - 00:16:49: [SM]   [1] Line 197, plugin.sp::AttemptInstantDefuse
L 04/12/2022 - 00:16:49: [SM]   [2] Line 104, plugin.sp::Event_BombBeginDefusePlusFrame
L 04/12/2022 - 00:18:06: [SM] Exception reported: Language phrase "InstaDefuseSuccessful" not found (arg 5)
L 04/12/2022 - 00:18:06: [SM] Blaming: retakes-instadefuse.smx
L 04/12/2022 - 00:18:06: [SM] Call stack trace:
L 04/12/2022 - 00:18:06: [SM]   [0] PrintToChat
L 04/12/2022 - 00:18:06: [SM]   [1] Line 197, plugin.sp::AttemptInstantDefuse
L 04/12/2022 - 00:18:06: [SM]   [2] Line 104, plugin.sp::Event_BombBeginDefusePlusFrame
L 04/12/2022 - 00:18:27: [SM] Exception reported: Language phrase "InstaDefuseSuccessful" not found (arg 5)
L 04/12/2022 - 00:18:27: [SM] Blaming: retakes-instadefuse.smx
L 04/12/2022 - 00:18:27: [SM] Call stack trace:
L 04/12/2022 - 00:18:27: [SM]   [0] PrintToChat
L 04/12/2022 - 00:18:27: [SM]   [1] Line 197, plugin.sp::AttemptInstantDefuse
L 04/12/2022 - 00:18:27: [SM]   [2] Line 104, plugin.sp::Event_BombBeginDefusePlusFrame
L 04/12/2022 - 00:18:59: [SM] Exception reported: Language phrase "InstaDefuseSuccessful" not found (arg 5)
L 04/12/2022 - 00:18:59: [SM] Blaming: retakes-instadefuse.smx
L 04/12/2022 - 00:18:59: [SM] Call stack trace:
L 04/12/2022 - 00:18:59: [SM]   [0] PrintToChat
L 04/12/2022 - 00:18:59: [SM]   [1] Line 197, plugin.sp::AttemptInstantDefuse
L 04/12/2022 - 00:18:59: [SM]   [2] Line 104, plugin.sp::Event_BombBeginDefusePlusFrame
L 04/12/2022 - 00:19:34: [SM] Exception reported: Language phrase "InstaDefuseSuccessful" not found (arg 5)
L 04/12/2022 - 00:19:34: [SM] Blaming: retakes-instadefuse.smx
L 04/12/2022 - 00:19:34: [SM] Call stack trace:
L 04/12/2022 - 00:19:34: [SM]   [0] PrintToChat
L 04/12/2022 - 00:19:34: [SM]   [1] Line 197, plugin.sp::AttemptInstantDefuse
L 04/12/2022 - 00:19:34: [SM]   [2] Line 104, plugin.sp::Event_BombBeginDefusePlusFrame
L 04/12/2022 - 00:19:52: [SM] Exception reported: Language phrase "InstaDefuseSuccessful" not found (arg 5)
L 04/12/2022 - 00:19:52: [SM] Blaming: retakes-instadefuse.smx
L 04/12/2022 - 00:19:52: [SM] Call stack trace:
L 04/12/2022 - 00:19:52: [SM]   [0] PrintToChat
L 04/12/2022 - 00:19:52: [SM]   [1] Line 197, plugin.sp::AttemptInstantDefuse
L 04/12/2022 - 00:19:52: [SM]   [2] Line 104, plugin.sp::Event_BombBeginDefusePlusFrame
L 04/12/2022 - 00:20:07: [SM] Exception reported: Language phrase "LiveNadeSomewhere" not found (arg 5)
L 04/12/2022 - 00:20:07: [SM] Blaming: retakes-instadefuse.smx
L 04/12/2022 - 00:20:07: [SM] Call stack trace:
L 04/12/2022 - 00:20:07: [SM]   [0] PrintToChat
L 04/12/2022 - 00:20:07: [SM]   [1] Line 168, plugin.sp::AttemptInstantDefuse
L 04/12/2022 - 00:20:07: [SM]   [2] Line 104, plugin.sp::Event_BombBeginDefusePlusFrame
L 04/12/2022 - 00:20:42: [SM] Exception reported: Language phrase "InstaDefuseSuccessful" not found (arg 5)
L 04/12/2022 - 00:20:43: [SM] Blaming: retakes-instadefuse.smx
L 04/12/2022 - 00:20:43: [SM] Call stack trace:
L 04/12/2022 - 00:20:43: [SM]   [0] PrintToChat
L 04/12/2022 - 00:20:43: [SM]   [1] Line 197, plugin.sp::AttemptInstantDefuse
L 04/12/2022 - 00:20:43: [SM]   [2] Line 104, plugin.sp::Event_BombBeginDefusePlusFrame
L 04/12/2022 - 00:20:58: [SM] Exception reported: Language phrase "InstaDefuseSuccessful" not found (arg 5)
L 04/12/2022 - 00:20:58: [SM] Blaming: retakes-instadefuse.smx
L 04/12/2022 - 00:20:58: [SM] Call stack trace:
L 04/12/2022 - 00:20:58: [SM]   [0] PrintToChat
L 04/12/2022 - 00:20:58: [SM]   [1] Line 197, plugin.sp::AttemptInstantDefuse
L 04/12/2022 - 00:20:58: [SM]   [2] Line 104, plugin.sp::Event_BombBeginDefusePlusFrame
L 04/12/2022 - 00:21:54: [SM] Exception reported: Language phrase "InstaDefuseSuccessful" not found (arg 5)
L 04/12/2022 - 00:21:54: [SM] Blaming: retakes-instadefuse.smx
L 04/12/2022 - 00:21:54: [SM] Call stack trace:
L 04/12/2022 - 00:21:54: [SM]   [0] PrintToChat
L 04/12/2022 - 00:21:54: [SM]   [1] Line 197, plugin.sp::AttemptInstantDefuse
L 04/12/2022 - 00:21:54: [SM]   [2] Line 104, plugin.sp::Event_BombBeginDefusePlusFrame
L 04/12/2022 - 00:22:09: [SM] Exception reported: Language phrase "InstaDefuseSuccessful" not found (arg 5)
L 04/12/2022 - 00:22:09: [SM] Blaming: retakes-instadefuse.smx
L 04/12/2022 - 00:22:09: [SM] Call stack trace:
L 04/12/2022 - 00:22:09: [SM]   [0] PrintToChat
L 04/12/2022 - 00:22:09: [SM]   [1] Line 197, plugin.sp::AttemptInstantDefuse
L 04/12/2022 - 00:22:09: [SM]   [2] Line 104, plugin.sp::Event_BombBeginDefusePlusFrame
L 04/12/2022 - 21:37:12: SourceMod error session started
L 04/12/2022 - 21:37:12: Info (map "de_mirage") (file "E:\retake\csgoserver\csgo\addons\sourcemod\logs\errors_20220412.log")
L 04/12/2022 - 21:37:12: [SM] Unable to load extension "PhysHooks.ext": Could not find patch signature for symbol: Physics_RunThinkFunctions
L 04/12/2022 - 21:37:14: [SM] Unable to load plugin "bot_inventory.smx": Native "eItems_AreItemsSynced" was not found
L 04/12/2022 - 21:37:14: [SM] Unable to load plugin "bot_stuff.smx": Could not find required plugin "navmesh"
L 04/12/2022 - 21:37:16: [SM] Unable to load plugin "LagCompensation.smx": Required extension "PhysHooks" file("PhysHooks.ext") not running
L 04/12/2022 - 21:37:16: [SM] Fatal error encountered parsing translation file "ranks_matchmaking.phrases.txt"
L 04/12/2022 - 21:37:16: [SM] Error (line 0, column 0): Stream failed to open
L 04/12/2022 - 21:37:17: [SM] Fatal error encountered parsing translation file "instadefuse.phrases.txt"
L 04/12/2022 - 21:37:17: [SM] Error (line 0, column 0): Stream failed to open
L 04/12/2022 - 21:37:37: [SM] Exception reported: Language phrase "Unranked" not found (arg 5)
L 04/12/2022 - 21:37:37: [SM] Blaming: ranks_matchmaking.smx
L 04/12/2022 - 21:37:37: [SM] Call stack trace:
L 04/12/2022 - 21:37:37: [SM]   [0] FormatEx
L 04/12/2022 - 21:37:37: [SM]   [1] Line 174, ranks_matchmaking.sp::GetRanksNames
L 04/12/2022 - 21:37:37: [SM]   [2] Line 169, ranks_matchmaking.sp::OnMapStart
L 04/12/2022 - 21:41:29: Error log file session closed.
L 04/12/2022 - 21:41:29: SourceMod error session started
L 04/12/2022 - 21:41:29: Info (map "de_mirage") (file "E:\retake\csgoserver\csgo\addons\sourcemod\logs\errors_20220412.log")
L 04/12/2022 - 21:41:29: [SM] Fatal error encountered parsing translation file "ranks_matchmaking.phrases.txt"
L 04/12/2022 - 21:41:29: [SM] Error (line 0, column 0): Stream failed to open
L 04/12/2022 - 21:41:29: [SM] Fatal error encountered parsing translation file "instadefuse.phrases.txt"
L 04/12/2022 - 21:41:29: [SM] Error (line 0, column 0): Stream failed to open
L 04/12/2022 - 21:41:30: [SM] Exception reported: Language phrase "Unranked" not found (arg 5)
L 04/12/2022 - 21:41:30: [SM] Blaming: ranks_matchmaking.smx
L 04/12/2022 - 21:41:30: [SM] Call stack trace:
L 04/12/2022 - 21:41:30: [SM]   [0] FormatEx
L 04/12/2022 - 21:41:30: [SM]   [1] Line 174, ranks_matchmaking.sp::GetRanksNames
L 04/12/2022 - 21:41:30: [SM]   [2] Line 169, ranks_matchmaking.sp::OnMapStart
L 04/12/2022 - 21:52:16: [SM] Exception reported: Language phrase "InstaDefuseSuccessful" not found (arg 5)
L 04/12/2022 - 21:52:16: [SM] Blaming: retakes-instadefuse.smx
L 04/12/2022 - 21:52:16: [SM] Call stack trace:
L 04/12/2022 - 21:52:16: [SM]   [0] PrintToChat
L 04/12/2022 - 21:52:16: [SM]   [1] Line 197, plugin.sp::AttemptInstantDefuse
L 04/12/2022 - 21:52:16: [SM]   [2] Line 104, plugin.sp::Event_BombBeginDefusePlusFrame
L 04/12/2022 - 21:52:52: [SM] Exception reported: Language phrase "InstaDefuseSuccessful" not found (arg 5)
L 04/12/2022 - 21:52:52: [SM] Blaming: retakes-instadefuse.smx
L 04/12/2022 - 21:52:52: [SM] Call stack trace:
L 04/12/2022 - 21:52:52: [SM]   [0] PrintToChat
L 04/12/2022 - 21:52:52: [SM]   [1] Line 197, plugin.sp::AttemptInstantDefuse
L 04/12/2022 - 21:52:52: [SM]   [2] Line 104, plugin.sp::Event_BombBeginDefusePlusFrame
L 04/12/2022 - 21:54:38: [SM] Exception reported: Language phrase "InstaDefuseSuccessful" not found (arg 5)
L 04/12/2022 - 21:54:38: [SM] Blaming: retakes-instadefuse.smx
L 04/12/2022 - 21:54:38: [SM] Call stack trace:
L 04/12/2022 - 21:54:38: [SM]   [0] PrintToChat
L 04/12/2022 - 21:54:38: [SM]   [1] Line 197, plugin.sp::AttemptInstantDefuse
L 04/12/2022 - 21:54:38: [SM]   [2] Line 104, plugin.sp::Event_BombBeginDefusePlusFrame
L 04/12/2022 - 21:55:43: [SM] Exception reported: Language phrase "InstaDefuseSuccessful" not found (arg 5)
L 04/12/2022 - 21:55:43: [SM] Blaming: retakes-instadefuse.smx
L 04/12/2022 - 21:55:43: [SM] Call stack trace:
L 04/12/2022 - 21:55:43: [SM]   [0] PrintToChat
L 04/12/2022 - 21:55:43: [SM]   [1] Line 197, plugin.sp::AttemptInstantDefuse
L 04/12/2022 - 21:55:43: [SM]   [2] Line 104, plugin.sp::Event_BombBeginDefusePlusFrame
L 04/12/2022 - 21:56:38: [SM] Exception reported: Language phrase "InstaDefuseSuccessful" not found (arg 5)
L 04/12/2022 - 21:56:38: [SM] Blaming: retakes-instadefuse.smx
L 04/12/2022 - 21:56:38: [SM] Call stack trace:
L 04/12/2022 - 21:56:38: [SM]   [0] PrintToChat
L 04/12/2022 - 21:56:38: [SM]   [1] Line 197, plugin.sp::AttemptInstantDefuse
L 04/12/2022 - 21:56:38: [SM]   [2] Line 104, plugin.sp::Event_BombBeginDefusePlusFrame
L 04/12/2022 - 21:59:17: [SM] Exception reported: Language phrase "InstaDefuseSuccessful" not found (arg 5)
L 04/12/2022 - 21:59:17: [SM] Blaming: retakes-instadefuse.smx
L 04/12/2022 - 21:59:17: [SM] Call stack trace:
L 04/12/2022 - 21:59:17: [SM]   [0] PrintToChat
L 04/12/2022 - 21:59:17: [SM]   [1] Line 197, plugin.sp::AttemptInstantDefuse
L 04/12/2022 - 21:59:17: [SM]   [2] Line 104, plugin.sp::Event_BombBeginDefusePlusFrame
L 04/12/2022 - 21:59:39: [SM] Exception reported: Language phrase "InstaDefuseSuccessful" not found (arg 5)
L 04/12/2022 - 21:59:39: [SM] Blaming: retakes-instadefuse.smx
L 04/12/2022 - 21:59:39: [SM] Call stack trace:
L 04/12/2022 - 21:59:39: [SM]   [0] PrintToChat
L 04/12/2022 - 21:59:39: [SM]   [1] Line 197, plugin.sp::AttemptInstantDefuse
L 04/12/2022 - 21:59:39: [SM]   [2] Line 104, plugin.sp::Event_BombBeginDefusePlusFrame
L 04/12/2022 - 22:00:36: [SM] Exception reported: Language phrase "InstaDefuseUnsuccessful" not found (arg 5)
L 04/12/2022 - 22:00:36: [SM] Blaming: retakes-instadefuse.smx
L 04/12/2022 - 22:00:36: [SM] Call stack trace:
L 04/12/2022 - 22:00:36: [SM]   [0] PrintToChat
L 04/12/2022 - 22:00:36: [SM]   [1] Line 143, plugin.sp::AttemptInstantDefuse
L 04/12/2022 - 22:00:36: [SM]   [2] Line 104, plugin.sp::Event_BombBeginDefusePlusFrame
L 04/12/2022 - 22:00:36: [SM] Exception reported: Language phrase "InstaDefuseUnsuccessful" not found (arg 5)
L 04/12/2022 - 22:00:36: [SM] Blaming: retakes-instadefuse.smx
L 04/12/2022 - 22:00:36: [SM] Call stack trace:
L 04/12/2022 - 22:00:36: [SM]   [0] PrintToChat
L 04/12/2022 - 22:00:36: [SM]   [1] Line 143, plugin.sp::AttemptInstantDefuse
L 04/12/2022 - 22:00:36: [SM]   [2] Line 104, plugin.sp::Event_BombBeginDefusePlusFrame
L 04/12/2022 - 22:01:10: [SM] Exception reported: Language phrase "InstaDefuseSuccessful" not found (arg 5)
L 04/12/2022 - 22:01:10: [SM] Blaming: retakes-instadefuse.smx
L 04/12/2022 - 22:01:10: [SM] Call stack trace:
L 04/12/2022 - 22:01:10: [SM]   [0] PrintToChat
L 04/12/2022 - 22:01:10: [SM]   [1] Line 197, plugin.sp::AttemptInstantDefuse
L 04/12/2022 - 22:01:10: [SM]   [2] Line 104, plugin.sp::Event_BombBeginDefusePlusFrame
L 04/12/2022 - 22:01:40: [SM] Exception reported: Language phrase "InstaDefuseSuccessful" not found (arg 5)
L 04/12/2022 - 22:01:40: [SM] Blaming: retakes-instadefuse.smx
L 04/12/2022 - 22:01:40: [SM] Call stack trace:
L 04/12/2022 - 22:01:40: [SM]   [0] PrintToChat
L 04/12/2022 - 22:01:40: [SM]   [1] Line 197, plugin.sp::AttemptInstantDefuse
L 04/12/2022 - 22:01:40: [SM]   [2] Line 104, plugin.sp::Event_BombBeginDefusePlusFrame
L 04/12/2022 - 22:02:04: [SM] Exception reported: Language phrase "InstaDefuseSuccessful" not found (arg 5)
L 04/12/2022 - 22:02:04: [SM] Blaming: retakes-instadefuse.smx
L 04/12/2022 - 22:02:04: [SM] Call stack trace:
L 04/12/2022 - 22:02:04: [SM]   [0] PrintToChat
L 04/12/2022 - 22:02:04: [SM]   [1] Line 197, plugin.sp::AttemptInstantDefuse
L 04/12/2022 - 22:02:04: [SM]   [2] Line 104, plugin.sp::Event_BombBeginDefusePlusFrame
L 04/12/2022 - 22:02:25: [SM] Exception reported: Language phrase "InstaDefuseSuccessful" not found (arg 5)
L 04/12/2022 - 22:02:25: [SM] Blaming: retakes-instadefuse.smx
L 04/12/2022 - 22:02:25: [SM] Call stack trace:
L 04/12/2022 - 22:02:25: [SM]   [0] PrintToChat
L 04/12/2022 - 22:02:25: [SM]   [1] Line 197, plugin.sp::AttemptInstantDefuse
L 04/12/2022 - 22:02:25: [SM]   [2] Line 104, plugin.sp::Event_BombBeginDefusePlusFrame
L 04/12/2022 - 22:02:44: [SM] Exception reported: Language phrase "InstaDefuseSuccessful" not found (arg 5)
L 04/12/2022 - 22:02:44: [SM] Blaming: retakes-instadefuse.smx
L 04/12/2022 - 22:02:44: [SM] Call stack trace:
L 04/12/2022 - 22:02:44: [SM]   [0] PrintToChat
L 04/12/2022 - 22:02:44: [SM]   [1] Line 197, plugin.sp::AttemptInstantDefuse
L 04/12/2022 - 22:02:44: [SM]   [2] Line 104, plugin.sp::Event_BombBeginDefusePlusFrame
L 04/12/2022 - 22:03:06: [SM] Exception reported: Language phrase "InstaDefuseSuccessful" not found (arg 5)
L 04/12/2022 - 22:03:06: [SM] Blaming: retakes-instadefuse.smx
L 04/12/2022 - 22:03:06: [SM] Call stack trace:
L 04/12/2022 - 22:03:06: [SM]   [0] PrintToChat
L 04/12/2022 - 22:03:06: [SM]   [1] Line 197, plugin.sp::AttemptInstantDefuse
L 04/12/2022 - 22:03:06: [SM]   [2] Line 104, plugin.sp::Event_BombBeginDefusePlusFrame
L 04/12/2022 - 22:04:06: [SM] Exception reported: Language phrase "InstaDefuseSuccessful" not found (arg 5)
L 04/12/2022 - 22:04:06: [SM] Blaming: retakes-instadefuse.smx
L 04/12/2022 - 22:04:06: [SM] Call stack trace:
L 04/12/2022 - 22:04:06: [SM]   [0] PrintToChat
L 04/12/2022 - 22:04:06: [SM]   [1] Line 197, plugin.sp::AttemptInstantDefuse
L 04/12/2022 - 22:04:06: [SM]   [2] Line 104, plugin.sp::Event_BombBeginDefusePlusFrame
L 04/12/2022 - 22:05:56: [SM] Exception reported: Language phrase "InstaDefuseSuccessful" not found (arg 5)
L 04/12/2022 - 22:05:56: [SM] Blaming: retakes-instadefuse.smx
L 04/12/2022 - 22:05:56: [SM] Call stack trace:
L 04/12/2022 - 22:05:56: [SM]   [0] PrintToChat
L 04/12/2022 - 22:05:56: [SM]   [1] Line 197, plugin.sp::AttemptInstantDefuse
L 04/12/2022 - 22:05:56: [SM]   [2] Line 104, plugin.sp::Event_BombBeginDefusePlusFrame
L 04/12/2022 - 22:08:47: [SM] Exception reported: Language phrase "InstaDefuseSuccessful" not found (arg 5)
L 04/12/2022 - 22:08:47: [SM] Blaming: retakes-instadefuse.smx
L 04/12/2022 - 22:08:47: [SM] Call stack trace:
L 04/12/2022 - 22:08:47: [SM]   [0] PrintToChat
L 04/12/2022 - 22:08:47: [SM]   [1] Line 197, plugin.sp::AttemptInstantDefuse
L 04/12/2022 - 22:08:47: [SM]   [2] Line 104, plugin.sp::Event_BombBeginDefusePlusFrame
L 04/12/2022 - 22:09:25: [SM] Exception reported: Language phrase "InstaDefuseUnsuccessful" not found (arg 5)
L 04/12/2022 - 22:09:25: [SM] Blaming: retakes-instadefuse.smx
L 04/12/2022 - 22:09:25: [SM] Call stack trace:
L 04/12/2022 - 22:09:25: [SM]   [0] PrintToChat
L 04/12/2022 - 22:09:25: [SM]   [1] Line 143, plugin.sp::AttemptInstantDefuse
L 04/12/2022 - 22:09:25: [SM]   [2] Line 104, plugin.sp::Event_BombBeginDefusePlusFrame
L 04/12/2022 - 22:09:25: [SM] Exception reported: Language phrase "InstaDefuseUnsuccessful" not found (arg 5)
L 04/12/2022 - 22:09:25: [SM] Blaming: retakes-instadefuse.smx
L 04/12/2022 - 22:09:25: [SM] Call stack trace:
L 04/12/2022 - 22:09:25: [SM]   [0] PrintToChat
L 04/12/2022 - 22:09:25: [SM]   [1] Line 143, plugin.sp::AttemptInstantDefuse
L 04/12/2022 - 22:09:25: [SM]   [2] Line 104, plugin.sp::Event_BombBeginDefusePlusFrame
L 04/12/2022 - 22:09:25: [SM] Exception reported: Language phrase "InstaDefuseUnsuccessful" not found (arg 5)
L 04/12/2022 - 22:09:25: [SM] Blaming: retakes-instadefuse.smx
L 04/12/2022 - 22:09:25: [SM] Call stack trace:
L 04/12/2022 - 22:09:25: [SM]   [0] PrintToChat
L 04/12/2022 - 22:09:25: [SM]   [1] Line 143, plugin.sp::AttemptInstantDefuse
L 04/12/2022 - 22:09:25: [SM]   [2] Line 104, plugin.sp::Event_BombBeginDefusePlusFrame
L 04/12/2022 - 22:09:25: [SM] Exception reported: Language phrase "InstaDefuseUnsuccessful" not found (arg 5)
L 04/12/2022 - 22:09:25: [SM] Blaming: retakes-instadefuse.smx
L 04/12/2022 - 22:09:25: [SM] Call stack trace:
L 04/12/2022 - 22:09:25: [SM]   [0] PrintToChat
L 04/12/2022 - 22:09:25: [SM]   [1] Line 143, plugin.sp::AttemptInstantDefuse
L 04/12/2022 - 22:09:25: [SM]   [2] Line 104, plugin.sp::Event_BombBeginDefusePlusFrame
L 04/12/2022 - 22:09:26: [SM] Exception reported: Language phrase "InstaDefuseUnsuccessful" not found (arg 5)
L 04/12/2022 - 22:09:26: [SM] Blaming: retakes-instadefuse.smx
L 04/12/2022 - 22:09:26: [SM] Call stack trace:
L 04/12/2022 - 22:09:26: [SM]   [0] PrintToChat
L 04/12/2022 - 22:09:26: [SM]   [1] Line 143, plugin.sp::AttemptInstantDefuse
L 04/12/2022 - 22:09:26: [SM]   [2] Line 104, plugin.sp::Event_BombBeginDefusePlusFrame
L 04/12/2022 - 22:12:04: [SM] Exception reported: Language phrase "InstaDefuseSuccessful" not found (arg 5)
L 04/12/2022 - 22:12:04: [SM] Blaming: retakes-instadefuse.smx
L 04/12/2022 - 22:12:04: [SM] Call stack trace:
L 04/12/2022 - 22:12:04: [SM]   [0] PrintToChat
L 04/12/2022 - 22:12:04: [SM]   [1] Line 197, plugin.sp::AttemptInstantDefuse
L 04/12/2022 - 22:12:04: [SM]   [2] Line 104, plugin.sp::Event_BombBeginDefusePlusFrame
L 04/12/2022 - 22:12:26: [SM] Exception reported: Language phrase "InstaDefuseSuccessful" not found (arg 5)
L 04/12/2022 - 22:12:26: [SM] Blaming: retakes-instadefuse.smx
L 04/12/2022 - 22:12:26: [SM] Call stack trace:
L 04/12/2022 - 22:12:26: [SM]   [0] PrintToChat
L 04/12/2022 - 22:12:26: [SM]   [1] Line 197, plugin.sp::AttemptInstantDefuse
L 04/12/2022 - 22:12:26: [SM]   [2] Line 104, plugin.sp::Event_BombBeginDefusePlusFrame
L 04/12/2022 - 22:12:44: [SM] Exception reported: Language phrase "InstaDefuseSuccessful" not found (arg 5)
L 04/12/2022 - 22:12:44: [SM] Blaming: retakes-instadefuse.smx
L 04/12/2022 - 22:12:44: [SM] Call stack trace:
L 04/12/2022 - 22:12:44: [SM]   [0] PrintToChat
L 04/12/2022 - 22:12:44: [SM]   [1] Line 197, plugin.sp::AttemptInstantDefuse
L 04/12/2022 - 22:12:44: [SM]   [2] Line 104, plugin.sp::Event_BombBeginDefusePlusFrame
L 04/12/2022 - 22:13:26: [SM] Exception reported: Language phrase "InstaDefuseSuccessful" not found (arg 5)
L 04/12/2022 - 22:13:26: [SM] Blaming: retakes-instadefuse.smx
L 04/12/2022 - 22:13:26: [SM] Call stack trace:
L 04/12/2022 - 22:13:26: [SM]   [0] PrintToChat
L 04/12/2022 - 22:13:26: [SM]   [1] Line 197, plugin.sp::AttemptInstantDefuse
L 04/12/2022 - 22:13:26: [SM]   [2] Line 104, plugin.sp::Event_BombBeginDefusePlusFrame
L 04/12/2022 - 22:14:11: [SM] Exception reported: Language phrase "InstaDefuseSuccessful" not found (arg 5)
L 04/12/2022 - 22:14:11: [SM] Blaming: retakes-instadefuse.smx
L 04/12/2022 - 22:14:11: [SM] Call stack trace:
L 04/12/2022 - 22:14:11: [SM]   [0] PrintToChat
L 04/12/2022 - 22:14:11: [SM]   [1] Line 197, plugin.sp::AttemptInstantDefuse
L 04/12/2022 - 22:14:11: [SM]   [2] Line 104, plugin.sp::Event_BombBeginDefusePlusFrame
L 04/12/2022 - 22:14:30: [SM] Exception reported: Language phrase "InstaDefuseSuccessful" not found (arg 5)
L 04/12/2022 - 22:14:30: [SM] Blaming: retakes-instadefuse.smx
L 04/12/2022 - 22:14:30: [SM] Call stack trace:
L 04/12/2022 - 22:14:30: [SM]   [0] PrintToChat
L 04/12/2022 - 22:14:30: [SM]   [1] Line 197, plugin.sp::AttemptInstantDefuse
L 04/12/2022 - 22:14:30: [SM]   [2] Line 104, plugin.sp::Event_BombBeginDefusePlusFrame
L 04/12/2022 - 22:14:32: [SM] Exception reported: Language phrase "InstaDefuseSuccessful" not found (arg 5)
L 04/12/2022 - 22:14:32: [SM] Blaming: retakes-instadefuse.smx
L 04/12/2022 - 22:14:32: [SM] Call stack trace:
L 04/12/2022 - 22:14:32: [SM]   [0] PrintToChat
L 04/12/2022 - 22:14:32: [SM]   [1] Line 197, plugin.sp::AttemptInstantDefuse
L 04/12/2022 - 22:14:32: [SM]   [2] Line 104, plugin.sp::Event_BombBeginDefusePlusFrame
L 04/12/2022 - 22:15:03: [SM] Exception reported: Language phrase "InstaDefuseSuccessful" not found (arg 5)
L 04/12/2022 - 22:15:03: [SM] Blaming: retakes-instadefuse.smx
L 04/12/2022 - 22:15:03: [SM] Call stack trace:
L 04/12/2022 - 22:15:03: [SM]   [0] PrintToChat
L 04/12/2022 - 22:15:03: [SM]   [1] Line 197, plugin.sp::AttemptInstantDefuse
L 04/12/2022 - 22:15:03: [SM]   [2] Line 104, plugin.sp::Event_BombBeginDefusePlusFrame
L 04/12/2022 - 22:15:46: [SM] Exception reported: Language phrase "InstaDefuseSuccessful" not found (arg 5)
L 04/12/2022 - 22:15:46: [SM] Blaming: retakes-instadefuse.smx
L 04/12/2022 - 22:15:46: [SM] Call stack trace:
L 04/12/2022 - 22:15:46: [SM]   [0] PrintToChat
L 04/12/2022 - 22:15:46: [SM]   [1] Line 197, plugin.sp::AttemptInstantDefuse
L 04/12/2022 - 22:15:46: [SM]   [2] Line 104, plugin.sp::Event_BombBeginDefusePlusFrame
L 04/12/2022 - 22:16:11: [SM] Exception reported: Language phrase "InstaDefuseSuccessful" not found (arg 5)
L 04/12/2022 - 22:16:11: [SM] Blaming: retakes-instadefuse.smx
L 04/12/2022 - 22:16:11: [SM] Call stack trace:
L 04/12/2022 - 22:16:11: [SM]   [0] PrintToChat
L 04/12/2022 - 22:16:11: [SM]   [1] Line 197, plugin.sp::AttemptInstantDefuse
L 04/12/2022 - 22:16:11: [SM]   [2] Line 104, plugin.sp::Event_BombBeginDefusePlusFrame
L 04/12/2022 - 22:17:04: [SM] Exception reported: Language phrase "InstaDefuseSuccessful" not found (arg 5)
L 04/12/2022 - 22:17:04: [SM] Blaming: retakes-instadefuse.smx
L 04/12/2022 - 22:17:04: [SM] Call stack trace:
L 04/12/2022 - 22:17:04: [SM]   [0] PrintToChat
L 04/12/2022 - 22:17:04: [SM]   [1] Line 197, plugin.sp::AttemptInstantDefuse
L 04/12/2022 - 22:17:04: [SM]   [2] Line 104, plugin.sp::Event_BombBeginDefusePlusFrame
L 04/12/2022 - 22:18:50: [SM] Exception reported: Language phrase "InstaDefuseSuccessful" not found (arg 5)
L 04/12/2022 - 22:18:50: [SM] Blaming: retakes-instadefuse.smx
L 04/12/2022 - 22:18:50: [SM] Call stack trace:
L 04/12/2022 - 22:18:50: [SM]   [0] PrintToChat
L 04/12/2022 - 22:18:50: [SM]   [1] Line 197, plugin.sp::AttemptInstantDefuse
L 04/12/2022 - 22:18:50: [SM]   [2] Line 104, plugin.sp::Event_BombBeginDefusePlusFrame
L 04/12/2022 - 22:19:51: [SM] Exception reported: Language phrase "InstaDefuseUnsuccessful" not found (arg 5)
L 04/12/2022 - 22:19:51: [SM] Blaming: retakes-instadefuse.smx
L 04/12/2022 - 22:19:51: [SM] Call stack trace:
L 04/12/2022 - 22:19:51: [SM]   [0] PrintToChat
L 04/12/2022 - 22:19:51: [SM]   [1] Line 143, plugin.sp::AttemptInstantDefuse
L 04/12/2022 - 22:19:51: [SM]   [2] Line 104, plugin.sp::Event_BombBeginDefusePlusFrame
L 04/12/2022 - 22:19:51: [SM] Exception reported: Language phrase "InstaDefuseUnsuccessful" not found (arg 5)
L 04/12/2022 - 22:19:51: [SM] Blaming: retakes-instadefuse.smx
L 04/12/2022 - 22:19:51: [SM] Call stack trace:
L 04/12/2022 - 22:19:51: [SM]   [0] PrintToChat
L 04/12/2022 - 22:19:51: [SM]   [1] Line 143, plugin.sp::AttemptInstantDefuse
L 04/12/2022 - 22:19:51: [SM]   [2] Line 104, plugin.sp::Event_BombBeginDefusePlusFrame
L 04/12/2022 - 22:19:51: [SM] Exception reported: Language phrase "InstaDefuseUnsuccessful" not found (arg 5)
L 04/12/2022 - 22:19:51: [SM] Blaming: retakes-instadefuse.smx
L 04/12/2022 - 22:19:51: [SM] Call stack trace:
L 04/12/2022 - 22:19:51: [SM]   [0] PrintToChat
L 04/12/2022 - 22:19:51: [SM]   [1] Line 143, plugin.sp::AttemptInstantDefuse
L 04/12/2022 - 22:19:51: [SM]   [2] Line 104, plugin.sp::Event_BombBeginDefusePlusFrame
L 04/12/2022 - 22:19:51: [SM] Exception reported: Language phrase "InstaDefuseUnsuccessful" not found (arg 5)
L 04/12/2022 - 22:19:51: [SM] Blaming: retakes-instadefuse.smx
L 04/12/2022 - 22:19:51: [SM] Call stack trace:
L 04/12/2022 - 22:19:51: [SM]   [0] PrintToChat
L 04/12/2022 - 22:19:51: [SM]   [1] Line 143, plugin.sp::AttemptInstantDefuse
L 04/12/2022 - 22:19:51: [SM]   [2] Line 104, plugin.sp::Event_BombBeginDefusePlusFrame
L 04/12/2022 - 22:19:52: [SM] Exception reported: Language phrase "InstaDefuseUnsuccessful" not found (arg 5)
L 04/12/2022 - 22:19:52: [SM] Blaming: retakes-instadefuse.smx
L 04/12/2022 - 22:19:52: [SM] Call stack trace:
L 04/12/2022 - 22:19:52: [SM]   [0] PrintToChat
L 04/12/2022 - 22:19:52: [SM]   [1] Line 143, plugin.sp::AttemptInstantDefuse
L 04/12/2022 - 22:19:52: [SM]   [2] Line 104, plugin.sp::Event_BombBeginDefusePlusFrame
L 04/12/2022 - 22:19:52: [SM] Exception reported: Language phrase "InstaDefuseUnsuccessful" not found (arg 5)
L 04/12/2022 - 22:19:52: [SM] Blaming: retakes-instadefuse.smx
L 04/12/2022 - 22:19:52: [SM] Call stack trace:
L 04/12/2022 - 22:19:52: [SM]   [0] PrintToChat
L 04/12/2022 - 22:19:52: [SM]   [1] Line 143, plugin.sp::AttemptInstantDefuse
L 04/12/2022 - 22:19:52: [SM]   [2] Line 104, plugin.sp::Event_BombBeginDefusePlusFrame
L 04/12/2022 - 22:19:52: [SM] Exception reported: Language phrase "InstaDefuseUnsuccessful" not found (arg 5)
L 04/12/2022 - 22:19:52: [SM] Blaming: retakes-instadefuse.smx
L 04/12/2022 - 22:19:52: [SM] Call stack trace:
L 04/12/2022 - 22:19:52: [SM]   [0] PrintToChat
L 04/12/2022 - 22:19:52: [SM]   [1] Line 143, plugin.sp::AttemptInstantDefuse
L 04/12/2022 - 22:19:52: [SM]   [2] Line 104, plugin.sp::Event_BombBeginDefusePlusFrame
L 04/12/2022 - 22:20:19: [SM] Exception reported: Language phrase "InstaDefuseSuccessful" not found (arg 5)
L 04/12/2022 - 22:20:19: [SM] Blaming: retakes-instadefuse.smx
L 04/12/2022 - 22:20:19: [SM] Call stack trace:
L 04/12/2022 - 22:20:19: [SM]   [0] PrintToChat
L 04/12/2022 - 22:20:19: [SM]   [1] Line 197, plugin.sp::AttemptInstantDefuse
L 04/12/2022 - 22:20:19: [SM]   [2] Line 104, plugin.sp::Event_BombBeginDefusePlusFrame
L 04/12/2022 - 22:21:57: [SM] Exception reported: Language phrase "InstaDefuseSuccessful" not found (arg 5)
L 04/12/2022 - 22:21:57: [SM] Blaming: retakes-instadefuse.smx
L 04/12/2022 - 22:21:57: [SM] Call stack trace:
L 04/12/2022 - 22:21:57: [SM]   [0] PrintToChat
L 04/12/2022 - 22:21:57: [SM]   [1] Line 197, plugin.sp::AttemptInstantDefuse
L 04/12/2022 - 22:21:57: [SM]   [2] Line 104, plugin.sp::Event_BombBeginDefusePlusFrame
L 04/12/2022 - 22:22:16: [SM] Exception reported: Language phrase "InstaDefuseSuccessful" not found (arg 5)
L 04/12/2022 - 22:22:16: [SM] Blaming: retakes-instadefuse.smx
L 04/12/2022 - 22:22:16: [SM] Call stack trace:
L 04/12/2022 - 22:22:16: [SM]   [0] PrintToChat
L 04/12/2022 - 22:22:16: [SM]   [1] Line 197, plugin.sp::AttemptInstantDefuse
L 04/12/2022 - 22:22:16: [SM]   [2] Line 104, plugin.sp::Event_BombBeginDefusePlusFrame
L 04/12/2022 - 22:22:30: [SM] Exception reported: Language phrase "InstaDefuseSuccessful" not found (arg 5)
L 04/12/2022 - 22:22:30: [SM] Blaming: retakes-instadefuse.smx
L 04/12/2022 - 22:22:30: [SM] Call stack trace:
L 04/12/2022 - 22:22:30: [SM]   [0] PrintToChat
L 04/12/2022 - 22:22:30: [SM]   [1] Line 197, plugin.sp::AttemptInstantDefuse
L 04/12/2022 - 22:22:30: [SM]   [2] Line 104, plugin.sp::Event_BombBeginDefusePlusFrame
L 04/12/2022 - 22:23:01: [SM] Exception reported: Language phrase "InstaDefuseSuccessful" not found (arg 5)
L 04/12/2022 - 22:23:01: [SM] Blaming: retakes-instadefuse.smx
L 04/12/2022 - 22:23:01: [SM] Call stack trace:
L 04/12/2022 - 22:23:01: [SM]   [0] PrintToChat
L 04/12/2022 - 22:23:01: [SM]   [1] Line 197, plugin.sp::AttemptInstantDefuse
L 04/12/2022 - 22:23:01: [SM]   [2] Line 104, plugin.sp::Event_BombBeginDefusePlusFrame
L 04/12/2022 - 22:23:37: [SM] Exception reported: Language phrase "InstaDefuseSuccessful" not found (arg 5)
L 04/12/2022 - 22:23:37: [SM] Blaming: retakes-instadefuse.smx
L 04/12/2022 - 22:23:37: [SM] Call stack trace:
L 04/12/2022 - 22:23:37: [SM]   [0] PrintToChat
L 04/12/2022 - 22:23:37: [SM]   [1] Line 197, plugin.sp::AttemptInstantDefuse
L 04/12/2022 - 22:23:37: [SM]   [2] Line 104, plugin.sp::Event_BombBeginDefusePlusFrame
L 04/12/2022 - 22:23:54: [SM] Exception reported: Language phrase "InstaDefuseSuccessful" not found (arg 5)
L 04/12/2022 - 22:23:54: [SM] Blaming: retakes-instadefuse.smx
L 04/12/2022 - 22:23:54: [SM] Call stack trace:
L 04/12/2022 - 22:23:54: [SM]   [0] PrintToChat
L 04/12/2022 - 22:23:54: [SM]   [1] Line 197, plugin.sp::AttemptInstantDefuse
L 04/12/2022 - 22:23:54: [SM]   [2] Line 104, plugin.sp::Event_BombBeginDefusePlusFrame
L 04/12/2022 - 22:24:09: [SM] Exception reported: Language phrase "InstaDefuseSuccessful" not found (arg 5)
L 04/12/2022 - 22:24:09: [SM] Blaming: retakes-instadefuse.smx
L 04/12/2022 - 22:24:09: [SM] Call stack trace:
L 04/12/2022 - 22:24:09: [SM]   [0] PrintToChat
L 04/12/2022 - 22:24:10: [SM]   [1] Line 197, plugin.sp::AttemptInstantDefuse
L 04/12/2022 - 22:24:10: [SM]   [2] Line 104, plugin.sp::Event_BombBeginDefusePlusFrame
L 04/12/2022 - 22:24:31: [SM] Exception reported: Language phrase "InstaDefuseSuccessful" not found (arg 5)
L 04/12/2022 - 22:24:31: [SM] Blaming: retakes-instadefuse.smx
L 04/12/2022 - 22:24:31: [SM] Call stack trace:
L 04/12/2022 - 22:24:31: [SM]   [0] PrintToChat
L 04/12/2022 - 22:24:31: [SM]   [1] Line 197, plugin.sp::AttemptInstantDefuse
L 04/12/2022 - 22:24:31: [SM]   [2] Line 104, plugin.sp::Event_BombBeginDefusePlusFrame
L 04/12/2022 - 22:26:30: [SM] Exception reported: Language phrase "InstaDefuseSuccessful" not found (arg 5)
L 04/12/2022 - 22:26:30: [SM] Blaming: retakes-instadefuse.smx
L 04/12/2022 - 22:26:30: [SM] Call stack trace:
L 04/12/2022 - 22:26:30: [SM]   [0] PrintToChat
L 04/12/2022 - 22:26:30: [SM]   [1] Line 197, plugin.sp::AttemptInstantDefuse
L 04/12/2022 - 22:26:30: [SM]   [2] Line 104, plugin.sp::Event_BombBeginDefusePlusFrame
L 04/12/2022 - 22:27:02: [SM] Exception reported: Language phrase "InstaDefuseSuccessful" not found (arg 5)
L 04/12/2022 - 22:27:02: [SM] Blaming: retakes-instadefuse.smx
L 04/12/2022 - 22:27:02: [SM] Call stack trace:
L 04/12/2022 - 22:27:02: [SM]   [0] PrintToChat
L 04/12/2022 - 22:27:02: [SM]   [1] Line 197, plugin.sp::AttemptInstantDefuse
L 04/12/2022 - 22:27:02: [SM]   [2] Line 104, plugin.sp::Event_BombBeginDefusePlusFrame
L 04/12/2022 - 22:27:03: [SM] Exception reported: Language phrase "InstaDefuseSuccessful" not found (arg 5)
L 04/12/2022 - 22:27:03: [SM] Blaming: retakes-instadefuse.smx
L 04/12/2022 - 22:27:03: [SM] Call stack trace:
L 04/12/2022 - 22:27:03: [SM]   [0] PrintToChat
L 04/12/2022 - 22:27:03: [SM]   [1] Line 197, plugin.sp::AttemptInstantDefuse
L 04/12/2022 - 22:27:03: [SM]   [2] Line 104, plugin.sp::Event_BombBeginDefusePlusFrame
L 04/12/2022 - 22:27:33: [SM] Exception reported: Language phrase "LiveNadeSomewhere" not found (arg 5)
L 04/12/2022 - 22:27:33: [SM] Blaming: retakes-instadefuse.smx
L 04/12/2022 - 22:27:33: [SM] Call stack trace:
L 04/12/2022 - 22:27:33: [SM]   [0] PrintToChat
L 04/12/2022 - 22:27:33: [SM]   [1] Line 168, plugin.sp::AttemptInstantDefuse
L 04/12/2022 - 22:27:33: [SM]   [2] Line 104, plugin.sp::Event_BombBeginDefusePlusFrame
L 04/12/2022 - 22:27:59: [SM] Exception reported: Language phrase "InstaDefuseSuccessful" not found (arg 5)
L 04/12/2022 - 22:27:59: [SM] Blaming: retakes-instadefuse.smx
L 04/12/2022 - 22:27:59: [SM] Call stack trace:
L 04/12/2022 - 22:27:59: [SM]   [0] PrintToChat
L 04/12/2022 - 22:27:59: [SM]   [1] Line 197, plugin.sp::AttemptInstantDefuse
L 04/12/2022 - 22:27:59: [SM]   [2] Line 104, plugin.sp::Event_BombBeginDefusePlusFrame
L 04/12/2022 - 22:28:21: [SM] Exception reported: Language phrase "LiveNadeSomewhere" not found (arg 5)
L 04/12/2022 - 22:28:21: [SM] Blaming: retakes-instadefuse.smx
L 04/12/2022 - 22:28:21: [SM] Call stack trace:
L 04/12/2022 - 22:28:21: [SM]   [0] PrintToChat
L 04/12/2022 - 22:28:21: [SM]   [1] Line 168, plugin.sp::AttemptInstantDefuse
L 04/12/2022 - 22:28:21: [SM]   [2] Line 104, plugin.sp::Event_BombBeginDefusePlusFrame
L 04/12/2022 - 22:28:25: [SM] Exception reported: Language phrase "InstaDefuseSuccessful" not found (arg 5)
L 04/12/2022 - 22:28:25: [SM] Blaming: retakes-instadefuse.smx
L 04/12/2022 - 22:28:25: [SM] Call stack trace:
L 04/12/2022 - 22:28:25: [SM]   [0] PrintToChat
L 04/12/2022 - 22:28:25: [SM]   [1] Line 197, plugin.sp::AttemptInstantDefuse
L 04/12/2022 - 22:28:25: [SM]   [2] Line 104, plugin.sp::Event_BombBeginDefusePlusFrame
L 04/12/2022 - 22:29:11: [SM] Exception reported: Language phrase "InstaDefuseSuccessful" not found (arg 5)
L 04/12/2022 - 22:29:11: [SM] Blaming: retakes-instadefuse.smx
L 04/12/2022 - 22:29:11: [SM] Call stack trace:
L 04/12/2022 - 22:29:11: [SM]   [0] PrintToChat
L 04/12/2022 - 22:29:11: [SM]   [1] Line 197, plugin.sp::AttemptInstantDefuse
L 04/12/2022 - 22:29:11: [SM]   [2] Line 104, plugin.sp::Event_BombBeginDefusePlusFrame
L 04/12/2022 - 22:29:42: [SM] Exception reported: Language phrase "InstaDefuseSuccessful" not found (arg 5)
L 04/12/2022 - 22:29:42: [SM] Blaming: retakes-instadefuse.smx
L 04/12/2022 - 22:29:42: [SM] Call stack trace:
L 04/12/2022 - 22:29:42: [SM]   [0] PrintToChat
L 04/12/2022 - 22:29:42: [SM]   [1] Line 197, plugin.sp::AttemptInstantDefuse
L 04/12/2022 - 22:29:42: [SM]   [2] Line 104, plugin.sp::Event_BombBeginDefusePlusFrame
L 04/12/2022 - 22:30:30: [SM] Exception reported: Language phrase "InstaDefuseSuccessful" not found (arg 5)
L 04/12/2022 - 22:30:30: [SM] Blaming: retakes-instadefuse.smx
L 04/12/2022 - 22:30:30: [SM] Call stack trace:
L 04/12/2022 - 22:30:30: [SM]   [0] PrintToChat
L 04/12/2022 - 22:30:31: [SM]   [1] Line 197, plugin.sp::AttemptInstantDefuse
L 04/12/2022 - 22:30:31: [SM]   [2] Line 104, plugin.sp::Event_BombBeginDefusePlusFrame
L 04/12/2022 - 22:31:35: [SM] Exception reported: Language phrase "InstaDefuseSuccessful" not found (arg 5)
L 04/12/2022 - 22:31:35: [SM] Blaming: retakes-instadefuse.smx
L 04/12/2022 - 22:31:35: [SM] Call stack trace:
L 04/12/2022 - 22:31:35: [SM]   [0] PrintToChat
L 04/12/2022 - 22:31:35: [SM]   [1] Line 197, plugin.sp::AttemptInstantDefuse
L 04/12/2022 - 22:31:35: [SM]   [2] Line 104, plugin.sp::Event_BombBeginDefusePlusFrame
L 04/12/2022 - 22:33:11: [SM] Exception reported: Language phrase "InstaDefuseSuccessful" not found (arg 5)
L 04/12/2022 - 22:33:11: [SM] Blaming: retakes-instadefuse.smx
L 04/12/2022 - 22:33:11: [SM] Call stack trace:
L 04/12/2022 - 22:33:11: [SM]   [0] PrintToChat
L 04/12/2022 - 22:33:11: [SM]   [1] Line 197, plugin.sp::AttemptInstantDefuse
L 04/12/2022 - 22:33:11: [SM]   [2] Line 104, plugin.sp::Event_BombBeginDefusePlusFrame
L 04/12/2022 - 22:35:09: [SM] Exception reported: Language phrase "InstaDefuseSuccessful" not found (arg 5)
L 04/12/2022 - 22:35:09: [SM] Blaming: retakes-instadefuse.smx
L 04/12/2022 - 22:35:09: [SM] Call stack trace:
L 04/12/2022 - 22:35:09: [SM]   [0] PrintToChat
L 04/12/2022 - 22:35:09: [SM]   [1] Line 197, plugin.sp::AttemptInstantDefuse
L 04/12/2022 - 22:35:09: [SM]   [2] Line 104, plugin.sp::Event_BombBeginDefusePlusFrame
L 04/12/2022 - 22:35:31: [SM] Exception reported: Language phrase "InstaDefuseSuccessful" not found (arg 5)
L 04/12/2022 - 22:35:31: [SM] Blaming: retakes-instadefuse.smx
L 04/12/2022 - 22:35:31: [SM] Call stack trace:
L 04/12/2022 - 22:35:31: [SM]   [0] PrintToChat
L 04/12/2022 - 22:35:31: [SM]   [1] Line 197, plugin.sp::AttemptInstantDefuse
L 04/12/2022 - 22:35:31: [SM]   [2] Line 104, plugin.sp::Event_BombBeginDefusePlusFrame
L 04/12/2022 - 22:35:47: [SM] Exception reported: Language phrase "InstaDefuseSuccessful" not found (arg 5)
L 04/12/2022 - 22:35:47: [SM] Blaming: retakes-instadefuse.smx
L 04/12/2022 - 22:35:47: [SM] Call stack trace:
L 04/12/2022 - 22:35:47: [SM]   [0] PrintToChat
L 04/12/2022 - 22:35:47: [SM]   [1] Line 197, plugin.sp::AttemptInstantDefuse
L 04/12/2022 - 22:35:47: [SM]   [2] Line 104, plugin.sp::Event_BombBeginDefusePlusFrame
L 04/12/2022 - 22:37:44: [SM] Exception reported: Language phrase "InstaDefuseSuccessful" not found (arg 5)
L 04/12/2022 - 22:37:44: [SM] Blaming: retakes-instadefuse.smx
L 04/12/2022 - 22:37:44: [SM] Call stack trace:
L 04/12/2022 - 22:37:44: [SM]   [0] PrintToChat
L 04/12/2022 - 22:37:44: [SM]   [1] Line 197, plugin.sp::AttemptInstantDefuse
L 04/12/2022 - 22:37:44: [SM]   [2] Line 104, plugin.sp::Event_BombBeginDefusePlusFrame
L 04/12/2022 - 22:38:04: [SM] Exception reported: Language phrase "InstaDefuseSuccessful" not found (arg 5)
L 04/12/2022 - 22:38:04: [SM] Blaming: retakes-instadefuse.smx
L 04/12/2022 - 22:38:04: [SM] Call stack trace:
L 04/12/2022 - 22:38:04: [SM]   [0] PrintToChat
L 04/12/2022 - 22:38:04: [SM]   [1] Line 197, plugin.sp::AttemptInstantDefuse
L 04/12/2022 - 22:38:04: [SM]   [2] Line 104, plugin.sp::Event_BombBeginDefusePlusFrame
L 04/12/2022 - 22:40:04: [SM] Exception reported: Language phrase "InstaDefuseSuccessful" not found (arg 5)
L 04/12/2022 - 22:40:04: [SM] Blaming: retakes-instadefuse.smx
L 04/12/2022 - 22:40:04: [SM] Call stack trace:
L 04/12/2022 - 22:40:04: [SM]   [0] PrintToChat
L 04/12/2022 - 22:40:04: [SM]   [1] Line 197, plugin.sp::AttemptInstantDefuse
L 04/12/2022 - 22:40:04: [SM]   [2] Line 104, plugin.sp::Event_BombBeginDefusePlusFrame
L 04/12/2022 - 22:40:47: [SM] Exception reported: Language phrase "InstaDefuseSuccessful" not found (arg 5)
L 04/12/2022 - 22:40:47: [SM] Blaming: retakes-instadefuse.smx
L 04/12/2022 - 22:40:47: [SM] Call stack trace:
L 04/12/2022 - 22:40:47: [SM]   [0] PrintToChat
L 04/12/2022 - 22:40:47: [SM]   [1] Line 197, plugin.sp::AttemptInstantDefuse
L 04/12/2022 - 22:40:47: [SM]   [2] Line 104, plugin.sp::Event_BombBeginDefusePlusFrame
L 04/12/2022 - 22:41:34: [SM] Exception reported: Language phrase "InstaDefuseSuccessful" not found (arg 5)
L 04/12/2022 - 22:41:34: [SM] Blaming: retakes-instadefuse.smx
L 04/12/2022 - 22:41:34: [SM] Call stack trace:
L 04/12/2022 - 22:41:34: [SM]   [0] PrintToChat
L 04/12/2022 - 22:41:34: [SM]   [1] Line 197, plugin.sp::AttemptInstantDefuse
L 04/12/2022 - 22:41:34: [SM]   [2] Line 104, plugin.sp::Event_BombBeginDefusePlusFrame
L 04/12/2022 - 22:42:45: [SM] Exception reported: Language phrase "InstaDefuseSuccessful" not found (arg 5)
L 04/12/2022 - 22:42:45: [SM] Blaming: retakes-instadefuse.smx
L 04/12/2022 - 22:42:45: [SM] Call stack trace:
L 04/12/2022 - 22:42:45: [SM]   [0] PrintToChat
L 04/12/2022 - 22:42:45: [SM]   [1] Line 197, plugin.sp::AttemptInstantDefuse
L 04/12/2022 - 22:42:45: [SM]   [2] Line 104, plugin.sp::Event_BombBeginDefusePlusFrame
L 04/12/2022 - 22:43:21: [SM] Exception reported: Language phrase "InstaDefuseSuccessful" not found (arg 5)
L 04/12/2022 - 22:43:21: [SM] Blaming: retakes-instadefuse.smx
L 04/12/2022 - 22:43:21: [SM] Call stack trace:
L 04/12/2022 - 22:43:21: [SM]   [0] PrintToChat
L 04/12/2022 - 22:43:21: [SM]   [1] Line 197, plugin.sp::AttemptInstantDefuse
L 04/12/2022 - 22:43:21: [SM]   [2] Line 104, plugin.sp::Event_BombBeginDefusePlusFrame
L 04/12/2022 - 22:43:39: [SM] Exception reported: Language phrase "InstaDefuseSuccessful" not found (arg 5)
L 04/12/2022 - 22:43:39: [SM] Blaming: retakes-instadefuse.smx
L 04/12/2022 - 22:43:39: [SM] Call stack trace:
L 04/12/2022 - 22:43:39: [SM]   [0] PrintToChat
L 04/12/2022 - 22:43:39: [SM]   [1] Line 197, plugin.sp::AttemptInstantDefuse
L 04/12/2022 - 22:43:39: [SM]   [2] Line 104, plugin.sp::Event_BombBeginDefusePlusFrame
L 04/12/2022 - 22:44:14: [SM] Exception reported: Language phrase "InstaDefuseSuccessful" not found (arg 5)
L 04/12/2022 - 22:44:14: [SM] Blaming: retakes-instadefuse.smx
L 04/12/2022 - 22:44:14: [SM] Call stack trace:
L 04/12/2022 - 22:44:14: [SM]   [0] PrintToChat
L 04/12/2022 - 22:44:14: [SM]   [1] Line 197, plugin.sp::AttemptInstantDefuse
L 04/12/2022 - 22:44:14: [SM]   [2] Line 104, plugin.sp::Event_BombBeginDefusePlusFrame
L 04/12/2022 - 22:45:33: [SM] Exception reported: Language phrase "InstaDefuseSuccessful" not found (arg 5)
L 04/12/2022 - 22:45:33: [SM] Blaming: retakes-instadefuse.smx
L 04/12/2022 - 22:45:33: [SM] Call stack trace:
L 04/12/2022 - 22:45:33: [SM]   [0] PrintToChat
L 04/12/2022 - 22:45:33: [SM]   [1] Line 197, plugin.sp::AttemptInstantDefuse
L 04/12/2022 - 22:45:33: [SM]   [2] Line 104, plugin.sp::Event_BombBeginDefusePlusFrame
