L 01/04/2022 - 20:43:01: SourceMod error session started
L 01/04/2022 - 20:43:01: Info (map "de_mirage") (file "E:\retake\csgoserver\csgo\addons\sourcemod\logs\errors_20220104.log")
L 01/04/2022 - 20:43:01: [SM] Unable to load extension "PhysHooks.ext": Could not find patch signature for symbol: Physics_RunThinkFunctions
L 01/04/2022 - 20:43:04: [SM] Unable to load plugin "bot_inventory.smx": Native "eItems_AreItemsSynced" was not found
L 01/04/2022 - 20:43:04: [SM] Unable to load plugin "bot_stuff.smx": Could not find required plugin "navmesh"
L 01/04/2022 - 20:43:05: [SM] Unable to load plugin "LagCompensation.smx": Required extension "PhysHooks" file("PhysHooks.ext") not running
L 01/04/2022 - 20:43:06: [SM] Fatal error encountered parsing translation file "ranks_matchmaking.phrases.txt"
L 01/04/2022 - 20:43:06: [SM] Error (line 0, column 0): Stream failed to open
L 01/04/2022 - 20:43:06: [SM] Fatal error encountered parsing translation file "instadefuse.phrases.txt"
L 01/04/2022 - 20:43:06: [SM] Error (line 0, column 0): Stream failed to open
L 01/04/2022 - 20:43:26: [SM] Exception reported: Language phrase "Unranked" not found (arg 5)
L 01/04/2022 - 20:43:26: [SM] Blaming: ranks_matchmaking.smx
L 01/04/2022 - 20:43:26: [SM] Call stack trace:
L 01/04/2022 - 20:43:26: [SM]   [0] FormatEx
L 01/04/2022 - 20:43:26: [SM]   [1] Line 174, ranks_matchmaking.sp::GetRanksNames
L 01/04/2022 - 20:43:26: [SM]   [2] Line 169, ranks_matchmaking.sp::OnMapStart
L 01/04/2022 - 20:44:29: SourceMod error session started
L 01/04/2022 - 20:44:29: Info (map "de_mirage") (file "E:\retake\csgoserver\csgo\addons\sourcemod\logs\errors_20220104.log")
L 01/04/2022 - 20:44:29: [SM] Unable to load extension "PhysHooks.ext": Could not find patch signature for symbol: Physics_RunThinkFunctions
L 01/04/2022 - 20:44:29: [SM] Unable to load plugin "bot_inventory.smx": Native "eItems_AreItemsSynced" was not found
L 01/04/2022 - 20:44:29: [SM] Unable to load plugin "bot_stuff.smx": Could not find required plugin "navmesh"
L 01/04/2022 - 20:44:29: [SM] Unable to load plugin "LagCompensation.smx": Required extension "PhysHooks" file("PhysHooks.ext") not running
L 01/04/2022 - 20:44:29: [SM] Fatal error encountered parsing translation file "ranks_matchmaking.phrases.txt"
L 01/04/2022 - 20:44:29: [SM] Error (line 0, column 0): Stream failed to open
L 01/04/2022 - 20:44:29: [SM] Fatal error encountered parsing translation file "instadefuse.phrases.txt"
L 01/04/2022 - 20:44:29: [SM] Error (line 0, column 0): Stream failed to open
L 01/04/2022 - 20:44:32: [SM] Exception reported: Language phrase "Unranked" not found (arg 5)
L 01/04/2022 - 20:44:32: [SM] Blaming: ranks_matchmaking.smx
L 01/04/2022 - 20:44:32: [SM] Call stack trace:
L 01/04/2022 - 20:44:32: [SM]   [0] FormatEx
L 01/04/2022 - 20:44:32: [SM]   [1] Line 174, ranks_matchmaking.sp::GetRanksNames
L 01/04/2022 - 20:44:32: [SM]   [2] Line 169, ranks_matchmaking.sp::OnMapStart
L 01/04/2022 - 20:44:35: Error log file session closed.
L 01/04/2022 - 20:44:35: SourceMod error session started
L 01/04/2022 - 20:44:35: Info (map "de_mirage") (file "E:\retake\csgoserver\csgo\addons\sourcemod\logs\errors_20220104.log")
L 01/04/2022 - 20:44:35: [SM] Fatal error encountered parsing translation file "ranks_matchmaking.phrases.txt"
L 01/04/2022 - 20:44:35: [SM] Error (line 0, column 0): Stream failed to open
L 01/04/2022 - 20:44:35: [SM] Fatal error encountered parsing translation file "instadefuse.phrases.txt"
L 01/04/2022 - 20:44:35: [SM] Error (line 0, column 0): Stream failed to open
L 01/04/2022 - 20:44:36: [SM] Exception reported: Language phrase "Unranked" not found (arg 5)
L 01/04/2022 - 20:44:36: [SM] Blaming: ranks_matchmaking.smx
L 01/04/2022 - 20:44:36: [SM] Call stack trace:
L 01/04/2022 - 20:44:36: [SM]   [0] FormatEx
L 01/04/2022 - 20:44:36: [SM]   [1] Line 174, ranks_matchmaking.sp::GetRanksNames
L 01/04/2022 - 20:44:36: [SM]   [2] Line 169, ranks_matchmaking.sp::OnMapStart
L 01/04/2022 - 20:47:19: [SM] Exception reported: Language phrase "InstaDefuseUnsuccessful" not found (arg 5)
L 01/04/2022 - 20:47:19: [SM] Blaming: retakes-instadefuse.smx
L 01/04/2022 - 20:47:19: [SM] Call stack trace:
L 01/04/2022 - 20:47:19: [SM]   [0] PrintToChat
L 01/04/2022 - 20:47:19: [SM]   [1] Line 143, plugin.sp::AttemptInstantDefuse
L 01/04/2022 - 20:47:19: [SM]   [2] Line 104, plugin.sp::Event_BombBeginDefusePlusFrame
L 01/04/2022 - 20:47:19: [SM] Exception reported: Language phrase "InstaDefuseUnsuccessful" not found (arg 5)
L 01/04/2022 - 20:47:19: [SM] Blaming: retakes-instadefuse.smx
L 01/04/2022 - 20:47:19: [SM] Call stack trace:
L 01/04/2022 - 20:47:19: [SM]   [0] PrintToChat
L 01/04/2022 - 20:47:19: [SM]   [1] Line 143, plugin.sp::AttemptInstantDefuse
L 01/04/2022 - 20:47:19: [SM]   [2] Line 104, plugin.sp::Event_BombBeginDefusePlusFrame
L 01/04/2022 - 20:47:19: [SM] Exception reported: Language phrase "InstaDefuseUnsuccessful" not found (arg 5)
L 01/04/2022 - 20:47:19: [SM] Blaming: retakes-instadefuse.smx
L 01/04/2022 - 20:47:19: [SM] Call stack trace:
L 01/04/2022 - 20:47:19: [SM]   [0] PrintToChat
L 01/04/2022 - 20:47:19: [SM]   [1] Line 143, plugin.sp::AttemptInstantDefuse
L 01/04/2022 - 20:47:19: [SM]   [2] Line 104, plugin.sp::Event_BombBeginDefusePlusFrame
L 01/04/2022 - 20:47:19: [SM] Exception reported: Language phrase "InstaDefuseUnsuccessful" not found (arg 5)
L 01/04/2022 - 20:47:19: [SM] Blaming: retakes-instadefuse.smx
L 01/04/2022 - 20:47:19: [SM] Call stack trace:
L 01/04/2022 - 20:47:19: [SM]   [0] PrintToChat
L 01/04/2022 - 20:47:19: [SM]   [1] Line 143, plugin.sp::AttemptInstantDefuse
L 01/04/2022 - 20:47:19: [SM]   [2] Line 104, plugin.sp::Event_BombBeginDefusePlusFrame
L 01/04/2022 - 20:47:20: [SM] Exception reported: Language phrase "InstaDefuseUnsuccessful" not found (arg 5)
L 01/04/2022 - 20:47:20: [SM] Blaming: retakes-instadefuse.smx
L 01/04/2022 - 20:47:20: [SM] Call stack trace:
L 01/04/2022 - 20:47:20: [SM]   [0] PrintToChat
L 01/04/2022 - 20:47:20: [SM]   [1] Line 143, plugin.sp::AttemptInstantDefuse
L 01/04/2022 - 20:47:20: [SM]   [2] Line 104, plugin.sp::Event_BombBeginDefusePlusFrame
L 01/04/2022 - 20:47:20: [SM] Exception reported: Language phrase "InstaDefuseUnsuccessful" not found (arg 5)
L 01/04/2022 - 20:47:20: [SM] Blaming: retakes-instadefuse.smx
L 01/04/2022 - 20:47:20: [SM] Call stack trace:
L 01/04/2022 - 20:47:20: [SM]   [0] PrintToChat
L 01/04/2022 - 20:47:20: [SM]   [1] Line 143, plugin.sp::AttemptInstantDefuse
L 01/04/2022 - 20:47:20: [SM]   [2] Line 104, plugin.sp::Event_BombBeginDefusePlusFrame
L 01/04/2022 - 20:47:20: [SM] Exception reported: Language phrase "InstaDefuseUnsuccessful" not found (arg 5)
L 01/04/2022 - 20:47:20: [SM] Blaming: retakes-instadefuse.smx
L 01/04/2022 - 20:47:20: [SM] Call stack trace:
L 01/04/2022 - 20:47:20: [SM]   [0] PrintToChat
L 01/04/2022 - 20:47:20: [SM]   [1] Line 143, plugin.sp::AttemptInstantDefuse
L 01/04/2022 - 20:47:20: [SM]   [2] Line 104, plugin.sp::Event_BombBeginDefusePlusFrame
L 01/04/2022 - 20:47:20: [SM] Exception reported: Language phrase "InstaDefuseUnsuccessful" not found (arg 5)
L 01/04/2022 - 20:47:20: [SM] Blaming: retakes-instadefuse.smx
L 01/04/2022 - 20:47:20: [SM] Call stack trace:
L 01/04/2022 - 20:47:20: [SM]   [0] PrintToChat
L 01/04/2022 - 20:47:20: [SM]   [1] Line 143, plugin.sp::AttemptInstantDefuse
L 01/04/2022 - 20:47:20: [SM]   [2] Line 104, plugin.sp::Event_BombBeginDefusePlusFrame
L 01/04/2022 - 20:48:02: [SM] Exception reported: Language phrase "InstaDefuseSuccessful" not found (arg 5)
L 01/04/2022 - 20:48:02: [SM] Blaming: retakes-instadefuse.smx
L 01/04/2022 - 20:48:02: [SM] Call stack trace:
L 01/04/2022 - 20:48:02: [SM]   [0] PrintToChat
L 01/04/2022 - 20:48:02: [SM]   [1] Line 197, plugin.sp::AttemptInstantDefuse
L 01/04/2022 - 20:48:02: [SM]   [2] Line 104, plugin.sp::Event_BombBeginDefusePlusFrame
L 01/04/2022 - 20:48:39: [SM] Exception reported: Language phrase "InstaDefuseSuccessful" not found (arg 5)
L 01/04/2022 - 20:48:39: [SM] Blaming: retakes-instadefuse.smx
L 01/04/2022 - 20:48:39: [SM] Call stack trace:
L 01/04/2022 - 20:48:39: [SM]   [0] PrintToChat
L 01/04/2022 - 20:48:39: [SM]   [1] Line 197, plugin.sp::AttemptInstantDefuse
L 01/04/2022 - 20:48:39: [SM]   [2] Line 104, plugin.sp::Event_BombBeginDefusePlusFrame
L 01/04/2022 - 20:50:39: [SM] Exception reported: Language phrase "InstaDefuseSuccessful" not found (arg 5)
L 01/04/2022 - 20:50:39: [SM] Blaming: retakes-instadefuse.smx
L 01/04/2022 - 20:50:39: [SM] Call stack trace:
L 01/04/2022 - 20:50:39: [SM]   [0] PrintToChat
L 01/04/2022 - 20:50:39: [SM]   [1] Line 197, plugin.sp::AttemptInstantDefuse
L 01/04/2022 - 20:50:39: [SM]   [2] Line 104, plugin.sp::Event_BombBeginDefusePlusFrame
L 01/04/2022 - 20:51:01: [SM] Exception reported: Language phrase "InstaDefuseSuccessful" not found (arg 5)
L 01/04/2022 - 20:51:01: [SM] Blaming: retakes-instadefuse.smx
L 01/04/2022 - 20:51:01: [SM] Call stack trace:
L 01/04/2022 - 20:51:01: [SM]   [0] PrintToChat
L 01/04/2022 - 20:51:01: [SM]   [1] Line 197, plugin.sp::AttemptInstantDefuse
L 01/04/2022 - 20:51:01: [SM]   [2] Line 104, plugin.sp::Event_BombBeginDefusePlusFrame
L 01/04/2022 - 20:51:31: [SM] Exception reported: Language phrase "InstaDefuseSuccessful" not found (arg 5)
L 01/04/2022 - 20:51:31: [SM] Blaming: retakes-instadefuse.smx
L 01/04/2022 - 20:51:31: [SM] Call stack trace:
L 01/04/2022 - 20:51:31: [SM]   [0] PrintToChat
L 01/04/2022 - 20:51:31: [SM]   [1] Line 197, plugin.sp::AttemptInstantDefuse
L 01/04/2022 - 20:51:31: [SM]   [2] Line 104, plugin.sp::Event_BombBeginDefusePlusFrame
L 01/04/2022 - 20:52:07: [SM] Exception reported: Language phrase "InstaDefuseUnsuccessful" not found (arg 5)
L 01/04/2022 - 20:52:07: [SM] Blaming: retakes-instadefuse.smx
L 01/04/2022 - 20:52:07: [SM] Call stack trace:
L 01/04/2022 - 20:52:07: [SM]   [0] PrintToChat
L 01/04/2022 - 20:52:07: [SM]   [1] Line 143, plugin.sp::AttemptInstantDefuse
L 01/04/2022 - 20:52:07: [SM]   [2] Line 104, plugin.sp::Event_BombBeginDefusePlusFrame
L 01/04/2022 - 20:52:07: [SM] Exception reported: Language phrase "InstaDefuseUnsuccessful" not found (arg 5)
L 01/04/2022 - 20:52:07: [SM] Blaming: retakes-instadefuse.smx
L 01/04/2022 - 20:52:07: [SM] Call stack trace:
L 01/04/2022 - 20:52:07: [SM]   [0] PrintToChat
L 01/04/2022 - 20:52:07: [SM]   [1] Line 143, plugin.sp::AttemptInstantDefuse
L 01/04/2022 - 20:52:07: [SM]   [2] Line 104, plugin.sp::Event_BombBeginDefusePlusFrame
L 01/04/2022 - 20:53:38: [SM] Exception reported: Language phrase "InstaDefuseSuccessful" not found (arg 5)
L 01/04/2022 - 20:53:38: [SM] Blaming: retakes-instadefuse.smx
L 01/04/2022 - 20:53:38: [SM] Call stack trace:
L 01/04/2022 - 20:53:38: [SM]   [0] PrintToChat
L 01/04/2022 - 20:53:38: [SM]   [1] Line 197, plugin.sp::AttemptInstantDefuse
L 01/04/2022 - 20:53:38: [SM]   [2] Line 104, plugin.sp::Event_BombBeginDefusePlusFrame
L 01/04/2022 - 20:57:15: [SM] Exception reported: Language phrase "InstaDefuseUnsuccessful" not found (arg 5)
L 01/04/2022 - 20:57:15: [SM] Blaming: retakes-instadefuse.smx
L 01/04/2022 - 20:57:15: [SM] Call stack trace:
L 01/04/2022 - 20:57:15: [SM]   [0] PrintToChat
L 01/04/2022 - 20:57:15: [SM]   [1] Line 143, plugin.sp::AttemptInstantDefuse
L 01/04/2022 - 20:57:15: [SM]   [2] Line 104, plugin.sp::Event_BombBeginDefusePlusFrame
L 01/04/2022 - 20:57:15: [SM] Exception reported: Language phrase "InstaDefuseUnsuccessful" not found (arg 5)
L 01/04/2022 - 20:57:15: [SM] Blaming: retakes-instadefuse.smx
L 01/04/2022 - 20:57:15: [SM] Call stack trace:
L 01/04/2022 - 20:57:15: [SM]   [0] PrintToChat
L 01/04/2022 - 20:57:15: [SM]   [1] Line 143, plugin.sp::AttemptInstantDefuse
L 01/04/2022 - 20:57:15: [SM]   [2] Line 104, plugin.sp::Event_BombBeginDefusePlusFrame
L 01/04/2022 - 20:57:15: [SM] Exception reported: Language phrase "InstaDefuseUnsuccessful" not found (arg 5)
L 01/04/2022 - 20:57:15: [SM] Blaming: retakes-instadefuse.smx
L 01/04/2022 - 20:57:15: [SM] Call stack trace:
L 01/04/2022 - 20:57:15: [SM]   [0] PrintToChat
L 01/04/2022 - 20:57:15: [SM]   [1] Line 143, plugin.sp::AttemptInstantDefuse
L 01/04/2022 - 20:57:15: [SM]   [2] Line 104, plugin.sp::Event_BombBeginDefusePlusFrame
L 01/04/2022 - 20:57:15: [SM] Exception reported: Language phrase "InstaDefuseUnsuccessful" not found (arg 5)
L 01/04/2022 - 20:57:15: [SM] Blaming: retakes-instadefuse.smx
L 01/04/2022 - 20:57:15: [SM] Call stack trace:
L 01/04/2022 - 20:57:15: [SM]   [0] PrintToChat
L 01/04/2022 - 20:57:15: [SM]   [1] Line 143, plugin.sp::AttemptInstantDefuse
L 01/04/2022 - 20:57:15: [SM]   [2] Line 104, plugin.sp::Event_BombBeginDefusePlusFrame
L 01/04/2022 - 20:57:16: [SM] Exception reported: Language phrase "InstaDefuseUnsuccessful" not found (arg 5)
L 01/04/2022 - 20:57:16: [SM] Blaming: retakes-instadefuse.smx
L 01/04/2022 - 20:57:16: [SM] Call stack trace:
L 01/04/2022 - 20:57:16: [SM]   [0] PrintToChat
L 01/04/2022 - 20:57:16: [SM]   [1] Line 143, plugin.sp::AttemptInstantDefuse
L 01/04/2022 - 20:57:16: [SM]   [2] Line 104, plugin.sp::Event_BombBeginDefusePlusFrame
L 01/04/2022 - 20:57:16: [SM] Exception reported: Language phrase "InstaDefuseUnsuccessful" not found (arg 5)
L 01/04/2022 - 20:57:16: [SM] Blaming: retakes-instadefuse.smx
L 01/04/2022 - 20:57:16: [SM] Call stack trace:
L 01/04/2022 - 20:57:16: [SM]   [0] PrintToChat
L 01/04/2022 - 20:57:16: [SM]   [1] Line 143, plugin.sp::AttemptInstantDefuse
L 01/04/2022 - 20:57:16: [SM]   [2] Line 104, plugin.sp::Event_BombBeginDefusePlusFrame
L 01/04/2022 - 20:59:40: [SM] Exception reported: Language phrase "InstaDefuseSuccessful" not found (arg 5)
L 01/04/2022 - 20:59:40: [SM] Blaming: retakes-instadefuse.smx
L 01/04/2022 - 20:59:40: [SM] Call stack trace:
L 01/04/2022 - 20:59:40: [SM]   [0] PrintToChat
L 01/04/2022 - 20:59:40: [SM]   [1] Line 197, plugin.sp::AttemptInstantDefuse
L 01/04/2022 - 20:59:40: [SM]   [2] Line 104, plugin.sp::Event_BombBeginDefusePlusFrame
L 01/04/2022 - 21:02:56: [SM] Exception reported: Language phrase "InstaDefuseSuccessful" not found (arg 5)
L 01/04/2022 - 21:02:56: [SM] Blaming: retakes-instadefuse.smx
L 01/04/2022 - 21:02:56: [SM] Call stack trace:
L 01/04/2022 - 21:02:56: [SM]   [0] PrintToChat
L 01/04/2022 - 21:02:56: [SM]   [1] Line 197, plugin.sp::AttemptInstantDefuse
L 01/04/2022 - 21:02:56: [SM]   [2] Line 104, plugin.sp::Event_BombBeginDefusePlusFrame
L 01/04/2022 - 21:04:04: [SM] Exception reported: Language phrase "InstaDefuseSuccessful" not found (arg 5)
L 01/04/2022 - 21:04:04: [SM] Blaming: retakes-instadefuse.smx
L 01/04/2022 - 21:04:04: [SM] Call stack trace:
L 01/04/2022 - 21:04:04: [SM]   [0] PrintToChat
L 01/04/2022 - 21:04:04: [SM]   [1] Line 197, plugin.sp::AttemptInstantDefuse
L 01/04/2022 - 21:04:04: [SM]   [2] Line 104, plugin.sp::Event_BombBeginDefusePlusFrame
L 01/04/2022 - 21:05:30: [SM] Exception reported: Language phrase "InstaDefuseSuccessful" not found (arg 5)
L 01/04/2022 - 21:05:30: [SM] Blaming: retakes-instadefuse.smx
L 01/04/2022 - 21:05:30: [SM] Call stack trace:
L 01/04/2022 - 21:05:30: [SM]   [0] PrintToChat
L 01/04/2022 - 21:05:30: [SM]   [1] Line 197, plugin.sp::AttemptInstantDefuse
L 01/04/2022 - 21:05:30: [SM]   [2] Line 104, plugin.sp::Event_BombBeginDefusePlusFrame
L 01/04/2022 - 21:06:33: [SM] Exception reported: Language phrase "InstaDefuseUnsuccessful" not found (arg 5)
L 01/04/2022 - 21:06:33: [SM] Blaming: retakes-instadefuse.smx
L 01/04/2022 - 21:06:33: [SM] Call stack trace:
L 01/04/2022 - 21:06:33: [SM]   [0] PrintToChat
L 01/04/2022 - 21:06:33: [SM]   [1] Line 143, plugin.sp::AttemptInstantDefuse
L 01/04/2022 - 21:06:33: [SM]   [2] Line 104, plugin.sp::Event_BombBeginDefusePlusFrame
L 01/04/2022 - 21:06:33: [SM] Exception reported: Language phrase "InstaDefuseUnsuccessful" not found (arg 5)
L 01/04/2022 - 21:06:33: [SM] Blaming: retakes-instadefuse.smx
L 01/04/2022 - 21:06:33: [SM] Call stack trace:
L 01/04/2022 - 21:06:33: [SM]   [0] PrintToChat
L 01/04/2022 - 21:06:33: [SM]   [1] Line 143, plugin.sp::AttemptInstantDefuse
L 01/04/2022 - 21:06:33: [SM]   [2] Line 104, plugin.sp::Event_BombBeginDefusePlusFrame
L 01/04/2022 - 21:07:08: [SM] Exception reported: Language phrase "InstaDefuseSuccessful" not found (arg 5)
L 01/04/2022 - 21:07:08: [SM] Blaming: retakes-instadefuse.smx
L 01/04/2022 - 21:07:08: [SM] Call stack trace:
L 01/04/2022 - 21:07:08: [SM]   [0] PrintToChat
L 01/04/2022 - 21:07:08: [SM]   [1] Line 197, plugin.sp::AttemptInstantDefuse
L 01/04/2022 - 21:07:08: [SM]   [2] Line 104, plugin.sp::Event_BombBeginDefusePlusFrame
L 01/04/2022 - 21:07:26: [SM] Exception reported: Language phrase "InstaDefuseSuccessful" not found (arg 5)
L 01/04/2022 - 21:07:26: [SM] Blaming: retakes-instadefuse.smx
L 01/04/2022 - 21:07:26: [SM] Call stack trace:
L 01/04/2022 - 21:07:26: [SM]   [0] PrintToChat
L 01/04/2022 - 21:07:26: [SM]   [1] Line 197, plugin.sp::AttemptInstantDefuse
L 01/04/2022 - 21:07:26: [SM]   [2] Line 104, plugin.sp::Event_BombBeginDefusePlusFrame
L 01/04/2022 - 21:08:33: [SM] Exception reported: Language phrase "InstaDefuseSuccessful" not found (arg 5)
L 01/04/2022 - 21:08:33: [SM] Blaming: retakes-instadefuse.smx
L 01/04/2022 - 21:08:33: [SM] Call stack trace:
L 01/04/2022 - 21:08:33: [SM]   [0] PrintToChat
L 01/04/2022 - 21:08:33: [SM]   [1] Line 197, plugin.sp::AttemptInstantDefuse
L 01/04/2022 - 21:08:33: [SM]   [2] Line 104, plugin.sp::Event_BombBeginDefusePlusFrame
L 01/04/2022 - 21:08:53: [SM] Exception reported: Language phrase "InstaDefuseSuccessful" not found (arg 5)
L 01/04/2022 - 21:08:53: [SM] Blaming: retakes-instadefuse.smx
L 01/04/2022 - 21:08:53: [SM] Call stack trace:
L 01/04/2022 - 21:08:53: [SM]   [0] PrintToChat
L 01/04/2022 - 21:08:53: [SM]   [1] Line 197, plugin.sp::AttemptInstantDefuse
L 01/04/2022 - 21:08:53: [SM]   [2] Line 104, plugin.sp::Event_BombBeginDefusePlusFrame
L 01/04/2022 - 21:08:57: [SM] Exception reported: Language phrase "InstaDefuseSuccessful" not found (arg 5)
L 01/04/2022 - 21:08:57: [SM] Blaming: retakes-instadefuse.smx
L 01/04/2022 - 21:08:57: [SM] Call stack trace:
L 01/04/2022 - 21:08:57: [SM]   [0] PrintToChat
L 01/04/2022 - 21:08:57: [SM]   [1] Line 197, plugin.sp::AttemptInstantDefuse
L 01/04/2022 - 21:08:57: [SM]   [2] Line 104, plugin.sp::Event_BombBeginDefusePlusFrame
L 01/04/2022 - 21:09:18: [SM] Exception reported: Language phrase "InstaDefuseSuccessful" not found (arg 5)
L 01/04/2022 - 21:09:18: [SM] Blaming: retakes-instadefuse.smx
L 01/04/2022 - 21:09:18: [SM] Call stack trace:
L 01/04/2022 - 21:09:18: [SM]   [0] PrintToChat
L 01/04/2022 - 21:09:18: [SM]   [1] Line 197, plugin.sp::AttemptInstantDefuse
L 01/04/2022 - 21:09:18: [SM]   [2] Line 104, plugin.sp::Event_BombBeginDefusePlusFrame
L 01/04/2022 - 21:09:40: [SM] Exception reported: Language phrase "InstaDefuseSuccessful" not found (arg 5)
L 01/04/2022 - 21:09:40: [SM] Blaming: retakes-instadefuse.smx
L 01/04/2022 - 21:09:40: [SM] Call stack trace:
L 01/04/2022 - 21:09:40: [SM]   [0] PrintToChat
L 01/04/2022 - 21:09:40: [SM]   [1] Line 197, plugin.sp::AttemptInstantDefuse
L 01/04/2022 - 21:09:40: [SM]   [2] Line 104, plugin.sp::Event_BombBeginDefusePlusFrame
L 01/04/2022 - 21:10:07: [SM] Exception reported: Language phrase "InstaDefuseSuccessful" not found (arg 5)
L 01/04/2022 - 21:10:07: [SM] Blaming: retakes-instadefuse.smx
L 01/04/2022 - 21:10:07: [SM] Call stack trace:
L 01/04/2022 - 21:10:07: [SM]   [0] PrintToChat
L 01/04/2022 - 21:10:07: [SM]   [1] Line 197, plugin.sp::AttemptInstantDefuse
L 01/04/2022 - 21:10:07: [SM]   [2] Line 104, plugin.sp::Event_BombBeginDefusePlusFrame
L 01/04/2022 - 21:10:35: [SM] Exception reported: Language phrase "InstaDefuseSuccessful" not found (arg 5)
L 01/04/2022 - 21:10:35: [SM] Blaming: retakes-instadefuse.smx
L 01/04/2022 - 21:10:35: [SM] Call stack trace:
L 01/04/2022 - 21:10:35: [SM]   [0] PrintToChat
L 01/04/2022 - 21:10:35: [SM]   [1] Line 197, plugin.sp::AttemptInstantDefuse
L 01/04/2022 - 21:10:35: [SM]   [2] Line 104, plugin.sp::Event_BombBeginDefusePlusFrame
L 01/04/2022 - 21:10:56: [SM] Exception reported: Language phrase "LiveNadeSomewhere" not found (arg 5)
L 01/04/2022 - 21:10:56: [SM] Blaming: retakes-instadefuse.smx
L 01/04/2022 - 21:10:56: [SM] Call stack trace:
L 01/04/2022 - 21:10:56: [SM]   [0] PrintToChat
L 01/04/2022 - 21:10:56: [SM]   [1] Line 168, plugin.sp::AttemptInstantDefuse
L 01/04/2022 - 21:10:56: [SM]   [2] Line 104, plugin.sp::Event_BombBeginDefusePlusFrame
L 01/04/2022 - 21:11:24: [SM] Exception reported: Language phrase "InstaDefuseSuccessful" not found (arg 5)
L 01/04/2022 - 21:11:24: [SM] Blaming: retakes-instadefuse.smx
L 01/04/2022 - 21:11:24: [SM] Call stack trace:
L 01/04/2022 - 21:11:24: [SM]   [0] PrintToChat
L 01/04/2022 - 21:11:24: [SM]   [1] Line 197, plugin.sp::AttemptInstantDefuse
L 01/04/2022 - 21:11:24: [SM]   [2] Line 104, plugin.sp::Event_BombBeginDefusePlusFrame
