L 07/17/2021 - 00:43:15: SourceMod error session started
L 07/17/2021 - 00:43:15: Info (map "de_dust2") (file "C:\ESLSERVER\csgoserver\csgo\addons\sourcemod\logs\errors_20210717.log")
L 07/17/2021 - 00:43:15: [SM] Unable to load plugin "bot_inventory.smx": Native "eItems_AreItemsSynced" was not found
L 07/17/2021 - 00:43:15: [SM] Unable to load plugin "bot_stuff.smx": Could not find required plugin "navmesh"
L 07/17/2021 - 00:43:16: [SM] Fatal error encountered parsing translation file "ranks_matchmaking.phrases.txt"
L 07/17/2021 - 00:43:16: [SM] Error (line 0, column 0): Stream failed to open
L 07/17/2021 - 00:43:19: [SM] Exception reported: Language phrase "Unranked" not found (arg 5)
L 07/17/2021 - 00:43:19: [SM] Blaming: ranks_matchmaking.smx
L 07/17/2021 - 00:43:19: [SM] Call stack trace:
L 07/17/2021 - 00:43:19: [SM]   [0] FormatEx
L 07/17/2021 - 00:43:19: [SM]   [1] Line 174, ranks_matchmaking.sp::GetRanksNames
L 07/17/2021 - 00:43:19: [SM]   [2] Line 169, ranks_matchmaking.sp::OnMapStart
L 07/17/2021 - 00:43:28: [nextmap.smx] FATAL: Cannot load map cycle. Nextmap not loaded.
L 07/17/2021 - 00:43:28: [SM] Exception reported: Mapcycle Not Found
L 07/17/2021 - 00:43:28: [SM] Blaming: nextmap.smx
L 07/17/2021 - 00:43:29: [SM] Call stack trace:
L 07/17/2021 - 00:43:29: [SM]   [0] SetFailState
L 07/17/2021 - 00:43:29: [SM]   [1] Line 143, D:\builds\build-sourcemod-msvc12\windows-1.11\build\plugins\nextmap.sp::FindAndSetNextMap
L 07/17/2021 - 00:43:29: [SM]   [2] Line 113, D:\builds\build-sourcemod-msvc12\windows-1.11\build\plugins\nextmap.sp::OnConfigsExecuted
L 07/17/2021 - 00:43:32: Error log file session closed.
L 07/17/2021 - 00:43:32: SourceMod error session started
L 07/17/2021 - 00:43:32: Info (map "de_dust2") (file "C:\ESLSERVER\csgoserver\csgo\addons\sourcemod\logs\errors_20210717.log")
L 07/17/2021 - 00:43:32: [SM] Fatal error encountered parsing translation file "ranks_matchmaking.phrases.txt"
L 07/17/2021 - 00:43:32: [SM] Error (line 0, column 0): Stream failed to open
L 07/17/2021 - 00:43:33: [SM] Exception reported: Language phrase "Unranked" not found (arg 5)
L 07/17/2021 - 00:43:33: [SM] Blaming: ranks_matchmaking.smx
L 07/17/2021 - 00:43:33: [SM] Call stack trace:
L 07/17/2021 - 00:43:33: [SM]   [0] FormatEx
L 07/17/2021 - 00:43:33: [SM]   [1] Line 174, ranks_matchmaking.sp::GetRanksNames
L 07/17/2021 - 00:43:33: [SM]   [2] Line 169, ranks_matchmaking.sp::OnMapStart
L 07/17/2021 - 00:43:33: [nextmap.smx] FATAL: Cannot load map cycle. Nextmap not loaded.
L 07/17/2021 - 00:43:33: [SM] Exception reported: Mapcycle Not Found
L 07/17/2021 - 00:43:33: [SM] Blaming: nextmap.smx
L 07/17/2021 - 00:43:33: [SM] Call stack trace:
L 07/17/2021 - 00:43:33: [SM]   [0] SetFailState
L 07/17/2021 - 00:43:33: [SM]   [1] Line 143, D:\builds\build-sourcemod-msvc12\windows-1.11\build\plugins\nextmap.sp::FindAndSetNextMap
L 07/17/2021 - 00:43:33: [SM]   [2] Line 113, D:\builds\build-sourcemod-msvc12\windows-1.11\build\plugins\nextmap.sp::OnConfigsExecuted
L 07/17/2021 - 01:32:49: SourceMod error session started
L 07/17/2021 - 01:32:49: Info (map "de_dust2") (file "C:\ESLSERVER\csgoserver\csgo\addons\sourcemod\logs\errors_20210717.log")
L 07/17/2021 - 01:32:49: [SM] Unable to load plugin "bot_inventory.smx": Native "eItems_AreItemsSynced" was not found
L 07/17/2021 - 01:32:49: [SM] Unable to load plugin "bot_stuff.smx": Could not find required plugin "navmesh"
L 07/17/2021 - 01:32:49: [SM] Fatal error encountered parsing translation file "ranks_matchmaking.phrases.txt"
L 07/17/2021 - 01:32:49: [SM] Error (line 0, column 0): Stream failed to open
L 07/17/2021 - 01:32:51: [SM] Exception reported: Language phrase "Unranked" not found (arg 5)
L 07/17/2021 - 01:32:51: [SM] Blaming: ranks_matchmaking.smx
L 07/17/2021 - 01:32:51: [SM] Call stack trace:
L 07/17/2021 - 01:32:51: [SM]   [0] FormatEx
L 07/17/2021 - 01:32:51: [SM]   [1] Line 174, ranks_matchmaking.sp::GetRanksNames
L 07/17/2021 - 01:32:51: [SM]   [2] Line 169, ranks_matchmaking.sp::OnMapStart
L 07/17/2021 - 01:33:06: [nextmap.smx] FATAL: Cannot load map cycle. Nextmap not loaded.
L 07/17/2021 - 01:33:06: [SM] Exception reported: Mapcycle Not Found
L 07/17/2021 - 01:33:06: [SM] Blaming: nextmap.smx
L 07/17/2021 - 01:33:06: [SM] Call stack trace:
L 07/17/2021 - 01:33:06: [SM]   [0] SetFailState
L 07/17/2021 - 01:33:06: [SM]   [1] Line 143, D:\builds\build-sourcemod-msvc12\windows-1.11\build\plugins\nextmap.sp::FindAndSetNextMap
L 07/17/2021 - 01:33:06: [SM]   [2] Line 113, D:\builds\build-sourcemod-msvc12\windows-1.11\build\plugins\nextmap.sp::OnConfigsExecuted
L 07/17/2021 - 01:33:10: Error log file session closed.
L 07/17/2021 - 01:33:10: SourceMod error session started
L 07/17/2021 - 01:33:10: Info (map "de_dust2") (file "C:\ESLSERVER\csgoserver\csgo\addons\sourcemod\logs\errors_20210717.log")
L 07/17/2021 - 01:33:10: [SM] Fatal error encountered parsing translation file "ranks_matchmaking.phrases.txt"
L 07/17/2021 - 01:33:10: [SM] Error (line 0, column 0): Stream failed to open
L 07/17/2021 - 01:33:10: [SM] Exception reported: Language phrase "Unranked" not found (arg 5)
L 07/17/2021 - 01:33:10: [SM] Blaming: ranks_matchmaking.smx
L 07/17/2021 - 01:33:10: [SM] Call stack trace:
L 07/17/2021 - 01:33:10: [SM]   [0] FormatEx
L 07/17/2021 - 01:33:10: [SM]   [1] Line 174, ranks_matchmaking.sp::GetRanksNames
L 07/17/2021 - 01:33:10: [SM]   [2] Line 169, ranks_matchmaking.sp::OnMapStart
L 07/17/2021 - 01:33:11: [nextmap.smx] FATAL: Cannot load map cycle. Nextmap not loaded.
L 07/17/2021 - 01:33:11: [SM] Exception reported: Mapcycle Not Found
L 07/17/2021 - 01:33:11: [SM] Blaming: nextmap.smx
L 07/17/2021 - 01:33:11: [SM] Call stack trace:
L 07/17/2021 - 01:33:11: [SM]   [0] SetFailState
L 07/17/2021 - 01:33:11: [SM]   [1] Line 143, D:\builds\build-sourcemod-msvc12\windows-1.11\build\plugins\nextmap.sp::FindAndSetNextMap
L 07/17/2021 - 01:33:11: [SM]   [2] Line 113, D:\builds\build-sourcemod-msvc12\windows-1.11\build\plugins\nextmap.sp::OnConfigsExecuted
L 07/17/2021 - 13:45:17: SourceMod error session started
L 07/17/2021 - 13:45:17: Info (map "de_dust2") (file "C:\ESLSERVER\csgoserver\csgo\addons\sourcemod\logs\errors_20210717.log")
L 07/17/2021 - 13:45:17: [SM] Unable to load plugin "bot_inventory.smx": Native "eItems_AreItemsSynced" was not found
L 07/17/2021 - 13:45:17: [SM] Unable to load plugin "bot_stuff.smx": Could not find required plugin "navmesh"
L 07/17/2021 - 13:45:18: [SM] Fatal error encountered parsing translation file "ranks_matchmaking.phrases.txt"
L 07/17/2021 - 13:45:18: [SM] Error (line 0, column 0): Stream failed to open
L 07/17/2021 - 13:45:24: [SM] Exception reported: Language phrase "Unranked" not found (arg 5)
L 07/17/2021 - 13:45:24: [SM] Blaming: ranks_matchmaking.smx
L 07/17/2021 - 13:45:24: [SM] Call stack trace:
L 07/17/2021 - 13:45:24: [SM]   [0] FormatEx
L 07/17/2021 - 13:45:24: [SM]   [1] Line 174, ranks_matchmaking.sp::GetRanksNames
L 07/17/2021 - 13:45:24: [SM]   [2] Line 169, ranks_matchmaking.sp::OnMapStart
L 07/17/2021 - 13:45:32: [nextmap.smx] FATAL: Cannot load map cycle. Nextmap not loaded.
L 07/17/2021 - 13:45:32: [SM] Exception reported: Mapcycle Not Found
L 07/17/2021 - 13:45:32: [SM] Blaming: nextmap.smx
L 07/17/2021 - 13:45:32: [SM] Call stack trace:
L 07/17/2021 - 13:45:32: [SM]   [0] SetFailState
L 07/17/2021 - 13:45:32: [SM]   [1] Line 143, D:\builds\build-sourcemod-msvc12\windows-1.11\build\plugins\nextmap.sp::FindAndSetNextMap
L 07/17/2021 - 13:45:32: [SM]   [2] Line 113, D:\builds\build-sourcemod-msvc12\windows-1.11\build\plugins\nextmap.sp::OnConfigsExecuted
L 07/17/2021 - 13:45:36: Error log file session closed.
L 07/17/2021 - 13:45:36: SourceMod error session started
L 07/17/2021 - 13:45:36: Info (map "de_dust2") (file "C:\ESLSERVER\csgoserver\csgo\addons\sourcemod\logs\errors_20210717.log")
L 07/17/2021 - 13:45:36: [SM] Fatal error encountered parsing translation file "ranks_matchmaking.phrases.txt"
L 07/17/2021 - 13:45:36: [SM] Error (line 0, column 0): Stream failed to open
L 07/17/2021 - 13:45:37: [SM] Exception reported: Language phrase "Unranked" not found (arg 5)
L 07/17/2021 - 13:45:37: [SM] Blaming: ranks_matchmaking.smx
L 07/17/2021 - 13:45:37: [SM] Call stack trace:
L 07/17/2021 - 13:45:37: [SM]   [0] FormatEx
L 07/17/2021 - 13:45:37: [SM]   [1] Line 174, ranks_matchmaking.sp::GetRanksNames
L 07/17/2021 - 13:45:37: [SM]   [2] Line 169, ranks_matchmaking.sp::OnMapStart
L 07/17/2021 - 13:45:37: [nextmap.smx] FATAL: Cannot load map cycle. Nextmap not loaded.
L 07/17/2021 - 13:45:37: [SM] Exception reported: Mapcycle Not Found
L 07/17/2021 - 13:45:37: [SM] Blaming: nextmap.smx
L 07/17/2021 - 13:45:37: [SM] Call stack trace:
L 07/17/2021 - 13:45:37: [SM]   [0] SetFailState
L 07/17/2021 - 13:45:37: [SM]   [1] Line 143, D:\builds\build-sourcemod-msvc12\windows-1.11\build\plugins\nextmap.sp::FindAndSetNextMap
L 07/17/2021 - 13:45:37: [SM]   [2] Line 113, D:\builds\build-sourcemod-msvc12\windows-1.11\build\plugins\nextmap.sp::OnConfigsExecuted
L 07/17/2021 - 13:46:31: Error log file session closed.
L 07/17/2021 - 13:46:31: SourceMod error session started
L 07/17/2021 - 13:46:31: Info (map "de_mirage") (file "C:\ESLSERVER\csgoserver\csgo\addons\sourcemod\logs\errors_20210717.log")
L 07/17/2021 - 13:46:31: [SM] Fatal error encountered parsing translation file "ranks_matchmaking.phrases.txt"
L 07/17/2021 - 13:46:31: [SM] Error (line 0, column 0): Stream failed to open
L 07/17/2021 - 13:46:32: [SM] Exception reported: Language phrase "Unranked" not found (arg 5)
L 07/17/2021 - 13:46:32: [SM] Blaming: ranks_matchmaking.smx
L 07/17/2021 - 13:46:32: [SM] Call stack trace:
L 07/17/2021 - 13:46:32: [SM]   [0] FormatEx
L 07/17/2021 - 13:46:32: [SM]   [1] Line 174, ranks_matchmaking.sp::GetRanksNames
L 07/17/2021 - 13:46:32: [SM]   [2] Line 169, ranks_matchmaking.sp::OnMapStart
L 07/17/2021 - 13:46:33: [nextmap.smx] FATAL: Cannot load map cycle. Nextmap not loaded.
L 07/17/2021 - 13:46:33: [SM] Exception reported: Mapcycle Not Found
L 07/17/2021 - 13:46:33: [SM] Blaming: nextmap.smx
L 07/17/2021 - 13:46:33: [SM] Call stack trace:
L 07/17/2021 - 13:46:33: [SM]   [0] SetFailState
L 07/17/2021 - 13:46:33: [SM]   [1] Line 143, D:\builds\build-sourcemod-msvc12\windows-1.11\build\plugins\nextmap.sp::FindAndSetNextMap
L 07/17/2021 - 13:46:33: [SM]   [2] Line 113, D:\builds\build-sourcemod-msvc12\windows-1.11\build\plugins\nextmap.sp::OnConfigsExecuted
L 07/17/2021 - 15:58:57: SourceMod error session started
L 07/17/2021 - 15:58:57: Info (map "de_dust2") (file "C:\ESLSERVER\csgoserver\csgo\addons\sourcemod\logs\errors_20210717.log")
L 07/17/2021 - 15:58:57: [SM] Unable to load plugin "bot_inventory.smx": Native "eItems_AreItemsSynced" was not found
L 07/17/2021 - 15:58:57: [SM] Unable to load plugin "bot_stuff.smx": Could not find required plugin "navmesh"
L 07/17/2021 - 15:58:57: [SM] Fatal error encountered parsing translation file "ranks_matchmaking.phrases.txt"
L 07/17/2021 - 15:58:57: [SM] Error (line 0, column 0): Stream failed to open
L 07/17/2021 - 15:58:59: [SM] Exception reported: Language phrase "Unranked" not found (arg 5)
L 07/17/2021 - 15:58:59: [SM] Blaming: ranks_matchmaking.smx
L 07/17/2021 - 15:58:59: [SM] Call stack trace:
L 07/17/2021 - 15:58:59: [SM]   [0] FormatEx
L 07/17/2021 - 15:58:59: [SM]   [1] Line 174, ranks_matchmaking.sp::GetRanksNames
L 07/17/2021 - 15:58:59: [SM]   [2] Line 169, ranks_matchmaking.sp::OnMapStart
L 07/17/2021 - 15:59:10: [nextmap.smx] FATAL: Cannot load map cycle. Nextmap not loaded.
L 07/17/2021 - 15:59:10: [SM] Exception reported: Mapcycle Not Found
L 07/17/2021 - 15:59:10: [SM] Blaming: nextmap.smx
L 07/17/2021 - 15:59:10: [SM] Call stack trace:
L 07/17/2021 - 15:59:10: [SM]   [0] SetFailState
L 07/17/2021 - 15:59:10: [SM]   [1] Line 143, D:\builds\build-sourcemod-msvc12\windows-1.11\build\plugins\nextmap.sp::FindAndSetNextMap
L 07/17/2021 - 15:59:10: [SM]   [2] Line 113, D:\builds\build-sourcemod-msvc12\windows-1.11\build\plugins\nextmap.sp::OnConfigsExecuted
L 07/17/2021 - 15:59:14: Error log file session closed.
L 07/17/2021 - 15:59:14: SourceMod error session started
L 07/17/2021 - 15:59:14: Info (map "de_dust2") (file "C:\ESLSERVER\csgoserver\csgo\addons\sourcemod\logs\errors_20210717.log")
L 07/17/2021 - 15:59:14: [SM] Fatal error encountered parsing translation file "ranks_matchmaking.phrases.txt"
L 07/17/2021 - 15:59:14: [SM] Error (line 0, column 0): Stream failed to open
L 07/17/2021 - 15:59:15: [SM] Exception reported: Language phrase "Unranked" not found (arg 5)
L 07/17/2021 - 15:59:15: [SM] Blaming: ranks_matchmaking.smx
L 07/17/2021 - 15:59:15: [SM] Call stack trace:
L 07/17/2021 - 15:59:15: [SM]   [0] FormatEx
L 07/17/2021 - 15:59:15: [SM]   [1] Line 174, ranks_matchmaking.sp::GetRanksNames
L 07/17/2021 - 15:59:15: [SM]   [2] Line 169, ranks_matchmaking.sp::OnMapStart
L 07/17/2021 - 15:59:15: [nextmap.smx] FATAL: Cannot load map cycle. Nextmap not loaded.
L 07/17/2021 - 15:59:15: [SM] Exception reported: Mapcycle Not Found
L 07/17/2021 - 15:59:15: [SM] Blaming: nextmap.smx
L 07/17/2021 - 15:59:15: [SM] Call stack trace:
L 07/17/2021 - 15:59:15: [SM]   [0] SetFailState
L 07/17/2021 - 15:59:15: [SM]   [1] Line 143, D:\builds\build-sourcemod-msvc12\windows-1.11\build\plugins\nextmap.sp::FindAndSetNextMap
L 07/17/2021 - 15:59:15: [SM]   [2] Line 113, D:\builds\build-sourcemod-msvc12\windows-1.11\build\plugins\nextmap.sp::OnConfigsExecuted
L 07/17/2021 - 16:00:39: Error log file session closed.
L 07/17/2021 - 16:00:39: SourceMod error session started
L 07/17/2021 - 16:00:39: Info (map "de_nuke") (file "C:\ESLSERVER\csgoserver\csgo\addons\sourcemod\logs\errors_20210717.log")
L 07/17/2021 - 16:00:39: [SM] Fatal error encountered parsing translation file "ranks_matchmaking.phrases.txt"
L 07/17/2021 - 16:00:39: [SM] Error (line 0, column 0): Stream failed to open
L 07/17/2021 - 16:00:39: [SM] Exception reported: Language phrase "Unranked" not found (arg 5)
L 07/17/2021 - 16:00:39: [SM] Blaming: ranks_matchmaking.smx
L 07/17/2021 - 16:00:39: [SM] Call stack trace:
L 07/17/2021 - 16:00:39: [SM]   [0] FormatEx
L 07/17/2021 - 16:00:39: [SM]   [1] Line 174, ranks_matchmaking.sp::GetRanksNames
L 07/17/2021 - 16:00:39: [SM]   [2] Line 169, ranks_matchmaking.sp::OnMapStart
L 07/17/2021 - 16:00:40: [nextmap.smx] FATAL: Cannot load map cycle. Nextmap not loaded.
L 07/17/2021 - 16:00:40: [SM] Exception reported: Mapcycle Not Found
L 07/17/2021 - 16:00:40: [SM] Blaming: nextmap.smx
L 07/17/2021 - 16:00:40: [SM] Call stack trace:
L 07/17/2021 - 16:00:40: [SM]   [0] SetFailState
L 07/17/2021 - 16:00:40: [SM]   [1] Line 143, D:\builds\build-sourcemod-msvc12\windows-1.11\build\plugins\nextmap.sp::FindAndSetNextMap
L 07/17/2021 - 16:00:40: [SM]   [2] Line 113, D:\builds\build-sourcemod-msvc12\windows-1.11\build\plugins\nextmap.sp::OnConfigsExecuted
L 07/17/2021 - 20:30:27: SourceMod error session started
L 07/17/2021 - 20:30:27: Info (map "de_dust2") (file "C:\ESLSERVER\csgoserver\csgo\addons\sourcemod\logs\errors_20210717.log")
L 07/17/2021 - 20:30:27: [SM] Unable to load plugin "bot_inventory.smx": Native "eItems_AreItemsSynced" was not found
L 07/17/2021 - 20:30:27: [SM] Unable to load plugin "bot_stuff.smx": Could not find required plugin "navmesh"
L 07/17/2021 - 20:30:27: [SM] Fatal error encountered parsing translation file "ranks_matchmaking.phrases.txt"
L 07/17/2021 - 20:30:27: [SM] Error (line 0, column 0): Stream failed to open
L 07/17/2021 - 20:30:31: [SM] Exception reported: Language phrase "Unranked" not found (arg 5)
L 07/17/2021 - 20:30:31: [SM] Blaming: ranks_matchmaking.smx
L 07/17/2021 - 20:30:31: [SM] Call stack trace:
L 07/17/2021 - 20:30:31: [SM]   [0] FormatEx
L 07/17/2021 - 20:30:31: [SM]   [1] Line 174, ranks_matchmaking.sp::GetRanksNames
L 07/17/2021 - 20:30:31: [SM]   [2] Line 169, ranks_matchmaking.sp::OnMapStart
L 07/17/2021 - 20:33:39: [nextmap.smx] FATAL: Cannot load map cycle. Nextmap not loaded.
L 07/17/2021 - 20:33:39: [SM] Exception reported: Mapcycle Not Found
L 07/17/2021 - 20:33:39: [SM] Blaming: nextmap.smx
L 07/17/2021 - 20:33:39: [SM] Call stack trace:
L 07/17/2021 - 20:33:39: [SM]   [0] SetFailState
L 07/17/2021 - 20:33:39: [SM]   [1] Line 143, D:\builds\build-sourcemod-msvc12\windows-1.11\build\plugins\nextmap.sp::FindAndSetNextMap
L 07/17/2021 - 20:33:39: [SM]   [2] Line 113, D:\builds\build-sourcemod-msvc12\windows-1.11\build\plugins\nextmap.sp::OnConfigsExecuted
L 07/17/2021 - 20:33:43: Error log file session closed.
L 07/17/2021 - 20:33:43: SourceMod error session started
L 07/17/2021 - 20:33:43: Info (map "de_dust2") (file "C:\ESLSERVER\csgoserver\csgo\addons\sourcemod\logs\errors_20210717.log")
L 07/17/2021 - 20:33:43: [SM] Fatal error encountered parsing translation file "ranks_matchmaking.phrases.txt"
L 07/17/2021 - 20:33:43: [SM] Error (line 0, column 0): Stream failed to open
L 07/17/2021 - 20:33:44: [SM] Exception reported: Language phrase "Unranked" not found (arg 5)
L 07/17/2021 - 20:33:44: [SM] Blaming: ranks_matchmaking.smx
L 07/17/2021 - 20:33:44: [SM] Call stack trace:
L 07/17/2021 - 20:33:44: [SM]   [0] FormatEx
L 07/17/2021 - 20:33:44: [SM]   [1] Line 174, ranks_matchmaking.sp::GetRanksNames
L 07/17/2021 - 20:33:44: [SM]   [2] Line 169, ranks_matchmaking.sp::OnMapStart
L 07/17/2021 - 20:33:44: [nextmap.smx] FATAL: Cannot load map cycle. Nextmap not loaded.
L 07/17/2021 - 20:33:44: [SM] Exception reported: Mapcycle Not Found
L 07/17/2021 - 20:33:44: [SM] Blaming: nextmap.smx
L 07/17/2021 - 20:33:44: [SM] Call stack trace:
L 07/17/2021 - 20:33:44: [SM]   [0] SetFailState
L 07/17/2021 - 20:33:44: [SM]   [1] Line 143, D:\builds\build-sourcemod-msvc12\windows-1.11\build\plugins\nextmap.sp::FindAndSetNextMap
L 07/17/2021 - 20:33:44: [SM]   [2] Line 113, D:\builds\build-sourcemod-msvc12\windows-1.11\build\plugins\nextmap.sp::OnConfigsExecuted
L 07/17/2021 - 20:34:23: Error log file session closed.
L 07/17/2021 - 20:34:23: SourceMod error session started
L 07/17/2021 - 20:34:23: Info (map "de_overpass") (file "C:\ESLSERVER\csgoserver\csgo\addons\sourcemod\logs\errors_20210717.log")
L 07/17/2021 - 20:34:23: [SM] Fatal error encountered parsing translation file "ranks_matchmaking.phrases.txt"
L 07/17/2021 - 20:34:23: [SM] Error (line 0, column 0): Stream failed to open
L 07/17/2021 - 20:34:24: [SM] Exception reported: Language phrase "Unranked" not found (arg 5)
L 07/17/2021 - 20:34:24: [SM] Blaming: ranks_matchmaking.smx
L 07/17/2021 - 20:34:24: [SM] Call stack trace:
L 07/17/2021 - 20:34:24: [SM]   [0] FormatEx
L 07/17/2021 - 20:34:24: [SM]   [1] Line 174, ranks_matchmaking.sp::GetRanksNames
L 07/17/2021 - 20:34:24: [SM]   [2] Line 169, ranks_matchmaking.sp::OnMapStart
L 07/17/2021 - 20:34:25: [nextmap.smx] FATAL: Cannot load map cycle. Nextmap not loaded.
L 07/17/2021 - 20:34:25: [SM] Exception reported: Mapcycle Not Found
L 07/17/2021 - 20:34:25: [SM] Blaming: nextmap.smx
L 07/17/2021 - 20:34:25: [SM] Call stack trace:
L 07/17/2021 - 20:34:25: [SM]   [0] SetFailState
L 07/17/2021 - 20:34:25: [SM]   [1] Line 143, D:\builds\build-sourcemod-msvc12\windows-1.11\build\plugins\nextmap.sp::FindAndSetNextMap
L 07/17/2021 - 20:34:25: [SM]   [2] Line 113, D:\builds\build-sourcemod-msvc12\windows-1.11\build\plugins\nextmap.sp::OnConfigsExecuted
L 07/17/2021 - 21:12:13: Error log file session closed.
L 07/17/2021 - 21:12:13: SourceMod error session started
L 07/17/2021 - 21:12:13: Info (map "de_nuke") (file "C:\ESLSERVER\csgoserver\csgo\addons\sourcemod\logs\errors_20210717.log")
L 07/17/2021 - 21:12:13: [SM] Fatal error encountered parsing translation file "ranks_matchmaking.phrases.txt"
L 07/17/2021 - 21:12:13: [SM] Error (line 0, column 0): Stream failed to open
L 07/17/2021 - 21:12:14: [SM] Exception reported: Language phrase "Unranked" not found (arg 5)
L 07/17/2021 - 21:12:14: [SM] Blaming: ranks_matchmaking.smx
L 07/17/2021 - 21:12:14: [SM] Call stack trace:
L 07/17/2021 - 21:12:14: [SM]   [0] FormatEx
L 07/17/2021 - 21:12:14: [SM]   [1] Line 174, ranks_matchmaking.sp::GetRanksNames
L 07/17/2021 - 21:12:14: [SM]   [2] Line 169, ranks_matchmaking.sp::OnMapStart
L 07/17/2021 - 21:12:14: [nextmap.smx] FATAL: Cannot load map cycle. Nextmap not loaded.
L 07/17/2021 - 21:12:14: [SM] Exception reported: Mapcycle Not Found
L 07/17/2021 - 21:12:14: [SM] Blaming: nextmap.smx
L 07/17/2021 - 21:12:14: [SM] Call stack trace:
L 07/17/2021 - 21:12:14: [SM]   [0] SetFailState
L 07/17/2021 - 21:12:14: [SM]   [1] Line 143, D:\builds\build-sourcemod-msvc12\windows-1.11\build\plugins\nextmap.sp::FindAndSetNextMap
L 07/17/2021 - 21:12:14: [SM]   [2] Line 113, D:\builds\build-sourcemod-msvc12\windows-1.11\build\plugins\nextmap.sp::OnConfigsExecuted
L 07/17/2021 - 21:48:36: Error log file session closed.
L 07/17/2021 - 21:48:36: SourceMod error session started
L 07/17/2021 - 21:48:36: Info (map "de_nuke") (file "C:\ESLSERVER\csgoserver\csgo\addons\sourcemod\logs\errors_20210717.log")
L 07/17/2021 - 21:48:36: [SM] Fatal error encountered parsing translation file "ranks_matchmaking.phrases.txt"
L 07/17/2021 - 21:48:37: [SM] Error (line 0, column 0): Stream failed to open
L 07/17/2021 - 21:48:37: [SM] Exception reported: Language phrase "Unranked" not found (arg 5)
L 07/17/2021 - 21:48:37: [SM] Blaming: ranks_matchmaking.smx
L 07/17/2021 - 21:48:37: [SM] Call stack trace:
L 07/17/2021 - 21:48:37: [SM]   [0] FormatEx
L 07/17/2021 - 21:48:37: [SM]   [1] Line 174, ranks_matchmaking.sp::GetRanksNames
L 07/17/2021 - 21:48:37: [SM]   [2] Line 169, ranks_matchmaking.sp::OnMapStart
L 07/17/2021 - 21:48:38: [nextmap.smx] FATAL: Cannot load map cycle. Nextmap not loaded.
L 07/17/2021 - 21:48:38: [SM] Exception reported: Mapcycle Not Found
L 07/17/2021 - 21:48:38: [SM] Blaming: nextmap.smx
L 07/17/2021 - 21:48:38: [SM] Call stack trace:
L 07/17/2021 - 21:48:38: [SM]   [0] SetFailState
L 07/17/2021 - 21:48:38: [SM]   [1] Line 143, D:\builds\build-sourcemod-msvc12\windows-1.11\build\plugins\nextmap.sp::FindAndSetNextMap
L 07/17/2021 - 21:48:38: [SM]   [2] Line 113, D:\builds\build-sourcemod-msvc12\windows-1.11\build\plugins\nextmap.sp::OnConfigsExecuted
