L 10/04/2021 - 19:07:51: SourceMod error session started
L 10/04/2021 - 19:07:51: Info (map "de_dust2") (file "E:\retake\csgoserver\csgo\addons\sourcemod\logs\errors_20211004.log")
L 10/04/2021 - 19:07:51: [SM] Unable to load extension "PhysHooks.ext": Could not find patch signature for symbol: Physics_RunThinkFunctions
L 10/04/2021 - 19:07:53: [SM] Exception reported: Failed to create SDKCall for CCSBot::IsAtHidingSpot signature!
L 10/04/2021 - 19:07:53: [SM] Blaming: bot_improver.smx
L 10/04/2021 - 19:07:53: [SM] Call stack trace:
L 10/04/2021 - 19:07:53: [SM]   [0] SetFailState
L 10/04/2021 - 19:07:53: [SM]   [1] Line 116, plugin.sp::OnPluginStart
L 10/04/2021 - 19:07:53: [SM] Unable to load plugin "bot_improver.smx": Error detected in plugin startup (see error logs)
L 10/04/2021 - 19:07:53: [SM] Unable to load plugin "bot_inventory.smx": Native "eItems_AreItemsSynced" was not found
L 10/04/2021 - 19:07:53: [SM] Unable to load plugin "bot_stuff.smx": Could not find required plugin "navmesh"
L 10/04/2021 - 19:07:54: [SM] Unable to load plugin "LagCompensation.smx": Required extension "PhysHooks" file("PhysHooks.ext") not running
L 10/04/2021 - 19:07:55: [SM] Fatal error encountered parsing translation file "ranks_matchmaking.phrases.txt"
L 10/04/2021 - 19:07:55: [SM] Error (line 0, column 0): Stream failed to open
L 10/04/2021 - 19:07:56: [SM] Fatal error encountered parsing translation file "instadefuse.phrases.txt"
L 10/04/2021 - 19:07:56: [SM] Error (line 0, column 0): Stream failed to open
L 10/04/2021 - 19:08:18: [SM] Exception reported: Language phrase "Unranked" not found (arg 5)
L 10/04/2021 - 19:08:18: [SM] Blaming: ranks_matchmaking.smx
L 10/04/2021 - 19:08:18: [SM] Call stack trace:
L 10/04/2021 - 19:08:18: [SM]   [0] FormatEx
L 10/04/2021 - 19:08:18: [SM]   [1] Line 174, ranks_matchmaking.sp::GetRanksNames
L 10/04/2021 - 19:08:18: [SM]   [2] Line 169, ranks_matchmaking.sp::OnMapStart
L 10/04/2021 - 19:08:26: Error log file session closed.
L 10/04/2021 - 19:08:27: SourceMod error session started
L 10/04/2021 - 19:08:27: Info (map "de_dust2") (file "E:\retake\csgoserver\csgo\addons\sourcemod\logs\errors_20211004.log")
L 10/04/2021 - 19:08:27: [SM] Fatal error encountered parsing translation file "ranks_matchmaking.phrases.txt"
L 10/04/2021 - 19:08:27: [SM] Error (line 0, column 0): Stream failed to open
L 10/04/2021 - 19:08:27: [SM] Fatal error encountered parsing translation file "instadefuse.phrases.txt"
L 10/04/2021 - 19:08:27: [SM] Error (line 0, column 0): Stream failed to open
L 10/04/2021 - 19:08:28: [SM] Exception reported: Language phrase "Unranked" not found (arg 5)
L 10/04/2021 - 19:08:28: [SM] Blaming: ranks_matchmaking.smx
L 10/04/2021 - 19:08:28: [SM] Call stack trace:
L 10/04/2021 - 19:08:28: [SM]   [0] FormatEx
L 10/04/2021 - 19:08:28: [SM]   [1] Line 174, ranks_matchmaking.sp::GetRanksNames
L 10/04/2021 - 19:08:28: [SM]   [2] Line 169, ranks_matchmaking.sp::OnMapStart
L 10/04/2021 - 19:09:40: Error log file session closed.
L 10/04/2021 - 19:09:40: SourceMod error session started
L 10/04/2021 - 19:09:40: Info (map "de_Nuke") (file "E:\retake\csgoserver\csgo\addons\sourcemod\logs\errors_20211004.log")
L 10/04/2021 - 19:09:40: [SM] Fatal error encountered parsing translation file "ranks_matchmaking.phrases.txt"
L 10/04/2021 - 19:09:40: [SM] Error (line 0, column 0): Stream failed to open
L 10/04/2021 - 19:09:40: [SM] Fatal error encountered parsing translation file "instadefuse.phrases.txt"
L 10/04/2021 - 19:09:40: [SM] Error (line 0, column 0): Stream failed to open
L 10/04/2021 - 19:09:41: [SM] Exception reported: Language phrase "Unranked" not found (arg 5)
L 10/04/2021 - 19:09:41: [SM] Blaming: ranks_matchmaking.smx
L 10/04/2021 - 19:09:41: [SM] Call stack trace:
L 10/04/2021 - 19:09:41: [SM]   [0] FormatEx
L 10/04/2021 - 19:09:41: [SM]   [1] Line 174, ranks_matchmaking.sp::GetRanksNames
L 10/04/2021 - 19:09:41: [SM]   [2] Line 169, ranks_matchmaking.sp::OnMapStart
L 10/04/2021 - 19:10:49: [SM] Exception reported: Language phrase "InstaDefuseSuccessful" not found (arg 5)
L 10/04/2021 - 19:10:49: [SM] Blaming: retakes-instadefuse.smx
L 10/04/2021 - 19:10:49: [SM] Call stack trace:
L 10/04/2021 - 19:10:49: [SM]   [0] PrintToChat
L 10/04/2021 - 19:10:49: [SM]   [1] Line 197, plugin.sp::AttemptInstantDefuse
L 10/04/2021 - 19:10:49: [SM]   [2] Line 104, plugin.sp::Event_BombBeginDefusePlusFrame
L 10/04/2021 - 19:11:04: [SM] Exception reported: Language phrase "InstaDefuseSuccessful" not found (arg 5)
L 10/04/2021 - 19:11:04: [SM] Blaming: retakes-instadefuse.smx
L 10/04/2021 - 19:11:04: [SM] Call stack trace:
L 10/04/2021 - 19:11:04: [SM]   [0] PrintToChat
L 10/04/2021 - 19:11:04: [SM]   [1] Line 197, plugin.sp::AttemptInstantDefuse
L 10/04/2021 - 19:11:04: [SM]   [2] Line 104, plugin.sp::Event_BombBeginDefusePlusFrame
L 10/04/2021 - 19:11:46: [SM] Exception reported: Language phrase "InstaDefuseSuccessful" not found (arg 5)
L 10/04/2021 - 19:11:46: [SM] Blaming: retakes-instadefuse.smx
L 10/04/2021 - 19:11:46: [SM] Call stack trace:
L 10/04/2021 - 19:11:46: [SM]   [0] PrintToChat
L 10/04/2021 - 19:11:46: [SM]   [1] Line 197, plugin.sp::AttemptInstantDefuse
L 10/04/2021 - 19:11:46: [SM]   [2] Line 104, plugin.sp::Event_BombBeginDefusePlusFrame
L 10/04/2021 - 19:12:02: [SM] Exception reported: Language phrase "InstaDefuseSuccessful" not found (arg 5)
L 10/04/2021 - 19:12:02: [SM] Blaming: retakes-instadefuse.smx
L 10/04/2021 - 19:12:02: [SM] Call stack trace:
L 10/04/2021 - 19:12:02: [SM]   [0] PrintToChat
L 10/04/2021 - 19:12:02: [SM]   [1] Line 197, plugin.sp::AttemptInstantDefuse
L 10/04/2021 - 19:12:02: [SM]   [2] Line 104, plugin.sp::Event_BombBeginDefusePlusFrame
L 10/04/2021 - 19:12:55: [SM] Exception reported: Language phrase "InstaDefuseSuccessful" not found (arg 5)
L 10/04/2021 - 19:12:55: [SM] Blaming: retakes-instadefuse.smx
L 10/04/2021 - 19:12:55: [SM] Call stack trace:
L 10/04/2021 - 19:12:55: [SM]   [0] PrintToChat
L 10/04/2021 - 19:12:55: [SM]   [1] Line 197, plugin.sp::AttemptInstantDefuse
L 10/04/2021 - 19:12:55: [SM]   [2] Line 104, plugin.sp::Event_BombBeginDefusePlusFrame
L 10/04/2021 - 19:13:13: [SM] Exception reported: Language phrase "InstaDefuseSuccessful" not found (arg 5)
L 10/04/2021 - 19:13:13: [SM] Blaming: retakes-instadefuse.smx
L 10/04/2021 - 19:13:13: [SM] Call stack trace:
L 10/04/2021 - 19:13:13: [SM]   [0] PrintToChat
L 10/04/2021 - 19:13:13: [SM]   [1] Line 197, plugin.sp::AttemptInstantDefuse
L 10/04/2021 - 19:13:13: [SM]   [2] Line 104, plugin.sp::Event_BombBeginDefusePlusFrame
L 10/04/2021 - 19:13:48: [SM] Exception reported: Language phrase "InstaDefuseSuccessful" not found (arg 5)
L 10/04/2021 - 19:13:48: [SM] Blaming: retakes-instadefuse.smx
L 10/04/2021 - 19:13:48: [SM] Call stack trace:
L 10/04/2021 - 19:13:48: [SM]   [0] PrintToChat
L 10/04/2021 - 19:13:48: [SM]   [1] Line 197, plugin.sp::AttemptInstantDefuse
L 10/04/2021 - 19:13:48: [SM]   [2] Line 104, plugin.sp::Event_BombBeginDefusePlusFrame
L 10/04/2021 - 19:14:20: [SM] Exception reported: Language phrase "InstaDefuseSuccessful" not found (arg 5)
L 10/04/2021 - 19:14:20: [SM] Blaming: retakes-instadefuse.smx
L 10/04/2021 - 19:14:20: [SM] Call stack trace:
L 10/04/2021 - 19:14:20: [SM]   [0] PrintToChat
L 10/04/2021 - 19:14:20: [SM]   [1] Line 197, plugin.sp::AttemptInstantDefuse
L 10/04/2021 - 19:14:20: [SM]   [2] Line 104, plugin.sp::Event_BombBeginDefusePlusFrame
L 10/04/2021 - 19:14:35: [SM] Exception reported: Language phrase "InstaDefuseSuccessful" not found (arg 5)
L 10/04/2021 - 19:14:35: [SM] Blaming: retakes-instadefuse.smx
L 10/04/2021 - 19:14:35: [SM] Call stack trace:
L 10/04/2021 - 19:14:35: [SM]   [0] PrintToChat
L 10/04/2021 - 19:14:35: [SM]   [1] Line 197, plugin.sp::AttemptInstantDefuse
L 10/04/2021 - 19:14:35: [SM]   [2] Line 104, plugin.sp::Event_BombBeginDefusePlusFrame
L 10/04/2021 - 19:14:35: [SM] Exception reported: Language phrase "InstaDefuseSuccessful" not found (arg 5)
L 10/04/2021 - 19:14:35: [SM] Blaming: retakes-instadefuse.smx
L 10/04/2021 - 19:14:35: [SM] Call stack trace:
L 10/04/2021 - 19:14:35: [SM]   [0] PrintToChat
L 10/04/2021 - 19:14:35: [SM]   [1] Line 197, plugin.sp::AttemptInstantDefuse
L 10/04/2021 - 19:14:35: [SM]   [2] Line 104, plugin.sp::Event_BombBeginDefusePlusFrame
L 10/04/2021 - 19:14:36: [SM] Exception reported: Language phrase "InstaDefuseSuccessful" not found (arg 5)
L 10/04/2021 - 19:14:36: [SM] Blaming: retakes-instadefuse.smx
L 10/04/2021 - 19:14:36: [SM] Call stack trace:
L 10/04/2021 - 19:14:36: [SM]   [0] PrintToChat
L 10/04/2021 - 19:14:36: [SM]   [1] Line 197, plugin.sp::AttemptInstantDefuse
L 10/04/2021 - 19:14:36: [SM]   [2] Line 104, plugin.sp::Event_BombBeginDefusePlusFrame
L 10/04/2021 - 19:15:42: [SM] Exception reported: Language phrase "InstaDefuseSuccessful" not found (arg 5)
L 10/04/2021 - 19:15:42: [SM] Blaming: retakes-instadefuse.smx
L 10/04/2021 - 19:15:42: [SM] Call stack trace:
L 10/04/2021 - 19:15:42: [SM]   [0] PrintToChat
L 10/04/2021 - 19:15:42: [SM]   [1] Line 197, plugin.sp::AttemptInstantDefuse
L 10/04/2021 - 19:15:42: [SM]   [2] Line 104, plugin.sp::Event_BombBeginDefusePlusFrame
L 10/04/2021 - 19:16:29: [SM] Exception reported: Language phrase "InstaDefuseSuccessful" not found (arg 5)
L 10/04/2021 - 19:16:29: [SM] Blaming: retakes-instadefuse.smx
L 10/04/2021 - 19:16:29: [SM] Call stack trace:
L 10/04/2021 - 19:16:29: [SM]   [0] PrintToChat
L 10/04/2021 - 19:16:29: [SM]   [1] Line 197, plugin.sp::AttemptInstantDefuse
L 10/04/2021 - 19:16:29: [SM]   [2] Line 104, plugin.sp::Event_BombBeginDefusePlusFrame
L 10/04/2021 - 19:16:56: [SM] Exception reported: Language phrase "InstaDefuseSuccessful" not found (arg 5)
L 10/04/2021 - 19:16:56: [SM] Blaming: retakes-instadefuse.smx
L 10/04/2021 - 19:16:56: [SM] Call stack trace:
L 10/04/2021 - 19:16:56: [SM]   [0] PrintToChat
L 10/04/2021 - 19:16:56: [SM]   [1] Line 197, plugin.sp::AttemptInstantDefuse
L 10/04/2021 - 19:16:56: [SM]   [2] Line 104, plugin.sp::Event_BombBeginDefusePlusFrame
L 10/04/2021 - 19:18:50: [SM] Exception reported: Language phrase "InstaDefuseSuccessful" not found (arg 5)
L 10/04/2021 - 19:18:50: [SM] Blaming: retakes-instadefuse.smx
L 10/04/2021 - 19:18:50: [SM] Call stack trace:
L 10/04/2021 - 19:18:50: [SM]   [0] PrintToChat
L 10/04/2021 - 19:18:50: [SM]   [1] Line 197, plugin.sp::AttemptInstantDefuse
L 10/04/2021 - 19:18:50: [SM]   [2] Line 104, plugin.sp::Event_BombBeginDefusePlusFrame
L 10/04/2021 - 19:19:20: [SM] Exception reported: Language phrase "InstaDefuseSuccessful" not found (arg 5)
L 10/04/2021 - 19:19:20: [SM] Blaming: retakes-instadefuse.smx
L 10/04/2021 - 19:19:20: [SM] Call stack trace:
L 10/04/2021 - 19:19:20: [SM]   [0] PrintToChat
L 10/04/2021 - 19:19:20: [SM]   [1] Line 197, plugin.sp::AttemptInstantDefuse
L 10/04/2021 - 19:19:20: [SM]   [2] Line 104, plugin.sp::Event_BombBeginDefusePlusFrame
L 10/04/2021 - 19:20:08: [SM] Exception reported: Language phrase "InstaDefuseSuccessful" not found (arg 5)
L 10/04/2021 - 19:20:08: [SM] Blaming: retakes-instadefuse.smx
L 10/04/2021 - 19:20:08: [SM] Call stack trace:
L 10/04/2021 - 19:20:08: [SM]   [0] PrintToChat
L 10/04/2021 - 19:20:08: [SM]   [1] Line 197, plugin.sp::AttemptInstantDefuse
L 10/04/2021 - 19:20:08: [SM]   [2] Line 104, plugin.sp::Event_BombBeginDefusePlusFrame
L 10/04/2021 - 19:20:47: [SM] Exception reported: Language phrase "InstaDefuseSuccessful" not found (arg 5)
L 10/04/2021 - 19:20:47: [SM] Blaming: retakes-instadefuse.smx
L 10/04/2021 - 19:20:47: [SM] Call stack trace:
L 10/04/2021 - 19:20:47: [SM]   [0] PrintToChat
L 10/04/2021 - 19:20:47: [SM]   [1] Line 197, plugin.sp::AttemptInstantDefuse
L 10/04/2021 - 19:20:47: [SM]   [2] Line 104, plugin.sp::Event_BombBeginDefusePlusFrame
L 10/04/2021 - 19:22:36: [SM] Exception reported: Language phrase "InstaDefuseSuccessful" not found (arg 5)
L 10/04/2021 - 19:22:36: [SM] Blaming: retakes-instadefuse.smx
L 10/04/2021 - 19:22:36: [SM] Call stack trace:
L 10/04/2021 - 19:22:36: [SM]   [0] PrintToChat
L 10/04/2021 - 19:22:37: [SM]   [1] Line 197, plugin.sp::AttemptInstantDefuse
L 10/04/2021 - 19:22:37: [SM]   [2] Line 104, plugin.sp::Event_BombBeginDefusePlusFrame
L 10/04/2021 - 19:22:56: [SM] Exception reported: Language phrase "InstaDefuseSuccessful" not found (arg 5)
L 10/04/2021 - 19:22:56: [SM] Blaming: retakes-instadefuse.smx
L 10/04/2021 - 19:22:56: [SM] Call stack trace:
L 10/04/2021 - 19:22:56: [SM]   [0] PrintToChat
L 10/04/2021 - 19:22:56: [SM]   [1] Line 197, plugin.sp::AttemptInstantDefuse
L 10/04/2021 - 19:22:56: [SM]   [2] Line 104, plugin.sp::Event_BombBeginDefusePlusFrame
L 10/04/2021 - 19:24:18: [SM] Exception reported: Language phrase "InstaDefuseUnsuccessful" not found (arg 5)
L 10/04/2021 - 19:24:18: [SM] Blaming: retakes-instadefuse.smx
L 10/04/2021 - 19:24:18: [SM] Call stack trace:
L 10/04/2021 - 19:24:18: [SM]   [0] PrintToChat
L 10/04/2021 - 19:24:18: [SM]   [1] Line 143, plugin.sp::AttemptInstantDefuse
L 10/04/2021 - 19:24:18: [SM]   [2] Line 104, plugin.sp::Event_BombBeginDefusePlusFrame
L 10/04/2021 - 19:24:19: [SM] Exception reported: Language phrase "InstaDefuseUnsuccessful" not found (arg 5)
L 10/04/2021 - 19:24:19: [SM] Blaming: retakes-instadefuse.smx
L 10/04/2021 - 19:24:19: [SM] Call stack trace:
L 10/04/2021 - 19:24:19: [SM]   [0] PrintToChat
L 10/04/2021 - 19:24:19: [SM]   [1] Line 143, plugin.sp::AttemptInstantDefuse
L 10/04/2021 - 19:24:19: [SM]   [2] Line 104, plugin.sp::Event_BombBeginDefusePlusFrame
L 10/04/2021 - 19:24:19: [SM] Exception reported: Language phrase "InstaDefuseUnsuccessful" not found (arg 5)
L 10/04/2021 - 19:24:19: [SM] Blaming: retakes-instadefuse.smx
L 10/04/2021 - 19:24:19: [SM] Call stack trace:
L 10/04/2021 - 19:24:19: [SM]   [0] PrintToChat
L 10/04/2021 - 19:24:19: [SM]   [1] Line 143, plugin.sp::AttemptInstantDefuse
L 10/04/2021 - 19:24:19: [SM]   [2] Line 104, plugin.sp::Event_BombBeginDefusePlusFrame
L 10/04/2021 - 19:25:44: [SM] Exception reported: Language phrase "InstaDefuseUnsuccessful" not found (arg 5)
L 10/04/2021 - 19:25:44: [SM] Blaming: retakes-instadefuse.smx
L 10/04/2021 - 19:25:44: [SM] Call stack trace:
L 10/04/2021 - 19:25:44: [SM]   [0] PrintToChat
L 10/04/2021 - 19:25:44: [SM]   [1] Line 143, plugin.sp::AttemptInstantDefuse
L 10/04/2021 - 19:25:44: [SM]   [2] Line 104, plugin.sp::Event_BombBeginDefusePlusFrame
L 10/04/2021 - 19:25:44: [SM] Exception reported: Language phrase "InstaDefuseUnsuccessful" not found (arg 5)
L 10/04/2021 - 19:25:44: [SM] Blaming: retakes-instadefuse.smx
L 10/04/2021 - 19:25:44: [SM] Call stack trace:
L 10/04/2021 - 19:25:44: [SM]   [0] PrintToChat
L 10/04/2021 - 19:25:44: [SM]   [1] Line 143, plugin.sp::AttemptInstantDefuse
L 10/04/2021 - 19:25:44: [SM]   [2] Line 104, plugin.sp::Event_BombBeginDefusePlusFrame
L 10/04/2021 - 19:25:44: [SM] Exception reported: Language phrase "InstaDefuseUnsuccessful" not found (arg 5)
L 10/04/2021 - 19:25:44: [SM] Blaming: retakes-instadefuse.smx
L 10/04/2021 - 19:25:44: [SM] Call stack trace:
L 10/04/2021 - 19:25:44: [SM]   [0] PrintToChat
L 10/04/2021 - 19:25:44: [SM]   [1] Line 143, plugin.sp::AttemptInstantDefuse
L 10/04/2021 - 19:25:44: [SM]   [2] Line 104, plugin.sp::Event_BombBeginDefusePlusFrame
L 10/04/2021 - 19:25:44: [SM] Exception reported: Language phrase "InstaDefuseUnsuccessful" not found (arg 5)
L 10/04/2021 - 19:25:44: [SM] Blaming: retakes-instadefuse.smx
L 10/04/2021 - 19:25:44: [SM] Call stack trace:
L 10/04/2021 - 19:25:44: [SM]   [0] PrintToChat
L 10/04/2021 - 19:25:44: [SM]   [1] Line 143, plugin.sp::AttemptInstantDefuse
L 10/04/2021 - 19:25:45: [SM]   [2] Line 104, plugin.sp::Event_BombBeginDefusePlusFrame
L 10/04/2021 - 19:25:45: [SM] Exception reported: Language phrase "InstaDefuseUnsuccessful" not found (arg 5)
L 10/04/2021 - 19:25:45: [SM] Blaming: retakes-instadefuse.smx
L 10/04/2021 - 19:25:45: [SM] Call stack trace:
L 10/04/2021 - 19:25:45: [SM]   [0] PrintToChat
L 10/04/2021 - 19:25:45: [SM]   [1] Line 143, plugin.sp::AttemptInstantDefuse
L 10/04/2021 - 19:25:45: [SM]   [2] Line 104, plugin.sp::Event_BombBeginDefusePlusFrame
L 10/04/2021 - 19:25:45: [SM] Exception reported: Language phrase "InstaDefuseUnsuccessful" not found (arg 5)
L 10/04/2021 - 19:25:45: [SM] Blaming: retakes-instadefuse.smx
L 10/04/2021 - 19:25:45: [SM] Call stack trace:
L 10/04/2021 - 19:25:45: [SM]   [0] PrintToChat
L 10/04/2021 - 19:25:45: [SM]   [1] Line 143, plugin.sp::AttemptInstantDefuse
L 10/04/2021 - 19:25:45: [SM]   [2] Line 104, plugin.sp::Event_BombBeginDefusePlusFrame
L 10/04/2021 - 19:25:45: [SM] Exception reported: Language phrase "InstaDefuseUnsuccessful" not found (arg 5)
L 10/04/2021 - 19:25:45: [SM] Blaming: retakes-instadefuse.smx
L 10/04/2021 - 19:25:45: [SM] Call stack trace:
L 10/04/2021 - 19:25:45: [SM]   [0] PrintToChat
L 10/04/2021 - 19:25:45: [SM]   [1] Line 143, plugin.sp::AttemptInstantDefuse
L 10/04/2021 - 19:25:45: [SM]   [2] Line 104, plugin.sp::Event_BombBeginDefusePlusFrame
L 10/04/2021 - 19:27:49: [SM] Exception reported: Language phrase "InstaDefuseSuccessful" not found (arg 5)
L 10/04/2021 - 19:27:49: [SM] Blaming: retakes-instadefuse.smx
L 10/04/2021 - 19:27:49: [SM] Call stack trace:
L 10/04/2021 - 19:27:49: [SM]   [0] PrintToChat
L 10/04/2021 - 19:27:49: [SM]   [1] Line 197, plugin.sp::AttemptInstantDefuse
L 10/04/2021 - 19:27:49: [SM]   [2] Line 104, plugin.sp::Event_BombBeginDefusePlusFrame
L 10/04/2021 - 19:30:25: [SM] Exception reported: Language phrase "InstaDefuseSuccessful" not found (arg 5)
L 10/04/2021 - 19:30:25: [SM] Blaming: retakes-instadefuse.smx
L 10/04/2021 - 19:30:25: [SM] Call stack trace:
L 10/04/2021 - 19:30:25: [SM]   [0] PrintToChat
L 10/04/2021 - 19:30:25: [SM]   [1] Line 197, plugin.sp::AttemptInstantDefuse
L 10/04/2021 - 19:30:25: [SM]   [2] Line 104, plugin.sp::Event_BombBeginDefusePlusFrame
L 10/04/2021 - 19:31:15: [SM] Exception reported: Language phrase "InstaDefuseSuccessful" not found (arg 5)
L 10/04/2021 - 19:31:15: [SM] Blaming: retakes-instadefuse.smx
L 10/04/2021 - 19:31:15: [SM] Call stack trace:
L 10/04/2021 - 19:31:15: [SM]   [0] PrintToChat
L 10/04/2021 - 19:31:15: [SM]   [1] Line 197, plugin.sp::AttemptInstantDefuse
L 10/04/2021 - 19:31:15: [SM]   [2] Line 104, plugin.sp::Event_BombBeginDefusePlusFrame
L 10/04/2021 - 19:32:31: [SM] Exception reported: Language phrase "InstaDefuseSuccessful" not found (arg 5)
L 10/04/2021 - 19:32:31: [SM] Blaming: retakes-instadefuse.smx
L 10/04/2021 - 19:32:31: [SM] Call stack trace:
L 10/04/2021 - 19:32:31: [SM]   [0] PrintToChat
L 10/04/2021 - 19:32:31: [SM]   [1] Line 197, plugin.sp::AttemptInstantDefuse
L 10/04/2021 - 19:32:31: [SM]   [2] Line 104, plugin.sp::Event_BombBeginDefusePlusFrame
L 10/04/2021 - 19:32:33: [SM] Exception reported: Language phrase "InstaDefuseSuccessful" not found (arg 5)
L 10/04/2021 - 19:32:33: [SM] Blaming: retakes-instadefuse.smx
L 10/04/2021 - 19:32:33: [SM] Call stack trace:
L 10/04/2021 - 19:32:33: [SM]   [0] PrintToChat
L 10/04/2021 - 19:32:33: [SM]   [1] Line 197, plugin.sp::AttemptInstantDefuse
L 10/04/2021 - 19:32:33: [SM]   [2] Line 104, plugin.sp::Event_BombBeginDefusePlusFrame
L 10/04/2021 - 19:32:55: [SM] Exception reported: Language phrase "InstaDefuseSuccessful" not found (arg 5)
L 10/04/2021 - 19:32:55: [SM] Blaming: retakes-instadefuse.smx
L 10/04/2021 - 19:32:55: [SM] Call stack trace:
L 10/04/2021 - 19:32:55: [SM]   [0] PrintToChat
L 10/04/2021 - 19:32:55: [SM]   [1] Line 197, plugin.sp::AttemptInstantDefuse
L 10/04/2021 - 19:32:55: [SM]   [2] Line 104, plugin.sp::Event_BombBeginDefusePlusFrame
L 10/04/2021 - 19:34:14: [SM] Exception reported: Language phrase "InstaDefuseSuccessful" not found (arg 5)
L 10/04/2021 - 19:34:14: [SM] Blaming: retakes-instadefuse.smx
L 10/04/2021 - 19:34:14: [SM] Call stack trace:
L 10/04/2021 - 19:34:14: [SM]   [0] PrintToChat
L 10/04/2021 - 19:34:14: [SM]   [1] Line 197, plugin.sp::AttemptInstantDefuse
L 10/04/2021 - 19:34:14: [SM]   [2] Line 104, plugin.sp::Event_BombBeginDefusePlusFrame
L 10/04/2021 - 19:34:38: [SM] Exception reported: Language phrase "InstaDefuseSuccessful" not found (arg 5)
L 10/04/2021 - 19:34:38: [SM] Blaming: retakes-instadefuse.smx
L 10/04/2021 - 19:34:38: [SM] Call stack trace:
L 10/04/2021 - 19:34:38: [SM]   [0] PrintToChat
L 10/04/2021 - 19:34:38: [SM]   [1] Line 197, plugin.sp::AttemptInstantDefuse
L 10/04/2021 - 19:34:38: [SM]   [2] Line 104, plugin.sp::Event_BombBeginDefusePlusFrame
L 10/04/2021 - 19:35:29: [SM] Exception reported: Language phrase "InstaDefuseSuccessful" not found (arg 5)
L 10/04/2021 - 19:35:29: [SM] Blaming: retakes-instadefuse.smx
L 10/04/2021 - 19:35:29: [SM] Call stack trace:
L 10/04/2021 - 19:35:29: [SM]   [0] PrintToChat
L 10/04/2021 - 19:35:29: [SM]   [1] Line 197, plugin.sp::AttemptInstantDefuse
L 10/04/2021 - 19:35:29: [SM]   [2] Line 104, plugin.sp::Event_BombBeginDefusePlusFrame
L 10/04/2021 - 19:35:58: [SM] Exception reported: Language phrase "InstaDefuseSuccessful" not found (arg 5)
L 10/04/2021 - 19:35:58: [SM] Blaming: retakes-instadefuse.smx
L 10/04/2021 - 19:35:58: [SM] Call stack trace:
L 10/04/2021 - 19:35:58: [SM]   [0] PrintToChat
L 10/04/2021 - 19:35:58: [SM]   [1] Line 197, plugin.sp::AttemptInstantDefuse
L 10/04/2021 - 19:35:58: [SM]   [2] Line 104, plugin.sp::Event_BombBeginDefusePlusFrame
L 10/04/2021 - 19:36:55: [SM] Exception reported: Language phrase "InstaDefuseSuccessful" not found (arg 5)
L 10/04/2021 - 19:36:55: [SM] Blaming: retakes-instadefuse.smx
L 10/04/2021 - 19:36:55: [SM] Call stack trace:
L 10/04/2021 - 19:36:55: [SM]   [0] PrintToChat
L 10/04/2021 - 19:36:55: [SM]   [1] Line 197, plugin.sp::AttemptInstantDefuse
L 10/04/2021 - 19:36:55: [SM]   [2] Line 104, plugin.sp::Event_BombBeginDefusePlusFrame
L 10/04/2021 - 19:36:56: [SM] Exception reported: Language phrase "InstaDefuseSuccessful" not found (arg 5)
L 10/04/2021 - 19:36:56: [SM] Blaming: retakes-instadefuse.smx
L 10/04/2021 - 19:36:56: [SM] Call stack trace:
L 10/04/2021 - 19:36:56: [SM]   [0] PrintToChat
L 10/04/2021 - 19:36:56: [SM]   [1] Line 197, plugin.sp::AttemptInstantDefuse
L 10/04/2021 - 19:36:56: [SM]   [2] Line 104, plugin.sp::Event_BombBeginDefusePlusFrame
L 10/04/2021 - 19:40:06: [SM] Exception reported: Language phrase "InstaDefuseSuccessful" not found (arg 5)
L 10/04/2021 - 19:40:06: [SM] Blaming: retakes-instadefuse.smx
L 10/04/2021 - 19:40:06: [SM] Call stack trace:
L 10/04/2021 - 19:40:06: [SM]   [0] PrintToChat
L 10/04/2021 - 19:40:06: [SM]   [1] Line 197, plugin.sp::AttemptInstantDefuse
L 10/04/2021 - 19:40:06: [SM]   [2] Line 104, plugin.sp::Event_BombBeginDefusePlusFrame
L 10/04/2021 - 19:40:26: [SM] Exception reported: Language phrase "InstaDefuseSuccessful" not found (arg 5)
L 10/04/2021 - 19:40:26: [SM] Blaming: retakes-instadefuse.smx
L 10/04/2021 - 19:40:26: [SM] Call stack trace:
L 10/04/2021 - 19:40:26: [SM]   [0] PrintToChat
L 10/04/2021 - 19:40:26: [SM]   [1] Line 197, plugin.sp::AttemptInstantDefuse
L 10/04/2021 - 19:40:26: [SM]   [2] Line 104, plugin.sp::Event_BombBeginDefusePlusFrame
L 10/04/2021 - 19:40:41: [SM] Exception reported: Language phrase "InstaDefuseSuccessful" not found (arg 5)
L 10/04/2021 - 19:40:41: [SM] Blaming: retakes-instadefuse.smx
L 10/04/2021 - 19:40:41: [SM] Call stack trace:
L 10/04/2021 - 19:40:41: [SM]   [0] PrintToChat
L 10/04/2021 - 19:40:41: [SM]   [1] Line 197, plugin.sp::AttemptInstantDefuse
L 10/04/2021 - 19:40:41: [SM]   [2] Line 104, plugin.sp::Event_BombBeginDefusePlusFrame
L 10/04/2021 - 19:41:10: [SM] Exception reported: Language phrase "InstaDefuseSuccessful" not found (arg 5)
L 10/04/2021 - 19:41:10: [SM] Blaming: retakes-instadefuse.smx
L 10/04/2021 - 19:41:10: [SM] Call stack trace:
L 10/04/2021 - 19:41:10: [SM]   [0] PrintToChat
L 10/04/2021 - 19:41:10: [SM]   [1] Line 197, plugin.sp::AttemptInstantDefuse
L 10/04/2021 - 19:41:10: [SM]   [2] Line 104, plugin.sp::Event_BombBeginDefusePlusFrame
L 10/04/2021 - 19:41:12: [SM] Exception reported: Language phrase "InstaDefuseSuccessful" not found (arg 5)
L 10/04/2021 - 19:41:12: [SM] Blaming: retakes-instadefuse.smx
L 10/04/2021 - 19:41:12: [SM] Call stack trace:
L 10/04/2021 - 19:41:12: [SM]   [0] PrintToChat
L 10/04/2021 - 19:41:12: [SM]   [1] Line 197, plugin.sp::AttemptInstantDefuse
L 10/04/2021 - 19:41:12: [SM]   [2] Line 104, plugin.sp::Event_BombBeginDefusePlusFrame
L 10/04/2021 - 19:43:33: [SM] Exception reported: Language phrase "InstaDefuseSuccessful" not found (arg 5)
L 10/04/2021 - 19:43:33: [SM] Blaming: retakes-instadefuse.smx
L 10/04/2021 - 19:43:33: [SM] Call stack trace:
L 10/04/2021 - 19:43:33: [SM]   [0] PrintToChat
L 10/04/2021 - 19:43:33: [SM]   [1] Line 197, plugin.sp::AttemptInstantDefuse
L 10/04/2021 - 19:43:33: [SM]   [2] Line 104, plugin.sp::Event_BombBeginDefusePlusFrame
L 10/04/2021 - 19:44:21: [SM] Exception reported: Language phrase "InstaDefuseSuccessful" not found (arg 5)
L 10/04/2021 - 19:44:21: [SM] Blaming: retakes-instadefuse.smx
L 10/04/2021 - 19:44:21: [SM] Call stack trace:
L 10/04/2021 - 19:44:21: [SM]   [0] PrintToChat
L 10/04/2021 - 19:44:21: [SM]   [1] Line 197, plugin.sp::AttemptInstantDefuse
L 10/04/2021 - 19:44:21: [SM]   [2] Line 104, plugin.sp::Event_BombBeginDefusePlusFrame
L 10/04/2021 - 19:45:34: [SM] Exception reported: Language phrase "InstaDefuseSuccessful" not found (arg 5)
L 10/04/2021 - 19:45:34: [SM] Blaming: retakes-instadefuse.smx
L 10/04/2021 - 19:45:34: [SM] Call stack trace:
L 10/04/2021 - 19:45:34: [SM]   [0] PrintToChat
L 10/04/2021 - 19:45:34: [SM]   [1] Line 197, plugin.sp::AttemptInstantDefuse
L 10/04/2021 - 19:45:34: [SM]   [2] Line 104, plugin.sp::Event_BombBeginDefusePlusFrame
L 10/04/2021 - 19:46:53: [SM] Exception reported: Language phrase "InstaDefuseSuccessful" not found (arg 5)
L 10/04/2021 - 19:46:53: [SM] Blaming: retakes-instadefuse.smx
L 10/04/2021 - 19:46:53: [SM] Call stack trace:
L 10/04/2021 - 19:46:53: [SM]   [0] PrintToChat
L 10/04/2021 - 19:46:53: [SM]   [1] Line 197, plugin.sp::AttemptInstantDefuse
L 10/04/2021 - 19:46:53: [SM]   [2] Line 104, plugin.sp::Event_BombBeginDefusePlusFrame
L 10/04/2021 - 19:48:31: [SM] Exception reported: Language phrase "InstaDefuseSuccessful" not found (arg 5)
L 10/04/2021 - 19:48:31: [SM] Blaming: retakes-instadefuse.smx
L 10/04/2021 - 19:48:31: [SM] Call stack trace:
L 10/04/2021 - 19:48:31: [SM]   [0] PrintToChat
L 10/04/2021 - 19:48:31: [SM]   [1] Line 197, plugin.sp::AttemptInstantDefuse
L 10/04/2021 - 19:48:31: [SM]   [2] Line 104, plugin.sp::Event_BombBeginDefusePlusFrame
