L 08/08/2021 - 22:11:28: SourceMod error session started
L 08/08/2021 - 22:11:28: Info (map "de_dust2") (file "E:\retake\csgoserver\csgo\addons\sourcemod\logs\errors_20210808.log")
L 08/08/2021 - 22:11:28: [SM] Unable to load plugin "bot_inventory.smx": Native "eItems_AreItemsSynced" was not found
L 08/08/2021 - 22:11:28: [SM] Unable to load plugin "bot_stuff.smx": Could not find required plugin "navmesh"
L 08/08/2021 - 22:11:29: [SM] Fatal error encountered parsing translation file "ranks_matchmaking.phrases.txt"
L 08/08/2021 - 22:11:29: [SM] Error (line 0, column 0): Stream failed to open
L 08/08/2021 - 22:11:29: [SM] Fatal error encountered parsing translation file "instadefuse.phrases.txt"
L 08/08/2021 - 22:11:29: [SM] Error (line 0, column 0): Stream failed to open
L 08/08/2021 - 22:11:46: [SM] Exception reported: Language phrase "Unranked" not found (arg 5)
L 08/08/2021 - 22:11:46: [SM] Blaming: ranks_matchmaking.smx
L 08/08/2021 - 22:11:46: [SM] Call stack trace:
L 08/08/2021 - 22:11:46: [SM]   [0] FormatEx
L 08/08/2021 - 22:11:46: [SM]   [1] Line 174, ranks_matchmaking.sp::GetRanksNames
L 08/08/2021 - 22:11:46: [SM]   [2] Line 169, ranks_matchmaking.sp::OnMapStart
L 08/08/2021 - 22:12:45: Error log file session closed.
L 08/08/2021 - 22:12:45: SourceMod error session started
L 08/08/2021 - 22:12:45: Info (map "de_mirage") (file "E:\retake\csgoserver\csgo\addons\sourcemod\logs\errors_20210808.log")
L 08/08/2021 - 22:12:45: [SM] Fatal error encountered parsing translation file "ranks_matchmaking.phrases.txt"
L 08/08/2021 - 22:12:45: [SM] Error (line 0, column 0): Stream failed to open
L 08/08/2021 - 22:12:45: [SM] Fatal error encountered parsing translation file "instadefuse.phrases.txt"
L 08/08/2021 - 22:12:45: [SM] Error (line 0, column 0): Stream failed to open
L 08/08/2021 - 22:12:49: [SM] Exception reported: Language phrase "Unranked" not found (arg 5)
L 08/08/2021 - 22:12:49: [SM] Blaming: ranks_matchmaking.smx
L 08/08/2021 - 22:12:49: [SM] Call stack trace:
L 08/08/2021 - 22:12:49: [SM]   [0] FormatEx
L 08/08/2021 - 22:12:49: [SM]   [1] Line 174, ranks_matchmaking.sp::GetRanksNames
L 08/08/2021 - 22:12:49: [SM]   [2] Line 169, ranks_matchmaking.sp::OnMapStart
L 08/08/2021 - 22:15:01: SourceMod error session started
L 08/08/2021 - 22:15:01: Info (map "de_dust2") (file "E:\retake\csgoserver\csgo\addons\sourcemod\logs\errors_20210808.log")
L 08/08/2021 - 22:15:01: [SM] Unable to load plugin "bot_inventory.smx": Native "eItems_AreItemsSynced" was not found
L 08/08/2021 - 22:15:01: [SM] Unable to load plugin "bot_stuff.smx": Could not find required plugin "navmesh"
L 08/08/2021 - 22:15:01: [SM] Fatal error encountered parsing translation file "ranks_matchmaking.phrases.txt"
L 08/08/2021 - 22:15:01: [SM] Error (line 0, column 0): Stream failed to open
L 08/08/2021 - 22:15:01: [SM] Fatal error encountered parsing translation file "instadefuse.phrases.txt"
L 08/08/2021 - 22:15:01: [SM] Error (line 0, column 0): Stream failed to open
L 08/08/2021 - 22:15:03: [SM] Exception reported: Language phrase "Unranked" not found (arg 5)
L 08/08/2021 - 22:15:03: [SM] Blaming: ranks_matchmaking.smx
L 08/08/2021 - 22:15:03: [SM] Call stack trace:
L 08/08/2021 - 22:15:03: [SM]   [0] FormatEx
L 08/08/2021 - 22:15:03: [SM]   [1] Line 174, ranks_matchmaking.sp::GetRanksNames
L 08/08/2021 - 22:15:03: [SM]   [2] Line 169, ranks_matchmaking.sp::OnMapStart
L 08/08/2021 - 22:16:33: SourceMod error session started
L 08/08/2021 - 22:16:33: Info (map "de_dust2") (file "E:\retake\csgoserver\csgo\addons\sourcemod\logs\errors_20210808.log")
L 08/08/2021 - 22:16:33: [SM] Unable to load plugin "bot_inventory.smx": Native "eItems_AreItemsSynced" was not found
L 08/08/2021 - 22:16:33: [SM] Unable to load plugin "bot_stuff.smx": Could not find required plugin "navmesh"
L 08/08/2021 - 22:16:33: [SM] Fatal error encountered parsing translation file "ranks_matchmaking.phrases.txt"
L 08/08/2021 - 22:16:33: [SM] Error (line 0, column 0): Stream failed to open
L 08/08/2021 - 22:16:33: [SM] Fatal error encountered parsing translation file "instadefuse.phrases.txt"
L 08/08/2021 - 22:16:33: [SM] Error (line 0, column 0): Stream failed to open
L 08/08/2021 - 22:16:35: [SM] Exception reported: Language phrase "Unranked" not found (arg 5)
L 08/08/2021 - 22:16:35: [SM] Blaming: ranks_matchmaking.smx
L 08/08/2021 - 22:16:35: [SM] Call stack trace:
L 08/08/2021 - 22:16:35: [SM]   [0] FormatEx
L 08/08/2021 - 22:16:35: [SM]   [1] Line 174, ranks_matchmaking.sp::GetRanksNames
L 08/08/2021 - 22:16:35: [SM]   [2] Line 169, ranks_matchmaking.sp::OnMapStart
L 08/08/2021 - 22:17:14: Error log file session closed.
L 08/08/2021 - 22:17:14: SourceMod error session started
L 08/08/2021 - 22:17:14: Info (map "de_dust2") (file "E:\retake\csgoserver\csgo\addons\sourcemod\logs\errors_20210808.log")
L 08/08/2021 - 22:17:14: [SM] Fatal error encountered parsing translation file "ranks_matchmaking.phrases.txt"
L 08/08/2021 - 22:17:14: [SM] Error (line 0, column 0): Stream failed to open
L 08/08/2021 - 22:17:14: [SM] Fatal error encountered parsing translation file "instadefuse.phrases.txt"
L 08/08/2021 - 22:17:14: [SM] Error (line 0, column 0): Stream failed to open
L 08/08/2021 - 22:17:15: [nextmap.smx] FATAL: Cannot load map cycle. Nextmap not loaded.
L 08/08/2021 - 22:17:15: [SM] Exception reported: Mapcycle Not Found
L 08/08/2021 - 22:17:15: [SM] Blaming: nextmap.smx
L 08/08/2021 - 22:17:15: [SM] Call stack trace:
L 08/08/2021 - 22:17:15: [SM]   [0] SetFailState
L 08/08/2021 - 22:17:15: [SM]   [1] Line 143, D:\builds\build-sourcemod-msvc12\windows-1.11\build\plugins\nextmap.sp::FindAndSetNextMap
L 08/08/2021 - 22:17:15: [SM]   [2] Line 113, D:\builds\build-sourcemod-msvc12\windows-1.11\build\plugins\nextmap.sp::OnConfigsExecuted
L 08/08/2021 - 22:17:17: [SM] Exception reported: Language phrase "Unranked" not found (arg 5)
L 08/08/2021 - 22:17:17: [SM] Blaming: ranks_matchmaking.smx
L 08/08/2021 - 22:17:17: [SM] Call stack trace:
L 08/08/2021 - 22:17:17: [SM]   [0] FormatEx
L 08/08/2021 - 22:17:17: [SM]   [1] Line 174, ranks_matchmaking.sp::GetRanksNames
L 08/08/2021 - 22:17:17: [SM]   [2] Line 169, ranks_matchmaking.sp::OnMapStart
L 08/08/2021 - 22:18:13: Error log file session closed.
L 08/08/2021 - 22:18:13: SourceMod error session started
L 08/08/2021 - 22:18:13: Info (map "de_mirage") (file "E:\retake\csgoserver\csgo\addons\sourcemod\logs\errors_20210808.log")
L 08/08/2021 - 22:18:13: [SM] Fatal error encountered parsing translation file "ranks_matchmaking.phrases.txt"
L 08/08/2021 - 22:18:13: [SM] Error (line 0, column 0): Stream failed to open
L 08/08/2021 - 22:18:13: [SM] Fatal error encountered parsing translation file "instadefuse.phrases.txt"
L 08/08/2021 - 22:18:13: [SM] Error (line 0, column 0): Stream failed to open
L 08/08/2021 - 22:18:14: [SM] Exception reported: Language phrase "Unranked" not found (arg 5)
L 08/08/2021 - 22:18:14: [SM] Blaming: ranks_matchmaking.smx
L 08/08/2021 - 22:18:14: [SM] Call stack trace:
L 08/08/2021 - 22:18:14: [SM]   [0] FormatEx
L 08/08/2021 - 22:18:14: [SM]   [1] Line 174, ranks_matchmaking.sp::GetRanksNames
L 08/08/2021 - 22:18:14: [SM]   [2] Line 169, ranks_matchmaking.sp::OnMapStart
L 08/08/2021 - 22:18:15: [nextmap.smx] FATAL: Cannot load map cycle. Nextmap not loaded.
L 08/08/2021 - 22:18:15: [SM] Exception reported: Mapcycle Not Found
L 08/08/2021 - 22:18:15: [SM] Blaming: nextmap.smx
L 08/08/2021 - 22:18:15: [SM] Call stack trace:
L 08/08/2021 - 22:18:15: [SM]   [0] SetFailState
L 08/08/2021 - 22:18:15: [SM]   [1] Line 143, D:\builds\build-sourcemod-msvc12\windows-1.11\build\plugins\nextmap.sp::FindAndSetNextMap
L 08/08/2021 - 22:18:15: [SM]   [2] Line 113, D:\builds\build-sourcemod-msvc12\windows-1.11\build\plugins\nextmap.sp::OnConfigsExecuted
L 08/08/2021 - 22:18:58: [SM] Exception reported: Language phrase "InstaDefuseSuccessful" not found (arg 5)
L 08/08/2021 - 22:18:58: [SM] Blaming: retakes-instadefuse.smx
L 08/08/2021 - 22:18:58: [SM] Call stack trace:
L 08/08/2021 - 22:18:58: [SM]   [0] PrintToChat
L 08/08/2021 - 22:18:58: [SM]   [1] Line 197, plugin.sp::AttemptInstantDefuse
L 08/08/2021 - 22:18:58: [SM]   [2] Line 104, plugin.sp::Event_BombBeginDefusePlusFrame
L 08/08/2021 - 22:20:30: [SM] Exception reported: Language phrase "InstaDefuseSuccessful" not found (arg 5)
L 08/08/2021 - 22:20:30: [SM] Blaming: retakes-instadefuse.smx
L 08/08/2021 - 22:20:30: [SM] Call stack trace:
L 08/08/2021 - 22:20:30: [SM]   [0] PrintToChat
L 08/08/2021 - 22:20:30: [SM]   [1] Line 197, plugin.sp::AttemptInstantDefuse
L 08/08/2021 - 22:20:30: [SM]   [2] Line 104, plugin.sp::Event_BombBeginDefusePlusFrame
L 08/08/2021 - 22:20:34: [SM] Exception reported: Language phrase "InstaDefuseSuccessful" not found (arg 5)
L 08/08/2021 - 22:20:34: [SM] Blaming: retakes-instadefuse.smx
L 08/08/2021 - 22:20:34: [SM] Call stack trace:
L 08/08/2021 - 22:20:34: [SM]   [0] PrintToChat
L 08/08/2021 - 22:20:34: [SM]   [1] Line 197, plugin.sp::AttemptInstantDefuse
L 08/08/2021 - 22:20:34: [SM]   [2] Line 218, plugin.sp::Event_AttemptInstantDefuse
L 08/08/2021 - 22:21:06: [SM] Exception reported: Language phrase "InstaDefuseSuccessful" not found (arg 5)
L 08/08/2021 - 22:21:06: [SM] Blaming: retakes-instadefuse.smx
L 08/08/2021 - 22:21:06: [SM] Call stack trace:
L 08/08/2021 - 22:21:06: [SM]   [0] PrintToChat
L 08/08/2021 - 22:21:06: [SM]   [1] Line 197, plugin.sp::AttemptInstantDefuse
L 08/08/2021 - 22:21:06: [SM]   [2] Line 104, plugin.sp::Event_BombBeginDefusePlusFrame
L 08/08/2021 - 22:23:01: [SM] Exception reported: Language phrase "InstaDefuseSuccessful" not found (arg 5)
L 08/08/2021 - 22:23:01: [SM] Blaming: retakes-instadefuse.smx
L 08/08/2021 - 22:23:01: [SM] Call stack trace:
L 08/08/2021 - 22:23:01: [SM]   [0] PrintToChat
L 08/08/2021 - 22:23:01: [SM]   [1] Line 197, plugin.sp::AttemptInstantDefuse
L 08/08/2021 - 22:23:01: [SM]   [2] Line 104, plugin.sp::Event_BombBeginDefusePlusFrame
L 08/08/2021 - 22:23:32: [SM] Exception reported: Language phrase "InstaDefuseSuccessful" not found (arg 5)
L 08/08/2021 - 22:23:32: [SM] Blaming: retakes-instadefuse.smx
L 08/08/2021 - 22:23:32: [SM] Call stack trace:
L 08/08/2021 - 22:23:32: [SM]   [0] PrintToChat
L 08/08/2021 - 22:23:32: [SM]   [1] Line 197, plugin.sp::AttemptInstantDefuse
L 08/08/2021 - 22:23:32: [SM]   [2] Line 104, plugin.sp::Event_BombBeginDefusePlusFrame
L 08/08/2021 - 22:25:57: [SM] Exception reported: Language phrase "InstaDefuseSuccessful" not found (arg 5)
L 08/08/2021 - 22:25:57: [SM] Blaming: retakes-instadefuse.smx
L 08/08/2021 - 22:25:57: [SM] Call stack trace:
L 08/08/2021 - 22:25:57: [SM]   [0] PrintToChat
L 08/08/2021 - 22:25:57: [SM]   [1] Line 197, plugin.sp::AttemptInstantDefuse
L 08/08/2021 - 22:25:57: [SM]   [2] Line 104, plugin.sp::Event_BombBeginDefusePlusFrame
L 08/08/2021 - 22:26:22: [SM] Exception reported: Language phrase "InstaDefuseSuccessful" not found (arg 5)
L 08/08/2021 - 22:26:22: [SM] Blaming: retakes-instadefuse.smx
L 08/08/2021 - 22:26:22: [SM] Call stack trace:
L 08/08/2021 - 22:26:22: [SM]   [0] PrintToChat
L 08/08/2021 - 22:26:22: [SM]   [1] Line 197, plugin.sp::AttemptInstantDefuse
L 08/08/2021 - 22:26:22: [SM]   [2] Line 104, plugin.sp::Event_BombBeginDefusePlusFrame
L 08/08/2021 - 22:26:59: [SM] Exception reported: Language phrase "InstaDefuseSuccessful" not found (arg 5)
L 08/08/2021 - 22:26:59: [SM] Blaming: retakes-instadefuse.smx
L 08/08/2021 - 22:26:59: [SM] Call stack trace:
L 08/08/2021 - 22:26:59: [SM]   [0] PrintToChat
L 08/08/2021 - 22:26:59: [SM]   [1] Line 197, plugin.sp::AttemptInstantDefuse
L 08/08/2021 - 22:26:59: [SM]   [2] Line 104, plugin.sp::Event_BombBeginDefusePlusFrame
L 08/08/2021 - 22:27:31: [SM] Exception reported: Language phrase "InstaDefuseSuccessful" not found (arg 5)
L 08/08/2021 - 22:27:31: [SM] Blaming: retakes-instadefuse.smx
L 08/08/2021 - 22:27:31: [SM] Call stack trace:
L 08/08/2021 - 22:27:31: [SM]   [0] PrintToChat
L 08/08/2021 - 22:27:31: [SM]   [1] Line 197, plugin.sp::AttemptInstantDefuse
L 08/08/2021 - 22:27:31: [SM]   [2] Line 104, plugin.sp::Event_BombBeginDefusePlusFrame
L 08/08/2021 - 22:28:49: [SM] Exception reported: Language phrase "InstaDefuseSuccessful" not found (arg 5)
L 08/08/2021 - 22:28:49: [SM] Blaming: retakes-instadefuse.smx
L 08/08/2021 - 22:28:49: [SM] Call stack trace:
L 08/08/2021 - 22:28:49: [SM]   [0] PrintToChat
L 08/08/2021 - 22:28:49: [SM]   [1] Line 197, plugin.sp::AttemptInstantDefuse
L 08/08/2021 - 22:28:49: [SM]   [2] Line 104, plugin.sp::Event_BombBeginDefusePlusFrame
L 08/08/2021 - 22:29:58: [SM] Exception reported: Language phrase "InstaDefuseSuccessful" not found (arg 5)
L 08/08/2021 - 22:29:58: [SM] Blaming: retakes-instadefuse.smx
L 08/08/2021 - 22:29:58: [SM] Call stack trace:
L 08/08/2021 - 22:29:58: [SM]   [0] PrintToChat
L 08/08/2021 - 22:29:58: [SM]   [1] Line 197, plugin.sp::AttemptInstantDefuse
L 08/08/2021 - 22:29:58: [SM]   [2] Line 104, plugin.sp::Event_BombBeginDefusePlusFrame
L 08/08/2021 - 22:30:20: [SM] Exception reported: Language phrase "InstaDefuseSuccessful" not found (arg 5)
L 08/08/2021 - 22:30:20: [SM] Blaming: retakes-instadefuse.smx
L 08/08/2021 - 22:30:20: [SM] Call stack trace:
L 08/08/2021 - 22:30:20: [SM]   [0] PrintToChat
L 08/08/2021 - 22:30:20: [SM]   [1] Line 197, plugin.sp::AttemptInstantDefuse
L 08/08/2021 - 22:30:20: [SM]   [2] Line 104, plugin.sp::Event_BombBeginDefusePlusFrame
L 08/08/2021 - 22:30:46: [SM] Exception reported: Language phrase "InstaDefuseSuccessful" not found (arg 5)
L 08/08/2021 - 22:30:46: [SM] Blaming: retakes-instadefuse.smx
L 08/08/2021 - 22:30:46: [SM] Call stack trace:
L 08/08/2021 - 22:30:46: [SM]   [0] PrintToChat
L 08/08/2021 - 22:30:46: [SM]   [1] Line 197, plugin.sp::AttemptInstantDefuse
L 08/08/2021 - 22:30:46: [SM]   [2] Line 104, plugin.sp::Event_BombBeginDefusePlusFrame
L 08/08/2021 - 22:32:03: [SM] Exception reported: Language phrase "InstaDefuseSuccessful" not found (arg 5)
L 08/08/2021 - 22:32:03: [SM] Blaming: retakes-instadefuse.smx
L 08/08/2021 - 22:32:03: [SM] Call stack trace:
L 08/08/2021 - 22:32:03: [SM]   [0] PrintToChat
L 08/08/2021 - 22:32:03: [SM]   [1] Line 197, plugin.sp::AttemptInstantDefuse
L 08/08/2021 - 22:32:03: [SM]   [2] Line 104, plugin.sp::Event_BombBeginDefusePlusFrame
L 08/08/2021 - 22:32:35: [SM] Exception reported: Language phrase "InstaDefuseSuccessful" not found (arg 5)
L 08/08/2021 - 22:32:35: [SM] Blaming: retakes-instadefuse.smx
L 08/08/2021 - 22:32:35: [SM] Call stack trace:
L 08/08/2021 - 22:32:35: [SM]   [0] PrintToChat
L 08/08/2021 - 22:32:35: [SM]   [1] Line 197, plugin.sp::AttemptInstantDefuse
L 08/08/2021 - 22:32:35: [SM]   [2] Line 104, plugin.sp::Event_BombBeginDefusePlusFrame
L 08/08/2021 - 22:36:18: [SM] Exception reported: Language phrase "InstaDefuseSuccessful" not found (arg 5)
L 08/08/2021 - 22:36:18: [SM] Blaming: retakes-instadefuse.smx
L 08/08/2021 - 22:36:18: [SM] Call stack trace:
L 08/08/2021 - 22:36:18: [SM]   [0] PrintToChat
L 08/08/2021 - 22:36:18: [SM]   [1] Line 197, plugin.sp::AttemptInstantDefuse
L 08/08/2021 - 22:36:18: [SM]   [2] Line 104, plugin.sp::Event_BombBeginDefusePlusFrame
L 08/08/2021 - 22:37:52: [SM] Exception reported: Language phrase "InstaDefuseSuccessful" not found (arg 5)
L 08/08/2021 - 22:37:52: [SM] Blaming: retakes-instadefuse.smx
L 08/08/2021 - 22:37:52: [SM] Call stack trace:
L 08/08/2021 - 22:37:52: [SM]   [0] PrintToChat
L 08/08/2021 - 22:37:52: [SM]   [1] Line 197, plugin.sp::AttemptInstantDefuse
L 08/08/2021 - 22:37:52: [SM]   [2] Line 104, plugin.sp::Event_BombBeginDefusePlusFrame
L 08/08/2021 - 22:38:13: [SM] Exception reported: Language phrase "InstaDefuseSuccessful" not found (arg 5)
L 08/08/2021 - 22:38:13: [SM] Blaming: retakes-instadefuse.smx
L 08/08/2021 - 22:38:13: [SM] Call stack trace:
L 08/08/2021 - 22:38:13: [SM]   [0] PrintToChat
L 08/08/2021 - 22:38:13: [SM]   [1] Line 197, plugin.sp::AttemptInstantDefuse
L 08/08/2021 - 22:38:13: [SM]   [2] Line 104, plugin.sp::Event_BombBeginDefusePlusFrame
L 08/08/2021 - 22:38:35: [SM] Exception reported: Language phrase "InstaDefuseSuccessful" not found (arg 5)
L 08/08/2021 - 22:38:35: [SM] Blaming: retakes-instadefuse.smx
L 08/08/2021 - 22:38:35: [SM] Call stack trace:
L 08/08/2021 - 22:38:35: [SM]   [0] PrintToChat
L 08/08/2021 - 22:38:35: [SM]   [1] Line 197, plugin.sp::AttemptInstantDefuse
L 08/08/2021 - 22:38:35: [SM]   [2] Line 104, plugin.sp::Event_BombBeginDefusePlusFrame
L 08/08/2021 - 22:40:27: [SM] Exception reported: Language phrase "InstaDefuseSuccessful" not found (arg 5)
L 08/08/2021 - 22:40:27: [SM] Blaming: retakes-instadefuse.smx
L 08/08/2021 - 22:40:27: [SM] Call stack trace:
L 08/08/2021 - 22:40:27: [SM]   [0] PrintToChat
L 08/08/2021 - 22:40:27: [SM]   [1] Line 197, plugin.sp::AttemptInstantDefuse
L 08/08/2021 - 22:40:27: [SM]   [2] Line 104, plugin.sp::Event_BombBeginDefusePlusFrame
L 08/08/2021 - 22:40:58: [SM] Exception reported: Language phrase "InstaDefuseSuccessful" not found (arg 5)
L 08/08/2021 - 22:40:58: [SM] Blaming: retakes-instadefuse.smx
L 08/08/2021 - 22:40:58: [SM] Call stack trace:
L 08/08/2021 - 22:40:58: [SM]   [0] PrintToChat
L 08/08/2021 - 22:40:58: [SM]   [1] Line 197, plugin.sp::AttemptInstantDefuse
L 08/08/2021 - 22:40:58: [SM]   [2] Line 104, plugin.sp::Event_BombBeginDefusePlusFrame
L 08/08/2021 - 22:42:39: [SM] Exception reported: Language phrase "InstaDefuseSuccessful" not found (arg 5)
L 08/08/2021 - 22:42:39: [SM] Blaming: retakes-instadefuse.smx
L 08/08/2021 - 22:42:39: [SM] Call stack trace:
L 08/08/2021 - 22:42:39: [SM]   [0] PrintToChat
L 08/08/2021 - 22:42:39: [SM]   [1] Line 197, plugin.sp::AttemptInstantDefuse
L 08/08/2021 - 22:42:39: [SM]   [2] Line 104, plugin.sp::Event_BombBeginDefusePlusFrame
L 08/08/2021 - 22:43:01: [SM] Exception reported: Language phrase "InstaDefuseSuccessful" not found (arg 5)
L 08/08/2021 - 22:43:01: [SM] Blaming: retakes-instadefuse.smx
L 08/08/2021 - 22:43:01: [SM] Call stack trace:
L 08/08/2021 - 22:43:01: [SM]   [0] PrintToChat
L 08/08/2021 - 22:43:01: [SM]   [1] Line 197, plugin.sp::AttemptInstantDefuse
L 08/08/2021 - 22:43:01: [SM]   [2] Line 104, plugin.sp::Event_BombBeginDefusePlusFrame
L 08/08/2021 - 22:43:58: [SM] Exception reported: Language phrase "InstaDefuseSuccessful" not found (arg 5)
L 08/08/2021 - 22:43:58: [SM] Blaming: retakes-instadefuse.smx
L 08/08/2021 - 22:43:58: [SM] Call stack trace:
L 08/08/2021 - 22:43:58: [SM]   [0] PrintToChat
L 08/08/2021 - 22:43:58: [SM]   [1] Line 197, plugin.sp::AttemptInstantDefuse
L 08/08/2021 - 22:43:58: [SM]   [2] Line 104, plugin.sp::Event_BombBeginDefusePlusFrame
L 08/08/2021 - 22:44:31: [SM] Exception reported: Language phrase "InstaDefuseSuccessful" not found (arg 5)
L 08/08/2021 - 22:44:31: [SM] Blaming: retakes-instadefuse.smx
L 08/08/2021 - 22:44:31: [SM] Call stack trace:
L 08/08/2021 - 22:44:31: [SM]   [0] PrintToChat
L 08/08/2021 - 22:44:31: [SM]   [1] Line 197, plugin.sp::AttemptInstantDefuse
L 08/08/2021 - 22:44:31: [SM]   [2] Line 104, plugin.sp::Event_BombBeginDefusePlusFrame
L 08/08/2021 - 22:44:35: [SM] Exception reported: Language phrase "InstaDefuseSuccessful" not found (arg 5)
L 08/08/2021 - 22:44:35: [SM] Blaming: retakes-instadefuse.smx
L 08/08/2021 - 22:44:35: [SM] Call stack trace:
L 08/08/2021 - 22:44:35: [SM]   [0] PrintToChat
L 08/08/2021 - 22:44:35: [SM]   [1] Line 197, plugin.sp::AttemptInstantDefuse
L 08/08/2021 - 22:44:35: [SM]   [2] Line 218, plugin.sp::Event_AttemptInstantDefuse
L 08/08/2021 - 22:44:54: [SM] Exception reported: Language phrase "InstaDefuseSuccessful" not found (arg 5)
L 08/08/2021 - 22:44:54: [SM] Blaming: retakes-instadefuse.smx
L 08/08/2021 - 22:44:54: [SM] Call stack trace:
L 08/08/2021 - 22:44:54: [SM]   [0] PrintToChat
L 08/08/2021 - 22:44:54: [SM]   [1] Line 197, plugin.sp::AttemptInstantDefuse
L 08/08/2021 - 22:44:54: [SM]   [2] Line 104, plugin.sp::Event_BombBeginDefusePlusFrame
L 08/08/2021 - 22:45:40: [SM] Exception reported: Language phrase "InstaDefuseSuccessful" not found (arg 5)
L 08/08/2021 - 22:45:40: [SM] Blaming: retakes-instadefuse.smx
L 08/08/2021 - 22:45:40: [SM] Call stack trace:
L 08/08/2021 - 22:45:40: [SM]   [0] PrintToChat
L 08/08/2021 - 22:45:40: [SM]   [1] Line 197, plugin.sp::AttemptInstantDefuse
L 08/08/2021 - 22:45:40: [SM]   [2] Line 104, plugin.sp::Event_BombBeginDefusePlusFrame
L 08/08/2021 - 22:47:42: [SM] Exception reported: Language phrase "InstaDefuseSuccessful" not found (arg 5)
L 08/08/2021 - 22:47:42: [SM] Blaming: retakes-instadefuse.smx
L 08/08/2021 - 22:47:42: [SM] Call stack trace:
L 08/08/2021 - 22:47:42: [SM]   [0] PrintToChat
L 08/08/2021 - 22:47:42: [SM]   [1] Line 197, plugin.sp::AttemptInstantDefuse
L 08/08/2021 - 22:47:42: [SM]   [2] Line 104, plugin.sp::Event_BombBeginDefusePlusFrame
L 08/08/2021 - 22:49:01: [SM] Exception reported: Language phrase "InstaDefuseSuccessful" not found (arg 5)
L 08/08/2021 - 22:49:01: [SM] Blaming: retakes-instadefuse.smx
L 08/08/2021 - 22:49:01: [SM] Call stack trace:
L 08/08/2021 - 22:49:01: [SM]   [0] PrintToChat
L 08/08/2021 - 22:49:01: [SM]   [1] Line 197, plugin.sp::AttemptInstantDefuse
L 08/08/2021 - 22:49:01: [SM]   [2] Line 104, plugin.sp::Event_BombBeginDefusePlusFrame
L 08/08/2021 - 22:49:38: [SM] Exception reported: Language phrase "InstaDefuseSuccessful" not found (arg 5)
L 08/08/2021 - 22:49:38: [SM] Blaming: retakes-instadefuse.smx
L 08/08/2021 - 22:49:38: [SM] Call stack trace:
L 08/08/2021 - 22:49:38: [SM]   [0] PrintToChat
L 08/08/2021 - 22:49:38: [SM]   [1] Line 197, plugin.sp::AttemptInstantDefuse
L 08/08/2021 - 22:49:38: [SM]   [2] Line 104, plugin.sp::Event_BombBeginDefusePlusFrame
L 08/08/2021 - 22:51:10: [SM] Exception reported: Language phrase "InstaDefuseSuccessful" not found (arg 5)
L 08/08/2021 - 22:51:10: [SM] Blaming: retakes-instadefuse.smx
L 08/08/2021 - 22:51:10: [SM] Call stack trace:
L 08/08/2021 - 22:51:10: [SM]   [0] PrintToChat
L 08/08/2021 - 22:51:10: [SM]   [1] Line 197, plugin.sp::AttemptInstantDefuse
L 08/08/2021 - 22:51:10: [SM]   [2] Line 104, plugin.sp::Event_BombBeginDefusePlusFrame
L 08/08/2021 - 22:51:37: [SM] Exception reported: Language phrase "InstaDefuseSuccessful" not found (arg 5)
L 08/08/2021 - 22:51:37: [SM] Blaming: retakes-instadefuse.smx
L 08/08/2021 - 22:51:37: [SM] Call stack trace:
L 08/08/2021 - 22:51:37: [SM]   [0] PrintToChat
L 08/08/2021 - 22:51:37: [SM]   [1] Line 197, plugin.sp::AttemptInstantDefuse
L 08/08/2021 - 22:51:37: [SM]   [2] Line 104, plugin.sp::Event_BombBeginDefusePlusFrame
L 08/08/2021 - 22:52:35: [SM] Exception reported: Language phrase "InstaDefuseSuccessful" not found (arg 5)
L 08/08/2021 - 22:52:35: [SM] Blaming: retakes-instadefuse.smx
L 08/08/2021 - 22:52:35: [SM] Call stack trace:
L 08/08/2021 - 22:52:35: [SM]   [0] PrintToChat
L 08/08/2021 - 22:52:35: [SM]   [1] Line 197, plugin.sp::AttemptInstantDefuse
L 08/08/2021 - 22:52:35: [SM]   [2] Line 104, plugin.sp::Event_BombBeginDefusePlusFrame
L 08/08/2021 - 22:53:21: [SM] Exception reported: Language phrase "InstaDefuseSuccessful" not found (arg 5)
L 08/08/2021 - 22:53:21: [SM] Blaming: retakes-instadefuse.smx
L 08/08/2021 - 22:53:21: [SM] Call stack trace:
L 08/08/2021 - 22:53:21: [SM]   [0] PrintToChat
L 08/08/2021 - 22:53:21: [SM]   [1] Line 197, plugin.sp::AttemptInstantDefuse
L 08/08/2021 - 22:53:21: [SM]   [2] Line 104, plugin.sp::Event_BombBeginDefusePlusFrame
L 08/08/2021 - 22:54:53: [SM] Exception reported: Language phrase "InstaDefuseSuccessful" not found (arg 5)
L 08/08/2021 - 22:54:53: [SM] Blaming: retakes-instadefuse.smx
L 08/08/2021 - 22:54:53: [SM] Call stack trace:
L 08/08/2021 - 22:54:53: [SM]   [0] PrintToChat
L 08/08/2021 - 22:54:53: [SM]   [1] Line 197, plugin.sp::AttemptInstantDefuse
L 08/08/2021 - 22:54:53: [SM]   [2] Line 104, plugin.sp::Event_BombBeginDefusePlusFrame
L 08/08/2021 - 22:55:52: [SM] Exception reported: Language phrase "InstaDefuseSuccessful" not found (arg 5)
L 08/08/2021 - 22:55:52: [SM] Blaming: retakes-instadefuse.smx
L 08/08/2021 - 22:55:52: [SM] Call stack trace:
L 08/08/2021 - 22:55:52: [SM]   [0] PrintToChat
L 08/08/2021 - 22:55:52: [SM]   [1] Line 197, plugin.sp::AttemptInstantDefuse
L 08/08/2021 - 22:55:52: [SM]   [2] Line 104, plugin.sp::Event_BombBeginDefusePlusFrame
L 08/08/2021 - 22:57:49: [SM] Exception reported: Language phrase "InstaDefuseSuccessful" not found (arg 5)
L 08/08/2021 - 22:57:49: [SM] Blaming: retakes-instadefuse.smx
L 08/08/2021 - 22:57:49: [SM] Call stack trace:
L 08/08/2021 - 22:57:49: [SM]   [0] PrintToChat
L 08/08/2021 - 22:57:49: [SM]   [1] Line 197, plugin.sp::AttemptInstantDefuse
L 08/08/2021 - 22:57:49: [SM]   [2] Line 104, plugin.sp::Event_BombBeginDefusePlusFrame
L 08/08/2021 - 22:58:38: [SM] Exception reported: Language phrase "InstaDefuseSuccessful" not found (arg 5)
L 08/08/2021 - 22:58:38: [SM] Blaming: retakes-instadefuse.smx
L 08/08/2021 - 22:58:38: [SM] Call stack trace:
L 08/08/2021 - 22:58:38: [SM]   [0] PrintToChat
L 08/08/2021 - 22:58:38: [SM]   [1] Line 197, plugin.sp::AttemptInstantDefuse
L 08/08/2021 - 22:58:38: [SM]   [2] Line 104, plugin.sp::Event_BombBeginDefusePlusFrame
L 08/08/2021 - 22:59:10: [SM] Exception reported: Language phrase "InstaDefuseSuccessful" not found (arg 5)
L 08/08/2021 - 22:59:10: [SM] Blaming: retakes-instadefuse.smx
L 08/08/2021 - 22:59:10: [SM] Call stack trace:
L 08/08/2021 - 22:59:10: [SM]   [0] PrintToChat
L 08/08/2021 - 22:59:10: [SM]   [1] Line 197, plugin.sp::AttemptInstantDefuse
L 08/08/2021 - 22:59:10: [SM]   [2] Line 104, plugin.sp::Event_BombBeginDefusePlusFrame
L 08/08/2021 - 22:59:15: [SM] Exception reported: Language phrase "InstaDefuseSuccessful" not found (arg 5)
L 08/08/2021 - 22:59:15: [SM] Blaming: retakes-instadefuse.smx
L 08/08/2021 - 22:59:15: [SM] Call stack trace:
L 08/08/2021 - 22:59:15: [SM]   [0] PrintToChat
L 08/08/2021 - 22:59:15: [SM]   [1] Line 197, plugin.sp::AttemptInstantDefuse
L 08/08/2021 - 22:59:15: [SM]   [2] Line 218, plugin.sp::Event_AttemptInstantDefuse
L 08/08/2021 - 22:59:38: [SM] Exception reported: Language phrase "InstaDefuseSuccessful" not found (arg 5)
L 08/08/2021 - 22:59:38: [SM] Blaming: retakes-instadefuse.smx
L 08/08/2021 - 22:59:38: [SM] Call stack trace:
L 08/08/2021 - 22:59:38: [SM]   [0] PrintToChat
L 08/08/2021 - 22:59:38: [SM]   [1] Line 197, plugin.sp::AttemptInstantDefuse
L 08/08/2021 - 22:59:38: [SM]   [2] Line 104, plugin.sp::Event_BombBeginDefusePlusFrame
L 08/08/2021 - 23:00:52: [SM] Exception reported: Language phrase "InstaDefuseSuccessful" not found (arg 5)
L 08/08/2021 - 23:00:52: [SM] Blaming: retakes-instadefuse.smx
L 08/08/2021 - 23:00:52: [SM] Call stack trace:
L 08/08/2021 - 23:00:52: [SM]   [0] PrintToChat
L 08/08/2021 - 23:00:52: [SM]   [1] Line 197, plugin.sp::AttemptInstantDefuse
L 08/08/2021 - 23:00:52: [SM]   [2] Line 104, plugin.sp::Event_BombBeginDefusePlusFrame
L 08/08/2021 - 23:01:36: [SM] Exception reported: Language phrase "InstaDefuseSuccessful" not found (arg 5)
L 08/08/2021 - 23:01:36: [SM] Blaming: retakes-instadefuse.smx
L 08/08/2021 - 23:01:36: [SM] Call stack trace:
L 08/08/2021 - 23:01:36: [SM]   [0] PrintToChat
L 08/08/2021 - 23:01:36: [SM]   [1] Line 197, plugin.sp::AttemptInstantDefuse
L 08/08/2021 - 23:01:36: [SM]   [2] Line 104, plugin.sp::Event_BombBeginDefusePlusFrame
L 08/08/2021 - 23:02:08: [SM] Exception reported: Language phrase "InstaDefuseSuccessful" not found (arg 5)
L 08/08/2021 - 23:02:08: [SM] Blaming: retakes-instadefuse.smx
L 08/08/2021 - 23:02:08: [SM] Call stack trace:
L 08/08/2021 - 23:02:08: [SM]   [0] PrintToChat
L 08/08/2021 - 23:02:08: [SM]   [1] Line 197, plugin.sp::AttemptInstantDefuse
L 08/08/2021 - 23:02:08: [SM]   [2] Line 104, plugin.sp::Event_BombBeginDefusePlusFrame
L 08/08/2021 - 23:02:39: [SM] Exception reported: Language phrase "InstaDefuseSuccessful" not found (arg 5)
L 08/08/2021 - 23:02:39: [SM] Blaming: retakes-instadefuse.smx
L 08/08/2021 - 23:02:39: [SM] Call stack trace:
L 08/08/2021 - 23:02:39: [SM]   [0] PrintToChat
L 08/08/2021 - 23:02:39: [SM]   [1] Line 197, plugin.sp::AttemptInstantDefuse
L 08/08/2021 - 23:02:39: [SM]   [2] Line 104, plugin.sp::Event_BombBeginDefusePlusFrame
L 08/08/2021 - 23:03:08: [SM] Exception reported: Language phrase "InstaDefuseSuccessful" not found (arg 5)
L 08/08/2021 - 23:03:08: [SM] Blaming: retakes-instadefuse.smx
L 08/08/2021 - 23:03:08: [SM] Call stack trace:
L 08/08/2021 - 23:03:08: [SM]   [0] PrintToChat
L 08/08/2021 - 23:03:09: [SM]   [1] Line 197, plugin.sp::AttemptInstantDefuse
L 08/08/2021 - 23:03:09: [SM]   [2] Line 104, plugin.sp::Event_BombBeginDefusePlusFrame
L 08/08/2021 - 23:03:42: [SM] Exception reported: Language phrase "InstaDefuseSuccessful" not found (arg 5)
L 08/08/2021 - 23:03:42: [SM] Blaming: retakes-instadefuse.smx
L 08/08/2021 - 23:03:42: [SM] Call stack trace:
L 08/08/2021 - 23:03:42: [SM]   [0] PrintToChat
L 08/08/2021 - 23:03:42: [SM]   [1] Line 197, plugin.sp::AttemptInstantDefuse
L 08/08/2021 - 23:03:42: [SM]   [2] Line 104, plugin.sp::Event_BombBeginDefusePlusFrame
L 08/08/2021 - 23:04:02: [SM] Exception reported: Language phrase "InstaDefuseSuccessful" not found (arg 5)
L 08/08/2021 - 23:04:02: [SM] Blaming: retakes-instadefuse.smx
L 08/08/2021 - 23:04:02: [SM] Call stack trace:
L 08/08/2021 - 23:04:02: [SM]   [0] PrintToChat
L 08/08/2021 - 23:04:02: [SM]   [1] Line 197, plugin.sp::AttemptInstantDefuse
L 08/08/2021 - 23:04:02: [SM]   [2] Line 104, plugin.sp::Event_BombBeginDefusePlusFrame
L 08/08/2021 - 23:04:23: [SM] Exception reported: Language phrase "InstaDefuseSuccessful" not found (arg 5)
L 08/08/2021 - 23:04:23: [SM] Blaming: retakes-instadefuse.smx
L 08/08/2021 - 23:04:23: [SM] Call stack trace:
L 08/08/2021 - 23:04:23: [SM]   [0] PrintToChat
L 08/08/2021 - 23:04:23: [SM]   [1] Line 197, plugin.sp::AttemptInstantDefuse
L 08/08/2021 - 23:04:23: [SM]   [2] Line 104, plugin.sp::Event_BombBeginDefusePlusFrame
L 08/08/2021 - 23:06:08: [SM] Exception reported: Language phrase "InstaDefuseSuccessful" not found (arg 5)
L 08/08/2021 - 23:06:08: [SM] Blaming: retakes-instadefuse.smx
L 08/08/2021 - 23:06:08: [SM] Call stack trace:
L 08/08/2021 - 23:06:08: [SM]   [0] PrintToChat
L 08/08/2021 - 23:06:08: [SM]   [1] Line 197, plugin.sp::AttemptInstantDefuse
L 08/08/2021 - 23:06:08: [SM]   [2] Line 104, plugin.sp::Event_BombBeginDefusePlusFrame
L 08/08/2021 - 23:06:40: [SM] Exception reported: Language phrase "InstaDefuseSuccessful" not found (arg 5)
L 08/08/2021 - 23:06:40: [SM] Blaming: retakes-instadefuse.smx
L 08/08/2021 - 23:06:40: [SM] Call stack trace:
L 08/08/2021 - 23:06:40: [SM]   [0] PrintToChat
L 08/08/2021 - 23:06:40: [SM]   [1] Line 197, plugin.sp::AttemptInstantDefuse
L 08/08/2021 - 23:06:40: [SM]   [2] Line 104, plugin.sp::Event_BombBeginDefusePlusFrame
L 08/08/2021 - 23:08:22: [SM] Exception reported: Language phrase "InstaDefuseSuccessful" not found (arg 5)
L 08/08/2021 - 23:08:22: [SM] Blaming: retakes-instadefuse.smx
L 08/08/2021 - 23:08:22: [SM] Call stack trace:
L 08/08/2021 - 23:08:22: [SM]   [0] PrintToChat
L 08/08/2021 - 23:08:22: [SM]   [1] Line 197, plugin.sp::AttemptInstantDefuse
L 08/08/2021 - 23:08:22: [SM]   [2] Line 104, plugin.sp::Event_BombBeginDefusePlusFrame
L 08/08/2021 - 23:08:59: [SM] Exception reported: Language phrase "InstaDefuseSuccessful" not found (arg 5)
L 08/08/2021 - 23:08:59: [SM] Blaming: retakes-instadefuse.smx
L 08/08/2021 - 23:08:59: [SM] Call stack trace:
L 08/08/2021 - 23:08:59: [SM]   [0] PrintToChat
L 08/08/2021 - 23:08:59: [SM]   [1] Line 197, plugin.sp::AttemptInstantDefuse
L 08/08/2021 - 23:08:59: [SM]   [2] Line 104, plugin.sp::Event_BombBeginDefusePlusFrame
L 08/08/2021 - 23:09:20: [SM] Exception reported: Language phrase "InstaDefuseSuccessful" not found (arg 5)
L 08/08/2021 - 23:09:20: [SM] Blaming: retakes-instadefuse.smx
L 08/08/2021 - 23:09:20: [SM] Call stack trace:
L 08/08/2021 - 23:09:20: [SM]   [0] PrintToChat
L 08/08/2021 - 23:09:20: [SM]   [1] Line 197, plugin.sp::AttemptInstantDefuse
L 08/08/2021 - 23:09:20: [SM]   [2] Line 104, plugin.sp::Event_BombBeginDefusePlusFrame
L 08/08/2021 - 23:09:58: [SM] Exception reported: Language phrase "InstaDefuseSuccessful" not found (arg 5)
L 08/08/2021 - 23:09:58: [SM] Blaming: retakes-instadefuse.smx
L 08/08/2021 - 23:09:58: [SM] Call stack trace:
L 08/08/2021 - 23:09:58: [SM]   [0] PrintToChat
L 08/08/2021 - 23:09:58: [SM]   [1] Line 197, plugin.sp::AttemptInstantDefuse
L 08/08/2021 - 23:09:58: [SM]   [2] Line 104, plugin.sp::Event_BombBeginDefusePlusFrame
L 08/08/2021 - 23:11:43: [SM] Exception reported: Language phrase "InstaDefuseSuccessful" not found (arg 5)
L 08/08/2021 - 23:11:43: [SM] Blaming: retakes-instadefuse.smx
L 08/08/2021 - 23:11:43: [SM] Call stack trace:
L 08/08/2021 - 23:11:43: [SM]   [0] PrintToChat
L 08/08/2021 - 23:11:43: [SM]   [1] Line 197, plugin.sp::AttemptInstantDefuse
L 08/08/2021 - 23:11:43: [SM]   [2] Line 104, plugin.sp::Event_BombBeginDefusePlusFrame
L 08/08/2021 - 23:12:02: [SM] Exception reported: Language phrase "InstaDefuseSuccessful" not found (arg 5)
L 08/08/2021 - 23:12:02: [SM] Blaming: retakes-instadefuse.smx
L 08/08/2021 - 23:12:02: [SM] Call stack trace:
L 08/08/2021 - 23:12:02: [SM]   [0] PrintToChat
L 08/08/2021 - 23:12:02: [SM]   [1] Line 197, plugin.sp::AttemptInstantDefuse
L 08/08/2021 - 23:12:02: [SM]   [2] Line 104, plugin.sp::Event_BombBeginDefusePlusFrame
L 08/08/2021 - 23:13:53: [SM] Exception reported: Language phrase "InstaDefuseSuccessful" not found (arg 5)
L 08/08/2021 - 23:13:53: [SM] Blaming: retakes-instadefuse.smx
L 08/08/2021 - 23:13:53: [SM] Call stack trace:
L 08/08/2021 - 23:13:53: [SM]   [0] PrintToChat
L 08/08/2021 - 23:13:53: [SM]   [1] Line 197, plugin.sp::AttemptInstantDefuse
L 08/08/2021 - 23:13:53: [SM]   [2] Line 104, plugin.sp::Event_BombBeginDefusePlusFrame
L 08/08/2021 - 23:14:36: [SM] Exception reported: Language phrase "InstaDefuseSuccessful" not found (arg 5)
L 08/08/2021 - 23:14:36: [SM] Blaming: retakes-instadefuse.smx
L 08/08/2021 - 23:14:36: [SM] Call stack trace:
L 08/08/2021 - 23:14:36: [SM]   [0] PrintToChat
L 08/08/2021 - 23:14:36: [SM]   [1] Line 197, plugin.sp::AttemptInstantDefuse
L 08/08/2021 - 23:14:36: [SM]   [2] Line 104, plugin.sp::Event_BombBeginDefusePlusFrame
L 08/08/2021 - 23:15:48: [SM] Exception reported: Language phrase "InstaDefuseSuccessful" not found (arg 5)
L 08/08/2021 - 23:15:48: [SM] Blaming: retakes-instadefuse.smx
L 08/08/2021 - 23:15:48: [SM] Call stack trace:
L 08/08/2021 - 23:15:48: [SM]   [0] PrintToChat
L 08/08/2021 - 23:15:48: [SM]   [1] Line 197, plugin.sp::AttemptInstantDefuse
L 08/08/2021 - 23:15:48: [SM]   [2] Line 104, plugin.sp::Event_BombBeginDefusePlusFrame
L 08/08/2021 - 23:16:21: [SM] Exception reported: Language phrase "InstaDefuseSuccessful" not found (arg 5)
L 08/08/2021 - 23:16:21: [SM] Blaming: retakes-instadefuse.smx
L 08/08/2021 - 23:16:21: [SM] Call stack trace:
L 08/08/2021 - 23:16:21: [SM]   [0] PrintToChat
L 08/08/2021 - 23:16:21: [SM]   [1] Line 197, plugin.sp::AttemptInstantDefuse
L 08/08/2021 - 23:16:21: [SM]   [2] Line 104, plugin.sp::Event_BombBeginDefusePlusFrame
L 08/08/2021 - 23:18:26: [SM] Exception reported: Language phrase "InstaDefuseSuccessful" not found (arg 5)
L 08/08/2021 - 23:18:26: [SM] Blaming: retakes-instadefuse.smx
L 08/08/2021 - 23:18:26: [SM] Call stack trace:
L 08/08/2021 - 23:18:26: [SM]   [0] PrintToChat
L 08/08/2021 - 23:18:26: [SM]   [1] Line 197, plugin.sp::AttemptInstantDefuse
L 08/08/2021 - 23:18:26: [SM]   [2] Line 104, plugin.sp::Event_BombBeginDefusePlusFrame
L 08/08/2021 - 23:18:26: [SM] Exception reported: Language phrase "InstaDefuseSuccessful" not found (arg 5)
L 08/08/2021 - 23:18:26: [SM] Blaming: retakes-instadefuse.smx
L 08/08/2021 - 23:18:26: [SM] Call stack trace:
L 08/08/2021 - 23:18:26: [SM]   [0] PrintToChat
L 08/08/2021 - 23:18:26: [SM]   [1] Line 197, plugin.sp::AttemptInstantDefuse
L 08/08/2021 - 23:18:27: [SM]   [2] Line 104, plugin.sp::Event_BombBeginDefusePlusFrame
L 08/08/2021 - 23:18:29: [SM] Exception reported: Language phrase "InstaDefuseSuccessful" not found (arg 5)
L 08/08/2021 - 23:18:29: [SM] Blaming: retakes-instadefuse.smx
L 08/08/2021 - 23:18:29: [SM] Call stack trace:
L 08/08/2021 - 23:18:29: [SM]   [0] PrintToChat
L 08/08/2021 - 23:18:29: [SM]   [1] Line 197, plugin.sp::AttemptInstantDefuse
L 08/08/2021 - 23:18:29: [SM]   [2] Line 218, plugin.sp::Event_AttemptInstantDefuse
L 08/08/2021 - 23:19:13: [SM] Exception reported: Language phrase "InstaDefuseSuccessful" not found (arg 5)
L 08/08/2021 - 23:19:13: [SM] Blaming: retakes-instadefuse.smx
L 08/08/2021 - 23:19:13: [SM] Call stack trace:
L 08/08/2021 - 23:19:13: [SM]   [0] PrintToChat
L 08/08/2021 - 23:19:13: [SM]   [1] Line 197, plugin.sp::AttemptInstantDefuse
L 08/08/2021 - 23:19:13: [SM]   [2] Line 104, plugin.sp::Event_BombBeginDefusePlusFrame
L 08/08/2021 - 23:20:03: [SM] Exception reported: Language phrase "InstaDefuseSuccessful" not found (arg 5)
L 08/08/2021 - 23:20:03: [SM] Blaming: retakes-instadefuse.smx
L 08/08/2021 - 23:20:03: [SM] Call stack trace:
L 08/08/2021 - 23:20:03: [SM]   [0] PrintToChat
L 08/08/2021 - 23:20:03: [SM]   [1] Line 197, plugin.sp::AttemptInstantDefuse
L 08/08/2021 - 23:20:03: [SM]   [2] Line 104, plugin.sp::Event_BombBeginDefusePlusFrame
L 08/08/2021 - 23:20:50: [SM] Exception reported: Language phrase "InstaDefuseSuccessful" not found (arg 5)
L 08/08/2021 - 23:20:50: [SM] Blaming: retakes-instadefuse.smx
L 08/08/2021 - 23:20:50: [SM] Call stack trace:
L 08/08/2021 - 23:20:50: [SM]   [0] PrintToChat
L 08/08/2021 - 23:20:50: [SM]   [1] Line 197, plugin.sp::AttemptInstantDefuse
L 08/08/2021 - 23:20:50: [SM]   [2] Line 104, plugin.sp::Event_BombBeginDefusePlusFrame
L 08/08/2021 - 23:22:20: [SM] Exception reported: Language phrase "InstaDefuseSuccessful" not found (arg 5)
L 08/08/2021 - 23:22:20: [SM] Blaming: retakes-instadefuse.smx
L 08/08/2021 - 23:22:20: [SM] Call stack trace:
L 08/08/2021 - 23:22:20: [SM]   [0] PrintToChat
L 08/08/2021 - 23:22:20: [SM]   [1] Line 197, plugin.sp::AttemptInstantDefuse
L 08/08/2021 - 23:22:20: [SM]   [2] Line 104, plugin.sp::Event_BombBeginDefusePlusFrame
L 08/08/2021 - 23:22:52: [SM] Exception reported: Language phrase "InstaDefuseSuccessful" not found (arg 5)
L 08/08/2021 - 23:22:52: [SM] Blaming: retakes-instadefuse.smx
L 08/08/2021 - 23:22:52: [SM] Call stack trace:
L 08/08/2021 - 23:22:52: [SM]   [0] PrintToChat
L 08/08/2021 - 23:22:52: [SM]   [1] Line 197, plugin.sp::AttemptInstantDefuse
L 08/08/2021 - 23:22:52: [SM]   [2] Line 104, plugin.sp::Event_BombBeginDefusePlusFrame
L 08/08/2021 - 23:23:51: [SM] Exception reported: Language phrase "InstaDefuseSuccessful" not found (arg 5)
L 08/08/2021 - 23:23:51: [SM] Blaming: retakes-instadefuse.smx
L 08/08/2021 - 23:23:51: [SM] Call stack trace:
L 08/08/2021 - 23:23:51: [SM]   [0] PrintToChat
L 08/08/2021 - 23:23:51: [SM]   [1] Line 197, plugin.sp::AttemptInstantDefuse
L 08/08/2021 - 23:23:51: [SM]   [2] Line 104, plugin.sp::Event_BombBeginDefusePlusFrame
L 08/08/2021 - 23:23:55: [SM] Exception reported: Language phrase "InstaDefuseSuccessful" not found (arg 5)
L 08/08/2021 - 23:23:55: [SM] Blaming: retakes-instadefuse.smx
L 08/08/2021 - 23:23:55: [SM] Call stack trace:
L 08/08/2021 - 23:23:55: [SM]   [0] PrintToChat
L 08/08/2021 - 23:23:55: [SM]   [1] Line 197, plugin.sp::AttemptInstantDefuse
L 08/08/2021 - 23:23:55: [SM]   [2] Line 218, plugin.sp::Event_AttemptInstantDefuse
L 08/08/2021 - 23:24:33: [SM] Exception reported: Language phrase "InstaDefuseSuccessful" not found (arg 5)
L 08/08/2021 - 23:24:33: [SM] Blaming: retakes-instadefuse.smx
L 08/08/2021 - 23:24:33: [SM] Call stack trace:
L 08/08/2021 - 23:24:33: [SM]   [0] PrintToChat
L 08/08/2021 - 23:24:33: [SM]   [1] Line 197, plugin.sp::AttemptInstantDefuse
L 08/08/2021 - 23:24:33: [SM]   [2] Line 104, plugin.sp::Event_BombBeginDefusePlusFrame
L 08/08/2021 - 23:25:38: [SM] Exception reported: Language phrase "InstaDefuseUnsuccessful" not found (arg 5)
L 08/08/2021 - 23:25:38: [SM] Blaming: retakes-instadefuse.smx
L 08/08/2021 - 23:25:38: [SM] Call stack trace:
L 08/08/2021 - 23:25:38: [SM]   [0] PrintToChat
L 08/08/2021 - 23:25:38: [SM]   [1] Line 143, plugin.sp::AttemptInstantDefuse
L 08/08/2021 - 23:25:38: [SM]   [2] Line 104, plugin.sp::Event_BombBeginDefusePlusFrame
