L 01/23/2022 - 00:15:23: SourceMod error session started
L 01/23/2022 - 00:15:23: Info (map "de_mirage") (file "E:\retake\csgoserver\csgo\addons\sourcemod\logs\errors_20220123.log")
L 01/23/2022 - 00:15:23: [SM] Unable to load extension "PhysHooks.ext": Could not find patch signature for symbol: Physics_RunThinkFunctions
L 01/23/2022 - 00:15:25: [SM] Unable to load plugin "bot_inventory.smx": Native "eItems_AreItemsSynced" was not found
L 01/23/2022 - 00:15:25: [SM] Unable to load plugin "bot_stuff.smx": Could not find required plugin "navmesh"
L 01/23/2022 - 00:15:26: [SM] Unable to load plugin "LagCompensation.smx": Required extension "PhysHooks" file("PhysHooks.ext") not running
L 01/23/2022 - 00:15:27: [SM] Fatal error encountered parsing translation file "ranks_matchmaking.phrases.txt"
L 01/23/2022 - 00:15:27: [SM] Error (line 0, column 0): Stream failed to open
L 01/23/2022 - 00:15:27: [SM] Fatal error encountered parsing translation file "instadefuse.phrases.txt"
L 01/23/2022 - 00:15:27: [SM] Error (line 0, column 0): Stream failed to open
L 01/23/2022 - 00:15:48: [SM] Exception reported: Language phrase "Unranked" not found (arg 5)
L 01/23/2022 - 00:15:48: [SM] Blaming: ranks_matchmaking.smx
L 01/23/2022 - 00:15:48: [SM] Call stack trace:
L 01/23/2022 - 00:15:48: [SM]   [0] FormatEx
L 01/23/2022 - 00:15:48: [SM]   [1] Line 174, ranks_matchmaking.sp::GetRanksNames
L 01/23/2022 - 00:15:48: [SM]   [2] Line 169, ranks_matchmaking.sp::OnMapStart
L 01/23/2022 - 00:18:14: SourceMod error session started
L 01/23/2022 - 00:18:14: Info (map "de_mirage") (file "E:\retake\csgoserver\csgo\addons\sourcemod\logs\errors_20220123.log")
L 01/23/2022 - 00:18:14: [SM] Unable to load extension "PhysHooks.ext": Could not find patch signature for symbol: Physics_RunThinkFunctions
L 01/23/2022 - 00:18:14: [SM] Unable to load plugin "bot_inventory.smx": Native "eItems_AreItemsSynced" was not found
L 01/23/2022 - 00:18:14: [SM] Unable to load plugin "bot_stuff.smx": Could not find required plugin "navmesh"
L 01/23/2022 - 00:18:14: [SM] Unable to load plugin "LagCompensation.smx": Required extension "PhysHooks" file("PhysHooks.ext") not running
L 01/23/2022 - 00:18:14: [SM] Fatal error encountered parsing translation file "ranks_matchmaking.phrases.txt"
L 01/23/2022 - 00:18:14: [SM] Error (line 0, column 0): Stream failed to open
L 01/23/2022 - 00:18:14: [SM] Fatal error encountered parsing translation file "instadefuse.phrases.txt"
L 01/23/2022 - 00:18:14: [SM] Error (line 0, column 0): Stream failed to open
L 01/23/2022 - 00:18:17: [SM] Exception reported: Language phrase "Unranked" not found (arg 5)
L 01/23/2022 - 00:18:17: [SM] Blaming: ranks_matchmaking.smx
L 01/23/2022 - 00:18:17: [SM] Call stack trace:
L 01/23/2022 - 00:18:17: [SM]   [0] FormatEx
L 01/23/2022 - 00:18:17: [SM]   [1] Line 174, ranks_matchmaking.sp::GetRanksNames
L 01/23/2022 - 00:18:17: [SM]   [2] Line 169, ranks_matchmaking.sp::OnMapStart
L 01/23/2022 - 00:19:13: SourceMod error session started
L 01/23/2022 - 00:19:13: Info (map "de_mirage") (file "E:\retake\csgoserver\csgo\addons\sourcemod\logs\errors_20220123.log")
L 01/23/2022 - 00:19:13: [SM] Unable to load extension "PhysHooks.ext": Could not find patch signature for symbol: Physics_RunThinkFunctions
L 01/23/2022 - 00:19:13: [SM] Unable to load plugin "bot_inventory.smx": Native "eItems_AreItemsSynced" was not found
L 01/23/2022 - 00:19:13: [SM] Unable to load plugin "bot_stuff.smx": Could not find required plugin "navmesh"
L 01/23/2022 - 00:19:13: [SM] Unable to load plugin "LagCompensation.smx": Required extension "PhysHooks" file("PhysHooks.ext") not running
L 01/23/2022 - 00:19:13: [SM] Fatal error encountered parsing translation file "ranks_matchmaking.phrases.txt"
L 01/23/2022 - 00:19:13: [SM] Error (line 0, column 0): Stream failed to open
L 01/23/2022 - 00:19:13: [SM] Fatal error encountered parsing translation file "instadefuse.phrases.txt"
L 01/23/2022 - 00:19:13: [SM] Error (line 0, column 0): Stream failed to open
L 01/23/2022 - 00:19:16: [SM] Exception reported: Language phrase "Unranked" not found (arg 5)
L 01/23/2022 - 00:19:16: [SM] Blaming: ranks_matchmaking.smx
L 01/23/2022 - 00:19:16: [SM] Call stack trace:
L 01/23/2022 - 00:19:16: [SM]   [0] FormatEx
L 01/23/2022 - 00:19:16: [SM]   [1] Line 174, ranks_matchmaking.sp::GetRanksNames
L 01/23/2022 - 00:19:16: [SM]   [2] Line 169, ranks_matchmaking.sp::OnMapStart
L 01/23/2022 - 00:20:40: Error log file session closed.
L 01/23/2022 - 00:20:40: SourceMod error session started
L 01/23/2022 - 00:20:40: Info (map "de_mirage") (file "E:\retake\csgoserver\csgo\addons\sourcemod\logs\errors_20220123.log")
L 01/23/2022 - 00:20:40: [SM] Fatal error encountered parsing translation file "ranks_matchmaking.phrases.txt"
L 01/23/2022 - 00:20:40: [SM] Error (line 0, column 0): Stream failed to open
L 01/23/2022 - 00:20:40: [SM] Fatal error encountered parsing translation file "instadefuse.phrases.txt"
L 01/23/2022 - 00:20:40: [SM] Error (line 0, column 0): Stream failed to open
L 01/23/2022 - 00:20:41: [SM] Exception reported: Language phrase "Unranked" not found (arg 5)
L 01/23/2022 - 00:20:41: [SM] Blaming: ranks_matchmaking.smx
L 01/23/2022 - 00:20:41: [SM] Call stack trace:
L 01/23/2022 - 00:20:41: [SM]   [0] FormatEx
L 01/23/2022 - 00:20:41: [SM]   [1] Line 174, ranks_matchmaking.sp::GetRanksNames
L 01/23/2022 - 00:20:41: [SM]   [2] Line 169, ranks_matchmaking.sp::OnMapStart
L 01/23/2022 - 00:23:43: [SM] Exception reported: Language phrase "InstaDefuseSuccessful" not found (arg 5)
L 01/23/2022 - 00:23:43: [SM] Blaming: retakes-instadefuse.smx
L 01/23/2022 - 00:23:43: [SM] Call stack trace:
L 01/23/2022 - 00:23:43: [SM]   [0] PrintToChat
L 01/23/2022 - 00:23:43: [SM]   [1] Line 197, plugin.sp::AttemptInstantDefuse
L 01/23/2022 - 00:23:43: [SM]   [2] Line 104, plugin.sp::Event_BombBeginDefusePlusFrame
L 01/23/2022 - 00:24:14: [SM] Exception reported: Language phrase "InstaDefuseSuccessful" not found (arg 5)
L 01/23/2022 - 00:24:14: [SM] Blaming: retakes-instadefuse.smx
L 01/23/2022 - 00:24:14: [SM] Call stack trace:
L 01/23/2022 - 00:24:14: [SM]   [0] PrintToChat
L 01/23/2022 - 00:24:14: [SM]   [1] Line 197, plugin.sp::AttemptInstantDefuse
L 01/23/2022 - 00:24:14: [SM]   [2] Line 104, plugin.sp::Event_BombBeginDefusePlusFrame
L 01/23/2022 - 00:24:32: [SM] Exception reported: Language phrase "InstaDefuseSuccessful" not found (arg 5)
L 01/23/2022 - 00:24:32: [SM] Blaming: retakes-instadefuse.smx
L 01/23/2022 - 00:24:32: [SM] Call stack trace:
L 01/23/2022 - 00:24:32: [SM]   [0] PrintToChat
L 01/23/2022 - 00:24:32: [SM]   [1] Line 197, plugin.sp::AttemptInstantDefuse
L 01/23/2022 - 00:24:32: [SM]   [2] Line 104, plugin.sp::Event_BombBeginDefusePlusFrame
L 01/23/2022 - 00:24:51: [SM] Exception reported: Language phrase "InstaDefuseSuccessful" not found (arg 5)
L 01/23/2022 - 00:24:51: [SM] Blaming: retakes-instadefuse.smx
L 01/23/2022 - 00:24:51: [SM] Call stack trace:
L 01/23/2022 - 00:24:51: [SM]   [0] PrintToChat
L 01/23/2022 - 00:24:51: [SM]   [1] Line 197, plugin.sp::AttemptInstantDefuse
L 01/23/2022 - 00:24:51: [SM]   [2] Line 104, plugin.sp::Event_BombBeginDefusePlusFrame
L 01/23/2022 - 00:25:40: [SM] Exception reported: Language phrase "InstaDefuseSuccessful" not found (arg 5)
L 01/23/2022 - 00:25:40: [SM] Blaming: retakes-instadefuse.smx
L 01/23/2022 - 00:25:40: [SM] Call stack trace:
L 01/23/2022 - 00:25:40: [SM]   [0] PrintToChat
L 01/23/2022 - 00:25:40: [SM]   [1] Line 197, plugin.sp::AttemptInstantDefuse
L 01/23/2022 - 00:25:40: [SM]   [2] Line 104, plugin.sp::Event_BombBeginDefusePlusFrame
L 01/23/2022 - 00:26:02: [SM] Exception reported: Language phrase "InstaDefuseSuccessful" not found (arg 5)
L 01/23/2022 - 00:26:02: [SM] Blaming: retakes-instadefuse.smx
L 01/23/2022 - 00:26:02: [SM] Call stack trace:
L 01/23/2022 - 00:26:02: [SM]   [0] PrintToChat
L 01/23/2022 - 00:26:02: [SM]   [1] Line 197, plugin.sp::AttemptInstantDefuse
L 01/23/2022 - 00:26:02: [SM]   [2] Line 104, plugin.sp::Event_BombBeginDefusePlusFrame
L 01/23/2022 - 00:26:27: [SM] Exception reported: Language phrase "InstaDefuseSuccessful" not found (arg 5)
L 01/23/2022 - 00:26:27: [SM] Blaming: retakes-instadefuse.smx
L 01/23/2022 - 00:26:27: [SM] Call stack trace:
L 01/23/2022 - 00:26:27: [SM]   [0] PrintToChat
L 01/23/2022 - 00:26:27: [SM]   [1] Line 197, plugin.sp::AttemptInstantDefuse
L 01/23/2022 - 00:26:27: [SM]   [2] Line 104, plugin.sp::Event_BombBeginDefusePlusFrame
L 01/23/2022 - 00:26:49: [SM] Exception reported: Language phrase "InstaDefuseSuccessful" not found (arg 5)
L 01/23/2022 - 00:26:49: [SM] Blaming: retakes-instadefuse.smx
L 01/23/2022 - 00:26:49: [SM] Call stack trace:
L 01/23/2022 - 00:26:49: [SM]   [0] PrintToChat
L 01/23/2022 - 00:26:49: [SM]   [1] Line 197, plugin.sp::AttemptInstantDefuse
L 01/23/2022 - 00:26:49: [SM]   [2] Line 104, plugin.sp::Event_BombBeginDefusePlusFrame
L 01/23/2022 - 00:27:30: [SM] Exception reported: Language phrase "InstaDefuseSuccessful" not found (arg 5)
L 01/23/2022 - 00:27:30: [SM] Blaming: retakes-instadefuse.smx
L 01/23/2022 - 00:27:30: [SM] Call stack trace:
L 01/23/2022 - 00:27:30: [SM]   [0] PrintToChat
L 01/23/2022 - 00:27:30: [SM]   [1] Line 197, plugin.sp::AttemptInstantDefuse
L 01/23/2022 - 00:27:30: [SM]   [2] Line 104, plugin.sp::Event_BombBeginDefusePlusFrame
L 01/23/2022 - 00:27:46: [SM] Exception reported: Language phrase "InstaDefuseSuccessful" not found (arg 5)
L 01/23/2022 - 00:27:46: [SM] Blaming: retakes-instadefuse.smx
L 01/23/2022 - 00:27:46: [SM] Call stack trace:
L 01/23/2022 - 00:27:46: [SM]   [0] PrintToChat
L 01/23/2022 - 00:27:46: [SM]   [1] Line 197, plugin.sp::AttemptInstantDefuse
L 01/23/2022 - 00:27:46: [SM]   [2] Line 104, plugin.sp::Event_BombBeginDefusePlusFrame
L 01/23/2022 - 00:28:04: [SM] Exception reported: Language phrase "InstaDefuseSuccessful" not found (arg 5)
L 01/23/2022 - 00:28:04: [SM] Blaming: retakes-instadefuse.smx
L 01/23/2022 - 00:28:04: [SM] Call stack trace:
L 01/23/2022 - 00:28:04: [SM]   [0] PrintToChat
L 01/23/2022 - 00:28:04: [SM]   [1] Line 197, plugin.sp::AttemptInstantDefuse
L 01/23/2022 - 00:28:04: [SM]   [2] Line 104, plugin.sp::Event_BombBeginDefusePlusFrame
L 01/23/2022 - 00:28:18: [SM] Exception reported: Language phrase "InstaDefuseSuccessful" not found (arg 5)
L 01/23/2022 - 00:28:19: [SM] Blaming: retakes-instadefuse.smx
L 01/23/2022 - 00:28:19: [SM] Call stack trace:
L 01/23/2022 - 00:28:19: [SM]   [0] PrintToChat
L 01/23/2022 - 00:28:19: [SM]   [1] Line 197, plugin.sp::AttemptInstantDefuse
L 01/23/2022 - 00:28:19: [SM]   [2] Line 104, plugin.sp::Event_BombBeginDefusePlusFrame
L 01/23/2022 - 00:28:39: [SM] Exception reported: Language phrase "InstaDefuseSuccessful" not found (arg 5)
L 01/23/2022 - 00:28:39: [SM] Blaming: retakes-instadefuse.smx
L 01/23/2022 - 00:28:39: [SM] Call stack trace:
L 01/23/2022 - 00:28:39: [SM]   [0] PrintToChat
L 01/23/2022 - 00:28:39: [SM]   [1] Line 197, plugin.sp::AttemptInstantDefuse
L 01/23/2022 - 00:28:39: [SM]   [2] Line 104, plugin.sp::Event_BombBeginDefusePlusFrame
L 01/23/2022 - 00:29:16: [SM] Exception reported: Language phrase "InstaDefuseSuccessful" not found (arg 5)
L 01/23/2022 - 00:29:16: [SM] Blaming: retakes-instadefuse.smx
L 01/23/2022 - 00:29:16: [SM] Call stack trace:
L 01/23/2022 - 00:29:16: [SM]   [0] PrintToChat
L 01/23/2022 - 00:29:16: [SM]   [1] Line 197, plugin.sp::AttemptInstantDefuse
L 01/23/2022 - 00:29:16: [SM]   [2] Line 104, plugin.sp::Event_BombBeginDefusePlusFrame
L 01/23/2022 - 00:29:39: [SM] Exception reported: Language phrase "InstaDefuseSuccessful" not found (arg 5)
L 01/23/2022 - 00:29:39: [SM] Blaming: retakes-instadefuse.smx
L 01/23/2022 - 00:29:39: [SM] Call stack trace:
L 01/23/2022 - 00:29:39: [SM]   [0] PrintToChat
L 01/23/2022 - 00:29:39: [SM]   [1] Line 197, plugin.sp::AttemptInstantDefuse
L 01/23/2022 - 00:29:39: [SM]   [2] Line 104, plugin.sp::Event_BombBeginDefusePlusFrame
L 01/23/2022 - 00:30:37: [SM] Exception reported: Language phrase "InstaDefuseSuccessful" not found (arg 5)
L 01/23/2022 - 00:30:37: [SM] Blaming: retakes-instadefuse.smx
L 01/23/2022 - 00:30:37: [SM] Call stack trace:
L 01/23/2022 - 00:30:37: [SM]   [0] PrintToChat
L 01/23/2022 - 00:30:37: [SM]   [1] Line 197, plugin.sp::AttemptInstantDefuse
L 01/23/2022 - 00:30:37: [SM]   [2] Line 104, plugin.sp::Event_BombBeginDefusePlusFrame
L 01/23/2022 - 00:30:55: [SM] Exception reported: Language phrase "InstaDefuseSuccessful" not found (arg 5)
L 01/23/2022 - 00:30:55: [SM] Blaming: retakes-instadefuse.smx
L 01/23/2022 - 00:30:55: [SM] Call stack trace:
L 01/23/2022 - 00:30:55: [SM]   [0] PrintToChat
L 01/23/2022 - 00:30:55: [SM]   [1] Line 197, plugin.sp::AttemptInstantDefuse
L 01/23/2022 - 00:30:55: [SM]   [2] Line 104, plugin.sp::Event_BombBeginDefusePlusFrame
L 01/23/2022 - 00:31:10: [SM] Exception reported: Language phrase "InstaDefuseSuccessful" not found (arg 5)
L 01/23/2022 - 00:31:10: [SM] Blaming: retakes-instadefuse.smx
L 01/23/2022 - 00:31:10: [SM] Call stack trace:
L 01/23/2022 - 00:31:10: [SM]   [0] PrintToChat
L 01/23/2022 - 00:31:10: [SM]   [1] Line 197, plugin.sp::AttemptInstantDefuse
L 01/23/2022 - 00:31:10: [SM]   [2] Line 104, plugin.sp::Event_BombBeginDefusePlusFrame
L 01/23/2022 - 00:31:27: [SM] Exception reported: Language phrase "InstaDefuseSuccessful" not found (arg 5)
L 01/23/2022 - 00:31:27: [SM] Blaming: retakes-instadefuse.smx
L 01/23/2022 - 00:31:27: [SM] Call stack trace:
L 01/23/2022 - 00:31:27: [SM]   [0] PrintToChat
L 01/23/2022 - 00:31:27: [SM]   [1] Line 197, plugin.sp::AttemptInstantDefuse
L 01/23/2022 - 00:31:27: [SM]   [2] Line 104, plugin.sp::Event_BombBeginDefusePlusFrame
L 01/23/2022 - 00:31:42: [SM] Exception reported: Language phrase "InstaDefuseSuccessful" not found (arg 5)
L 01/23/2022 - 00:31:42: [SM] Blaming: retakes-instadefuse.smx
L 01/23/2022 - 00:31:42: [SM] Call stack trace:
L 01/23/2022 - 00:31:42: [SM]   [0] PrintToChat
L 01/23/2022 - 00:31:42: [SM]   [1] Line 197, plugin.sp::AttemptInstantDefuse
L 01/23/2022 - 00:31:42: [SM]   [2] Line 104, plugin.sp::Event_BombBeginDefusePlusFrame
L 01/23/2022 - 00:32:01: [SM] Exception reported: Language phrase "InstaDefuseSuccessful" not found (arg 5)
L 01/23/2022 - 00:32:01: [SM] Blaming: retakes-instadefuse.smx
L 01/23/2022 - 00:32:01: [SM] Call stack trace:
L 01/23/2022 - 00:32:01: [SM]   [0] PrintToChat
L 01/23/2022 - 00:32:01: [SM]   [1] Line 197, plugin.sp::AttemptInstantDefuse
L 01/23/2022 - 00:32:01: [SM]   [2] Line 104, plugin.sp::Event_BombBeginDefusePlusFrame
L 01/23/2022 - 00:32:36: [SM] Exception reported: Language phrase "InstaDefuseSuccessful" not found (arg 5)
L 01/23/2022 - 00:32:36: [SM] Blaming: retakes-instadefuse.smx
L 01/23/2022 - 00:32:36: [SM] Call stack trace:
L 01/23/2022 - 00:32:36: [SM]   [0] PrintToChat
L 01/23/2022 - 00:32:36: [SM]   [1] Line 197, plugin.sp::AttemptInstantDefuse
L 01/23/2022 - 00:32:36: [SM]   [2] Line 104, plugin.sp::Event_BombBeginDefusePlusFrame
L 01/23/2022 - 00:32:50: [SM] Exception reported: Language phrase "InstaDefuseSuccessful" not found (arg 5)
L 01/23/2022 - 00:32:50: [SM] Blaming: retakes-instadefuse.smx
L 01/23/2022 - 00:32:50: [SM] Call stack trace:
L 01/23/2022 - 00:32:50: [SM]   [0] PrintToChat
L 01/23/2022 - 00:32:50: [SM]   [1] Line 197, plugin.sp::AttemptInstantDefuse
L 01/23/2022 - 00:32:50: [SM]   [2] Line 104, plugin.sp::Event_BombBeginDefusePlusFrame
L 01/23/2022 - 00:33:13: [SM] Exception reported: Language phrase "InstaDefuseSuccessful" not found (arg 5)
L 01/23/2022 - 00:33:13: [SM] Blaming: retakes-instadefuse.smx
L 01/23/2022 - 00:33:13: [SM] Call stack trace:
L 01/23/2022 - 00:33:13: [SM]   [0] PrintToChat
L 01/23/2022 - 00:33:13: [SM]   [1] Line 197, plugin.sp::AttemptInstantDefuse
L 01/23/2022 - 00:33:13: [SM]   [2] Line 104, plugin.sp::Event_BombBeginDefusePlusFrame
L 01/23/2022 - 00:33:30: [SM] Exception reported: Language phrase "InstaDefuseSuccessful" not found (arg 5)
L 01/23/2022 - 00:33:30: [SM] Blaming: retakes-instadefuse.smx
L 01/23/2022 - 00:33:30: [SM] Call stack trace:
L 01/23/2022 - 00:33:30: [SM]   [0] PrintToChat
L 01/23/2022 - 00:33:30: [SM]   [1] Line 197, plugin.sp::AttemptInstantDefuse
L 01/23/2022 - 00:33:30: [SM]   [2] Line 104, plugin.sp::Event_BombBeginDefusePlusFrame
L 01/23/2022 - 00:33:44: [SM] Exception reported: Language phrase "InstaDefuseSuccessful" not found (arg 5)
L 01/23/2022 - 00:33:44: [SM] Blaming: retakes-instadefuse.smx
L 01/23/2022 - 00:33:44: [SM] Call stack trace:
L 01/23/2022 - 00:33:44: [SM]   [0] PrintToChat
L 01/23/2022 - 00:33:44: [SM]   [1] Line 197, plugin.sp::AttemptInstantDefuse
L 01/23/2022 - 00:33:44: [SM]   [2] Line 104, plugin.sp::Event_BombBeginDefusePlusFrame
L 01/23/2022 - 00:34:01: [SM] Exception reported: Language phrase "InstaDefuseSuccessful" not found (arg 5)
L 01/23/2022 - 00:34:01: [SM] Blaming: retakes-instadefuse.smx
L 01/23/2022 - 00:34:01: [SM] Call stack trace:
L 01/23/2022 - 00:34:01: [SM]   [0] PrintToChat
L 01/23/2022 - 00:34:01: [SM]   [1] Line 197, plugin.sp::AttemptInstantDefuse
L 01/23/2022 - 00:34:01: [SM]   [2] Line 104, plugin.sp::Event_BombBeginDefusePlusFrame
L 01/23/2022 - 00:35:19: [SM] Exception reported: Language phrase "InstaDefuseSuccessful" not found (arg 5)
L 01/23/2022 - 00:35:19: [SM] Blaming: retakes-instadefuse.smx
L 01/23/2022 - 00:35:19: [SM] Call stack trace:
L 01/23/2022 - 00:35:19: [SM]   [0] PrintToChat
L 01/23/2022 - 00:35:19: [SM]   [1] Line 197, plugin.sp::AttemptInstantDefuse
L 01/23/2022 - 00:35:19: [SM]   [2] Line 104, plugin.sp::Event_BombBeginDefusePlusFrame
L 01/23/2022 - 00:35:21: [SM] Exception reported: Language phrase "InstaDefuseSuccessful" not found (arg 5)
L 01/23/2022 - 00:35:21: [SM] Blaming: retakes-instadefuse.smx
L 01/23/2022 - 00:35:21: [SM] Call stack trace:
L 01/23/2022 - 00:35:21: [SM]   [0] PrintToChat
L 01/23/2022 - 00:35:21: [SM]   [1] Line 197, plugin.sp::AttemptInstantDefuse
L 01/23/2022 - 00:35:21: [SM]   [2] Line 104, plugin.sp::Event_BombBeginDefusePlusFrame
L 01/23/2022 - 00:36:13: [SM] Exception reported: Language phrase "InstaDefuseSuccessful" not found (arg 5)
L 01/23/2022 - 00:36:13: [SM] Blaming: retakes-instadefuse.smx
L 01/23/2022 - 00:36:13: [SM] Call stack trace:
L 01/23/2022 - 00:36:13: [SM]   [0] PrintToChat
L 01/23/2022 - 00:36:13: [SM]   [1] Line 197, plugin.sp::AttemptInstantDefuse
L 01/23/2022 - 00:36:13: [SM]   [2] Line 104, plugin.sp::Event_BombBeginDefusePlusFrame
L 01/23/2022 - 00:37:11: [SM] Exception reported: Language phrase "InstaDefuseSuccessful" not found (arg 5)
L 01/23/2022 - 00:37:11: [SM] Blaming: retakes-instadefuse.smx
L 01/23/2022 - 00:37:11: [SM] Call stack trace:
L 01/23/2022 - 00:37:11: [SM]   [0] PrintToChat
L 01/23/2022 - 00:37:11: [SM]   [1] Line 197, plugin.sp::AttemptInstantDefuse
L 01/23/2022 - 00:37:11: [SM]   [2] Line 104, plugin.sp::Event_BombBeginDefusePlusFrame
L 01/23/2022 - 00:38:05: [SM] Exception reported: Language phrase "InstaDefuseSuccessful" not found (arg 5)
L 01/23/2022 - 00:38:05: [SM] Blaming: retakes-instadefuse.smx
L 01/23/2022 - 00:38:05: [SM] Call stack trace:
L 01/23/2022 - 00:38:05: [SM]   [0] PrintToChat
L 01/23/2022 - 00:38:05: [SM]   [1] Line 197, plugin.sp::AttemptInstantDefuse
L 01/23/2022 - 00:38:05: [SM]   [2] Line 104, plugin.sp::Event_BombBeginDefusePlusFrame
L 01/23/2022 - 00:38:28: [SM] Exception reported: Language phrase "InstaDefuseSuccessful" not found (arg 5)
L 01/23/2022 - 00:38:28: [SM] Blaming: retakes-instadefuse.smx
L 01/23/2022 - 00:38:28: [SM] Call stack trace:
L 01/23/2022 - 00:38:28: [SM]   [0] PrintToChat
L 01/23/2022 - 00:38:28: [SM]   [1] Line 197, plugin.sp::AttemptInstantDefuse
L 01/23/2022 - 00:38:28: [SM]   [2] Line 104, plugin.sp::Event_BombBeginDefusePlusFrame
L 01/23/2022 - 00:39:18: [SM] Exception reported: Language phrase "InstaDefuseSuccessful" not found (arg 5)
L 01/23/2022 - 00:39:18: [SM] Blaming: retakes-instadefuse.smx
L 01/23/2022 - 00:39:18: [SM] Call stack trace:
L 01/23/2022 - 00:39:18: [SM]   [0] PrintToChat
L 01/23/2022 - 00:39:18: [SM]   [1] Line 197, plugin.sp::AttemptInstantDefuse
L 01/23/2022 - 00:39:18: [SM]   [2] Line 104, plugin.sp::Event_BombBeginDefusePlusFrame
L 01/23/2022 - 00:41:17: [SM] Exception reported: Language phrase "InstaDefuseSuccessful" not found (arg 5)
L 01/23/2022 - 00:41:17: [SM] Blaming: retakes-instadefuse.smx
L 01/23/2022 - 00:41:17: [SM] Call stack trace:
L 01/23/2022 - 00:41:17: [SM]   [0] PrintToChat
L 01/23/2022 - 00:41:17: [SM]   [1] Line 197, plugin.sp::AttemptInstantDefuse
L 01/23/2022 - 00:41:17: [SM]   [2] Line 104, plugin.sp::Event_BombBeginDefusePlusFrame
L 01/23/2022 - 00:41:35: [SM] Exception reported: Language phrase "InstaDefuseSuccessful" not found (arg 5)
L 01/23/2022 - 00:41:35: [SM] Blaming: retakes-instadefuse.smx
L 01/23/2022 - 00:41:35: [SM] Call stack trace:
L 01/23/2022 - 00:41:35: [SM]   [0] PrintToChat
L 01/23/2022 - 00:41:35: [SM]   [1] Line 197, plugin.sp::AttemptInstantDefuse
L 01/23/2022 - 00:41:35: [SM]   [2] Line 104, plugin.sp::Event_BombBeginDefusePlusFrame
L 01/23/2022 - 00:42:22: [SM] Exception reported: Language phrase "InstaDefuseSuccessful" not found (arg 5)
L 01/23/2022 - 00:42:22: [SM] Blaming: retakes-instadefuse.smx
L 01/23/2022 - 00:42:22: [SM] Call stack trace:
L 01/23/2022 - 00:42:22: [SM]   [0] PrintToChat
L 01/23/2022 - 00:42:22: [SM]   [1] Line 197, plugin.sp::AttemptInstantDefuse
L 01/23/2022 - 00:42:22: [SM]   [2] Line 104, plugin.sp::Event_BombBeginDefusePlusFrame
L 01/23/2022 - 00:43:08: [SM] Exception reported: Language phrase "InstaDefuseSuccessful" not found (arg 5)
L 01/23/2022 - 00:43:08: [SM] Blaming: retakes-instadefuse.smx
L 01/23/2022 - 00:43:08: [SM] Call stack trace:
L 01/23/2022 - 00:43:08: [SM]   [0] PrintToChat
L 01/23/2022 - 00:43:08: [SM]   [1] Line 197, plugin.sp::AttemptInstantDefuse
L 01/23/2022 - 00:43:08: [SM]   [2] Line 104, plugin.sp::Event_BombBeginDefusePlusFrame
L 01/23/2022 - 00:43:30: [SM] Exception reported: Language phrase "InstaDefuseSuccessful" not found (arg 5)
L 01/23/2022 - 00:43:30: [SM] Blaming: retakes-instadefuse.smx
L 01/23/2022 - 00:43:30: [SM] Call stack trace:
L 01/23/2022 - 00:43:30: [SM]   [0] PrintToChat
L 01/23/2022 - 00:43:30: [SM]   [1] Line 197, plugin.sp::AttemptInstantDefuse
L 01/23/2022 - 00:43:30: [SM]   [2] Line 104, plugin.sp::Event_BombBeginDefusePlusFrame
L 01/23/2022 - 00:44:44: [SM] Exception reported: Language phrase "InstaDefuseSuccessful" not found (arg 5)
L 01/23/2022 - 00:44:44: [SM] Blaming: retakes-instadefuse.smx
L 01/23/2022 - 00:44:44: [SM] Call stack trace:
L 01/23/2022 - 00:44:44: [SM]   [0] PrintToChat
L 01/23/2022 - 00:44:44: [SM]   [1] Line 197, plugin.sp::AttemptInstantDefuse
L 01/23/2022 - 00:44:44: [SM]   [2] Line 104, plugin.sp::Event_BombBeginDefusePlusFrame
L 01/23/2022 - 00:45:15: [SM] Exception reported: Language phrase "InstaDefuseSuccessful" not found (arg 5)
L 01/23/2022 - 00:45:15: [SM] Blaming: retakes-instadefuse.smx
L 01/23/2022 - 00:45:16: [SM] Call stack trace:
L 01/23/2022 - 00:45:16: [SM]   [0] PrintToChat
L 01/23/2022 - 00:45:16: [SM]   [1] Line 197, plugin.sp::AttemptInstantDefuse
L 01/23/2022 - 00:45:16: [SM]   [2] Line 104, plugin.sp::Event_BombBeginDefusePlusFrame
L 01/23/2022 - 00:45:55: SourceMod error session started
L 01/23/2022 - 00:45:55: Info (map "de_mirage") (file "E:\retake\csgoserver\csgo\addons\sourcemod\logs\errors_20220123.log")
L 01/23/2022 - 00:45:55: [SM] Unable to load extension "PhysHooks.ext": Could not find patch signature for symbol: Physics_RunThinkFunctions
L 01/23/2022 - 00:45:55: [SM] Unable to load plugin "bot_inventory.smx": Native "eItems_AreItemsSynced" was not found
L 01/23/2022 - 00:45:55: [SM] Unable to load plugin "bot_stuff.smx": Could not find required plugin "navmesh"
L 01/23/2022 - 00:45:55: [SM] Unable to load plugin "LagCompensation.smx": Required extension "PhysHooks" file("PhysHooks.ext") not running
L 01/23/2022 - 00:45:55: [SM] Fatal error encountered parsing translation file "ranks_matchmaking.phrases.txt"
L 01/23/2022 - 00:45:55: [SM] Error (line 0, column 0): Stream failed to open
L 01/23/2022 - 00:45:55: [SM] Fatal error encountered parsing translation file "instadefuse.phrases.txt"
L 01/23/2022 - 00:45:55: [SM] Error (line 0, column 0): Stream failed to open
L 01/23/2022 - 00:46:02: [SM] Exception reported: Language phrase "Unranked" not found (arg 5)
L 01/23/2022 - 00:46:02: [SM] Blaming: ranks_matchmaking.smx
L 01/23/2022 - 00:46:02: [SM] Call stack trace:
L 01/23/2022 - 00:46:02: [SM]   [0] FormatEx
L 01/23/2022 - 00:46:02: [SM]   [1] Line 174, ranks_matchmaking.sp::GetRanksNames
L 01/23/2022 - 00:46:02: [SM]   [2] Line 169, ranks_matchmaking.sp::OnMapStart
L 01/23/2022 - 00:47:12: SourceMod error session started
L 01/23/2022 - 00:47:12: Info (map "de_mirage") (file "E:\retake\csgoserver\csgo\addons\sourcemod\logs\errors_20220123.log")
L 01/23/2022 - 00:47:12: [SM] Unable to load extension "PhysHooks.ext": Could not find patch signature for symbol: Physics_RunThinkFunctions
L 01/23/2022 - 00:47:12: [SM] Unable to load plugin "bot_inventory.smx": Native "eItems_AreItemsSynced" was not found
L 01/23/2022 - 00:47:12: [SM] Unable to load plugin "bot_stuff.smx": Could not find required plugin "navmesh"
L 01/23/2022 - 00:47:12: [SM] Unable to load plugin "LagCompensation.smx": Required extension "PhysHooks" file("PhysHooks.ext") not running
L 01/23/2022 - 00:47:12: [SM] Fatal error encountered parsing translation file "ranks_matchmaking.phrases.txt"
L 01/23/2022 - 00:47:12: [SM] Error (line 0, column 0): Stream failed to open
L 01/23/2022 - 00:47:12: [SM] Fatal error encountered parsing translation file "instadefuse.phrases.txt"
L 01/23/2022 - 00:47:12: [SM] Error (line 0, column 0): Stream failed to open
L 01/23/2022 - 00:47:15: [SM] Exception reported: Language phrase "Unranked" not found (arg 5)
L 01/23/2022 - 00:47:15: [SM] Blaming: ranks_matchmaking.smx
L 01/23/2022 - 00:47:15: [SM] Call stack trace:
L 01/23/2022 - 00:47:15: [SM]   [0] FormatEx
L 01/23/2022 - 00:47:15: [SM]   [1] Line 174, ranks_matchmaking.sp::GetRanksNames
L 01/23/2022 - 00:47:15: [SM]   [2] Line 169, ranks_matchmaking.sp::OnMapStart
L 01/23/2022 - 00:47:19: Error log file session closed.
L 01/23/2022 - 00:47:19: SourceMod error session started
L 01/23/2022 - 00:47:19: Info (map "de_mirage") (file "E:\retake\csgoserver\csgo\addons\sourcemod\logs\errors_20220123.log")
L 01/23/2022 - 00:47:19: [SM] Fatal error encountered parsing translation file "ranks_matchmaking.phrases.txt"
L 01/23/2022 - 00:47:19: [SM] Error (line 0, column 0): Stream failed to open
L 01/23/2022 - 00:47:19: [SM] Fatal error encountered parsing translation file "instadefuse.phrases.txt"
L 01/23/2022 - 00:47:19: [SM] Error (line 0, column 0): Stream failed to open
L 01/23/2022 - 00:47:20: [SM] Exception reported: Language phrase "Unranked" not found (arg 5)
L 01/23/2022 - 00:47:20: [SM] Blaming: ranks_matchmaking.smx
L 01/23/2022 - 00:47:20: [SM] Call stack trace:
L 01/23/2022 - 00:47:20: [SM]   [0] FormatEx
L 01/23/2022 - 00:47:20: [SM]   [1] Line 174, ranks_matchmaking.sp::GetRanksNames
L 01/23/2022 - 00:47:20: [SM]   [2] Line 169, ranks_matchmaking.sp::OnMapStart
L 01/23/2022 - 00:48:38: Error log file session closed.
L 01/23/2022 - 00:48:38: SourceMod error session started
L 01/23/2022 - 00:48:38: Info (map "de_cache") (file "E:\retake\csgoserver\csgo\addons\sourcemod\logs\errors_20220123.log")
L 01/23/2022 - 00:48:38: [SM] Fatal error encountered parsing translation file "ranks_matchmaking.phrases.txt"
L 01/23/2022 - 00:48:38: [SM] Error (line 0, column 0): Stream failed to open
L 01/23/2022 - 00:48:38: [SM] Fatal error encountered parsing translation file "instadefuse.phrases.txt"
L 01/23/2022 - 00:48:38: [SM] Error (line 0, column 0): Stream failed to open
L 01/23/2022 - 00:48:40: [SM] Exception reported: Language phrase "Unranked" not found (arg 5)
L 01/23/2022 - 00:48:40: [SM] Blaming: ranks_matchmaking.smx
L 01/23/2022 - 00:48:40: [SM] Call stack trace:
L 01/23/2022 - 00:48:40: [SM]   [0] FormatEx
L 01/23/2022 - 00:48:40: [SM]   [1] Line 174, ranks_matchmaking.sp::GetRanksNames
L 01/23/2022 - 00:48:40: [SM]   [2] Line 169, ranks_matchmaking.sp::OnMapStart
L 01/23/2022 - 00:50:07: [SM] Exception reported: Language phrase "InstaDefuseSuccessful" not found (arg 5)
L 01/23/2022 - 00:50:07: [SM] Blaming: retakes-instadefuse.smx
L 01/23/2022 - 00:50:07: [SM] Call stack trace:
L 01/23/2022 - 00:50:07: [SM]   [0] PrintToChat
L 01/23/2022 - 00:50:07: [SM]   [1] Line 197, plugin.sp::AttemptInstantDefuse
L 01/23/2022 - 00:50:07: [SM]   [2] Line 104, plugin.sp::Event_BombBeginDefusePlusFrame
L 01/23/2022 - 00:51:07: [SM] Exception reported: Language phrase "InstaDefuseSuccessful" not found (arg 5)
L 01/23/2022 - 00:51:07: [SM] Blaming: retakes-instadefuse.smx
L 01/23/2022 - 00:51:07: [SM] Call stack trace:
L 01/23/2022 - 00:51:07: [SM]   [0] PrintToChat
L 01/23/2022 - 00:51:07: [SM]   [1] Line 197, plugin.sp::AttemptInstantDefuse
L 01/23/2022 - 00:51:07: [SM]   [2] Line 104, plugin.sp::Event_BombBeginDefusePlusFrame
L 01/23/2022 - 00:51:08: [SM] Exception reported: Language phrase "InstaDefuseSuccessful" not found (arg 5)
L 01/23/2022 - 00:51:08: [SM] Blaming: retakes-instadefuse.smx
L 01/23/2022 - 00:51:08: [SM] Call stack trace:
L 01/23/2022 - 00:51:09: [SM]   [0] PrintToChat
L 01/23/2022 - 00:51:09: [SM]   [1] Line 197, plugin.sp::AttemptInstantDefuse
L 01/23/2022 - 00:51:09: [SM]   [2] Line 104, plugin.sp::Event_BombBeginDefusePlusFrame
L 01/23/2022 - 00:51:42: [SM] Exception reported: Language phrase "InstaDefuseSuccessful" not found (arg 5)
L 01/23/2022 - 00:51:42: [SM] Blaming: retakes-instadefuse.smx
L 01/23/2022 - 00:51:42: [SM] Call stack trace:
L 01/23/2022 - 00:51:42: [SM]   [0] PrintToChat
L 01/23/2022 - 00:51:42: [SM]   [1] Line 197, plugin.sp::AttemptInstantDefuse
L 01/23/2022 - 00:51:42: [SM]   [2] Line 104, plugin.sp::Event_BombBeginDefusePlusFrame
L 01/23/2022 - 00:52:19: [SM] Exception reported: Language phrase "InstaDefuseSuccessful" not found (arg 5)
L 01/23/2022 - 00:52:19: [SM] Blaming: retakes-instadefuse.smx
L 01/23/2022 - 00:52:19: [SM] Call stack trace:
L 01/23/2022 - 00:52:19: [SM]   [0] PrintToChat
L 01/23/2022 - 00:52:19: [SM]   [1] Line 197, plugin.sp::AttemptInstantDefuse
L 01/23/2022 - 00:52:19: [SM]   [2] Line 104, plugin.sp::Event_BombBeginDefusePlusFrame
L 01/23/2022 - 00:52:37: [SM] Exception reported: Language phrase "InstaDefuseSuccessful" not found (arg 5)
L 01/23/2022 - 00:52:37: [SM] Blaming: retakes-instadefuse.smx
L 01/23/2022 - 00:52:37: [SM] Call stack trace:
L 01/23/2022 - 00:52:37: [SM]   [0] PrintToChat
L 01/23/2022 - 00:52:37: [SM]   [1] Line 197, plugin.sp::AttemptInstantDefuse
L 01/23/2022 - 00:52:37: [SM]   [2] Line 104, plugin.sp::Event_BombBeginDefusePlusFrame
L 01/23/2022 - 00:53:22: [SM] Exception reported: Language phrase "InstaDefuseSuccessful" not found (arg 5)
L 01/23/2022 - 00:53:22: [SM] Blaming: retakes-instadefuse.smx
L 01/23/2022 - 00:53:22: [SM] Call stack trace:
L 01/23/2022 - 00:53:22: [SM]   [0] PrintToChat
L 01/23/2022 - 00:53:22: [SM]   [1] Line 197, plugin.sp::AttemptInstantDefuse
L 01/23/2022 - 00:53:22: [SM]   [2] Line 104, plugin.sp::Event_BombBeginDefusePlusFrame
L 01/23/2022 - 00:54:19: [SM] Exception reported: Language phrase "InstaDefuseSuccessful" not found (arg 5)
L 01/23/2022 - 00:54:19: [SM] Blaming: retakes-instadefuse.smx
L 01/23/2022 - 00:54:19: [SM] Call stack trace:
L 01/23/2022 - 00:54:19: [SM]   [0] PrintToChat
L 01/23/2022 - 00:54:19: [SM]   [1] Line 197, plugin.sp::AttemptInstantDefuse
L 01/23/2022 - 00:54:19: [SM]   [2] Line 104, plugin.sp::Event_BombBeginDefusePlusFrame
L 01/23/2022 - 00:54:56: [SM] Exception reported: Language phrase "InstaDefuseSuccessful" not found (arg 5)
L 01/23/2022 - 00:54:56: [SM] Blaming: retakes-instadefuse.smx
L 01/23/2022 - 00:54:56: [SM] Call stack trace:
L 01/23/2022 - 00:54:56: [SM]   [0] PrintToChat
L 01/23/2022 - 00:54:56: [SM]   [1] Line 197, plugin.sp::AttemptInstantDefuse
L 01/23/2022 - 00:54:56: [SM]   [2] Line 104, plugin.sp::Event_BombBeginDefusePlusFrame
L 01/23/2022 - 00:55:28: [SM] Exception reported: Language phrase "InstaDefuseSuccessful" not found (arg 5)
L 01/23/2022 - 00:55:28: [SM] Blaming: retakes-instadefuse.smx
L 01/23/2022 - 00:55:28: [SM] Call stack trace:
L 01/23/2022 - 00:55:29: [SM]   [0] PrintToChat
L 01/23/2022 - 00:55:29: [SM]   [1] Line 197, plugin.sp::AttemptInstantDefuse
L 01/23/2022 - 00:55:29: [SM]   [2] Line 104, plugin.sp::Event_BombBeginDefusePlusFrame
L 01/23/2022 - 00:56:26: [SM] Exception reported: Language phrase "InstaDefuseSuccessful" not found (arg 5)
L 01/23/2022 - 00:56:26: [SM] Blaming: retakes-instadefuse.smx
L 01/23/2022 - 00:56:26: [SM] Call stack trace:
L 01/23/2022 - 00:56:26: [SM]   [0] PrintToChat
L 01/23/2022 - 00:56:26: [SM]   [1] Line 197, plugin.sp::AttemptInstantDefuse
L 01/23/2022 - 00:56:26: [SM]   [2] Line 104, plugin.sp::Event_BombBeginDefusePlusFrame
L 01/23/2022 - 00:57:08: [SM] Exception reported: Language phrase "InstaDefuseUnsuccessful" not found (arg 5)
L 01/23/2022 - 00:57:08: [SM] Blaming: retakes-instadefuse.smx
L 01/23/2022 - 00:57:08: [SM] Call stack trace:
L 01/23/2022 - 00:57:08: [SM]   [0] PrintToChat
L 01/23/2022 - 00:57:08: [SM]   [1] Line 143, plugin.sp::AttemptInstantDefuse
L 01/23/2022 - 00:57:08: [SM]   [2] Line 104, plugin.sp::Event_BombBeginDefusePlusFrame
L 01/23/2022 - 00:57:08: [SM] Exception reported: Language phrase "InstaDefuseUnsuccessful" not found (arg 5)
L 01/23/2022 - 00:57:08: [SM] Blaming: retakes-instadefuse.smx
L 01/23/2022 - 00:57:08: [SM] Call stack trace:
L 01/23/2022 - 00:57:08: [SM]   [0] PrintToChat
L 01/23/2022 - 00:57:08: [SM]   [1] Line 143, plugin.sp::AttemptInstantDefuse
L 01/23/2022 - 00:57:08: [SM]   [2] Line 104, plugin.sp::Event_BombBeginDefusePlusFrame
L 01/23/2022 - 00:57:31: [SM] Exception reported: Language phrase "InstaDefuseSuccessful" not found (arg 5)
L 01/23/2022 - 00:57:31: [SM] Blaming: retakes-instadefuse.smx
L 01/23/2022 - 00:57:31: [SM] Call stack trace:
L 01/23/2022 - 00:57:31: [SM]   [0] PrintToChat
L 01/23/2022 - 00:57:31: [SM]   [1] Line 197, plugin.sp::AttemptInstantDefuse
L 01/23/2022 - 00:57:31: [SM]   [2] Line 104, plugin.sp::Event_BombBeginDefusePlusFrame
L 01/23/2022 - 00:57:49: [SM] Exception reported: Language phrase "InstaDefuseSuccessful" not found (arg 5)
L 01/23/2022 - 00:57:49: [SM] Blaming: retakes-instadefuse.smx
L 01/23/2022 - 00:57:49: [SM] Call stack trace:
L 01/23/2022 - 00:57:49: [SM]   [0] PrintToChat
L 01/23/2022 - 00:57:49: [SM]   [1] Line 197, plugin.sp::AttemptInstantDefuse
L 01/23/2022 - 00:57:49: [SM]   [2] Line 104, plugin.sp::Event_BombBeginDefusePlusFrame
L 01/23/2022 - 00:58:06: [SM] Exception reported: Language phrase "InstaDefuseSuccessful" not found (arg 5)
L 01/23/2022 - 00:58:06: [SM] Blaming: retakes-instadefuse.smx
L 01/23/2022 - 00:58:06: [SM] Call stack trace:
L 01/23/2022 - 00:58:06: [SM]   [0] PrintToChat
L 01/23/2022 - 00:58:06: [SM]   [1] Line 197, plugin.sp::AttemptInstantDefuse
L 01/23/2022 - 00:58:06: [SM]   [2] Line 104, plugin.sp::Event_BombBeginDefusePlusFrame
L 01/23/2022 - 00:58:27: [SM] Exception reported: Language phrase "InstaDefuseSuccessful" not found (arg 5)
L 01/23/2022 - 00:58:27: [SM] Blaming: retakes-instadefuse.smx
L 01/23/2022 - 00:58:27: [SM] Call stack trace:
L 01/23/2022 - 00:58:27: [SM]   [0] PrintToChat
L 01/23/2022 - 00:58:27: [SM]   [1] Line 197, plugin.sp::AttemptInstantDefuse
L 01/23/2022 - 00:58:27: [SM]   [2] Line 104, plugin.sp::Event_BombBeginDefusePlusFrame
L 01/23/2022 - 00:59:35: [SM] Exception reported: Language phrase "InstaDefuseSuccessful" not found (arg 5)
L 01/23/2022 - 00:59:35: [SM] Blaming: retakes-instadefuse.smx
L 01/23/2022 - 00:59:35: [SM] Call stack trace:
L 01/23/2022 - 00:59:35: [SM]   [0] PrintToChat
L 01/23/2022 - 00:59:35: [SM]   [1] Line 197, plugin.sp::AttemptInstantDefuse
L 01/23/2022 - 00:59:35: [SM]   [2] Line 104, plugin.sp::Event_BombBeginDefusePlusFrame
L 01/23/2022 - 00:59:54: [SM] Exception reported: Language phrase "InstaDefuseSuccessful" not found (arg 5)
L 01/23/2022 - 00:59:54: [SM] Blaming: retakes-instadefuse.smx
L 01/23/2022 - 00:59:54: [SM] Call stack trace:
L 01/23/2022 - 00:59:54: [SM]   [0] PrintToChat
L 01/23/2022 - 00:59:54: [SM]   [1] Line 197, plugin.sp::AttemptInstantDefuse
L 01/23/2022 - 00:59:54: [SM]   [2] Line 104, plugin.sp::Event_BombBeginDefusePlusFrame
L 01/23/2022 - 01:00:15: [SM] Exception reported: Language phrase "LiveNadeSomewhere" not found (arg 5)
L 01/23/2022 - 01:00:15: [SM] Blaming: retakes-instadefuse.smx
L 01/23/2022 - 01:00:15: [SM] Call stack trace:
L 01/23/2022 - 01:00:15: [SM]   [0] PrintToChat
L 01/23/2022 - 01:00:15: [SM]   [1] Line 168, plugin.sp::AttemptInstantDefuse
L 01/23/2022 - 01:00:15: [SM]   [2] Line 104, plugin.sp::Event_BombBeginDefusePlusFrame
L 01/23/2022 - 01:00:48: [SM] Exception reported: Language phrase "InstaDefuseSuccessful" not found (arg 5)
L 01/23/2022 - 01:00:48: [SM] Blaming: retakes-instadefuse.smx
L 01/23/2022 - 01:00:48: [SM] Call stack trace:
L 01/23/2022 - 01:00:48: [SM]   [0] PrintToChat
L 01/23/2022 - 01:00:48: [SM]   [1] Line 197, plugin.sp::AttemptInstantDefuse
L 01/23/2022 - 01:00:48: [SM]   [2] Line 104, plugin.sp::Event_BombBeginDefusePlusFrame
L 01/23/2022 - 01:01:31: [SM] Exception reported: Language phrase "InstaDefuseSuccessful" not found (arg 5)
L 01/23/2022 - 01:01:31: [SM] Blaming: retakes-instadefuse.smx
L 01/23/2022 - 01:01:31: [SM] Call stack trace:
L 01/23/2022 - 01:01:31: [SM]   [0] PrintToChat
L 01/23/2022 - 01:01:31: [SM]   [1] Line 197, plugin.sp::AttemptInstantDefuse
L 01/23/2022 - 01:01:31: [SM]   [2] Line 104, plugin.sp::Event_BombBeginDefusePlusFrame
L 01/23/2022 - 01:01:49: [SM] Exception reported: Language phrase "InstaDefuseSuccessful" not found (arg 5)
L 01/23/2022 - 01:01:49: [SM] Blaming: retakes-instadefuse.smx
L 01/23/2022 - 01:01:49: [SM] Call stack trace:
L 01/23/2022 - 01:01:49: [SM]   [0] PrintToChat
L 01/23/2022 - 01:01:49: [SM]   [1] Line 197, plugin.sp::AttemptInstantDefuse
L 01/23/2022 - 01:01:49: [SM]   [2] Line 104, plugin.sp::Event_BombBeginDefusePlusFrame
L 01/23/2022 - 01:02:16: [SM] Exception reported: Language phrase "InstaDefuseSuccessful" not found (arg 5)
L 01/23/2022 - 01:02:16: [SM] Blaming: retakes-instadefuse.smx
L 01/23/2022 - 01:02:16: [SM] Call stack trace:
L 01/23/2022 - 01:02:16: [SM]   [0] PrintToChat
L 01/23/2022 - 01:02:16: [SM]   [1] Line 197, plugin.sp::AttemptInstantDefuse
L 01/23/2022 - 01:02:16: [SM]   [2] Line 104, plugin.sp::Event_BombBeginDefusePlusFrame
L 01/23/2022 - 01:02:47: [SM] Exception reported: Language phrase "InstaDefuseSuccessful" not found (arg 5)
L 01/23/2022 - 01:02:47: [SM] Blaming: retakes-instadefuse.smx
L 01/23/2022 - 01:02:47: [SM] Call stack trace:
L 01/23/2022 - 01:02:47: [SM]   [0] PrintToChat
L 01/23/2022 - 01:02:47: [SM]   [1] Line 197, plugin.sp::AttemptInstantDefuse
L 01/23/2022 - 01:02:47: [SM]   [2] Line 104, plugin.sp::Event_BombBeginDefusePlusFrame
L 01/23/2022 - 01:03:32: [SM] Exception reported: Language phrase "InstaDefuseSuccessful" not found (arg 5)
L 01/23/2022 - 01:03:32: [SM] Blaming: retakes-instadefuse.smx
L 01/23/2022 - 01:03:32: [SM] Call stack trace:
L 01/23/2022 - 01:03:32: [SM]   [0] PrintToChat
L 01/23/2022 - 01:03:32: [SM]   [1] Line 197, plugin.sp::AttemptInstantDefuse
L 01/23/2022 - 01:03:32: [SM]   [2] Line 104, plugin.sp::Event_BombBeginDefusePlusFrame
L 01/23/2022 - 01:04:16: [SM] Exception reported: Language phrase "InstaDefuseSuccessful" not found (arg 5)
L 01/23/2022 - 01:04:16: [SM] Blaming: retakes-instadefuse.smx
L 01/23/2022 - 01:04:16: [SM] Call stack trace:
L 01/23/2022 - 01:04:16: [SM]   [0] PrintToChat
L 01/23/2022 - 01:04:16: [SM]   [1] Line 197, plugin.sp::AttemptInstantDefuse
L 01/23/2022 - 01:04:16: [SM]   [2] Line 104, plugin.sp::Event_BombBeginDefusePlusFrame
L 01/23/2022 - 01:04:39: [SM] Exception reported: Language phrase "InstaDefuseSuccessful" not found (arg 5)
L 01/23/2022 - 01:04:39: [SM] Blaming: retakes-instadefuse.smx
L 01/23/2022 - 01:04:39: [SM] Call stack trace:
L 01/23/2022 - 01:04:39: [SM]   [0] PrintToChat
L 01/23/2022 - 01:04:39: [SM]   [1] Line 197, plugin.sp::AttemptInstantDefuse
L 01/23/2022 - 01:04:39: [SM]   [2] Line 104, plugin.sp::Event_BombBeginDefusePlusFrame
L 01/23/2022 - 01:05:19: [SM] Exception reported: Language phrase "InstaDefuseSuccessful" not found (arg 5)
L 01/23/2022 - 01:05:19: [SM] Blaming: retakes-instadefuse.smx
L 01/23/2022 - 01:05:19: [SM] Call stack trace:
L 01/23/2022 - 01:05:19: [SM]   [0] PrintToChat
L 01/23/2022 - 01:05:19: [SM]   [1] Line 197, plugin.sp::AttemptInstantDefuse
L 01/23/2022 - 01:05:19: [SM]   [2] Line 104, plugin.sp::Event_BombBeginDefusePlusFrame
L 01/23/2022 - 01:05:39: [SM] Exception reported: Language phrase "InstaDefuseSuccessful" not found (arg 5)
L 01/23/2022 - 01:05:39: [SM] Blaming: retakes-instadefuse.smx
L 01/23/2022 - 01:05:39: [SM] Call stack trace:
L 01/23/2022 - 01:05:39: [SM]   [0] PrintToChat
L 01/23/2022 - 01:05:39: [SM]   [1] Line 197, plugin.sp::AttemptInstantDefuse
L 01/23/2022 - 01:05:39: [SM]   [2] Line 104, plugin.sp::Event_BombBeginDefusePlusFrame
L 01/23/2022 - 01:06:12: [SM] Exception reported: Language phrase "InstaDefuseSuccessful" not found (arg 5)
L 01/23/2022 - 01:06:12: [SM] Blaming: retakes-instadefuse.smx
L 01/23/2022 - 01:06:12: [SM] Call stack trace:
L 01/23/2022 - 01:06:12: [SM]   [0] PrintToChat
L 01/23/2022 - 01:06:12: [SM]   [1] Line 197, plugin.sp::AttemptInstantDefuse
L 01/23/2022 - 01:06:12: [SM]   [2] Line 104, plugin.sp::Event_BombBeginDefusePlusFrame
