L 12/20/2021 - 00:00:33: SourceMod error session started
L 12/20/2021 - 00:00:33: Info (map "de_mirage") (file "E:\retake\csgoserver\csgo\addons\sourcemod\logs\errors_20211220.log")
L 12/20/2021 - 00:00:33: [SM] Unable to load extension "PhysHooks.ext": Could not find patch signature for symbol: Physics_RunThinkFunctions
L 12/20/2021 - 00:00:36: [SM] Unable to load plugin "bot_inventory.smx": Native "eItems_AreItemsSynced" was not found
L 12/20/2021 - 00:00:36: [SM] Unable to load plugin "bot_stuff.smx": Could not find required plugin "navmesh"
L 12/20/2021 - 00:00:37: [SM] Unable to load plugin "LagCompensation.smx": Required extension "PhysHooks" file("PhysHooks.ext") not running
L 12/20/2021 - 00:00:38: [SM] Fatal error encountered parsing translation file "ranks_matchmaking.phrases.txt"
L 12/20/2021 - 00:00:38: [SM] Error (line 0, column 0): Stream failed to open
L 12/20/2021 - 00:00:38: [SM] Fatal error encountered parsing translation file "instadefuse.phrases.txt"
L 12/20/2021 - 00:00:38: [SM] Error (line 0, column 0): Stream failed to open
L 12/20/2021 - 00:00:58: [SM] Exception reported: Language phrase "Unranked" not found (arg 5)
L 12/20/2021 - 00:00:58: [SM] Blaming: ranks_matchmaking.smx
L 12/20/2021 - 00:00:58: [SM] Call stack trace:
L 12/20/2021 - 00:00:58: [SM]   [0] FormatEx
L 12/20/2021 - 00:00:58: [SM]   [1] Line 174, ranks_matchmaking.sp::GetRanksNames
L 12/20/2021 - 00:00:58: [SM]   [2] Line 169, ranks_matchmaking.sp::OnMapStart
L 12/20/2021 - 00:04:46: Error log file session closed.
L 12/20/2021 - 00:04:46: SourceMod error session started
L 12/20/2021 - 00:04:46: Info (map "de_mirage") (file "E:\retake\csgoserver\csgo\addons\sourcemod\logs\errors_20211220.log")
L 12/20/2021 - 00:04:46: [SM] Fatal error encountered parsing translation file "ranks_matchmaking.phrases.txt"
L 12/20/2021 - 00:04:46: [SM] Error (line 0, column 0): Stream failed to open
L 12/20/2021 - 00:04:46: [SM] Fatal error encountered parsing translation file "instadefuse.phrases.txt"
L 12/20/2021 - 00:04:46: [SM] Error (line 0, column 0): Stream failed to open
L 12/20/2021 - 00:04:48: [SM] Exception reported: Language phrase "Unranked" not found (arg 5)
L 12/20/2021 - 00:04:48: [SM] Blaming: ranks_matchmaking.smx
L 12/20/2021 - 00:04:48: [SM] Call stack trace:
L 12/20/2021 - 00:04:48: [SM]   [0] FormatEx
L 12/20/2021 - 00:04:48: [SM]   [1] Line 174, ranks_matchmaking.sp::GetRanksNames
L 12/20/2021 - 00:04:48: [SM]   [2] Line 169, ranks_matchmaking.sp::OnMapStart
L 12/20/2021 - 00:08:49: [SM] Exception reported: Language phrase "InstaDefuseUnsuccessful" not found (arg 5)
L 12/20/2021 - 00:08:49: [SM] Blaming: retakes-instadefuse.smx
L 12/20/2021 - 00:08:49: [SM] Call stack trace:
L 12/20/2021 - 00:08:49: [SM]   [0] PrintToChat
L 12/20/2021 - 00:08:49: [SM]   [1] Line 143, plugin.sp::AttemptInstantDefuse
L 12/20/2021 - 00:08:49: [SM]   [2] Line 104, plugin.sp::Event_BombBeginDefusePlusFrame
L 12/20/2021 - 00:08:49: [SM] Exception reported: Language phrase "InstaDefuseUnsuccessful" not found (arg 5)
L 12/20/2021 - 00:08:49: [SM] Blaming: retakes-instadefuse.smx
L 12/20/2021 - 00:08:49: [SM] Call stack trace:
L 12/20/2021 - 00:08:49: [SM]   [0] PrintToChat
L 12/20/2021 - 00:08:49: [SM]   [1] Line 143, plugin.sp::AttemptInstantDefuse
L 12/20/2021 - 00:08:49: [SM]   [2] Line 104, plugin.sp::Event_BombBeginDefusePlusFrame
L 12/20/2021 - 00:08:49: [SM] Exception reported: Language phrase "InstaDefuseUnsuccessful" not found (arg 5)
L 12/20/2021 - 00:08:49: [SM] Blaming: retakes-instadefuse.smx
L 12/20/2021 - 00:08:49: [SM] Call stack trace:
L 12/20/2021 - 00:08:49: [SM]   [0] PrintToChat
L 12/20/2021 - 00:08:49: [SM]   [1] Line 143, plugin.sp::AttemptInstantDefuse
L 12/20/2021 - 00:08:49: [SM]   [2] Line 104, plugin.sp::Event_BombBeginDefusePlusFrame
L 12/20/2021 - 00:08:49: [SM] Exception reported: Language phrase "InstaDefuseUnsuccessful" not found (arg 5)
L 12/20/2021 - 00:08:49: [SM] Blaming: retakes-instadefuse.smx
L 12/20/2021 - 00:08:49: [SM] Call stack trace:
L 12/20/2021 - 00:08:50: [SM]   [0] PrintToChat
L 12/20/2021 - 00:08:50: [SM]   [1] Line 143, plugin.sp::AttemptInstantDefuse
L 12/20/2021 - 00:08:50: [SM]   [2] Line 104, plugin.sp::Event_BombBeginDefusePlusFrame
L 12/20/2021 - 00:08:50: [SM] Exception reported: Language phrase "InstaDefuseUnsuccessful" not found (arg 5)
L 12/20/2021 - 00:08:50: [SM] Blaming: retakes-instadefuse.smx
L 12/20/2021 - 00:08:50: [SM] Call stack trace:
L 12/20/2021 - 00:08:50: [SM]   [0] PrintToChat
L 12/20/2021 - 00:08:50: [SM]   [1] Line 143, plugin.sp::AttemptInstantDefuse
L 12/20/2021 - 00:08:50: [SM]   [2] Line 104, plugin.sp::Event_BombBeginDefusePlusFrame
L 12/20/2021 - 00:08:50: [SM] Exception reported: Language phrase "InstaDefuseUnsuccessful" not found (arg 5)
L 12/20/2021 - 00:08:50: [SM] Blaming: retakes-instadefuse.smx
L 12/20/2021 - 00:08:50: [SM] Call stack trace:
L 12/20/2021 - 00:08:50: [SM]   [0] PrintToChat
L 12/20/2021 - 00:08:50: [SM]   [1] Line 143, plugin.sp::AttemptInstantDefuse
L 12/20/2021 - 00:08:50: [SM]   [2] Line 104, plugin.sp::Event_BombBeginDefusePlusFrame
L 12/20/2021 - 00:08:50: [SM] Exception reported: Language phrase "InstaDefuseUnsuccessful" not found (arg 5)
L 12/20/2021 - 00:08:50: [SM] Blaming: retakes-instadefuse.smx
L 12/20/2021 - 00:08:50: [SM] Call stack trace:
L 12/20/2021 - 00:08:50: [SM]   [0] PrintToChat
L 12/20/2021 - 00:08:50: [SM]   [1] Line 143, plugin.sp::AttemptInstantDefuse
L 12/20/2021 - 00:08:50: [SM]   [2] Line 104, plugin.sp::Event_BombBeginDefusePlusFrame
L 12/20/2021 - 00:08:51: [SM] Exception reported: Language phrase "InstaDefuseUnsuccessful" not found (arg 5)
L 12/20/2021 - 00:08:51: [SM] Blaming: retakes-instadefuse.smx
L 12/20/2021 - 00:08:51: [SM] Call stack trace:
L 12/20/2021 - 00:08:51: [SM]   [0] PrintToChat
L 12/20/2021 - 00:08:51: [SM]   [1] Line 143, plugin.sp::AttemptInstantDefuse
L 12/20/2021 - 00:08:51: [SM]   [2] Line 104, plugin.sp::Event_BombBeginDefusePlusFrame
L 12/20/2021 - 00:10:40: [SM] Exception reported: Language phrase "InstaDefuseSuccessful" not found (arg 5)
L 12/20/2021 - 00:10:40: [SM] Blaming: retakes-instadefuse.smx
L 12/20/2021 - 00:10:40: [SM] Call stack trace:
L 12/20/2021 - 00:10:40: [SM]   [0] PrintToChat
L 12/20/2021 - 00:10:40: [SM]   [1] Line 197, plugin.sp::AttemptInstantDefuse
L 12/20/2021 - 00:10:40: [SM]   [2] Line 104, plugin.sp::Event_BombBeginDefusePlusFrame
L 12/20/2021 - 00:15:28: [SM] Exception reported: Language phrase "InstaDefuseSuccessful" not found (arg 5)
L 12/20/2021 - 00:15:28: [SM] Blaming: retakes-instadefuse.smx
L 12/20/2021 - 00:15:28: [SM] Call stack trace:
L 12/20/2021 - 00:15:28: [SM]   [0] PrintToChat
L 12/20/2021 - 00:15:28: [SM]   [1] Line 197, plugin.sp::AttemptInstantDefuse
L 12/20/2021 - 00:15:28: [SM]   [2] Line 104, plugin.sp::Event_BombBeginDefusePlusFrame
L 12/20/2021 - 00:17:36: [SM] Exception reported: Language phrase "InstaDefuseSuccessful" not found (arg 5)
L 12/20/2021 - 00:17:36: [SM] Blaming: retakes-instadefuse.smx
L 12/20/2021 - 00:17:36: [SM] Call stack trace:
L 12/20/2021 - 00:17:36: [SM]   [0] PrintToChat
L 12/20/2021 - 00:17:36: [SM]   [1] Line 197, plugin.sp::AttemptInstantDefuse
L 12/20/2021 - 00:17:36: [SM]   [2] Line 104, plugin.sp::Event_BombBeginDefusePlusFrame
L 12/20/2021 - 00:18:10: [SM] Exception reported: Language phrase "InstaDefuseUnsuccessful" not found (arg 5)
L 12/20/2021 - 00:18:10: [SM] Blaming: retakes-instadefuse.smx
L 12/20/2021 - 00:18:10: [SM] Call stack trace:
L 12/20/2021 - 00:18:10: [SM]   [0] PrintToChat
L 12/20/2021 - 00:18:10: [SM]   [1] Line 143, plugin.sp::AttemptInstantDefuse
L 12/20/2021 - 00:18:10: [SM]   [2] Line 104, plugin.sp::Event_BombBeginDefusePlusFrame
L 12/20/2021 - 00:18:10: [SM] Exception reported: Language phrase "InstaDefuseUnsuccessful" not found (arg 5)
L 12/20/2021 - 00:18:10: [SM] Blaming: retakes-instadefuse.smx
L 12/20/2021 - 00:18:10: [SM] Call stack trace:
L 12/20/2021 - 00:18:10: [SM]   [0] PrintToChat
L 12/20/2021 - 00:18:10: [SM]   [1] Line 143, plugin.sp::AttemptInstantDefuse
L 12/20/2021 - 00:18:10: [SM]   [2] Line 104, plugin.sp::Event_BombBeginDefusePlusFrame
L 12/20/2021 - 00:18:37: [SM] Exception reported: Language phrase "InstaDefuseSuccessful" not found (arg 5)
L 12/20/2021 - 00:18:37: [SM] Blaming: retakes-instadefuse.smx
L 12/20/2021 - 00:18:37: [SM] Call stack trace:
L 12/20/2021 - 00:18:37: [SM]   [0] PrintToChat
L 12/20/2021 - 00:18:37: [SM]   [1] Line 197, plugin.sp::AttemptInstantDefuse
L 12/20/2021 - 00:18:37: [SM]   [2] Line 104, plugin.sp::Event_BombBeginDefusePlusFrame
L 12/20/2021 - 00:20:16: [SM] Exception reported: Language phrase "InstaDefuseSuccessful" not found (arg 5)
L 12/20/2021 - 00:20:16: [SM] Blaming: retakes-instadefuse.smx
L 12/20/2021 - 00:20:16: [SM] Call stack trace:
L 12/20/2021 - 00:20:16: [SM]   [0] PrintToChat
L 12/20/2021 - 00:20:16: [SM]   [1] Line 197, plugin.sp::AttemptInstantDefuse
L 12/20/2021 - 00:20:16: [SM]   [2] Line 104, plugin.sp::Event_BombBeginDefusePlusFrame
L 12/20/2021 - 00:20:44: [SM] Exception reported: Language phrase "InstaDefuseSuccessful" not found (arg 5)
L 12/20/2021 - 00:20:44: [SM] Blaming: retakes-instadefuse.smx
L 12/20/2021 - 00:20:44: [SM] Call stack trace:
L 12/20/2021 - 00:20:44: [SM]   [0] PrintToChat
L 12/20/2021 - 00:20:44: [SM]   [1] Line 197, plugin.sp::AttemptInstantDefuse
L 12/20/2021 - 00:20:44: [SM]   [2] Line 104, plugin.sp::Event_BombBeginDefusePlusFrame
L 12/20/2021 - 00:21:02: [SM] Exception reported: Language phrase "InstaDefuseSuccessful" not found (arg 5)
L 12/20/2021 - 00:21:02: [SM] Blaming: retakes-instadefuse.smx
L 12/20/2021 - 00:21:02: [SM] Call stack trace:
L 12/20/2021 - 00:21:02: [SM]   [0] PrintToChat
L 12/20/2021 - 00:21:02: [SM]   [1] Line 197, plugin.sp::AttemptInstantDefuse
L 12/20/2021 - 00:21:02: [SM]   [2] Line 104, plugin.sp::Event_BombBeginDefusePlusFrame
L 12/20/2021 - 00:22:14: [SM] Exception reported: Language phrase "InstaDefuseSuccessful" not found (arg 5)
L 12/20/2021 - 00:22:14: [SM] Blaming: retakes-instadefuse.smx
L 12/20/2021 - 00:22:14: [SM] Call stack trace:
L 12/20/2021 - 00:22:14: [SM]   [0] PrintToChat
L 12/20/2021 - 00:22:14: [SM]   [1] Line 197, plugin.sp::AttemptInstantDefuse
L 12/20/2021 - 00:22:14: [SM]   [2] Line 104, plugin.sp::Event_BombBeginDefusePlusFrame
L 12/20/2021 - 00:22:32: [SM] Exception reported: Language phrase "InstaDefuseSuccessful" not found (arg 5)
L 12/20/2021 - 00:22:32: [SM] Blaming: retakes-instadefuse.smx
L 12/20/2021 - 00:22:32: [SM] Call stack trace:
L 12/20/2021 - 00:22:32: [SM]   [0] PrintToChat
L 12/20/2021 - 00:22:32: [SM]   [1] Line 197, plugin.sp::AttemptInstantDefuse
L 12/20/2021 - 00:22:32: [SM]   [2] Line 104, plugin.sp::Event_BombBeginDefusePlusFrame
L 12/20/2021 - 00:23:10: [SM] Exception reported: Language phrase "InstaDefuseSuccessful" not found (arg 5)
L 12/20/2021 - 00:23:10: [SM] Blaming: retakes-instadefuse.smx
L 12/20/2021 - 00:23:10: [SM] Call stack trace:
L 12/20/2021 - 00:23:10: [SM]   [0] PrintToChat
L 12/20/2021 - 00:23:10: [SM]   [1] Line 197, plugin.sp::AttemptInstantDefuse
L 12/20/2021 - 00:23:10: [SM]   [2] Line 104, plugin.sp::Event_BombBeginDefusePlusFrame
L 12/20/2021 - 00:23:32: [SM] Exception reported: Language phrase "InstaDefuseSuccessful" not found (arg 5)
L 12/20/2021 - 00:23:32: [SM] Blaming: retakes-instadefuse.smx
L 12/20/2021 - 00:23:32: [SM] Call stack trace:
L 12/20/2021 - 00:23:32: [SM]   [0] PrintToChat
L 12/20/2021 - 00:23:32: [SM]   [1] Line 197, plugin.sp::AttemptInstantDefuse
L 12/20/2021 - 00:23:32: [SM]   [2] Line 104, plugin.sp::Event_BombBeginDefusePlusFrame
L 12/20/2021 - 00:24:24: [SM] Exception reported: Language phrase "InstaDefuseSuccessful" not found (arg 5)
L 12/20/2021 - 00:24:24: [SM] Blaming: retakes-instadefuse.smx
L 12/20/2021 - 00:24:24: [SM] Call stack trace:
L 12/20/2021 - 00:24:24: [SM]   [0] PrintToChat
L 12/20/2021 - 00:24:24: [SM]   [1] Line 197, plugin.sp::AttemptInstantDefuse
L 12/20/2021 - 00:24:24: [SM]   [2] Line 104, plugin.sp::Event_BombBeginDefusePlusFrame
L 12/20/2021 - 00:25:05: [SM] Exception reported: Language phrase "InstaDefuseUnsuccessful" not found (arg 5)
L 12/20/2021 - 00:25:05: [SM] Blaming: retakes-instadefuse.smx
L 12/20/2021 - 00:25:05: [SM] Call stack trace:
L 12/20/2021 - 00:25:05: [SM]   [0] PrintToChat
L 12/20/2021 - 00:25:05: [SM]   [1] Line 143, plugin.sp::AttemptInstantDefuse
L 12/20/2021 - 00:25:05: [SM]   [2] Line 104, plugin.sp::Event_BombBeginDefusePlusFrame
L 12/20/2021 - 00:25:05: [SM] Exception reported: Language phrase "InstaDefuseUnsuccessful" not found (arg 5)
L 12/20/2021 - 00:25:05: [SM] Blaming: retakes-instadefuse.smx
L 12/20/2021 - 00:25:05: [SM] Call stack trace:
L 12/20/2021 - 00:25:05: [SM]   [0] PrintToChat
L 12/20/2021 - 00:25:05: [SM]   [1] Line 143, plugin.sp::AttemptInstantDefuse
L 12/20/2021 - 00:25:05: [SM]   [2] Line 104, plugin.sp::Event_BombBeginDefusePlusFrame
L 12/20/2021 - 00:25:05: [SM] Exception reported: Language phrase "InstaDefuseUnsuccessful" not found (arg 5)
L 12/20/2021 - 00:25:05: [SM] Blaming: retakes-instadefuse.smx
L 12/20/2021 - 00:25:05: [SM] Call stack trace:
L 12/20/2021 - 00:25:05: [SM]   [0] PrintToChat
L 12/20/2021 - 00:25:05: [SM]   [1] Line 143, plugin.sp::AttemptInstantDefuse
L 12/20/2021 - 00:25:05: [SM]   [2] Line 104, plugin.sp::Event_BombBeginDefusePlusFrame
L 12/20/2021 - 00:25:05: [SM] Exception reported: Language phrase "InstaDefuseUnsuccessful" not found (arg 5)
L 12/20/2021 - 00:25:05: [SM] Blaming: retakes-instadefuse.smx
L 12/20/2021 - 00:25:05: [SM] Call stack trace:
L 12/20/2021 - 00:25:05: [SM]   [0] PrintToChat
L 12/20/2021 - 00:25:05: [SM]   [1] Line 143, plugin.sp::AttemptInstantDefuse
L 12/20/2021 - 00:25:05: [SM]   [2] Line 104, plugin.sp::Event_BombBeginDefusePlusFrame
L 12/20/2021 - 00:25:06: [SM] Exception reported: Language phrase "InstaDefuseUnsuccessful" not found (arg 5)
L 12/20/2021 - 00:25:06: [SM] Blaming: retakes-instadefuse.smx
L 12/20/2021 - 00:25:06: [SM] Call stack trace:
L 12/20/2021 - 00:25:06: [SM]   [0] PrintToChat
L 12/20/2021 - 00:25:06: [SM]   [1] Line 143, plugin.sp::AttemptInstantDefuse
L 12/20/2021 - 00:25:06: [SM]   [2] Line 104, plugin.sp::Event_BombBeginDefusePlusFrame
L 12/20/2021 - 00:25:06: [SM] Exception reported: Language phrase "InstaDefuseUnsuccessful" not found (arg 5)
L 12/20/2021 - 00:25:06: [SM] Blaming: retakes-instadefuse.smx
L 12/20/2021 - 00:25:06: [SM] Call stack trace:
L 12/20/2021 - 00:25:06: [SM]   [0] PrintToChat
L 12/20/2021 - 00:25:06: [SM]   [1] Line 143, plugin.sp::AttemptInstantDefuse
L 12/20/2021 - 00:25:06: [SM]   [2] Line 104, plugin.sp::Event_BombBeginDefusePlusFrame
L 12/20/2021 - 00:25:06: [SM] Exception reported: Language phrase "InstaDefuseUnsuccessful" not found (arg 5)
L 12/20/2021 - 00:25:06: [SM] Blaming: retakes-instadefuse.smx
L 12/20/2021 - 00:25:06: [SM] Call stack trace:
L 12/20/2021 - 00:25:06: [SM]   [0] PrintToChat
L 12/20/2021 - 00:25:06: [SM]   [1] Line 143, plugin.sp::AttemptInstantDefuse
L 12/20/2021 - 00:25:06: [SM]   [2] Line 104, plugin.sp::Event_BombBeginDefusePlusFrame
L 12/20/2021 - 00:27:05: [SM] Exception reported: Language phrase "InstaDefuseSuccessful" not found (arg 5)
L 12/20/2021 - 00:27:05: [SM] Blaming: retakes-instadefuse.smx
L 12/20/2021 - 00:27:05: [SM] Call stack trace:
L 12/20/2021 - 00:27:05: [SM]   [0] PrintToChat
L 12/20/2021 - 00:27:05: [SM]   [1] Line 197, plugin.sp::AttemptInstantDefuse
L 12/20/2021 - 00:27:05: [SM]   [2] Line 104, plugin.sp::Event_BombBeginDefusePlusFrame
L 12/20/2021 - 00:27:50: [SM] Exception reported: Language phrase "InstaDefuseSuccessful" not found (arg 5)
L 12/20/2021 - 00:27:50: [SM] Blaming: retakes-instadefuse.smx
L 12/20/2021 - 00:27:50: [SM] Call stack trace:
L 12/20/2021 - 00:27:50: [SM]   [0] PrintToChat
L 12/20/2021 - 00:27:50: [SM]   [1] Line 197, plugin.sp::AttemptInstantDefuse
L 12/20/2021 - 00:27:50: [SM]   [2] Line 104, plugin.sp::Event_BombBeginDefusePlusFrame
L 12/20/2021 - 00:29:42: [SM] Exception reported: Language phrase "InstaDefuseSuccessful" not found (arg 5)
L 12/20/2021 - 00:29:42: [SM] Blaming: retakes-instadefuse.smx
L 12/20/2021 - 00:29:42: [SM] Call stack trace:
L 12/20/2021 - 00:29:42: [SM]   [0] PrintToChat
L 12/20/2021 - 00:29:42: [SM]   [1] Line 197, plugin.sp::AttemptInstantDefuse
L 12/20/2021 - 00:29:42: [SM]   [2] Line 104, plugin.sp::Event_BombBeginDefusePlusFrame
L 12/20/2021 - 00:33:23: [SM] Exception reported: Language phrase "InstaDefuseSuccessful" not found (arg 5)
L 12/20/2021 - 00:33:23: [SM] Blaming: retakes-instadefuse.smx
L 12/20/2021 - 00:33:23: [SM] Call stack trace:
L 12/20/2021 - 00:33:23: [SM]   [0] PrintToChat
L 12/20/2021 - 00:33:23: [SM]   [1] Line 197, plugin.sp::AttemptInstantDefuse
L 12/20/2021 - 00:33:23: [SM]   [2] Line 104, plugin.sp::Event_BombBeginDefusePlusFrame
L 12/20/2021 - 00:33:47: [SM] Exception reported: Language phrase "InstaDefuseSuccessful" not found (arg 5)
L 12/20/2021 - 00:33:47: [SM] Blaming: retakes-instadefuse.smx
L 12/20/2021 - 00:33:47: [SM] Call stack trace:
L 12/20/2021 - 00:33:47: [SM]   [0] PrintToChat
L 12/20/2021 - 00:33:47: [SM]   [1] Line 197, plugin.sp::AttemptInstantDefuse
L 12/20/2021 - 00:33:47: [SM]   [2] Line 104, plugin.sp::Event_BombBeginDefusePlusFrame
L 12/20/2021 - 00:33:48: [SM] Exception reported: Language phrase "InstaDefuseSuccessful" not found (arg 5)
L 12/20/2021 - 00:33:48: [SM] Blaming: retakes-instadefuse.smx
L 12/20/2021 - 00:33:48: [SM] Call stack trace:
L 12/20/2021 - 00:33:48: [SM]   [0] PrintToChat
L 12/20/2021 - 00:33:48: [SM]   [1] Line 197, plugin.sp::AttemptInstantDefuse
L 12/20/2021 - 00:33:48: [SM]   [2] Line 104, plugin.sp::Event_BombBeginDefusePlusFrame
L 12/20/2021 - 00:34:23: [SM] Exception reported: Language phrase "InstaDefuseSuccessful" not found (arg 5)
L 12/20/2021 - 00:34:23: [SM] Blaming: retakes-instadefuse.smx
L 12/20/2021 - 00:34:23: [SM] Call stack trace:
L 12/20/2021 - 00:34:23: [SM]   [0] PrintToChat
L 12/20/2021 - 00:34:23: [SM]   [1] Line 197, plugin.sp::AttemptInstantDefuse
L 12/20/2021 - 00:34:23: [SM]   [2] Line 104, plugin.sp::Event_BombBeginDefusePlusFrame
L 12/20/2021 - 00:34:48: [SM] Exception reported: Language phrase "LiveNadeSomewhere" not found (arg 5)
L 12/20/2021 - 00:34:48: [SM] Blaming: retakes-instadefuse.smx
L 12/20/2021 - 00:34:48: [SM] Call stack trace:
L 12/20/2021 - 00:34:48: [SM]   [0] PrintToChat
L 12/20/2021 - 00:34:48: [SM]   [1] Line 168, plugin.sp::AttemptInstantDefuse
L 12/20/2021 - 00:34:48: [SM]   [2] Line 104, plugin.sp::Event_BombBeginDefusePlusFrame
L 12/20/2021 - 00:35:08: [SM] Exception reported: Language phrase "InstaDefuseSuccessful" not found (arg 5)
L 12/20/2021 - 00:35:08: [SM] Blaming: retakes-instadefuse.smx
L 12/20/2021 - 00:35:08: [SM] Call stack trace:
L 12/20/2021 - 00:35:08: [SM]   [0] PrintToChat
L 12/20/2021 - 00:35:08: [SM]   [1] Line 197, plugin.sp::AttemptInstantDefuse
L 12/20/2021 - 00:35:08: [SM]   [2] Line 104, plugin.sp::Event_BombBeginDefusePlusFrame
L 12/20/2021 - 00:36:55: [SM] Exception reported: Language phrase "InstaDefuseSuccessful" not found (arg 5)
L 12/20/2021 - 00:36:55: [SM] Blaming: retakes-instadefuse.smx
L 12/20/2021 - 00:36:55: [SM] Call stack trace:
L 12/20/2021 - 00:36:55: [SM]   [0] PrintToChat
L 12/20/2021 - 00:36:55: [SM]   [1] Line 197, plugin.sp::AttemptInstantDefuse
L 12/20/2021 - 00:36:55: [SM]   [2] Line 104, plugin.sp::Event_BombBeginDefusePlusFrame
L 12/20/2021 - 00:37:47: [SM] Exception reported: Language phrase "InstaDefuseSuccessful" not found (arg 5)
L 12/20/2021 - 00:37:47: [SM] Blaming: retakes-instadefuse.smx
L 12/20/2021 - 00:37:47: [SM] Call stack trace:
L 12/20/2021 - 00:37:47: [SM]   [0] PrintToChat
L 12/20/2021 - 00:37:47: [SM]   [1] Line 197, plugin.sp::AttemptInstantDefuse
L 12/20/2021 - 00:37:47: [SM]   [2] Line 104, plugin.sp::Event_BombBeginDefusePlusFrame
L 12/20/2021 - 00:38:44: [SM] Exception reported: Language phrase "InstaDefuseSuccessful" not found (arg 5)
L 12/20/2021 - 00:38:44: [SM] Blaming: retakes-instadefuse.smx
L 12/20/2021 - 00:38:44: [SM] Call stack trace:
L 12/20/2021 - 00:38:44: [SM]   [0] PrintToChat
L 12/20/2021 - 00:38:44: [SM]   [1] Line 197, plugin.sp::AttemptInstantDefuse
L 12/20/2021 - 00:38:44: [SM]   [2] Line 104, plugin.sp::Event_BombBeginDefusePlusFrame
L 12/20/2021 - 00:40:10: [SM] Exception reported: Language phrase "InstaDefuseSuccessful" not found (arg 5)
L 12/20/2021 - 00:40:10: [SM] Blaming: retakes-instadefuse.smx
L 12/20/2021 - 00:40:10: [SM] Call stack trace:
L 12/20/2021 - 00:40:10: [SM]   [0] PrintToChat
L 12/20/2021 - 00:40:10: [SM]   [1] Line 197, plugin.sp::AttemptInstantDefuse
L 12/20/2021 - 00:40:10: [SM]   [2] Line 104, plugin.sp::Event_BombBeginDefusePlusFrame
L 12/20/2021 - 00:42:54: [SM] Exception reported: Language phrase "InstaDefuseSuccessful" not found (arg 5)
L 12/20/2021 - 00:42:54: [SM] Blaming: retakes-instadefuse.smx
L 12/20/2021 - 00:42:54: [SM] Call stack trace:
L 12/20/2021 - 00:42:54: [SM]   [0] PrintToChat
L 12/20/2021 - 00:42:54: [SM]   [1] Line 197, plugin.sp::AttemptInstantDefuse
L 12/20/2021 - 00:42:54: [SM]   [2] Line 104, plugin.sp::Event_BombBeginDefusePlusFrame
L 12/20/2021 - 00:43:52: [SM] Exception reported: Language phrase "InstaDefuseSuccessful" not found (arg 5)
L 12/20/2021 - 00:43:52: [SM] Blaming: retakes-instadefuse.smx
L 12/20/2021 - 00:43:52: [SM] Call stack trace:
L 12/20/2021 - 00:43:52: [SM]   [0] PrintToChat
L 12/20/2021 - 00:43:52: [SM]   [1] Line 197, plugin.sp::AttemptInstantDefuse
L 12/20/2021 - 00:43:52: [SM]   [2] Line 104, plugin.sp::Event_BombBeginDefusePlusFrame
L 12/20/2021 - 00:44:55: [SM] Exception reported: Language phrase "InstaDefuseSuccessful" not found (arg 5)
L 12/20/2021 - 00:44:55: [SM] Blaming: retakes-instadefuse.smx
L 12/20/2021 - 00:44:55: [SM] Call stack trace:
L 12/20/2021 - 00:44:55: [SM]   [0] PrintToChat
L 12/20/2021 - 00:44:55: [SM]   [1] Line 197, plugin.sp::AttemptInstantDefuse
L 12/20/2021 - 00:44:55: [SM]   [2] Line 104, plugin.sp::Event_BombBeginDefusePlusFrame
L 12/20/2021 - 00:45:30: [SM] Exception reported: Language phrase "InstaDefuseSuccessful" not found (arg 5)
L 12/20/2021 - 00:45:30: [SM] Blaming: retakes-instadefuse.smx
L 12/20/2021 - 00:45:30: [SM] Call stack trace:
L 12/20/2021 - 00:45:30: [SM]   [0] PrintToChat
L 12/20/2021 - 00:45:30: [SM]   [1] Line 197, plugin.sp::AttemptInstantDefuse
L 12/20/2021 - 00:45:30: [SM]   [2] Line 104, plugin.sp::Event_BombBeginDefusePlusFrame
L 12/20/2021 - 00:47:45: [SM] Exception reported: Language phrase "InstaDefuseSuccessful" not found (arg 5)
L 12/20/2021 - 00:47:45: [SM] Blaming: retakes-instadefuse.smx
L 12/20/2021 - 00:47:45: [SM] Call stack trace:
L 12/20/2021 - 00:47:45: [SM]   [0] PrintToChat
L 12/20/2021 - 00:47:45: [SM]   [1] Line 197, plugin.sp::AttemptInstantDefuse
L 12/20/2021 - 00:47:45: [SM]   [2] Line 104, plugin.sp::Event_BombBeginDefusePlusFrame
L 12/20/2021 - 00:48:50: [SM] Exception reported: Language phrase "InstaDefuseUnsuccessful" not found (arg 5)
L 12/20/2021 - 00:48:50: [SM] Blaming: retakes-instadefuse.smx
L 12/20/2021 - 00:48:50: [SM] Call stack trace:
L 12/20/2021 - 00:48:50: [SM]   [0] PrintToChat
L 12/20/2021 - 00:48:50: [SM]   [1] Line 143, plugin.sp::AttemptInstantDefuse
L 12/20/2021 - 00:48:50: [SM]   [2] Line 104, plugin.sp::Event_BombBeginDefusePlusFrame
L 12/20/2021 - 00:48:50: [SM] Exception reported: Language phrase "InstaDefuseUnsuccessful" not found (arg 5)
L 12/20/2021 - 00:48:50: [SM] Blaming: retakes-instadefuse.smx
L 12/20/2021 - 00:48:50: [SM] Call stack trace:
L 12/20/2021 - 00:48:50: [SM]   [0] PrintToChat
L 12/20/2021 - 00:48:50: [SM]   [1] Line 143, plugin.sp::AttemptInstantDefuse
L 12/20/2021 - 00:48:50: [SM]   [2] Line 104, plugin.sp::Event_BombBeginDefusePlusFrame
L 12/20/2021 - 00:48:50: [SM] Exception reported: Language phrase "InstaDefuseUnsuccessful" not found (arg 5)
L 12/20/2021 - 00:48:50: [SM] Blaming: retakes-instadefuse.smx
L 12/20/2021 - 00:48:50: [SM] Call stack trace:
L 12/20/2021 - 00:48:50: [SM]   [0] PrintToChat
L 12/20/2021 - 00:48:50: [SM]   [1] Line 143, plugin.sp::AttemptInstantDefuse
L 12/20/2021 - 00:48:50: [SM]   [2] Line 104, plugin.sp::Event_BombBeginDefusePlusFrame
L 12/20/2021 - 00:48:50: [SM] Exception reported: Language phrase "InstaDefuseUnsuccessful" not found (arg 5)
L 12/20/2021 - 00:48:50: [SM] Blaming: retakes-instadefuse.smx
L 12/20/2021 - 00:48:51: [SM] Call stack trace:
L 12/20/2021 - 00:48:51: [SM]   [0] PrintToChat
L 12/20/2021 - 00:48:51: [SM]   [1] Line 143, plugin.sp::AttemptInstantDefuse
L 12/20/2021 - 00:48:51: [SM]   [2] Line 104, plugin.sp::Event_BombBeginDefusePlusFrame
L 12/20/2021 - 00:49:51: [SM] Exception reported: Language phrase "InstaDefuseUnsuccessful" not found (arg 5)
L 12/20/2021 - 00:49:51: [SM] Blaming: retakes-instadefuse.smx
L 12/20/2021 - 00:49:51: [SM] Call stack trace:
L 12/20/2021 - 00:49:51: [SM]   [0] PrintToChat
L 12/20/2021 - 00:49:51: [SM]   [1] Line 143, plugin.sp::AttemptInstantDefuse
L 12/20/2021 - 00:49:51: [SM]   [2] Line 104, plugin.sp::Event_BombBeginDefusePlusFrame
L 12/20/2021 - 00:49:51: [SM] Exception reported: Language phrase "InstaDefuseUnsuccessful" not found (arg 5)
L 12/20/2021 - 00:49:51: [SM] Blaming: retakes-instadefuse.smx
L 12/20/2021 - 00:49:51: [SM] Call stack trace:
L 12/20/2021 - 00:49:51: [SM]   [0] PrintToChat
L 12/20/2021 - 00:49:51: [SM]   [1] Line 143, plugin.sp::AttemptInstantDefuse
L 12/20/2021 - 00:49:51: [SM]   [2] Line 104, plugin.sp::Event_BombBeginDefusePlusFrame
L 12/20/2021 - 00:49:52: [SM] Exception reported: Language phrase "InstaDefuseUnsuccessful" not found (arg 5)
L 12/20/2021 - 00:49:52: [SM] Blaming: retakes-instadefuse.smx
L 12/20/2021 - 00:49:52: [SM] Call stack trace:
L 12/20/2021 - 00:49:52: [SM]   [0] PrintToChat
L 12/20/2021 - 00:49:52: [SM]   [1] Line 143, plugin.sp::AttemptInstantDefuse
L 12/20/2021 - 00:49:52: [SM]   [2] Line 104, plugin.sp::Event_BombBeginDefusePlusFrame
L 12/20/2021 - 00:49:52: [SM] Exception reported: Language phrase "InstaDefuseUnsuccessful" not found (arg 5)
L 12/20/2021 - 00:49:52: [SM] Blaming: retakes-instadefuse.smx
L 12/20/2021 - 00:49:52: [SM] Call stack trace:
L 12/20/2021 - 00:49:52: [SM]   [0] PrintToChat
L 12/20/2021 - 00:49:52: [SM]   [1] Line 143, plugin.sp::AttemptInstantDefuse
L 12/20/2021 - 00:49:52: [SM]   [2] Line 104, plugin.sp::Event_BombBeginDefusePlusFrame
L 12/20/2021 - 00:49:52: [SM] Exception reported: Language phrase "InstaDefuseUnsuccessful" not found (arg 5)
L 12/20/2021 - 00:49:52: [SM] Blaming: retakes-instadefuse.smx
L 12/20/2021 - 00:49:52: [SM] Call stack trace:
L 12/20/2021 - 00:49:52: [SM]   [0] PrintToChat
L 12/20/2021 - 00:49:52: [SM]   [1] Line 143, plugin.sp::AttemptInstantDefuse
L 12/20/2021 - 00:49:52: [SM]   [2] Line 104, plugin.sp::Event_BombBeginDefusePlusFrame
L 12/20/2021 - 00:49:52: [SM] Exception reported: Language phrase "InstaDefuseUnsuccessful" not found (arg 5)
L 12/20/2021 - 00:49:52: [SM] Blaming: retakes-instadefuse.smx
L 12/20/2021 - 00:49:52: [SM] Call stack trace:
L 12/20/2021 - 00:49:52: [SM]   [0] PrintToChat
L 12/20/2021 - 00:49:52: [SM]   [1] Line 143, plugin.sp::AttemptInstantDefuse
L 12/20/2021 - 00:49:52: [SM]   [2] Line 104, plugin.sp::Event_BombBeginDefusePlusFrame
L 12/20/2021 - 00:49:53: [SM] Exception reported: Language phrase "InstaDefuseUnsuccessful" not found (arg 5)
L 12/20/2021 - 00:49:53: [SM] Blaming: retakes-instadefuse.smx
L 12/20/2021 - 00:49:53: [SM] Call stack trace:
L 12/20/2021 - 00:49:53: [SM]   [0] PrintToChat
L 12/20/2021 - 00:49:53: [SM]   [1] Line 143, plugin.sp::AttemptInstantDefuse
L 12/20/2021 - 00:49:53: [SM]   [2] Line 104, plugin.sp::Event_BombBeginDefusePlusFrame
L 12/20/2021 - 00:51:42: [SM] Exception reported: Language phrase "InstaDefuseSuccessful" not found (arg 5)
L 12/20/2021 - 00:51:42: [SM] Blaming: retakes-instadefuse.smx
L 12/20/2021 - 00:51:42: [SM] Call stack trace:
L 12/20/2021 - 00:51:42: [SM]   [0] PrintToChat
L 12/20/2021 - 00:51:42: [SM]   [1] Line 197, plugin.sp::AttemptInstantDefuse
L 12/20/2021 - 00:51:42: [SM]   [2] Line 104, plugin.sp::Event_BombBeginDefusePlusFrame
L 12/20/2021 - 00:52:12: [SM] Exception reported: Language phrase "InstaDefuseSuccessful" not found (arg 5)
L 12/20/2021 - 00:52:12: [SM] Blaming: retakes-instadefuse.smx
L 12/20/2021 - 00:52:12: [SM] Call stack trace:
L 12/20/2021 - 00:52:12: [SM]   [0] PrintToChat
L 12/20/2021 - 00:52:12: [SM]   [1] Line 197, plugin.sp::AttemptInstantDefuse
L 12/20/2021 - 00:52:12: [SM]   [2] Line 104, plugin.sp::Event_BombBeginDefusePlusFrame
L 12/20/2021 - 00:53:24: [SM] Exception reported: Language phrase "InstaDefuseSuccessful" not found (arg 5)
L 12/20/2021 - 00:53:24: [SM] Blaming: retakes-instadefuse.smx
L 12/20/2021 - 00:53:24: [SM] Call stack trace:
L 12/20/2021 - 00:53:24: [SM]   [0] PrintToChat
L 12/20/2021 - 00:53:24: [SM]   [1] Line 197, plugin.sp::AttemptInstantDefuse
L 12/20/2021 - 00:53:24: [SM]   [2] Line 104, plugin.sp::Event_BombBeginDefusePlusFrame
L 12/20/2021 - 00:54:27: [SM] Exception reported: Language phrase "InstaDefuseSuccessful" not found (arg 5)
L 12/20/2021 - 00:54:27: [SM] Blaming: retakes-instadefuse.smx
L 12/20/2021 - 00:54:27: [SM] Call stack trace:
L 12/20/2021 - 00:54:27: [SM]   [0] PrintToChat
L 12/20/2021 - 00:54:27: [SM]   [1] Line 197, plugin.sp::AttemptInstantDefuse
L 12/20/2021 - 00:54:27: [SM]   [2] Line 104, plugin.sp::Event_BombBeginDefusePlusFrame
L 12/20/2021 - 00:56:06: [SM] Exception reported: Language phrase "InstaDefuseSuccessful" not found (arg 5)
L 12/20/2021 - 00:56:06: [SM] Blaming: retakes-instadefuse.smx
L 12/20/2021 - 00:56:06: [SM] Call stack trace:
L 12/20/2021 - 00:56:06: [SM]   [0] PrintToChat
L 12/20/2021 - 00:56:06: [SM]   [1] Line 197, plugin.sp::AttemptInstantDefuse
L 12/20/2021 - 00:56:06: [SM]   [2] Line 104, plugin.sp::Event_BombBeginDefusePlusFrame
L 12/20/2021 - 00:56:44: [SM] Exception reported: Language phrase "InstaDefuseSuccessful" not found (arg 5)
L 12/20/2021 - 00:56:44: [SM] Blaming: retakes-instadefuse.smx
L 12/20/2021 - 00:56:44: [SM] Call stack trace:
L 12/20/2021 - 00:56:44: [SM]   [0] PrintToChat
L 12/20/2021 - 00:56:44: [SM]   [1] Line 197, plugin.sp::AttemptInstantDefuse
L 12/20/2021 - 00:56:44: [SM]   [2] Line 104, plugin.sp::Event_BombBeginDefusePlusFrame
L 12/20/2021 - 00:57:13: [SM] Exception reported: Language phrase "InstaDefuseSuccessful" not found (arg 5)
L 12/20/2021 - 00:57:13: [SM] Blaming: retakes-instadefuse.smx
L 12/20/2021 - 00:57:13: [SM] Call stack trace:
L 12/20/2021 - 00:57:13: [SM]   [0] PrintToChat
L 12/20/2021 - 00:57:13: [SM]   [1] Line 197, plugin.sp::AttemptInstantDefuse
L 12/20/2021 - 00:57:13: [SM]   [2] Line 104, plugin.sp::Event_BombBeginDefusePlusFrame
L 12/20/2021 - 00:57:38: [SM] Exception reported: Language phrase "InstaDefuseSuccessful" not found (arg 5)
L 12/20/2021 - 00:57:38: [SM] Blaming: retakes-instadefuse.smx
L 12/20/2021 - 00:57:38: [SM] Call stack trace:
L 12/20/2021 - 00:57:38: [SM]   [0] PrintToChat
L 12/20/2021 - 00:57:38: [SM]   [1] Line 197, plugin.sp::AttemptInstantDefuse
L 12/20/2021 - 00:57:38: [SM]   [2] Line 104, plugin.sp::Event_BombBeginDefusePlusFrame
L 12/20/2021 - 00:58:03: [SM] Exception reported: Language phrase "InstaDefuseSuccessful" not found (arg 5)
L 12/20/2021 - 00:58:03: [SM] Blaming: retakes-instadefuse.smx
L 12/20/2021 - 00:58:03: [SM] Call stack trace:
L 12/20/2021 - 00:58:03: [SM]   [0] PrintToChat
L 12/20/2021 - 00:58:03: [SM]   [1] Line 197, plugin.sp::AttemptInstantDefuse
L 12/20/2021 - 00:58:03: [SM]   [2] Line 104, plugin.sp::Event_BombBeginDefusePlusFrame
L 12/20/2021 - 01:04:23: [SM] Exception reported: Language phrase "InstaDefuseSuccessful" not found (arg 5)
L 12/20/2021 - 01:04:23: [SM] Blaming: retakes-instadefuse.smx
L 12/20/2021 - 01:04:23: [SM] Call stack trace:
L 12/20/2021 - 01:04:23: [SM]   [0] PrintToChat
L 12/20/2021 - 01:04:23: [SM]   [1] Line 197, plugin.sp::AttemptInstantDefuse
L 12/20/2021 - 01:04:23: [SM]   [2] Line 104, plugin.sp::Event_BombBeginDefusePlusFrame
L 12/20/2021 - 01:05:38: [SM] Exception reported: Language phrase "InstaDefuseSuccessful" not found (arg 5)
L 12/20/2021 - 01:05:38: [SM] Blaming: retakes-instadefuse.smx
L 12/20/2021 - 01:05:38: [SM] Call stack trace:
L 12/20/2021 - 01:05:38: [SM]   [0] PrintToChat
L 12/20/2021 - 01:05:38: [SM]   [1] Line 197, plugin.sp::AttemptInstantDefuse
L 12/20/2021 - 01:05:38: [SM]   [2] Line 104, plugin.sp::Event_BombBeginDefusePlusFrame
L 12/20/2021 - 01:06:34: [SM] Exception reported: Language phrase "InstaDefuseSuccessful" not found (arg 5)
L 12/20/2021 - 01:06:34: [SM] Blaming: retakes-instadefuse.smx
L 12/20/2021 - 01:06:34: [SM] Call stack trace:
L 12/20/2021 - 01:06:34: [SM]   [0] PrintToChat
L 12/20/2021 - 01:06:34: [SM]   [1] Line 197, plugin.sp::AttemptInstantDefuse
L 12/20/2021 - 01:06:34: [SM]   [2] Line 104, plugin.sp::Event_BombBeginDefusePlusFrame
L 12/20/2021 - 01:07:01: [SM] Exception reported: Language phrase "InstaDefuseSuccessful" not found (arg 5)
L 12/20/2021 - 01:07:01: [SM] Blaming: retakes-instadefuse.smx
L 12/20/2021 - 01:07:01: [SM] Call stack trace:
L 12/20/2021 - 01:07:01: [SM]   [0] PrintToChat
L 12/20/2021 - 01:07:01: [SM]   [1] Line 197, plugin.sp::AttemptInstantDefuse
L 12/20/2021 - 01:07:01: [SM]   [2] Line 104, plugin.sp::Event_BombBeginDefusePlusFrame
L 12/20/2021 - 01:08:33: [SM] Exception reported: Language phrase "InstaDefuseSuccessful" not found (arg 5)
L 12/20/2021 - 01:08:33: [SM] Blaming: retakes-instadefuse.smx
L 12/20/2021 - 01:08:33: [SM] Call stack trace:
L 12/20/2021 - 01:08:33: [SM]   [0] PrintToChat
L 12/20/2021 - 01:08:33: [SM]   [1] Line 197, plugin.sp::AttemptInstantDefuse
L 12/20/2021 - 01:08:33: [SM]   [2] Line 104, plugin.sp::Event_BombBeginDefusePlusFrame
L 12/20/2021 - 01:09:18: [SM] Exception reported: Language phrase "InstaDefuseSuccessful" not found (arg 5)
L 12/20/2021 - 01:09:18: [SM] Blaming: retakes-instadefuse.smx
L 12/20/2021 - 01:09:18: [SM] Call stack trace:
L 12/20/2021 - 01:09:18: [SM]   [0] PrintToChat
L 12/20/2021 - 01:09:18: [SM]   [1] Line 197, plugin.sp::AttemptInstantDefuse
L 12/20/2021 - 01:09:18: [SM]   [2] Line 104, plugin.sp::Event_BombBeginDefusePlusFrame
L 12/20/2021 - 01:11:09: [SM] Exception reported: Language phrase "InstaDefuseSuccessful" not found (arg 5)
L 12/20/2021 - 01:11:09: [SM] Blaming: retakes-instadefuse.smx
L 12/20/2021 - 01:11:09: [SM] Call stack trace:
L 12/20/2021 - 01:11:09: [SM]   [0] PrintToChat
L 12/20/2021 - 01:11:09: [SM]   [1] Line 197, plugin.sp::AttemptInstantDefuse
L 12/20/2021 - 01:11:09: [SM]   [2] Line 104, plugin.sp::Event_BombBeginDefusePlusFrame
L 12/20/2021 - 01:12:05: [SM] Exception reported: Language phrase "InstaDefuseSuccessful" not found (arg 5)
L 12/20/2021 - 01:12:05: [SM] Blaming: retakes-instadefuse.smx
L 12/20/2021 - 01:12:05: [SM] Call stack trace:
L 12/20/2021 - 01:12:05: [SM]   [0] PrintToChat
L 12/20/2021 - 01:12:05: [SM]   [1] Line 197, plugin.sp::AttemptInstantDefuse
L 12/20/2021 - 01:12:05: [SM]   [2] Line 104, plugin.sp::Event_BombBeginDefusePlusFrame
L 12/20/2021 - 01:12:47: [SM] Exception reported: Language phrase "InstaDefuseUnsuccessful" not found (arg 5)
L 12/20/2021 - 01:12:47: [SM] Blaming: retakes-instadefuse.smx
L 12/20/2021 - 01:12:47: [SM] Call stack trace:
L 12/20/2021 - 01:12:47: [SM]   [0] PrintToChat
L 12/20/2021 - 01:12:47: [SM]   [1] Line 143, plugin.sp::AttemptInstantDefuse
L 12/20/2021 - 01:12:47: [SM]   [2] Line 104, plugin.sp::Event_BombBeginDefusePlusFrame
L 12/20/2021 - 01:12:47: [SM] Exception reported: Language phrase "InstaDefuseUnsuccessful" not found (arg 5)
L 12/20/2021 - 01:12:47: [SM] Blaming: retakes-instadefuse.smx
L 12/20/2021 - 01:12:47: [SM] Call stack trace:
L 12/20/2021 - 01:12:47: [SM]   [0] PrintToChat
L 12/20/2021 - 01:12:47: [SM]   [1] Line 143, plugin.sp::AttemptInstantDefuse
L 12/20/2021 - 01:12:47: [SM]   [2] Line 104, plugin.sp::Event_BombBeginDefusePlusFrame
L 12/20/2021 - 01:12:47: [SM] Exception reported: Language phrase "InstaDefuseUnsuccessful" not found (arg 5)
L 12/20/2021 - 01:12:47: [SM] Blaming: retakes-instadefuse.smx
L 12/20/2021 - 01:12:47: [SM] Call stack trace:
L 12/20/2021 - 01:12:47: [SM]   [0] PrintToChat
L 12/20/2021 - 01:12:47: [SM]   [1] Line 143, plugin.sp::AttemptInstantDefuse
L 12/20/2021 - 01:12:47: [SM]   [2] Line 104, plugin.sp::Event_BombBeginDefusePlusFrame
L 12/20/2021 - 01:12:48: [SM] Exception reported: Language phrase "InstaDefuseUnsuccessful" not found (arg 5)
L 12/20/2021 - 01:12:48: [SM] Blaming: retakes-instadefuse.smx
L 12/20/2021 - 01:12:48: [SM] Call stack trace:
L 12/20/2021 - 01:12:48: [SM]   [0] PrintToChat
L 12/20/2021 - 01:12:48: [SM]   [1] Line 143, plugin.sp::AttemptInstantDefuse
L 12/20/2021 - 01:12:48: [SM]   [2] Line 104, plugin.sp::Event_BombBeginDefusePlusFrame
L 12/20/2021 - 01:12:48: [SM] Exception reported: Language phrase "InstaDefuseUnsuccessful" not found (arg 5)
L 12/20/2021 - 01:12:48: [SM] Blaming: retakes-instadefuse.smx
L 12/20/2021 - 01:12:48: [SM] Call stack trace:
L 12/20/2021 - 01:12:48: [SM]   [0] PrintToChat
L 12/20/2021 - 01:12:48: [SM]   [1] Line 143, plugin.sp::AttemptInstantDefuse
L 12/20/2021 - 01:12:48: [SM]   [2] Line 104, plugin.sp::Event_BombBeginDefusePlusFrame
L 12/20/2021 - 01:12:48: [SM] Exception reported: Language phrase "InstaDefuseUnsuccessful" not found (arg 5)
L 12/20/2021 - 01:12:48: [SM] Blaming: retakes-instadefuse.smx
L 12/20/2021 - 01:12:48: [SM] Call stack trace:
L 12/20/2021 - 01:12:48: [SM]   [0] PrintToChat
L 12/20/2021 - 01:12:48: [SM]   [1] Line 143, plugin.sp::AttemptInstantDefuse
L 12/20/2021 - 01:12:48: [SM]   [2] Line 104, plugin.sp::Event_BombBeginDefusePlusFrame
L 12/20/2021 - 01:13:36: [SM] Exception reported: Language phrase "InstaDefuseSuccessful" not found (arg 5)
L 12/20/2021 - 01:13:36: [SM] Blaming: retakes-instadefuse.smx
L 12/20/2021 - 01:13:36: [SM] Call stack trace:
L 12/20/2021 - 01:13:36: [SM]   [0] PrintToChat
L 12/20/2021 - 01:13:36: [SM]   [1] Line 197, plugin.sp::AttemptInstantDefuse
L 12/20/2021 - 01:13:36: [SM]   [2] Line 104, plugin.sp::Event_BombBeginDefusePlusFrame
L 12/20/2021 - 01:13:54: [SM] Exception reported: Language phrase "InstaDefuseSuccessful" not found (arg 5)
L 12/20/2021 - 01:13:54: [SM] Blaming: retakes-instadefuse.smx
L 12/20/2021 - 01:13:54: [SM] Call stack trace:
L 12/20/2021 - 01:13:54: [SM]   [0] PrintToChat
L 12/20/2021 - 01:13:54: [SM]   [1] Line 197, plugin.sp::AttemptInstantDefuse
L 12/20/2021 - 01:13:54: [SM]   [2] Line 104, plugin.sp::Event_BombBeginDefusePlusFrame
L 12/20/2021 - 01:14:52: [SM] Exception reported: Language phrase "InstaDefuseUnsuccessful" not found (arg 5)
L 12/20/2021 - 01:14:52: [SM] Blaming: retakes-instadefuse.smx
L 12/20/2021 - 01:14:52: [SM] Call stack trace:
L 12/20/2021 - 01:14:52: [SM]   [0] PrintToChat
L 12/20/2021 - 01:14:52: [SM]   [1] Line 143, plugin.sp::AttemptInstantDefuse
L 12/20/2021 - 01:14:52: [SM]   [2] Line 104, plugin.sp::Event_BombBeginDefusePlusFrame
L 12/20/2021 - 01:14:52: [SM] Exception reported: Language phrase "InstaDefuseUnsuccessful" not found (arg 5)
L 12/20/2021 - 01:14:52: [SM] Blaming: retakes-instadefuse.smx
L 12/20/2021 - 01:14:52: [SM] Call stack trace:
L 12/20/2021 - 01:14:52: [SM]   [0] PrintToChat
L 12/20/2021 - 01:14:52: [SM]   [1] Line 143, plugin.sp::AttemptInstantDefuse
L 12/20/2021 - 01:14:52: [SM]   [2] Line 104, plugin.sp::Event_BombBeginDefusePlusFrame
L 12/20/2021 - 01:14:52: [SM] Exception reported: Language phrase "InstaDefuseUnsuccessful" not found (arg 5)
L 12/20/2021 - 01:14:52: [SM] Blaming: retakes-instadefuse.smx
L 12/20/2021 - 01:14:52: [SM] Call stack trace:
L 12/20/2021 - 01:14:52: [SM]   [0] PrintToChat
L 12/20/2021 - 01:14:52: [SM]   [1] Line 143, plugin.sp::AttemptInstantDefuse
L 12/20/2021 - 01:14:52: [SM]   [2] Line 104, plugin.sp::Event_BombBeginDefusePlusFrame
L 12/20/2021 - 01:14:53: [SM] Exception reported: Language phrase "InstaDefuseUnsuccessful" not found (arg 5)
L 12/20/2021 - 01:14:53: [SM] Blaming: retakes-instadefuse.smx
L 12/20/2021 - 01:14:53: [SM] Call stack trace:
L 12/20/2021 - 01:14:53: [SM]   [0] PrintToChat
L 12/20/2021 - 01:14:53: [SM]   [1] Line 143, plugin.sp::AttemptInstantDefuse
L 12/20/2021 - 01:14:53: [SM]   [2] Line 104, plugin.sp::Event_BombBeginDefusePlusFrame
L 12/20/2021 - 01:14:53: [SM] Exception reported: Language phrase "InstaDefuseUnsuccessful" not found (arg 5)
L 12/20/2021 - 01:14:53: [SM] Blaming: retakes-instadefuse.smx
L 12/20/2021 - 01:14:53: [SM] Call stack trace:
L 12/20/2021 - 01:14:53: [SM]   [0] PrintToChat
L 12/20/2021 - 01:14:53: [SM]   [1] Line 143, plugin.sp::AttemptInstantDefuse
L 12/20/2021 - 01:14:53: [SM]   [2] Line 104, plugin.sp::Event_BombBeginDefusePlusFrame
L 12/20/2021 - 01:14:53: [SM] Exception reported: Language phrase "InstaDefuseUnsuccessful" not found (arg 5)
L 12/20/2021 - 01:14:53: [SM] Blaming: retakes-instadefuse.smx
L 12/20/2021 - 01:14:53: [SM] Call stack trace:
L 12/20/2021 - 01:14:53: [SM]   [0] PrintToChat
L 12/20/2021 - 01:14:53: [SM]   [1] Line 143, plugin.sp::AttemptInstantDefuse
L 12/20/2021 - 01:14:53: [SM]   [2] Line 104, plugin.sp::Event_BombBeginDefusePlusFrame
L 12/20/2021 - 01:15:14: [SM] Exception reported: Language phrase "InstaDefuseSuccessful" not found (arg 5)
L 12/20/2021 - 01:15:14: [SM] Blaming: retakes-instadefuse.smx
L 12/20/2021 - 01:15:14: [SM] Call stack trace:
L 12/20/2021 - 01:15:14: [SM]   [0] PrintToChat
L 12/20/2021 - 01:15:14: [SM]   [1] Line 197, plugin.sp::AttemptInstantDefuse
L 12/20/2021 - 01:15:14: [SM]   [2] Line 104, plugin.sp::Event_BombBeginDefusePlusFrame
L 12/20/2021 - 01:17:57: [SM] Exception reported: Language phrase "InstaDefuseSuccessful" not found (arg 5)
L 12/20/2021 - 01:17:57: [SM] Blaming: retakes-instadefuse.smx
L 12/20/2021 - 01:17:57: [SM] Call stack trace:
L 12/20/2021 - 01:17:57: [SM]   [0] PrintToChat
L 12/20/2021 - 01:17:57: [SM]   [1] Line 197, plugin.sp::AttemptInstantDefuse
L 12/20/2021 - 01:17:57: [SM]   [2] Line 104, plugin.sp::Event_BombBeginDefusePlusFrame
L 12/20/2021 - 01:18:18: [SM] Exception reported: Language phrase "InstaDefuseSuccessful" not found (arg 5)
L 12/20/2021 - 01:18:18: [SM] Blaming: retakes-instadefuse.smx
L 12/20/2021 - 01:18:18: [SM] Call stack trace:
L 12/20/2021 - 01:18:18: [SM]   [0] PrintToChat
L 12/20/2021 - 01:18:18: [SM]   [1] Line 197, plugin.sp::AttemptInstantDefuse
L 12/20/2021 - 01:18:18: [SM]   [2] Line 104, plugin.sp::Event_BombBeginDefusePlusFrame
