L 08/05/2022 - 05:15:54: SourceMod error session started
L 08/05/2022 - 05:15:54: Info (map "de_mirage") (file "E:\retake\csgoserver\csgo\addons\sourcemod\logs\errors_20220805.log")
L 08/05/2022 - 05:15:54: [SM] Unable to load extension "PhysHooks.ext": Could not find patch signature for symbol: Physics_RunThinkFunctions
L 08/05/2022 - 05:15:57: [SM] Unable to load plugin "bot_inventory.smx": Native "eItems_AreItemsSynced" was not found
L 08/05/2022 - 05:15:57: [SM] Unable to load plugin "bot_stuff.smx": Could not find required plugin "navmesh"
L 08/05/2022 - 05:15:58: [SM] Unable to load plugin "LagCompensation.smx": Required extension "PhysHooks" file("PhysHooks.ext") not running
L 08/05/2022 - 05:16:00: [SM] Fatal error encountered parsing translation file "ranks_matchmaking.phrases.txt"
L 08/05/2022 - 05:16:00: [SM] Error (line 0, column 0): Stream failed to open
L 08/05/2022 - 05:16:00: [SM] Fatal error encountered parsing translation file "instadefuse.phrases.txt"
L 08/05/2022 - 05:16:00: [SM] Error (line 0, column 0): Stream failed to open
L 08/05/2022 - 05:16:20: [SM] Exception reported: Language phrase "Unranked" not found (arg 5)
L 08/05/2022 - 05:16:20: [SM] Blaming: ranks_matchmaking.smx
L 08/05/2022 - 05:16:20: [SM] Call stack trace:
L 08/05/2022 - 05:16:20: [SM]   [0] FormatEx
L 08/05/2022 - 05:16:20: [SM]   [1] Line 174, ranks_matchmaking.sp::GetRanksNames
L 08/05/2022 - 05:16:20: [SM]   [2] Line 169, ranks_matchmaking.sp::OnMapStart
L 08/05/2022 - 05:16:51: Error log file session closed.
L 08/05/2022 - 05:16:51: SourceMod error session started
L 08/05/2022 - 05:16:51: Info (map "de_mirage") (file "E:\retake\csgoserver\csgo\addons\sourcemod\logs\errors_20220805.log")
L 08/05/2022 - 05:16:51: [SM] Fatal error encountered parsing translation file "ranks_matchmaking.phrases.txt"
L 08/05/2022 - 05:16:51: [SM] Error (line 0, column 0): Stream failed to open
L 08/05/2022 - 05:16:51: [SM] Fatal error encountered parsing translation file "instadefuse.phrases.txt"
L 08/05/2022 - 05:16:51: [SM] Error (line 0, column 0): Stream failed to open
L 08/05/2022 - 05:16:52: [SM] Exception reported: Language phrase "Unranked" not found (arg 5)
L 08/05/2022 - 05:16:52: [SM] Blaming: ranks_matchmaking.smx
L 08/05/2022 - 05:16:52: [SM] Call stack trace:
L 08/05/2022 - 05:16:52: [SM]   [0] FormatEx
L 08/05/2022 - 05:16:52: [SM]   [1] Line 174, ranks_matchmaking.sp::GetRanksNames
L 08/05/2022 - 05:16:52: [SM]   [2] Line 169, ranks_matchmaking.sp::OnMapStart
L 08/05/2022 - 05:19:08: [SM] Exception reported: Language phrase "InstaDefuseSuccessful" not found (arg 5)
L 08/05/2022 - 05:19:08: [SM] Blaming: retakes-instadefuse.smx
L 08/05/2022 - 05:19:08: [SM] Call stack trace:
L 08/05/2022 - 05:19:08: [SM]   [0] PrintToChat
L 08/05/2022 - 05:19:08: [SM]   [1] Line 197, plugin.sp::AttemptInstantDefuse
L 08/05/2022 - 05:19:08: [SM]   [2] Line 104, plugin.sp::Event_BombBeginDefusePlusFrame
L 08/05/2022 - 05:19:26: [SM] Exception reported: Language phrase "InstaDefuseSuccessful" not found (arg 5)
L 08/05/2022 - 05:19:26: [SM] Blaming: retakes-instadefuse.smx
L 08/05/2022 - 05:19:26: [SM] Call stack trace:
L 08/05/2022 - 05:19:26: [SM]   [0] PrintToChat
L 08/05/2022 - 05:19:26: [SM]   [1] Line 197, plugin.sp::AttemptInstantDefuse
L 08/05/2022 - 05:19:26: [SM]   [2] Line 104, plugin.sp::Event_BombBeginDefusePlusFrame
L 08/05/2022 - 05:19:45: [SM] Exception reported: Language phrase "InstaDefuseSuccessful" not found (arg 5)
L 08/05/2022 - 05:19:45: [SM] Blaming: retakes-instadefuse.smx
L 08/05/2022 - 05:19:45: [SM] Call stack trace:
L 08/05/2022 - 05:19:45: [SM]   [0] PrintToChat
L 08/05/2022 - 05:19:45: [SM]   [1] Line 197, plugin.sp::AttemptInstantDefuse
L 08/05/2022 - 05:19:45: [SM]   [2] Line 104, plugin.sp::Event_BombBeginDefusePlusFrame
L 08/05/2022 - 05:20:56: [SM] Exception reported: Language phrase "LiveNadeSomewhere" not found (arg 5)
L 08/05/2022 - 05:20:56: [SM] Blaming: retakes-instadefuse.smx
L 08/05/2022 - 05:20:56: [SM] Call stack trace:
L 08/05/2022 - 05:20:56: [SM]   [0] PrintToChat
L 08/05/2022 - 05:20:56: [SM]   [1] Line 168, plugin.sp::AttemptInstantDefuse
L 08/05/2022 - 05:20:56: [SM]   [2] Line 104, plugin.sp::Event_BombBeginDefusePlusFrame
L 08/05/2022 - 05:21:20: [SM] Exception reported: Language phrase "InstaDefuseSuccessful" not found (arg 5)
L 08/05/2022 - 05:21:20: [SM] Blaming: retakes-instadefuse.smx
L 08/05/2022 - 05:21:20: [SM] Call stack trace:
L 08/05/2022 - 05:21:20: [SM]   [0] PrintToChat
L 08/05/2022 - 05:21:20: [SM]   [1] Line 197, plugin.sp::AttemptInstantDefuse
L 08/05/2022 - 05:21:20: [SM]   [2] Line 104, plugin.sp::Event_BombBeginDefusePlusFrame
L 08/05/2022 - 05:22:35: [SM] Exception reported: Language phrase "InstaDefuseSuccessful" not found (arg 5)
L 08/05/2022 - 05:22:35: [SM] Blaming: retakes-instadefuse.smx
L 08/05/2022 - 05:22:35: [SM] Call stack trace:
L 08/05/2022 - 05:22:35: [SM]   [0] PrintToChat
L 08/05/2022 - 05:22:35: [SM]   [1] Line 197, plugin.sp::AttemptInstantDefuse
L 08/05/2022 - 05:22:35: [SM]   [2] Line 104, plugin.sp::Event_BombBeginDefusePlusFrame
L 08/05/2022 - 05:22:50: [SM] Exception reported: Language phrase "InstaDefuseSuccessful" not found (arg 5)
L 08/05/2022 - 05:22:50: [SM] Blaming: retakes-instadefuse.smx
L 08/05/2022 - 05:22:50: [SM] Call stack trace:
L 08/05/2022 - 05:22:50: [SM]   [0] PrintToChat
L 08/05/2022 - 05:22:50: [SM]   [1] Line 197, plugin.sp::AttemptInstantDefuse
L 08/05/2022 - 05:22:50: [SM]   [2] Line 104, plugin.sp::Event_BombBeginDefusePlusFrame
L 08/05/2022 - 05:23:04: [SM] Exception reported: Language phrase "InstaDefuseSuccessful" not found (arg 5)
L 08/05/2022 - 05:23:04: [SM] Blaming: retakes-instadefuse.smx
L 08/05/2022 - 05:23:04: [SM] Call stack trace:
L 08/05/2022 - 05:23:04: [SM]   [0] PrintToChat
L 08/05/2022 - 05:23:04: [SM]   [1] Line 197, plugin.sp::AttemptInstantDefuse
L 08/05/2022 - 05:23:04: [SM]   [2] Line 104, plugin.sp::Event_BombBeginDefusePlusFrame
L 08/05/2022 - 05:23:19: [SM] Exception reported: Language phrase "InstaDefuseSuccessful" not found (arg 5)
L 08/05/2022 - 05:23:19: [SM] Blaming: retakes-instadefuse.smx
L 08/05/2022 - 05:23:19: [SM] Call stack trace:
L 08/05/2022 - 05:23:19: [SM]   [0] PrintToChat
L 08/05/2022 - 05:23:19: [SM]   [1] Line 197, plugin.sp::AttemptInstantDefuse
L 08/05/2022 - 05:23:19: [SM]   [2] Line 104, plugin.sp::Event_BombBeginDefusePlusFrame
L 08/05/2022 - 05:23:56: [SM] Exception reported: Language phrase "InstaDefuseSuccessful" not found (arg 5)
L 08/05/2022 - 05:23:56: [SM] Blaming: retakes-instadefuse.smx
L 08/05/2022 - 05:23:56: [SM] Call stack trace:
L 08/05/2022 - 05:23:56: [SM]   [0] PrintToChat
L 08/05/2022 - 05:23:56: [SM]   [1] Line 197, plugin.sp::AttemptInstantDefuse
L 08/05/2022 - 05:23:56: [SM]   [2] Line 104, plugin.sp::Event_BombBeginDefusePlusFrame
L 08/05/2022 - 05:24:26: [SM] Exception reported: Language phrase "InstaDefuseSuccessful" not found (arg 5)
L 08/05/2022 - 05:24:26: [SM] Blaming: retakes-instadefuse.smx
L 08/05/2022 - 05:24:26: [SM] Call stack trace:
L 08/05/2022 - 05:24:26: [SM]   [0] PrintToChat
L 08/05/2022 - 05:24:26: [SM]   [1] Line 197, plugin.sp::AttemptInstantDefuse
L 08/05/2022 - 05:24:27: [SM]   [2] Line 104, plugin.sp::Event_BombBeginDefusePlusFrame
L 08/05/2022 - 05:24:44: [SM] Exception reported: Language phrase "InstaDefuseSuccessful" not found (arg 5)
L 08/05/2022 - 05:24:44: [SM] Blaming: retakes-instadefuse.smx
L 08/05/2022 - 05:24:44: [SM] Call stack trace:
L 08/05/2022 - 05:24:44: [SM]   [0] PrintToChat
L 08/05/2022 - 05:24:44: [SM]   [1] Line 197, plugin.sp::AttemptInstantDefuse
L 08/05/2022 - 05:24:44: [SM]   [2] Line 104, plugin.sp::Event_BombBeginDefusePlusFrame
L 08/05/2022 - 05:24:46: [SM] Exception reported: Language phrase "InstaDefuseSuccessful" not found (arg 5)
L 08/05/2022 - 05:24:46: [SM] Blaming: retakes-instadefuse.smx
L 08/05/2022 - 05:24:46: [SM] Call stack trace:
L 08/05/2022 - 05:24:46: [SM]   [0] PrintToChat
L 08/05/2022 - 05:24:46: [SM]   [1] Line 197, plugin.sp::AttemptInstantDefuse
L 08/05/2022 - 05:24:46: [SM]   [2] Line 104, plugin.sp::Event_BombBeginDefusePlusFrame
L 08/05/2022 - 05:26:14: [SM] Exception reported: Language phrase "InstaDefuseSuccessful" not found (arg 5)
L 08/05/2022 - 05:26:14: [SM] Blaming: retakes-instadefuse.smx
L 08/05/2022 - 05:26:14: [SM] Call stack trace:
L 08/05/2022 - 05:26:14: [SM]   [0] PrintToChat
L 08/05/2022 - 05:26:14: [SM]   [1] Line 197, plugin.sp::AttemptInstantDefuse
L 08/05/2022 - 05:26:14: [SM]   [2] Line 104, plugin.sp::Event_BombBeginDefusePlusFrame
L 08/05/2022 - 05:26:33: [SM] Exception reported: Language phrase "InstaDefuseSuccessful" not found (arg 5)
L 08/05/2022 - 05:26:33: [SM] Blaming: retakes-instadefuse.smx
L 08/05/2022 - 05:26:33: [SM] Call stack trace:
L 08/05/2022 - 05:26:33: [SM]   [0] PrintToChat
L 08/05/2022 - 05:26:33: [SM]   [1] Line 197, plugin.sp::AttemptInstantDefuse
L 08/05/2022 - 05:26:33: [SM]   [2] Line 104, plugin.sp::Event_BombBeginDefusePlusFrame
L 08/05/2022 - 05:26:50: [SM] Exception reported: Language phrase "InstaDefuseSuccessful" not found (arg 5)
L 08/05/2022 - 05:26:50: [SM] Blaming: retakes-instadefuse.smx
L 08/05/2022 - 05:26:50: [SM] Call stack trace:
L 08/05/2022 - 05:26:50: [SM]   [0] PrintToChat
L 08/05/2022 - 05:26:50: [SM]   [1] Line 197, plugin.sp::AttemptInstantDefuse
L 08/05/2022 - 05:26:50: [SM]   [2] Line 104, plugin.sp::Event_BombBeginDefusePlusFrame
L 08/05/2022 - 05:27:08: [SM] Exception reported: Language phrase "InstaDefuseSuccessful" not found (arg 5)
L 08/05/2022 - 05:27:08: [SM] Blaming: retakes-instadefuse.smx
L 08/05/2022 - 05:27:09: [SM] Call stack trace:
L 08/05/2022 - 05:27:09: [SM]   [0] PrintToChat
L 08/05/2022 - 05:27:09: [SM]   [1] Line 197, plugin.sp::AttemptInstantDefuse
L 08/05/2022 - 05:27:09: [SM]   [2] Line 104, plugin.sp::Event_BombBeginDefusePlusFrame
L 08/05/2022 - 05:27:23: [SM] Exception reported: Language phrase "InstaDefuseSuccessful" not found (arg 5)
L 08/05/2022 - 05:27:23: [SM] Blaming: retakes-instadefuse.smx
L 08/05/2022 - 05:27:23: [SM] Call stack trace:
L 08/05/2022 - 05:27:23: [SM]   [0] PrintToChat
L 08/05/2022 - 05:27:23: [SM]   [1] Line 197, plugin.sp::AttemptInstantDefuse
L 08/05/2022 - 05:27:23: [SM]   [2] Line 104, plugin.sp::Event_BombBeginDefusePlusFrame
L 08/05/2022 - 05:27:56: [SM] Exception reported: Language phrase "InstaDefuseSuccessful" not found (arg 5)
L 08/05/2022 - 05:27:56: [SM] Blaming: retakes-instadefuse.smx
L 08/05/2022 - 05:27:56: [SM] Call stack trace:
L 08/05/2022 - 05:27:56: [SM]   [0] PrintToChat
L 08/05/2022 - 05:27:56: [SM]   [1] Line 197, plugin.sp::AttemptInstantDefuse
L 08/05/2022 - 05:27:56: [SM]   [2] Line 104, plugin.sp::Event_BombBeginDefusePlusFrame
L 08/05/2022 - 05:28:16: [SM] Exception reported: Language phrase "InstaDefuseSuccessful" not found (arg 5)
L 08/05/2022 - 05:28:16: [SM] Blaming: retakes-instadefuse.smx
L 08/05/2022 - 05:28:16: [SM] Call stack trace:
L 08/05/2022 - 05:28:16: [SM]   [0] PrintToChat
L 08/05/2022 - 05:28:16: [SM]   [1] Line 197, plugin.sp::AttemptInstantDefuse
L 08/05/2022 - 05:28:16: [SM]   [2] Line 104, plugin.sp::Event_BombBeginDefusePlusFrame
L 08/05/2022 - 05:29:23: [SM] Exception reported: Language phrase "InstaDefuseSuccessful" not found (arg 5)
L 08/05/2022 - 05:29:23: [SM] Blaming: retakes-instadefuse.smx
L 08/05/2022 - 05:29:23: [SM] Call stack trace:
L 08/05/2022 - 05:29:23: [SM]   [0] PrintToChat
L 08/05/2022 - 05:29:23: [SM]   [1] Line 197, plugin.sp::AttemptInstantDefuse
L 08/05/2022 - 05:29:23: [SM]   [2] Line 104, plugin.sp::Event_BombBeginDefusePlusFrame
L 08/05/2022 - 05:29:49: [SM] Exception reported: Language phrase "InstaDefuseSuccessful" not found (arg 5)
L 08/05/2022 - 05:29:49: [SM] Blaming: retakes-instadefuse.smx
L 08/05/2022 - 05:29:49: [SM] Call stack trace:
L 08/05/2022 - 05:29:49: [SM]   [0] PrintToChat
L 08/05/2022 - 05:29:49: [SM]   [1] Line 197, plugin.sp::AttemptInstantDefuse
L 08/05/2022 - 05:29:49: [SM]   [2] Line 104, plugin.sp::Event_BombBeginDefusePlusFrame
L 08/05/2022 - 05:30:13: [SM] Exception reported: Language phrase "InstaDefuseSuccessful" not found (arg 5)
L 08/05/2022 - 05:30:13: [SM] Blaming: retakes-instadefuse.smx
L 08/05/2022 - 05:30:13: [SM] Call stack trace:
L 08/05/2022 - 05:30:13: [SM]   [0] PrintToChat
L 08/05/2022 - 05:30:13: [SM]   [1] Line 197, plugin.sp::AttemptInstantDefuse
L 08/05/2022 - 05:30:14: [SM]   [2] Line 104, plugin.sp::Event_BombBeginDefusePlusFrame
L 08/05/2022 - 05:30:46: [SM] Exception reported: Language phrase "InstaDefuseSuccessful" not found (arg 5)
L 08/05/2022 - 05:30:46: [SM] Blaming: retakes-instadefuse.smx
L 08/05/2022 - 05:30:46: [SM] Call stack trace:
L 08/05/2022 - 05:30:46: [SM]   [0] PrintToChat
L 08/05/2022 - 05:30:46: [SM]   [1] Line 197, plugin.sp::AttemptInstantDefuse
L 08/05/2022 - 05:30:46: [SM]   [2] Line 104, plugin.sp::Event_BombBeginDefusePlusFrame
L 08/05/2022 - 05:31:03: [SM] Exception reported: Language phrase "InstaDefuseSuccessful" not found (arg 5)
L 08/05/2022 - 05:31:04: [SM] Blaming: retakes-instadefuse.smx
L 08/05/2022 - 05:31:04: [SM] Call stack trace:
L 08/05/2022 - 05:31:04: [SM]   [0] PrintToChat
L 08/05/2022 - 05:31:04: [SM]   [1] Line 197, plugin.sp::AttemptInstantDefuse
L 08/05/2022 - 05:31:04: [SM]   [2] Line 104, plugin.sp::Event_BombBeginDefusePlusFrame
L 08/05/2022 - 05:31:38: [SM] Exception reported: Language phrase "InstaDefuseSuccessful" not found (arg 5)
L 08/05/2022 - 05:31:38: [SM] Blaming: retakes-instadefuse.smx
L 08/05/2022 - 05:31:38: [SM] Call stack trace:
L 08/05/2022 - 05:31:38: [SM]   [0] PrintToChat
L 08/05/2022 - 05:31:38: [SM]   [1] Line 197, plugin.sp::AttemptInstantDefuse
L 08/05/2022 - 05:31:38: [SM]   [2] Line 104, plugin.sp::Event_BombBeginDefusePlusFrame
L 08/05/2022 - 05:31:52: [SM] Exception reported: Language phrase "InstaDefuseSuccessful" not found (arg 5)
L 08/05/2022 - 05:31:52: [SM] Blaming: retakes-instadefuse.smx
L 08/05/2022 - 05:31:52: [SM] Call stack trace:
L 08/05/2022 - 05:31:52: [SM]   [0] PrintToChat
L 08/05/2022 - 05:31:52: [SM]   [1] Line 197, plugin.sp::AttemptInstantDefuse
L 08/05/2022 - 05:31:52: [SM]   [2] Line 104, plugin.sp::Event_BombBeginDefusePlusFrame
L 08/05/2022 - 05:32:50: [SM] Exception reported: Language phrase "InstaDefuseSuccessful" not found (arg 5)
L 08/05/2022 - 05:32:50: [SM] Blaming: retakes-instadefuse.smx
L 08/05/2022 - 05:32:50: [SM] Call stack trace:
L 08/05/2022 - 05:32:50: [SM]   [0] PrintToChat
L 08/05/2022 - 05:32:50: [SM]   [1] Line 197, plugin.sp::AttemptInstantDefuse
L 08/05/2022 - 05:32:50: [SM]   [2] Line 104, plugin.sp::Event_BombBeginDefusePlusFrame
L 08/05/2022 - 05:33:06: [SM] Exception reported: Language phrase "InstaDefuseSuccessful" not found (arg 5)
L 08/05/2022 - 05:33:06: [SM] Blaming: retakes-instadefuse.smx
L 08/05/2022 - 05:33:06: [SM] Call stack trace:
L 08/05/2022 - 05:33:06: [SM]   [0] PrintToChat
L 08/05/2022 - 05:33:06: [SM]   [1] Line 197, plugin.sp::AttemptInstantDefuse
L 08/05/2022 - 05:33:06: [SM]   [2] Line 104, plugin.sp::Event_BombBeginDefusePlusFrame
L 08/05/2022 - 05:34:38: [SM] Exception reported: Language phrase "InstaDefuseSuccessful" not found (arg 5)
L 08/05/2022 - 05:34:38: [SM] Blaming: retakes-instadefuse.smx
L 08/05/2022 - 05:34:38: [SM] Call stack trace:
L 08/05/2022 - 05:34:38: [SM]   [0] PrintToChat
L 08/05/2022 - 05:34:38: [SM]   [1] Line 197, plugin.sp::AttemptInstantDefuse
L 08/05/2022 - 05:34:38: [SM]   [2] Line 104, plugin.sp::Event_BombBeginDefusePlusFrame
L 08/05/2022 - 05:34:59: [SM] Exception reported: Language phrase "InstaDefuseSuccessful" not found (arg 5)
L 08/05/2022 - 05:34:59: [SM] Blaming: retakes-instadefuse.smx
L 08/05/2022 - 05:34:59: [SM] Call stack trace:
L 08/05/2022 - 05:34:59: [SM]   [0] PrintToChat
L 08/05/2022 - 05:34:59: [SM]   [1] Line 197, plugin.sp::AttemptInstantDefuse
L 08/05/2022 - 05:34:59: [SM]   [2] Line 104, plugin.sp::Event_BombBeginDefusePlusFrame
L 08/05/2022 - 05:35:49: [SM] Exception reported: Language phrase "InstaDefuseSuccessful" not found (arg 5)
L 08/05/2022 - 05:35:49: [SM] Blaming: retakes-instadefuse.smx
L 08/05/2022 - 05:35:49: [SM] Call stack trace:
L 08/05/2022 - 05:35:49: [SM]   [0] PrintToChat
L 08/05/2022 - 05:35:49: [SM]   [1] Line 197, plugin.sp::AttemptInstantDefuse
L 08/05/2022 - 05:35:49: [SM]   [2] Line 104, plugin.sp::Event_BombBeginDefusePlusFrame
L 08/05/2022 - 05:36:04: [SM] Exception reported: Language phrase "InstaDefuseSuccessful" not found (arg 5)
L 08/05/2022 - 05:36:04: [SM] Blaming: retakes-instadefuse.smx
L 08/05/2022 - 05:36:04: [SM] Call stack trace:
L 08/05/2022 - 05:36:04: [SM]   [0] PrintToChat
L 08/05/2022 - 05:36:04: [SM]   [1] Line 197, plugin.sp::AttemptInstantDefuse
L 08/05/2022 - 05:36:04: [SM]   [2] Line 104, plugin.sp::Event_BombBeginDefusePlusFrame
L 08/05/2022 - 05:36:19: [SM] Exception reported: Language phrase "InstaDefuseSuccessful" not found (arg 5)
L 08/05/2022 - 05:36:19: [SM] Blaming: retakes-instadefuse.smx
L 08/05/2022 - 05:36:19: [SM] Call stack trace:
L 08/05/2022 - 05:36:19: [SM]   [0] PrintToChat
L 08/05/2022 - 05:36:19: [SM]   [1] Line 197, plugin.sp::AttemptInstantDefuse
L 08/05/2022 - 05:36:19: [SM]   [2] Line 104, plugin.sp::Event_BombBeginDefusePlusFrame
L 08/05/2022 - 05:36:43: [SM] Exception reported: Language phrase "InstaDefuseSuccessful" not found (arg 5)
L 08/05/2022 - 05:36:43: [SM] Blaming: retakes-instadefuse.smx
L 08/05/2022 - 05:36:43: [SM] Call stack trace:
L 08/05/2022 - 05:36:43: [SM]   [0] PrintToChat
L 08/05/2022 - 05:36:43: [SM]   [1] Line 197, plugin.sp::AttemptInstantDefuse
L 08/05/2022 - 05:36:43: [SM]   [2] Line 104, plugin.sp::Event_BombBeginDefusePlusFrame
L 08/05/2022 - 05:37:00: [SM] Exception reported: Language phrase "InstaDefuseSuccessful" not found (arg 5)
L 08/05/2022 - 05:37:00: [SM] Blaming: retakes-instadefuse.smx
L 08/05/2022 - 05:37:00: [SM] Call stack trace:
L 08/05/2022 - 05:37:00: [SM]   [0] PrintToChat
L 08/05/2022 - 05:37:00: [SM]   [1] Line 197, plugin.sp::AttemptInstantDefuse
L 08/05/2022 - 05:37:00: [SM]   [2] Line 104, plugin.sp::Event_BombBeginDefusePlusFrame
L 08/05/2022 - 05:37:18: [SM] Exception reported: Language phrase "InstaDefuseSuccessful" not found (arg 5)
L 08/05/2022 - 05:37:18: [SM] Blaming: retakes-instadefuse.smx
L 08/05/2022 - 05:37:18: [SM] Call stack trace:
L 08/05/2022 - 05:37:18: [SM]   [0] PrintToChat
L 08/05/2022 - 05:37:18: [SM]   [1] Line 197, plugin.sp::AttemptInstantDefuse
L 08/05/2022 - 05:37:18: [SM]   [2] Line 104, plugin.sp::Event_BombBeginDefusePlusFrame
L 08/05/2022 - 05:37:35: [SM] Exception reported: Language phrase "InstaDefuseSuccessful" not found (arg 5)
L 08/05/2022 - 05:37:35: [SM] Blaming: retakes-instadefuse.smx
L 08/05/2022 - 05:37:35: [SM] Call stack trace:
L 08/05/2022 - 05:37:35: [SM]   [0] PrintToChat
L 08/05/2022 - 05:37:35: [SM]   [1] Line 197, plugin.sp::AttemptInstantDefuse
L 08/05/2022 - 05:37:35: [SM]   [2] Line 104, plugin.sp::Event_BombBeginDefusePlusFrame
L 08/05/2022 - 05:37:50: [SM] Exception reported: Language phrase "InstaDefuseSuccessful" not found (arg 5)
L 08/05/2022 - 05:37:50: [SM] Blaming: retakes-instadefuse.smx
L 08/05/2022 - 05:37:50: [SM] Call stack trace:
L 08/05/2022 - 05:37:50: [SM]   [0] PrintToChat
L 08/05/2022 - 05:37:50: [SM]   [1] Line 197, plugin.sp::AttemptInstantDefuse
L 08/05/2022 - 05:37:50: [SM]   [2] Line 104, plugin.sp::Event_BombBeginDefusePlusFrame
L 08/05/2022 - 05:38:04: [SM] Exception reported: Language phrase "InstaDefuseSuccessful" not found (arg 5)
L 08/05/2022 - 05:38:04: [SM] Blaming: retakes-instadefuse.smx
L 08/05/2022 - 05:38:04: [SM] Call stack trace:
L 08/05/2022 - 05:38:04: [SM]   [0] PrintToChat
L 08/05/2022 - 05:38:04: [SM]   [1] Line 197, plugin.sp::AttemptInstantDefuse
L 08/05/2022 - 05:38:04: [SM]   [2] Line 104, plugin.sp::Event_BombBeginDefusePlusFrame
L 08/05/2022 - 05:38:06: [SM] Exception reported: Language phrase "InstaDefuseSuccessful" not found (arg 5)
L 08/05/2022 - 05:38:06: [SM] Blaming: retakes-instadefuse.smx
L 08/05/2022 - 05:38:06: [SM] Call stack trace:
L 08/05/2022 - 05:38:06: [SM]   [0] PrintToChat
L 08/05/2022 - 05:38:06: [SM]   [1] Line 197, plugin.sp::AttemptInstantDefuse
L 08/05/2022 - 05:38:06: [SM]   [2] Line 104, plugin.sp::Event_BombBeginDefusePlusFrame
L 08/05/2022 - 05:38:31: [SM] Exception reported: Language phrase "InstaDefuseSuccessful" not found (arg 5)
L 08/05/2022 - 05:38:31: [SM] Blaming: retakes-instadefuse.smx
L 08/05/2022 - 05:38:31: [SM] Call stack trace:
L 08/05/2022 - 05:38:31: [SM]   [0] PrintToChat
L 08/05/2022 - 05:38:31: [SM]   [1] Line 197, plugin.sp::AttemptInstantDefuse
L 08/05/2022 - 05:38:31: [SM]   [2] Line 104, plugin.sp::Event_BombBeginDefusePlusFrame
L 08/05/2022 - 05:38:55: [SM] Exception reported: Language phrase "InstaDefuseSuccessful" not found (arg 5)
L 08/05/2022 - 05:38:55: [SM] Blaming: retakes-instadefuse.smx
L 08/05/2022 - 05:38:55: [SM] Call stack trace:
L 08/05/2022 - 05:38:55: [SM]   [0] PrintToChat
L 08/05/2022 - 05:38:55: [SM]   [1] Line 197, plugin.sp::AttemptInstantDefuse
L 08/05/2022 - 05:38:55: [SM]   [2] Line 104, plugin.sp::Event_BombBeginDefusePlusFrame
L 08/05/2022 - 05:40:22: [SM] Exception reported: Language phrase "InstaDefuseSuccessful" not found (arg 5)
L 08/05/2022 - 05:40:22: [SM] Blaming: retakes-instadefuse.smx
L 08/05/2022 - 05:40:22: [SM] Call stack trace:
L 08/05/2022 - 05:40:22: [SM]   [0] PrintToChat
L 08/05/2022 - 05:40:22: [SM]   [1] Line 197, plugin.sp::AttemptInstantDefuse
L 08/05/2022 - 05:40:22: [SM]   [2] Line 104, plugin.sp::Event_BombBeginDefusePlusFrame
L 08/05/2022 - 05:40:42: [SM] Exception reported: Language phrase "InstaDefuseSuccessful" not found (arg 5)
L 08/05/2022 - 05:40:42: [SM] Blaming: retakes-instadefuse.smx
L 08/05/2022 - 05:40:42: [SM] Call stack trace:
L 08/05/2022 - 05:40:42: [SM]   [0] PrintToChat
L 08/05/2022 - 05:40:42: [SM]   [1] Line 197, plugin.sp::AttemptInstantDefuse
L 08/05/2022 - 05:40:42: [SM]   [2] Line 104, plugin.sp::Event_BombBeginDefusePlusFrame
L 08/05/2022 - 05:41:22: [SM] Exception reported: Language phrase "InstaDefuseSuccessful" not found (arg 5)
L 08/05/2022 - 05:41:22: [SM] Blaming: retakes-instadefuse.smx
L 08/05/2022 - 05:41:22: [SM] Call stack trace:
L 08/05/2022 - 05:41:22: [SM]   [0] PrintToChat
L 08/05/2022 - 05:41:22: [SM]   [1] Line 197, plugin.sp::AttemptInstantDefuse
L 08/05/2022 - 05:41:22: [SM]   [2] Line 104, plugin.sp::Event_BombBeginDefusePlusFrame
L 08/05/2022 - 05:42:32: [SM] Exception reported: Language phrase "InstaDefuseSuccessful" not found (arg 5)
L 08/05/2022 - 05:42:32: [SM] Blaming: retakes-instadefuse.smx
L 08/05/2022 - 05:42:32: [SM] Call stack trace:
L 08/05/2022 - 05:42:32: [SM]   [0] PrintToChat
L 08/05/2022 - 05:42:32: [SM]   [1] Line 197, plugin.sp::AttemptInstantDefuse
L 08/05/2022 - 05:42:32: [SM]   [2] Line 104, plugin.sp::Event_BombBeginDefusePlusFrame
L 08/05/2022 - 05:43:47: [SM] Exception reported: Language phrase "InstaDefuseSuccessful" not found (arg 5)
L 08/05/2022 - 05:43:47: [SM] Blaming: retakes-instadefuse.smx
L 08/05/2022 - 05:43:47: [SM] Call stack trace:
L 08/05/2022 - 05:43:47: [SM]   [0] PrintToChat
L 08/05/2022 - 05:43:47: [SM]   [1] Line 197, plugin.sp::AttemptInstantDefuse
L 08/05/2022 - 05:43:47: [SM]   [2] Line 104, plugin.sp::Event_BombBeginDefusePlusFrame
L 08/05/2022 - 05:44:12: [SM] Exception reported: Language phrase "InstaDefuseSuccessful" not found (arg 5)
L 08/05/2022 - 05:44:12: [SM] Blaming: retakes-instadefuse.smx
L 08/05/2022 - 05:44:12: [SM] Call stack trace:
L 08/05/2022 - 05:44:12: [SM]   [0] PrintToChat
L 08/05/2022 - 05:44:12: [SM]   [1] Line 197, plugin.sp::AttemptInstantDefuse
L 08/05/2022 - 05:44:12: [SM]   [2] Line 104, plugin.sp::Event_BombBeginDefusePlusFrame
L 08/05/2022 - 05:44:28: [SM] Exception reported: Language phrase "InstaDefuseSuccessful" not found (arg 5)
L 08/05/2022 - 05:44:28: [SM] Blaming: retakes-instadefuse.smx
L 08/05/2022 - 05:44:28: [SM] Call stack trace:
L 08/05/2022 - 05:44:28: [SM]   [0] PrintToChat
L 08/05/2022 - 05:44:28: [SM]   [1] Line 197, plugin.sp::AttemptInstantDefuse
L 08/05/2022 - 05:44:28: [SM]   [2] Line 104, plugin.sp::Event_BombBeginDefusePlusFrame
L 08/05/2022 - 05:44:49: [SM] Exception reported: Language phrase "InstaDefuseSuccessful" not found (arg 5)
L 08/05/2022 - 05:44:49: [SM] Blaming: retakes-instadefuse.smx
L 08/05/2022 - 05:44:49: [SM] Call stack trace:
L 08/05/2022 - 05:44:49: [SM]   [0] PrintToChat
L 08/05/2022 - 05:44:49: [SM]   [1] Line 197, plugin.sp::AttemptInstantDefuse
L 08/05/2022 - 05:44:49: [SM]   [2] Line 104, plugin.sp::Event_BombBeginDefusePlusFrame
L 08/05/2022 - 05:45:04: [SM] Exception reported: Language phrase "InstaDefuseSuccessful" not found (arg 5)
L 08/05/2022 - 05:45:04: [SM] Blaming: retakes-instadefuse.smx
L 08/05/2022 - 05:45:04: [SM] Call stack trace:
L 08/05/2022 - 05:45:04: [SM]   [0] PrintToChat
L 08/05/2022 - 05:45:04: [SM]   [1] Line 197, plugin.sp::AttemptInstantDefuse
L 08/05/2022 - 05:45:04: [SM]   [2] Line 104, plugin.sp::Event_BombBeginDefusePlusFrame
L 08/05/2022 - 05:45:21: [SM] Exception reported: Language phrase "InstaDefuseSuccessful" not found (arg 5)
L 08/05/2022 - 05:45:21: [SM] Blaming: retakes-instadefuse.smx
L 08/05/2022 - 05:45:21: [SM] Call stack trace:
L 08/05/2022 - 05:45:21: [SM]   [0] PrintToChat
L 08/05/2022 - 05:45:21: [SM]   [1] Line 197, plugin.sp::AttemptInstantDefuse
L 08/05/2022 - 05:45:21: [SM]   [2] Line 104, plugin.sp::Event_BombBeginDefusePlusFrame
L 08/05/2022 - 05:46:02: [SM] Exception reported: Language phrase "InstaDefuseSuccessful" not found (arg 5)
L 08/05/2022 - 05:46:02: [SM] Blaming: retakes-instadefuse.smx
L 08/05/2022 - 05:46:02: [SM] Call stack trace:
L 08/05/2022 - 05:46:02: [SM]   [0] PrintToChat
L 08/05/2022 - 05:46:02: [SM]   [1] Line 197, plugin.sp::AttemptInstantDefuse
L 08/05/2022 - 05:46:02: [SM]   [2] Line 104, plugin.sp::Event_BombBeginDefusePlusFrame
L 08/05/2022 - 05:46:19: [SM] Exception reported: Language phrase "InstaDefuseSuccessful" not found (arg 5)
L 08/05/2022 - 05:46:19: [SM] Blaming: retakes-instadefuse.smx
L 08/05/2022 - 05:46:19: [SM] Call stack trace:
L 08/05/2022 - 05:46:19: [SM]   [0] PrintToChat
L 08/05/2022 - 05:46:19: [SM]   [1] Line 197, plugin.sp::AttemptInstantDefuse
L 08/05/2022 - 05:46:19: [SM]   [2] Line 104, plugin.sp::Event_BombBeginDefusePlusFrame
L 08/05/2022 - 05:46:21: [SM] Exception reported: Language phrase "InstaDefuseSuccessful" not found (arg 5)
L 08/05/2022 - 05:46:21: [SM] Blaming: retakes-instadefuse.smx
L 08/05/2022 - 05:46:21: [SM] Call stack trace:
L 08/05/2022 - 05:46:21: [SM]   [0] PrintToChat
L 08/05/2022 - 05:46:21: [SM]   [1] Line 197, plugin.sp::AttemptInstantDefuse
L 08/05/2022 - 05:46:21: [SM]   [2] Line 104, plugin.sp::Event_BombBeginDefusePlusFrame
L 08/05/2022 - 05:46:44: [SM] Exception reported: Language phrase "InstaDefuseSuccessful" not found (arg 5)
L 08/05/2022 - 05:46:44: [SM] Blaming: retakes-instadefuse.smx
L 08/05/2022 - 05:46:44: [SM] Call stack trace:
L 08/05/2022 - 05:46:44: [SM]   [0] PrintToChat
L 08/05/2022 - 05:46:44: [SM]   [1] Line 197, plugin.sp::AttemptInstantDefuse
L 08/05/2022 - 05:46:44: [SM]   [2] Line 104, plugin.sp::Event_BombBeginDefusePlusFrame
L 08/05/2022 - 05:47:00: [SM] Exception reported: Language phrase "InstaDefuseSuccessful" not found (arg 5)
L 08/05/2022 - 05:47:00: [SM] Blaming: retakes-instadefuse.smx
L 08/05/2022 - 05:47:00: [SM] Call stack trace:
L 08/05/2022 - 05:47:00: [SM]   [0] PrintToChat
L 08/05/2022 - 05:47:00: [SM]   [1] Line 197, plugin.sp::AttemptInstantDefuse
L 08/05/2022 - 05:47:00: [SM]   [2] Line 104, plugin.sp::Event_BombBeginDefusePlusFrame
L 08/05/2022 - 05:47:14: [SM] Exception reported: Language phrase "InstaDefuseSuccessful" not found (arg 5)
L 08/05/2022 - 05:47:14: [SM] Blaming: retakes-instadefuse.smx
L 08/05/2022 - 05:47:14: [SM] Call stack trace:
L 08/05/2022 - 05:47:14: [SM]   [0] PrintToChat
L 08/05/2022 - 05:47:14: [SM]   [1] Line 197, plugin.sp::AttemptInstantDefuse
L 08/05/2022 - 05:47:14: [SM]   [2] Line 104, plugin.sp::Event_BombBeginDefusePlusFrame
L 08/05/2022 - 05:47:41: [SM] Exception reported: Language phrase "InstaDefuseSuccessful" not found (arg 5)
L 08/05/2022 - 05:47:41: [SM] Blaming: retakes-instadefuse.smx
L 08/05/2022 - 05:47:41: [SM] Call stack trace:
L 08/05/2022 - 05:47:41: [SM]   [0] PrintToChat
L 08/05/2022 - 05:47:41: [SM]   [1] Line 197, plugin.sp::AttemptInstantDefuse
L 08/05/2022 - 05:47:41: [SM]   [2] Line 104, plugin.sp::Event_BombBeginDefusePlusFrame
L 08/05/2022 - 05:48:01: [SM] Exception reported: Language phrase "InstaDefuseSuccessful" not found (arg 5)
L 08/05/2022 - 05:48:01: [SM] Blaming: retakes-instadefuse.smx
L 08/05/2022 - 05:48:01: [SM] Call stack trace:
L 08/05/2022 - 05:48:01: [SM]   [0] PrintToChat
L 08/05/2022 - 05:48:01: [SM]   [1] Line 197, plugin.sp::AttemptInstantDefuse
L 08/05/2022 - 05:48:01: [SM]   [2] Line 104, plugin.sp::Event_BombBeginDefusePlusFrame
L 08/05/2022 - 05:48:03: [SM] Exception reported: Language phrase "InstaDefuseSuccessful" not found (arg 5)
L 08/05/2022 - 05:48:03: [SM] Blaming: retakes-instadefuse.smx
L 08/05/2022 - 05:48:03: [SM] Call stack trace:
L 08/05/2022 - 05:48:03: [SM]   [0] PrintToChat
L 08/05/2022 - 05:48:03: [SM]   [1] Line 197, plugin.sp::AttemptInstantDefuse
L 08/05/2022 - 05:48:03: [SM]   [2] Line 104, plugin.sp::Event_BombBeginDefusePlusFrame
L 08/05/2022 - 05:48:04: [SM] Exception reported: Language phrase "InstaDefuseSuccessful" not found (arg 5)
L 08/05/2022 - 05:48:04: [SM] Blaming: retakes-instadefuse.smx
L 08/05/2022 - 05:48:04: [SM] Call stack trace:
L 08/05/2022 - 05:48:04: [SM]   [0] PrintToChat
L 08/05/2022 - 05:48:04: [SM]   [1] Line 197, plugin.sp::AttemptInstantDefuse
L 08/05/2022 - 05:48:04: [SM]   [2] Line 104, plugin.sp::Event_BombBeginDefusePlusFrame
L 08/05/2022 - 05:48:27: [SM] Exception reported: Language phrase "InstaDefuseSuccessful" not found (arg 5)
L 08/05/2022 - 05:48:27: [SM] Blaming: retakes-instadefuse.smx
L 08/05/2022 - 05:48:27: [SM] Call stack trace:
L 08/05/2022 - 05:48:27: [SM]   [0] PrintToChat
L 08/05/2022 - 05:48:27: [SM]   [1] Line 197, plugin.sp::AttemptInstantDefuse
L 08/05/2022 - 05:48:27: [SM]   [2] Line 104, plugin.sp::Event_BombBeginDefusePlusFrame
L 08/05/2022 - 05:48:43: [SM] Exception reported: Language phrase "InstaDefuseSuccessful" not found (arg 5)
L 08/05/2022 - 05:48:43: [SM] Blaming: retakes-instadefuse.smx
L 08/05/2022 - 05:48:43: [SM] Call stack trace:
L 08/05/2022 - 05:48:43: [SM]   [0] PrintToChat
L 08/05/2022 - 05:48:43: [SM]   [1] Line 197, plugin.sp::AttemptInstantDefuse
L 08/05/2022 - 05:48:43: [SM]   [2] Line 104, plugin.sp::Event_BombBeginDefusePlusFrame
L 08/05/2022 - 05:49:02: [SM] Exception reported: Language phrase "InstaDefuseSuccessful" not found (arg 5)
L 08/05/2022 - 05:49:02: [SM] Blaming: retakes-instadefuse.smx
L 08/05/2022 - 05:49:02: [SM] Call stack trace:
L 08/05/2022 - 05:49:02: [SM]   [0] PrintToChat
L 08/05/2022 - 05:49:02: [SM]   [1] Line 197, plugin.sp::AttemptInstantDefuse
L 08/05/2022 - 05:49:02: [SM]   [2] Line 104, plugin.sp::Event_BombBeginDefusePlusFrame
L 08/05/2022 - 05:50:03: [SM] Exception reported: Language phrase "InstaDefuseSuccessful" not found (arg 5)
L 08/05/2022 - 05:50:03: [SM] Blaming: retakes-instadefuse.smx
L 08/05/2022 - 05:50:04: [SM] Call stack trace:
L 08/05/2022 - 05:50:04: [SM]   [0] PrintToChat
L 08/05/2022 - 05:50:04: [SM]   [1] Line 197, plugin.sp::AttemptInstantDefuse
L 08/05/2022 - 05:50:04: [SM]   [2] Line 104, plugin.sp::Event_BombBeginDefusePlusFrame
L 08/05/2022 - 05:50:22: [SM] Exception reported: Language phrase "InstaDefuseSuccessful" not found (arg 5)
L 08/05/2022 - 05:50:22: [SM] Blaming: retakes-instadefuse.smx
L 08/05/2022 - 05:50:22: [SM] Call stack trace:
L 08/05/2022 - 05:50:22: [SM]   [0] PrintToChat
L 08/05/2022 - 05:50:22: [SM]   [1] Line 197, plugin.sp::AttemptInstantDefuse
L 08/05/2022 - 05:50:22: [SM]   [2] Line 104, plugin.sp::Event_BombBeginDefusePlusFrame
L 08/05/2022 - 05:50:38: [SM] Exception reported: Language phrase "InstaDefuseSuccessful" not found (arg 5)
L 08/05/2022 - 05:50:38: [SM] Blaming: retakes-instadefuse.smx
L 08/05/2022 - 05:50:38: [SM] Call stack trace:
L 08/05/2022 - 05:50:38: [SM]   [0] PrintToChat
L 08/05/2022 - 05:50:38: [SM]   [1] Line 197, plugin.sp::AttemptInstantDefuse
L 08/05/2022 - 05:50:38: [SM]   [2] Line 104, plugin.sp::Event_BombBeginDefusePlusFrame
L 08/05/2022 - 05:51:08: [SM] Exception reported: Language phrase "InstaDefuseSuccessful" not found (arg 5)
L 08/05/2022 - 05:51:08: [SM] Blaming: retakes-instadefuse.smx
L 08/05/2022 - 05:51:08: [SM] Call stack trace:
L 08/05/2022 - 05:51:08: [SM]   [0] PrintToChat
L 08/05/2022 - 05:51:08: [SM]   [1] Line 197, plugin.sp::AttemptInstantDefuse
L 08/05/2022 - 05:51:08: [SM]   [2] Line 104, plugin.sp::Event_BombBeginDefusePlusFrame
L 08/05/2022 - 05:51:30: [SM] Exception reported: Language phrase "InstaDefuseSuccessful" not found (arg 5)
L 08/05/2022 - 05:51:30: [SM] Blaming: retakes-instadefuse.smx
L 08/05/2022 - 05:51:30: [SM] Call stack trace:
L 08/05/2022 - 05:51:30: [SM]   [0] PrintToChat
L 08/05/2022 - 05:51:30: [SM]   [1] Line 197, plugin.sp::AttemptInstantDefuse
L 08/05/2022 - 05:51:30: [SM]   [2] Line 104, plugin.sp::Event_BombBeginDefusePlusFrame
L 08/05/2022 - 05:51:32: [SM] Exception reported: Language phrase "InstaDefuseSuccessful" not found (arg 5)
L 08/05/2022 - 05:51:32: [SM] Blaming: retakes-instadefuse.smx
L 08/05/2022 - 05:51:32: [SM] Call stack trace:
L 08/05/2022 - 05:51:32: [SM]   [0] PrintToChat
L 08/05/2022 - 05:51:32: [SM]   [1] Line 197, plugin.sp::AttemptInstantDefuse
L 08/05/2022 - 05:51:32: [SM]   [2] Line 104, plugin.sp::Event_BombBeginDefusePlusFrame
L 08/05/2022 - 05:52:08: [SM] Exception reported: Language phrase "InstaDefuseSuccessful" not found (arg 5)
L 08/05/2022 - 05:52:08: [SM] Blaming: retakes-instadefuse.smx
L 08/05/2022 - 05:52:08: [SM] Call stack trace:
L 08/05/2022 - 05:52:08: [SM]   [0] PrintToChat
L 08/05/2022 - 05:52:08: [SM]   [1] Line 197, plugin.sp::AttemptInstantDefuse
L 08/05/2022 - 05:52:08: [SM]   [2] Line 104, plugin.sp::Event_BombBeginDefusePlusFrame
L 08/05/2022 - 05:52:25: [SM] Exception reported: Language phrase "InstaDefuseSuccessful" not found (arg 5)
L 08/05/2022 - 05:52:25: [SM] Blaming: retakes-instadefuse.smx
L 08/05/2022 - 05:52:25: [SM] Call stack trace:
L 08/05/2022 - 05:52:25: [SM]   [0] PrintToChat
L 08/05/2022 - 05:52:25: [SM]   [1] Line 197, plugin.sp::AttemptInstantDefuse
L 08/05/2022 - 05:52:25: [SM]   [2] Line 104, plugin.sp::Event_BombBeginDefusePlusFrame
L 08/05/2022 - 05:52:46: [SM] Exception reported: Language phrase "InstaDefuseSuccessful" not found (arg 5)
L 08/05/2022 - 05:52:46: [SM] Blaming: retakes-instadefuse.smx
L 08/05/2022 - 05:52:46: [SM] Call stack trace:
L 08/05/2022 - 05:52:46: [SM]   [0] PrintToChat
L 08/05/2022 - 05:52:46: [SM]   [1] Line 197, plugin.sp::AttemptInstantDefuse
L 08/05/2022 - 05:52:46: [SM]   [2] Line 104, plugin.sp::Event_BombBeginDefusePlusFrame
L 08/05/2022 - 05:53:08: [SM] Exception reported: Language phrase "InstaDefuseSuccessful" not found (arg 5)
L 08/05/2022 - 05:53:08: [SM] Blaming: retakes-instadefuse.smx
L 08/05/2022 - 05:53:08: [SM] Call stack trace:
L 08/05/2022 - 05:53:08: [SM]   [0] PrintToChat
L 08/05/2022 - 05:53:08: [SM]   [1] Line 197, plugin.sp::AttemptInstantDefuse
L 08/05/2022 - 05:53:08: [SM]   [2] Line 104, plugin.sp::Event_BombBeginDefusePlusFrame
L 08/05/2022 - 05:53:27: [SM] Exception reported: Language phrase "InstaDefuseSuccessful" not found (arg 5)
L 08/05/2022 - 05:53:27: [SM] Blaming: retakes-instadefuse.smx
L 08/05/2022 - 05:53:27: [SM] Call stack trace:
L 08/05/2022 - 05:53:27: [SM]   [0] PrintToChat
L 08/05/2022 - 05:53:27: [SM]   [1] Line 197, plugin.sp::AttemptInstantDefuse
L 08/05/2022 - 05:53:27: [SM]   [2] Line 104, plugin.sp::Event_BombBeginDefusePlusFrame
L 08/05/2022 - 05:53:49: [SM] Exception reported: Language phrase "InstaDefuseSuccessful" not found (arg 5)
L 08/05/2022 - 05:53:49: [SM] Blaming: retakes-instadefuse.smx
L 08/05/2022 - 05:53:49: [SM] Call stack trace:
L 08/05/2022 - 05:53:49: [SM]   [0] PrintToChat
L 08/05/2022 - 05:53:49: [SM]   [1] Line 197, plugin.sp::AttemptInstantDefuse
L 08/05/2022 - 05:53:49: [SM]   [2] Line 104, plugin.sp::Event_BombBeginDefusePlusFrame
L 08/05/2022 - 05:54:06: [SM] Exception reported: Language phrase "InstaDefuseSuccessful" not found (arg 5)
L 08/05/2022 - 05:54:06: [SM] Blaming: retakes-instadefuse.smx
L 08/05/2022 - 05:54:06: [SM] Call stack trace:
L 08/05/2022 - 05:54:06: [SM]   [0] PrintToChat
L 08/05/2022 - 05:54:06: [SM]   [1] Line 197, plugin.sp::AttemptInstantDefuse
L 08/05/2022 - 05:54:06: [SM]   [2] Line 104, plugin.sp::Event_BombBeginDefusePlusFrame
L 08/05/2022 - 05:54:34: [SM] Exception reported: Language phrase "InstaDefuseSuccessful" not found (arg 5)
L 08/05/2022 - 05:54:34: [SM] Blaming: retakes-instadefuse.smx
L 08/05/2022 - 05:54:34: [SM] Call stack trace:
L 08/05/2022 - 05:54:34: [SM]   [0] PrintToChat
L 08/05/2022 - 05:54:35: [SM]   [1] Line 197, plugin.sp::AttemptInstantDefuse
L 08/05/2022 - 05:54:35: [SM]   [2] Line 104, plugin.sp::Event_BombBeginDefusePlusFrame
L 08/05/2022 - 05:55:33: [SM] Exception reported: Language phrase "InstaDefuseSuccessful" not found (arg 5)
L 08/05/2022 - 05:55:33: [SM] Blaming: retakes-instadefuse.smx
L 08/05/2022 - 05:55:33: [SM] Call stack trace:
L 08/05/2022 - 05:55:33: [SM]   [0] PrintToChat
L 08/05/2022 - 05:55:33: [SM]   [1] Line 197, plugin.sp::AttemptInstantDefuse
L 08/05/2022 - 05:55:33: [SM]   [2] Line 104, plugin.sp::Event_BombBeginDefusePlusFrame
L 08/05/2022 - 05:55:57: [SM] Exception reported: Language phrase "InstaDefuseSuccessful" not found (arg 5)
L 08/05/2022 - 05:55:57: [SM] Blaming: retakes-instadefuse.smx
L 08/05/2022 - 05:55:57: [SM] Call stack trace:
L 08/05/2022 - 05:55:57: [SM]   [0] PrintToChat
L 08/05/2022 - 05:55:57: [SM]   [1] Line 197, plugin.sp::AttemptInstantDefuse
L 08/05/2022 - 05:55:57: [SM]   [2] Line 104, plugin.sp::Event_BombBeginDefusePlusFrame
L 08/05/2022 - 05:56:27: [SM] Exception reported: Language phrase "InstaDefuseSuccessful" not found (arg 5)
L 08/05/2022 - 05:56:27: [SM] Blaming: retakes-instadefuse.smx
L 08/05/2022 - 05:56:27: [SM] Call stack trace:
L 08/05/2022 - 05:56:27: [SM]   [0] PrintToChat
L 08/05/2022 - 05:56:27: [SM]   [1] Line 197, plugin.sp::AttemptInstantDefuse
L 08/05/2022 - 05:56:27: [SM]   [2] Line 104, plugin.sp::Event_BombBeginDefusePlusFrame
L 08/05/2022 - 05:57:32: [SM] Exception reported: Language phrase "InstaDefuseSuccessful" not found (arg 5)
L 08/05/2022 - 05:57:32: [SM] Blaming: retakes-instadefuse.smx
L 08/05/2022 - 05:57:32: [SM] Call stack trace:
L 08/05/2022 - 05:57:32: [SM]   [0] PrintToChat
L 08/05/2022 - 05:57:32: [SM]   [1] Line 197, plugin.sp::AttemptInstantDefuse
L 08/05/2022 - 05:57:32: [SM]   [2] Line 104, plugin.sp::Event_BombBeginDefusePlusFrame
L 08/05/2022 - 05:57:48: [SM] Exception reported: Language phrase "InstaDefuseSuccessful" not found (arg 5)
L 08/05/2022 - 05:57:48: [SM] Blaming: retakes-instadefuse.smx
L 08/05/2022 - 05:57:48: [SM] Call stack trace:
L 08/05/2022 - 05:57:48: [SM]   [0] PrintToChat
L 08/05/2022 - 05:57:48: [SM]   [1] Line 197, plugin.sp::AttemptInstantDefuse
L 08/05/2022 - 05:57:48: [SM]   [2] Line 104, plugin.sp::Event_BombBeginDefusePlusFrame
L 08/05/2022 - 05:58:40: [SM] Exception reported: Language phrase "InstaDefuseSuccessful" not found (arg 5)
L 08/05/2022 - 05:58:40: [SM] Blaming: retakes-instadefuse.smx
L 08/05/2022 - 05:58:40: [SM] Call stack trace:
L 08/05/2022 - 05:58:40: [SM]   [0] PrintToChat
L 08/05/2022 - 05:58:40: [SM]   [1] Line 197, plugin.sp::AttemptInstantDefuse
L 08/05/2022 - 05:58:40: [SM]   [2] Line 104, plugin.sp::Event_BombBeginDefusePlusFrame
L 08/05/2022 - 05:59:45: [SM] Exception reported: Language phrase "InstaDefuseSuccessful" not found (arg 5)
L 08/05/2022 - 05:59:45: [SM] Blaming: retakes-instadefuse.smx
L 08/05/2022 - 05:59:45: [SM] Call stack trace:
L 08/05/2022 - 05:59:45: [SM]   [0] PrintToChat
L 08/05/2022 - 05:59:45: [SM]   [1] Line 197, plugin.sp::AttemptInstantDefuse
L 08/05/2022 - 05:59:45: [SM]   [2] Line 104, plugin.sp::Event_BombBeginDefusePlusFrame
L 08/05/2022 - 05:59:59: [SM] Exception reported: Language phrase "InstaDefuseSuccessful" not found (arg 5)
L 08/05/2022 - 05:59:59: [SM] Blaming: retakes-instadefuse.smx
L 08/05/2022 - 05:59:59: [SM] Call stack trace:
L 08/05/2022 - 05:59:59: [SM]   [0] PrintToChat
L 08/05/2022 - 05:59:59: [SM]   [1] Line 197, plugin.sp::AttemptInstantDefuse
L 08/05/2022 - 05:59:59: [SM]   [2] Line 104, plugin.sp::Event_BombBeginDefusePlusFrame
L 08/05/2022 - 06:00:15: [SM] Exception reported: Language phrase "InstaDefuseSuccessful" not found (arg 5)
L 08/05/2022 - 06:00:15: [SM] Blaming: retakes-instadefuse.smx
L 08/05/2022 - 06:00:15: [SM] Call stack trace:
L 08/05/2022 - 06:00:15: [SM]   [0] PrintToChat
L 08/05/2022 - 06:00:15: [SM]   [1] Line 197, plugin.sp::AttemptInstantDefuse
L 08/05/2022 - 06:00:15: [SM]   [2] Line 104, plugin.sp::Event_BombBeginDefusePlusFrame
L 08/05/2022 - 06:00:34: [SM] Exception reported: Language phrase "InstaDefuseSuccessful" not found (arg 5)
L 08/05/2022 - 06:00:34: [SM] Blaming: retakes-instadefuse.smx
L 08/05/2022 - 06:00:34: [SM] Call stack trace:
L 08/05/2022 - 06:00:34: [SM]   [0] PrintToChat
L 08/05/2022 - 06:00:34: [SM]   [1] Line 197, plugin.sp::AttemptInstantDefuse
L 08/05/2022 - 06:00:34: [SM]   [2] Line 104, plugin.sp::Event_BombBeginDefusePlusFrame
L 08/05/2022 - 06:00:52: [SM] Exception reported: Language phrase "InstaDefuseSuccessful" not found (arg 5)
L 08/05/2022 - 06:00:52: [SM] Blaming: retakes-instadefuse.smx
L 08/05/2022 - 06:00:52: [SM] Call stack trace:
L 08/05/2022 - 06:00:52: [SM]   [0] PrintToChat
L 08/05/2022 - 06:00:52: [SM]   [1] Line 197, plugin.sp::AttemptInstantDefuse
L 08/05/2022 - 06:00:52: [SM]   [2] Line 104, plugin.sp::Event_BombBeginDefusePlusFrame
L 08/05/2022 - 06:01:33: [SM] Exception reported: Language phrase "InstaDefuseSuccessful" not found (arg 5)
L 08/05/2022 - 06:01:33: [SM] Blaming: retakes-instadefuse.smx
L 08/05/2022 - 06:01:33: [SM] Call stack trace:
L 08/05/2022 - 06:01:33: [SM]   [0] PrintToChat
L 08/05/2022 - 06:01:33: [SM]   [1] Line 197, plugin.sp::AttemptInstantDefuse
L 08/05/2022 - 06:01:33: [SM]   [2] Line 104, plugin.sp::Event_BombBeginDefusePlusFrame
L 08/05/2022 - 06:01:48: [SM] Exception reported: Language phrase "InstaDefuseSuccessful" not found (arg 5)
L 08/05/2022 - 06:01:48: [SM] Blaming: retakes-instadefuse.smx
L 08/05/2022 - 06:01:48: [SM] Call stack trace:
L 08/05/2022 - 06:01:48: [SM]   [0] PrintToChat
L 08/05/2022 - 06:01:48: [SM]   [1] Line 197, plugin.sp::AttemptInstantDefuse
L 08/05/2022 - 06:01:48: [SM]   [2] Line 104, plugin.sp::Event_BombBeginDefusePlusFrame
L 08/05/2022 - 06:02:08: [SM] Exception reported: Language phrase "InstaDefuseSuccessful" not found (arg 5)
L 08/05/2022 - 06:02:08: [SM] Blaming: retakes-instadefuse.smx
L 08/05/2022 - 06:02:08: [SM] Call stack trace:
L 08/05/2022 - 06:02:08: [SM]   [0] PrintToChat
L 08/05/2022 - 06:02:08: [SM]   [1] Line 197, plugin.sp::AttemptInstantDefuse
L 08/05/2022 - 06:02:08: [SM]   [2] Line 104, plugin.sp::Event_BombBeginDefusePlusFrame
L 08/05/2022 - 06:02:25: [SM] Exception reported: Language phrase "InstaDefuseSuccessful" not found (arg 5)
L 08/05/2022 - 06:02:25: [SM] Blaming: retakes-instadefuse.smx
L 08/05/2022 - 06:02:25: [SM] Call stack trace:
L 08/05/2022 - 06:02:25: [SM]   [0] PrintToChat
L 08/05/2022 - 06:02:25: [SM]   [1] Line 197, plugin.sp::AttemptInstantDefuse
L 08/05/2022 - 06:02:25: [SM]   [2] Line 104, plugin.sp::Event_BombBeginDefusePlusFrame
L 08/05/2022 - 06:02:26: [SM] Exception reported: Language phrase "InstaDefuseSuccessful" not found (arg 5)
L 08/05/2022 - 06:02:26: [SM] Blaming: retakes-instadefuse.smx
L 08/05/2022 - 06:02:26: [SM] Call stack trace:
L 08/05/2022 - 06:02:26: [SM]   [0] PrintToChat
L 08/05/2022 - 06:02:26: [SM]   [1] Line 197, plugin.sp::AttemptInstantDefuse
L 08/05/2022 - 06:02:26: [SM]   [2] Line 104, plugin.sp::Event_BombBeginDefusePlusFrame
L 08/05/2022 - 06:02:27: [SM] Exception reported: Language phrase "InstaDefuseSuccessful" not found (arg 5)
L 08/05/2022 - 06:02:27: [SM] Blaming: retakes-instadefuse.smx
L 08/05/2022 - 06:02:27: [SM] Call stack trace:
L 08/05/2022 - 06:02:27: [SM]   [0] PrintToChat
L 08/05/2022 - 06:02:27: [SM]   [1] Line 197, plugin.sp::AttemptInstantDefuse
L 08/05/2022 - 06:02:27: [SM]   [2] Line 104, plugin.sp::Event_BombBeginDefusePlusFrame
L 08/05/2022 - 06:02:45: [SM] Exception reported: Language phrase "InstaDefuseSuccessful" not found (arg 5)
L 08/05/2022 - 06:02:45: [SM] Blaming: retakes-instadefuse.smx
L 08/05/2022 - 06:02:45: [SM] Call stack trace:
L 08/05/2022 - 06:02:46: [SM]   [0] PrintToChat
L 08/05/2022 - 06:02:46: [SM]   [1] Line 197, plugin.sp::AttemptInstantDefuse
L 08/05/2022 - 06:02:46: [SM]   [2] Line 104, plugin.sp::Event_BombBeginDefusePlusFrame
L 08/05/2022 - 06:03:31: [SM] Exception reported: Language phrase "InstaDefuseSuccessful" not found (arg 5)
L 08/05/2022 - 06:03:31: [SM] Blaming: retakes-instadefuse.smx
L 08/05/2022 - 06:03:31: [SM] Call stack trace:
L 08/05/2022 - 06:03:31: [SM]   [0] PrintToChat
L 08/05/2022 - 06:03:31: [SM]   [1] Line 197, plugin.sp::AttemptInstantDefuse
L 08/05/2022 - 06:03:31: [SM]   [2] Line 104, plugin.sp::Event_BombBeginDefusePlusFrame
L 08/05/2022 - 06:04:03: [SM] Exception reported: Language phrase "InstaDefuseSuccessful" not found (arg 5)
L 08/05/2022 - 06:04:03: [SM] Blaming: retakes-instadefuse.smx
L 08/05/2022 - 06:04:03: [SM] Call stack trace:
L 08/05/2022 - 06:04:03: [SM]   [0] PrintToChat
L 08/05/2022 - 06:04:03: [SM]   [1] Line 197, plugin.sp::AttemptInstantDefuse
L 08/05/2022 - 06:04:03: [SM]   [2] Line 104, plugin.sp::Event_BombBeginDefusePlusFrame
