L 12/09/2021 - 18:08:22: SourceMod error session started
L 12/09/2021 - 18:08:22: Info (map "de_mirage") (file "E:\retake\csgoserver\csgo\addons\sourcemod\logs\errors_20211209.log")
L 12/09/2021 - 18:08:22: [SM] Unable to load extension "PhysHooks.ext": Could not find patch signature for symbol: Physics_RunThinkFunctions
L 12/09/2021 - 18:08:24: [SM] Unable to load plugin "bot_inventory.smx": Native "eItems_AreItemsSynced" was not found
L 12/09/2021 - 18:08:24: [SM] Unable to load plugin "bot_stuff.smx": Could not find required plugin "navmesh"
L 12/09/2021 - 18:08:25: [SM] Unable to load plugin "LagCompensation.smx": Required extension "PhysHooks" file("PhysHooks.ext") not running
L 12/09/2021 - 18:08:26: [SM] Fatal error encountered parsing translation file "ranks_matchmaking.phrases.txt"
L 12/09/2021 - 18:08:26: [SM] Error (line 0, column 0): Stream failed to open
L 12/09/2021 - 18:08:26: [SM] Fatal error encountered parsing translation file "instadefuse.phrases.txt"
L 12/09/2021 - 18:08:26: [SM] Error (line 0, column 0): Stream failed to open
L 12/09/2021 - 18:08:47: [SM] Exception reported: Language phrase "Unranked" not found (arg 5)
L 12/09/2021 - 18:08:47: [SM] Blaming: ranks_matchmaking.smx
L 12/09/2021 - 18:08:47: [SM] Call stack trace:
L 12/09/2021 - 18:08:47: [SM]   [0] FormatEx
L 12/09/2021 - 18:08:47: [SM]   [1] Line 174, ranks_matchmaking.sp::GetRanksNames
L 12/09/2021 - 18:08:47: [SM]   [2] Line 169, ranks_matchmaking.sp::OnMapStart
L 12/09/2021 - 18:10:52: SourceMod error session started
L 12/09/2021 - 18:10:52: Info (map "de_mirage") (file "E:\retake\csgoserver\csgo\addons\sourcemod\logs\errors_20211209.log")
L 12/09/2021 - 18:10:52: [SM] Unable to load extension "PhysHooks.ext": Could not find patch signature for symbol: Physics_RunThinkFunctions
L 12/09/2021 - 18:10:53: [SM] Unable to load plugin "bot_inventory.smx": Native "eItems_AreItemsSynced" was not found
L 12/09/2021 - 18:10:53: [SM] Unable to load plugin "bot_stuff.smx": Could not find required plugin "navmesh"
L 12/09/2021 - 18:10:53: [SM] Unable to load plugin "LagCompensation.smx": Required extension "PhysHooks" file("PhysHooks.ext") not running
L 12/09/2021 - 18:10:53: [SM] Fatal error encountered parsing translation file "ranks_matchmaking.phrases.txt"
L 12/09/2021 - 18:10:53: [SM] Error (line 0, column 0): Stream failed to open
L 12/09/2021 - 18:10:53: [SM] Fatal error encountered parsing translation file "instadefuse.phrases.txt"
L 12/09/2021 - 18:10:53: [SM] Error (line 0, column 0): Stream failed to open
L 12/09/2021 - 18:10:56: [SM] Exception reported: Language phrase "Unranked" not found (arg 5)
L 12/09/2021 - 18:10:56: [SM] Blaming: ranks_matchmaking.smx
L 12/09/2021 - 18:10:56: [SM] Call stack trace:
L 12/09/2021 - 18:10:56: [SM]   [0] FormatEx
L 12/09/2021 - 18:10:56: [SM]   [1] Line 174, ranks_matchmaking.sp::GetRanksNames
L 12/09/2021 - 18:10:56: [SM]   [2] Line 169, ranks_matchmaking.sp::OnMapStart
L 12/09/2021 - 18:10:59: Error log file session closed.
L 12/09/2021 - 18:10:59: SourceMod error session started
L 12/09/2021 - 18:10:59: Info (map "de_mirage") (file "E:\retake\csgoserver\csgo\addons\sourcemod\logs\errors_20211209.log")
L 12/09/2021 - 18:10:59: [SM] Fatal error encountered parsing translation file "ranks_matchmaking.phrases.txt"
L 12/09/2021 - 18:10:59: [SM] Error (line 0, column 0): Stream failed to open
L 12/09/2021 - 18:10:59: [SM] Fatal error encountered parsing translation file "instadefuse.phrases.txt"
L 12/09/2021 - 18:10:59: [SM] Error (line 0, column 0): Stream failed to open
L 12/09/2021 - 18:11:00: [SM] Exception reported: Language phrase "Unranked" not found (arg 5)
L 12/09/2021 - 18:11:00: [SM] Blaming: ranks_matchmaking.smx
L 12/09/2021 - 18:11:00: [SM] Call stack trace:
L 12/09/2021 - 18:11:00: [SM]   [0] FormatEx
L 12/09/2021 - 18:11:00: [SM]   [1] Line 174, ranks_matchmaking.sp::GetRanksNames
L 12/09/2021 - 18:11:00: [SM]   [2] Line 169, ranks_matchmaking.sp::OnMapStart
L 12/09/2021 - 18:15:54: [SM] Exception reported: Language phrase "InstaDefuseSuccessful" not found (arg 5)
L 12/09/2021 - 18:15:54: [SM] Blaming: retakes-instadefuse.smx
L 12/09/2021 - 18:15:54: [SM] Call stack trace:
L 12/09/2021 - 18:15:54: [SM]   [0] PrintToChat
L 12/09/2021 - 18:15:54: [SM]   [1] Line 197, plugin.sp::AttemptInstantDefuse
L 12/09/2021 - 18:15:54: [SM]   [2] Line 104, plugin.sp::Event_BombBeginDefusePlusFrame
L 12/09/2021 - 18:21:03: [SM] Exception reported: Language phrase "InstaDefuseSuccessful" not found (arg 5)
L 12/09/2021 - 18:21:03: [SM] Blaming: retakes-instadefuse.smx
L 12/09/2021 - 18:21:03: [SM] Call stack trace:
L 12/09/2021 - 18:21:03: [SM]   [0] PrintToChat
L 12/09/2021 - 18:21:03: [SM]   [1] Line 197, plugin.sp::AttemptInstantDefuse
L 12/09/2021 - 18:21:03: [SM]   [2] Line 104, plugin.sp::Event_BombBeginDefusePlusFrame
L 12/09/2021 - 18:22:13: [SM] Exception reported: Language phrase "InstaDefuseSuccessful" not found (arg 5)
L 12/09/2021 - 18:22:13: [SM] Blaming: retakes-instadefuse.smx
L 12/09/2021 - 18:22:13: [SM] Call stack trace:
L 12/09/2021 - 18:22:13: [SM]   [0] PrintToChat
L 12/09/2021 - 18:22:13: [SM]   [1] Line 197, plugin.sp::AttemptInstantDefuse
L 12/09/2021 - 18:22:13: [SM]   [2] Line 104, plugin.sp::Event_BombBeginDefusePlusFrame
L 12/09/2021 - 18:26:52: [SM] Exception reported: Language phrase "InstaDefuseSuccessful" not found (arg 5)
L 12/09/2021 - 18:26:52: [SM] Blaming: retakes-instadefuse.smx
L 12/09/2021 - 18:26:52: [SM] Call stack trace:
L 12/09/2021 - 18:26:52: [SM]   [0] PrintToChat
L 12/09/2021 - 18:26:52: [SM]   [1] Line 197, plugin.sp::AttemptInstantDefuse
L 12/09/2021 - 18:26:52: [SM]   [2] Line 104, plugin.sp::Event_BombBeginDefusePlusFrame
L 12/09/2021 - 18:27:29: [SM] Exception reported: Language phrase "LiveNadeSomewhere" not found (arg 5)
L 12/09/2021 - 18:27:29: [SM] Blaming: retakes-instadefuse.smx
L 12/09/2021 - 18:27:29: [SM] Call stack trace:
L 12/09/2021 - 18:27:29: [SM]   [0] PrintToChat
L 12/09/2021 - 18:27:29: [SM]   [1] Line 168, plugin.sp::AttemptInstantDefuse
L 12/09/2021 - 18:27:29: [SM]   [2] Line 104, plugin.sp::Event_BombBeginDefusePlusFrame
L 12/09/2021 - 18:27:54: [SM] Exception reported: Language phrase "InstaDefuseSuccessful" not found (arg 5)
L 12/09/2021 - 18:27:54: [SM] Blaming: retakes-instadefuse.smx
L 12/09/2021 - 18:27:54: [SM] Call stack trace:
L 12/09/2021 - 18:27:54: [SM]   [0] PrintToChat
L 12/09/2021 - 18:27:54: [SM]   [1] Line 197, plugin.sp::AttemptInstantDefuse
L 12/09/2021 - 18:27:54: [SM]   [2] Line 104, plugin.sp::Event_BombBeginDefusePlusFrame
L 12/09/2021 - 18:28:22: [SM] Exception reported: Language phrase "InstaDefuseSuccessful" not found (arg 5)
L 12/09/2021 - 18:28:22: [SM] Blaming: retakes-instadefuse.smx
L 12/09/2021 - 18:28:22: [SM] Call stack trace:
L 12/09/2021 - 18:28:22: [SM]   [0] PrintToChat
L 12/09/2021 - 18:28:22: [SM]   [1] Line 197, plugin.sp::AttemptInstantDefuse
L 12/09/2021 - 18:28:22: [SM]   [2] Line 104, plugin.sp::Event_BombBeginDefusePlusFrame
L 12/09/2021 - 18:29:24: [SM] Exception reported: Language phrase "InstaDefuseSuccessful" not found (arg 5)
L 12/09/2021 - 18:29:24: [SM] Blaming: retakes-instadefuse.smx
L 12/09/2021 - 18:29:24: [SM] Call stack trace:
L 12/09/2021 - 18:29:24: [SM]   [0] PrintToChat
L 12/09/2021 - 18:29:24: [SM]   [1] Line 197, plugin.sp::AttemptInstantDefuse
L 12/09/2021 - 18:29:24: [SM]   [2] Line 104, plugin.sp::Event_BombBeginDefusePlusFrame
L 12/09/2021 - 18:30:21: [SM] Exception reported: Language phrase "InstaDefuseSuccessful" not found (arg 5)
L 12/09/2021 - 18:30:21: [SM] Blaming: retakes-instadefuse.smx
L 12/09/2021 - 18:30:21: [SM] Call stack trace:
L 12/09/2021 - 18:30:21: [SM]   [0] PrintToChat
L 12/09/2021 - 18:30:21: [SM]   [1] Line 197, plugin.sp::AttemptInstantDefuse
L 12/09/2021 - 18:30:21: [SM]   [2] Line 104, plugin.sp::Event_BombBeginDefusePlusFrame
L 12/09/2021 - 18:34:59: [SM] Exception reported: Language phrase "InstaDefuseSuccessful" not found (arg 5)
L 12/09/2021 - 18:34:59: [SM] Blaming: retakes-instadefuse.smx
L 12/09/2021 - 18:34:59: [SM] Call stack trace:
L 12/09/2021 - 18:34:59: [SM]   [0] PrintToChat
L 12/09/2021 - 18:34:59: [SM]   [1] Line 197, plugin.sp::AttemptInstantDefuse
L 12/09/2021 - 18:34:59: [SM]   [2] Line 104, plugin.sp::Event_BombBeginDefusePlusFrame
L 12/09/2021 - 18:37:00: [SM] Exception reported: Language phrase "InstaDefuseSuccessful" not found (arg 5)
L 12/09/2021 - 18:37:00: [SM] Blaming: retakes-instadefuse.smx
L 12/09/2021 - 18:37:00: [SM] Call stack trace:
L 12/09/2021 - 18:37:00: [SM]   [0] PrintToChat
L 12/09/2021 - 18:37:00: [SM]   [1] Line 197, plugin.sp::AttemptInstantDefuse
L 12/09/2021 - 18:37:00: [SM]   [2] Line 104, plugin.sp::Event_BombBeginDefusePlusFrame
L 12/09/2021 - 18:38:14: [SM] Exception reported: Language phrase "InstaDefuseSuccessful" not found (arg 5)
L 12/09/2021 - 18:38:14: [SM] Blaming: retakes-instadefuse.smx
L 12/09/2021 - 18:38:14: [SM] Call stack trace:
L 12/09/2021 - 18:38:14: [SM]   [0] PrintToChat
L 12/09/2021 - 18:38:14: [SM]   [1] Line 197, plugin.sp::AttemptInstantDefuse
L 12/09/2021 - 18:38:14: [SM]   [2] Line 104, plugin.sp::Event_BombBeginDefusePlusFrame
L 12/09/2021 - 18:39:39: [SM] Exception reported: Language phrase "InstaDefuseSuccessful" not found (arg 5)
L 12/09/2021 - 18:39:39: [SM] Blaming: retakes-instadefuse.smx
L 12/09/2021 - 18:39:39: [SM] Call stack trace:
L 12/09/2021 - 18:39:39: [SM]   [0] PrintToChat
L 12/09/2021 - 18:39:39: [SM]   [1] Line 197, plugin.sp::AttemptInstantDefuse
L 12/09/2021 - 18:39:39: [SM]   [2] Line 104, plugin.sp::Event_BombBeginDefusePlusFrame
L 12/09/2021 - 18:39:54: [SM] Exception reported: Language phrase "InstaDefuseSuccessful" not found (arg 5)
L 12/09/2021 - 18:39:54: [SM] Blaming: retakes-instadefuse.smx
L 12/09/2021 - 18:39:54: [SM] Call stack trace:
L 12/09/2021 - 18:39:54: [SM]   [0] PrintToChat
L 12/09/2021 - 18:39:54: [SM]   [1] Line 197, plugin.sp::AttemptInstantDefuse
L 12/09/2021 - 18:39:54: [SM]   [2] Line 104, plugin.sp::Event_BombBeginDefusePlusFrame
L 12/09/2021 - 18:41:31: [SM] Exception reported: Language phrase "InstaDefuseSuccessful" not found (arg 5)
L 12/09/2021 - 18:41:31: [SM] Blaming: retakes-instadefuse.smx
L 12/09/2021 - 18:41:31: [SM] Call stack trace:
L 12/09/2021 - 18:41:31: [SM]   [0] PrintToChat
L 12/09/2021 - 18:41:31: [SM]   [1] Line 197, plugin.sp::AttemptInstantDefuse
L 12/09/2021 - 18:41:31: [SM]   [2] Line 104, plugin.sp::Event_BombBeginDefusePlusFrame
L 12/09/2021 - 18:43:00: [SM] Exception reported: Language phrase "InstaDefuseSuccessful" not found (arg 5)
L 12/09/2021 - 18:43:00: [SM] Blaming: retakes-instadefuse.smx
L 12/09/2021 - 18:43:00: [SM] Call stack trace:
L 12/09/2021 - 18:43:00: [SM]   [0] PrintToChat
L 12/09/2021 - 18:43:00: [SM]   [1] Line 197, plugin.sp::AttemptInstantDefuse
L 12/09/2021 - 18:43:00: [SM]   [2] Line 104, plugin.sp::Event_BombBeginDefusePlusFrame
L 12/09/2021 - 19:52:32: SourceMod error session started
L 12/09/2021 - 19:52:32: Info (map "de_mirage") (file "E:\retake\csgoserver\csgo\addons\sourcemod\logs\errors_20211209.log")
L 12/09/2021 - 19:52:32: [SM] Unable to load extension "PhysHooks.ext": Could not find patch signature for symbol: Physics_RunThinkFunctions
L 12/09/2021 - 19:52:32: [SM] Unable to load plugin "bot_inventory.smx": Native "eItems_AreItemsSynced" was not found
L 12/09/2021 - 19:52:32: [SM] Unable to load plugin "bot_stuff.smx": Could not find required plugin "navmesh"
L 12/09/2021 - 19:52:32: [SM] Unable to load plugin "LagCompensation.smx": Required extension "PhysHooks" file("PhysHooks.ext") not running
L 12/09/2021 - 19:52:32: [SM] Fatal error encountered parsing translation file "ranks_matchmaking.phrases.txt"
L 12/09/2021 - 19:52:32: [SM] Error (line 0, column 0): Stream failed to open
L 12/09/2021 - 19:52:32: [SM] Fatal error encountered parsing translation file "instadefuse.phrases.txt"
L 12/09/2021 - 19:52:32: [SM] Error (line 0, column 0): Stream failed to open
L 12/09/2021 - 19:52:35: [SM] Exception reported: Language phrase "Unranked" not found (arg 5)
L 12/09/2021 - 19:52:35: [SM] Blaming: ranks_matchmaking.smx
L 12/09/2021 - 19:52:35: [SM] Call stack trace:
L 12/09/2021 - 19:52:35: [SM]   [0] FormatEx
L 12/09/2021 - 19:52:35: [SM]   [1] Line 174, ranks_matchmaking.sp::GetRanksNames
L 12/09/2021 - 19:52:35: [SM]   [2] Line 169, ranks_matchmaking.sp::OnMapStart
L 12/09/2021 - 19:54:13: Error log file session closed.
L 12/09/2021 - 19:54:13: SourceMod error session started
L 12/09/2021 - 19:54:13: Info (map "de_mirage") (file "E:\retake\csgoserver\csgo\addons\sourcemod\logs\errors_20211209.log")
L 12/09/2021 - 19:54:13: [SM] Fatal error encountered parsing translation file "ranks_matchmaking.phrases.txt"
L 12/09/2021 - 19:54:13: [SM] Error (line 0, column 0): Stream failed to open
L 12/09/2021 - 19:54:13: [SM] Fatal error encountered parsing translation file "instadefuse.phrases.txt"
L 12/09/2021 - 19:54:13: [SM] Error (line 0, column 0): Stream failed to open
L 12/09/2021 - 19:54:14: [SM] Exception reported: Language phrase "Unranked" not found (arg 5)
L 12/09/2021 - 19:54:14: [SM] Blaming: ranks_matchmaking.smx
L 12/09/2021 - 19:54:14: [SM] Call stack trace:
L 12/09/2021 - 19:54:14: [SM]   [0] FormatEx
L 12/09/2021 - 19:54:14: [SM]   [1] Line 174, ranks_matchmaking.sp::GetRanksNames
L 12/09/2021 - 19:54:14: [SM]   [2] Line 169, ranks_matchmaking.sp::OnMapStart
L 12/09/2021 - 20:00:13: [SM] Exception reported: Language phrase "InstaDefuseSuccessful" not found (arg 5)
L 12/09/2021 - 20:00:13: [SM] Blaming: retakes-instadefuse.smx
L 12/09/2021 - 20:00:13: [SM] Call stack trace:
L 12/09/2021 - 20:00:13: [SM]   [0] PrintToChat
L 12/09/2021 - 20:00:13: [SM]   [1] Line 197, plugin.sp::AttemptInstantDefuse
L 12/09/2021 - 20:00:13: [SM]   [2] Line 104, plugin.sp::Event_BombBeginDefusePlusFrame
L 12/09/2021 - 20:00:32: [SM] Exception reported: Language phrase "InstaDefuseSuccessful" not found (arg 5)
L 12/09/2021 - 20:00:32: [SM] Blaming: retakes-instadefuse.smx
L 12/09/2021 - 20:00:32: [SM] Call stack trace:
L 12/09/2021 - 20:00:32: [SM]   [0] PrintToChat
L 12/09/2021 - 20:00:32: [SM]   [1] Line 197, plugin.sp::AttemptInstantDefuse
L 12/09/2021 - 20:00:32: [SM]   [2] Line 104, plugin.sp::Event_BombBeginDefusePlusFrame
L 12/09/2021 - 20:00:56: [SM] Exception reported: Language phrase "InstaDefuseSuccessful" not found (arg 5)
L 12/09/2021 - 20:00:56: [SM] Blaming: retakes-instadefuse.smx
L 12/09/2021 - 20:00:56: [SM] Call stack trace:
L 12/09/2021 - 20:00:56: [SM]   [0] PrintToChat
L 12/09/2021 - 20:00:56: [SM]   [1] Line 197, plugin.sp::AttemptInstantDefuse
L 12/09/2021 - 20:00:56: [SM]   [2] Line 104, plugin.sp::Event_BombBeginDefusePlusFrame
L 12/09/2021 - 20:01:19: [SM] Exception reported: Language phrase "InstaDefuseSuccessful" not found (arg 5)
L 12/09/2021 - 20:01:19: [SM] Blaming: retakes-instadefuse.smx
L 12/09/2021 - 20:01:19: [SM] Call stack trace:
L 12/09/2021 - 20:01:19: [SM]   [0] PrintToChat
L 12/09/2021 - 20:01:19: [SM]   [1] Line 197, plugin.sp::AttemptInstantDefuse
L 12/09/2021 - 20:01:19: [SM]   [2] Line 104, plugin.sp::Event_BombBeginDefusePlusFrame
L 12/09/2021 - 20:01:44: [SM] Exception reported: Language phrase "InstaDefuseSuccessful" not found (arg 5)
L 12/09/2021 - 20:01:44: [SM] Blaming: retakes-instadefuse.smx
L 12/09/2021 - 20:01:44: [SM] Call stack trace:
L 12/09/2021 - 20:01:44: [SM]   [0] PrintToChat
L 12/09/2021 - 20:01:44: [SM]   [1] Line 197, plugin.sp::AttemptInstantDefuse
L 12/09/2021 - 20:01:44: [SM]   [2] Line 104, plugin.sp::Event_BombBeginDefusePlusFrame
L 12/09/2021 - 20:01:46: [SM] Exception reported: Language phrase "InstaDefuseSuccessful" not found (arg 5)
L 12/09/2021 - 20:01:46: [SM] Blaming: retakes-instadefuse.smx
L 12/09/2021 - 20:01:46: [SM] Call stack trace:
L 12/09/2021 - 20:01:46: [SM]   [0] PrintToChat
L 12/09/2021 - 20:01:46: [SM]   [1] Line 197, plugin.sp::AttemptInstantDefuse
L 12/09/2021 - 20:01:46: [SM]   [2] Line 104, plugin.sp::Event_BombBeginDefusePlusFrame
L 12/09/2021 - 20:02:49: [SM] Exception reported: Language phrase "InstaDefuseSuccessful" not found (arg 5)
L 12/09/2021 - 20:02:49: [SM] Blaming: retakes-instadefuse.smx
L 12/09/2021 - 20:02:49: [SM] Call stack trace:
L 12/09/2021 - 20:02:49: [SM]   [0] PrintToChat
L 12/09/2021 - 20:02:49: [SM]   [1] Line 197, plugin.sp::AttemptInstantDefuse
L 12/09/2021 - 20:02:49: [SM]   [2] Line 104, plugin.sp::Event_BombBeginDefusePlusFrame
L 12/09/2021 - 20:02:54: [SM] Exception reported: Language phrase "InstaDefuseSuccessful" not found (arg 5)
L 12/09/2021 - 20:02:54: [SM] Blaming: retakes-instadefuse.smx
L 12/09/2021 - 20:02:54: [SM] Call stack trace:
L 12/09/2021 - 20:02:54: [SM]   [0] PrintToChat
L 12/09/2021 - 20:02:54: [SM]   [1] Line 197, plugin.sp::AttemptInstantDefuse
L 12/09/2021 - 20:02:54: [SM]   [2] Line 104, plugin.sp::Event_BombBeginDefusePlusFrame
L 12/09/2021 - 20:02:55: [SM] Exception reported: Language phrase "InstaDefuseSuccessful" not found (arg 5)
L 12/09/2021 - 20:02:55: [SM] Blaming: retakes-instadefuse.smx
L 12/09/2021 - 20:02:55: [SM] Call stack trace:
L 12/09/2021 - 20:02:55: [SM]   [0] PrintToChat
L 12/09/2021 - 20:02:55: [SM]   [1] Line 197, plugin.sp::AttemptInstantDefuse
L 12/09/2021 - 20:02:55: [SM]   [2] Line 104, plugin.sp::Event_BombBeginDefusePlusFrame
L 12/09/2021 - 20:03:47: [SM] Exception reported: Language phrase "InstaDefuseSuccessful" not found (arg 5)
L 12/09/2021 - 20:03:47: [SM] Blaming: retakes-instadefuse.smx
L 12/09/2021 - 20:03:47: [SM] Call stack trace:
L 12/09/2021 - 20:03:47: [SM]   [0] PrintToChat
L 12/09/2021 - 20:03:47: [SM]   [1] Line 197, plugin.sp::AttemptInstantDefuse
L 12/09/2021 - 20:03:47: [SM]   [2] Line 104, plugin.sp::Event_BombBeginDefusePlusFrame
L 12/09/2021 - 20:03:47: [SM] Exception reported: Language phrase "InstaDefuseSuccessful" not found (arg 5)
L 12/09/2021 - 20:03:47: [SM] Blaming: retakes-instadefuse.smx
L 12/09/2021 - 20:03:47: [SM] Call stack trace:
L 12/09/2021 - 20:03:47: [SM]   [0] PrintToChat
L 12/09/2021 - 20:03:47: [SM]   [1] Line 197, plugin.sp::AttemptInstantDefuse
L 12/09/2021 - 20:03:47: [SM]   [2] Line 104, plugin.sp::Event_BombBeginDefusePlusFrame
L 12/09/2021 - 20:03:52: [SM] Exception reported: Language phrase "InstaDefuseSuccessful" not found (arg 5)
L 12/09/2021 - 20:03:52: [SM] Blaming: retakes-instadefuse.smx
L 12/09/2021 - 20:03:52: [SM] Call stack trace:
L 12/09/2021 - 20:03:52: [SM]   [0] PrintToChat
L 12/09/2021 - 20:03:52: [SM]   [1] Line 197, plugin.sp::AttemptInstantDefuse
L 12/09/2021 - 20:03:52: [SM]   [2] Line 104, plugin.sp::Event_BombBeginDefusePlusFrame
L 12/09/2021 - 20:04:22: [SM] Exception reported: Language phrase "InstaDefuseSuccessful" not found (arg 5)
L 12/09/2021 - 20:04:22: [SM] Blaming: retakes-instadefuse.smx
L 12/09/2021 - 20:04:22: [SM] Call stack trace:
L 12/09/2021 - 20:04:22: [SM]   [0] PrintToChat
L 12/09/2021 - 20:04:22: [SM]   [1] Line 197, plugin.sp::AttemptInstantDefuse
L 12/09/2021 - 20:04:22: [SM]   [2] Line 104, plugin.sp::Event_BombBeginDefusePlusFrame
L 12/09/2021 - 20:04:37: [SM] Exception reported: Language phrase "InstaDefuseSuccessful" not found (arg 5)
L 12/09/2021 - 20:04:37: [SM] Blaming: retakes-instadefuse.smx
L 12/09/2021 - 20:04:37: [SM] Call stack trace:
L 12/09/2021 - 20:04:37: [SM]   [0] PrintToChat
L 12/09/2021 - 20:04:37: [SM]   [1] Line 197, plugin.sp::AttemptInstantDefuse
L 12/09/2021 - 20:04:37: [SM]   [2] Line 104, plugin.sp::Event_BombBeginDefusePlusFrame
L 12/09/2021 - 20:04:52: [SM] Exception reported: Language phrase "InstaDefuseSuccessful" not found (arg 5)
L 12/09/2021 - 20:04:52: [SM] Blaming: retakes-instadefuse.smx
L 12/09/2021 - 20:04:52: [SM] Call stack trace:
L 12/09/2021 - 20:04:52: [SM]   [0] PrintToChat
L 12/09/2021 - 20:04:52: [SM]   [1] Line 197, plugin.sp::AttemptInstantDefuse
L 12/09/2021 - 20:04:52: [SM]   [2] Line 104, plugin.sp::Event_BombBeginDefusePlusFrame
L 12/09/2021 - 20:05:07: [SM] Exception reported: Language phrase "InstaDefuseSuccessful" not found (arg 5)
L 12/09/2021 - 20:05:07: [SM] Blaming: retakes-instadefuse.smx
L 12/09/2021 - 20:05:07: [SM] Call stack trace:
L 12/09/2021 - 20:05:07: [SM]   [0] PrintToChat
L 12/09/2021 - 20:05:07: [SM]   [1] Line 197, plugin.sp::AttemptInstantDefuse
L 12/09/2021 - 20:05:07: [SM]   [2] Line 104, plugin.sp::Event_BombBeginDefusePlusFrame
L 12/09/2021 - 20:05:30: [SM] Exception reported: Language phrase "InstaDefuseSuccessful" not found (arg 5)
L 12/09/2021 - 20:05:30: [SM] Blaming: retakes-instadefuse.smx
L 12/09/2021 - 20:05:30: [SM] Call stack trace:
L 12/09/2021 - 20:05:30: [SM]   [0] PrintToChat
L 12/09/2021 - 20:05:30: [SM]   [1] Line 197, plugin.sp::AttemptInstantDefuse
L 12/09/2021 - 20:05:30: [SM]   [2] Line 104, plugin.sp::Event_BombBeginDefusePlusFrame
L 12/09/2021 - 20:05:31: [SM] Exception reported: Language phrase "InstaDefuseSuccessful" not found (arg 5)
L 12/09/2021 - 20:05:31: [SM] Blaming: retakes-instadefuse.smx
L 12/09/2021 - 20:05:31: [SM] Call stack trace:
L 12/09/2021 - 20:05:31: [SM]   [0] PrintToChat
L 12/09/2021 - 20:05:31: [SM]   [1] Line 197, plugin.sp::AttemptInstantDefuse
L 12/09/2021 - 20:05:31: [SM]   [2] Line 104, plugin.sp::Event_BombBeginDefusePlusFrame
L 12/09/2021 - 20:06:25: [SM] Exception reported: Language phrase "InstaDefuseSuccessful" not found (arg 5)
L 12/09/2021 - 20:06:25: [SM] Blaming: retakes-instadefuse.smx
L 12/09/2021 - 20:06:25: [SM] Call stack trace:
L 12/09/2021 - 20:06:25: [SM]   [0] PrintToChat
L 12/09/2021 - 20:06:25: [SM]   [1] Line 197, plugin.sp::AttemptInstantDefuse
L 12/09/2021 - 20:06:25: [SM]   [2] Line 104, plugin.sp::Event_BombBeginDefusePlusFrame
L 12/09/2021 - 20:06:46: [SM] Exception reported: Language phrase "InstaDefuseSuccessful" not found (arg 5)
L 12/09/2021 - 20:06:46: [SM] Blaming: retakes-instadefuse.smx
L 12/09/2021 - 20:06:46: [SM] Call stack trace:
L 12/09/2021 - 20:06:46: [SM]   [0] PrintToChat
L 12/09/2021 - 20:06:46: [SM]   [1] Line 197, plugin.sp::AttemptInstantDefuse
L 12/09/2021 - 20:06:46: [SM]   [2] Line 104, plugin.sp::Event_BombBeginDefusePlusFrame
L 12/09/2021 - 20:07:02: [SM] Exception reported: Language phrase "InstaDefuseSuccessful" not found (arg 5)
L 12/09/2021 - 20:07:02: [SM] Blaming: retakes-instadefuse.smx
L 12/09/2021 - 20:07:02: [SM] Call stack trace:
L 12/09/2021 - 20:07:02: [SM]   [0] PrintToChat
L 12/09/2021 - 20:07:02: [SM]   [1] Line 197, plugin.sp::AttemptInstantDefuse
L 12/09/2021 - 20:07:02: [SM]   [2] Line 104, plugin.sp::Event_BombBeginDefusePlusFrame
L 12/09/2021 - 20:07:57: [SM] Exception reported: Language phrase "InstaDefuseSuccessful" not found (arg 5)
L 12/09/2021 - 20:07:57: [SM] Blaming: retakes-instadefuse.smx
L 12/09/2021 - 20:07:57: [SM] Call stack trace:
L 12/09/2021 - 20:07:57: [SM]   [0] PrintToChat
L 12/09/2021 - 20:07:57: [SM]   [1] Line 197, plugin.sp::AttemptInstantDefuse
L 12/09/2021 - 20:07:57: [SM]   [2] Line 104, plugin.sp::Event_BombBeginDefusePlusFrame
L 12/09/2021 - 20:08:15: [SM] Exception reported: Language phrase "InstaDefuseSuccessful" not found (arg 5)
L 12/09/2021 - 20:08:16: [SM] Blaming: retakes-instadefuse.smx
L 12/09/2021 - 20:08:16: [SM] Call stack trace:
L 12/09/2021 - 20:08:16: [SM]   [0] PrintToChat
L 12/09/2021 - 20:08:16: [SM]   [1] Line 197, plugin.sp::AttemptInstantDefuse
L 12/09/2021 - 20:08:16: [SM]   [2] Line 104, plugin.sp::Event_BombBeginDefusePlusFrame
L 12/09/2021 - 20:08:44: [SM] Exception reported: Language phrase "InstaDefuseSuccessful" not found (arg 5)
L 12/09/2021 - 20:08:44: [SM] Blaming: retakes-instadefuse.smx
L 12/09/2021 - 20:08:44: [SM] Call stack trace:
L 12/09/2021 - 20:08:44: [SM]   [0] PrintToChat
L 12/09/2021 - 20:08:44: [SM]   [1] Line 197, plugin.sp::AttemptInstantDefuse
L 12/09/2021 - 20:08:44: [SM]   [2] Line 104, plugin.sp::Event_BombBeginDefusePlusFrame
L 12/09/2021 - 20:09:13: [SM] Exception reported: Language phrase "InstaDefuseSuccessful" not found (arg 5)
L 12/09/2021 - 20:09:13: [SM] Blaming: retakes-instadefuse.smx
L 12/09/2021 - 20:09:13: [SM] Call stack trace:
L 12/09/2021 - 20:09:13: [SM]   [0] PrintToChat
L 12/09/2021 - 20:09:13: [SM]   [1] Line 197, plugin.sp::AttemptInstantDefuse
L 12/09/2021 - 20:09:13: [SM]   [2] Line 104, plugin.sp::Event_BombBeginDefusePlusFrame
L 12/09/2021 - 20:10:16: [SM] Exception reported: Language phrase "InstaDefuseSuccessful" not found (arg 5)
L 12/09/2021 - 20:10:16: [SM] Blaming: retakes-instadefuse.smx
L 12/09/2021 - 20:10:16: [SM] Call stack trace:
L 12/09/2021 - 20:10:16: [SM]   [0] PrintToChat
L 12/09/2021 - 20:10:16: [SM]   [1] Line 197, plugin.sp::AttemptInstantDefuse
L 12/09/2021 - 20:10:16: [SM]   [2] Line 104, plugin.sp::Event_BombBeginDefusePlusFrame
L 12/09/2021 - 20:10:34: [SM] Exception reported: Language phrase "InstaDefuseSuccessful" not found (arg 5)
L 12/09/2021 - 20:10:34: [SM] Blaming: retakes-instadefuse.smx
L 12/09/2021 - 20:10:34: [SM] Call stack trace:
L 12/09/2021 - 20:10:34: [SM]   [0] PrintToChat
L 12/09/2021 - 20:10:34: [SM]   [1] Line 197, plugin.sp::AttemptInstantDefuse
L 12/09/2021 - 20:10:34: [SM]   [2] Line 104, plugin.sp::Event_BombBeginDefusePlusFrame
L 12/09/2021 - 20:10:57: [SM] Exception reported: Language phrase "InstaDefuseSuccessful" not found (arg 5)
L 12/09/2021 - 20:10:57: [SM] Blaming: retakes-instadefuse.smx
L 12/09/2021 - 20:10:57: [SM] Call stack trace:
L 12/09/2021 - 20:10:57: [SM]   [0] PrintToChat
L 12/09/2021 - 20:10:57: [SM]   [1] Line 197, plugin.sp::AttemptInstantDefuse
L 12/09/2021 - 20:10:57: [SM]   [2] Line 104, plugin.sp::Event_BombBeginDefusePlusFrame
L 12/09/2021 - 20:11:13: [SM] Exception reported: Language phrase "InstaDefuseSuccessful" not found (arg 5)
L 12/09/2021 - 20:11:13: [SM] Blaming: retakes-instadefuse.smx
L 12/09/2021 - 20:11:13: [SM] Call stack trace:
L 12/09/2021 - 20:11:13: [SM]   [0] PrintToChat
L 12/09/2021 - 20:11:13: [SM]   [1] Line 197, plugin.sp::AttemptInstantDefuse
L 12/09/2021 - 20:11:13: [SM]   [2] Line 104, plugin.sp::Event_BombBeginDefusePlusFrame
L 12/09/2021 - 20:11:30: [SM] Exception reported: Language phrase "InstaDefuseSuccessful" not found (arg 5)
L 12/09/2021 - 20:11:30: [SM] Blaming: retakes-instadefuse.smx
L 12/09/2021 - 20:11:30: [SM] Call stack trace:
L 12/09/2021 - 20:11:30: [SM]   [0] PrintToChat
L 12/09/2021 - 20:11:30: [SM]   [1] Line 197, plugin.sp::AttemptInstantDefuse
L 12/09/2021 - 20:11:30: [SM]   [2] Line 104, plugin.sp::Event_BombBeginDefusePlusFrame
L 12/09/2021 - 20:11:44: [SM] Exception reported: Language phrase "InstaDefuseSuccessful" not found (arg 5)
L 12/09/2021 - 20:11:44: [SM] Blaming: retakes-instadefuse.smx
L 12/09/2021 - 20:11:44: [SM] Call stack trace:
L 12/09/2021 - 20:11:44: [SM]   [0] PrintToChat
L 12/09/2021 - 20:11:44: [SM]   [1] Line 197, plugin.sp::AttemptInstantDefuse
L 12/09/2021 - 20:11:44: [SM]   [2] Line 104, plugin.sp::Event_BombBeginDefusePlusFrame
L 12/09/2021 - 20:12:02: [SM] Exception reported: Language phrase "InstaDefuseSuccessful" not found (arg 5)
L 12/09/2021 - 20:12:02: [SM] Blaming: retakes-instadefuse.smx
L 12/09/2021 - 20:12:02: [SM] Call stack trace:
L 12/09/2021 - 20:12:02: [SM]   [0] PrintToChat
L 12/09/2021 - 20:12:02: [SM]   [1] Line 197, plugin.sp::AttemptInstantDefuse
L 12/09/2021 - 20:12:02: [SM]   [2] Line 104, plugin.sp::Event_BombBeginDefusePlusFrame
L 12/09/2021 - 20:12:17: [SM] Exception reported: Language phrase "InstaDefuseSuccessful" not found (arg 5)
L 12/09/2021 - 20:12:17: [SM] Blaming: retakes-instadefuse.smx
L 12/09/2021 - 20:12:17: [SM] Call stack trace:
L 12/09/2021 - 20:12:17: [SM]   [0] PrintToChat
L 12/09/2021 - 20:12:17: [SM]   [1] Line 197, plugin.sp::AttemptInstantDefuse
L 12/09/2021 - 20:12:17: [SM]   [2] Line 104, plugin.sp::Event_BombBeginDefusePlusFrame
L 12/09/2021 - 20:12:34: [SM] Exception reported: Language phrase "InstaDefuseSuccessful" not found (arg 5)
L 12/09/2021 - 20:12:34: [SM] Blaming: retakes-instadefuse.smx
L 12/09/2021 - 20:12:34: [SM] Call stack trace:
L 12/09/2021 - 20:12:34: [SM]   [0] PrintToChat
L 12/09/2021 - 20:12:34: [SM]   [1] Line 197, plugin.sp::AttemptInstantDefuse
L 12/09/2021 - 20:12:34: [SM]   [2] Line 104, plugin.sp::Event_BombBeginDefusePlusFrame
L 12/09/2021 - 20:12:35: [SM] Exception reported: Language phrase "InstaDefuseSuccessful" not found (arg 5)
L 12/09/2021 - 20:12:35: [SM] Blaming: retakes-instadefuse.smx
L 12/09/2021 - 20:12:35: [SM] Call stack trace:
L 12/09/2021 - 20:12:35: [SM]   [0] PrintToChat
L 12/09/2021 - 20:12:35: [SM]   [1] Line 197, plugin.sp::AttemptInstantDefuse
L 12/09/2021 - 20:12:35: [SM]   [2] Line 104, plugin.sp::Event_BombBeginDefusePlusFrame
L 12/09/2021 - 20:12:58: [SM] Exception reported: Language phrase "InstaDefuseSuccessful" not found (arg 5)
L 12/09/2021 - 20:12:58: [SM] Blaming: retakes-instadefuse.smx
L 12/09/2021 - 20:12:58: [SM] Call stack trace:
L 12/09/2021 - 20:12:58: [SM]   [0] PrintToChat
L 12/09/2021 - 20:12:58: [SM]   [1] Line 197, plugin.sp::AttemptInstantDefuse
L 12/09/2021 - 20:12:58: [SM]   [2] Line 104, plugin.sp::Event_BombBeginDefusePlusFrame
L 12/09/2021 - 20:13:12: [SM] Exception reported: Language phrase "InstaDefuseSuccessful" not found (arg 5)
L 12/09/2021 - 20:13:12: [SM] Blaming: retakes-instadefuse.smx
L 12/09/2021 - 20:13:12: [SM] Call stack trace:
L 12/09/2021 - 20:13:12: [SM]   [0] PrintToChat
L 12/09/2021 - 20:13:12: [SM]   [1] Line 197, plugin.sp::AttemptInstantDefuse
L 12/09/2021 - 20:13:12: [SM]   [2] Line 104, plugin.sp::Event_BombBeginDefusePlusFrame
L 12/09/2021 - 20:13:28: [SM] Exception reported: Language phrase "InstaDefuseSuccessful" not found (arg 5)
L 12/09/2021 - 20:13:28: [SM] Blaming: retakes-instadefuse.smx
L 12/09/2021 - 20:13:28: [SM] Call stack trace:
L 12/09/2021 - 20:13:28: [SM]   [0] PrintToChat
L 12/09/2021 - 20:13:28: [SM]   [1] Line 197, plugin.sp::AttemptInstantDefuse
L 12/09/2021 - 20:13:28: [SM]   [2] Line 104, plugin.sp::Event_BombBeginDefusePlusFrame
L 12/09/2021 - 20:14:09: [SM] Exception reported: Language phrase "InstaDefuseSuccessful" not found (arg 5)
L 12/09/2021 - 20:14:09: [SM] Blaming: retakes-instadefuse.smx
L 12/09/2021 - 20:14:09: [SM] Call stack trace:
L 12/09/2021 - 20:14:09: [SM]   [0] PrintToChat
L 12/09/2021 - 20:14:09: [SM]   [1] Line 197, plugin.sp::AttemptInstantDefuse
L 12/09/2021 - 20:14:09: [SM]   [2] Line 104, plugin.sp::Event_BombBeginDefusePlusFrame
L 12/09/2021 - 20:14:30: [SM] Exception reported: Language phrase "InstaDefuseSuccessful" not found (arg 5)
L 12/09/2021 - 20:14:30: [SM] Blaming: retakes-instadefuse.smx
L 12/09/2021 - 20:14:30: [SM] Call stack trace:
L 12/09/2021 - 20:14:30: [SM]   [0] PrintToChat
L 12/09/2021 - 20:14:30: [SM]   [1] Line 197, plugin.sp::AttemptInstantDefuse
L 12/09/2021 - 20:14:31: [SM]   [2] Line 104, plugin.sp::Event_BombBeginDefusePlusFrame
L 12/09/2021 - 20:14:46: [SM] Exception reported: Language phrase "InstaDefuseSuccessful" not found (arg 5)
L 12/09/2021 - 20:14:46: [SM] Blaming: retakes-instadefuse.smx
L 12/09/2021 - 20:14:46: [SM] Call stack trace:
L 12/09/2021 - 20:14:46: [SM]   [0] PrintToChat
L 12/09/2021 - 20:14:46: [SM]   [1] Line 197, plugin.sp::AttemptInstantDefuse
L 12/09/2021 - 20:14:46: [SM]   [2] Line 104, plugin.sp::Event_BombBeginDefusePlusFrame
L 12/09/2021 - 20:14:59: [SM] Exception reported: Language phrase "InstaDefuseSuccessful" not found (arg 5)
L 12/09/2021 - 20:14:59: [SM] Blaming: retakes-instadefuse.smx
L 12/09/2021 - 20:14:59: [SM] Call stack trace:
L 12/09/2021 - 20:14:59: [SM]   [0] PrintToChat
L 12/09/2021 - 20:14:59: [SM]   [1] Line 197, plugin.sp::AttemptInstantDefuse
L 12/09/2021 - 20:14:59: [SM]   [2] Line 104, plugin.sp::Event_BombBeginDefusePlusFrame
L 12/09/2021 - 20:15:25: [SM] Exception reported: Language phrase "InstaDefuseSuccessful" not found (arg 5)
L 12/09/2021 - 20:15:25: [SM] Blaming: retakes-instadefuse.smx
L 12/09/2021 - 20:15:25: [SM] Call stack trace:
L 12/09/2021 - 20:15:25: [SM]   [0] PrintToChat
L 12/09/2021 - 20:15:25: [SM]   [1] Line 197, plugin.sp::AttemptInstantDefuse
L 12/09/2021 - 20:15:25: [SM]   [2] Line 104, plugin.sp::Event_BombBeginDefusePlusFrame
L 12/09/2021 - 20:15:38: [SM] Exception reported: Language phrase "InstaDefuseSuccessful" not found (arg 5)
L 12/09/2021 - 20:15:38: [SM] Blaming: retakes-instadefuse.smx
L 12/09/2021 - 20:15:38: [SM] Call stack trace:
L 12/09/2021 - 20:15:38: [SM]   [0] PrintToChat
L 12/09/2021 - 20:15:38: [SM]   [1] Line 197, plugin.sp::AttemptInstantDefuse
L 12/09/2021 - 20:15:38: [SM]   [2] Line 104, plugin.sp::Event_BombBeginDefusePlusFrame
L 12/09/2021 - 20:15:41: [SM] Exception reported: Language phrase "InstaDefuseSuccessful" not found (arg 5)
L 12/09/2021 - 20:15:41: [SM] Blaming: retakes-instadefuse.smx
L 12/09/2021 - 20:15:41: [SM] Call stack trace:
L 12/09/2021 - 20:15:41: [SM]   [0] PrintToChat
L 12/09/2021 - 20:15:41: [SM]   [1] Line 197, plugin.sp::AttemptInstantDefuse
L 12/09/2021 - 20:15:41: [SM]   [2] Line 104, plugin.sp::Event_BombBeginDefusePlusFrame
L 12/09/2021 - 20:16:03: [SM] Exception reported: Language phrase "InstaDefuseSuccessful" not found (arg 5)
L 12/09/2021 - 20:16:03: [SM] Blaming: retakes-instadefuse.smx
L 12/09/2021 - 20:16:03: [SM] Call stack trace:
L 12/09/2021 - 20:16:03: [SM]   [0] PrintToChat
L 12/09/2021 - 20:16:03: [SM]   [1] Line 197, plugin.sp::AttemptInstantDefuse
L 12/09/2021 - 20:16:03: [SM]   [2] Line 104, plugin.sp::Event_BombBeginDefusePlusFrame
L 12/09/2021 - 20:16:21: [SM] Exception reported: Language phrase "InstaDefuseSuccessful" not found (arg 5)
L 12/09/2021 - 20:16:21: [SM] Blaming: retakes-instadefuse.smx
L 12/09/2021 - 20:16:21: [SM] Call stack trace:
L 12/09/2021 - 20:16:21: [SM]   [0] PrintToChat
L 12/09/2021 - 20:16:21: [SM]   [1] Line 197, plugin.sp::AttemptInstantDefuse
L 12/09/2021 - 20:16:21: [SM]   [2] Line 104, plugin.sp::Event_BombBeginDefusePlusFrame
L 12/09/2021 - 20:16:41: [SM] Exception reported: Language phrase "InstaDefuseSuccessful" not found (arg 5)
L 12/09/2021 - 20:16:41: [SM] Blaming: retakes-instadefuse.smx
L 12/09/2021 - 20:16:41: [SM] Call stack trace:
L 12/09/2021 - 20:16:41: [SM]   [0] PrintToChat
L 12/09/2021 - 20:16:41: [SM]   [1] Line 197, plugin.sp::AttemptInstantDefuse
L 12/09/2021 - 20:16:41: [SM]   [2] Line 104, plugin.sp::Event_BombBeginDefusePlusFrame
L 12/09/2021 - 20:16:59: [SM] Exception reported: Language phrase "InstaDefuseSuccessful" not found (arg 5)
L 12/09/2021 - 20:16:59: [SM] Blaming: retakes-instadefuse.smx
L 12/09/2021 - 20:16:59: [SM] Call stack trace:
L 12/09/2021 - 20:16:59: [SM]   [0] PrintToChat
L 12/09/2021 - 20:16:59: [SM]   [1] Line 197, plugin.sp::AttemptInstantDefuse
L 12/09/2021 - 20:16:59: [SM]   [2] Line 104, plugin.sp::Event_BombBeginDefusePlusFrame
L 12/09/2021 - 20:17:00: [SM] Exception reported: Language phrase "InstaDefuseSuccessful" not found (arg 5)
L 12/09/2021 - 20:17:00: [SM] Blaming: retakes-instadefuse.smx
L 12/09/2021 - 20:17:00: [SM] Call stack trace:
L 12/09/2021 - 20:17:00: [SM]   [0] PrintToChat
L 12/09/2021 - 20:17:00: [SM]   [1] Line 197, plugin.sp::AttemptInstantDefuse
L 12/09/2021 - 20:17:00: [SM]   [2] Line 104, plugin.sp::Event_BombBeginDefusePlusFrame
L 12/09/2021 - 20:17:28: [SM] Exception reported: Language phrase "InstaDefuseSuccessful" not found (arg 5)
L 12/09/2021 - 20:17:28: [SM] Blaming: retakes-instadefuse.smx
L 12/09/2021 - 20:17:28: [SM] Call stack trace:
L 12/09/2021 - 20:17:28: [SM]   [0] PrintToChat
L 12/09/2021 - 20:17:28: [SM]   [1] Line 197, plugin.sp::AttemptInstantDefuse
L 12/09/2021 - 20:17:28: [SM]   [2] Line 104, plugin.sp::Event_BombBeginDefusePlusFrame
L 12/09/2021 - 20:17:44: [SM] Exception reported: Language phrase "InstaDefuseSuccessful" not found (arg 5)
L 12/09/2021 - 20:17:44: [SM] Blaming: retakes-instadefuse.smx
L 12/09/2021 - 20:17:44: [SM] Call stack trace:
L 12/09/2021 - 20:17:44: [SM]   [0] PrintToChat
L 12/09/2021 - 20:17:44: [SM]   [1] Line 197, plugin.sp::AttemptInstantDefuse
L 12/09/2021 - 20:17:44: [SM]   [2] Line 104, plugin.sp::Event_BombBeginDefusePlusFrame
L 12/09/2021 - 20:18:17: [SM] Exception reported: Language phrase "InstaDefuseSuccessful" not found (arg 5)
L 12/09/2021 - 20:18:17: [SM] Blaming: retakes-instadefuse.smx
L 12/09/2021 - 20:18:17: [SM] Call stack trace:
L 12/09/2021 - 20:18:17: [SM]   [0] PrintToChat
L 12/09/2021 - 20:18:17: [SM]   [1] Line 197, plugin.sp::AttemptInstantDefuse
L 12/09/2021 - 20:18:17: [SM]   [2] Line 104, plugin.sp::Event_BombBeginDefusePlusFrame
L 12/09/2021 - 20:18:32: [SM] Exception reported: Language phrase "InstaDefuseSuccessful" not found (arg 5)
L 12/09/2021 - 20:18:32: [SM] Blaming: retakes-instadefuse.smx
L 12/09/2021 - 20:18:32: [SM] Call stack trace:
L 12/09/2021 - 20:18:32: [SM]   [0] PrintToChat
L 12/09/2021 - 20:18:32: [SM]   [1] Line 197, plugin.sp::AttemptInstantDefuse
L 12/09/2021 - 20:18:32: [SM]   [2] Line 104, plugin.sp::Event_BombBeginDefusePlusFrame
L 12/09/2021 - 20:19:16: [SM] Exception reported: Language phrase "InstaDefuseSuccessful" not found (arg 5)
L 12/09/2021 - 20:19:16: [SM] Blaming: retakes-instadefuse.smx
L 12/09/2021 - 20:19:16: [SM] Call stack trace:
L 12/09/2021 - 20:19:16: [SM]   [0] PrintToChat
L 12/09/2021 - 20:19:16: [SM]   [1] Line 197, plugin.sp::AttemptInstantDefuse
L 12/09/2021 - 20:19:16: [SM]   [2] Line 104, plugin.sp::Event_BombBeginDefusePlusFrame
L 12/09/2021 - 20:19:43: [SM] Exception reported: Language phrase "InstaDefuseSuccessful" not found (arg 5)
L 12/09/2021 - 20:19:43: [SM] Blaming: retakes-instadefuse.smx
L 12/09/2021 - 20:19:43: [SM] Call stack trace:
L 12/09/2021 - 20:19:43: [SM]   [0] PrintToChat
L 12/09/2021 - 20:19:43: [SM]   [1] Line 197, plugin.sp::AttemptInstantDefuse
L 12/09/2021 - 20:19:43: [SM]   [2] Line 104, plugin.sp::Event_BombBeginDefusePlusFrame
L 12/09/2021 - 20:20:24: [SM] Exception reported: Language phrase "InstaDefuseSuccessful" not found (arg 5)
L 12/09/2021 - 20:20:24: [SM] Blaming: retakes-instadefuse.smx
L 12/09/2021 - 20:20:24: [SM] Call stack trace:
L 12/09/2021 - 20:20:24: [SM]   [0] PrintToChat
L 12/09/2021 - 20:20:24: [SM]   [1] Line 197, plugin.sp::AttemptInstantDefuse
L 12/09/2021 - 20:20:24: [SM]   [2] Line 104, plugin.sp::Event_BombBeginDefusePlusFrame
L 12/09/2021 - 20:21:02: [SM] Exception reported: Language phrase "InstaDefuseSuccessful" not found (arg 5)
L 12/09/2021 - 20:21:02: [SM] Blaming: retakes-instadefuse.smx
L 12/09/2021 - 20:21:02: [SM] Call stack trace:
L 12/09/2021 - 20:21:02: [SM]   [0] PrintToChat
L 12/09/2021 - 20:21:02: [SM]   [1] Line 197, plugin.sp::AttemptInstantDefuse
L 12/09/2021 - 20:21:02: [SM]   [2] Line 104, plugin.sp::Event_BombBeginDefusePlusFrame
L 12/09/2021 - 20:21:17: [SM] Exception reported: Language phrase "InstaDefuseSuccessful" not found (arg 5)
L 12/09/2021 - 20:21:17: [SM] Blaming: retakes-instadefuse.smx
L 12/09/2021 - 20:21:17: [SM] Call stack trace:
L 12/09/2021 - 20:21:17: [SM]   [0] PrintToChat
L 12/09/2021 - 20:21:17: [SM]   [1] Line 197, plugin.sp::AttemptInstantDefuse
L 12/09/2021 - 20:21:18: [SM]   [2] Line 104, plugin.sp::Event_BombBeginDefusePlusFrame
L 12/09/2021 - 20:21:37: [SM] Exception reported: Language phrase "InstaDefuseSuccessful" not found (arg 5)
L 12/09/2021 - 20:21:37: [SM] Blaming: retakes-instadefuse.smx
L 12/09/2021 - 20:21:37: [SM] Call stack trace:
L 12/09/2021 - 20:21:37: [SM]   [0] PrintToChat
L 12/09/2021 - 20:21:37: [SM]   [1] Line 197, plugin.sp::AttemptInstantDefuse
L 12/09/2021 - 20:21:37: [SM]   [2] Line 104, plugin.sp::Event_BombBeginDefusePlusFrame
L 12/09/2021 - 20:21:54: [SM] Exception reported: Language phrase "InstaDefuseSuccessful" not found (arg 5)
L 12/09/2021 - 20:21:54: [SM] Blaming: retakes-instadefuse.smx
L 12/09/2021 - 20:21:54: [SM] Call stack trace:
L 12/09/2021 - 20:21:54: [SM]   [0] PrintToChat
L 12/09/2021 - 20:21:54: [SM]   [1] Line 197, plugin.sp::AttemptInstantDefuse
L 12/09/2021 - 20:21:54: [SM]   [2] Line 104, plugin.sp::Event_BombBeginDefusePlusFrame
L 12/09/2021 - 20:22:18: [SM] Exception reported: Language phrase "InstaDefuseSuccessful" not found (arg 5)
L 12/09/2021 - 20:22:18: [SM] Blaming: retakes-instadefuse.smx
L 12/09/2021 - 20:22:18: [SM] Call stack trace:
L 12/09/2021 - 20:22:19: [SM]   [0] PrintToChat
L 12/09/2021 - 20:22:19: [SM]   [1] Line 197, plugin.sp::AttemptInstantDefuse
L 12/09/2021 - 20:22:19: [SM]   [2] Line 104, plugin.sp::Event_BombBeginDefusePlusFrame
L 12/09/2021 - 20:23:58: [SM] Exception reported: Language phrase "InstaDefuseSuccessful" not found (arg 5)
L 12/09/2021 - 20:23:58: [SM] Blaming: retakes-instadefuse.smx
L 12/09/2021 - 20:23:58: [SM] Call stack trace:
L 12/09/2021 - 20:23:58: [SM]   [0] PrintToChat
L 12/09/2021 - 20:23:58: [SM]   [1] Line 197, plugin.sp::AttemptInstantDefuse
L 12/09/2021 - 20:23:58: [SM]   [2] Line 104, plugin.sp::Event_BombBeginDefusePlusFrame
L 12/09/2021 - 20:24:20: [SM] Exception reported: Language phrase "InstaDefuseSuccessful" not found (arg 5)
L 12/09/2021 - 20:24:20: [SM] Blaming: retakes-instadefuse.smx
L 12/09/2021 - 20:24:20: [SM] Call stack trace:
L 12/09/2021 - 20:24:20: [SM]   [0] PrintToChat
L 12/09/2021 - 20:24:20: [SM]   [1] Line 197, plugin.sp::AttemptInstantDefuse
L 12/09/2021 - 20:24:20: [SM]   [2] Line 104, plugin.sp::Event_BombBeginDefusePlusFrame
L 12/09/2021 - 20:24:54: [SM] Exception reported: Language phrase "InstaDefuseSuccessful" not found (arg 5)
L 12/09/2021 - 20:24:54: [SM] Blaming: retakes-instadefuse.smx
L 12/09/2021 - 20:24:54: [SM] Call stack trace:
L 12/09/2021 - 20:24:54: [SM]   [0] PrintToChat
L 12/09/2021 - 20:24:54: [SM]   [1] Line 197, plugin.sp::AttemptInstantDefuse
L 12/09/2021 - 20:24:54: [SM]   [2] Line 104, plugin.sp::Event_BombBeginDefusePlusFrame
L 12/09/2021 - 20:25:10: [SM] Exception reported: Language phrase "InstaDefuseSuccessful" not found (arg 5)
L 12/09/2021 - 20:25:10: [SM] Blaming: retakes-instadefuse.smx
L 12/09/2021 - 20:25:10: [SM] Call stack trace:
L 12/09/2021 - 20:25:10: [SM]   [0] PrintToChat
L 12/09/2021 - 20:25:10: [SM]   [1] Line 197, plugin.sp::AttemptInstantDefuse
L 12/09/2021 - 20:25:10: [SM]   [2] Line 104, plugin.sp::Event_BombBeginDefusePlusFrame
L 12/09/2021 - 20:25:41: [SM] Exception reported: Language phrase "InstaDefuseSuccessful" not found (arg 5)
L 12/09/2021 - 20:25:41: [SM] Blaming: retakes-instadefuse.smx
L 12/09/2021 - 20:25:41: [SM] Call stack trace:
L 12/09/2021 - 20:25:41: [SM]   [0] PrintToChat
L 12/09/2021 - 20:25:41: [SM]   [1] Line 197, plugin.sp::AttemptInstantDefuse
L 12/09/2021 - 20:25:41: [SM]   [2] Line 104, plugin.sp::Event_BombBeginDefusePlusFrame
L 12/09/2021 - 20:25:58: [SM] Exception reported: Language phrase "InstaDefuseSuccessful" not found (arg 5)
L 12/09/2021 - 20:25:58: [SM] Blaming: retakes-instadefuse.smx
L 12/09/2021 - 20:25:58: [SM] Call stack trace:
L 12/09/2021 - 20:25:58: [SM]   [0] PrintToChat
L 12/09/2021 - 20:25:58: [SM]   [1] Line 197, plugin.sp::AttemptInstantDefuse
L 12/09/2021 - 20:25:58: [SM]   [2] Line 104, plugin.sp::Event_BombBeginDefusePlusFrame
L 12/09/2021 - 20:26:24: [SM] Exception reported: Language phrase "InstaDefuseSuccessful" not found (arg 5)
L 12/09/2021 - 20:26:24: [SM] Blaming: retakes-instadefuse.smx
L 12/09/2021 - 20:26:24: [SM] Call stack trace:
L 12/09/2021 - 20:26:24: [SM]   [0] PrintToChat
L 12/09/2021 - 20:26:24: [SM]   [1] Line 197, plugin.sp::AttemptInstantDefuse
L 12/09/2021 - 20:26:24: [SM]   [2] Line 104, plugin.sp::Event_BombBeginDefusePlusFrame
L 12/09/2021 - 20:27:07: [SM] Exception reported: Language phrase "InstaDefuseSuccessful" not found (arg 5)
L 12/09/2021 - 20:27:07: [SM] Blaming: retakes-instadefuse.smx
L 12/09/2021 - 20:27:07: [SM] Call stack trace:
L 12/09/2021 - 20:27:07: [SM]   [0] PrintToChat
L 12/09/2021 - 20:27:07: [SM]   [1] Line 197, plugin.sp::AttemptInstantDefuse
L 12/09/2021 - 20:27:07: [SM]   [2] Line 104, plugin.sp::Event_BombBeginDefusePlusFrame
L 12/09/2021 - 20:27:28: Error log file session closed.
L 12/09/2021 - 20:27:28: SourceMod error session started
L 12/09/2021 - 20:27:28: Info (map "de_cache") (file "E:\retake\csgoserver\csgo\addons\sourcemod\logs\errors_20211209.log")
L 12/09/2021 - 20:27:28: [SM] Fatal error encountered parsing translation file "ranks_matchmaking.phrases.txt"
L 12/09/2021 - 20:27:28: [SM] Error (line 0, column 0): Stream failed to open
L 12/09/2021 - 20:27:28: [SM] Fatal error encountered parsing translation file "instadefuse.phrases.txt"
L 12/09/2021 - 20:27:28: [SM] Error (line 0, column 0): Stream failed to open
L 12/09/2021 - 20:27:29: [SM] Exception reported: Language phrase "Unranked" not found (arg 5)
L 12/09/2021 - 20:27:29: [SM] Blaming: ranks_matchmaking.smx
L 12/09/2021 - 20:27:29: [SM] Call stack trace:
L 12/09/2021 - 20:27:29: [SM]   [0] FormatEx
L 12/09/2021 - 20:27:29: [SM]   [1] Line 174, ranks_matchmaking.sp::GetRanksNames
L 12/09/2021 - 20:27:29: [SM]   [2] Line 169, ranks_matchmaking.sp::OnMapStart
L 12/09/2021 - 20:28:45: [SM] Exception reported: Language phrase "InstaDefuseSuccessful" not found (arg 5)
L 12/09/2021 - 20:28:45: [SM] Blaming: retakes-instadefuse.smx
L 12/09/2021 - 20:28:45: [SM] Call stack trace:
L 12/09/2021 - 20:28:45: [SM]   [0] PrintToChat
L 12/09/2021 - 20:28:45: [SM]   [1] Line 197, plugin.sp::AttemptInstantDefuse
L 12/09/2021 - 20:28:45: [SM]   [2] Line 104, plugin.sp::Event_BombBeginDefusePlusFrame
L 12/09/2021 - 20:29:00: [SM] Exception reported: Language phrase "InstaDefuseSuccessful" not found (arg 5)
L 12/09/2021 - 20:29:00: [SM] Blaming: retakes-instadefuse.smx
L 12/09/2021 - 20:29:00: [SM] Call stack trace:
L 12/09/2021 - 20:29:00: [SM]   [0] PrintToChat
L 12/09/2021 - 20:29:00: [SM]   [1] Line 197, plugin.sp::AttemptInstantDefuse
L 12/09/2021 - 20:29:00: [SM]   [2] Line 104, plugin.sp::Event_BombBeginDefusePlusFrame
L 12/09/2021 - 20:29:23: [SM] Exception reported: Language phrase "InstaDefuseSuccessful" not found (arg 5)
L 12/09/2021 - 20:29:23: [SM] Blaming: retakes-instadefuse.smx
L 12/09/2021 - 20:29:23: [SM] Call stack trace:
L 12/09/2021 - 20:29:23: [SM]   [0] PrintToChat
L 12/09/2021 - 20:29:23: [SM]   [1] Line 197, plugin.sp::AttemptInstantDefuse
L 12/09/2021 - 20:29:23: [SM]   [2] Line 104, plugin.sp::Event_BombBeginDefusePlusFrame
L 12/09/2021 - 20:29:53: [SM] Exception reported: Language phrase "InstaDefuseSuccessful" not found (arg 5)
L 12/09/2021 - 20:29:53: [SM] Blaming: retakes-instadefuse.smx
L 12/09/2021 - 20:29:53: [SM] Call stack trace:
L 12/09/2021 - 20:29:53: [SM]   [0] PrintToChat
L 12/09/2021 - 20:29:53: [SM]   [1] Line 197, plugin.sp::AttemptInstantDefuse
L 12/09/2021 - 20:29:53: [SM]   [2] Line 104, plugin.sp::Event_BombBeginDefusePlusFrame
L 12/09/2021 - 20:30:31: [SM] Exception reported: Language phrase "InstaDefuseUnsuccessful" not found (arg 5)
L 12/09/2021 - 20:30:31: [SM] Blaming: retakes-instadefuse.smx
L 12/09/2021 - 20:30:31: [SM] Call stack trace:
L 12/09/2021 - 20:30:31: [SM]   [0] PrintToChat
L 12/09/2021 - 20:30:31: [SM]   [1] Line 143, plugin.sp::AttemptInstantDefuse
L 12/09/2021 - 20:30:31: [SM]   [2] Line 104, plugin.sp::Event_BombBeginDefusePlusFrame
L 12/09/2021 - 20:30:31: [SM] Exception reported: Language phrase "InstaDefuseUnsuccessful" not found (arg 5)
L 12/09/2021 - 20:30:31: [SM] Blaming: retakes-instadefuse.smx
L 12/09/2021 - 20:30:31: [SM] Call stack trace:
L 12/09/2021 - 20:30:31: [SM]   [0] PrintToChat
L 12/09/2021 - 20:30:31: [SM]   [1] Line 143, plugin.sp::AttemptInstantDefuse
L 12/09/2021 - 20:30:31: [SM]   [2] Line 104, plugin.sp::Event_BombBeginDefusePlusFrame
L 12/09/2021 - 20:30:31: [SM] Exception reported: Language phrase "InstaDefuseUnsuccessful" not found (arg 5)
L 12/09/2021 - 20:30:31: [SM] Blaming: retakes-instadefuse.smx
L 12/09/2021 - 20:30:31: [SM] Call stack trace:
L 12/09/2021 - 20:30:31: [SM]   [0] PrintToChat
L 12/09/2021 - 20:30:31: [SM]   [1] Line 143, plugin.sp::AttemptInstantDefuse
L 12/09/2021 - 20:30:31: [SM]   [2] Line 104, plugin.sp::Event_BombBeginDefusePlusFrame
L 12/09/2021 - 20:30:31: [SM] Exception reported: Language phrase "InstaDefuseUnsuccessful" not found (arg 5)
L 12/09/2021 - 20:30:31: [SM] Blaming: retakes-instadefuse.smx
L 12/09/2021 - 20:30:31: [SM] Call stack trace:
L 12/09/2021 - 20:30:31: [SM]   [0] PrintToChat
L 12/09/2021 - 20:30:31: [SM]   [1] Line 143, plugin.sp::AttemptInstantDefuse
L 12/09/2021 - 20:30:31: [SM]   [2] Line 104, plugin.sp::Event_BombBeginDefusePlusFrame
L 12/09/2021 - 20:30:32: [SM] Exception reported: Language phrase "InstaDefuseUnsuccessful" not found (arg 5)
L 12/09/2021 - 20:30:32: [SM] Blaming: retakes-instadefuse.smx
L 12/09/2021 - 20:30:32: [SM] Call stack trace:
L 12/09/2021 - 20:30:32: [SM]   [0] PrintToChat
L 12/09/2021 - 20:30:32: [SM]   [1] Line 143, plugin.sp::AttemptInstantDefuse
L 12/09/2021 - 20:30:32: [SM]   [2] Line 104, plugin.sp::Event_BombBeginDefusePlusFrame
L 12/09/2021 - 20:30:32: [SM] Exception reported: Language phrase "InstaDefuseUnsuccessful" not found (arg 5)
L 12/09/2021 - 20:30:32: [SM] Blaming: retakes-instadefuse.smx
L 12/09/2021 - 20:30:32: [SM] Call stack trace:
L 12/09/2021 - 20:30:32: [SM]   [0] PrintToChat
L 12/09/2021 - 20:30:32: [SM]   [1] Line 143, plugin.sp::AttemptInstantDefuse
L 12/09/2021 - 20:30:32: [SM]   [2] Line 104, plugin.sp::Event_BombBeginDefusePlusFrame
L 12/09/2021 - 20:30:32: [SM] Exception reported: Language phrase "InstaDefuseUnsuccessful" not found (arg 5)
L 12/09/2021 - 20:30:32: [SM] Blaming: retakes-instadefuse.smx
L 12/09/2021 - 20:30:32: [SM] Call stack trace:
L 12/09/2021 - 20:30:32: [SM]   [0] PrintToChat
L 12/09/2021 - 20:30:32: [SM]   [1] Line 143, plugin.sp::AttemptInstantDefuse
L 12/09/2021 - 20:30:32: [SM]   [2] Line 104, plugin.sp::Event_BombBeginDefusePlusFrame
L 12/09/2021 - 20:30:54: [SM] Exception reported: Language phrase "InstaDefuseSuccessful" not found (arg 5)
L 12/09/2021 - 20:30:54: [SM] Blaming: retakes-instadefuse.smx
L 12/09/2021 - 20:30:54: [SM] Call stack trace:
L 12/09/2021 - 20:30:54: [SM]   [0] PrintToChat
L 12/09/2021 - 20:30:54: [SM]   [1] Line 197, plugin.sp::AttemptInstantDefuse
L 12/09/2021 - 20:30:54: [SM]   [2] Line 104, plugin.sp::Event_BombBeginDefusePlusFrame
L 12/09/2021 - 20:31:38: [SM] Exception reported: Language phrase "InstaDefuseSuccessful" not found (arg 5)
L 12/09/2021 - 20:31:38: [SM] Blaming: retakes-instadefuse.smx
L 12/09/2021 - 20:31:38: [SM] Call stack trace:
L 12/09/2021 - 20:31:38: [SM]   [0] PrintToChat
L 12/09/2021 - 20:31:38: [SM]   [1] Line 197, plugin.sp::AttemptInstantDefuse
L 12/09/2021 - 20:31:38: [SM]   [2] Line 104, plugin.sp::Event_BombBeginDefusePlusFrame
L 12/09/2021 - 20:31:58: [SM] Exception reported: Language phrase "InstaDefuseSuccessful" not found (arg 5)
L 12/09/2021 - 20:31:58: [SM] Blaming: retakes-instadefuse.smx
L 12/09/2021 - 20:31:58: [SM] Call stack trace:
L 12/09/2021 - 20:31:58: [SM]   [0] PrintToChat
L 12/09/2021 - 20:31:58: [SM]   [1] Line 197, plugin.sp::AttemptInstantDefuse
L 12/09/2021 - 20:31:58: [SM]   [2] Line 104, plugin.sp::Event_BombBeginDefusePlusFrame
L 12/09/2021 - 20:31:59: [SM] Exception reported: Language phrase "InstaDefuseSuccessful" not found (arg 5)
L 12/09/2021 - 20:31:59: [SM] Blaming: retakes-instadefuse.smx
L 12/09/2021 - 20:31:59: [SM] Call stack trace:
L 12/09/2021 - 20:31:59: [SM]   [0] PrintToChat
L 12/09/2021 - 20:31:59: [SM]   [1] Line 197, plugin.sp::AttemptInstantDefuse
L 12/09/2021 - 20:31:59: [SM]   [2] Line 104, plugin.sp::Event_BombBeginDefusePlusFrame
L 12/09/2021 - 20:32:24: [SM] Exception reported: Language phrase "InstaDefuseSuccessful" not found (arg 5)
L 12/09/2021 - 20:32:24: [SM] Blaming: retakes-instadefuse.smx
L 12/09/2021 - 20:32:24: [SM] Call stack trace:
L 12/09/2021 - 20:32:24: [SM]   [0] PrintToChat
L 12/09/2021 - 20:32:24: [SM]   [1] Line 197, plugin.sp::AttemptInstantDefuse
L 12/09/2021 - 20:32:24: [SM]   [2] Line 104, plugin.sp::Event_BombBeginDefusePlusFrame
L 12/09/2021 - 20:32:43: [SM] Exception reported: Language phrase "InstaDefuseSuccessful" not found (arg 5)
L 12/09/2021 - 20:32:43: [SM] Blaming: retakes-instadefuse.smx
L 12/09/2021 - 20:32:43: [SM] Call stack trace:
L 12/09/2021 - 20:32:44: [SM]   [0] PrintToChat
L 12/09/2021 - 20:32:44: [SM]   [1] Line 197, plugin.sp::AttemptInstantDefuse
L 12/09/2021 - 20:32:44: [SM]   [2] Line 104, plugin.sp::Event_BombBeginDefusePlusFrame
L 12/09/2021 - 20:33:21: [SM] Exception reported: Language phrase "InstaDefuseSuccessful" not found (arg 5)
L 12/09/2021 - 20:33:21: [SM] Blaming: retakes-instadefuse.smx
L 12/09/2021 - 20:33:21: [SM] Call stack trace:
L 12/09/2021 - 20:33:21: [SM]   [0] PrintToChat
L 12/09/2021 - 20:33:21: [SM]   [1] Line 197, plugin.sp::AttemptInstantDefuse
L 12/09/2021 - 20:33:21: [SM]   [2] Line 104, plugin.sp::Event_BombBeginDefusePlusFrame
L 12/09/2021 - 20:34:12: [SM] Exception reported: Language phrase "InstaDefuseSuccessful" not found (arg 5)
L 12/09/2021 - 20:34:12: [SM] Blaming: retakes-instadefuse.smx
L 12/09/2021 - 20:34:12: [SM] Call stack trace:
L 12/09/2021 - 20:34:12: [SM]   [0] PrintToChat
L 12/09/2021 - 20:34:12: [SM]   [1] Line 197, plugin.sp::AttemptInstantDefuse
L 12/09/2021 - 20:34:12: [SM]   [2] Line 104, plugin.sp::Event_BombBeginDefusePlusFrame
L 12/09/2021 - 20:34:38: [SM] Exception reported: Language phrase "InstaDefuseSuccessful" not found (arg 5)
L 12/09/2021 - 20:34:38: [SM] Blaming: retakes-instadefuse.smx
L 12/09/2021 - 20:34:38: [SM] Call stack trace:
L 12/09/2021 - 20:34:38: [SM]   [0] PrintToChat
L 12/09/2021 - 20:34:38: [SM]   [1] Line 197, plugin.sp::AttemptInstantDefuse
L 12/09/2021 - 20:34:38: [SM]   [2] Line 104, plugin.sp::Event_BombBeginDefusePlusFrame
L 12/09/2021 - 20:35:16: [SM] Exception reported: Language phrase "InstaDefuseSuccessful" not found (arg 5)
L 12/09/2021 - 20:35:16: [SM] Blaming: retakes-instadefuse.smx
L 12/09/2021 - 20:35:16: [SM] Call stack trace:
L 12/09/2021 - 20:35:16: [SM]   [0] PrintToChat
L 12/09/2021 - 20:35:16: [SM]   [1] Line 197, plugin.sp::AttemptInstantDefuse
L 12/09/2021 - 20:35:16: [SM]   [2] Line 104, plugin.sp::Event_BombBeginDefusePlusFrame
L 12/09/2021 - 20:35:34: [SM] Exception reported: Language phrase "InstaDefuseSuccessful" not found (arg 5)
L 12/09/2021 - 20:35:34: [SM] Blaming: retakes-instadefuse.smx
L 12/09/2021 - 20:35:34: [SM] Call stack trace:
L 12/09/2021 - 20:35:34: [SM]   [0] PrintToChat
L 12/09/2021 - 20:35:34: [SM]   [1] Line 197, plugin.sp::AttemptInstantDefuse
L 12/09/2021 - 20:35:34: [SM]   [2] Line 104, plugin.sp::Event_BombBeginDefusePlusFrame
L 12/09/2021 - 20:35:52: [SM] Exception reported: Language phrase "InstaDefuseSuccessful" not found (arg 5)
L 12/09/2021 - 20:35:52: [SM] Blaming: retakes-instadefuse.smx
L 12/09/2021 - 20:35:52: [SM] Call stack trace:
L 12/09/2021 - 20:35:52: [SM]   [0] PrintToChat
L 12/09/2021 - 20:35:52: [SM]   [1] Line 197, plugin.sp::AttemptInstantDefuse
L 12/09/2021 - 20:35:52: [SM]   [2] Line 104, plugin.sp::Event_BombBeginDefusePlusFrame
L 12/09/2021 - 20:36:11: [SM] Exception reported: Language phrase "InstaDefuseSuccessful" not found (arg 5)
L 12/09/2021 - 20:36:11: [SM] Blaming: retakes-instadefuse.smx
L 12/09/2021 - 20:36:11: [SM] Call stack trace:
L 12/09/2021 - 20:36:11: [SM]   [0] PrintToChat
L 12/09/2021 - 20:36:11: [SM]   [1] Line 197, plugin.sp::AttemptInstantDefuse
L 12/09/2021 - 20:36:11: [SM]   [2] Line 104, plugin.sp::Event_BombBeginDefusePlusFrame
L 12/09/2021 - 20:36:34: [SM] Exception reported: Language phrase "InstaDefuseSuccessful" not found (arg 5)
L 12/09/2021 - 20:36:34: [SM] Blaming: retakes-instadefuse.smx
L 12/09/2021 - 20:36:34: [SM] Call stack trace:
L 12/09/2021 - 20:36:34: [SM]   [0] PrintToChat
L 12/09/2021 - 20:36:34: [SM]   [1] Line 197, plugin.sp::AttemptInstantDefuse
L 12/09/2021 - 20:36:34: [SM]   [2] Line 104, plugin.sp::Event_BombBeginDefusePlusFrame
L 12/09/2021 - 20:36:48: [SM] Exception reported: Language phrase "InstaDefuseSuccessful" not found (arg 5)
L 12/09/2021 - 20:36:48: [SM] Blaming: retakes-instadefuse.smx
L 12/09/2021 - 20:36:48: [SM] Call stack trace:
L 12/09/2021 - 20:36:48: [SM]   [0] PrintToChat
L 12/09/2021 - 20:36:48: [SM]   [1] Line 197, plugin.sp::AttemptInstantDefuse
L 12/09/2021 - 20:36:48: [SM]   [2] Line 104, plugin.sp::Event_BombBeginDefusePlusFrame
L 12/09/2021 - 20:37:04: [SM] Exception reported: Language phrase "InstaDefuseSuccessful" not found (arg 5)
L 12/09/2021 - 20:37:04: [SM] Blaming: retakes-instadefuse.smx
L 12/09/2021 - 20:37:04: [SM] Call stack trace:
L 12/09/2021 - 20:37:04: [SM]   [0] PrintToChat
L 12/09/2021 - 20:37:04: [SM]   [1] Line 197, plugin.sp::AttemptInstantDefuse
L 12/09/2021 - 20:37:04: [SM]   [2] Line 104, plugin.sp::Event_BombBeginDefusePlusFrame
L 12/09/2021 - 20:37:20: [SM] Exception reported: Language phrase "InstaDefuseSuccessful" not found (arg 5)
L 12/09/2021 - 20:37:20: [SM] Blaming: retakes-instadefuse.smx
L 12/09/2021 - 20:37:20: [SM] Call stack trace:
L 12/09/2021 - 20:37:20: [SM]   [0] PrintToChat
L 12/09/2021 - 20:37:20: [SM]   [1] Line 197, plugin.sp::AttemptInstantDefuse
L 12/09/2021 - 20:37:20: [SM]   [2] Line 104, plugin.sp::Event_BombBeginDefusePlusFrame
L 12/09/2021 - 20:37:42: [SM] Exception reported: Language phrase "InstaDefuseSuccessful" not found (arg 5)
L 12/09/2021 - 20:37:42: [SM] Blaming: retakes-instadefuse.smx
L 12/09/2021 - 20:37:42: [SM] Call stack trace:
L 12/09/2021 - 20:37:42: [SM]   [0] PrintToChat
L 12/09/2021 - 20:37:42: [SM]   [1] Line 197, plugin.sp::AttemptInstantDefuse
L 12/09/2021 - 20:37:42: [SM]   [2] Line 104, plugin.sp::Event_BombBeginDefusePlusFrame
L 12/09/2021 - 20:37:58: [SM] Exception reported: Language phrase "InstaDefuseSuccessful" not found (arg 5)
L 12/09/2021 - 20:37:58: [SM] Blaming: retakes-instadefuse.smx
L 12/09/2021 - 20:37:58: [SM] Call stack trace:
L 12/09/2021 - 20:37:58: [SM]   [0] PrintToChat
L 12/09/2021 - 20:37:58: [SM]   [1] Line 197, plugin.sp::AttemptInstantDefuse
L 12/09/2021 - 20:37:58: [SM]   [2] Line 104, plugin.sp::Event_BombBeginDefusePlusFrame
L 12/09/2021 - 20:38:32: [SM] Exception reported: Language phrase "InstaDefuseSuccessful" not found (arg 5)
L 12/09/2021 - 20:38:32: [SM] Blaming: retakes-instadefuse.smx
L 12/09/2021 - 20:38:32: [SM] Call stack trace:
L 12/09/2021 - 20:38:32: [SM]   [0] PrintToChat
L 12/09/2021 - 20:38:32: [SM]   [1] Line 197, plugin.sp::AttemptInstantDefuse
L 12/09/2021 - 20:38:32: [SM]   [2] Line 104, plugin.sp::Event_BombBeginDefusePlusFrame
L 12/09/2021 - 20:38:45: [SM] Exception reported: Language phrase "InstaDefuseSuccessful" not found (arg 5)
L 12/09/2021 - 20:38:45: [SM] Blaming: retakes-instadefuse.smx
L 12/09/2021 - 20:38:45: [SM] Call stack trace:
L 12/09/2021 - 20:38:45: [SM]   [0] PrintToChat
L 12/09/2021 - 20:38:45: [SM]   [1] Line 197, plugin.sp::AttemptInstantDefuse
L 12/09/2021 - 20:38:45: [SM]   [2] Line 104, plugin.sp::Event_BombBeginDefusePlusFrame
L 12/09/2021 - 20:39:08: [SM] Exception reported: Language phrase "InstaDefuseSuccessful" not found (arg 5)
L 12/09/2021 - 20:39:08: [SM] Blaming: retakes-instadefuse.smx
L 12/09/2021 - 20:39:08: [SM] Call stack trace:
L 12/09/2021 - 20:39:08: [SM]   [0] PrintToChat
L 12/09/2021 - 20:39:08: [SM]   [1] Line 197, plugin.sp::AttemptInstantDefuse
L 12/09/2021 - 20:39:08: [SM]   [2] Line 104, plugin.sp::Event_BombBeginDefusePlusFrame
L 12/09/2021 - 20:39:29: [SM] Exception reported: Language phrase "InstaDefuseSuccessful" not found (arg 5)
L 12/09/2021 - 20:39:29: [SM] Blaming: retakes-instadefuse.smx
L 12/09/2021 - 20:39:29: [SM] Call stack trace:
L 12/09/2021 - 20:39:29: [SM]   [0] PrintToChat
L 12/09/2021 - 20:39:29: [SM]   [1] Line 197, plugin.sp::AttemptInstantDefuse
L 12/09/2021 - 20:39:29: [SM]   [2] Line 104, plugin.sp::Event_BombBeginDefusePlusFrame
L 12/09/2021 - 20:40:13: [SM] Exception reported: Language phrase "InstaDefuseSuccessful" not found (arg 5)
L 12/09/2021 - 20:40:13: [SM] Blaming: retakes-instadefuse.smx
L 12/09/2021 - 20:40:13: [SM] Call stack trace:
L 12/09/2021 - 20:40:13: [SM]   [0] PrintToChat
L 12/09/2021 - 20:40:13: [SM]   [1] Line 197, plugin.sp::AttemptInstantDefuse
L 12/09/2021 - 20:40:13: [SM]   [2] Line 104, plugin.sp::Event_BombBeginDefusePlusFrame
L 12/09/2021 - 20:40:36: [SM] Exception reported: Language phrase "InstaDefuseSuccessful" not found (arg 5)
L 12/09/2021 - 20:40:36: [SM] Blaming: retakes-instadefuse.smx
L 12/09/2021 - 20:40:36: [SM] Call stack trace:
L 12/09/2021 - 20:40:36: [SM]   [0] PrintToChat
L 12/09/2021 - 20:40:36: [SM]   [1] Line 197, plugin.sp::AttemptInstantDefuse
L 12/09/2021 - 20:40:36: [SM]   [2] Line 104, plugin.sp::Event_BombBeginDefusePlusFrame
L 12/09/2021 - 20:40:38: [SM] Exception reported: Language phrase "InstaDefuseSuccessful" not found (arg 5)
L 12/09/2021 - 20:40:38: [SM] Blaming: retakes-instadefuse.smx
L 12/09/2021 - 20:40:38: [SM] Call stack trace:
L 12/09/2021 - 20:40:38: [SM]   [0] PrintToChat
L 12/09/2021 - 20:40:38: [SM]   [1] Line 197, plugin.sp::AttemptInstantDefuse
L 12/09/2021 - 20:40:38: [SM]   [2] Line 104, plugin.sp::Event_BombBeginDefusePlusFrame
L 12/09/2021 - 20:40:59: [SM] Exception reported: Language phrase "InstaDefuseSuccessful" not found (arg 5)
L 12/09/2021 - 20:40:59: [SM] Blaming: retakes-instadefuse.smx
L 12/09/2021 - 20:40:59: [SM] Call stack trace:
L 12/09/2021 - 20:40:59: [SM]   [0] PrintToChat
L 12/09/2021 - 20:40:59: [SM]   [1] Line 197, plugin.sp::AttemptInstantDefuse
L 12/09/2021 - 20:40:59: [SM]   [2] Line 104, plugin.sp::Event_BombBeginDefusePlusFrame
L 12/09/2021 - 20:41:39: [SM] Exception reported: Language phrase "InstaDefuseSuccessful" not found (arg 5)
L 12/09/2021 - 20:41:39: [SM] Blaming: retakes-instadefuse.smx
L 12/09/2021 - 20:41:39: [SM] Call stack trace:
L 12/09/2021 - 20:41:39: [SM]   [0] PrintToChat
L 12/09/2021 - 20:41:39: [SM]   [1] Line 197, plugin.sp::AttemptInstantDefuse
L 12/09/2021 - 20:41:39: [SM]   [2] Line 104, plugin.sp::Event_BombBeginDefusePlusFrame
L 12/09/2021 - 20:41:55: [SM] Exception reported: Language phrase "InstaDefuseSuccessful" not found (arg 5)
L 12/09/2021 - 20:41:55: [SM] Blaming: retakes-instadefuse.smx
L 12/09/2021 - 20:41:55: [SM] Call stack trace:
L 12/09/2021 - 20:41:55: [SM]   [0] PrintToChat
L 12/09/2021 - 20:41:55: [SM]   [1] Line 197, plugin.sp::AttemptInstantDefuse
L 12/09/2021 - 20:41:55: [SM]   [2] Line 104, plugin.sp::Event_BombBeginDefusePlusFrame
L 12/09/2021 - 20:42:29: [SM] Exception reported: Language phrase "InstaDefuseSuccessful" not found (arg 5)
L 12/09/2021 - 20:42:29: [SM] Blaming: retakes-instadefuse.smx
L 12/09/2021 - 20:42:29: [SM] Call stack trace:
L 12/09/2021 - 20:42:29: [SM]   [0] PrintToChat
L 12/09/2021 - 20:42:29: [SM]   [1] Line 197, plugin.sp::AttemptInstantDefuse
L 12/09/2021 - 20:42:29: [SM]   [2] Line 104, plugin.sp::Event_BombBeginDefusePlusFrame
L 12/09/2021 - 20:42:54: [SM] Exception reported: Language phrase "InstaDefuseSuccessful" not found (arg 5)
L 12/09/2021 - 20:42:54: [SM] Blaming: retakes-instadefuse.smx
L 12/09/2021 - 20:42:54: [SM] Call stack trace:
L 12/09/2021 - 20:42:54: [SM]   [0] PrintToChat
L 12/09/2021 - 20:42:54: [SM]   [1] Line 197, plugin.sp::AttemptInstantDefuse
L 12/09/2021 - 20:42:54: [SM]   [2] Line 104, plugin.sp::Event_BombBeginDefusePlusFrame
L 12/09/2021 - 20:43:12: [SM] Exception reported: Language phrase "InstaDefuseSuccessful" not found (arg 5)
L 12/09/2021 - 20:43:12: [SM] Blaming: retakes-instadefuse.smx
L 12/09/2021 - 20:43:12: [SM] Call stack trace:
L 12/09/2021 - 20:43:12: [SM]   [0] PrintToChat
L 12/09/2021 - 20:43:12: [SM]   [1] Line 197, plugin.sp::AttemptInstantDefuse
L 12/09/2021 - 20:43:12: [SM]   [2] Line 104, plugin.sp::Event_BombBeginDefusePlusFrame
L 12/09/2021 - 20:43:28: [SM] Exception reported: Language phrase "InstaDefuseSuccessful" not found (arg 5)
L 12/09/2021 - 20:43:28: [SM] Blaming: retakes-instadefuse.smx
L 12/09/2021 - 20:43:28: [SM] Call stack trace:
L 12/09/2021 - 20:43:28: [SM]   [0] PrintToChat
L 12/09/2021 - 20:43:28: [SM]   [1] Line 197, plugin.sp::AttemptInstantDefuse
L 12/09/2021 - 20:43:28: [SM]   [2] Line 104, plugin.sp::Event_BombBeginDefusePlusFrame
L 12/09/2021 - 20:44:01: [SM] Exception reported: Language phrase "InstaDefuseSuccessful" not found (arg 5)
L 12/09/2021 - 20:44:01: [SM] Blaming: retakes-instadefuse.smx
L 12/09/2021 - 20:44:01: [SM] Call stack trace:
L 12/09/2021 - 20:44:01: [SM]   [0] PrintToChat
L 12/09/2021 - 20:44:01: [SM]   [1] Line 197, plugin.sp::AttemptInstantDefuse
L 12/09/2021 - 20:44:01: [SM]   [2] Line 104, plugin.sp::Event_BombBeginDefusePlusFrame
L 12/09/2021 - 20:44:24: [SM] Exception reported: Language phrase "InstaDefuseSuccessful" not found (arg 5)
L 12/09/2021 - 20:44:24: [SM] Blaming: retakes-instadefuse.smx
L 12/09/2021 - 20:44:24: [SM] Call stack trace:
L 12/09/2021 - 20:44:24: [SM]   [0] PrintToChat
L 12/09/2021 - 20:44:24: [SM]   [1] Line 197, plugin.sp::AttemptInstantDefuse
L 12/09/2021 - 20:44:24: [SM]   [2] Line 104, plugin.sp::Event_BombBeginDefusePlusFrame
L 12/09/2021 - 20:45:19: [SM] Exception reported: Language phrase "InstaDefuseSuccessful" not found (arg 5)
L 12/09/2021 - 20:45:19: [SM] Blaming: retakes-instadefuse.smx
L 12/09/2021 - 20:45:19: [SM] Call stack trace:
L 12/09/2021 - 20:45:19: [SM]   [0] PrintToChat
L 12/09/2021 - 20:45:19: [SM]   [1] Line 197, plugin.sp::AttemptInstantDefuse
L 12/09/2021 - 20:45:19: [SM]   [2] Line 104, plugin.sp::Event_BombBeginDefusePlusFrame
L 12/09/2021 - 20:45:37: [SM] Exception reported: Language phrase "InstaDefuseSuccessful" not found (arg 5)
L 12/09/2021 - 20:45:37: [SM] Blaming: retakes-instadefuse.smx
L 12/09/2021 - 20:45:37: [SM] Call stack trace:
L 12/09/2021 - 20:45:37: [SM]   [0] PrintToChat
L 12/09/2021 - 20:45:37: [SM]   [1] Line 197, plugin.sp::AttemptInstantDefuse
L 12/09/2021 - 20:45:37: [SM]   [2] Line 104, plugin.sp::Event_BombBeginDefusePlusFrame
L 12/09/2021 - 20:45:55: [SM] Exception reported: Language phrase "InstaDefuseSuccessful" not found (arg 5)
L 12/09/2021 - 20:45:55: [SM] Blaming: retakes-instadefuse.smx
L 12/09/2021 - 20:45:55: [SM] Call stack trace:
L 12/09/2021 - 20:45:55: [SM]   [0] PrintToChat
L 12/09/2021 - 20:45:55: [SM]   [1] Line 197, plugin.sp::AttemptInstantDefuse
L 12/09/2021 - 20:45:55: [SM]   [2] Line 104, plugin.sp::Event_BombBeginDefusePlusFrame
L 12/09/2021 - 20:46:23: [SM] Exception reported: Language phrase "InstaDefuseSuccessful" not found (arg 5)
L 12/09/2021 - 20:46:23: [SM] Blaming: retakes-instadefuse.smx
L 12/09/2021 - 20:46:23: [SM] Call stack trace:
L 12/09/2021 - 20:46:23: [SM]   [0] PrintToChat
L 12/09/2021 - 20:46:23: [SM]   [1] Line 197, plugin.sp::AttemptInstantDefuse
L 12/09/2021 - 20:46:23: [SM]   [2] Line 104, plugin.sp::Event_BombBeginDefusePlusFrame
L 12/09/2021 - 20:46:42: [SM] Exception reported: Language phrase "InstaDefuseSuccessful" not found (arg 5)
L 12/09/2021 - 20:46:42: [SM] Blaming: retakes-instadefuse.smx
L 12/09/2021 - 20:46:42: [SM] Call stack trace:
L 12/09/2021 - 20:46:42: [SM]   [0] PrintToChat
L 12/09/2021 - 20:46:42: [SM]   [1] Line 197, plugin.sp::AttemptInstantDefuse
L 12/09/2021 - 20:46:42: [SM]   [2] Line 104, plugin.sp::Event_BombBeginDefusePlusFrame
