L 02/25/2021 - 01:00:12: SourceMod log file session started (file "C:\ESLSERVER\csgoserver\csgo\addons\sourcemod\logs\L20210225.log") (Version "1.10.0.6502")
L 02/25/2021 - 01:00:12: -------- Mapchange to de_overpass --------
L 02/25/2021 - 01:00:13: [weapons.smx] Inactive players' data has been deleted
L 02/25/2021 - 01:00:13: [weapons.smx] SQLite DB connection successful
L 02/25/2021 - 01:00:13: [weapons.smx] Inactive players' data has been deleted
L 02/25/2021 - 02:02:18: SourceMod log file session started (file "C:\ESLSERVER\csgoserver\csgo\addons\sourcemod\logs\L20210225.log") (Version "1.10.0.6502")
L 02/25/2021 - 02:02:18: -------- Mapchange to de_mirage --------
L 02/25/2021 - 02:02:19: [weapons.smx] Inactive players' data has been deleted
L 02/25/2021 - 02:02:19: [weapons.smx] SQLite DB connection successful
L 02/25/2021 - 02:02:19: [weapons.smx] Inactive players' data has been deleted
L 02/25/2021 - 02:21:16: SourceMod log file session started (file "C:\ESLSERVER\csgoserver\csgo\addons\sourcemod\logs\L20210225.log") (Version "1.10.0.6502")
L 02/25/2021 - 02:21:16: -------- Mapchange to de_mirage --------
L 02/25/2021 - 02:21:17: [weapons.smx] SQLite DB connection successful
L 02/25/2021 - 02:21:17: [weapons.smx] Inactive players' data has been deleted
L 02/25/2021 - 02:21:17: [weapons.smx] SQLite DB connection successful
L 02/25/2021 - 02:21:17: [weapons.smx] SQLite DB connection successful
L 02/25/2021 - 02:21:17: [weapons.smx] Inactive players' data has been deleted
L 02/25/2021 - 02:21:17: [weapons.smx] Inactive players' data has been deleted
L 02/25/2021 - 02:48:27: SourceMod log file session started (file "C:\ESLSERVER\csgoserver\csgo\addons\sourcemod\logs\L20210225.log") (Version "1.10.0.6502")
L 02/25/2021 - 02:48:27: -------- Mapchange to de_mirage --------
L 02/25/2021 - 02:48:28: [weapons.smx] SQLite DB connection successful
L 02/25/2021 - 02:48:28: [weapons.smx] Inactive players' data has been deleted
L 02/25/2021 - 02:48:28: [weapons.smx] SQLite DB connection successful
L 02/25/2021 - 02:48:28: [weapons.smx] SQLite DB connection successful
L 02/25/2021 - 02:48:28: [weapons.smx] Inactive players' data has been deleted
L 02/25/2021 - 02:48:28: [weapons.smx] Inactive players' data has been deleted
L 02/25/2021 - 14:58:21: SourceMod log file session started (file "C:\ESLSERVER\csgoserver\csgo\addons\sourcemod\logs\L20210225.log") (Version "1.10.0.6502")
L 02/25/2021 - 14:58:21: -------- Mapchange to de_mirage --------
L 02/25/2021 - 14:58:22: [weapons.smx] Inactive players' data has been deleted
L 02/25/2021 - 14:58:22: [weapons.smx] SQLite DB connection successful
L 02/25/2021 - 14:58:22: [weapons.smx] Inactive players' data has been deleted
L 02/25/2021 - 15:16:34: SourceMod log file session started (file "C:\ESLSERVER\csgoserver\csgo\addons\sourcemod\logs\L20210225.log") (Version "1.10.0.6502")
L 02/25/2021 - 15:16:34: -------- Mapchange to de_mirage --------
L 02/25/2021 - 15:16:35: [weapons.smx] Inactive players' data has been deleted
L 02/25/2021 - 15:16:36: [weapons.smx] SQLite DB connection successful
L 02/25/2021 - 15:16:36: [weapons.smx] Inactive players' data has been deleted
