L 09/18/2021 - 02:49:11: SourceMod log file session started (file "e:\retake\csgoserver\csgo\addons\sourcemod\logs\L20210918.log") (Version "1.11.0.6713")
L 09/18/2021 - 02:49:11: [GEOIP] GeoIP2 database loaded: GeoLite2-City (2019-12-17 20:01:26 UTC)
L 09/18/2021 - 02:49:11: [GEOIP] GeoIP2 supported languages: de en es fr ja pt-BR ru zh-CN
L 09/18/2021 - 02:50:18: -------- Mapchange to de_mirage --------
L 09/18/2021 - 02:50:20: [weapons.smx] SQLite DB connection successful
L 09/18/2021 - 02:50:20: [weapons.smx] Inactive players' data has been deleted
L 09/18/2021 - 02:53:23: SourceMod log file session started (file "e:\retake\csgoserver\csgo\addons\sourcemod\logs\L20210918.log") (Version "1.11.0.6713")
L 09/18/2021 - 02:53:23: [GEOIP] GeoIP2 database loaded: GeoLite2-City (2019-12-17 20:01:26 UTC)
L 09/18/2021 - 02:53:23: [GEOIP] GeoIP2 supported languages: de en es fr ja pt-BR ru zh-CN
L 09/18/2021 - 02:53:36: SourceMod log file session started (file "E:\retake\csgoserver\csgo\addons\sourcemod\logs\L20210918.log") (Version "1.11.0.6713")
L 09/18/2021 - 02:53:36: [GEOIP] GeoIP2 database loaded: GeoLite2-City (2019-12-17 20:01:26 UTC)
L 09/18/2021 - 02:53:36: [GEOIP] GeoIP2 supported languages: de en es fr ja pt-BR ru zh-CN
L 09/18/2021 - 02:53:41: -------- Mapchange to de_mirage --------
L 09/18/2021 - 02:53:42: [weapons.smx] SQLite DB connection successful
L 09/18/2021 - 02:53:43: [weapons.smx] Inactive players' data has been deleted
L 09/18/2021 - 02:53:43: [weapons.smx] SQLite DB connection successful
L 09/18/2021 - 02:53:43: [weapons.smx] SQLite DB connection successful
L 09/18/2021 - 02:53:43: [weapons.smx] Inactive players' data has been deleted
L 09/18/2021 - 02:53:43: [weapons.smx] Inactive players' data has been deleted
L 09/18/2021 - 02:54:51: SourceMod log file session started (file "E:\retake\csgoserver\csgo\addons\sourcemod\logs\L20210918.log") (Version "1.11.0.6713")
L 09/18/2021 - 02:54:51: [GEOIP] GeoIP2 database loaded: GeoLite2-City (2019-12-17 20:01:26 UTC)
L 09/18/2021 - 02:54:51: [GEOIP] GeoIP2 supported languages: de en es fr ja pt-BR ru zh-CN
L 09/18/2021 - 02:55:50: -------- Mapchange to de_dust2 --------
L 09/18/2021 - 02:55:52: [weapons.smx] SQLite DB connection successful
L 09/18/2021 - 02:55:52: [weapons.smx] Inactive players' data has been deleted
L 09/18/2021 - 03:39:12: -------- Mapchange to de_overpass --------
L 09/18/2021 - 03:39:15: [weapons.smx] Inactive players' data has been deleted
L 09/18/2021 - 03:40:55: SourceMod log file session started (file "E:\retake\csgoserver\csgo\addons\sourcemod\logs\L20210918.log") (Version "1.11.0.6713")
L 09/18/2021 - 03:40:55: [GEOIP] GeoIP2 database loaded: GeoLite2-City (2019-12-17 20:01:26 UTC)
L 09/18/2021 - 03:40:55: [GEOIP] GeoIP2 supported languages: de en es fr ja pt-BR ru zh-CN
L 09/18/2021 - 03:41:04: -------- Mapchange to de_overpass --------
L 09/18/2021 - 03:41:11: -------- Mapchange to de_overpass --------
L 09/18/2021 - 03:41:13: [weapons.smx] SQLite DB connection successful
L 09/18/2021 - 03:41:13: [weapons.smx] Inactive players' data has been deleted
L 09/18/2021 - 17:39:29: SourceMod log file session started (file "E:\retake\csgoserver\csgo\addons\sourcemod\logs\L20210918.log") (Version "1.11.0.6713")
L 09/18/2021 - 17:39:29: [GEOIP] GeoIP2 database loaded: GeoLite2-City (2019-12-17 20:01:26 UTC)
L 09/18/2021 - 17:39:29: [GEOIP] GeoIP2 supported languages: de en es fr ja pt-BR ru zh-CN
L 09/18/2021 - 17:40:00: -------- Mapchange to de_dust2 --------
L 09/18/2021 - 17:40:03: [weapons.smx] SQLite DB connection successful
L 09/18/2021 - 17:40:03: [weapons.smx] Inactive players' data has been deleted
