L 01/23/2022 - 00:15:23: SourceMod log file session started (file "E:\retake\csgoserver\csgo\addons\sourcemod\logs\L20220123.log") (Version "1.11.0.6713")
L 01/23/2022 - 00:15:23: [GEOIP] GeoIP2 database loaded: GeoLite2-City (2019-12-17 20:01:26 UTC)
L 01/23/2022 - 00:15:23: [GEOIP] GeoIP2 supported languages: de en es fr ja pt-BR ru zh-CN
L 01/23/2022 - 00:18:14: SourceMod log file session started (file "E:\retake\csgoserver\csgo\addons\sourcemod\logs\L20220123.log") (Version "1.11.0.6713")
L 01/23/2022 - 00:18:14: [GEOIP] GeoIP2 database loaded: GeoLite2-City (2019-12-17 20:01:26 UTC)
L 01/23/2022 - 00:18:14: [GEOIP] GeoIP2 supported languages: de en es fr ja pt-BR ru zh-CN
L 01/23/2022 - 00:19:13: SourceMod log file session started (file "E:\retake\csgoserver\csgo\addons\sourcemod\logs\L20220123.log") (Version "1.11.0.6713")
L 01/23/2022 - 00:19:13: [GEOIP] GeoIP2 database loaded: GeoLite2-City (2019-12-17 20:01:26 UTC)
L 01/23/2022 - 00:19:13: [GEOIP] GeoIP2 supported languages: de en es fr ja pt-BR ru zh-CN
L 01/23/2022 - 00:20:40: -------- Mapchange to de_mirage --------
L 01/23/2022 - 00:20:42: [weapons.smx] SQLite DB connection successful
L 01/23/2022 - 00:20:42: [weapons.smx] Inactive players' data has been deleted
L 01/23/2022 - 00:20:42: [weapons.smx] SQLite DB connection successful
L 01/23/2022 - 00:20:42: [weapons.smx] SQLite DB connection successful
L 01/23/2022 - 00:20:43: [weapons.smx] Inactive players' data has been deleted
L 01/23/2022 - 00:20:43: [weapons.smx] Inactive players' data has been deleted
L 01/23/2022 - 00:45:55: SourceMod log file session started (file "E:\retake\csgoserver\csgo\addons\sourcemod\logs\L20220123.log") (Version "1.11.0.6713")
L 01/23/2022 - 00:45:55: [GEOIP] GeoIP2 database loaded: GeoLite2-City (2019-12-17 20:01:26 UTC)
L 01/23/2022 - 00:45:55: [GEOIP] GeoIP2 supported languages: de en es fr ja pt-BR ru zh-CN
L 01/23/2022 - 00:47:12: SourceMod log file session started (file "E:\retake\csgoserver\csgo\addons\sourcemod\logs\L20220123.log") (Version "1.11.0.6713")
L 01/23/2022 - 00:47:12: [GEOIP] GeoIP2 database loaded: GeoLite2-City (2019-12-17 20:01:26 UTC)
L 01/23/2022 - 00:47:12: [GEOIP] GeoIP2 supported languages: de en es fr ja pt-BR ru zh-CN
L 01/23/2022 - 00:47:19: -------- Mapchange to de_mirage --------
L 01/23/2022 - 00:47:21: [weapons.smx] SQLite DB connection successful
L 01/23/2022 - 00:47:21: [weapons.smx] Inactive players' data has been deleted
L 01/23/2022 - 00:47:21: [weapons.smx] SQLite DB connection successful
L 01/23/2022 - 00:47:21: [weapons.smx] SQLite DB connection successful
L 01/23/2022 - 00:47:21: [weapons.smx] Inactive players' data has been deleted
L 01/23/2022 - 00:47:21: [weapons.smx] Inactive players' data has been deleted
L 01/23/2022 - 00:48:38: -------- Mapchange to de_cache --------
L 01/23/2022 - 00:48:40: [weapons.smx] Inactive players' data has been deleted
