L 02/13/2021 - 13:10:08: SourceMod log file session started (file "C:\ESLSERVER\csgoserver\csgo\addons\sourcemod\logs\L20210213.log") (Version "1.10.0.6502")
L 02/13/2021 - 13:10:08: -------- Mapchange to de_dust2 --------
L 02/13/2021 - 13:10:09: [weapons.smx] Inactive players' data has been deleted
L 02/13/2021 - 13:10:09: [weapons.smx] SQLite DB connection successful
L 02/13/2021 - 13:10:09: [weapons.smx] Inactive players' data has been deleted
L 02/13/2021 - 13:18:41: -------- Mapchange to de_dust2 --------
L 02/13/2021 - 13:18:42: [weapons.smx] Inactive players' data has been deleted
L 02/13/2021 - 17:23:42: SourceMod log file session started (file "C:\ESLSERVER\csgoserver\csgo\addons\sourcemod\logs\L20210213.log") (Version "1.10.0.6502")
L 02/13/2021 - 17:23:42: -------- Mapchange to de_dust2 --------
L 02/13/2021 - 17:23:43: [weapons.smx] Inactive players' data has been deleted
L 02/13/2021 - 17:23:43: [weapons.smx] SQLite DB connection successful
L 02/13/2021 - 17:23:43: [weapons.smx] Inactive players' data has been deleted
L 02/13/2021 - 17:34:30: SourceMod log file session started (file "C:\ESLSERVER\csgoserver\csgo\addons\sourcemod\logs\L20210213.log") (Version "1.10.0.6502")
L 02/13/2021 - 17:34:30: -------- Mapchange to de_dust2 --------
L 02/13/2021 - 17:34:31: [weapons.smx] Inactive players' data has been deleted
L 02/13/2021 - 17:34:31: [weapons.smx] SQLite DB connection successful
L 02/13/2021 - 17:34:31: [weapons.smx] Inactive players' data has been deleted
L 02/13/2021 - 17:51:08: SourceMod log file session started (file "C:\ESLSERVER\csgoserver\csgo\addons\sourcemod\logs\L20210213.log") (Version "1.10.0.6502")
L 02/13/2021 - 17:51:08: -------- Mapchange to de_dust2 --------
L 02/13/2021 - 17:51:09: [weapons.smx] Inactive players' data has been deleted
L 02/13/2021 - 17:51:09: [weapons.smx] SQLite DB connection successful
L 02/13/2021 - 17:51:09: [weapons.smx] Inactive players' data has been deleted
L 02/13/2021 - 17:54:51: SourceMod log file session started (file "C:\ESLSERVER\csgoserver\csgo\addons\sourcemod\logs\L20210213.log") (Version "1.10.0.6502")
L 02/13/2021 - 17:54:51: -------- Mapchange to de_dust2 --------
L 02/13/2021 - 17:54:53: [weapons.smx] SQLite DB connection successful
L 02/13/2021 - 17:54:53: [weapons.smx] Inactive players' data has been deleted
L 02/13/2021 - 17:58:52: -------- Mapchange to de_nuke --------
L 02/13/2021 - 17:58:54: [weapons.smx] Inactive players' data has been deleted
L 02/13/2021 - 23:23:40: SourceMod log file session started (file "C:\ESLSERVER\csgoserver\csgo\addons\sourcemod\logs\L20210213.log") (Version "1.10.0.6502")
L 02/13/2021 - 23:23:40: -------- Mapchange to de_dust2 --------
L 02/13/2021 - 23:23:42: [weapons.smx] SQLite DB connection successful
L 02/13/2021 - 23:23:42: [weapons.smx] Inactive players' data has been deleted
L 02/13/2021 - 23:23:42: [weapons.smx] SQLite DB connection successful
L 02/13/2021 - 23:23:42: [weapons.smx] SQLite DB connection successful
L 02/13/2021 - 23:23:42: [weapons.smx] Inactive players' data has been deleted
L 02/13/2021 - 23:23:42: [weapons.smx] Inactive players' data has been deleted
L 02/13/2021 - 23:24:36: -------- Mapchange to de_cache --------
L 02/13/2021 - 23:24:38: [weapons.smx] Inactive players' data has been deleted
