L 10/02/2022 - 20:48:48: SourceMod log file session started (file "E:\retake\csgoserver\csgo\addons\sourcemod\logs\L20221002.log") (Version "1.12.0.6908")
L 10/02/2022 - 20:48:48: [GEOIP] GeoIP2 database loaded: GeoLite2-City (2019-12-17 20:01:26 UTC) (E:\retake\csgoserver\csgo\addons\sourcemod\configs\geoip\GeoLite2-City.mmdb)
L 10/02/2022 - 20:48:48: [GEOIP] GeoIP2 supported languages: de en es fr ja pt-BR ru zh-CN
L 10/02/2022 - 20:48:48: [GEOIP] Your database is older than 90 days. You should consider downloading a newer version from e.g. https://dev.maxmind.com/geoip/geolite2-free-geolocation-data
L 10/02/2022 - 20:49:31: SourceMod log file session started (file "E:\retake\csgoserver\csgo\addons\sourcemod\logs\L20221002.log") (Version "1.12.0.6908")
L 10/02/2022 - 20:49:31: [GEOIP] GeoIP2 database loaded: GeoLite2-City (2019-12-17 20:01:26 UTC) (E:\retake\csgoserver\csgo\addons\sourcemod\configs\geoip\GeoLite2-City.mmdb)
L 10/02/2022 - 20:49:31: [GEOIP] GeoIP2 supported languages: de en es fr ja pt-BR ru zh-CN
L 10/02/2022 - 20:49:31: [GEOIP] Your database is older than 90 days. You should consider downloading a newer version from e.g. https://dev.maxmind.com/geoip/geolite2-free-geolocation-data
L 10/02/2022 - 20:50:31: SourceMod log file session started (file "E:\retake\csgoserver\csgo\addons\sourcemod\logs\L20221002.log") (Version "1.12.0.6908")
L 10/02/2022 - 20:50:31: [GEOIP] GeoIP2 database loaded: GeoLite2-City (2019-12-17 20:01:26 UTC) (E:\retake\csgoserver\csgo\addons\sourcemod\configs\geoip\GeoLite2-City.mmdb)
L 10/02/2022 - 20:50:31: [GEOIP] GeoIP2 supported languages: de en es fr ja pt-BR ru zh-CN
L 10/02/2022 - 20:50:31: [GEOIP] Your database is older than 90 days. You should consider downloading a newer version from e.g. https://dev.maxmind.com/geoip/geolite2-free-geolocation-data
L 10/02/2022 - 20:51:12: SourceMod log file session started (file "E:\retake\csgoserver\csgo\addons\sourcemod\logs\L20221002.log") (Version "1.12.0.6908")
L 10/02/2022 - 20:51:12: [GEOIP] GeoIP2 database loaded: GeoLite2-City (2019-12-17 20:01:26 UTC) (E:\retake\csgoserver\csgo\addons\sourcemod\configs\geoip\GeoLite2-City.mmdb)
L 10/02/2022 - 20:51:12: [GEOIP] GeoIP2 supported languages: de en es fr ja pt-BR ru zh-CN
L 10/02/2022 - 20:51:12: [GEOIP] Your database is older than 90 days. You should consider downloading a newer version from e.g. https://dev.maxmind.com/geoip/geolite2-free-geolocation-data
L 10/02/2022 - 20:54:18: SourceMod log file session started (file "E:\retake\csgoserver\csgo\addons\sourcemod\logs\L20221002.log") (Version "1.12.0.6908")
L 10/02/2022 - 20:54:18: [GEOIP] GeoIP2 database loaded: GeoLite2-City (2019-12-17 20:01:26 UTC) (E:\retake\csgoserver\csgo\addons\sourcemod\configs\geoip\GeoLite2-City.mmdb)
L 10/02/2022 - 20:54:18: [GEOIP] GeoIP2 supported languages: de en es fr ja pt-BR ru zh-CN
L 10/02/2022 - 20:54:18: [GEOIP] Your database is older than 90 days. You should consider downloading a newer version from e.g. https://dev.maxmind.com/geoip/geolite2-free-geolocation-data
L 10/02/2022 - 20:56:38: SourceMod log file session started (file "E:\retake\csgoserver\csgo\addons\sourcemod\logs\L20221002.log") (Version "1.12.0.6908")
L 10/02/2022 - 20:56:38: [GEOIP] GeoIP2 database loaded: GeoLite2-City (2019-12-17 20:01:26 UTC) (E:\retake\csgoserver\csgo\addons\sourcemod\configs\geoip\GeoLite2-City.mmdb)
L 10/02/2022 - 20:56:38: [GEOIP] GeoIP2 supported languages: de en es fr ja pt-BR ru zh-CN
L 10/02/2022 - 20:56:38: [GEOIP] Your database is older than 90 days. You should consider downloading a newer version from e.g. https://dev.maxmind.com/geoip/geolite2-free-geolocation-data
L 10/02/2022 - 20:56:49: SourceMod log file session started (file "E:\retake\csgoserver\csgo\addons\sourcemod\logs\L20221002.log") (Version "1.12.0.6908")
L 10/02/2022 - 20:56:49: [GEOIP] GeoIP2 database loaded: GeoLite2-City (2019-12-17 20:01:26 UTC) (E:\retake\csgoserver\csgo\addons\sourcemod\configs\geoip\GeoLite2-City.mmdb)
L 10/02/2022 - 20:56:49: [GEOIP] GeoIP2 supported languages: de en es fr ja pt-BR ru zh-CN
L 10/02/2022 - 20:56:49: [GEOIP] Your database is older than 90 days. You should consider downloading a newer version from e.g. https://dev.maxmind.com/geoip/geolite2-free-geolocation-data
L 10/02/2022 - 20:57:18: SourceMod log file session started (file "E:\retake\csgoserver\csgo\addons\sourcemod\logs\L20221002.log") (Version "1.12.0.6908")
L 10/02/2022 - 20:57:18: [GEOIP] GeoIP2 database loaded: GeoLite2-City (2019-12-17 20:01:26 UTC) (E:\retake\csgoserver\csgo\addons\sourcemod\configs\geoip\GeoLite2-City.mmdb)
L 10/02/2022 - 20:57:18: [GEOIP] GeoIP2 supported languages: de en es fr ja pt-BR ru zh-CN
L 10/02/2022 - 20:57:18: [GEOIP] Your database is older than 90 days. You should consider downloading a newer version from e.g. https://dev.maxmind.com/geoip/geolite2-free-geolocation-data
L 10/02/2022 - 20:57:57: SourceMod log file session started (file "E:\retake\csgoserver\csgo\addons\sourcemod\logs\L20221002.log") (Version "1.12.0.6908")
L 10/02/2022 - 20:57:57: [GEOIP] GeoIP2 database loaded: GeoLite2-City (2019-12-17 20:01:26 UTC) (E:\retake\csgoserver\csgo\addons\sourcemod\configs\geoip\GeoLite2-City.mmdb)
L 10/02/2022 - 20:57:57: [GEOIP] GeoIP2 supported languages: de en es fr ja pt-BR ru zh-CN
L 10/02/2022 - 20:57:57: [GEOIP] Your database is older than 90 days. You should consider downloading a newer version from e.g. https://dev.maxmind.com/geoip/geolite2-free-geolocation-data
L 10/02/2022 - 20:59:27: SourceMod log file session started (file "e:\retake\csgoserver\csgo\addons\sourcemod\logs\L20221002.log") (Version "1.12.0.6908")
L 10/02/2022 - 20:59:27: [GEOIP] GeoIP2 database loaded: GeoLite2-City (2019-12-17 20:01:26 UTC) (e:\retake\csgoserver\csgo\addons\sourcemod\configs\geoip\GeoLite2-City.mmdb)
L 10/02/2022 - 20:59:27: [GEOIP] GeoIP2 supported languages: de en es fr ja pt-BR ru zh-CN
L 10/02/2022 - 20:59:27: [GEOIP] Your database is older than 90 days. You should consider downloading a newer version from e.g. https://dev.maxmind.com/geoip/geolite2-free-geolocation-data
L 10/02/2022 - 20:59:32: [weapons.smx] SQLite DB connection successful
L 10/02/2022 - 20:59:32: [weapons.smx] Inactive players' data has been deleted
L 10/02/2022 - 21:00:59: SourceMod log file session started (file "e:\retake\csgoserver\csgo\addons\sourcemod\logs\L20221002.log") (Version "1.12.0.6908")
L 10/02/2022 - 21:00:59: [GEOIP] GeoIP2 database loaded: GeoLite2-City (2019-12-17 20:01:26 UTC) (e:\retake\csgoserver\csgo\addons\sourcemod\configs\geoip\GeoLite2-City.mmdb)
L 10/02/2022 - 21:00:59: [GEOIP] GeoIP2 supported languages: de en es fr ja pt-BR ru zh-CN
L 10/02/2022 - 21:00:59: [GEOIP] Your database is older than 90 days. You should consider downloading a newer version from e.g. https://dev.maxmind.com/geoip/geolite2-free-geolocation-data
L 10/02/2022 - 21:01:03: [weapons.smx] SQLite DB connection successful
L 10/02/2022 - 21:01:03: [weapons.smx] Inactive players' data has been deleted
L 10/02/2022 - 21:01:29: -------- Mapchange to de_mirage --------
L 10/02/2022 - 21:01:30: [weapons.smx] Inactive players' data has been deleted
L 10/02/2022 - 21:04:34: SourceMod log file session started (file "E:\retake\csgoserver\csgo\addons\sourcemod\logs\L20221002.log") (Version "1.11.0.6911")
L 10/02/2022 - 21:04:34: [GEOIP] GeoIP2 database loaded: GeoLite2-City (2019-12-17 20:01:26 UTC) (E:\retake\csgoserver\csgo\addons\sourcemod\configs\geoip\GeoLite2-City.mmdb)
L 10/02/2022 - 21:04:34: [GEOIP] GeoIP2 supported languages: de en es fr ja pt-BR ru zh-CN
L 10/02/2022 - 21:04:34: [GEOIP] Your database is older than 90 days. You should consider downloading a newer version from e.g. https://dev.maxmind.com/geoip/geolite2-free-geolocation-data
L 10/02/2022 - 21:06:18: SourceMod log file session started (file "E:\retake\csgoserver\csgo\addons\sourcemod\logs\L20221002.log") (Version "1.11.0.6911")
L 10/02/2022 - 21:06:18: [GEOIP] GeoIP2 database loaded: GeoLite2-City (2019-12-17 20:01:26 UTC) (E:\retake\csgoserver\csgo\addons\sourcemod\configs\geoip\GeoLite2-City.mmdb)
L 10/02/2022 - 21:06:18: [GEOIP] GeoIP2 supported languages: de en es fr ja pt-BR ru zh-CN
L 10/02/2022 - 21:06:18: [GEOIP] Your database is older than 90 days. You should consider downloading a newer version from e.g. https://dev.maxmind.com/geoip/geolite2-free-geolocation-data
L 10/02/2022 - 21:18:07: SourceMod log file session started (file "E:\retake\csgoserver\csgo\addons\sourcemod\logs\L20221002.log") (Version "1.11.0.6911")
L 10/02/2022 - 21:18:07: [GEOIP] GeoIP2 database loaded: GeoLite2-City (2019-12-17 20:01:26 UTC) (E:\retake\csgoserver\csgo\addons\sourcemod\configs\geoip\GeoLite2-City.mmdb)
L 10/02/2022 - 21:18:07: [GEOIP] GeoIP2 supported languages: de en es fr ja pt-BR ru zh-CN
L 10/02/2022 - 21:18:07: [GEOIP] Your database is older than 90 days. You should consider downloading a newer version from e.g. https://dev.maxmind.com/geoip/geolite2-free-geolocation-data
