L 12/09/2021 - 18:08:22: SourceMod log file session started (file "E:\retake\csgoserver\csgo\addons\sourcemod\logs\L20211209.log") (Version "1.11.0.6713")
L 12/09/2021 - 18:08:22: [GEOIP] GeoIP2 database loaded: GeoLite2-City (2019-12-17 20:01:26 UTC)
L 12/09/2021 - 18:08:22: [GEOIP] GeoIP2 supported languages: de en es fr ja pt-BR ru zh-CN
L 12/09/2021 - 18:10:52: SourceMod log file session started (file "E:\retake\csgoserver\csgo\addons\sourcemod\logs\L20211209.log") (Version "1.11.0.6713")
L 12/09/2021 - 18:10:52: [GEOIP] GeoIP2 database loaded: GeoLite2-City (2019-12-17 20:01:26 UTC)
L 12/09/2021 - 18:10:52: [GEOIP] GeoIP2 supported languages: de en es fr ja pt-BR ru zh-CN
L 12/09/2021 - 18:10:59: -------- Mapchange to de_mirage --------
L 12/09/2021 - 18:11:01: [weapons.smx] SQLite DB connection successful
L 12/09/2021 - 18:11:01: [weapons.smx] Inactive players' data has been deleted
L 12/09/2021 - 18:11:01: [weapons.smx] SQLite DB connection successful
L 12/09/2021 - 18:11:01: [weapons.smx] SQLite DB connection successful
L 12/09/2021 - 18:11:01: [weapons.smx] Inactive players' data has been deleted
L 12/09/2021 - 18:11:01: [weapons.smx] Inactive players' data has been deleted
L 12/09/2021 - 19:52:32: SourceMod log file session started (file "E:\retake\csgoserver\csgo\addons\sourcemod\logs\L20211209.log") (Version "1.11.0.6713")
L 12/09/2021 - 19:52:32: [GEOIP] GeoIP2 database loaded: GeoLite2-City (2019-12-17 20:01:26 UTC)
L 12/09/2021 - 19:52:32: [GEOIP] GeoIP2 supported languages: de en es fr ja pt-BR ru zh-CN
L 12/09/2021 - 19:54:13: -------- Mapchange to de_mirage --------
L 12/09/2021 - 19:54:15: [weapons.smx] SQLite DB connection successful
L 12/09/2021 - 19:54:15: [weapons.smx] Inactive players' data has been deleted
L 12/09/2021 - 20:27:28: -------- Mapchange to de_cache --------
L 12/09/2021 - 20:27:30: [weapons.smx] Inactive players' data has been deleted
