L 10/12/2021 - 02:39:44: SourceMod log file session started (file "E:\retake\csgoserver\csgo\addons\sourcemod\logs\L20211012.log") (Version "1.11.0.6713")
L 10/12/2021 - 02:39:44: [GEOIP] GeoIP2 database loaded: GeoLite2-City (2019-12-17 20:01:26 UTC)
L 10/12/2021 - 02:39:44: [GEOIP] GeoIP2 supported languages: de en es fr ja pt-BR ru zh-CN
L 10/12/2021 - 02:40:16: -------- Mapchange to de_dust2 --------
L 10/12/2021 - 02:40:18: [weapons.smx] SQLite DB connection successful
L 10/12/2021 - 02:40:18: [weapons.smx] Inactive players' data has been deleted
L 10/12/2021 - 02:40:18: [weapons.smx] SQLite DB connection successful
L 10/12/2021 - 02:40:18: [weapons.smx] SQLite DB connection successful
L 10/12/2021 - 02:40:18: [weapons.smx] Inactive players' data has been deleted
L 10/12/2021 - 02:40:18: [weapons.smx] Inactive players' data has been deleted
L 10/12/2021 - 02:42:50: -------- Mapchange to de_mirage --------
L 10/12/2021 - 02:42:54: [weapons.smx] Inactive players' data has been deleted
L 10/12/2021 - 02:59:24: -------- Mapchange to de_inferno --------
L 10/12/2021 - 02:59:26: [weapons.smx] Inactive players' data has been deleted
L 10/12/2021 - 03:31:34: SourceMod log file session started (file "E:\retake\csgoserver\csgo\addons\sourcemod\logs\L20211012.log") (Version "1.11.0.6713")
L 10/12/2021 - 03:31:34: [GEOIP] GeoIP2 database loaded: GeoLite2-City (2019-12-17 20:01:26 UTC)
L 10/12/2021 - 03:31:34: [GEOIP] GeoIP2 supported languages: de en es fr ja pt-BR ru zh-CN
L 10/12/2021 - 03:33:50: -------- Mapchange to de_canals --------
L 10/12/2021 - 03:33:59: -------- Mapchange to de_canals --------
L 10/12/2021 - 03:34:01: [weapons.smx] Inactive players' data has been deleted
L 10/12/2021 - 03:34:01: [weapons.smx] SQLite DB connection successful
L 10/12/2021 - 03:34:02: [weapons.smx] Inactive players' data has been deleted
