L 02/18/2021 - 01:38:18: SourceMod log file session started (file "C:\ESLSERVER\csgoserver\csgo\addons\sourcemod\logs\L20210218.log") (Version "1.10.0.6502")
L 02/18/2021 - 01:38:18: -------- Mapchange to de_vertigo --------
L 02/18/2021 - 02:10:22: SourceMod log file session started (file "C:\ESLSERVER\csgoserver\csgo\addons\sourcemod\logs\L20210218.log") (Version "1.10.0.6502")
L 02/18/2021 - 02:10:22: -------- Mapchange to de_vertigo --------
L 02/18/2021 - 02:10:24: [weapons.smx] SQLite DB connection successful
L 02/18/2021 - 02:10:24: [weapons.smx] Inactive players' data has been deleted
L 02/18/2021 - 02:11:41: -------- Mapchange to de_dust2 --------
L 02/18/2021 - 02:11:42: [weapons.smx] Inactive players' data has been deleted
L 02/18/2021 - 02:15:06: SourceMod log file session started (file "C:\ESLSERVER\csgoserver\csgo\addons\sourcemod\logs\L20210218.log") (Version "1.10.0.6502")
L 02/18/2021 - 02:15:06: -------- Mapchange to de_vertigo --------
L 02/18/2021 - 02:15:07: [weapons.smx] Inactive players' data has been deleted
L 02/18/2021 - 02:15:07: [weapons.smx] SQLite DB connection successful
L 02/18/2021 - 02:15:07: [weapons.smx] Inactive players' data has been deleted
L 02/18/2021 - 02:15:28: -------- Mapchange to de_dust2 --------
L 02/18/2021 - 02:15:29: [weapons.smx] Inactive players' data has been deleted
L 02/18/2021 - 11:56:12: SourceMod log file session started (file "C:\ESLSERVER\csgoserver\csgo\addons\sourcemod\logs\L20210218.log") (Version "1.10.0.6502")
L 02/18/2021 - 11:56:12: -------- Mapchange to de_vertigo --------
L 02/18/2021 - 11:56:13: [weapons.smx] Inactive players' data has been deleted
L 02/18/2021 - 11:56:13: [weapons.smx] SQLite DB connection successful
L 02/18/2021 - 11:56:13: [weapons.smx] Inactive players' data has been deleted
L 02/18/2021 - 11:57:19: -------- Mapchange to de_inferno --------
L 02/18/2021 - 11:57:21: [weapons.smx] Inactive players' data has been deleted
L 02/18/2021 - 12:41:49: SourceMod log file session started (file "C:\ESLSERVER\csgoserver\csgo\addons\sourcemod\logs\L20210218.log") (Version "1.10.0.6502")
L 02/18/2021 - 12:41:49: -------- Mapchange to de_mirage --------
L 02/18/2021 - 12:41:50: [weapons.smx] Inactive players' data has been deleted
L 02/18/2021 - 12:41:51: [weapons.smx] SQLite DB connection successful
L 02/18/2021 - 12:41:51: [weapons.smx] Inactive players' data has been deleted
L 02/18/2021 - 17:44:44: SourceMod log file session started (file "C:\ESLSERVER\csgoserver\csgo\addons\sourcemod\logs\L20210218.log") (Version "1.10.0.6502")
L 02/18/2021 - 17:44:44: -------- Mapchange to de_cache --------
L 02/18/2021 - 17:44:45: [weapons.smx] Inactive players' data has been deleted
L 02/18/2021 - 17:44:46: [weapons.smx] SQLite DB connection successful
L 02/18/2021 - 17:44:46: [weapons.smx] Inactive players' data has been deleted
L 02/18/2021 - 22:29:27: SourceMod log file session started (file "C:\ESLSERVER\csgoserver\csgo\addons\sourcemod\logs\L20210218.log") (Version "1.10.0.6502")
L 02/18/2021 - 22:29:27: -------- Mapchange to de_cache --------
L 02/18/2021 - 22:29:28: [weapons.smx] Inactive players' data has been deleted
L 02/18/2021 - 22:29:29: [weapons.smx] SQLite DB connection successful
L 02/18/2021 - 22:29:29: [weapons.smx] Inactive players' data has been deleted
