L 02/14/2021 - 00:05:12: SourceMod log file session started (file "C:\ESLSERVER\csgoserver\csgo\addons\sourcemod\logs\L20210214.log") (Version "1.10.0.6502")
L 02/14/2021 - 00:05:12: -------- Mapchange to de_dust2 --------
L 02/14/2021 - 00:05:13: [weapons.smx] Inactive players' data has been deleted
L 02/14/2021 - 00:05:13: [weapons.smx] SQLite DB connection successful
L 02/14/2021 - 00:05:13: [weapons.smx] Inactive players' data has been deleted
L 02/14/2021 - 14:15:02: SourceMod log file session started (file "C:\ESLSERVER\csgoserver\csgo\addons\sourcemod\logs\L20210214.log") (Version "1.10.0.6502")
L 02/14/2021 - 14:15:02: -------- Mapchange to de_dust2 --------
L 02/14/2021 - 14:15:03: [weapons.smx] Inactive players' data has been deleted
L 02/14/2021 - 14:15:03: [weapons.smx] SQLite DB connection successful
L 02/14/2021 - 14:15:03: [weapons.smx] Inactive players' data has been deleted
L 02/14/2021 - 21:19:28: SourceMod log file session started (file "C:\ESLSERVER\csgoserver\csgo\addons\sourcemod\logs\L20210214.log") (Version "1.10.0.6502")
L 02/14/2021 - 21:19:28: -------- Mapchange to de_dust2 --------
L 02/14/2021 - 21:19:29: [weapons.smx] Inactive players' data has been deleted
L 02/14/2021 - 21:19:29: [weapons.smx] SQLite DB connection successful
L 02/14/2021 - 21:19:29: [weapons.smx] Inactive players' data has been deleted
L 02/14/2021 - 21:47:36: -------- Mapchange to de_dust2 --------
L 02/14/2021 - 21:47:37: [weapons.smx] Inactive players' data has been deleted
L 02/14/2021 - 22:07:20: SourceMod log file session started (file "C:\ESLSERVER\csgoserver\csgo\addons\sourcemod\logs\L20210214.log") (Version "1.10.0.6502")
L 02/14/2021 - 22:07:20: -------- Mapchange to de_dust2 --------
L 02/14/2021 - 22:07:21: [weapons.smx] Inactive players' data has been deleted
L 02/14/2021 - 22:07:21: [weapons.smx] SQLite DB connection successful
L 02/14/2021 - 22:07:21: [weapons.smx] Inactive players' data has been deleted
L 02/14/2021 - 22:07:47: -------- Mapchange to de_overpass --------
L 02/14/2021 - 22:07:48: [weapons.smx] Inactive players' data has been deleted
L 02/14/2021 - 22:49:30: SourceMod log file session started (file "C:\ESLSERVER\csgoserver\csgo\addons\sourcemod\logs\L20210214.log") (Version "1.10.0.6502")
L 02/14/2021 - 22:49:30: -------- Mapchange to de_dust2 --------
L 02/14/2021 - 22:49:31: [weapons.smx] SQLite DB connection successful
L 02/14/2021 - 22:49:32: [weapons.smx] Inactive players' data has been deleted
L 02/14/2021 - 22:49:32: [weapons.smx] SQLite DB connection successful
L 02/14/2021 - 22:49:32: [weapons.smx] SQLite DB connection successful
L 02/14/2021 - 22:49:32: [weapons.smx] Inactive players' data has been deleted
L 02/14/2021 - 22:49:32: [weapons.smx] Inactive players' data has been deleted
L 02/14/2021 - 22:52:47: SourceMod log file session started (file "C:\ESLSERVER\csgoserver\csgo\addons\sourcemod\logs\L20210214.log") (Version "1.10.0.6502")
L 02/14/2021 - 22:52:47: -------- Mapchange to de_dust2 --------
L 02/14/2021 - 22:52:48: [weapons.smx] Inactive players' data has been deleted
L 02/14/2021 - 22:52:48: [weapons.smx] SQLite DB connection successful
L 02/14/2021 - 22:52:48: [weapons.smx] Inactive players' data has been deleted
L 02/14/2021 - 23:15:28: [SM] Changed map to "cs_office"
L 02/14/2021 - 23:15:29: -------- Mapchange to cs_office --------
L 02/14/2021 - 23:15:30: [weapons.smx] Inactive players' data has been deleted
