L 05/25/2021 - 12:11:43: SourceMod log file session started (file "C:\ESLSERVER\csgoserver\csgo\addons\sourcemod\logs\L20210525.log") (Version "1.10.0.6502")
L 05/25/2021 - 12:11:43: [GEOIP] GeoIP database info: GEO-106FREE 20180327 Build 1 Copyright (c) 2018 MaxMind Inc All Rights Reserved
L 05/25/2021 - 12:16:18: SourceMod log file session started (file "C:\ESLSERVER\csgoserver\csgo\addons\sourcemod\logs\L20210525.log") (Version "1.10.0.6502")
L 05/25/2021 - 12:16:18: [GEOIP] GeoIP database info: GEO-106FREE 20180327 Build 1 Copyright (c) 2018 MaxMind Inc All Rights Reserved
L 05/25/2021 - 12:17:49: -------- Mapchange to de_nuke --------
L 05/25/2021 - 12:17:50: [weapons.smx] Inactive players' data has been deleted
L 05/25/2021 - 12:17:50: [weapons.smx] SQLite DB connection successful
L 05/25/2021 - 12:17:50: [weapons.smx] Inactive players' data has been deleted
L 05/25/2021 - 12:18:50: -------- Mapchange to de_vertigo --------
L 05/25/2021 - 12:18:51: [weapons.smx] Inactive players' data has been deleted
L 05/25/2021 - 20:28:11: SourceMod log file session started (file "C:\ESLSERVER\csgoserver\csgo\addons\sourcemod\logs\L20210525.log") (Version "1.10.0.6502")
L 05/25/2021 - 20:28:11: [GEOIP] GeoIP database info: GEO-106FREE 20180327 Build 1 Copyright (c) 2018 MaxMind Inc All Rights Reserved
L 05/25/2021 - 20:28:59: -------- Mapchange to de_nuke --------
L 05/25/2021 - 20:29:00: [weapons.smx] SQLite DB connection successful
L 05/25/2021 - 20:29:00: [weapons.smx] Inactive players' data has been deleted
L 05/25/2021 - 20:29:00: [weapons.smx] SQLite DB connection successful
L 05/25/2021 - 20:29:00: [weapons.smx] SQLite DB connection successful
L 05/25/2021 - 20:29:01: [weapons.smx] Inactive players' data has been deleted
L 05/25/2021 - 20:29:01: [weapons.smx] Inactive players' data has been deleted
L 05/25/2021 - 20:30:25: -------- Mapchange to de_mirage --------
L 05/25/2021 - 20:30:26: [weapons.smx] Inactive players' data has been deleted
