L 02/26/2021 - 02:58:02: SourceMod log file session started (file "C:\ESLSERVER\csgoserver\csgo\addons\sourcemod\logs\L20210226.log") (Version "1.10.0.6502")
L 02/26/2021 - 02:58:02: -------- Mapchange to de_vertigo --------
L 02/26/2021 - 03:00:01: SourceMod log file session started (file "C:\ESLSERVER\csgoserver\csgo\addons\sourcemod\logs\L20210226.log") (Version "1.10.0.6502")
L 02/26/2021 - 03:00:01: -------- Mapchange to de_vertigo --------
L 02/26/2021 - 03:00:02: [weapons.smx] SQLite DB connection successful
L 02/26/2021 - 03:00:03: [weapons.smx] Inactive players' data has been deleted
L 02/26/2021 - 03:03:44: SourceMod log file session started (file "C:\ESLSERVER\csgoserver\csgo\addons\sourcemod\logs\L20210226.log") (Version "1.10.0.6502")
L 02/26/2021 - 03:03:44: -------- Mapchange to de_vertigo --------
L 02/26/2021 - 03:03:45: [weapons.smx] SQLite DB connection successful
L 02/26/2021 - 03:03:45: [weapons.smx] Inactive players' data has been deleted
L 02/26/2021 - 03:03:45: [weapons.smx] SQLite DB connection successful
L 02/26/2021 - 03:03:45: [weapons.smx] SQLite DB connection successful
L 02/26/2021 - 03:03:45: [weapons.smx] Inactive players' data has been deleted
L 02/26/2021 - 03:03:45: [weapons.smx] Inactive players' data has been deleted
L 02/26/2021 - 13:37:55: SourceMod log file session started (file "C:\ESLSERVER\csgoserver\csgo\addons\sourcemod\logs\L20210226.log") (Version "1.10.0.6502")
L 02/26/2021 - 13:37:55: -------- Mapchange to de_vertigo --------
L 02/26/2021 - 13:37:56: [weapons.smx] Inactive players' data has been deleted
L 02/26/2021 - 13:37:57: [weapons.smx] SQLite DB connection successful
L 02/26/2021 - 13:37:57: [weapons.smx] Inactive players' data has been deleted
L 02/26/2021 - 13:43:15: SourceMod log file session started (file "C:\ESLSERVER\csgoserver\csgo\addons\sourcemod\logs\L20210226.log") (Version "1.10.0.6502")
L 02/26/2021 - 13:43:15: -------- Mapchange to de_vertigo --------
L 02/26/2021 - 13:43:16: [weapons.smx] Inactive players' data has been deleted
L 02/26/2021 - 13:43:16: [weapons.smx] SQLite DB connection successful
L 02/26/2021 - 13:43:16: [weapons.smx] Inactive players' data has been deleted
L 02/26/2021 - 13:47:15: SourceMod log file session started (file "C:\ESLSERVER\csgoserver\csgo\addons\sourcemod\logs\L20210226.log") (Version "1.10.0.6502")
L 02/26/2021 - 13:47:15: -------- Mapchange to de_vertigo --------
L 02/26/2021 - 13:47:16: [weapons.smx] SQLite DB connection successful
L 02/26/2021 - 13:47:16: [weapons.smx] Inactive players' data has been deleted
L 02/26/2021 - 13:53:38: SourceMod log file session started (file "C:\ESLSERVER\csgoserver\csgo\addons\sourcemod\logs\L20210226.log") (Version "1.10.0.6502")
L 02/26/2021 - 13:53:38: -------- Mapchange to de_vertigo --------
L 02/26/2021 - 13:53:39: [weapons.smx] Inactive players' data has been deleted
L 02/26/2021 - 13:53:39: [weapons.smx] SQLite DB connection successful
L 02/26/2021 - 13:53:39: [weapons.smx] Inactive players' data has been deleted
L 02/26/2021 - 14:01:05: SourceMod log file session started (file "C:\ESLSERVER\csgoserver\csgo\addons\sourcemod\logs\L20210226.log") (Version "1.10.0.6502")
L 02/26/2021 - 14:01:05: -------- Mapchange to de_vertigo --------
L 02/26/2021 - 14:01:06: [weapons.smx] Inactive players' data has been deleted
L 02/26/2021 - 14:01:07: [weapons.smx] SQLite DB connection successful
L 02/26/2021 - 14:01:07: [weapons.smx] Inactive players' data has been deleted
L 02/26/2021 - 14:03:52: SourceMod log file session started (file "C:\ESLSERVER\csgoserver\csgo\addons\sourcemod\logs\L20210226.log") (Version "1.10.0.6502")
L 02/26/2021 - 14:03:52: -------- Mapchange to de_vertigo --------
L 02/26/2021 - 14:03:53: [weapons.smx] Inactive players' data has been deleted
L 02/26/2021 - 14:03:54: [weapons.smx] SQLite DB connection successful
L 02/26/2021 - 14:03:54: [weapons.smx] Inactive players' data has been deleted
L 02/26/2021 - 14:05:31: SourceMod log file session started (file "C:\ESLSERVER\csgoserver\csgo\addons\sourcemod\logs\L20210226.log") (Version "1.10.0.6502")
L 02/26/2021 - 14:05:31: -------- Mapchange to de_vertigo --------
L 02/26/2021 - 14:05:32: [weapons.smx] Inactive players' data has been deleted
L 02/26/2021 - 14:05:33: [weapons.smx] SQLite DB connection successful
L 02/26/2021 - 14:05:33: [weapons.smx] Inactive players' data has been deleted
L 02/26/2021 - 14:14:25: SourceMod log file session started (file "C:\ESLSERVER\csgoserver\csgo\addons\sourcemod\logs\L20210226.log") (Version "1.10.0.6502")
L 02/26/2021 - 14:14:25: -------- Mapchange to de_vertigo --------
L 02/26/2021 - 14:14:26: [weapons.smx] Inactive players' data has been deleted
L 02/26/2021 - 14:14:26: [weapons.smx] SQLite DB connection successful
L 02/26/2021 - 14:14:26: [weapons.smx] Inactive players' data has been deleted
L 02/26/2021 - 14:18:54: SourceMod log file session started (file "C:\ESLSERVER\csgoserver\csgo\addons\sourcemod\logs\L20210226.log") (Version "1.10.0.6502")
L 02/26/2021 - 14:18:54: -------- Mapchange to de_vertigo --------
L 02/26/2021 - 14:18:55: [weapons.smx] SQLite DB connection successful
L 02/26/2021 - 14:18:55: [weapons.smx] Inactive players' data has been deleted
L 02/26/2021 - 14:26:45: SourceMod log file session started (file "C:\ESLSERVER\csgoserver\csgo\addons\sourcemod\logs\L20210226.log") (Version "1.10.0.6502")
L 02/26/2021 - 14:26:45: -------- Mapchange to de_dust2 --------
L 02/26/2021 - 14:26:46: [weapons.smx] SQLite DB connection successful
L 02/26/2021 - 14:26:46: [weapons.smx] Inactive players' data has been deleted
L 02/26/2021 - 14:26:46: [weapons.smx] SQLite DB connection successful
L 02/26/2021 - 14:26:46: [weapons.smx] SQLite DB connection successful
L 02/26/2021 - 14:26:46: [weapons.smx] Inactive players' data has been deleted
L 02/26/2021 - 14:26:46: [weapons.smx] Inactive players' data has been deleted
L 02/26/2021 - 15:06:46: SourceMod log file session started (file "C:\ESLSERVER\csgoserver\csgo\addons\sourcemod\logs\L20210226.log") (Version "1.10.0.6502")
L 02/26/2021 - 15:06:46: -------- Mapchange to de_dust2 --------
L 02/26/2021 - 15:06:47: [weapons.smx] Inactive players' data has been deleted
L 02/26/2021 - 15:06:47: [weapons.smx] SQLite DB connection successful
L 02/26/2021 - 15:06:47: [weapons.smx] Inactive players' data has been deleted
L 02/26/2021 - 16:31:30: SourceMod log file session started (file "C:\ESLSERVER\csgoserver\csgo\addons\sourcemod\logs\L20210226.log") (Version "1.10.0.6502")
L 02/26/2021 - 16:31:30: -------- Mapchange to de_train --------
L 02/26/2021 - 16:31:32: [weapons.smx] SQLite DB connection successful
L 02/26/2021 - 16:31:32: [weapons.smx] Inactive players' data has been deleted
L 02/26/2021 - 16:42:25: -------- Mapchange to de_train --------
L 02/26/2021 - 16:42:26: [weapons.smx] Inactive players' data has been deleted
