L 09/25/2021 - 00:31:15: SourceMod log file session started (file "E:\retake\csgoserver\csgo\addons\sourcemod\logs\L20210925.log") (Version "1.11.0.6713")
L 09/25/2021 - 00:31:15: [GEOIP] GeoIP2 database loaded: GeoLite2-City (2019-12-17 20:01:26 UTC)
L 09/25/2021 - 00:31:15: [GEOIP] GeoIP2 supported languages: de en es fr ja pt-BR ru zh-CN
L 09/25/2021 - 00:32:04: -------- Mapchange to de_dust2 --------
L 09/25/2021 - 00:32:07: [weapons.smx] SQLite DB connection successful
L 09/25/2021 - 00:32:07: [weapons.smx] Inactive players' data has been deleted
L 09/25/2021 - 00:52:36: -------- Mapchange to de_mirage --------
L 09/25/2021 - 00:52:41: [weapons.smx] Inactive players' data has been deleted
L 09/25/2021 - 04:16:50: SourceMod log file session started (file "E:\retake\csgoserver\csgo\addons\sourcemod\logs\L20210925.log") (Version "1.11.0.6713")
L 09/25/2021 - 04:16:50: [GEOIP] GeoIP2 database loaded: GeoLite2-City (2019-12-17 20:01:26 UTC)
L 09/25/2021 - 04:16:50: [GEOIP] GeoIP2 supported languages: de en es fr ja pt-BR ru zh-CN
L 09/25/2021 - 04:17:40: -------- Mapchange to de_dust2 --------
L 09/25/2021 - 04:17:42: [weapons.smx] Inactive players' data has been deleted
L 09/25/2021 - 04:17:42: [weapons.smx] SQLite DB connection successful
L 09/25/2021 - 04:17:42: [weapons.smx] Inactive players' data has been deleted
L 09/25/2021 - 18:42:51: SourceMod log file session started (file "E:\retake\csgoserver\csgo\addons\sourcemod\logs\L20210925.log") (Version "1.11.0.6713")
L 09/25/2021 - 18:42:51: [GEOIP] GeoIP2 database loaded: GeoLite2-City (2019-12-17 20:01:26 UTC)
L 09/25/2021 - 18:42:51: [GEOIP] GeoIP2 supported languages: de en es fr ja pt-BR ru zh-CN
L 09/25/2021 - 18:43:54: -------- Mapchange to de_mirage --------
L 09/25/2021 - 18:58:33: SourceMod log file session started (file "E:\retake\csgoserver\csgo\addons\sourcemod\logs\L20210925.log") (Version "1.11.0.6713")
L 09/25/2021 - 18:58:33: [GEOIP] GeoIP2 database loaded: GeoLite2-City (2019-12-17 20:01:26 UTC)
L 09/25/2021 - 18:58:33: [GEOIP] GeoIP2 supported languages: de en es fr ja pt-BR ru zh-CN
L 09/25/2021 - 18:58:48: -------- Mapchange to de_mirage --------
L 09/25/2021 - 18:59:03: -------- Mapchange to de_mirage --------
L 09/25/2021 - 18:59:06: [weapons.smx] SQLite DB connection successful
L 09/25/2021 - 18:59:06: [weapons.smx] Inactive players' data has been deleted
L 09/25/2021 - 22:35:34: SourceMod log file session started (file "E:\retake\csgoserver\csgo\addons\sourcemod\logs\L20210925.log") (Version "1.11.0.6713")
L 09/25/2021 - 22:35:34: [GEOIP] GeoIP2 database loaded: GeoLite2-City (2019-12-17 20:01:26 UTC)
L 09/25/2021 - 22:35:34: [GEOIP] GeoIP2 supported languages: de en es fr ja pt-BR ru zh-CN
L 09/25/2021 - 22:38:18: -------- Mapchange to de_dust2 --------
L 09/25/2021 - 22:38:20: [weapons.smx] SQLite DB connection successful
L 09/25/2021 - 22:38:20: [weapons.smx] Inactive players' data has been deleted
L 09/25/2021 - 22:38:20: [weapons.smx] SQLite DB connection successful
L 09/25/2021 - 22:38:20: [weapons.smx] SQLite DB connection successful
L 09/25/2021 - 22:38:20: [weapons.smx] Inactive players' data has been deleted
L 09/25/2021 - 22:38:20: [weapons.smx] Inactive players' data has been deleted
