L 04/11/2022 - 22:49:47: SourceMod log file session started (file "E:\retake\csgoserver\csgo\addons\sourcemod\logs\L20220411.log") (Version "1.11.0.6713")
L 04/11/2022 - 22:49:47: [GEOIP] GeoIP2 database loaded: GeoLite2-City (2019-12-17 20:01:26 UTC)
L 04/11/2022 - 22:49:47: [GEOIP] GeoIP2 supported languages: de en es fr ja pt-BR ru zh-CN
L 04/11/2022 - 22:50:18: -------- Mapchange to de_mirage --------
L 04/11/2022 - 22:50:21: [weapons.smx] SQLite DB connection successful
L 04/11/2022 - 22:50:21: [weapons.smx] Inactive players' data has been deleted
L 04/11/2022 - 23:15:25: SourceMod log file session started (file "E:\retake\csgoserver\csgo\addons\sourcemod\logs\L20220411.log") (Version "1.11.0.6713")
L 04/11/2022 - 23:15:25: [GEOIP] GeoIP2 database loaded: GeoLite2-City (2019-12-17 20:01:26 UTC)
L 04/11/2022 - 23:15:25: [GEOIP] GeoIP2 supported languages: de en es fr ja pt-BR ru zh-CN
L 04/11/2022 - 23:15:51: -------- Mapchange to de_mirage --------
L 04/11/2022 - 23:15:52: [weapons.smx] SQLite DB connection successful
L 04/11/2022 - 23:15:53: [weapons.smx] Inactive players' data has been deleted
L 04/11/2022 - 23:15:53: [weapons.smx] SQLite DB connection successful
L 04/11/2022 - 23:15:53: [weapons.smx] SQLite DB connection successful
L 04/11/2022 - 23:15:53: [weapons.smx] Inactive players' data has been deleted
L 04/11/2022 - 23:15:53: [weapons.smx] Inactive players' data has been deleted
L 04/11/2022 - 23:17:54: SourceMod log file session started (file "E:\retake\csgoserver\csgo\addons\sourcemod\logs\L20220411.log") (Version "1.11.0.6713")
L 04/11/2022 - 23:17:54: [GEOIP] GeoIP2 database loaded: GeoLite2-City (2019-12-17 20:01:26 UTC)
L 04/11/2022 - 23:17:54: [GEOIP] GeoIP2 supported languages: de en es fr ja pt-BR ru zh-CN
L 04/11/2022 - 23:17:59: -------- Mapchange to de_mirage --------
L 04/11/2022 - 23:18:01: [weapons.smx] SQLite DB connection successful
L 04/11/2022 - 23:18:01: [weapons.smx] Inactive players' data has been deleted
L 04/11/2022 - 23:18:01: [weapons.smx] SQLite DB connection successful
L 04/11/2022 - 23:18:01: [weapons.smx] SQLite DB connection successful
L 04/11/2022 - 23:18:01: [weapons.smx] Inactive players' data has been deleted
L 04/11/2022 - 23:18:01: [weapons.smx] Inactive players' data has been deleted
L 04/12/2022 - 00:00:17: Log file closed.
