L 12/19/2022 - 01:02:22: SourceMod log file session started (file "F:\CSRetake\csgo_server\csgo\addons\sourcemod\logs\L20221219.log") (Version "1.11.0.6911")
L 12/19/2022 - 01:02:22: [GEOIP] GeoIP2 database loaded: GeoLite2-City (2019-12-17 20:01:26 UTC) (F:\CSRetake\csgo_server\csgo\addons\sourcemod\configs\geoip\GeoLite2-City.mmdb)
L 12/19/2022 - 01:02:22: [GEOIP] GeoIP2 supported languages: de en es fr ja pt-BR ru zh-CN
L 12/19/2022 - 01:02:22: [GEOIP] Your database is older than 90 days. You should consider downloading a newer version from e.g. https://dev.maxmind.com/geoip/geolite2-free-geolocation-data
L 12/19/2022 - 01:03:40: SourceMod log file session started (file "F:\CSRetake\csgo_server\csgo\addons\sourcemod\logs\L20221219.log") (Version "1.11.0.6911")
L 12/19/2022 - 01:03:40: [GEOIP] GeoIP2 database loaded: GeoLite2-City (2019-12-17 20:01:26 UTC) (F:\CSRetake\csgo_server\csgo\addons\sourcemod\configs\geoip\GeoLite2-City.mmdb)
L 12/19/2022 - 01:03:40: [GEOIP] GeoIP2 supported languages: de en es fr ja pt-BR ru zh-CN
L 12/19/2022 - 01:03:40: [GEOIP] Your database is older than 90 days. You should consider downloading a newer version from e.g. https://dev.maxmind.com/geoip/geolite2-free-geolocation-data
L 12/19/2022 - 01:05:21: SourceMod log file session started (file "F:\CSRetake\csgo_server\csgo\addons\sourcemod\logs\L20221219.log") (Version "1.11.0.6911")
L 12/19/2022 - 01:05:21: [GEOIP] GeoIP2 database loaded: GeoLite2-City (2019-12-17 20:01:26 UTC) (F:\CSRetake\csgo_server\csgo\addons\sourcemod\configs\geoip\GeoLite2-City.mmdb)
L 12/19/2022 - 01:05:21: [GEOIP] GeoIP2 supported languages: de en es fr ja pt-BR ru zh-CN
L 12/19/2022 - 01:05:21: [GEOIP] Your database is older than 90 days. You should consider downloading a newer version from e.g. https://dev.maxmind.com/geoip/geolite2-free-geolocation-data
L 12/19/2022 - 01:07:22: SourceMod log file session started (file "F:\CSRetake\csgo_server\csgo\addons\sourcemod\logs\L20221219.log") (Version "1.11.0.6924")
L 12/19/2022 - 01:07:22: [GEOIP] GeoIP2 database loaded: GeoLite2-City (2019-12-17 20:01:26 UTC) (F:\CSRetake\csgo_server\csgo\addons\sourcemod\configs\geoip\GeoLite2-City.mmdb)
L 12/19/2022 - 01:07:22: [GEOIP] GeoIP2 supported languages: de en es fr ja pt-BR ru zh-CN
L 12/19/2022 - 01:07:22: [GEOIP] Your database is older than 90 days. You should consider downloading a newer version from e.g. https://dev.maxmind.com/geoip/geolite2-free-geolocation-data
L 12/19/2022 - 01:07:40: -------- Mapchange to de_dust2 --------
L 12/19/2022 - 01:07:42: [weapons.smx] SQLite DB connection successful
L 12/19/2022 - 01:07:42: [weapons.smx] Inactive players' data has been deleted
L 12/19/2022 - 01:07:43: [weapons.smx] SQLite DB connection successful
L 12/19/2022 - 01:07:43: [weapons.smx] SQLite DB connection successful
L 12/19/2022 - 01:07:43: [weapons.smx] Inactive players' data has been deleted
L 12/19/2022 - 01:07:43: [weapons.smx] Inactive players' data has been deleted
L 12/19/2022 - 01:15:15: SourceMod log file session started (file "F:\CSRetake\csgo_server\csgo\addons\sourcemod\logs\L20221219.log") (Version "1.11.0.6924")
L 12/19/2022 - 01:15:15: [GEOIP] GeoIP2 database loaded: GeoLite2-City (2019-12-17 20:01:26 UTC) (F:\CSRetake\csgo_server\csgo\addons\sourcemod\configs\geoip\GeoLite2-City.mmdb)
L 12/19/2022 - 01:15:15: [GEOIP] GeoIP2 supported languages: de en es fr ja pt-BR ru zh-CN
L 12/19/2022 - 01:15:15: [GEOIP] Your database is older than 90 days. You should consider downloading a newer version from e.g. https://dev.maxmind.com/geoip/geolite2-free-geolocation-data
L 12/19/2022 - 01:15:37: -------- Mapchange to de_dust2 --------
L 12/19/2022 - 01:15:39: [weapons.smx] SQLite DB connection successful
L 12/19/2022 - 01:15:39: [weapons.smx] Inactive players' data has been deleted
L 12/19/2022 - 01:20:16: SourceMod log file session started (file "F:\CSRetake\csgo_server\csgo\addons\sourcemod\logs\L20221219.log") (Version "1.11.0.6924")
L 12/19/2022 - 01:20:16: [GEOIP] GeoIP2 database loaded: GeoLite2-City (2019-12-17 20:01:26 UTC) (F:\CSRetake\csgo_server\csgo\addons\sourcemod\configs\geoip\GeoLite2-City.mmdb)
L 12/19/2022 - 01:20:16: [GEOIP] GeoIP2 supported languages: de en es fr ja pt-BR ru zh-CN
L 12/19/2022 - 01:20:16: [GEOIP] Your database is older than 90 days. You should consider downloading a newer version from e.g. https://dev.maxmind.com/geoip/geolite2-free-geolocation-data
L 12/19/2022 - 01:20:42: -------- Mapchange to de_dust2 --------
L 12/19/2022 - 01:20:43: [weapons.smx] SQLite DB connection successful
L 12/19/2022 - 01:20:43: [weapons.smx] Inactive players' data has been deleted
L 12/19/2022 - 01:20:44: [weapons.smx] SQLite DB connection successful
L 12/19/2022 - 01:20:44: [weapons.smx] SQLite DB connection successful
L 12/19/2022 - 01:20:44: [weapons.smx] Inactive players' data has been deleted
L 12/19/2022 - 01:20:44: [weapons.smx] Inactive players' data has been deleted
L 12/19/2022 - 02:19:02: SourceMod log file session started (file "F:\CSRetake\csgo_server\csgo\addons\sourcemod\logs\L20221219.log") (Version "1.11.0.6924")
L 12/19/2022 - 02:19:02: [GEOIP] GeoIP2 database loaded: GeoLite2-City (2019-12-17 20:01:26 UTC) (F:\CSRetake\csgo_server\csgo\addons\sourcemod\configs\geoip\GeoLite2-City.mmdb)
L 12/19/2022 - 02:19:02: [GEOIP] GeoIP2 supported languages: de en es fr ja pt-BR ru zh-CN
L 12/19/2022 - 02:19:02: [GEOIP] Your database is older than 90 days. You should consider downloading a newer version from e.g. https://dev.maxmind.com/geoip/geolite2-free-geolocation-data
L 12/19/2022 - 02:20:49: -------- Mapchange to de_dust2 --------
L 12/19/2022 - 02:20:51: [weapons.smx] SQLite DB connection successful
L 12/19/2022 - 02:20:51: [weapons.smx] Inactive players' data has been deleted
