L 07/29/2022 - 02:33:46: SourceMod log file session started (file "E:\retake\csgoserver\csgo\addons\sourcemod\logs\L20220729.log") (Version "1.12.0.6908")
L 07/29/2022 - 02:33:46: [GEOIP] GeoIP2 database loaded: GeoLite2-City (2019-12-17 20:01:26 UTC) (E:\retake\csgoserver\csgo\addons\sourcemod\configs\geoip\GeoLite2-City.mmdb)
L 07/29/2022 - 02:33:46: [GEOIP] GeoIP2 supported languages: de en es fr ja pt-BR ru zh-CN
L 07/29/2022 - 02:33:46: [GEOIP] Your database is older than 90 days. You should consider downloading a newer version from e.g. https://dev.maxmind.com/geoip/geolite2-free-geolocation-data
L 07/29/2022 - 02:34:27: -------- Mapchange to de_mirage --------
L 07/29/2022 - 02:34:28: [weapons.smx] SQLite DB connection successful
L 07/29/2022 - 02:34:29: [weapons.smx] Inactive players' data has been deleted
L 07/29/2022 - 02:34:29: [weapons.smx] SQLite DB connection successful
L 07/29/2022 - 02:34:29: [weapons.smx] SQLite DB connection successful
L 07/29/2022 - 02:34:29: [weapons.smx] Inactive players' data has been deleted
L 07/29/2022 - 02:34:29: [weapons.smx] Inactive players' data has been deleted
L 07/29/2022 - 02:36:49: SourceMod log file session started (file "E:\retake\csgoserver\csgo\addons\sourcemod\logs\L20220729.log") (Version "1.12.0.6908")
L 07/29/2022 - 02:36:49: [GEOIP] GeoIP2 database loaded: GeoLite2-City (2019-12-17 20:01:26 UTC) (E:\retake\csgoserver\csgo\addons\sourcemod\configs\geoip\GeoLite2-City.mmdb)
L 07/29/2022 - 02:36:49: [GEOIP] GeoIP2 supported languages: de en es fr ja pt-BR ru zh-CN
L 07/29/2022 - 02:36:49: [GEOIP] Your database is older than 90 days. You should consider downloading a newer version from e.g. https://dev.maxmind.com/geoip/geolite2-free-geolocation-data
L 07/29/2022 - 02:36:58: -------- Mapchange to de_mirage --------
L 07/29/2022 - 02:37:00: [weapons.smx] SQLite DB connection successful
L 07/29/2022 - 02:37:00: [weapons.smx] Inactive players' data has been deleted
L 07/29/2022 - 02:37:00: [weapons.smx] SQLite DB connection successful
L 07/29/2022 - 02:37:00: [weapons.smx] SQLite DB connection successful
L 07/29/2022 - 02:37:00: [weapons.smx] Inactive players' data has been deleted
L 07/29/2022 - 02:37:00: [weapons.smx] Inactive players' data has been deleted
L 07/29/2022 - 02:53:06: SourceMod log file session started (file "E:\retake\csgoserver\csgo\addons\sourcemod\logs\L20220729.log") (Version "1.12.0.6908")
L 07/29/2022 - 02:53:06: [GEOIP] GeoIP2 database loaded: GeoLite2-City (2019-12-17 20:01:26 UTC) (E:\retake\csgoserver\csgo\addons\sourcemod\configs\geoip\GeoLite2-City.mmdb)
L 07/29/2022 - 02:53:06: [GEOIP] GeoIP2 supported languages: de en es fr ja pt-BR ru zh-CN
L 07/29/2022 - 02:53:06: [GEOIP] Your database is older than 90 days. You should consider downloading a newer version from e.g. https://dev.maxmind.com/geoip/geolite2-free-geolocation-data
L 07/29/2022 - 02:54:30: -------- Mapchange to de_mirage --------
L 07/29/2022 - 02:54:32: [weapons.smx] SQLite DB connection successful
L 07/29/2022 - 02:54:32: [weapons.smx] Inactive players' data has been deleted
L 07/29/2022 - 02:54:33: [weapons.smx] SQLite DB connection successful
L 07/29/2022 - 02:54:33: [weapons.smx] SQLite DB connection successful
L 07/29/2022 - 02:54:33: [weapons.smx] Inactive players' data has been deleted
L 07/29/2022 - 02:54:33: [weapons.smx] Inactive players' data has been deleted
