L 02/12/2021 - 19:49:57: SourceMod log file session started (file "C:\ESLSERVER\csgoserver\csgo\addons\sourcemod\logs\L20210212.log") (Version "1.10.0.6502")
L 02/12/2021 - 19:49:57: -------- Mapchange to de_dust2 --------
L 02/12/2021 - 19:49:59: [weapons.smx] SQLite DB connection successful
L 02/12/2021 - 19:49:59: [weapons.smx] Inactive players' data has been deleted
L 02/12/2021 - 19:56:07: SourceMod log file session started (file "C:\ESLSERVER\csgoserver\csgo\addons\sourcemod\logs\L20210212.log") (Version "1.10.0.6502")
L 02/12/2021 - 19:56:07: -------- Mapchange to de_dust2 --------
L 02/12/2021 - 19:56:09: [weapons.smx] Inactive players' data has been deleted
L 02/12/2021 - 19:56:09: [weapons.smx] SQLite DB connection successful
L 02/12/2021 - 19:56:09: [weapons.smx] Inactive players' data has been deleted
L 02/12/2021 - 20:05:42: -------- Mapchange to de_dust2 --------
L 02/12/2021 - 20:05:43: [weapons.smx] Inactive players' data has been deleted
L 02/12/2021 - 20:08:11: SourceMod log file session started (file "C:\ESLSERVER\csgoserver\csgo\addons\sourcemod\logs\L20210212.log") (Version "1.10.0.6502")
L 02/12/2021 - 20:08:11: -------- Mapchange to de_dust2 --------
L 02/12/2021 - 20:08:13: [weapons.smx] SQLite DB connection successful
L 02/12/2021 - 20:08:13: [weapons.smx] Inactive players' data has been deleted
L 02/12/2021 - 20:13:49: SourceMod log file session started (file "C:\ESLSERVER\csgoserver\csgo\addons\sourcemod\logs\L20210212.log") (Version "1.10.0.6502")
L 02/12/2021 - 20:13:49: -------- Mapchange to de_dust2 --------
L 02/12/2021 - 20:13:50: [weapons.smx] Inactive players' data has been deleted
L 02/12/2021 - 20:13:51: [weapons.smx] SQLite DB connection successful
L 02/12/2021 - 20:13:51: [weapons.smx] Inactive players' data has been deleted
L 02/12/2021 - 23:25:01: SourceMod log file session started (file "C:\ESLSERVER\csgoserver\csgo\addons\sourcemod\logs\L20210212.log") (Version "1.10.0.6502")
L 02/12/2021 - 23:25:01: -------- Mapchange to de_dust2 --------
L 02/12/2021 - 23:25:02: [weapons.smx] Inactive players' data has been deleted
L 02/12/2021 - 23:25:03: [weapons.smx] SQLite DB connection successful
L 02/12/2021 - 23:25:03: [weapons.smx] Inactive players' data has been deleted
L 02/12/2021 - 23:25:45: -------- Mapchange to de_cache --------
L 02/12/2021 - 23:25:46: [weapons.smx] Inactive players' data has been deleted
