L 08/11/2021 - 23:30:30: SourceMod log file session started (file "E:\retake\csgoserver\csgo\addons\sourcemod\logs\L20210811.log") (Version "1.11.0.6713")
L 08/11/2021 - 23:30:30: [GEOIP] GeoIP2 database loaded: GeoLite2-City (2019-12-17 20:01:26 UTC)
L 08/11/2021 - 23:30:30: [GEOIP] GeoIP2 supported languages: de en es fr ja pt-BR ru zh-CN
L 08/11/2021 - 23:32:49: SourceMod log file session started (file "E:\retake\csgoserver\csgo\addons\sourcemod\logs\L20210811.log") (Version "1.11.0.6713")
L 08/11/2021 - 23:32:49: [GEOIP] GeoIP2 database loaded: GeoLite2-City (2019-12-17 20:01:26 UTC)
L 08/11/2021 - 23:32:49: [GEOIP] GeoIP2 supported languages: de en es fr ja pt-BR ru zh-CN
L 08/11/2021 - 23:34:27: -------- Mapchange to de_dust2 --------
L 08/11/2021 - 23:34:31: [weapons.smx] SQLite DB connection successful
L 08/11/2021 - 23:34:31: [weapons.smx] Inactive players' data has been deleted
L 08/11/2021 - 23:44:24: SourceMod log file session started (file "E:\retake\csgoserver\csgo\addons\sourcemod\logs\L20210811.log") (Version "1.11.0.6713")
L 08/11/2021 - 23:44:24: [GEOIP] GeoIP2 database loaded: GeoLite2-City (2019-12-17 20:01:26 UTC)
L 08/11/2021 - 23:44:24: [GEOIP] GeoIP2 supported languages: de en es fr ja pt-BR ru zh-CN
L 08/11/2021 - 23:44:41: -------- Mapchange to de_dust2 --------
L 08/11/2021 - 23:44:43: [weapons.smx] SQLite DB connection successful
L 08/11/2021 - 23:44:43: [weapons.smx] Inactive players' data has been deleted
L 08/11/2021 - 23:44:43: [weapons.smx] SQLite DB connection successful
L 08/11/2021 - 23:44:43: [weapons.smx] SQLite DB connection successful
L 08/11/2021 - 23:44:43: [weapons.smx] Inactive players' data has been deleted
L 08/11/2021 - 23:44:43: [weapons.smx] Inactive players' data has been deleted
L 08/11/2021 - 23:55:52: -------- Mapchange to de_mirage --------
L 08/11/2021 - 23:55:56: [weapons.smx] Inactive players' data has been deleted
L 08/12/2021 - 00:00:23: Log file closed.
